      0.00       0.00 	 P'P'ab 	 depth
     20.00      -4.4286    2568.55 	     P'P'ab 
     25.00      -4.4185    2546.44 	     P'P'ab 
     30.00      -4.4041    2524.38 	     P'P'ab 
     35.00      -4.3844    2502.40 	     P'P'ab 
     40.00      -4.3581    2480.54 	     P'P'ab 
     45.00      -4.3232    2458.84 	     P'P'ab 
     50.00      -4.2771    2437.33 	     P'P'ab 
     55.00      -4.2150    2416.09 	     P'P'ab 
     60.00      -4.1284    2395.22 	     P'P'ab 
     65.00      -3.9956    2374.88 	     P'P'ab 
     70.00      -3.7129    2355.48 	     P'P'ab 
     10.00      10.00 	 P'P'ab 	 depth
     20.00      -4.4286    2566.88 	     P'P'ab 
     25.00      -4.4186    2544.76 	     P'P'ab 
     30.00      -4.4042    2522.70 	     P'P'ab 
     35.00      -4.3845    2500.72 	     P'P'ab 
     40.00      -4.3582    2478.86 	     P'P'ab 
     45.00      -4.3234    2457.16 	     P'P'ab 
     50.00      -4.2773    2435.65 	     P'P'ab 
     55.00      -4.2153    2414.41 	     P'P'ab 
     60.00      -4.1288    2393.54 	     P'P'ab 
     65.00      -3.9963    2373.20 	     P'P'ab 
     70.00      -3.7150    2353.78 	     P'P'ab 
     20.00      20.00 	 P'P'ab 	 depth
     20.00      -4.4286    2565.20 	     P'P'ab 
     25.00      -4.4186    2543.08 	     P'P'ab 
     30.00      -4.4043    2521.02 	     P'P'ab 
     35.00      -4.3846    2499.05 	     P'P'ab 
     40.00      -4.3583    2477.19 	     P'P'ab 
     45.00      -4.3236    2455.48 	     P'P'ab 
     50.00      -4.2775    2433.97 	     P'P'ab 
     55.00      -4.2156    2412.73 	     P'P'ab 
     60.00      -4.1292    2391.85 	     P'P'ab 
     65.00      -3.9969    2371.51 	     P'P'ab 
     70.00      -3.7170    2352.09 	     P'P'ab 
     30.00      30.00 	 P'P'ab 	 depth
     20.00      -4.4287    2563.71 	     P'P'ab 
     25.00      -4.4187    2541.59 	     P'P'ab 
     30.00      -4.4044    2519.53 	     P'P'ab 
     35.00      -4.3847    2497.56 	     P'P'ab 
     40.00      -4.3585    2475.70 	     P'P'ab 
     45.00      -4.3237    2453.99 	     P'P'ab 
     50.00      -4.2778    2432.48 	     P'P'ab 
     55.00      -4.2159    2411.24 	     P'P'ab 
     60.00      -4.1297    2390.36 	     P'P'ab 
     65.00      -3.9977    2370.01 	     P'P'ab 
     70.00      -3.7193    2350.59 	     P'P'ab 
     40.00      40.00 	 P'P'ab 	 depth
     20.00      -4.4287    2562.38 	     P'P'ab 
     25.00      -4.4188    2540.26 	     P'P'ab 
     30.00      -4.4045    2518.20 	     P'P'ab 
     35.00      -4.3849    2496.23 	     P'P'ab 
     40.00      -4.3586    2474.36 	     P'P'ab 
     45.00      -4.3240    2452.65 	     P'P'ab 
     50.00      -4.2781    2431.14 	     P'P'ab 
     55.00      -4.2163    2409.90 	     P'P'ab 
     60.00      -4.1302    2389.02 	     P'P'ab 
     65.00      -3.9985    2368.67 	     P'P'ab 
     70.00      -3.7218    2349.24 	     P'P'ab 
     50.00      50.00 	 P'P'ab 	 depth
     20.00      -4.4288    2561.21 	     P'P'ab 
     25.00      -4.4188    2539.08 	     P'P'ab 
     30.00      -4.4046    2517.02 	     P'P'ab 
     35.00      -4.3850    2495.05 	     P'P'ab 
     40.00      -4.3588    2473.19 	     P'P'ab 
     45.00      -4.3242    2451.47 	     P'P'ab 
     50.00      -4.2784    2429.96 	     P'P'ab 
     55.00      -4.2167    2408.72 	     P'P'ab 
     60.00      -4.1308    2387.83 	     P'P'ab 
     65.00      -3.9994    2367.48 	     P'P'ab 
     70.00      -3.7246    2348.04 	     P'P'ab 
     60.00      60.00 	 P'P'ab 	 depth
     20.00      -4.4288    2560.03 	     P'P'ab 
     25.00      -4.4189    2537.91 	     P'P'ab 
     30.00      -4.4047    2515.85 	     P'P'ab 
     35.00      -4.3851    2493.87 	     P'P'ab 
     40.00      -4.3590    2472.01 	     P'P'ab 
     45.00      -4.3244    2450.29 	     P'P'ab 
     50.00      -4.2787    2428.78 	     P'P'ab 
     55.00      -4.2171    2407.53 	     P'P'ab 
     60.00      -4.1314    2386.65 	     P'P'ab 
     65.00      -4.0004    2366.29 	     P'P'ab 
     70.00      -3.7274    2346.85 	     P'P'ab 
     70.00      70.00 	 P'P'ab 	 depth
     20.00      -4.4289    2558.85 	     P'P'ab 
     25.00      -4.4190    2536.73 	     P'P'ab 
     30.00      -4.4048    2514.67 	     P'P'ab 
     35.00      -4.3853    2492.69 	     P'P'ab 
     40.00      -4.3592    2470.83 	     P'P'ab 
     45.00      -4.3247    2449.11 	     P'P'ab 
     50.00      -4.2790    2427.60 	     P'P'ab 
     55.00      -4.2176    2406.35 	     P'P'ab 
     60.00      -4.1320    2385.46 	     P'P'ab 
     65.00      -4.0013    2365.10 	     P'P'ab 
     70.00      -3.7302    2345.65 	     P'P'ab 
     80.00      80.00 	 P'P'ab 	 depth
     20.00      -4.4289    2557.68 	     P'P'ab 
     25.00      -4.4191    2535.56 	     P'P'ab 
     30.00      -4.4049    2513.49 	     P'P'ab 
     35.00      -4.3854    2491.52 	     P'P'ab 
     40.00      -4.3594    2469.65 	     P'P'ab 
     45.00      -4.3249    2447.94 	     P'P'ab 
     50.00      -4.2793    2426.42 	     P'P'ab 
     55.00      -4.2180    2405.17 	     P'P'ab 
     60.00      -4.1326    2384.28 	     P'P'ab 
     65.00      -4.0022    2363.92 	     P'P'ab 
     70.00      -3.7329    2344.46 	     P'P'ab 
     90.00      90.00 	 P'P'ab 	 depth
     20.00      -4.4290    2556.50 	     P'P'ab 
     25.00      -4.4191    2534.38 	     P'P'ab 
     30.00      -4.4050    2512.32 	     P'P'ab 
     35.00      -4.3855    2490.34 	     P'P'ab 
     40.00      -4.3596    2468.47 	     P'P'ab 
     45.00      -4.3252    2446.76 	     P'P'ab 
     50.00      -4.2796    2425.24 	     P'P'ab 
     55.00      -4.2184    2403.99 	     P'P'ab 
     60.00      -4.1332    2383.09 	     P'P'ab 
     65.00      -4.0032    2362.73 	     P'P'ab 
     70.00      -3.7356    2343.26 	     P'P'ab 
    100.00     100.00 	 P'P'ab 	 depth
     20.00      -4.4290    2555.33 	     P'P'ab 
     25.00      -4.4192    2533.20 	     P'P'ab 
     30.00      -4.4051    2511.14 	     P'P'ab 
     35.00      -4.3857    2489.16 	     P'P'ab 
     40.00      -4.3597    2467.30 	     P'P'ab 
     45.00      -4.3254    2445.58 	     P'P'ab 
     50.00      -4.2799    2424.06 	     P'P'ab 
     55.00      -4.2188    2402.80 	     P'P'ab 
     60.00      -4.1338    2381.91 	     P'P'ab 
     65.00      -4.0041    2361.54 	     P'P'ab 
     70.00      -3.7382    2342.07 	     P'P'ab 
    110.00     110.00 	 P'P'ab 	 depth
     20.00      -4.4291    2554.15 	     P'P'ab 
     25.00      -4.4193    2532.03 	     P'P'ab 
     30.00      -4.4052    2509.97 	     P'P'ab 
     35.00      -4.3858    2487.99 	     P'P'ab 
     40.00      -4.3599    2466.12 	     P'P'ab 
     45.00      -4.3256    2444.40 	     P'P'ab 
     50.00      -4.2803    2422.88 	     P'P'ab 
     55.00      -4.2193    2401.62 	     P'P'ab 
     60.00      -4.1344    2380.73 	     P'P'ab 
     65.00      -4.0051    2360.35 	     P'P'ab 
     70.00      -3.7409    2340.87 	     P'P'ab 
    120.00     120.00 	 P'P'ab 	 depth
     20.00      -4.4291    2552.98 	     P'P'ab 
     25.00      -4.4194    2530.85 	     P'P'ab 
     30.00      -4.4053    2508.79 	     P'P'ab 
     35.00      -4.3860    2486.81 	     P'P'ab 
     40.00      -4.3601    2464.94 	     P'P'ab 
     45.00      -4.3259    2443.22 	     P'P'ab 
     50.00      -4.2806    2421.70 	     P'P'ab 
     55.00      -4.2197    2400.44 	     P'P'ab 
     60.00      -4.1350    2379.54 	     P'P'ab 
     65.00      -4.0060    2359.17 	     P'P'ab 
     70.00      -3.7435    2339.68 	     P'P'ab 
    130.00     130.00 	 P'P'ab 	 depth
     20.00      -4.4292    2551.81 	     P'P'ab 
     25.00      -4.4194    2529.68 	     P'P'ab 
     30.00      -4.4054    2507.62 	     P'P'ab 
     35.00      -4.3861    2485.64 	     P'P'ab 
     40.00      -4.3603    2463.77 	     P'P'ab 
     45.00      -4.3261    2442.05 	     P'P'ab 
     50.00      -4.2809    2420.53 	     P'P'ab 
     55.00      -4.2201    2399.26 	     P'P'ab 
     60.00      -4.1356    2378.36 	     P'P'ab 
     65.00      -4.0069    2357.98 	     P'P'ab 
     70.00      -3.7461    2338.49 	     P'P'ab 
    140.00     140.00 	 P'P'ab 	 depth
     20.00      -4.4292    2550.64 	     P'P'ab 
     25.00      -4.4195    2528.52 	     P'P'ab 
     30.00      -4.4055    2506.45 	     P'P'ab 
     35.00      -4.3862    2484.47 	     P'P'ab 
     40.00      -4.3605    2462.60 	     P'P'ab 
     45.00      -4.3264    2440.88 	     P'P'ab 
     50.00      -4.2812    2419.35 	     P'P'ab 
     55.00      -4.2205    2398.09 	     P'P'ab 
     60.00      -4.1362    2377.19 	     P'P'ab 
     65.00      -4.0079    2356.80 	     P'P'ab 
     70.00      -3.7487    2337.30 	     P'P'ab 
    150.00     150.00 	 P'P'ab 	 depth
     20.00      -4.4293    2549.48 	     P'P'ab 
     25.00      -4.4196    2527.35 	     P'P'ab 
     30.00      -4.4056    2505.29 	     P'P'ab 
     35.00      -4.3864    2483.31 	     P'P'ab 
     40.00      -4.3607    2461.43 	     P'P'ab 
     45.00      -4.3266    2439.71 	     P'P'ab 
     50.00      -4.2815    2418.19 	     P'P'ab 
     55.00      -4.2210    2396.92 	     P'P'ab 
     60.00      -4.1368    2376.02 	     P'P'ab 
     65.00      -4.0088    2355.63 	     P'P'ab 
     70.00      -3.7512    2336.12 	     P'P'ab 
    160.00     160.00 	 P'P'ab 	 depth
     20.00      -4.4293    2548.32 	     P'P'ab 
     25.00      -4.4197    2526.19 	     P'P'ab 
     30.00      -4.4057    2504.13 	     P'P'ab 
     35.00      -4.3865    2482.15 	     P'P'ab 
     40.00      -4.3609    2460.27 	     P'P'ab 
     45.00      -4.3269    2438.55 	     P'P'ab 
     50.00      -4.2819    2417.02 	     P'P'ab 
     55.00      -4.2214    2395.76 	     P'P'ab 
     60.00      -4.1374    2374.85 	     P'P'ab 
     65.00      -4.0098    2354.46 	     P'P'ab 
     70.00      -3.7538    2334.94 	     P'P'ab 
    170.00     170.00 	 P'P'ab 	 depth
     20.00      -4.4294    2547.17 	     P'P'ab 
     25.00      -4.4197    2525.04 	     P'P'ab 
     30.00      -4.4058    2502.98 	     P'P'ab 
     35.00      -4.3867    2480.99 	     P'P'ab 
     40.00      -4.3610    2459.12 	     P'P'ab 
     45.00      -4.3271    2437.40 	     P'P'ab 
     50.00      -4.2822    2415.87 	     P'P'ab 
     55.00      -4.2218    2394.60 	     P'P'ab 
     60.00      -4.1380    2373.69 	     P'P'ab 
     65.00      -4.0107    2353.29 	     P'P'ab 
     70.00      -3.7563    2333.77 	     P'P'ab 
    180.00     180.00 	 P'P'ab 	 depth
     20.00      -4.4294    2546.02 	     P'P'ab 
     25.00      -4.4198    2523.89 	     P'P'ab 
     30.00      -4.4059    2501.83 	     P'P'ab 
     35.00      -4.3868    2479.84 	     P'P'ab 
     40.00      -4.3612    2457.97 	     P'P'ab 
     45.00      -4.3274    2436.24 	     P'P'ab 
     50.00      -4.2825    2414.71 	     P'P'ab 
     55.00      -4.2223    2393.44 	     P'P'ab 
     60.00      -4.1386    2372.53 	     P'P'ab 
     65.00      -4.0117    2352.13 	     P'P'ab 
     70.00      -3.7589    2332.60 	     P'P'ab 
    190.00     190.00 	 P'P'ab 	 depth
     20.00      -4.4295    2544.87 	     P'P'ab 
     25.00      -4.4199    2522.75 	     P'P'ab 
     30.00      -4.4060    2500.68 	     P'P'ab 
     35.00      -4.3870    2478.70 	     P'P'ab 
     40.00      -4.3614    2456.82 	     P'P'ab 
     45.00      -4.3276    2435.10 	     P'P'ab 
     50.00      -4.2828    2413.57 	     P'P'ab 
     55.00      -4.2227    2392.29 	     P'P'ab 
     60.00      -4.1392    2371.38 	     P'P'ab 
     65.00      -4.0127    2350.97 	     P'P'ab 
     70.00      -3.7614    2331.43 	     P'P'ab 
    200.00     200.00 	 P'P'ab 	 depth
     20.00      -4.4295    2543.73 	     P'P'ab 
     25.00      -4.4200    2521.61 	     P'P'ab 
     30.00      -4.4061    2499.54 	     P'P'ab 
     35.00      -4.3871    2477.56 	     P'P'ab 
     40.00      -4.3616    2455.68 	     P'P'ab 
     45.00      -4.3279    2433.95 	     P'P'ab 
     50.00      -4.2832    2412.42 	     P'P'ab 
     55.00      -4.2232    2391.15 	     P'P'ab 
     60.00      -4.1398    2370.23 	     P'P'ab 
     65.00      -4.0136    2349.82 	     P'P'ab 
     70.00      -3.7639    2330.27 	     P'P'ab 
    210.00     210.00 	 P'P'ab 	 depth
     20.00      -4.4296    2542.60 	     P'P'ab 
     25.00      -4.4200    2520.47 	     P'P'ab 
     30.00      -4.4062    2498.41 	     P'P'ab 
     35.00      -4.3873    2476.42 	     P'P'ab 
     40.00      -4.3618    2454.54 	     P'P'ab 
     45.00      -4.3281    2432.82 	     P'P'ab 
     50.00      -4.2835    2411.28 	     P'P'ab 
     55.00      -4.2236    2390.01 	     P'P'ab 
     60.00      -4.1405    2369.08 	     P'P'ab 
     65.00      -4.0146    2348.67 	     P'P'ab 
     70.00      -3.7664    2329.12 	     P'P'ab 
    220.00     220.00 	 P'P'ab 	 depth
     20.00      -4.4296    2541.47 	     P'P'ab 
     25.00      -4.4201    2519.34 	     P'P'ab 
     30.00      -4.4064    2497.28 	     P'P'ab 
     35.00      -4.3874    2475.29 	     P'P'ab 
     40.00      -4.3620    2453.41 	     P'P'ab 
     45.00      -4.3284    2431.68 	     P'P'ab 
     50.00      -4.2838    2410.15 	     P'P'ab 
     55.00      -4.2241    2388.87 	     P'P'ab 
     60.00      -4.1411    2367.95 	     P'P'ab 
     65.00      -4.0156    2347.53 	     P'P'ab 
     70.00      -3.7689    2327.97 	     P'P'ab 
    230.00     230.00 	 P'P'ab 	 depth
     20.00      -4.4297    2540.35 	     P'P'ab 
     25.00      -4.4202    2518.22 	     P'P'ab 
     30.00      -4.4065    2496.15 	     P'P'ab 
     35.00      -4.3876    2474.17 	     P'P'ab 
     40.00      -4.3622    2452.29 	     P'P'ab 
     45.00      -4.3286    2430.56 	     P'P'ab 
     50.00      -4.2842    2409.02 	     P'P'ab 
     55.00      -4.2245    2387.74 	     P'P'ab 
     60.00      -4.1417    2366.81 	     P'P'ab 
     65.00      -4.0166    2346.39 	     P'P'ab 
     70.00      -3.7714    2326.82 	     P'P'ab 
    240.00     240.00 	 P'P'ab 	 depth
     20.00      -4.4297    2539.23 	     P'P'ab 
     25.00      -4.4203    2517.10 	     P'P'ab 
     30.00      -4.4066    2495.03 	     P'P'ab 
     35.00      -4.3877    2473.05 	     P'P'ab 
     40.00      -4.3624    2451.17 	     P'P'ab 
     45.00      -4.3289    2429.44 	     P'P'ab 
     50.00      -4.2845    2407.90 	     P'P'ab 
     55.00      -4.2250    2386.62 	     P'P'ab 
     60.00      -4.1423    2365.69 	     P'P'ab 
     65.00      -4.0176    2345.26 	     P'P'ab 
     70.00      -3.7739    2325.69 	     P'P'ab 
    250.00     250.00 	 P'P'ab 	 depth
     20.00      -4.4298    2538.12 	     P'P'ab 
     25.00      -4.4204    2515.99 	     P'P'ab 
     30.00      -4.4067    2493.92 	     P'P'ab 
     35.00      -4.3879    2471.93 	     P'P'ab 
     40.00      -4.3626    2450.05 	     P'P'ab 
     45.00      -4.3291    2428.32 	     P'P'ab 
     50.00      -4.2849    2406.78 	     P'P'ab 
     55.00      -4.2254    2385.50 	     P'P'ab 
     60.00      -4.1430    2364.56 	     P'P'ab 
     65.00      -4.0186    2344.14 	     P'P'ab 
     70.00      -3.7763    2324.55 	     P'P'ab 
    260.00     260.00 	 P'P'ab 	 depth
     20.00      -4.4298    2537.01 	     P'P'ab 
     25.00      -4.4204    2514.88 	     P'P'ab 
     30.00      -4.4068    2492.81 	     P'P'ab 
     35.00      -4.3880    2470.82 	     P'P'ab 
     40.00      -4.3628    2448.95 	     P'P'ab 
     45.00      -4.3294    2427.21 	     P'P'ab 
     50.00      -4.2852    2405.67 	     P'P'ab 
     55.00      -4.2259    2384.38 	     P'P'ab 
     60.00      -4.1436    2363.45 	     P'P'ab 
     65.00      -4.0196    2343.02 	     P'P'ab 
     70.00      -3.7788    2323.43 	     P'P'ab 
    270.00     270.00 	 P'P'ab 	 depth
     20.00      -4.4299    2535.91 	     P'P'ab 
     25.00      -4.4205    2513.78 	     P'P'ab 
     30.00      -4.4069    2491.71 	     P'P'ab 
     35.00      -4.3882    2469.72 	     P'P'ab 
     40.00      -4.3630    2447.84 	     P'P'ab 
     45.00      -4.3297    2426.11 	     P'P'ab 
     50.00      -4.2856    2404.56 	     P'P'ab 
     55.00      -4.2263    2383.28 	     P'P'ab 
     60.00      -4.1443    2362.34 	     P'P'ab 
     65.00      -4.0206    2341.90 	     P'P'ab 
     70.00      -3.7812    2322.30 	     P'P'ab 
    280.00     280.00 	 P'P'ab 	 depth
     20.00      -4.4299    2534.82 	     P'P'ab 
     25.00      -4.4206    2512.69 	     P'P'ab 
     30.00      -4.4070    2490.62 	     P'P'ab 
     35.00      -4.3883    2468.63 	     P'P'ab 
     40.00      -4.3632    2446.74 	     P'P'ab 
     45.00      -4.3299    2425.01 	     P'P'ab 
     50.00      -4.2859    2403.46 	     P'P'ab 
     55.00      -4.2268    2382.17 	     P'P'ab 
     60.00      -4.1449    2361.23 	     P'P'ab 
     65.00      -4.0216    2340.79 	     P'P'ab 
     70.00      -3.7837    2321.19 	     P'P'ab 
    290.00     290.00 	 P'P'ab 	 depth
     20.00      -4.4300    2533.73 	     P'P'ab 
     25.00      -4.4207    2511.60 	     P'P'ab 
     30.00      -4.4071    2489.53 	     P'P'ab 
     35.00      -4.3885    2467.54 	     P'P'ab 
     40.00      -4.3634    2445.65 	     P'P'ab 
     45.00      -4.3302    2423.92 	     P'P'ab 
     50.00      -4.2863    2402.37 	     P'P'ab 
     55.00      -4.2273    2381.08 	     P'P'ab 
     60.00      -4.1456    2360.13 	     P'P'ab 
     65.00      -4.0226    2339.69 	     P'P'ab 
     70.00      -3.7861    2320.08 	     P'P'ab 
    300.00     300.00 	 P'P'ab 	 depth
     20.00      -4.4300    2532.64 	     P'P'ab 
     25.00      -4.4208    2510.51 	     P'P'ab 
     30.00      -4.4073    2488.44 	     P'P'ab 
     35.00      -4.3886    2466.45 	     P'P'ab 
     40.00      -4.3636    2444.57 	     P'P'ab 
     45.00      -4.3305    2422.83 	     P'P'ab 
     50.00      -4.2866    2401.28 	     P'P'ab 
     55.00      -4.2278    2379.99 	     P'P'ab 
     60.00      -4.1462    2359.04 	     P'P'ab 
     65.00      -4.0236    2338.59 	     P'P'ab 
     70.00      -3.7886    2318.97 	     P'P'ab 
    310.00     310.00 	 P'P'ab 	 depth
     20.00      -4.4301    2531.57 	     P'P'ab 
     25.00      -4.4208    2509.44 	     P'P'ab 
     30.00      -4.4074    2487.36 	     P'P'ab 
     35.00      -4.3888    2465.37 	     P'P'ab 
     40.00      -4.3638    2443.49 	     P'P'ab 
     45.00      -4.3307    2421.75 	     P'P'ab 
     50.00      -4.2870    2400.20 	     P'P'ab 
     55.00      -4.2282    2378.90 	     P'P'ab 
     60.00      -4.1469    2357.95 	     P'P'ab 
     65.00      -4.0246    2337.50 	     P'P'ab 
     70.00      -3.7910    2317.87 	     P'P'ab 
    320.00     320.00 	 P'P'ab 	 depth
     20.00      -4.4301    2530.49 	     P'P'ab 
     25.00      -4.4209    2508.36 	     P'P'ab 
     30.00      -4.4075    2486.29 	     P'P'ab 
     35.00      -4.3889    2464.30 	     P'P'ab 
     40.00      -4.3640    2442.41 	     P'P'ab 
     45.00      -4.3310    2420.67 	     P'P'ab 
     50.00      -4.2873    2399.12 	     P'P'ab 
     55.00      -4.2287    2377.82 	     P'P'ab 
     60.00      -4.1476    2356.87 	     P'P'ab 
     65.00      -4.0257    2336.41 	     P'P'ab 
     70.00      -3.7934    2316.78 	     P'P'ab 
    330.00     330.00 	 P'P'ab 	 depth
     20.00      -4.4302    2529.43 	     P'P'ab 
     25.00      -4.4210    2507.30 	     P'P'ab 
     30.00      -4.4076    2485.22 	     P'P'ab 
     35.00      -4.3891    2463.23 	     P'P'ab 
     40.00      -4.3642    2441.34 	     P'P'ab 
     45.00      -4.3313    2419.60 	     P'P'ab 
     50.00      -4.2877    2398.05 	     P'P'ab 
     55.00      -4.2292    2376.75 	     P'P'ab 
     60.00      -4.1482    2355.79 	     P'P'ab 
     65.00      -4.0267    2335.33 	     P'P'ab 
     70.00      -3.7959    2315.69 	     P'P'ab 
    340.00     340.00 	 P'P'ab 	 depth
     20.00      -4.4303    2528.36 	     P'P'ab 
     25.00      -4.4211    2506.23 	     P'P'ab 
     30.00      -4.4077    2484.16 	     P'P'ab 
     35.00      -4.3893    2462.16 	     P'P'ab 
     40.00      -4.3644    2440.28 	     P'P'ab 
     45.00      -4.3316    2418.53 	     P'P'ab 
     50.00      -4.2880    2396.98 	     P'P'ab 
     55.00      -4.2297    2375.68 	     P'P'ab 
     60.00      -4.1489    2354.72 	     P'P'ab 
     65.00      -4.0277    2334.25 	     P'P'ab 
     70.00      -3.7983    2314.61 	     P'P'ab 
    350.00     350.00 	 P'P'ab 	 depth
     20.00      -4.4303    2527.31 	     P'P'ab 
     25.00      -4.4212    2505.18 	     P'P'ab 
     30.00      -4.4078    2483.10 	     P'P'ab 
     35.00      -4.3894    2461.11 	     P'P'ab 
     40.00      -4.3647    2439.22 	     P'P'ab 
     45.00      -4.3318    2417.47 	     P'P'ab 
     50.00      -4.2884    2395.92 	     P'P'ab 
     55.00      -4.2302    2374.61 	     P'P'ab 
     60.00      -4.1496    2353.65 	     P'P'ab 
     65.00      -4.0288    2333.18 	     P'P'ab 
     70.00      -3.8007    2313.53 	     P'P'ab 
    360.00     360.00 	 P'P'ab 	 depth
     20.00      -4.4304    2526.26 	     P'P'ab 
     25.00      -4.4213    2504.13 	     P'P'ab 
     30.00      -4.4080    2482.05 	     P'P'ab 
     35.00      -4.3896    2460.05 	     P'P'ab 
     40.00      -4.3649    2438.16 	     P'P'ab 
     45.00      -4.3321    2416.42 	     P'P'ab 
     50.00      -4.2888    2394.86 	     P'P'ab 
     55.00      -4.2307    2373.56 	     P'P'ab 
     60.00      -4.1503    2352.59 	     P'P'ab 
     65.00      -4.0298    2332.12 	     P'P'ab 
     70.00      -3.8031    2312.45 	     P'P'ab 
    370.00     370.00 	 P'P'ab 	 depth
     20.00      -4.4304    2525.21 	     P'P'ab 
     25.00      -4.4213    2503.08 	     P'P'ab 
     30.00      -4.4081    2481.00 	     P'P'ab 
     35.00      -4.3897    2459.01 	     P'P'ab 
     40.00      -4.3651    2437.12 	     P'P'ab 
     45.00      -4.3324    2415.37 	     P'P'ab 
     50.00      -4.2892    2393.81 	     P'P'ab 
     55.00      -4.2311    2372.50 	     P'P'ab 
     60.00      -4.1509    2351.54 	     P'P'ab 
     65.00      -4.0309    2331.06 	     P'P'ab 
     70.00      -3.8055    2311.39 	     P'P'ab 
    380.00     380.00 	 P'P'ab 	 depth
     20.00      -4.4305    2524.17 	     P'P'ab 
     25.00      -4.4214    2502.04 	     P'P'ab 
     30.00      -4.4082    2479.96 	     P'P'ab 
     35.00      -4.3899    2457.96 	     P'P'ab 
     40.00      -4.3653    2436.07 	     P'P'ab 
     45.00      -4.3327    2414.32 	     P'P'ab 
     50.00      -4.2895    2392.76 	     P'P'ab 
     55.00      -4.2316    2371.45 	     P'P'ab 
     60.00      -4.1516    2350.48 	     P'P'ab 
     65.00      -4.0320    2330.00 	     P'P'ab 
     70.00      -3.8079    2310.32 	     P'P'ab 
    390.00     390.00 	 P'P'ab 	 depth
     20.00      -4.4305    2523.13 	     P'P'ab 
     25.00      -4.4215    2501.00 	     P'P'ab 
     30.00      -4.4083    2478.93 	     P'P'ab 
     35.00      -4.3901    2456.93 	     P'P'ab 
     40.00      -4.3655    2435.04 	     P'P'ab 
     45.00      -4.3330    2413.29 	     P'P'ab 
     50.00      -4.2899    2391.72 	     P'P'ab 
     55.00      -4.2321    2370.41 	     P'P'ab 
     60.00      -4.1523    2349.44 	     P'P'ab 
     65.00      -4.0330    2328.95 	     P'P'ab 
     70.00      -3.8103    2309.27 	     P'P'ab 
    400.00     400.00 	 P'P'ab 	 depth
     20.00      -4.4306    2522.10 	     P'P'ab 
     25.00      -4.4216    2499.97 	     P'P'ab 
     30.00      -4.4084    2477.90 	     P'P'ab 
     35.00      -4.3902    2455.90 	     P'P'ab 
     40.00      -4.3657    2434.00 	     P'P'ab 
     45.00      -4.3333    2412.25 	     P'P'ab 
     50.00      -4.2903    2390.69 	     P'P'ab 
     55.00      -4.2326    2369.37 	     P'P'ab 
     60.00      -4.1530    2348.40 	     P'P'ab 
     65.00      -4.0341    2327.91 	     P'P'ab 
     70.00      -3.8127    2308.21 	     P'P'ab 
    410.00     410.00 	 P'P'ab 	 depth
     20.00      -4.4307    2521.08 	     P'P'ab 
     25.00      -4.4217    2498.95 	     P'P'ab 
     30.00      -4.4086    2476.87 	     P'P'ab 
     35.00      -4.3904    2454.87 	     P'P'ab 
     40.00      -4.3660    2432.98 	     P'P'ab 
     45.00      -4.3335    2411.22 	     P'P'ab 
     50.00      -4.2907    2389.66 	     P'P'ab 
     55.00      -4.2332    2368.34 	     P'P'ab 
     60.00      -4.1537    2347.36 	     P'P'ab 
     65.00      -4.0352    2326.87 	     P'P'ab 
     70.00      -3.8151    2307.17 	     P'P'ab 
    420.00     420.00 	 P'P'ab 	 depth
     20.00      -4.4307    2520.10 	     P'P'ab 
     25.00      -4.4218    2497.97 	     P'P'ab 
     30.00      -4.4087    2475.89 	     P'P'ab 
     35.00      -4.3906    2453.89 	     P'P'ab 
     40.00      -4.3662    2432.00 	     P'P'ab 
     45.00      -4.3339    2410.24 	     P'P'ab 
     50.00      -4.2911    2388.67 	     P'P'ab 
     55.00      -4.2337    2367.36 	     P'P'ab 
     60.00      -4.1545    2346.37 	     P'P'ab 
     65.00      -4.0363    2325.87 	     P'P'ab 
     70.00      -3.8176    2306.16 	     P'P'ab 
    430.00     430.00 	 P'P'ab 	 depth
     20.00      -4.4308    2519.13 	     P'P'ab 
     25.00      -4.4219    2497.00 	     P'P'ab 
     30.00      -4.4088    2474.92 	     P'P'ab 
     35.00      -4.3907    2452.92 	     P'P'ab 
     40.00      -4.3664    2431.02 	     P'P'ab 
     45.00      -4.3342    2409.26 	     P'P'ab 
     50.00      -4.2915    2387.70 	     P'P'ab 
     55.00      -4.2342    2366.37 	     P'P'ab 
     60.00      -4.1552    2345.39 	     P'P'ab 
     65.00      -4.0374    2324.89 	     P'P'ab 
     70.00      -3.8201    2305.17 	     P'P'ab 
    440.00     440.00 	 P'P'ab 	 depth
     20.00      -4.4308    2518.16 	     P'P'ab 
     25.00      -4.4220    2496.03 	     P'P'ab 
     30.00      -4.4090    2473.95 	     P'P'ab 
     35.00      -4.3909    2451.95 	     P'P'ab 
     40.00      -4.3667    2430.05 	     P'P'ab 
     45.00      -4.3345    2408.29 	     P'P'ab 
     50.00      -4.2919    2386.72 	     P'P'ab 
     55.00      -4.2348    2365.40 	     P'P'ab 
     60.00      -4.1559    2344.41 	     P'P'ab 
     65.00      -4.0386    2323.90 	     P'P'ab 
     70.00      -3.8225    2304.17 	     P'P'ab 
    450.00     450.00 	 P'P'ab 	 depth
     20.00      -4.4309    2517.20 	     P'P'ab 
     25.00      -4.4221    2495.06 	     P'P'ab 
     30.00      -4.4091    2472.98 	     P'P'ab 
     35.00      -4.3911    2450.98 	     P'P'ab 
     40.00      -4.3669    2429.08 	     P'P'ab 
     45.00      -4.3348    2407.32 	     P'P'ab 
     50.00      -4.2923    2385.75 	     P'P'ab 
     55.00      -4.2353    2364.42 	     P'P'ab 
     60.00      -4.1567    2343.43 	     P'P'ab 
     65.00      -4.0397    2322.92 	     P'P'ab 
     70.00      -3.8250    2303.19 	     P'P'ab 
    460.00     460.00 	 P'P'ab 	 depth
     20.00      -4.4310    2516.24 	     P'P'ab 
     25.00      -4.4222    2494.10 	     P'P'ab 
     30.00      -4.4092    2472.02 	     P'P'ab 
     35.00      -4.3913    2450.02 	     P'P'ab 
     40.00      -4.3671    2428.12 	     P'P'ab 
     45.00      -4.3351    2406.36 	     P'P'ab 
     50.00      -4.2927    2384.78 	     P'P'ab 
     55.00      -4.2358    2363.46 	     P'P'ab 
     60.00      -4.1574    2342.46 	     P'P'ab 
     65.00      -4.0409    2321.94 	     P'P'ab 
     70.00      -3.8275    2302.20 	     P'P'ab 
    470.00     470.00 	 P'P'ab 	 depth
     20.00      -4.4310    2515.28 	     P'P'ab 
     25.00      -4.4222    2493.15 	     P'P'ab 
     30.00      -4.4094    2471.06 	     P'P'ab 
     35.00      -4.3915    2449.06 	     P'P'ab 
     40.00      -4.3674    2427.16 	     P'P'ab 
     45.00      -4.3354    2405.40 	     P'P'ab 
     50.00      -4.2931    2383.82 	     P'P'ab 
     55.00      -4.2364    2362.49 	     P'P'ab 
     60.00      -4.1582    2341.50 	     P'P'ab 
     65.00      -4.0420    2320.97 	     P'P'ab 
     70.00      -3.8299    2301.22 	     P'P'ab 
    480.00     480.00 	 P'P'ab 	 depth
     20.00      -4.4311    2514.33 	     P'P'ab 
     25.00      -4.4223    2492.19 	     P'P'ab 
     30.00      -4.4095    2470.11 	     P'P'ab 
     35.00      -4.3916    2448.11 	     P'P'ab 
     40.00      -4.3676    2426.21 	     P'P'ab 
     45.00      -4.3357    2404.44 	     P'P'ab 
     50.00      -4.2935    2382.87 	     P'P'ab 
     55.00      -4.2369    2361.53 	     P'P'ab 
     60.00      -4.1589    2340.53 	     P'P'ab 
     65.00      -4.0432    2320.01 	     P'P'ab 
     70.00      -3.8324    2300.25 	     P'P'ab 
    490.00     490.00 	 P'P'ab 	 depth
     20.00      -4.4311    2513.38 	     P'P'ab 
     25.00      -4.4224    2491.25 	     P'P'ab 
     30.00      -4.4096    2469.16 	     P'P'ab 
     35.00      -4.3918    2447.16 	     P'P'ab 
     40.00      -4.3678    2425.26 	     P'P'ab 
     45.00      -4.3360    2403.49 	     P'P'ab 
     50.00      -4.2939    2381.91 	     P'P'ab 
     55.00      -4.2375    2360.58 	     P'P'ab 
     60.00      -4.1597    2339.57 	     P'P'ab 
     65.00      -4.0443    2319.04 	     P'P'ab 
     70.00      -3.8349    2299.28 	     P'P'ab 
    500.00     500.00 	 P'P'ab 	 depth
     20.00      -4.4312    2512.44 	     P'P'ab 
     25.00      -4.4225    2490.30 	     P'P'ab 
     30.00      -4.4098    2468.22 	     P'P'ab 
     35.00      -4.3920    2446.21 	     P'P'ab 
     40.00      -4.3681    2424.31 	     P'P'ab 
     45.00      -4.3363    2402.55 	     P'P'ab 
     50.00      -4.2943    2380.97 	     P'P'ab 
     55.00      -4.2380    2359.63 	     P'P'ab 
     60.00      -4.1605    2338.62 	     P'P'ab 
     65.00      -4.0455    2318.08 	     P'P'ab 
     70.00      -3.8373    2298.31 	     P'P'ab 
    510.00     510.00 	 P'P'ab 	 depth
     20.00      -4.4313    2511.50 	     P'P'ab 
     25.00      -4.4226    2489.37 	     P'P'ab 
     30.00      -4.4099    2467.28 	     P'P'ab 
     35.00      -4.3922    2445.27 	     P'P'ab 
     40.00      -4.3683    2423.37 	     P'P'ab 
     45.00      -4.3367    2401.60 	     P'P'ab 
     50.00      -4.2947    2380.02 	     P'P'ab 
     55.00      -4.2386    2358.68 	     P'P'ab 
     60.00      -4.1612    2337.67 	     P'P'ab 
     65.00      -4.0467    2317.13 	     P'P'ab 
     70.00      -3.8397    2297.35 	     P'P'ab 
    520.00     520.00 	 P'P'ab 	 depth
     20.00      -4.4313    2510.57 	     P'P'ab 
     25.00      -4.4227    2488.43 	     P'P'ab 
     30.00      -4.4100    2466.35 	     P'P'ab 
     35.00      -4.3924    2444.34 	     P'P'ab 
     40.00      -4.3686    2422.43 	     P'P'ab 
     45.00      -4.3370    2400.67 	     P'P'ab 
     50.00      -4.2952    2379.08 	     P'P'ab 
     55.00      -4.2392    2357.74 	     P'P'ab 
     60.00      -4.1620    2336.72 	     P'P'ab 
     65.00      -4.0478    2316.18 	     P'P'ab 
     70.00      -3.8422    2296.39 	     P'P'ab 
    530.00     530.00 	 P'P'ab 	 depth
     20.00      -4.4314    2509.64 	     P'P'ab 
     25.00      -4.4228    2487.50 	     P'P'ab 
     30.00      -4.4102    2465.42 	     P'P'ab 
     35.00      -4.3926    2443.41 	     P'P'ab 
     40.00      -4.3688    2421.50 	     P'P'ab 
     45.00      -4.3373    2399.73 	     P'P'ab 
     50.00      -4.2956    2378.15 	     P'P'ab 
     55.00      -4.2397    2356.80 	     P'P'ab 
     60.00      -4.1628    2335.78 	     P'P'ab 
     65.00      -4.0490    2315.23 	     P'P'ab 
     70.00      -3.8446    2295.43 	     P'P'ab 
    540.00     540.00 	 P'P'ab 	 depth
     20.00      -4.4314    2508.71 	     P'P'ab 
     25.00      -4.4229    2486.58 	     P'P'ab 
     30.00      -4.4103    2464.49 	     P'P'ab 
     35.00      -4.3927    2442.48 	     P'P'ab 
     40.00      -4.3691    2420.57 	     P'P'ab 
     45.00      -4.3376    2398.80 	     P'P'ab 
     50.00      -4.2960    2377.21 	     P'P'ab 
     55.00      -4.2403    2355.87 	     P'P'ab 
     60.00      -4.1636    2334.85 	     P'P'ab 
     65.00      -4.0502    2314.29 	     P'P'ab 
     70.00      -3.8471    2294.48 	     P'P'ab 
    550.00     550.00 	 P'P'ab 	 depth
     20.00      -4.4315    2507.79 	     P'P'ab 
     25.00      -4.4230    2485.65 	     P'P'ab 
     30.00      -4.4104    2463.57 	     P'P'ab 
     35.00      -4.3929    2441.56 	     P'P'ab 
     40.00      -4.3693    2419.65 	     P'P'ab 
     45.00      -4.3380    2397.88 	     P'P'ab 
     50.00      -4.2964    2376.29 	     P'P'ab 
     55.00      -4.2409    2354.94 	     P'P'ab 
     60.00      -4.1644    2333.91 	     P'P'ab 
     65.00      -4.0514    2313.35 	     P'P'ab 
     70.00      -3.8495    2293.54 	     P'P'ab 
    560.00     560.00 	 P'P'ab 	 depth
     20.00      -4.4316    2506.87 	     P'P'ab 
     25.00      -4.4231    2484.74 	     P'P'ab 
     30.00      -4.4106    2462.65 	     P'P'ab 
     35.00      -4.3931    2440.64 	     P'P'ab 
     40.00      -4.3696    2418.73 	     P'P'ab 
     45.00      -4.3383    2396.96 	     P'P'ab 
     50.00      -4.2969    2375.36 	     P'P'ab 
     55.00      -4.2414    2354.01 	     P'P'ab 
     60.00      -4.1651    2332.98 	     P'P'ab 
     65.00      -4.0526    2312.42 	     P'P'ab 
     70.00      -3.8519    2292.59 	     P'P'ab 
    570.00     570.00 	 P'P'ab 	 depth
     20.00      -4.4316    2505.96 	     P'P'ab 
     25.00      -4.4232    2483.82 	     P'P'ab 
     30.00      -4.4107    2461.74 	     P'P'ab 
     35.00      -4.3933    2439.72 	     P'P'ab 
     40.00      -4.3698    2417.81 	     P'P'ab 
     45.00      -4.3386    2396.04 	     P'P'ab 
     50.00      -4.2973    2374.44 	     P'P'ab 
     55.00      -4.2420    2353.09 	     P'P'ab 
     60.00      -4.1659    2332.06 	     P'P'ab 
     65.00      -4.0538    2311.49 	     P'P'ab 
     70.00      -3.8543    2291.66 	     P'P'ab 
    580.00     580.00 	 P'P'ab 	 depth
     20.00      -4.4317    2505.05 	     P'P'ab 
     25.00      -4.4233    2482.91 	     P'P'ab 
     30.00      -4.4109    2460.83 	     P'P'ab 
     35.00      -4.3935    2438.81 	     P'P'ab 
     40.00      -4.3701    2416.90 	     P'P'ab 
     45.00      -4.3389    2395.13 	     P'P'ab 
     50.00      -4.2977    2373.53 	     P'P'ab 
     55.00      -4.2426    2352.17 	     P'P'ab 
     60.00      -4.1667    2331.14 	     P'P'ab 
     65.00      -4.0550    2310.56 	     P'P'ab 
     70.00      -3.8568    2290.72 	     P'P'ab 
    590.00     590.00 	 P'P'ab 	 depth
     20.00      -4.4318    2504.15 	     P'P'ab 
     25.00      -4.4234    2482.01 	     P'P'ab 
     30.00      -4.4110    2459.92 	     P'P'ab 
     35.00      -4.3937    2437.91 	     P'P'ab 
     40.00      -4.3703    2415.99 	     P'P'ab 
     45.00      -4.3393    2394.22 	     P'P'ab 
     50.00      -4.2982    2372.62 	     P'P'ab 
     55.00      -4.2432    2351.26 	     P'P'ab 
     60.00      -4.1675    2330.22 	     P'P'ab 
     65.00      -4.0562    2309.64 	     P'P'ab 
     70.00      -3.8592    2289.79 	     P'P'ab 
    600.00     600.00 	 P'P'ab 	 depth
     20.00      -4.4318    2503.25 	     P'P'ab 
     25.00      -4.4235    2481.11 	     P'P'ab 
     30.00      -4.4111    2459.02 	     P'P'ab 
     35.00      -4.3939    2437.01 	     P'P'ab 
     40.00      -4.3706    2415.09 	     P'P'ab 
     45.00      -4.3396    2393.31 	     P'P'ab 
     50.00      -4.2986    2371.71 	     P'P'ab 
     55.00      -4.2438    2350.35 	     P'P'ab 
     60.00      -4.1683    2329.31 	     P'P'ab 
     65.00      -4.0574    2308.72 	     P'P'ab 
     70.00      -3.8616    2288.87 	     P'P'ab 
    610.00     610.00 	 P'P'ab 	 depth
     20.00      -4.4319    2502.35 	     P'P'ab 
     25.00      -4.4236    2480.21 	     P'P'ab 
     30.00      -4.4113    2458.12 	     P'P'ab 
     35.00      -4.3941    2436.11 	     P'P'ab 
     40.00      -4.3708    2414.19 	     P'P'ab 
     45.00      -4.3400    2392.41 	     P'P'ab 
     50.00      -4.2991    2370.81 	     P'P'ab 
     55.00      -4.2443    2349.44 	     P'P'ab 
     60.00      -4.1691    2328.40 	     P'P'ab 
     65.00      -4.0586    2307.81 	     P'P'ab 
     70.00      -3.8640    2287.95 	     P'P'ab 
    620.00     620.00 	 P'P'ab 	 depth
     20.00      -4.4320    2501.46 	     P'P'ab 
     25.00      -4.4237    2479.32 	     P'P'ab 
     30.00      -4.4114    2457.23 	     P'P'ab 
     35.00      -4.3943    2435.21 	     P'P'ab 
     40.00      -4.3711    2413.30 	     P'P'ab 
     45.00      -4.3403    2391.52 	     P'P'ab 
     50.00      -4.2995    2369.91 	     P'P'ab 
     55.00      -4.2449    2348.54 	     P'P'ab 
     60.00      -4.1700    2327.50 	     P'P'ab 
     65.00      -4.0598    2306.90 	     P'P'ab 
     70.00      -3.8664    2287.03 	     P'P'ab 
    630.00     630.00 	 P'P'ab 	 depth
     20.00      -4.4320    2500.57 	     P'P'ab 
     25.00      -4.4238    2478.43 	     P'P'ab 
     30.00      -4.4116    2456.34 	     P'P'ab 
     35.00      -4.3945    2434.32 	     P'P'ab 
     40.00      -4.3714    2412.41 	     P'P'ab 
     45.00      -4.3406    2390.62 	     P'P'ab 
     50.00      -4.2999    2369.02 	     P'P'ab 
     55.00      -4.2455    2347.65 	     P'P'ab 
     60.00      -4.1708    2326.59 	     P'P'ab 
     65.00      -4.0611    2305.99 	     P'P'ab 
     70.00      -3.8688    2286.11 	     P'P'ab 
    640.00     640.00 	 P'P'ab 	 depth
     20.00      -4.4321    2499.69 	     P'P'ab 
     25.00      -4.4239    2477.55 	     P'P'ab 
     30.00      -4.4117    2455.46 	     P'P'ab 
     35.00      -4.3947    2433.44 	     P'P'ab 
     40.00      -4.3716    2411.52 	     P'P'ab 
     45.00      -4.3410    2389.73 	     P'P'ab 
     50.00      -4.3004    2368.13 	     P'P'ab 
     55.00      -4.2461    2346.75 	     P'P'ab 
     60.00      -4.1716    2325.70 	     P'P'ab 
     65.00      -4.0623    2305.09 	     P'P'ab 
     70.00      -3.8712    2285.20 	     P'P'ab 
    650.00     650.00 	 P'P'ab 	 depth
     20.00      -4.4321    2498.81 	     P'P'ab 
     25.00      -4.4240    2476.67 	     P'P'ab 
     30.00      -4.4119    2454.57 	     P'P'ab 
     35.00      -4.3949    2432.56 	     P'P'ab 
     40.00      -4.3719    2410.64 	     P'P'ab 
     45.00      -4.3413    2388.85 	     P'P'ab 
     50.00      -4.3008    2367.24 	     P'P'ab 
     55.00      -4.2467    2345.86 	     P'P'ab 
     60.00      -4.1724    2324.81 	     P'P'ab 
     65.00      -4.0635    2304.20 	     P'P'ab 
     70.00      -3.8736    2284.30 	     P'P'ab 
    660.00     660.00 	 P'P'ab 	 depth
     20.00      -4.4322    2497.93 	     P'P'ab 
     25.00      -4.4241    2475.79 	     P'P'ab 
     30.00      -4.4120    2453.70 	     P'P'ab 
     35.00      -4.3951    2431.68 	     P'P'ab 
     40.00      -4.3721    2409.76 	     P'P'ab 
     45.00      -4.3417    2387.97 	     P'P'ab 
     50.00      -4.3013    2366.36 	     P'P'ab 
     55.00      -4.2473    2344.98 	     P'P'ab 
     60.00      -4.1732    2323.92 	     P'P'ab 
     65.00      -4.0648    2303.30 	     P'P'ab 
     70.00      -3.8760    2283.40 	     P'P'ab 
    670.00     670.00 	 P'P'ab 	 depth
     20.00      -4.4323    2497.12 	     P'P'ab 
     25.00      -4.4242    2474.98 	     P'P'ab 
     30.00      -4.4122    2452.89 	     P'P'ab 
     35.00      -4.3953    2430.86 	     P'P'ab 
     40.00      -4.3724    2408.94 	     P'P'ab 
     45.00      -4.3420    2387.15 	     P'P'ab 
     50.00      -4.3018    2365.54 	     P'P'ab 
     55.00      -4.2480    2344.16 	     P'P'ab 
     60.00      -4.1741    2323.09 	     P'P'ab 
     65.00      -4.0661    2302.47 	     P'P'ab 
     70.00      -3.8786    2282.56 	     P'P'ab 
    680.00     680.00 	 P'P'ab 	 depth
     20.00      -4.4323    2496.31 	     P'P'ab 
     25.00      -4.4243    2474.17 	     P'P'ab 
     30.00      -4.4123    2452.08 	     P'P'ab 
     35.00      -4.3955    2430.05 	     P'P'ab 
     40.00      -4.3727    2408.13 	     P'P'ab 
     45.00      -4.3424    2386.34 	     P'P'ab 
     50.00      -4.3023    2364.72 	     P'P'ab 
     55.00      -4.2486    2343.34 	     P'P'ab 
     60.00      -4.1750    2322.27 	     P'P'ab 
     65.00      -4.0674    2301.64 	     P'P'ab 
     70.00      -3.8811    2281.72 	     P'P'ab 
    690.00     690.00 	 P'P'ab 	 depth
     20.00      -4.4324    2495.51 	     P'P'ab 
     25.00      -4.4244    2473.36 	     P'P'ab 
     30.00      -4.4125    2451.27 	     P'P'ab 
     35.00      -4.3957    2429.25 	     P'P'ab 
     40.00      -4.3730    2407.32 	     P'P'ab 
     45.00      -4.3428    2385.53 	     P'P'ab 
     50.00      -4.3028    2363.91 	     P'P'ab 
     55.00      -4.2493    2342.52 	     P'P'ab 
     60.00      -4.1759    2321.45 	     P'P'ab 
     65.00      -4.0688    2300.82 	     P'P'ab 
     70.00      -3.8837    2280.88 	     P'P'ab 
    700.00     700.00 	 P'P'ab 	 depth
     20.00      -4.4325    2494.70 	     P'P'ab 
     25.00      -4.4245    2472.56 	     P'P'ab 
     30.00      -4.4126    2450.47 	     P'P'ab 
     35.00      -4.3959    2428.44 	     P'P'ab 
     40.00      -4.3733    2406.52 	     P'P'ab 
     45.00      -4.3432    2384.72 	     P'P'ab 
     50.00      -4.3033    2363.10 	     P'P'ab 
     55.00      -4.2500    2341.71 	     P'P'ab 
     60.00      -4.1768    2320.63 	     P'P'ab 
     65.00      -4.0701    2300.00 	     P'P'ab 
     70.00      -3.8863    2280.05 	     P'P'ab 
