      0.00       0.00 	 SKSac 	 depth
     65.00       7.5840    1237.86 	      SKSac 
     70.00       7.5262    1275.67 	      SKSac 
     75.00       7.3465    1312.92 	      SKSac 
     80.00       6.9600    1348.78 	      SKSac 
     85.00       6.4199    1382.26 	      SKSac 
     90.00       5.8738    1412.98 	      SKSac 
     95.00       5.3732    1441.07 	      SKSac 
    100.00       4.9212    1466.79 	      SKSac 
    105.00       4.5096    1490.35 	      SKSac 
    110.00       4.1345    1511.95 	      SKSac 
    115.00       3.7866    1531.74 	      SKSac 
    120.00       3.4601    1549.85 	      SKSac 
    125.00       3.1521    1566.38 	      SKSac 
    130.00       2.8584    1581.40 	      SKSac 
    135.00       2.5775    1594.98 	      SKSac 
    140.00       2.3052    1607.19 	      SKSac 
     10.00      10.00 	 SKSac 	 depth
     65.00       7.5839    1234.96 	      SKSac 
     70.00       7.5258    1272.77 	      SKSac 
     75.00       7.3454    1310.02 	      SKSac 
     80.00       6.9581    1345.87 	      SKSac 
     85.00       6.4179    1379.34 	      SKSac 
     90.00       5.8721    1410.05 	      SKSac 
     95.00       5.3717    1438.14 	      SKSac 
    100.00       4.9201    1463.85 	      SKSac 
    105.00       4.5086    1487.40 	      SKSac 
    110.00       4.1336    1509.00 	      SKSac 
    115.00       3.7859    1528.79 	      SKSac 
    120.00       3.4595    1546.89 	      SKSac 
    125.00       3.1516    1563.41 	      SKSac 
    130.00       2.8579    1578.43 	      SKSac 
    135.00       2.5771    1592.02 	      SKSac 
    140.00       2.3048    1604.22 	      SKSac 
     20.00      20.00 	 SKSac 	 depth
     65.00       7.5839    1232.07 	      SKSac 
     70.00       7.5253    1269.87 	      SKSac 
     75.00       7.3443    1307.12 	      SKSac 
     80.00       6.9562    1342.96 	      SKSac 
     85.00       6.4159    1376.42 	      SKSac 
     90.00       5.8704    1407.12 	      SKSac 
     95.00       5.3703    1435.20 	      SKSac 
    100.00       4.9189    1460.91 	      SKSac 
    105.00       4.5076    1484.46 	      SKSac 
    110.00       4.1328    1506.04 	      SKSac 
    115.00       3.7852    1525.83 	      SKSac 
    120.00       3.4589    1543.93 	      SKSac 
    125.00       3.1510    1560.45 	      SKSac 
    130.00       2.8575    1575.47 	      SKSac 
    135.00       2.5767    1589.05 	      SKSac 
    140.00       2.3045    1601.25 	      SKSac 
     30.00      30.00 	 SKSac 	 depth
     65.00       7.5837    1229.49 	      SKSac 
     70.00       7.5248    1267.30 	      SKSac 
     75.00       7.3430    1304.54 	      SKSac 
     80.00       6.9541    1340.37 	      SKSac 
     85.00       6.4137    1373.82 	      SKSac 
     90.00       5.8684    1404.51 	      SKSac 
     95.00       5.3687    1432.58 	      SKSac 
    100.00       4.9176    1458.28 	      SKSac 
    105.00       4.5065    1481.82 	      SKSac 
    110.00       4.1319    1503.40 	      SKSac 
    115.00       3.7844    1523.19 	      SKSac 
    120.00       3.4582    1541.28 	      SKSac 
    125.00       3.1505    1557.80 	      SKSac 
    130.00       2.8570    1572.81 	      SKSac 
    135.00       2.5763    1586.39 	      SKSac 
    140.00       2.3041    1598.59 	      SKSac 
     40.00      40.00 	 SKSac 	 depth
     65.00       7.5836    1227.14 	      SKSac 
     70.00       7.5242    1264.94 	      SKSac 
     75.00       7.3416    1302.18 	      SKSac 
     80.00       6.9517    1338.00 	      SKSac 
     85.00       6.4112    1371.44 	      SKSac 
     90.00       5.8663    1402.12 	      SKSac 
     95.00       5.3670    1430.18 	      SKSac 
    100.00       4.9162    1455.87 	      SKSac 
    105.00       4.5053    1479.40 	      SKSac 
    110.00       4.1309    1500.98 	      SKSac 
    115.00       3.7835    1520.76 	      SKSac 
    120.00       3.4575    1538.85 	      SKSac 
    125.00       3.1498    1555.36 	      SKSac 
    130.00       2.8564    1570.38 	      SKSac 
    135.00       2.5758    1583.95 	      SKSac 
    140.00       2.3037    1596.15 	      SKSac 
     50.00      50.00 	 SKSac 	 depth
     65.00       7.5835    1225.01 	      SKSac 
     70.00       7.5236    1262.81 	      SKSac 
     75.00       7.3400    1300.04 	      SKSac 
     80.00       6.9491    1335.86 	      SKSac 
     85.00       6.4085    1369.28 	      SKSac 
     90.00       5.8640    1399.94 	      SKSac 
     95.00       5.3651    1427.99 	      SKSac 
    100.00       4.9146    1453.67 	      SKSac 
    105.00       4.5040    1477.21 	      SKSac 
    110.00       4.1298    1498.78 	      SKSac 
    115.00       3.7826    1518.55 	      SKSac 
    120.00       3.4567    1536.64 	      SKSac 
    125.00       3.1491    1553.15 	      SKSac 
    130.00       2.8558    1568.16 	      SKSac 
    135.00       2.5752    1581.73 	      SKSac 
    140.00       2.3032    1593.92 	      SKSac 
     60.00      60.00 	 SKSac 	 depth
     65.00       7.5834    1222.88 	      SKSac 
     70.00       7.5230    1260.69 	      SKSac 
     75.00       7.3384    1297.91 	      SKSac 
     80.00       6.9464    1333.71 	      SKSac 
     85.00       6.4057    1367.12 	      SKSac 
     90.00       5.8616    1397.78 	      SKSac 
     95.00       5.3632    1425.81 	      SKSac 
    100.00       4.9130    1451.49 	      SKSac 
    105.00       4.5027    1475.01 	      SKSac 
    110.00       4.1287    1496.57 	      SKSac 
    115.00       3.7816    1516.34 	      SKSac 
    120.00       3.4559    1534.43 	      SKSac 
    125.00       3.1484    1550.93 	      SKSac 
    130.00       2.8552    1565.94 	      SKSac 
    135.00       2.5747    1579.51 	      SKSac 
    140.00       2.3028    1591.70 	      SKSac 
     70.00      70.00 	 SKSac 	 depth
     65.00       7.5832    1220.76 	      SKSac 
     70.00       7.5224    1258.56 	      SKSac 
     75.00       7.3368    1295.78 	      SKSac 
     80.00       6.9438    1331.57 	      SKSac 
     85.00       6.4030    1364.97 	      SKSac 
     90.00       5.8593    1395.61 	      SKSac 
     95.00       5.3612    1423.64 	      SKSac 
    100.00       4.9114    1449.30 	      SKSac 
    105.00       4.5014    1472.82 	      SKSac 
    110.00       4.1276    1494.37 	      SKSac 
    115.00       3.7807    1514.14 	      SKSac 
    120.00       3.4551    1532.22 	      SKSac 
    125.00       3.1477    1548.72 	      SKSac 
    130.00       2.8546    1563.72 	      SKSac 
    135.00       2.5742    1577.29 	      SKSac 
    140.00       2.3023    1589.48 	      SKSac 
     80.00      80.00 	 SKSac 	 depth
     65.00       7.5831    1218.64 	      SKSac 
     70.00       7.5217    1256.44 	      SKSac 
     75.00       7.3352    1293.65 	      SKSac 
     80.00       6.9411    1329.43 	      SKSac 
     85.00       6.4002    1362.81 	      SKSac 
     90.00       5.8570    1393.44 	      SKSac 
     95.00       5.3593    1421.46 	      SKSac 
    100.00       4.9099    1447.11 	      SKSac 
    105.00       4.5000    1470.62 	      SKSac 
    110.00       4.1265    1492.18 	      SKSac 
    115.00       3.7797    1511.93 	      SKSac 
    120.00       3.4542    1530.01 	      SKSac 
    125.00       3.1470    1546.51 	      SKSac 
    130.00       2.8540    1561.51 	      SKSac 
    135.00       2.5737    1575.07 	      SKSac 
    140.00       2.3018    1587.26 	      SKSac 
     90.00      90.00 	 SKSac 	 depth
     65.00       7.5829    1216.52 	      SKSac 
     70.00       7.5211    1254.32 	      SKSac 
     75.00       7.3336    1291.53 	      SKSac 
     80.00       6.9385    1327.30 	      SKSac 
     85.00       6.3975    1360.66 	      SKSac 
     90.00       5.8546    1391.28 	      SKSac 
     95.00       5.3574    1419.29 	      SKSac 
    100.00       4.9083    1444.93 	      SKSac 
    105.00       4.4987    1468.43 	      SKSac 
    110.00       4.1253    1489.98 	      SKSac 
    115.00       3.7788    1509.73 	      SKSac 
    120.00       3.4534    1527.80 	      SKSac 
    125.00       3.1463    1544.30 	      SKSac 
    130.00       2.8534    1559.29 	      SKSac 
    135.00       2.5731    1572.85 	      SKSac 
    140.00       2.3014    1585.04 	      SKSac 
    100.00     100.00 	 SKSac 	 depth
     65.00       7.5828    1214.41 	      SKSac 
     70.00       7.5204    1252.20 	      SKSac 
     75.00       7.3320    1289.40 	      SKSac 
     80.00       6.9358    1325.16 	      SKSac 
     85.00       6.3947    1358.51 	      SKSac 
     90.00       5.8522    1389.12 	      SKSac 
     95.00       5.3554    1417.11 	      SKSac 
    100.00       4.9067    1442.75 	      SKSac 
    105.00       4.4974    1466.24 	      SKSac 
    110.00       4.1242    1487.79 	      SKSac 
    115.00       3.7778    1507.53 	      SKSac 
    120.00       3.4526    1525.60 	      SKSac 
    125.00       3.1456    1542.09 	      SKSac 
    130.00       2.8528    1557.08 	      SKSac 
    135.00       2.5726    1570.64 	      SKSac 
    140.00       2.3009    1582.82 	      SKSac 
    110.00     110.00 	 SKSac 	 depth
     65.00       7.5827    1212.29 	      SKSac 
     70.00       7.5198    1250.08 	      SKSac 
     75.00       7.3303    1287.28 	      SKSac 
     80.00       6.9331    1323.03 	      SKSac 
     85.00       6.3920    1356.37 	      SKSac 
     90.00       5.8499    1386.96 	      SKSac 
     95.00       5.3535    1414.94 	      SKSac 
    100.00       4.9051    1440.57 	      SKSac 
    105.00       4.4960    1464.06 	      SKSac 
    110.00       4.1231    1485.59 	      SKSac 
    115.00       3.7768    1505.34 	      SKSac 
    120.00       3.4518    1523.40 	      SKSac 
    125.00       3.1449    1539.88 	      SKSac 
    130.00       2.8521    1554.87 	      SKSac 
    135.00       2.5721    1568.43 	      SKSac 
    140.00       2.3004    1580.61 	      SKSac 
    120.00     120.00 	 SKSac 	 depth
     65.00       7.5825    1210.18 	      SKSac 
     70.00       7.5191    1247.97 	      SKSac 
     75.00       7.3287    1285.16 	      SKSac 
     80.00       6.9304    1320.90 	      SKSac 
     85.00       6.3892    1354.22 	      SKSac 
     90.00       5.8475    1384.80 	      SKSac 
     95.00       5.3515    1412.78 	      SKSac 
    100.00       4.9035    1438.39 	      SKSac 
    105.00       4.4947    1461.87 	      SKSac 
    110.00       4.1220    1483.40 	      SKSac 
    115.00       3.7759    1503.14 	      SKSac 
    120.00       3.4509    1521.20 	      SKSac 
    125.00       3.1442    1537.68 	      SKSac 
    130.00       2.8515    1552.66 	      SKSac 
    135.00       2.5715    1566.22 	      SKSac 
    140.00       2.3000    1578.39 	      SKSac 
    130.00     130.00 	 SKSac 	 depth
     65.00       7.5824    1208.07 	      SKSac 
     70.00       7.5184    1245.86 	      SKSac 
     75.00       7.3270    1283.04 	      SKSac 
     80.00       6.9276    1318.77 	      SKSac 
     85.00       6.3864    1352.08 	      SKSac 
     90.00       5.8451    1382.64 	      SKSac 
     95.00       5.3496    1410.61 	      SKSac 
    100.00       4.9018    1436.22 	      SKSac 
    105.00       4.4933    1459.69 	      SKSac 
    110.00       4.1208    1481.21 	      SKSac 
    115.00       3.7749    1500.94 	      SKSac 
    120.00       3.4501    1519.00 	      SKSac 
    125.00       3.1435    1535.48 	      SKSac 
    130.00       2.8509    1550.46 	      SKSac 
    135.00       2.5710    1564.01 	      SKSac 
    140.00       2.2995    1576.18 	      SKSac 
    140.00     140.00 	 SKSac 	 depth
     65.00       7.5822    1205.96 	      SKSac 
     70.00       7.5178    1243.75 	      SKSac 
     75.00       7.3253    1280.93 	      SKSac 
     80.00       6.9249    1316.64 	      SKSac 
     85.00       6.3836    1349.94 	      SKSac 
     90.00       5.8427    1380.49 	      SKSac 
     95.00       5.3476    1408.44 	      SKSac 
    100.00       4.9002    1434.04 	      SKSac 
    105.00       4.4920    1457.51 	      SKSac 
    110.00       4.1197    1479.02 	      SKSac 
    115.00       3.7739    1498.75 	      SKSac 
    120.00       3.4493    1516.80 	      SKSac 
    125.00       3.1427    1533.27 	      SKSac 
    130.00       2.8503    1548.25 	      SKSac 
    135.00       2.5704    1561.80 	      SKSac 
    140.00       2.2990    1573.97 	      SKSac 
    150.00     150.00 	 SKSac 	 depth
     65.00       7.5820    1203.85 	      SKSac 
     70.00       7.5171    1241.64 	      SKSac 
     75.00       7.3236    1278.81 	      SKSac 
     80.00       6.9221    1314.52 	      SKSac 
     85.00       6.3808    1347.80 	      SKSac 
     90.00       5.8403    1378.34 	      SKSac 
     95.00       5.3457    1406.28 	      SKSac 
    100.00       4.8986    1431.87 	      SKSac 
    105.00       4.4906    1455.33 	      SKSac 
    110.00       4.1186    1476.84 	      SKSac 
    115.00       3.7729    1496.56 	      SKSac 
    120.00       3.4484    1514.60 	      SKSac 
    125.00       3.1420    1531.07 	      SKSac 
    130.00       2.8497    1546.05 	      SKSac 
    135.00       2.5699    1559.59 	      SKSac 
    140.00       2.2986    1571.76 	      SKSac 
    160.00     160.00 	 SKSac 	 depth
     65.00       7.5819    1201.75 	      SKSac 
     70.00       7.5164    1239.53 	      SKSac 
     75.00       7.3219    1276.70 	      SKSac 
     80.00       6.9194    1312.39 	      SKSac 
     85.00       6.3780    1345.66 	      SKSac 
     90.00       5.8379    1376.18 	      SKSac 
     95.00       5.3437    1404.12 	      SKSac 
    100.00       4.8970    1429.70 	      SKSac 
    105.00       4.4893    1453.15 	      SKSac 
    110.00       4.1174    1474.65 	      SKSac 
    115.00       3.7720    1494.37 	      SKSac 
    120.00       3.4476    1512.41 	      SKSac 
    125.00       3.1413    1528.87 	      SKSac 
    130.00       2.8490    1543.84 	      SKSac 
    135.00       2.5694    1557.39 	      SKSac 
    140.00       2.2981    1569.55 	      SKSac 
    170.00     170.00 	 SKSac 	 depth
     65.00       7.5817    1199.64 	      SKSac 
     70.00       7.5157    1237.42 	      SKSac 
     75.00       7.3202    1274.59 	      SKSac 
     80.00       6.9166    1310.27 	      SKSac 
     85.00       6.3752    1343.52 	      SKSac 
     90.00       5.8355    1374.03 	      SKSac 
     95.00       5.3417    1401.95 	      SKSac 
    100.00       4.8954    1427.53 	      SKSac 
    105.00       4.4879    1450.97 	      SKSac 
    110.00       4.1163    1472.47 	      SKSac 
    115.00       3.7710    1492.18 	      SKSac 
    120.00       3.4468    1510.21 	      SKSac 
    125.00       3.1406    1526.67 	      SKSac 
    130.00       2.8484    1541.64 	      SKSac 
    135.00       2.5688    1555.18 	      SKSac 
    140.00       2.2976    1567.35 	      SKSac 
    180.00     180.00 	 SKSac 	 depth
     65.00       7.5815    1197.54 	      SKSac 
     70.00       7.5150    1235.32 	      SKSac 
     75.00       7.3185    1272.48 	      SKSac 
     80.00       6.9138    1308.15 	      SKSac 
     85.00       6.3723    1341.38 	      SKSac 
     90.00       5.8331    1371.88 	      SKSac 
     95.00       5.3397    1399.79 	      SKSac 
    100.00       4.8937    1425.36 	      SKSac 
    105.00       4.4865    1448.79 	      SKSac 
    110.00       4.1151    1470.28 	      SKSac 
    115.00       3.7700    1489.99 	      SKSac 
    120.00       3.4459    1508.02 	      SKSac 
    125.00       3.1398    1524.48 	      SKSac 
    130.00       2.8478    1539.44 	      SKSac 
    135.00       2.5683    1552.98 	      SKSac 
    140.00       2.2971    1565.14 	      SKSac 
    190.00     190.00 	 SKSac 	 depth
     65.00       7.5814    1195.44 	      SKSac 
     70.00       7.5142    1233.22 	      SKSac 
     75.00       7.3167    1270.37 	      SKSac 
     80.00       6.9110    1306.02 	      SKSac 
     85.00       6.3695    1339.25 	      SKSac 
     90.00       5.8307    1369.73 	      SKSac 
     95.00       5.3377    1397.63 	      SKSac 
    100.00       4.8921    1423.19 	      SKSac 
    105.00       4.4851    1446.61 	      SKSac 
    110.00       4.1140    1468.10 	      SKSac 
    115.00       3.7690    1487.80 	      SKSac 
    120.00       3.4451    1505.83 	      SKSac 
    125.00       3.1391    1522.28 	      SKSac 
    130.00       2.8471    1537.24 	      SKSac 
    135.00       2.5677    1550.77 	      SKSac 
    140.00       2.2967    1562.93 	      SKSac 
    200.00     200.00 	 SKSac 	 depth
     65.00       7.5812    1193.34 	      SKSac 
     70.00       7.5135    1231.11 	      SKSac 
     75.00       7.3149    1268.26 	      SKSac 
     80.00       6.9082    1303.90 	      SKSac 
     85.00       6.3667    1337.11 	      SKSac 
     90.00       5.8283    1367.58 	      SKSac 
     95.00       5.3357    1395.47 	      SKSac 
    100.00       4.8904    1421.02 	      SKSac 
    105.00       4.4838    1444.44 	      SKSac 
    110.00       4.1128    1465.92 	      SKSac 
    115.00       3.7680    1485.61 	      SKSac 
    120.00       3.4442    1503.63 	      SKSac 
    125.00       3.1384    1520.08 	      SKSac 
    130.00       2.8465    1535.04 	      SKSac 
    135.00       2.5672    1548.57 	      SKSac 
    140.00       2.2962    1560.73 	      SKSac 
    210.00     210.00 	 SKSac 	 depth
     65.00       7.5810    1191.24 	      SKSac 
     70.00       7.5128    1229.01 	      SKSac 
     75.00       7.3132    1266.15 	      SKSac 
     80.00       6.9053    1301.79 	      SKSac 
     85.00       6.3638    1334.98 	      SKSac 
     90.00       5.8258    1365.44 	      SKSac 
     95.00       5.3337    1393.32 	      SKSac 
    100.00       4.8888    1418.85 	      SKSac 
    105.00       4.4824    1442.27 	      SKSac 
    110.00       4.1117    1463.74 	      SKSac 
    115.00       3.7670    1483.43 	      SKSac 
    120.00       3.4434    1501.44 	      SKSac 
    125.00       3.1376    1517.89 	      SKSac 
    130.00       2.8459    1532.84 	      SKSac 
    135.00       2.5666    1546.37 	      SKSac 
    140.00       2.2957    1558.53 	      SKSac 
    220.00     220.00 	 SKSac 	 depth
     65.00       7.5808    1189.15 	      SKSac 
     70.00       7.5120    1226.92 	      SKSac 
     75.00       7.3114    1264.05 	      SKSac 
     80.00       6.9025    1299.67 	      SKSac 
     85.00       6.3610    1332.85 	      SKSac 
     90.00       5.8234    1363.30 	      SKSac 
     95.00       5.3317    1391.16 	      SKSac 
    100.00       4.8871    1416.69 	      SKSac 
    105.00       4.4810    1440.10 	      SKSac 
    110.00       4.1105    1461.56 	      SKSac 
    115.00       3.7660    1481.25 	      SKSac 
    120.00       3.4425    1499.26 	      SKSac 
    125.00       3.1369    1515.70 	      SKSac 
    130.00       2.8452    1530.65 	      SKSac 
    135.00       2.5660    1544.18 	      SKSac 
    140.00       2.2952    1556.33 	      SKSac 
    230.00     230.00 	 SKSac 	 depth
     65.00       7.5807    1187.07 	      SKSac 
     70.00       7.5113    1224.83 	      SKSac 
     75.00       7.3095    1261.96 	      SKSac 
     80.00       6.8996    1297.57 	      SKSac 
     85.00       6.3581    1330.74 	      SKSac 
     90.00       5.8209    1361.17 	      SKSac 
     95.00       5.3297    1389.02 	      SKSac 
    100.00       4.8855    1414.54 	      SKSac 
    105.00       4.4796    1437.94 	      SKSac 
    110.00       4.1093    1459.40 	      SKSac 
    115.00       3.7650    1479.08 	      SKSac 
    120.00       3.4416    1497.08 	      SKSac 
    125.00       3.1362    1513.52 	      SKSac 
    130.00       2.8446    1528.47 	      SKSac 
    135.00       2.5655    1541.99 	      SKSac 
    140.00       2.2947    1554.14 	      SKSac 
    240.00     240.00 	 SKSac 	 depth
     65.00       7.5805    1184.99 	      SKSac 
     70.00       7.5105    1222.76 	      SKSac 
     75.00       7.3077    1259.88 	      SKSac 
     80.00       6.8967    1295.48 	      SKSac 
     85.00       6.3552    1328.63 	      SKSac 
     90.00       5.8185    1359.05 	      SKSac 
     95.00       5.3277    1386.89 	      SKSac 
    100.00       4.8838    1412.40 	      SKSac 
    105.00       4.4782    1435.79 	      SKSac 
    110.00       4.1082    1457.24 	      SKSac 
    115.00       3.7640    1476.91 	      SKSac 
    120.00       3.4408    1494.92 	      SKSac 
    125.00       3.1354    1511.35 	      SKSac 
    130.00       2.8439    1526.30 	      SKSac 
    135.00       2.5649    1539.81 	      SKSac 
    140.00       2.2942    1551.96 	      SKSac 
    250.00     250.00 	 SKSac 	 depth
     65.00       7.5803    1182.93 	      SKSac 
     70.00       7.5098    1220.69 	      SKSac 
     75.00       7.3059    1257.81 	      SKSac 
     80.00       6.8938    1293.39 	      SKSac 
     85.00       6.3523    1326.53 	      SKSac 
     90.00       5.8160    1356.93 	      SKSac 
     95.00       5.3256    1384.77 	      SKSac 
    100.00       4.8821    1410.27 	      SKSac 
    105.00       4.4768    1433.65 	      SKSac 
    110.00       4.1070    1455.09 	      SKSac 
    115.00       3.7630    1474.76 	      SKSac 
    120.00       3.4399    1492.76 	      SKSac 
    125.00       3.1347    1509.19 	      SKSac 
    130.00       2.8433    1524.13 	      SKSac 
    135.00       2.5644    1537.65 	      SKSac 
    140.00       2.2937    1549.79 	      SKSac 
    260.00     260.00 	 SKSac 	 depth
     65.00       7.5801    1180.88 	      SKSac 
     70.00       7.5090    1218.64 	      SKSac 
     75.00       7.3040    1255.74 	      SKSac 
     80.00       6.8908    1291.32 	      SKSac 
     85.00       6.3493    1324.44 	      SKSac 
     90.00       5.8135    1354.83 	      SKSac 
     95.00       5.3236    1382.65 	      SKSac 
    100.00       4.8804    1408.14 	      SKSac 
    105.00       4.4754    1431.51 	      SKSac 
    110.00       4.1058    1452.95 	      SKSac 
    115.00       3.7619    1472.62 	      SKSac 
    120.00       3.4390    1490.61 	      SKSac 
    125.00       3.1339    1507.04 	      SKSac 
    130.00       2.8426    1521.97 	      SKSac 
    135.00       2.5638    1535.48 	      SKSac 
    140.00       2.2932    1547.63 	      SKSac 
    270.00     270.00 	 SKSac 	 depth
     65.00       7.5799    1178.83 	      SKSac 
     70.00       7.5082    1216.59 	      SKSac 
     75.00       7.3021    1253.69 	      SKSac 
     80.00       6.8878    1289.25 	      SKSac 
     85.00       6.3464    1322.35 	      SKSac 
     90.00       5.8109    1352.73 	      SKSac 
     95.00       5.3215    1380.54 	      SKSac 
    100.00       4.8787    1406.02 	      SKSac 
    105.00       4.4739    1429.39 	      SKSac 
    110.00       4.1046    1450.82 	      SKSac 
    115.00       3.7609    1470.48 	      SKSac 
    120.00       3.4381    1488.47 	      SKSac 
    125.00       3.1331    1504.89 	      SKSac 
    130.00       2.8420    1519.82 	      SKSac 
    135.00       2.5632    1533.33 	      SKSac 
    140.00       2.2927    1545.47 	      SKSac 
    280.00     280.00 	 SKSac 	 depth
     65.00       7.5797    1176.79 	      SKSac 
     70.00       7.5074    1214.55 	      SKSac 
     75.00       7.3001    1251.64 	      SKSac 
     80.00       6.8848    1287.19 	      SKSac 
     85.00       6.3434    1320.28 	      SKSac 
     90.00       5.8084    1350.65 	      SKSac 
     95.00       5.3194    1378.44 	      SKSac 
    100.00       4.8769    1403.92 	      SKSac 
    105.00       4.4725    1427.27 	      SKSac 
    110.00       4.1034    1448.70 	      SKSac 
    115.00       3.7599    1468.35 	      SKSac 
    120.00       3.4372    1486.34 	      SKSac 
    125.00       3.1324    1502.75 	      SKSac 
    130.00       2.8413    1517.68 	      SKSac 
    135.00       2.5626    1531.19 	      SKSac 
    140.00       2.2922    1543.32 	      SKSac 
    290.00     290.00 	 SKSac 	 depth
     65.00       7.5795    1174.77 	      SKSac 
     70.00       7.5066    1212.52 	      SKSac 
     75.00       7.2982    1249.61 	      SKSac 
     80.00       6.8818    1285.14 	      SKSac 
     85.00       6.3404    1318.22 	      SKSac 
     90.00       5.8058    1348.57 	      SKSac 
     95.00       5.3173    1376.35 	      SKSac 
    100.00       4.8752    1401.82 	      SKSac 
    105.00       4.4710    1425.17 	      SKSac 
    110.00       4.1022    1446.59 	      SKSac 
    115.00       3.7588    1466.23 	      SKSac 
    120.00       3.4363    1484.21 	      SKSac 
    125.00       3.1316    1500.62 	      SKSac 
    130.00       2.8406    1515.55 	      SKSac 
    135.00       2.5620    1529.05 	      SKSac 
    140.00       2.2917    1541.19 	      SKSac 
    300.00     300.00 	 SKSac 	 depth
     65.00       7.5793    1172.75 	      SKSac 
     70.00       7.5057    1210.50 	      SKSac 
     75.00       7.2962    1247.58 	      SKSac 
     80.00       6.8788    1283.10 	      SKSac 
     85.00       6.3374    1316.16 	      SKSac 
     90.00       5.8033    1346.50 	      SKSac 
     95.00       5.3152    1374.27 	      SKSac 
    100.00       4.8735    1399.72 	      SKSac 
    105.00       4.4696    1423.07 	      SKSac 
    110.00       4.1009    1444.48 	      SKSac 
    115.00       3.7578    1464.12 	      SKSac 
    120.00       3.4354    1482.09 	      SKSac 
    125.00       3.1308    1498.50 	      SKSac 
    130.00       2.8399    1513.43 	      SKSac 
    135.00       2.5615    1526.93 	      SKSac 
    140.00       2.2912    1539.05 	      SKSac 
    310.00     310.00 	 SKSac 	 depth
     65.00       7.5790    1170.74 	      SKSac 
     70.00       7.5049    1208.49 	      SKSac 
     75.00       7.2942    1245.56 	      SKSac 
     80.00       6.8757    1281.07 	      SKSac 
     85.00       6.3343    1314.11 	      SKSac 
     90.00       5.8007    1344.43 	      SKSac 
     95.00       5.3131    1372.20 	      SKSac 
    100.00       4.8717    1397.64 	      SKSac 
    105.00       4.4681    1420.98 	      SKSac 
    110.00       4.0997    1442.38 	      SKSac 
    115.00       3.7567    1462.02 	      SKSac 
    120.00       3.4345    1479.99 	      SKSac 
    125.00       3.1300    1496.39 	      SKSac 
    130.00       2.8393    1511.31 	      SKSac 
    135.00       2.5609    1524.81 	      SKSac 
    140.00       2.2907    1536.93 	      SKSac 
    320.00     320.00 	 SKSac 	 depth
     65.00       7.5788    1168.74 	      SKSac 
     70.00       7.5040    1206.48 	      SKSac 
     75.00       7.2922    1243.55 	      SKSac 
     80.00       6.8726    1279.05 	      SKSac 
     85.00       6.3313    1312.07 	      SKSac 
     90.00       5.7981    1342.38 	      SKSac 
     95.00       5.3110    1370.13 	      SKSac 
    100.00       4.8699    1395.57 	      SKSac 
    105.00       4.4666    1418.89 	      SKSac 
    110.00       4.0985    1440.29 	      SKSac 
    115.00       3.7556    1459.92 	      SKSac 
    120.00       3.4336    1477.88 	      SKSac 
    125.00       3.1292    1494.29 	      SKSac 
    130.00       2.8386    1509.20 	      SKSac 
    135.00       2.5603    1522.69 	      SKSac 
    140.00       2.2902    1534.82 	      SKSac 
    330.00     330.00 	 SKSac 	 depth
     65.00       7.5786    1166.74 	      SKSac 
     70.00       7.5032    1204.49 	      SKSac 
     75.00       7.2902    1241.55 	      SKSac 
     80.00       6.8695    1277.03 	      SKSac 
     85.00       6.3282    1310.04 	      SKSac 
     90.00       5.7955    1340.34 	      SKSac 
     95.00       5.3088    1368.08 	      SKSac 
    100.00       4.8682    1393.50 	      SKSac 
    105.00       4.4651    1416.82 	      SKSac 
    110.00       4.0972    1438.21 	      SKSac 
    115.00       3.7546    1457.83 	      SKSac 
    120.00       3.4327    1475.79 	      SKSac 
    125.00       3.1284    1492.19 	      SKSac 
    130.00       2.8379    1507.10 	      SKSac 
    135.00       2.5597    1520.59 	      SKSac 
    140.00       2.2897    1532.71 	      SKSac 
    340.00     340.00 	 SKSac 	 depth
     65.00       7.5784    1164.76 	      SKSac 
     70.00       7.5023    1202.50 	      SKSac 
     75.00       7.2881    1239.56 	      SKSac 
     80.00       6.8664    1275.02 	      SKSac 
     85.00       6.3251    1308.02 	      SKSac 
     90.00       5.7928    1338.30 	      SKSac 
     95.00       5.3067    1366.03 	      SKSac 
    100.00       4.8664    1391.44 	      SKSac 
    105.00       4.4636    1414.75 	      SKSac 
    110.00       4.0960    1436.14 	      SKSac 
    115.00       3.7535    1455.75 	      SKSac 
    120.00       3.4318    1473.71 	      SKSac 
    125.00       3.1276    1490.10 	      SKSac 
    130.00       2.8372    1505.01 	      SKSac 
    135.00       2.5591    1518.49 	      SKSac 
    140.00       2.2891    1530.61 	      SKSac 
    350.00     350.00 	 SKSac 	 depth
     65.00       7.5781    1162.79 	      SKSac 
     70.00       7.5014    1200.52 	      SKSac 
     75.00       7.2860    1237.57 	      SKSac 
     80.00       6.8632    1273.03 	      SKSac 
     85.00       6.3220    1306.00 	      SKSac 
     90.00       5.7902    1336.27 	      SKSac 
     95.00       5.3045    1363.99 	      SKSac 
    100.00       4.8646    1389.39 	      SKSac 
    105.00       4.4621    1412.69 	      SKSac 
    110.00       4.0947    1434.07 	      SKSac 
    115.00       3.7524    1453.68 	      SKSac 
    120.00       3.4308    1471.63 	      SKSac 
    125.00       3.1268    1488.02 	      SKSac 
    130.00       2.8365    1502.92 	      SKSac 
    135.00       2.5585    1516.41 	      SKSac 
    140.00       2.2886    1528.52 	      SKSac 
    360.00     360.00 	 SKSac 	 depth
     65.00       7.5779    1160.82 	      SKSac 
     70.00       7.5005    1198.56 	      SKSac 
     75.00       7.2839    1235.59 	      SKSac 
     80.00       6.8600    1271.04 	      SKSac 
     85.00       6.3189    1304.00 	      SKSac 
     90.00       5.7875    1334.25 	      SKSac 
     95.00       5.3023    1361.95 	      SKSac 
    100.00       4.8628    1387.35 	      SKSac 
    105.00       4.4606    1410.64 	      SKSac 
    110.00       4.0934    1432.01 	      SKSac 
    115.00       3.7513    1451.62 	      SKSac 
    120.00       3.4299    1469.56 	      SKSac 
    125.00       3.1260    1485.94 	      SKSac 
    130.00       2.8358    1500.84 	      SKSac 
    135.00       2.5579    1514.33 	      SKSac 
    140.00       2.2881    1526.44 	      SKSac 
    370.00     370.00 	 SKSac 	 depth
     65.00       7.5776    1158.86 	      SKSac 
     70.00       7.4996    1196.60 	      SKSac 
     75.00       7.2817    1233.63 	      SKSac 
     80.00       6.8568    1269.05 	      SKSac 
     85.00       6.3158    1302.00 	      SKSac 
     90.00       5.7849    1332.24 	      SKSac 
     95.00       5.3001    1359.93 	      SKSac 
    100.00       4.8609    1385.31 	      SKSac 
    105.00       4.4591    1408.60 	      SKSac 
    110.00       4.0921    1429.96 	      SKSac 
    115.00       3.7502    1449.56 	      SKSac 
    120.00       3.4290    1467.50 	      SKSac 
    125.00       3.1252    1483.88 	      SKSac 
    130.00       2.8351    1498.78 	      SKSac 
    135.00       2.5572    1512.25 	      SKSac 
    140.00       2.2876    1524.36 	      SKSac 
    380.00     380.00 	 SKSac 	 depth
     65.00       7.5774    1156.91 	      SKSac 
     70.00       7.4986    1194.64 	      SKSac 
     75.00       7.2796    1231.67 	      SKSac 
     80.00       6.8536    1267.08 	      SKSac 
     85.00       6.3126    1300.01 	      SKSac 
     90.00       5.7822    1330.23 	      SKSac 
     95.00       5.2979    1357.91 	      SKSac 
    100.00       4.8591    1383.29 	      SKSac 
    105.00       4.4576    1406.56 	      SKSac 
    110.00       4.0909    1427.92 	      SKSac 
    115.00       3.7491    1447.51 	      SKSac 
    120.00       3.4280    1465.45 	      SKSac 
    125.00       3.1244    1481.82 	      SKSac 
    130.00       2.8344    1496.71 	      SKSac 
    135.00       2.5566    1510.19 	      SKSac 
    140.00       2.2870    1522.29 	      SKSac 
    390.00     390.00 	 SKSac 	 depth
     65.00       7.5771    1154.97 	      SKSac 
     70.00       7.4977    1192.70 	      SKSac 
     75.00       7.2774    1229.72 	      SKSac 
     80.00       6.8503    1265.12 	      SKSac 
     85.00       6.3094    1298.03 	      SKSac 
     90.00       5.7794    1328.23 	      SKSac 
     95.00       5.2957    1355.90 	      SKSac 
    100.00       4.8573    1381.27 	      SKSac 
    105.00       4.4560    1404.53 	      SKSac 
    110.00       4.0896    1425.89 	      SKSac 
    115.00       3.7480    1445.47 	      SKSac 
    120.00       3.4270    1463.40 	      SKSac 
    125.00       3.1236    1479.77 	      SKSac 
    130.00       2.8337    1494.66 	      SKSac 
    135.00       2.5560    1508.13 	      SKSac 
    140.00       2.2865    1520.23 	      SKSac 
    400.00     400.00 	 SKSac 	 depth
     65.00       7.5769    1153.04 	      SKSac 
     70.00       7.4967    1190.76 	      SKSac 
     75.00       7.2752    1227.77 	      SKSac 
     80.00       6.8470    1263.16 	      SKSac 
     85.00       6.3062    1296.05 	      SKSac 
     90.00       5.7767    1326.25 	      SKSac 
     95.00       5.2935    1353.90 	      SKSac 
    100.00       4.8554    1379.26 	      SKSac 
    105.00       4.4545    1402.51 	      SKSac 
    110.00       4.0883    1423.86 	      SKSac 
    115.00       3.7469    1443.44 	      SKSac 
    120.00       3.4261    1461.36 	      SKSac 
    125.00       3.1227    1477.73 	      SKSac 
    130.00       2.8329    1492.61 	      SKSac 
    135.00       2.5554    1506.08 	      SKSac 
    140.00       2.2859    1518.18 	      SKSac 
    410.00     410.00 	 SKSac 	 depth
     65.00       7.5766    1151.12 	      SKSac 
     70.00       7.4958    1188.84 	      SKSac 
     75.00       7.2729    1225.84 	      SKSac 
     80.00       6.8437    1261.21 	      SKSac 
     85.00       6.3030    1294.09 	      SKSac 
     90.00       5.7740    1324.27 	      SKSac 
     95.00       5.2912    1351.91 	      SKSac 
    100.00       4.8535    1377.25 	      SKSac 
    105.00       4.4529    1400.50 	      SKSac 
    110.00       4.0870    1421.84 	      SKSac 
    115.00       3.7457    1441.41 	      SKSac 
    120.00       3.4251    1459.33 	      SKSac 
    125.00       3.1219    1475.69 	      SKSac 
    130.00       2.8322    1490.57 	      SKSac 
    135.00       2.5547    1504.04 	      SKSac 
    140.00       2.2854    1516.14 	      SKSac 
    420.00     420.00 	 SKSac 	 depth
     65.00       7.5763    1149.29 	      SKSac 
     70.00       7.4947    1187.01 	      SKSac 
     75.00       7.2705    1224.00 	      SKSac 
     80.00       6.8402    1259.35 	      SKSac 
     85.00       6.2996    1292.22 	      SKSac 
     90.00       5.7711    1322.38 	      SKSac 
     95.00       5.2889    1350.01 	      SKSac 
    100.00       4.8516    1375.34 	      SKSac 
    105.00       4.4513    1398.58 	      SKSac 
    110.00       4.0856    1419.91 	      SKSac 
    115.00       3.7445    1439.48 	      SKSac 
    120.00       3.4241    1457.39 	      SKSac 
    125.00       3.1210    1473.75 	      SKSac 
    130.00       2.8315    1488.62 	      SKSac 
    135.00       2.5541    1502.09 	      SKSac 
    140.00       2.2848    1514.18 	      SKSac 
    430.00     430.00 	 SKSac 	 depth
     65.00       7.5760    1147.47 	      SKSac 
     70.00       7.4937    1185.18 	      SKSac 
     75.00       7.2681    1222.17 	      SKSac 
     80.00       6.8367    1257.51 	      SKSac 
     85.00       6.2962    1290.35 	      SKSac 
     90.00       5.7682    1320.50 	      SKSac 
     95.00       5.2865    1348.11 	      SKSac 
    100.00       4.8496    1373.44 	      SKSac 
    105.00       4.4496    1396.67 	      SKSac 
    110.00       4.0842    1417.99 	      SKSac 
    115.00       3.7433    1437.55 	      SKSac 
    120.00       3.4231    1455.46 	      SKSac 
    125.00       3.1201    1471.81 	      SKSac 
    130.00       2.8307    1486.68 	      SKSac 
    135.00       2.5534    1500.14 	      SKSac 
    140.00       2.2842    1512.23 	      SKSac 
    440.00     440.00 	 SKSac 	 depth
     65.00       7.5757    1145.66 	      SKSac 
     70.00       7.4926    1183.37 	      SKSac 
     75.00       7.2657    1220.35 	      SKSac 
     80.00       6.8331    1255.67 	      SKSac 
     85.00       6.2927    1288.50 	      SKSac 
     90.00       5.7653    1318.63 	      SKSac 
     95.00       5.2841    1346.23 	      SKSac 
    100.00       4.8476    1371.54 	      SKSac 
    105.00       4.4480    1394.76 	      SKSac 
    110.00       4.0828    1416.08 	      SKSac 
    115.00       3.7421    1435.63 	      SKSac 
    120.00       3.4220    1453.54 	      SKSac 
    125.00       3.1192    1469.88 	      SKSac 
    130.00       2.8299    1484.75 	      SKSac 
    135.00       2.5527    1498.20 	      SKSac 
    140.00       2.2836    1510.29 	      SKSac 
    450.00     450.00 	 SKSac 	 depth
     65.00       7.5754    1143.86 	      SKSac 
     70.00       7.4915    1181.57 	      SKSac 
     75.00       7.2632    1218.53 	      SKSac 
     80.00       6.8295    1253.84 	      SKSac 
     85.00       6.2893    1286.65 	      SKSac 
     90.00       5.7623    1316.76 	      SKSac 
     95.00       5.2817    1344.35 	      SKSac 
    100.00       4.8456    1369.65 	      SKSac 
    105.00       4.4463    1392.87 	      SKSac 
    110.00       4.0814    1414.18 	      SKSac 
    115.00       3.7409    1433.72 	      SKSac 
    120.00       3.4210    1451.62 	      SKSac 
    125.00       3.1184    1467.96 	      SKSac 
    130.00       2.8292    1482.83 	      SKSac 
    135.00       2.5521    1496.28 	      SKSac 
    140.00       2.2831    1508.36 	      SKSac 
    460.00     460.00 	 SKSac 	 depth
     65.00       7.5751    1142.07 	      SKSac 
     70.00       7.4904    1179.77 	      SKSac 
     75.00       7.2607    1216.73 	      SKSac 
     80.00       6.8259    1252.02 	      SKSac 
     85.00       6.2858    1284.81 	      SKSac 
     90.00       5.7594    1314.91 	      SKSac 
     95.00       5.2793    1342.49 	      SKSac 
    100.00       4.8436    1367.78 	      SKSac 
    105.00       4.4446    1390.98 	      SKSac 
    110.00       4.0800    1412.28 	      SKSac 
    115.00       3.7397    1431.82 	      SKSac 
    120.00       3.4200    1449.71 	      SKSac 
    125.00       3.1175    1466.05 	      SKSac 
    130.00       2.8284    1480.91 	      SKSac 
    135.00       2.5514    1494.36 	      SKSac 
    140.00       2.2825    1506.44 	      SKSac 
    470.00     470.00 	 SKSac 	 depth
     65.00       7.5748    1140.28 	      SKSac 
     70.00       7.4893    1177.99 	      SKSac 
     75.00       7.2582    1214.93 	      SKSac 
     80.00       6.8223    1250.21 	      SKSac 
     85.00       6.2823    1282.98 	      SKSac 
     90.00       5.7564    1313.06 	      SKSac 
     95.00       5.2768    1340.63 	      SKSac 
    100.00       4.8416    1365.91 	      SKSac 
    105.00       4.4429    1389.10 	      SKSac 
    110.00       4.0786    1410.39 	      SKSac 
    115.00       3.7385    1429.93 	      SKSac 
    120.00       3.4189    1447.81 	      SKSac 
    125.00       3.1165    1464.15 	      SKSac 
    130.00       2.8276    1479.00 	      SKSac 
    135.00       2.5507    1492.44 	      SKSac 
    140.00       2.2819    1504.52 	      SKSac 
    480.00     480.00 	 SKSac 	 depth
     65.00       7.5744    1138.51 	      SKSac 
     70.00       7.4882    1176.21 	      SKSac 
     75.00       7.2556    1213.15 	      SKSac 
     80.00       6.8186    1248.41 	      SKSac 
     85.00       6.2788    1281.16 	      SKSac 
     90.00       5.7534    1311.23 	      SKSac 
     95.00       5.2744    1338.78 	      SKSac 
    100.00       4.8395    1364.04 	      SKSac 
    105.00       4.4412    1387.23 	      SKSac 
    110.00       4.0771    1408.51 	      SKSac 
    115.00       3.7373    1428.04 	      SKSac 
    120.00       3.4179    1445.92 	      SKSac 
    125.00       3.1156    1462.25 	      SKSac 
    130.00       2.8268    1477.10 	      SKSac 
    135.00       2.5500    1490.54 	      SKSac 
    140.00       2.2813    1502.62 	      SKSac 
    490.00     490.00 	 SKSac 	 depth
     65.00       7.5741    1136.74 	      SKSac 
     70.00       7.4870    1174.44 	      SKSac 
     75.00       7.2530    1211.37 	      SKSac 
     80.00       6.8149    1246.62 	      SKSac 
     85.00       6.2752    1279.35 	      SKSac 
     90.00       5.7504    1309.40 	      SKSac 
     95.00       5.2719    1336.93 	      SKSac 
    100.00       4.8375    1362.19 	      SKSac 
    105.00       4.4395    1385.37 	      SKSac 
    110.00       4.0757    1406.64 	      SKSac 
    115.00       3.7360    1426.16 	      SKSac 
    120.00       3.4168    1444.04 	      SKSac 
    125.00       3.1147    1460.36 	      SKSac 
    130.00       2.8260    1475.21 	      SKSac 
    135.00       2.5493    1488.64 	      SKSac 
    140.00       2.2807    1500.72 	      SKSac 
    500.00     500.00 	 SKSac 	 depth
     65.00       7.5738    1134.99 	      SKSac 
     70.00       7.4858    1172.68 	      SKSac 
     75.00       7.2504    1209.60 	      SKSac 
     80.00       6.8112    1244.83 	      SKSac 
     85.00       6.2716    1277.55 	      SKSac 
     90.00       5.7473    1307.58 	      SKSac 
     95.00       5.2694    1335.10 	      SKSac 
    100.00       4.8354    1360.35 	      SKSac 
    105.00       4.4378    1383.51 	      SKSac 
    110.00       4.0742    1404.78 	      SKSac 
    115.00       3.7348    1424.30 	      SKSac 
    120.00       3.4157    1442.16 	      SKSac 
    125.00       3.1138    1458.48 	      SKSac 
    130.00       2.8252    1473.32 	      SKSac 
    135.00       2.5486    1486.75 	      SKSac 
    140.00       2.2801    1498.82 	      SKSac 
    510.00     510.00 	 SKSac 	 depth
     65.00       7.5734    1133.24 	      SKSac 
     70.00       7.4846    1170.93 	      SKSac 
     75.00       7.2477    1207.84 	      SKSac 
     80.00       6.8074    1243.05 	      SKSac 
     85.00       6.2680    1275.75 	      SKSac 
     90.00       5.7443    1305.77 	      SKSac 
     95.00       5.2669    1333.27 	      SKSac 
    100.00       4.8333    1358.51 	      SKSac 
    105.00       4.4360    1381.67 	      SKSac 
    110.00       4.0728    1402.93 	      SKSac 
    115.00       3.7335    1422.43 	      SKSac 
    120.00       3.4146    1440.30 	      SKSac 
    125.00       3.1128    1456.61 	      SKSac 
    130.00       2.8244    1471.45 	      SKSac 
    135.00       2.5479    1484.87 	      SKSac 
    140.00       2.2795    1496.94 	      SKSac 
    520.00     520.00 	 SKSac 	 depth
     65.00       7.5731    1131.50 	      SKSac 
     70.00       7.4834    1169.19 	      SKSac 
     75.00       7.2450    1206.09 	      SKSac 
     80.00       6.8036    1241.29 	      SKSac 
     85.00       6.2644    1273.96 	      SKSac 
     90.00       5.7412    1303.96 	      SKSac 
     95.00       5.2644    1331.46 	      SKSac 
    100.00       4.8312    1356.68 	      SKSac 
    105.00       4.4343    1379.83 	      SKSac 
    110.00       4.0713    1401.08 	      SKSac 
    115.00       3.7322    1420.58 	      SKSac 
    120.00       3.4135    1438.44 	      SKSac 
    125.00       3.1119    1454.74 	      SKSac 
    130.00       2.8236    1469.58 	      SKSac 
    135.00       2.5472    1483.00 	      SKSac 
    140.00       2.2788    1495.06 	      SKSac 
    530.00     530.00 	 SKSac 	 depth
     65.00       7.5727    1129.77 	      SKSac 
     70.00       7.4822    1167.46 	      SKSac 
     75.00       7.2422    1204.35 	      SKSac 
     80.00       6.7997    1239.53 	      SKSac 
     85.00       6.2608    1272.18 	      SKSac 
     90.00       5.7381    1302.17 	      SKSac 
     95.00       5.2618    1329.65 	      SKSac 
    100.00       4.8291    1354.86 	      SKSac 
    105.00       4.4325    1378.00 	      SKSac 
    110.00       4.0698    1399.24 	      SKSac 
    115.00       3.7310    1418.73 	      SKSac 
    120.00       3.4124    1436.58 	      SKSac 
    125.00       3.1110    1452.89 	      SKSac 
    130.00       2.8228    1467.72 	      SKSac 
    135.00       2.5465    1481.14 	      SKSac 
    140.00       2.2782    1493.20 	      SKSac 
    540.00     540.00 	 SKSac 	 depth
     65.00       7.5723    1128.05 	      SKSac 
     70.00       7.4809    1165.73 	      SKSac 
     75.00       7.2395    1202.61 	      SKSac 
     80.00       6.7959    1237.77 	      SKSac 
     85.00       6.2571    1270.41 	      SKSac 
     90.00       5.7350    1300.38 	      SKSac 
     95.00       5.2593    1327.85 	      SKSac 
    100.00       4.8270    1353.04 	      SKSac 
    105.00       4.4307    1376.17 	      SKSac 
    110.00       4.0683    1397.41 	      SKSac 
    115.00       3.7297    1416.90 	      SKSac 
    120.00       3.4113    1434.74 	      SKSac 
    125.00       3.1100    1451.04 	      SKSac 
    130.00       2.8219    1465.86 	      SKSac 
    135.00       2.5458    1479.28 	      SKSac 
    140.00       2.2776    1491.33 	      SKSac 
    550.00     550.00 	 SKSac 	 depth
     65.00       7.5719    1126.34 	      SKSac 
     70.00       7.4796    1164.02 	      SKSac 
     75.00       7.2366    1200.89 	      SKSac 
     80.00       6.7920    1236.03 	      SKSac 
     85.00       6.2534    1268.65 	      SKSac 
     90.00       5.7319    1298.60 	      SKSac 
     95.00       5.2567    1326.05 	      SKSac 
    100.00       4.8248    1351.24 	      SKSac 
    105.00       4.4289    1374.36 	      SKSac 
    110.00       4.0669    1395.58 	      SKSac 
    115.00       3.7284    1415.06 	      SKSac 
    120.00       3.4102    1432.90 	      SKSac 
    125.00       3.1091    1449.19 	      SKSac 
    130.00       2.8211    1464.02 	      SKSac 
    135.00       2.5451    1477.43 	      SKSac 
    140.00       2.2770    1489.48 	      SKSac 
    560.00     560.00 	 SKSac 	 depth
     65.00       7.5715    1124.64 	      SKSac 
     70.00       7.4783    1162.31 	      SKSac 
     75.00       7.2338    1199.17 	      SKSac 
     80.00       6.7881    1234.30 	      SKSac 
     85.00       6.2497    1266.90 	      SKSac 
     90.00       5.7287    1296.83 	      SKSac 
     95.00       5.2542    1324.27 	      SKSac 
    100.00       4.8227    1349.44 	      SKSac 
    105.00       4.4271    1372.55 	      SKSac 
    110.00       4.0653    1393.77 	      SKSac 
    115.00       3.7271    1413.24 	      SKSac 
    120.00       3.4091    1431.07 	      SKSac 
    125.00       3.1081    1447.36 	      SKSac 
    130.00       2.8203    1462.18 	      SKSac 
    135.00       2.5443    1475.58 	      SKSac 
    140.00       2.2763    1487.63 	      SKSac 
    570.00     570.00 	 SKSac 	 depth
     65.00       7.5711    1122.94 	      SKSac 
     70.00       7.4770    1160.61 	      SKSac 
     75.00       7.2309    1197.46 	      SKSac 
     80.00       6.7841    1232.57 	      SKSac 
     85.00       6.2459    1265.15 	      SKSac 
     90.00       5.7256    1295.06 	      SKSac 
     95.00       5.2516    1322.49 	      SKSac 
    100.00       4.8205    1347.65 	      SKSac 
    105.00       4.4253    1370.75 	      SKSac 
    110.00       4.0638    1391.96 	      SKSac 
    115.00       3.7258    1411.43 	      SKSac 
    120.00       3.4080    1429.25 	      SKSac 
    125.00       3.1071    1445.53 	      SKSac 
    130.00       2.8194    1460.35 	      SKSac 
    135.00       2.5436    1473.75 	      SKSac 
    140.00       2.2757    1485.80 	      SKSac 
    580.00     580.00 	 SKSac 	 depth
     65.00       7.5707    1121.26 	      SKSac 
     70.00       7.4757    1158.92 	      SKSac 
     75.00       7.2280    1195.76 	      SKSac 
     80.00       6.7801    1230.85 	      SKSac 
     85.00       6.2422    1263.41 	      SKSac 
     90.00       5.7224    1293.31 	      SKSac 
     95.00       5.2489    1320.72 	      SKSac 
    100.00       4.8183    1345.87 	      SKSac 
    105.00       4.4235    1368.96 	      SKSac 
    110.00       4.0623    1390.16 	      SKSac 
    115.00       3.7245    1409.62 	      SKSac 
    120.00       3.4069    1427.44 	      SKSac 
    125.00       3.1061    1443.71 	      SKSac 
    130.00       2.8186    1458.52 	      SKSac 
    135.00       2.5429    1471.92 	      SKSac 
    140.00       2.2751    1483.96 	      SKSac 
    590.00     590.00 	 SKSac 	 depth
     65.00       7.5703    1119.58 	      SKSac 
     70.00       7.4743    1157.24 	      SKSac 
     75.00       7.2250    1194.07 	      SKSac 
     80.00       6.7761    1229.14 	      SKSac 
     85.00       6.2384    1261.68 	      SKSac 
     90.00       5.7192    1291.56 	      SKSac 
     95.00       5.2463    1318.95 	      SKSac 
    100.00       4.8161    1344.09 	      SKSac 
    105.00       4.4217    1367.17 	      SKSac 
    110.00       4.0608    1388.37 	      SKSac 
    115.00       3.7231    1407.82 	      SKSac 
    120.00       3.4057    1425.63 	      SKSac 
    125.00       3.1052    1441.90 	      SKSac 
    130.00       2.8177    1456.70 	      SKSac 
    135.00       2.5421    1470.10 	      SKSac 
    140.00       2.2744    1482.14 	      SKSac 
    600.00     600.00 	 SKSac 	 depth
     65.00       7.5699    1117.91 	      SKSac 
     70.00       7.4729    1155.56 	      SKSac 
     75.00       7.2220    1192.38 	      SKSac 
     80.00       6.7720    1227.44 	      SKSac 
     85.00       6.2346    1259.96 	      SKSac 
     90.00       5.7160    1289.82 	      SKSac 
     95.00       5.2437    1317.20 	      SKSac 
    100.00       4.8139    1342.32 	      SKSac 
    105.00       4.4199    1365.39 	      SKSac 
    110.00       4.0592    1386.58 	      SKSac 
    115.00       3.7218    1406.02 	      SKSac 
    120.00       3.4046    1423.83 	      SKSac 
    125.00       3.1042    1440.10 	      SKSac 
    130.00       2.8169    1454.90 	      SKSac 
    135.00       2.5414    1468.29 	      SKSac 
    140.00       2.2738    1480.32 	      SKSac 
    610.00     610.00 	 SKSac 	 depth
     65.00       7.5694    1116.25 	      SKSac 
     70.00       7.4715    1153.90 	      SKSac 
     75.00       7.2189    1190.71 	      SKSac 
     80.00       6.7679    1225.74 	      SKSac 
     85.00       6.2307    1258.24 	      SKSac 
     90.00       5.7127    1288.08 	      SKSac 
     95.00       5.2410    1315.45 	      SKSac 
    100.00       4.8117    1340.56 	      SKSac 
    105.00       4.4180    1363.62 	      SKSac 
    110.00       4.0577    1384.80 	      SKSac 
    115.00       3.7204    1404.24 	      SKSac 
    120.00       3.4034    1422.04 	      SKSac 
    125.00       3.1032    1438.30 	      SKSac 
    130.00       2.8160    1453.09 	      SKSac 
    135.00       2.5406    1466.48 	      SKSac 
    140.00       2.2731    1478.51 	      SKSac 
    620.00     620.00 	 SKSac 	 depth
     65.00       7.5690    1114.59 	      SKSac 
     70.00       7.4701    1152.24 	      SKSac 
     75.00       7.2158    1189.04 	      SKSac 
     80.00       6.7638    1224.05 	      SKSac 
     85.00       6.2269    1256.53 	      SKSac 
     90.00       5.7095    1286.36 	      SKSac 
     95.00       5.2383    1313.71 	      SKSac 
    100.00       4.8094    1338.81 	      SKSac 
    105.00       4.4161    1361.86 	      SKSac 
    110.00       4.0561    1383.03 	      SKSac 
    115.00       3.7191    1402.46 	      SKSac 
    120.00       3.4022    1420.26 	      SKSac 
    125.00       3.1022    1436.51 	      SKSac 
    130.00       2.8151    1451.30 	      SKSac 
    135.00       2.5399    1464.68 	      SKSac 
    140.00       2.2725    1476.71 	      SKSac 
    630.00     630.00 	 SKSac 	 depth
     65.00       7.5685    1112.95 	      SKSac 
     70.00       7.4686    1150.59 	      SKSac 
     75.00       7.2127    1187.38 	      SKSac 
     80.00       6.7596    1222.37 	      SKSac 
     85.00       6.2230    1254.83 	      SKSac 
     90.00       5.7062    1284.64 	      SKSac 
     95.00       5.2356    1311.98 	      SKSac 
    100.00       4.8072    1337.07 	      SKSac 
    105.00       4.4143    1360.11 	      SKSac 
    110.00       4.0545    1381.27 	      SKSac 
    115.00       3.7177    1400.69 	      SKSac 
    120.00       3.4011    1418.48 	      SKSac 
    125.00       3.1012    1434.73 	      SKSac 
    130.00       2.8143    1449.51 	      SKSac 
    135.00       2.5391    1462.89 	      SKSac 
    140.00       2.2718    1474.92 	      SKSac 
    640.00     640.00 	 SKSac 	 depth
     65.00       7.5681    1111.31 	      SKSac 
     70.00       7.4671    1148.95 	      SKSac 
     75.00       7.2095    1185.72 	      SKSac 
     80.00       6.7554    1220.70 	      SKSac 
     85.00       6.2191    1253.14 	      SKSac 
     90.00       5.7029    1282.93 	      SKSac 
     95.00       5.2329    1310.25 	      SKSac 
    100.00       4.8049    1335.33 	      SKSac 
    105.00       4.4124    1358.36 	      SKSac 
    110.00       4.0529    1379.51 	      SKSac 
    115.00       3.7164    1398.92 	      SKSac 
    120.00       3.3999    1416.71 	      SKSac 
    125.00       3.1001    1432.95 	      SKSac 
    130.00       2.8134    1447.73 	      SKSac 
    135.00       2.5383    1461.11 	      SKSac 
    140.00       2.2711    1473.13 	      SKSac 
    650.00     650.00 	 SKSac 	 depth
     65.00       7.5676    1109.68 	      SKSac 
     70.00       7.4656    1147.31 	      SKSac 
     75.00       7.2063    1184.08 	      SKSac 
     80.00       6.7512    1219.04 	      SKSac 
     85.00       6.2151    1251.46 	      SKSac 
     90.00       5.6996    1281.23 	      SKSac 
     95.00       5.2302    1308.53 	      SKSac 
    100.00       4.8026    1333.60 	      SKSac 
    105.00       4.4105    1356.62 	      SKSac 
    110.00       4.0513    1377.76 	      SKSac 
    115.00       3.7150    1397.17 	      SKSac 
    120.00       3.3987    1414.94 	      SKSac 
    125.00       3.0991    1431.18 	      SKSac 
    130.00       2.8125    1445.96 	      SKSac 
    135.00       2.5376    1459.33 	      SKSac 
    140.00       2.2705    1471.35 	      SKSac 
    660.00     660.00 	 SKSac 	 depth
     65.00       7.5671    1108.06 	      SKSac 
     70.00       7.4641    1145.69 	      SKSac 
     75.00       7.2031    1182.44 	      SKSac 
     80.00       6.7469    1217.38 	      SKSac 
     85.00       6.2111    1249.78 	      SKSac 
     90.00       5.6963    1279.53 	      SKSac 
     95.00       5.2274    1306.82 	      SKSac 
    100.00       4.8003    1331.88 	      SKSac 
    105.00       4.4086    1354.88 	      SKSac 
    110.00       4.0497    1376.02 	      SKSac 
    115.00       3.7136    1395.42 	      SKSac 
    120.00       3.3975    1413.19 	      SKSac 
    125.00       3.0981    1429.42 	      SKSac 
    130.00       2.8116    1444.19 	      SKSac 
    135.00       2.5368    1457.56 	      SKSac 
    140.00       2.2698    1469.57 	      SKSac 
    670.00     670.00 	 SKSac 	 depth
     65.00       7.5665    1106.57 	      SKSac 
     70.00       7.4624    1144.19 	      SKSac 
     75.00       7.1995    1180.93 	      SKSac 
     80.00       6.7423    1215.85 	      SKSac 
     85.00       6.2069    1248.22 	      SKSac 
     90.00       5.6927    1277.96 	      SKSac 
     95.00       5.2245    1305.23 	      SKSac 
    100.00       4.7979    1330.27 	      SKSac 
    105.00       4.4065    1353.27 	      SKSac 
    110.00       4.0480    1374.39 	      SKSac 
    115.00       3.7121    1393.78 	      SKSac 
    120.00       3.3962    1411.55 	      SKSac 
    125.00       3.0970    1427.77 	      SKSac 
    130.00       2.8106    1442.54 	      SKSac 
    135.00       2.5359    1455.90 	      SKSac 
    140.00       2.2691    1467.91 	      SKSac 
    680.00     680.00 	 SKSac 	 depth
     65.00       7.5660    1105.08 	      SKSac 
     70.00       7.4607    1142.70 	      SKSac 
     75.00       7.1960    1179.42 	      SKSac 
     80.00       6.7376    1214.32 	      SKSac 
     85.00       6.2026    1246.67 	      SKSac 
     90.00       5.6891    1276.39 	      SKSac 
     95.00       5.2215    1303.65 	      SKSac 
    100.00       4.7954    1328.67 	      SKSac 
    105.00       4.4044    1351.66 	      SKSac 
    110.00       4.0463    1372.77 	      SKSac 
    115.00       3.7106    1392.15 	      SKSac 
    120.00       3.3949    1409.91 	      SKSac 
    125.00       3.0959    1426.13 	      SKSac 
    130.00       2.8097    1440.89 	      SKSac 
    135.00       2.5351    1454.25 	      SKSac 
    140.00       2.2683    1466.26 	      SKSac 
    690.00     690.00 	 SKSac 	 depth
     65.00       7.5654    1103.61 	      SKSac 
     70.00       7.4590    1141.21 	      SKSac 
     75.00       7.1923    1177.93 	      SKSac 
     80.00       6.7329    1212.80 	      SKSac 
     85.00       6.1982    1245.13 	      SKSac 
     90.00       5.6855    1274.83 	      SKSac 
     95.00       5.2185    1302.07 	      SKSac 
    100.00       4.7929    1327.08 	      SKSac 
    105.00       4.4023    1350.05 	      SKSac 
    110.00       4.0445    1371.16 	      SKSac 
    115.00       3.7091    1390.53 	      SKSac 
    120.00       3.3936    1408.28 	      SKSac 
    125.00       3.0947    1424.50 	      SKSac 
    130.00       2.8087    1439.25 	      SKSac 
    135.00       2.5343    1452.61 	      SKSac 
    140.00       2.2676    1464.61 	      SKSac 
    700.00     700.00 	 SKSac 	 depth
     65.00       7.5648    1102.14 	      SKSac 
     70.00       7.4572    1139.74 	      SKSac 
     75.00       7.1886    1176.44 	      SKSac 
     80.00       6.7282    1211.29 	      SKSac 
     85.00       6.1939    1243.60 	      SKSac 
     90.00       5.6818    1273.27 	      SKSac 
     95.00       5.2155    1300.50 	      SKSac 
    100.00       4.7903    1325.50 	      SKSac 
    105.00       4.4003    1348.46 	      SKSac 
    110.00       4.0427    1369.55 	      SKSac 
    115.00       3.7076    1388.92 	      SKSac 
    120.00       3.3923    1406.66 	      SKSac 
    125.00       3.0936    1422.87 	      SKSac 
    130.00       2.8077    1437.62 	      SKSac 
    135.00       2.5334    1450.97 	      SKSac 
    140.00       2.2669    1462.97 	      SKSac 
