     10.00      10.00 	 sS 	 depth
     20.00      20.0630     503.22 	 sS 
     20.00      22.6512     504.68 	 sS 
     20.00      23.6188     505.16 	 sS 
     20.00      16.6765     512.10 	 sS 
     25.00      15.8920     594.07 	 sS 
     25.00      18.5881     600.17 	 sS 
     30.00      15.6707     672.89 	 sS 
     35.00      15.3732     750.56 	 sS 
     40.00      14.9628     826.44 	 sS 
     45.00      14.4852     900.08 	 sS 
     50.00      13.9683     971.23 	 sS 
     55.00      13.4283    1039.72 	 sS 
     60.00      12.8730    1105.48 	 sS 
     65.00      12.3072    1168.44 	 sS 
     70.00      11.7299    1228.54 	 sS 
     75.00      11.1373    1285.71 	 sS 
     80.00      10.5249    1339.87 	 sS 
     85.00       9.8836    1390.91 	 sS 
     90.00       9.2020    1438.64 	 sS 
     95.00       8.6563    1483.02 	 sS 
     20.00      20.00 	 sS 	 depth
     20.00      20.0768     505.59 	 sS 
     20.00      22.6975     506.84 	 sS 
     20.00      23.5957     507.24 	 sS 
     20.00      16.6795     514.66 	 sS 
     25.00      15.8971     596.68 	 sS 
     25.00      18.6097     602.63 	 sS 
     30.00      15.6725     675.51 	 sS 
     35.00      15.3767     753.20 	 sS 
     40.00      14.9669     829.09 	 sS 
     45.00      14.4896     902.76 	 sS 
     50.00      13.9728     973.92 	 sS 
     55.00      13.4327    1042.44 	 sS 
     60.00      12.8773    1108.22 	 sS 
     65.00      12.3114    1171.20 	 sS 
     70.00      11.7339    1231.32 	 sS 
     75.00      11.1412    1288.51 	 sS 
     80.00      10.5287    1342.69 	 sS 
     85.00       9.8873    1393.75 	 sS 
     90.00       9.2057    1441.50 	 sS 
     95.00       8.6575    1485.89 	 sS 
     30.00      30.00 	 sS 	 depth
     20.00      20.0932     507.54 	 sS 
     20.00      22.7597     508.54 	 sS 
     20.00      23.5644     508.85 	 sS 
     20.00      16.6829     516.86 	 sS 
     25.00      15.9036     598.93 	 sS 
     25.00      18.6354     604.70 	 sS 
     30.00      15.6746     677.77 	 sS 
     35.00      15.3807     755.47 	 sS 
     40.00      14.9717     831.39 	 sS 
     45.00      14.4947     905.08 	 sS 
     50.00      13.9779     976.27 	 sS 
     55.00      13.4377    1044.81 	 sS 
     60.00      12.8822    1110.62 	 sS 
     65.00      12.3161    1173.62 	 sS 
     70.00      11.7385    1233.76 	 sS 
     75.00      11.1457    1290.98 	 sS 
     80.00      10.5330    1345.18 	 sS 
     85.00       9.8916    1396.26 	 sS 
     90.00       9.2099    1444.03 	 sS 
     95.00       8.6588    1488.44 	 sS 
     40.00      40.00 	 sS 	 depth
     20.00      20.1134     509.17 	 sS 
     20.00      22.8626     509.82 	 sS 
     20.00      23.5093     509.99 	 sS 
     20.00      16.6868     518.79 	 sS 
     25.00      15.9121     600.91 	 sS 
     25.00      18.6666     606.46 	 sS 
     30.00      15.6770     679.76 	 sS 
     35.00      15.3853     757.49 	 sS 
     40.00      14.9771     833.43 	 sS 
     45.00      14.5006     907.15 	 sS 
     50.00      13.9837     978.37 	 sS 
     55.00      13.4434    1046.94 	 sS 
     60.00      12.8878    1112.78 	 sS 
     65.00      12.3214    1175.80 	 sS 
     70.00      11.7436    1235.97 	 sS 
     75.00      11.1506    1293.21 	 sS 
     80.00      10.5379    1347.44 	 sS 
     85.00       9.8964    1398.54 	 sS 
     90.00       9.2146    1446.34 	 sS 
     95.00       8.6603    1490.76 	 sS 
     50.00      50.00 	 sS 	 depth
     20.00      20.1371     510.46 	 sS 
     20.00      23.0384     510.64 	 sS 
     20.00      23.4204     510.69 	 sS 
     20.00      16.6912     520.44 	 sS 
     25.00      15.9240     602.62 	 sS 
     25.00      15.9997     602.62 	 sS 
     25.00      18.7035     607.92 	 sS 
     30.00      15.6796     681.49 	 sS 
     35.00      15.3906     759.24 	 sS 
     40.00      14.9833     835.21 	 sS 
     45.00      14.5071     908.95 	 sS 
     50.00      13.9903     980.21 	 sS 
     55.00      13.4498    1048.81 	 sS 
     60.00      12.8940    1114.68 	 sS 
     65.00      12.3274    1177.74 	 sS 
     70.00      11.7493    1237.94 	 sS 
     75.00      11.1561    1295.21 	 sS 
     80.00      10.5432    1349.46 	 sS 
     85.00       9.9016    1400.59 	 sS 
     90.00       9.2198    1448.41 	 sS 
     95.00       8.6619    1492.86 	 sS 
     60.00      60.00 	 sS 	 depth
     20.00      20.1603     511.75 	 sS 
     20.00      16.6954     522.08 	 sS 
     25.00      15.9418     604.32 	 sS 
     25.00      18.7410     609.38 	 sS 
     30.00      15.6823     683.21 	 sS 
     35.00      15.3958     760.98 	 sS 
     40.00      14.9896     836.98 	 sS 
     45.00      14.5138     910.76 	 sS 
     50.00      13.9970     982.05 	 sS 
     55.00      13.4562    1050.69 	 sS 
     60.00      12.9003    1116.58 	 sS 
     65.00      12.3334    1179.67 	 sS 
     70.00      11.7551    1239.90 	 sS 
     75.00      11.1617    1297.20 	 sS 
     80.00      10.5486    1351.48 	 sS 
     85.00       9.9069    1402.63 	 sS 
     90.00       9.2250    1450.48 	 sS 
     95.00       8.6635    1494.95 	 sS 
     70.00      70.00 	 sS 	 depth
     20.00      20.1828     513.02 	 sS 
     20.00      16.6994     523.71 	 sS 
     25.00      16.0883     606.01 	 sS 
     25.00      15.9446     606.02 	 sS 
     25.00      18.7789     610.82 	 sS 
     30.00      15.6849     684.93 	 sS 
     35.00      15.4011     762.72 	 sS 
     40.00      14.9958     838.75 	 sS 
     45.00      14.5204     912.56 	 sS 
     50.00      14.0037     983.88 	 sS 
     55.00      13.4627    1052.55 	 sS 
     60.00      12.9066    1118.48 	 sS 
     65.00      12.3395    1181.60 	 sS 
     70.00      11.7609    1241.86 	 sS 
     75.00      11.1673    1299.18 	 sS 
     80.00      10.5540    1353.50 	 sS 
     85.00       9.9122    1404.68 	 sS 
     90.00       9.2303    1452.55 	 sS 
     95.00       8.6651    1497.04 	 sS 
     80.00      80.00 	 sS 	 depth
     20.00      20.2048     514.28 	 sS 
     20.00      16.7033     525.35 	 sS 
     25.00      16.1136     607.69 	 sS 
     25.00      18.8173     612.25 	 sS 
     30.00      15.6875     686.64 	 sS 
     35.00      15.4064     764.45 	 sS 
     40.00      15.0021     840.51 	 sS 
     45.00      14.5271     914.36 	 sS 
     50.00      14.0104     985.71 	 sS 
     55.00      13.4692    1054.42 	 sS 
     60.00      12.9129    1120.38 	 sS 
     65.00      12.3455    1183.53 	 sS 
     70.00      11.7667    1243.82 	 sS 
     75.00      11.1729    1301.17 	 sS 
     80.00      10.5595    1355.51 	 sS 
     85.00       9.9176    1406.72 	 sS 
     90.00       9.2355    1454.61 	 sS 
     95.00       8.6667    1499.12 	 sS 
     90.00      90.00 	 sS 	 depth
     20.00      20.2262     515.54 	 sS 
     20.00      16.7071     526.97 	 sS 
     25.00      16.1332     609.36 	 sS 
     25.00      18.8563     613.67 	 sS 
     30.00      15.6900     688.35 	 sS 
     35.00      15.4116     766.18 	 sS 
     40.00      15.0084     842.27 	 sS 
     45.00      14.5338     916.15 	 sS 
     50.00      14.0171     987.54 	 sS 
     55.00      13.4758    1056.28 	 sS 
     60.00      12.9193    1122.27 	 sS 
     65.00      12.3516    1185.45 	 sS 
     70.00      11.7725    1245.77 	 sS 
     75.00      11.1785    1303.15 	 sS 
     80.00      10.5649    1357.52 	 sS 
     85.00       9.9230    1408.75 	 sS 
     90.00       9.2408    1456.68 	 sS 
     95.00       8.6683    1501.21 	 sS 
    100.00     100.00 	 sS 	 depth
     20.00      20.2469     516.78 	 sS 
     20.00      16.7108     528.60 	 sS 
     25.00      16.1497     611.03 	 sS 
     25.00      18.8959     615.08 	 sS 
     30.00      15.6925     690.06 	 sS 
     35.00      15.4169     767.91 	 sS 
     40.00      15.0147     844.02 	 sS 
     45.00      14.5406     917.94 	 sS 
     50.00      14.0239     989.36 	 sS 
     55.00      13.4824    1058.13 	 sS 
     60.00      12.9257    1124.16 	 sS 
     65.00      12.3578    1187.37 	 sS 
     70.00      11.7784    1247.72 	 sS 
     75.00      11.1842    1305.13 	 sS 
     80.00      10.5704    1359.53 	 sS 
     85.00       9.9284    1410.79 	 sS 
     90.00       9.2462    1458.74 	 sS 
     95.00       8.6699    1503.29 	 sS 
    110.00     110.00 	 sS 	 depth
     20.00      20.2670     518.01 	 sS 
     20.00      16.7142     530.21 	 sS 
     25.00      16.1642     612.70 	 sS 
     25.00      18.9361     616.48 	 sS 
     30.00      15.6950     691.76 	 sS 
     35.00      15.4222     769.63 	 sS 
     40.00      15.0211     845.77 	 sS 
     45.00      14.5474     919.72 	 sS 
     50.00      14.0308     991.18 	 sS 
     55.00      13.4890    1059.98 	 sS 
     60.00      12.9322    1126.04 	 sS 
     65.00      12.3640    1189.29 	 sS 
     70.00      11.7843    1249.67 	 sS 
     75.00      11.1899    1307.11 	 sS 
     80.00      10.5760    1361.53 	 sS 
     85.00       9.9338    1412.82 	 sS 
     90.00       9.2516    1460.80 	 sS 
     95.00       8.6715    1505.37 	 sS 
    120.00     120.00 	 sS 	 depth
     20.00      20.2865     519.23 	 sS 
     20.00      16.7176     531.82 	 sS 
     25.00      16.1774     614.35 	 sS 
     25.00      18.9768     617.86 	 sS 
     30.00      15.6975     693.45 	 sS 
     35.00      15.4275     771.34 	 sS 
     40.00      15.0275     847.52 	 sS 
     45.00      14.5543     921.50 	 sS 
     50.00      14.0377     992.99 	 sS 
     55.00      13.4957    1061.83 	 sS 
     60.00      12.9387    1127.93 	 sS 
     65.00      12.3702    1191.20 	 sS 
     70.00      11.7903    1251.61 	 sS 
     75.00      11.1956    1309.08 	 sS 
     80.00      10.5815    1363.53 	 sS 
     85.00       9.9392    1414.84 	 sS 
     90.00       9.2569    1462.85 	 sS 
     95.00       8.6730    1507.44 	 sS 
    130.00     130.00 	 sS 	 depth
     20.00      20.3052     520.45 	 sS 
     20.00      16.7208     533.43 	 sS 
     25.00      16.1903     616.01 	 sS 
     25.00      19.0180     619.24 	 sS 
     25.00      23.7792     633.36 	 sS 
     30.00      15.7000     695.15 	 sS 
     35.00      15.4327     773.06 	 sS 
     40.00      15.0339     849.26 	 sS 
     45.00      14.5611     923.27 	 sS 
     50.00      14.0446     994.80 	 sS 
     55.00      13.5024    1063.68 	 sS 
     60.00      12.9453    1129.80 	 sS 
     65.00      12.3765    1193.11 	 sS 
     70.00      11.7963    1253.55 	 sS 
     75.00      11.2014    1311.05 	 sS 
     80.00      10.5871    1365.53 	 sS 
     85.00       9.9447    1416.87 	 sS 
     90.00       9.2624    1464.90 	 sS 
     95.00       8.6746    1509.52 	 sS 
    140.00     140.00 	 sS 	 depth
     20.00      20.3233     521.65 	 sS 
     20.00      16.7238     535.04 	 sS 
     25.00      16.2033     617.66 	 sS 
     25.00      19.0596     620.61 	 sS 
     25.00      23.7520     633.77 	 sS 
     30.00      15.7025     696.83 	 sS 
     35.00      15.4380     774.77 	 sS 
     40.00      15.0404     851.00 	 sS 
     45.00      14.5681     925.05 	 sS 
     50.00      14.0515     996.61 	 sS 
     55.00      13.5091    1065.52 	 sS 
     60.00      12.9519    1131.68 	 sS 
     65.00      12.3827    1195.02 	 sS 
     70.00      11.8023    1255.49 	 sS 
     75.00      11.2071    1313.02 	 sS 
     80.00      10.5928    1367.52 	 sS 
     85.00       9.9502    1418.89 	 sS 
     90.00       9.2678    1466.95 	 sS 
     95.00       8.6762    1511.59 	 sS 
    150.00     150.00 	 sS 	 depth
     20.00      20.3406     522.84 	 sS 
     20.00      16.7267     536.63 	 sS 
     25.00      16.2164     619.30 	 sS 
     25.00      19.1016     621.97 	 sS 
     25.00      21.3720     630.72 	 sS 
     25.00      23.6983     634.17 	 sS 
     30.00      15.7050     698.52 	 sS 
     35.00      15.4432     776.47 	 sS 
     40.00      15.0468     852.74 	 sS 
     45.00      14.5750     926.82 	 sS 
     50.00      14.0586     998.41 	 sS 
     55.00      13.5159    1067.36 	 sS 
     60.00      12.9585    1133.55 	 sS 
     65.00      12.3891    1196.92 	 sS 
     70.00      11.8084    1257.42 	 sS 
     75.00      11.2130    1314.98 	 sS 
     80.00      10.5984    1369.52 	 sS 
     85.00       9.9557    1420.92 	 sS 
     90.00       9.2733    1469.00 	 sS 
     95.00       8.6779    1513.66 	 sS 
    160.00     160.00 	 sS 	 depth
     20.00      20.3573     524.03 	 sS 
     20.00      16.7295     538.23 	 sS 
     25.00      16.2295     620.94 	 sS 
     25.00      19.1441     623.32 	 sS 
     25.00      21.4669     631.73 	 sS 
     25.00      23.6347     634.57 	 sS 
     30.00      15.7075     700.20 	 sS 
     35.00      15.4485     778.17 	 sS 
     40.00      15.0533     854.47 	 sS 
     45.00      14.5820     928.58 	 sS 
     50.00      14.0656    1000.21 	 sS 
     55.00      13.5227    1069.19 	 sS 
     60.00      12.9651    1135.42 	 sS 
     65.00      12.3954    1198.83 	 sS 
     70.00      11.8144    1259.36 	 sS 
     75.00      11.2188    1316.94 	 sS 
     80.00      10.6041    1371.51 	 sS 
     85.00       9.9613    1422.94 	 sS 
     90.00       9.2788    1471.05 	 sS 
     95.00       8.6795    1515.73 	 sS 
    170.00     170.00 	 sS 	 depth
     20.00      20.3731     525.21 	 sS 
     20.00      16.7321     539.82 	 sS 
     25.00      16.2427     622.57 	 sS 
     25.00      19.1870     624.65 	 sS 
     25.00      21.5683     632.71 	 sS 
     25.00      23.5680     634.98 	 sS 
     30.00      15.7101     701.88 	 sS 
     35.00      15.4537     779.87 	 sS 
     40.00      15.0599     856.20 	 sS 
     45.00      14.5890     930.34 	 sS 
     50.00      14.0727    1002.01 	 sS 
     55.00      13.5296    1071.02 	 sS 
     60.00      12.9718    1137.29 	 sS 
     65.00      12.4018    1200.73 	 sS 
     70.00      11.8206    1261.29 	 sS 
     75.00      11.2247    1318.91 	 sS 
     80.00      10.6098    1373.50 	 sS 
     85.00       9.9669    1424.95 	 sS 
     90.00       9.2843    1473.10 	 sS 
     95.00       8.6812    1517.80 	 sS 
    180.00     180.00 	 sS 	 depth
     20.00      20.3881     526.37 	 sS 
     20.00      16.7345     541.41 	 sS 
     25.00      16.2560     624.20 	 sS 
     25.00      19.2304     625.98 	 sS 
     25.00      21.6775     633.67 	 sS 
     25.00      23.5022     635.40 	 sS 
     30.00      15.7127     703.55 	 sS 
     35.00      15.4590     781.57 	 sS 
     40.00      15.0664     857.92 	 sS 
     45.00      14.5961     932.10 	 sS 
     50.00      14.0798    1003.81 	 sS 
     55.00      13.5365    1072.85 	 sS 
     60.00      12.9786    1139.15 	 sS 
     65.00      12.4083    1202.62 	 sS 
     70.00      11.8267    1263.22 	 sS 
     75.00      11.2306    1320.86 	 sS 
     80.00      10.6155    1375.49 	 sS 
     85.00       9.9725    1426.97 	 sS 
     90.00       9.2898    1475.14 	 sS 
     95.00       8.6829    1519.86 	 sS 
    190.00     190.00 	 sS 	 depth
     20.00      20.4023     527.53 	 sS 
     20.00      16.7368     542.99 	 sS 
     25.00      16.2694     625.83 	 sS 
     25.00      19.2742     627.30 	 sS 
     25.00      21.7969     634.60 	 sS 
     25.00      23.4364     635.83 	 sS 
     30.00      15.7153     705.22 	 sS 
     35.00      15.4642     783.26 	 sS 
     40.00      15.0730     859.64 	 sS 
     45.00      14.6032     933.86 	 sS 
     50.00      14.0870    1005.60 	 sS 
     55.00      13.5434    1074.68 	 sS 
     60.00      12.9854    1141.01 	 sS 
     65.00      12.4147    1204.52 	 sS 
     70.00      11.8329    1265.14 	 sS 
     75.00      11.2365    1322.82 	 sS 
     80.00      10.6213    1377.47 	 sS 
     85.00       9.9781    1428.98 	 sS 
     90.00       9.2954    1477.18 	 sS 
     95.00       8.6846    1521.93 	 sS 
    200.00     200.00 	 sS 	 depth
     20.00      20.4156     528.68 	 sS 
     20.00      16.7389     544.57 	 sS 
     25.00      16.2829     627.45 	 sS 
     25.00      19.3185     628.60 	 sS 
     25.00      21.9297     635.49 	 sS 
     25.00      23.3559     636.27 	 sS 
     30.00      15.7180     706.89 	 sS 
     35.00      15.4694     784.94 	 sS 
     40.00      15.0796     861.36 	 sS 
     45.00      14.6103     935.61 	 sS 
     50.00      14.0942    1007.39 	 sS 
     55.00      13.5504    1076.50 	 sS 
     60.00      12.9922    1142.87 	 sS 
     65.00      12.4213    1206.41 	 sS 
     70.00      11.8391    1267.07 	 sS 
     75.00      11.2425    1324.77 	 sS 
     80.00      10.6271    1379.46 	 sS 
     85.00       9.9837    1431.00 	 sS 
     90.00       9.3009    1479.22 	 sS 
     95.00       8.6864    1523.99 	 sS 
    210.00     210.00 	 sS 	 depth
     20.00      20.4281     529.82 	 sS 
     20.00      16.7408     546.15 	 sS 
     25.00      16.2964     629.06 	 sS 
     25.00      19.3632     629.89 	 sS 
     25.00      22.0851     636.33 	 sS 
     25.00      23.2450     636.73 	 sS 
     30.00      15.7207     708.55 	 sS 
     30.00      23.7491     754.56 	 sS 
     35.00      15.4747     786.63 	 sS 
     40.00      15.0862     863.07 	 sS 
     45.00      14.6175     937.36 	 sS 
     50.00      14.1015    1009.17 	 sS 
     55.00      13.5574    1078.33 	 sS 
     60.00      12.9991    1144.73 	 sS 
     65.00      12.4278    1208.30 	 sS 
     70.00      11.8454    1268.99 	 sS 
     75.00      11.2484    1326.73 	 sS 
     80.00      10.6329    1381.44 	 sS 
     85.00       9.9894    1433.01 	 sS 
     90.00       9.3065    1481.26 	 sS 
     95.00       8.6882    1526.05 	 sS 
    220.00     220.00 	 sS 	 depth
     20.00      20.4398     530.94 	 sS 
     20.00      16.7426     547.71 	 sS 
     25.00      16.3101     630.67 	 sS 
     25.00      19.4087     631.16 	 sS 
     25.00      22.3040     637.11 	 sS 
     25.00      23.0292     637.21 	 sS 
     30.00      15.7235     710.21 	 sS 
     35.00      15.4799     788.30 	 sS 
     40.00      15.0929     864.78 	 sS 
     45.00      14.6247     939.10 	 sS 
     50.00      14.1088    1010.94 	 sS 
     55.00      13.5645    1080.14 	 sS 
     60.00      13.0060    1146.57 	 sS 
     65.00      12.4344    1210.18 	 sS 
     70.00      11.8517    1270.90 	 sS 
     75.00      11.2545    1328.67 	 sS 
     80.00      10.6388    1383.41 	 sS 
     85.00       9.9951    1435.01 	 sS 
     90.00       9.3122    1483.29 	 sS 
     95.00       8.6900    1528.11 	 sS 
    230.00     230.00 	 sS 	 depth
     20.00      20.4509     532.04 	 sS 
     20.00      16.7443     549.26 	 sS 
     25.00      16.3239     632.25 	 sS 
     25.00      19.4551     632.41 	 sS 
     30.00      15.7263     711.85 	 sS 
     35.00      15.4852     789.96 	 sS 
     40.00      15.0996     866.46 	 sS 
     45.00      14.6321     940.82 	 sS 
     50.00      14.1162    1012.71 	 sS 
     55.00      13.5717    1081.93 	 sS 
     60.00      13.0130    1148.41 	 sS 
     65.00      12.4411    1212.05 	 sS 
     70.00      11.8581    1272.80 	 sS 
     75.00      11.2606    1330.60 	 sS 
     80.00      10.6447    1385.37 	 sS 
     85.00      10.0009    1437.00 	 sS 
     90.00       9.3179    1485.31 	 sS 
     95.00       8.6918    1530.15 	 sS 
    240.00     240.00 	 sS 	 depth
     20.00      20.4613     533.11 	 sS 
     20.00      16.7458     550.79 	 sS 
     25.00      19.5025     633.63 	 sS 
     25.00      16.3379     633.83 	 sS 
     30.00      15.7292     713.47 	 sS 
     35.00      15.4905     791.60 	 sS 
     40.00      15.1065     868.14 	 sS 
     45.00      14.6395     942.53 	 sS 
     50.00      14.1237    1014.46 	 sS 
     55.00      13.5789    1083.72 	 sS 
     60.00      13.0201    1150.23 	 sS 
     65.00      12.4478    1213.90 	 sS 
     70.00      11.8646    1274.69 	 sS 
     75.00      11.2667    1332.52 	 sS 
     80.00      10.6506    1387.33 	 sS 
     85.00      10.0067    1438.98 	 sS 
     90.00       9.3236    1487.32 	 sS 
     95.00       8.6937    1532.19 	 sS 
    100.00       8.3239    1574.84 	 sS 
    250.00     250.00 	 sS 	 depth
     20.00      20.4709     534.16 	 sS 
     20.00      16.7471     552.31 	 sS 
     25.00      19.5506     634.82 	 sS 
     25.00      16.3521     635.38 	 sS 
     30.00      15.7322     715.08 	 sS 
     35.00      15.4958     793.24 	 sS 
     40.00      15.1133     869.80 	 sS 
     45.00      14.6470     944.23 	 sS 
     50.00      14.1313    1016.19 	 sS 
     55.00      13.5862    1085.50 	 sS 
     60.00      13.0272    1152.04 	 sS 
     65.00      12.4547    1215.75 	 sS 
     70.00      11.8711    1276.57 	 sS 
     75.00      11.2729    1334.43 	 sS 
     80.00      10.6567    1389.27 	 sS 
     85.00      10.0126    1440.95 	 sS 
     90.00       9.3294    1489.32 	 sS 
     95.00       8.6956    1534.21 	 sS 
    100.00       8.3273    1576.88 	 sS 
    260.00     260.00 	 sS 	 depth
     20.00      20.4798     535.18 	 sS 
     20.00      16.7483     553.82 	 sS 
     25.00      19.5993     635.99 	 sS 
     25.00      16.3664     636.93 	 sS 
     30.00      15.7352     716.68 	 sS 
     35.00      15.5012     794.85 	 sS 
     40.00      15.1203     871.45 	 sS 
     45.00      14.6545     945.92 	 sS 
     50.00      14.1390    1017.92 	 sS 
     55.00      13.5936    1087.26 	 sS 
     60.00      13.0345    1153.84 	 sS 
     65.00      12.4616    1217.58 	 sS 
     70.00      11.8777    1278.44 	 sS 
     75.00      11.2792    1336.33 	 sS 
     80.00      10.6628    1391.20 	 sS 
     85.00      10.0185    1442.91 	 sS 
     90.00       9.3353    1491.31 	 sS 
     95.00       8.6975    1536.23 	 sS 
    100.00       8.3308    1578.91 	 sS 
    270.00     270.00 	 sS 	 depth
     20.00      20.4879     536.18 	 sS 
     20.00      16.7494     555.31 	 sS 
     25.00      19.6487     637.13 	 sS 
     25.00      16.3809     638.45 	 sS 
     30.00      15.7384     718.26 	 sS 
     35.00      15.5065     796.46 	 sS 
     40.00      15.1273     873.09 	 sS 
     45.00      14.6622     947.59 	 sS 
     50.00      14.1467    1019.63 	 sS 
     55.00      13.6011    1089.01 	 sS 
     60.00      13.0418    1155.63 	 sS 
     65.00      12.4685    1219.40 	 sS 
     70.00      11.8843    1280.29 	 sS 
     75.00      11.2855    1338.22 	 sS 
     80.00      10.6689    1393.12 	 sS 
     85.00      10.0245    1444.86 	 sS 
     90.00       9.3412    1493.29 	 sS 
     95.00       8.6995    1538.23 	 sS 
    100.00       8.3343    1580.93 	 sS 
    280.00     280.00 	 sS 	 depth
     20.00      20.4952     537.15 	 sS 
     20.00      16.7503     556.78 	 sS 
     25.00      19.6987     638.24 	 sS 
     25.00      16.3956     639.96 	 sS 
     30.00      15.7416     719.83 	 sS 
     35.00      15.5120     798.05 	 sS 
     40.00      15.1344     874.71 	 sS 
     45.00      14.6699     949.25 	 sS 
     50.00      14.1546    1021.33 	 sS 
     55.00      13.6087    1090.74 	 sS 
     60.00      13.0492    1157.40 	 sS 
     65.00      12.4756    1221.22 	 sS 
     70.00      11.8910    1282.14 	 sS 
     75.00      11.2919    1340.10 	 sS 
     80.00      10.6751    1395.03 	 sS 
     85.00      10.0306    1446.80 	 sS 
     90.00       9.3471    1495.26 	 sS 
     95.00       8.7016    1540.23 	 sS 
    100.00       8.3378    1582.94 	 sS 
    290.00     290.00 	 sS 	 depth
     20.00      20.5016     538.09 	 sS 
     20.00      16.7510     558.24 	 sS 
     25.00      19.7494     639.33 	 sS 
     25.00      16.4105     641.46 	 sS 
     30.00      15.7448     721.39 	 sS 
     35.00      15.5174     799.62 	 sS 
     40.00      15.1416     876.32 	 sS 
     45.00      14.6777     950.90 	 sS 
     50.00      14.1625    1023.01 	 sS 
     55.00      13.6164    1092.47 	 sS 
     60.00      13.0567    1159.16 	 sS 
     65.00      12.4827    1223.02 	 sS 
     70.00      11.8978    1283.97 	 sS 
     75.00      11.2984    1341.97 	 sS 
     80.00      10.6814    1396.93 	 sS 
     85.00      10.0366    1448.74 	 sS 
     90.00       9.3531    1497.22 	 sS 
     95.00       8.7037    1542.22 	 sS 
    100.00       8.3413    1584.94 	 sS 
    300.00     300.00 	 sS 	 depth
     20.00      20.5071     539.02 	 sS 
     20.00      16.7515     559.69 	 sS 
     25.00      19.8007     640.38 	 sS 
     25.00      16.4255     642.94 	 sS 
     30.00      15.7482     722.93 	 sS 
     30.00      17.8191     734.69 	 sS 
     35.00      15.5229     801.19 	 sS 
     40.00      15.1488     877.92 	 sS 
     45.00      14.6856     952.53 	 sS 
     50.00      14.1705    1024.69 	 sS 
     55.00      13.6241    1094.18 	 sS 
     60.00      13.0642    1160.92 	 sS 
     65.00      12.4899    1224.80 	 sS 
     70.00      11.9047    1285.80 	 sS 
     75.00      11.3049    1343.83 	 sS 
     80.00      10.6877    1398.82 	 sS 
     85.00      10.0428    1450.66 	 sS 
     90.00       9.3591    1499.17 	 sS 
     95.00       8.7058    1544.19 	 sS 
    100.00       8.3448    1586.93 	 sS 
    310.00     310.00 	 sS 	 depth
     20.00      20.5117     539.91 	 sS 
     20.00      16.7519     561.12 	 sS 
     25.00      19.8524     641.40 	 sS 
     25.00      16.4407     644.40 	 sS 
     30.00      15.7516     724.46 	 sS 
     30.00      17.8749     736.00 	 sS 
     30.00      22.5246     753.77 	 sS 
     35.00      15.5284     802.74 	 sS 
     40.00      15.1561     879.50 	 sS 
     45.00      14.6936     954.15 	 sS 
     50.00      14.1786    1026.35 	 sS 
     55.00      13.6320    1095.89 	 sS 
     60.00      13.0719    1162.66 	 sS 
     65.00      12.4971    1226.58 	 sS 
     70.00      11.9116    1287.61 	 sS 
     75.00      11.3114    1345.67 	 sS 
     80.00      10.6941    1400.70 	 sS 
     85.00      10.0490    1452.57 	 sS 
     90.00       9.3652    1501.12 	 sS 
     95.00       8.7080    1546.16 	 sS 
    100.00       8.3484    1588.91 	 sS 
    320.00     320.00 	 sS 	 depth
     20.00      20.5154     540.78 	 sS 
     20.00      16.7521     562.54 	 sS 
     25.00      19.9042     642.39 	 sS 
     25.00      16.4560     645.85 	 sS 
     30.00      15.7552     725.98 	 sS 
     30.00      17.9321     737.29 	 sS 
     30.00      22.3916     753.83 	 sS 
     35.00      15.5339     804.27 	 sS 
     40.00      15.1634     881.07 	 sS 
     45.00      14.7017     955.76 	 sS 
     50.00      14.1869    1028.00 	 sS 
     55.00      13.6400    1097.57 	 sS 
     60.00      13.0796    1164.38 	 sS 
     65.00      12.5045    1228.35 	 sS 
     70.00      11.9186    1289.41 	 sS 
     75.00      11.3181    1347.51 	 sS 
     80.00      10.7005    1402.57 	 sS 
     85.00      10.0552    1454.47 	 sS 
     90.00       9.3714    1503.05 	 sS 
     95.00       8.7102    1548.12 	 sS 
    100.00       8.3520    1590.89 	 sS 
    330.00     330.00 	 sS 	 depth
     20.00      20.5181     541.62 	 sS 
     25.00      19.9561     643.35 	 sS 
     25.00      16.4713     647.28 	 sS 
     30.00      15.7588     727.48 	 sS 
     30.00      17.9908     738.55 	 sS 
     30.00      22.2418     753.93 	 sS 
     35.00      15.5396     805.80 	 sS 
     40.00      15.1708     882.62 	 sS 
     45.00      14.7098     957.35 	 sS 
     50.00      14.1952    1029.63 	 sS 
     55.00      13.6481    1099.25 	 sS 
     60.00      13.0874    1166.10 	 sS 
     65.00      12.5119    1230.10 	 sS 
     70.00      11.9257    1291.20 	 sS 
     75.00      11.3248    1349.34 	 sS 
     80.00      10.7070    1404.43 	 sS 
     85.00      10.0615    1456.36 	 sS 
     90.00       9.3776    1504.97 	 sS 
     95.00       8.7125    1550.07 	 sS 
    100.00       8.3555    1592.85 	 sS 
    340.00     340.00 	 sS 	 depth
     20.00      20.5198     542.43 	 sS 
     25.00      20.0081     644.27 	 sS 
     25.00      16.4862     648.70 	 sS 
     30.00      15.7626     728.97 	 sS 
     30.00      18.0510     739.78 	 sS 
     30.00      22.0623     754.10 	 sS 
     35.00      15.5452     807.30 	 sS 
     40.00      15.1783     884.16 	 sS 
     45.00      14.7181     958.93 	 sS 
     50.00      14.2036    1031.25 	 sS 
     55.00      13.6563    1100.92 	 sS 
     60.00      13.0954    1167.81 	 sS 
     65.00      12.5194    1231.85 	 sS 
     70.00      11.9329    1292.98 	 sS 
     75.00      11.3316    1351.15 	 sS 
     80.00      10.7136    1406.27 	 sS 
     85.00      10.0679    1458.24 	 sS 
     90.00       9.3838    1506.88 	 sS 
     95.00       8.7148    1552.01 	 sS 
    100.00       8.3591    1594.81 	 sS 
    350.00     350.00 	 sS 	 depth
     20.00      20.5205     543.21 	 sS 
     25.00      20.0599     645.16 	 sS 
     25.00      16.5007     650.10 	 sS 
     30.00      15.7664     730.44 	 sS 
     30.00      18.1130     740.99 	 sS 
     30.00      21.8165     754.36 	 sS 
     35.00      15.5510     808.80 	 sS 
     40.00      15.1859     885.69 	 sS 
     45.00      14.7265     960.50 	 sS 
     50.00      14.2121    1032.87 	 sS 
     55.00      13.6646    1102.57 	 sS 
     60.00      13.1034    1169.50 	 sS 
     65.00      12.5270    1233.58 	 sS 
     70.00      11.9401    1294.75 	 sS 
     75.00      11.3384    1352.96 	 sS 
     80.00      10.7202    1408.11 	 sS 
     85.00      10.0743    1460.11 	 sS 
     90.00       9.3901    1508.79 	 sS 
     95.00       8.7172    1553.94 	 sS 
    100.00       8.3627    1596.75 	 sS 
    360.00     360.00 	 sS 	 depth
     25.00      20.1116     646.02 	 sS 
     25.00      16.5147     651.48 	 sS 
     30.00      15.7704     731.90 	 sS 
     30.00      18.1768     742.17 	 sS 
     35.00      15.5567     810.28 	 sS 
     40.00      15.1935     887.21 	 sS 
     45.00      14.7349     962.06 	 sS 
     50.00      14.2207    1034.46 	 sS 
     55.00      13.6730    1104.21 	 sS 
     60.00      13.1115    1171.18 	 sS 
     65.00      12.5347    1235.30 	 sS 
     70.00      11.9474    1296.51 	 sS 
     75.00      11.3454    1354.75 	 sS 
     80.00      10.7269    1409.94 	 sS 
     85.00      10.0808    1461.97 	 sS 
     90.00       9.3965    1510.68 	 sS 
     95.00       8.7196    1555.87 	 sS 
    100.00       8.3664    1598.69 	 sS 
    370.00     370.00 	 sS 	 depth
     25.00      20.1621     646.83 	 sS 
     25.00      16.5284     652.85 	 sS 
     30.00      15.7745     733.35 	 sS 
     30.00      18.2427     743.33 	 sS 
     35.00      15.5626     811.75 	 sS 
     40.00      15.2012     888.71 	 sS 
     45.00      14.7434     963.60 	 sS 
     50.00      14.2294    1036.05 	 sS 
     55.00      13.6816    1105.84 	 sS 
     60.00      13.1197    1172.85 	 sS 
     65.00      12.5425    1237.01 	 sS 
     70.00      11.9548    1298.26 	 sS 
     75.00      11.3524    1356.53 	 sS 
     80.00      10.7337    1411.76 	 sS 
     85.00      10.0873    1463.83 	 sS 
     90.00       9.4029    1512.56 	 sS 
     95.00       8.7221    1557.78 	 sS 
    100.00       8.3700    1600.62 	 sS 
    380.00     380.00 	 sS 	 depth
     25.00      20.2109     647.61 	 sS 
     25.00      16.5417     654.20 	 sS 
     30.00      15.7788     734.78 	 sS 
     30.00      18.3107     744.46 	 sS 
     35.00      15.5684     813.20 	 sS 
     40.00      15.2090     890.20 	 sS 
     45.00      14.7521     965.13 	 sS 
     50.00      14.2382    1037.62 	 sS 
     55.00      13.6902    1107.46 	 sS 
     60.00      13.1280    1174.51 	 sS 
     65.00      12.5504    1238.71 	 sS 
     70.00      11.9623    1300.00 	 sS 
     75.00      11.3595    1358.31 	 sS 
     80.00      10.7405    1413.57 	 sS 
     85.00      10.0940    1465.67 	 sS 
     90.00       9.4094    1514.44 	 sS 
     95.00       8.7247    1559.69 	 sS 
    100.00       8.3737    1602.54 	 sS 
    390.00     390.00 	 sS 	 depth
     25.00      20.2579     648.34 	 sS 
     25.00      16.5547     655.54 	 sS 
     30.00      15.7832     736.20 	 sS 
     30.00      18.3812     745.56 	 sS 
     35.00      15.5744     814.64 	 sS 
     40.00      15.2169     891.67 	 sS 
     45.00      14.7608     966.64 	 sS 
     50.00      14.2471    1039.18 	 sS 
     55.00      13.6990    1109.06 	 sS 
     60.00      13.1364    1176.16 	 sS 
     65.00      12.5583    1240.40 	 sS 
     70.00      11.9698    1301.72 	 sS 
     75.00      11.3666    1360.07 	 sS 
     80.00      10.7474    1415.37 	 sS 
     85.00      10.1006    1467.50 	 sS 
     90.00       9.4159    1516.31 	 sS 
     95.00       8.7274    1561.58 	 sS 
    100.00       8.3773    1604.45 	 sS 
    400.00     400.00 	 sS 	 depth
     25.00      20.3028     649.04 	 sS 
     25.00      16.5672     656.86 	 sS 
     30.00      15.7877     737.60 	 sS 
     30.00      18.4548     746.63 	 sS 
     35.00      15.5804     816.06 	 sS 
     40.00      15.2248     893.13 	 sS 
     45.00      14.7697     968.15 	 sS 
     50.00      14.2561    1040.73 	 sS 
     55.00      13.7079    1110.65 	 sS 
     60.00      13.1449    1177.79 	 sS 
     65.00      12.5663    1242.07 	 sS 
     70.00      11.9775    1303.44 	 sS 
     75.00      11.3739    1361.83 	 sS 
     80.00      10.7544    1417.16 	 sS 
     85.00      10.1074    1469.32 	 sS 
     90.00       9.4225    1518.16 	 sS 
     95.00       8.7301    1563.47 	 sS 
    100.00       8.3810    1606.35 	 sS 
    410.00     410.00 	 sS 	 depth
     25.00      20.3455     649.69 	 sS 
     25.00      16.5793     658.16 	 sS 
     30.00      15.7925     738.99 	 sS 
     30.00      18.5324     747.67 	 sS 
     35.00      15.5864     817.48 	 sS 
     40.00      15.2328     894.58 	 sS 
     45.00      14.7786     969.64 	 sS 
     50.00      14.2653    1042.26 	 sS 
     55.00      13.7169    1112.23 	 sS 
     60.00      13.1535    1179.42 	 sS 
     65.00      12.5745    1243.74 	 sS 
     70.00      11.9852    1305.14 	 sS 
     75.00      11.3812    1363.57 	 sS 
     80.00      10.7614    1418.94 	 sS 
     85.00      10.1142    1471.14 	 sS 
     90.00       9.4291    1520.01 	 sS 
     95.00       8.7329    1565.35 	 sS 
    100.00       8.3847    1608.24 	 sS 
    420.00     420.00 	 sS 	 depth
     25.00      16.5924     659.31 	 sS 
     30.00      15.7979     740.24 	 sS 
     30.00      18.6336     748.49 	 sS 
     35.00      15.5932     818.75 	 sS 
     40.00      15.2417     895.89 	 sS 
     45.00      14.7885     971.00 	 sS 
     50.00      14.2752    1043.68 	 sS 
     55.00      13.7267    1113.69 	 sS 
     60.00      13.1628    1180.92 	 sS 
     65.00      12.5832    1245.29 	 sS 
     70.00      11.9935    1306.74 	 sS 
     75.00      11.3890    1365.20 	 sS 
     80.00      10.7689    1420.61 	 sS 
     85.00      10.1214    1472.85 	 sS 
     90.00       9.4362    1521.76 	 sS 
     95.00       8.7360    1567.13 	 sS 
    100.00       8.3886    1610.04 	 sS 
    430.00     430.00 	 sS 	 depth
     25.00      16.6051     660.44 	 sS 
     30.00      15.8036     741.48 	 sS 
     30.00      18.7467     749.26 	 sS 
     35.00      15.5999     820.01 	 sS 
     40.00      15.2506     897.19 	 sS 
     45.00      14.7984     972.34 	 sS 
     50.00      14.2854    1045.07 	 sS 
     55.00      13.7367    1115.14 	 sS 
     60.00      13.1722    1182.42 	 sS 
     65.00      12.5921    1246.83 	 sS 
     70.00      12.0019    1308.32 	 sS 
     75.00      11.3970    1366.83 	 sS 
     80.00      10.7765    1422.27 	 sS 
     85.00      10.1287    1474.55 	 sS 
     90.00       9.4433    1523.49 	 sS 
     95.00       8.7392    1568.90 	 sS 
    100.00       8.3926    1611.82 	 sS 
    440.00     440.00 	 sS 	 depth
     25.00      16.6173     661.56 	 sS 
     30.00      15.8096     742.70 	 sS 
     30.00      18.8769     749.98 	 sS 
     35.00      15.6068     821.25 	 sS 
     40.00      15.2596     898.47 	 sS 
     45.00      14.8086     973.67 	 sS 
     50.00      14.2957    1046.45 	 sS 
     55.00      13.7469    1116.57 	 sS 
     60.00      13.1818    1183.90 	 sS 
     65.00      12.6011    1248.36 	 sS 
     70.00      12.0104    1309.89 	 sS 
     75.00      11.4050    1368.44 	 sS 
     80.00      10.7841    1423.92 	 sS 
     85.00      10.1361    1476.24 	 sS 
     90.00       9.4505    1525.22 	 sS 
     95.00       8.7424    1570.66 	 sS 
    100.00       8.3965    1613.60 	 sS 
    450.00     450.00 	 sS 	 depth
     25.00      16.6290     662.65 	 sS 
     30.00      15.8159     743.90 	 sS 
     30.00      19.0346     750.63 	 sS 
     30.00      20.0480     751.29 	 sS 
     35.00      15.6138     822.48 	 sS 
     40.00      15.2688     899.73 	 sS 
     45.00      14.8188     974.99 	 sS 
     50.00      14.3061    1047.82 	 sS 
     55.00      13.7572    1117.99 	 sS 
     60.00      13.1915    1185.37 	 sS 
     65.00      12.6102    1249.87 	 sS 
     70.00      12.0190    1311.45 	 sS 
     75.00      11.4132    1370.04 	 sS 
     80.00      10.7919    1425.56 	 sS 
     85.00      10.1436    1477.92 	 sS 
     90.00       9.4577    1526.93 	 sS 
     95.00       8.7458    1572.41 	 sS 
    100.00       8.4005    1615.37 	 sS 
    460.00     460.00 	 sS 	 depth
     25.00      16.6403     663.73 	 sS 
     30.00      15.8227     745.08 	 sS 
     30.00      19.2538     751.19 	 sS 
     30.00      19.8930     751.34 	 sS 
     35.00      15.6209     823.68 	 sS 
     40.00      15.2781     900.98 	 sS 
     45.00      14.8293     976.29 	 sS 
     50.00      14.3167    1049.17 	 sS 
     55.00      13.7677    1119.39 	 sS 
     60.00      13.2013    1186.82 	 sS 
     65.00      12.6194    1251.38 	 sS 
     70.00      12.0277    1313.00 	 sS 
     75.00      11.4215    1371.63 	 sS 
     80.00      10.7997    1427.19 	 sS 
     85.00      10.1512    1479.58 	 sS 
     90.00       9.4651    1528.64 	 sS 
     95.00       8.7494    1574.15 	 sS 
    100.00       8.4045    1617.12 	 sS 
    470.00     470.00 	 sS 	 depth
     25.00      16.6512     664.78 	 sS 
     30.00      15.8298     746.25 	 sS 
     35.00      15.6278     824.88 	 sS 
     40.00      15.2875     902.22 	 sS 
     45.00      14.8398     977.57 	 sS 
     50.00      14.3275    1050.51 	 sS 
     55.00      13.7783    1120.78 	 sS 
     60.00      13.2113    1188.26 	 sS 
     65.00      12.6288    1252.86 	 sS 
     70.00      12.0365    1314.53 	 sS 
     75.00      11.4298    1373.21 	 sS 
     80.00      10.8077    1428.81 	 sS 
     85.00      10.1589    1481.24 	 sS 
     90.00       9.4725    1530.33 	 sS 
     95.00       8.7531    1575.88 	 sS 
    100.00       8.4085    1618.87 	 sS 
    480.00     480.00 	 sS 	 depth
     25.00      16.6617     665.81 	 sS 
     30.00      15.8376     747.40 	 sS 
     35.00      15.6344     826.05 	 sS 
     40.00      15.2970     903.43 	 sS 
     45.00      14.8506     978.84 	 sS 
     50.00      14.3384    1051.83 	 sS 
     55.00      13.7891    1122.16 	 sS 
     60.00      13.2214    1189.69 	 sS 
     65.00      12.6383    1254.34 	 sS 
     70.00      12.0455    1316.06 	 sS 
     75.00      11.4383    1374.77 	 sS 
     80.00      10.8157    1430.42 	 sS 
     85.00      10.1666    1482.89 	 sS 
     90.00       9.4799    1532.02 	 sS 
     95.00       8.7570    1577.60 	 sS 
    100.00       8.4125    1620.61 	 sS 
    490.00     490.00 	 sS 	 depth
     25.00      16.6717     666.82 	 sS 
     30.00      15.8459     748.53 	 sS 
     35.00      15.6408     827.21 	 sS 
     40.00      15.3067     904.63 	 sS 
     45.00      14.8615     980.09 	 sS 
     50.00      14.3495    1053.14 	 sS 
     55.00      13.8000    1123.52 	 sS 
     60.00      13.2317    1191.10 	 sS 
     65.00      12.6479    1255.81 	 sS 
     70.00      12.0545    1317.57 	 sS 
     75.00      11.4469    1376.33 	 sS 
     80.00      10.8238    1432.02 	 sS 
     85.00      10.1744    1484.52 	 sS 
     90.00       9.4875    1533.69 	 sS 
     95.00       8.7610    1579.31 	 sS 
    100.00       8.4165    1622.34 	 sS 
    500.00     500.00 	 sS 	 depth
     25.00      16.6814     667.82 	 sS 
     30.00      15.8551     749.64 	 sS 
     35.00      15.6469     828.35 	 sS 
     40.00      15.3164     905.81 	 sS 
     45.00      14.8726     981.32 	 sS 
     50.00      14.3608    1054.43 	 sS 
     55.00      13.8111    1124.87 	 sS 
     60.00      13.2420    1192.50 	 sS 
     65.00      12.6576    1257.26 	 sS 
     70.00      12.0637    1319.06 	 sS 
     75.00      11.4556    1377.87 	 sS 
     80.00      10.8320    1433.60 	 sS 
     85.00      10.1823    1486.15 	 sS 
     90.00       9.4951    1535.36 	 sS 
     95.00       8.7653    1581.02 	 sS 
    100.00       8.4206    1624.05 	 sS 
    510.00     510.00 	 sS 	 depth
     25.00      16.6905     668.79 	 sS 
     30.00      15.8653     750.74 	 sS 
     35.00      15.6529     829.47 	 sS 
     40.00      15.3263     906.98 	 sS 
     45.00      14.8838     982.54 	 sS 
     50.00      14.3723    1055.70 	 sS 
     55.00      13.8223    1126.20 	 sS 
     60.00      13.2526    1193.89 	 sS 
     65.00      12.6675    1258.69 	 sS 
     70.00      12.0730    1320.55 	 sS 
     75.00      11.4644    1379.40 	 sS 
     80.00      10.8403    1435.18 	 sS 
     85.00      10.1904    1487.77 	 sS 
     90.00       9.5028    1537.01 	 sS 
     95.00       8.7698    1582.71 	 sS 
    100.00       8.4247    1625.76 	 sS 
    520.00     520.00 	 sS 	 depth
     25.00      16.6991     669.74 	 sS 
     30.00      15.8769     751.81 	 sS 
     35.00      15.6587     830.58 	 sS 
     40.00      15.3364     908.13 	 sS 
     45.00      14.8953     983.75 	 sS 
     50.00      14.3839    1056.97 	 sS 
     55.00      13.8337    1127.52 	 sS 
     60.00      13.2633    1195.27 	 sS 
     65.00      12.6775    1260.12 	 sS 
     70.00      12.0824    1322.03 	 sS 
     75.00      11.4734    1380.92 	 sS 
     80.00      10.8488    1436.74 	 sS 
     85.00      10.1984    1489.37 	 sS 
     90.00       9.5105    1538.66 	 sS 
     95.00       8.7747    1584.39 	 sS 
    100.00       8.4288    1627.46 	 sS 
    530.00     530.00 	 sS 	 depth
     25.00      16.7072     670.67 	 sS 
     30.00      15.8908     752.87 	 sS 
     35.00      15.6644     831.67 	 sS 
     40.00      15.3465     909.26 	 sS 
     45.00      14.9069     984.93 	 sS 
     50.00      14.3958    1058.21 	 sS 
     55.00      13.8453    1128.83 	 sS 
     60.00      13.2741    1196.63 	 sS 
     65.00      12.6877    1261.53 	 sS 
     70.00      12.0920    1323.49 	 sS 
     75.00      11.4824    1382.43 	 sS 
     80.00      10.8573    1438.29 	 sS 
     85.00      10.2066    1490.96 	 sS 
     90.00       9.5184    1540.29 	 sS 
     95.00       8.7798    1586.07 	 sS 
    100.00       8.4329    1629.15 	 sS 
    540.00     540.00 	 sS 	 depth
     25.00      16.7148     671.57 	 sS 
     30.00      15.9086     753.91 	 sS 
     30.00      16.0052     753.92 	 sS 
     35.00      15.6700     832.74 	 sS 
     35.00      19.0312     849.45 	 sS 
     40.00      15.3569     910.38 	 sS 
     45.00      14.9187     986.10 	 sS 
     50.00      14.4079    1059.44 	 sS 
     55.00      13.8570    1130.12 	 sS 
     60.00      13.2852    1197.97 	 sS 
     65.00      12.6980    1262.93 	 sS 
     70.00      12.1016    1324.94 	 sS 
     75.00      11.4916    1383.93 	 sS 
     80.00      10.8659    1439.83 	 sS 
     85.00      10.2149    1492.55 	 sS 
     90.00       9.5263    1541.92 	 sS 
     95.00       8.7854    1587.73 	 sS 
    100.00       8.4371    1630.84 	 sS 
    550.00     550.00 	 sS 	 depth
     25.00      16.7218     672.46 	 sS 
     30.00      16.1001     754.92 	 sS 
     30.00      15.9400     754.92 	 sS 
     35.00      15.6755     833.79 	 sS 
     35.00      18.8919     849.53 	 sS 
     40.00      15.3673     911.47 	 sS 
     45.00      14.9307     987.26 	 sS 
     50.00      14.4201    1060.66 	 sS 
     55.00      13.8689    1131.39 	 sS 
     60.00      13.2963    1199.31 	 sS 
     65.00      12.7085    1264.32 	 sS 
     70.00      12.1114    1326.38 	 sS 
     75.00      11.5010    1385.41 	 sS 
     80.00      10.8747    1441.36 	 sS 
     85.00      10.2233    1494.12 	 sS 
     90.00       9.5343    1543.53 	 sS 
     95.00       8.7915    1589.39 	 sS 
    100.00       8.4412    1632.51 	 sS 
    560.00     560.00 	 sS 	 depth
     25.00      16.7282     673.32 	 sS 
     30.00      16.1482     755.89 	 sS 
     35.00      15.6809     834.83 	 sS 
     35.00      18.7193     849.69 	 sS 
     40.00      15.3780     912.55 	 sS 
     45.00      14.9429     988.39 	 sS 
     50.00      14.4326    1061.86 	 sS 
     55.00      13.8811    1132.65 	 sS 
     60.00      13.3077    1200.63 	 sS 
     65.00      12.7191    1265.70 	 sS 
     70.00      12.1214    1327.80 	 sS 
     75.00      11.5104    1386.89 	 sS 
     80.00      10.8835    1442.88 	 sS 
     85.00      10.2318    1495.69 	 sS 
     90.00       9.5424    1545.14 	 sS 
     95.00       8.7984    1591.03 	 sS 
    100.00       8.4454    1634.17 	 sS 
    570.00     570.00 	 sS 	 depth
     25.00      16.7339     674.16 	 sS 
     30.00      16.1808     756.83 	 sS 
     35.00      15.6862     835.85 	 sS 
     35.00      18.4492     849.93 	 sS 
     40.00      15.3888     913.61 	 sS 
     45.00      14.9554     989.52 	 sS 
     50.00      14.4453    1063.04 	 sS 
     55.00      13.8934    1133.90 	 sS 
     60.00      13.3192    1201.93 	 sS 
     65.00      12.7299    1267.06 	 sS 
     70.00      12.1315    1329.22 	 sS 
     75.00      11.5200    1388.35 	 sS 
     80.00      10.8925    1444.39 	 sS 
     85.00      10.2404    1497.24 	 sS 
     90.00       9.5505    1546.73 	 sS 
     95.00       8.8061    1592.67 	 sS 
    100.00       8.4496    1635.83 	 sS 
    580.00     580.00 	 sS 	 depth
     25.00      16.7388     674.98 	 sS 
     30.00      16.2118     757.74 	 sS 
     35.00      15.6915     836.85 	 sS 
     40.00      15.3997     914.66 	 sS 
     45.00      14.9681     990.62 	 sS 
     50.00      14.4583    1064.21 	 sS 
     55.00      13.9059    1135.13 	 sS 
     60.00      13.3309    1203.22 	 sS 
     65.00      12.7408    1268.41 	 sS 
     70.00      12.1417    1330.62 	 sS 
     75.00      11.5297    1389.80 	 sS 
     80.00      10.9015    1445.89 	 sS 
     85.00      10.2490    1498.78 	 sS 
     90.00       9.5588    1548.32 	 sS 
     95.00       8.8150    1594.29 	 sS 
    100.00       8.4539    1637.47 	 sS 
    590.00     590.00 	 sS 	 depth
     25.00      16.7431     675.77 	 sS 
     30.00      16.2439     758.64 	 sS 
     35.00      15.6967     837.83 	 sS 
     40.00      15.4109     915.68 	 sS 
     45.00      14.9810     991.70 	 sS 
     50.00      14.4715    1065.36 	 sS 
     55.00      13.9186    1136.35 	 sS 
     60.00      13.3428    1204.50 	 sS 
     65.00      12.7519    1269.74 	 sS 
     70.00      12.1521    1332.01 	 sS 
     75.00      11.5396    1391.24 	 sS 
     80.00      10.9107    1447.38 	 sS 
     85.00      10.2578    1500.31 	 sS 
     90.00       9.5671    1549.89 	 sS 
     95.00       8.8242    1595.91 	 sS 
    100.00       8.4581    1639.11 	 sS 
    600.00     600.00 	 sS 	 depth
     25.00      16.7466     676.54 	 sS 
     30.00      16.2773     759.50 	 sS 
     35.00      15.7019     838.79 	 sS 
     40.00      15.4221     916.69 	 sS 
     45.00      14.9941     992.77 	 sS 
     50.00      14.4850    1066.50 	 sS 
     55.00      13.9315    1137.55 	 sS 
     60.00      13.3549    1205.77 	 sS 
     65.00      12.7632    1271.07 	 sS 
     70.00      12.1626    1333.38 	 sS 
     75.00      11.5495    1392.67 	 sS 
     80.00      10.9200    1448.85 	 sS 
     85.00      10.2667    1501.83 	 sS 
     90.00       9.5755    1551.46 	 sS 
     95.00       8.8333    1597.52 	 sS 
    100.00       8.4625    1640.73 	 sS 
    610.00     610.00 	 sS 	 depth
     25.00      16.7492     677.28 	 sS 
     30.00      16.3120     760.34 	 sS 
     35.00      15.7072     839.73 	 sS 
     40.00      15.4334     917.68 	 sS 
     45.00      15.0076     993.82 	 sS 
     50.00      14.4987    1067.61 	 sS 
     55.00      13.9446    1138.74 	 sS 
     60.00      13.3672    1207.02 	 sS 
     65.00      12.7747    1272.38 	 sS 
     70.00      12.1732    1334.75 	 sS 
     75.00      11.5596    1394.09 	 sS 
     80.00      10.9294    1450.32 	 sS 
     85.00      10.2757    1503.35 	 sS 
     90.00       9.5841    1553.01 	 sS 
     95.00       8.8425    1599.12 	 sS 
    100.00       8.4668    1642.35 	 sS 
    620.00     620.00 	 sS 	 depth
     25.00      16.7511     678.01 	 sS 
     30.00      16.3482     761.15 	 sS 
     35.00      15.7128     840.66 	 sS 
     40.00      15.4449     918.65 	 sS 
     45.00      15.0212     994.86 	 sS 
     50.00      14.5127    1068.72 	 sS 
     55.00      13.9580    1139.91 	 sS 
     60.00      13.3797    1208.25 	 sS 
     65.00      12.7863    1273.67 	 sS 
     70.00      12.1841    1336.10 	 sS 
     75.00      11.5698    1395.49 	 sS 
     80.00      10.9390    1451.77 	 sS 
     85.00      10.2848    1504.85 	 sS 
     90.00       9.5927    1554.56 	 sS 
     95.00       8.8518    1600.71 	 sS 
    100.00       8.4712    1643.96 	 sS 
    630.00     630.00 	 sS 	 depth
     25.00      16.7520     678.70 	 sS 
     30.00      16.3861     761.93 	 sS 
     35.00      15.7186     841.56 	 sS 
     40.00      15.4565     919.59 	 sS 
     45.00      15.0352     995.87 	 sS 
     50.00      14.5269    1069.80 	 sS 
     55.00      13.9716    1141.06 	 sS 
     60.00      13.3923    1209.47 	 sS 
     65.00      12.7981    1274.96 	 sS 
     70.00      12.1951    1337.44 	 sS 
     75.00      11.5802    1396.89 	 sS 
     80.00      10.9487    1453.22 	 sS 
     85.00      10.2940    1506.34 	 sS 
     90.00       9.6014    1556.10 	 sS 
     95.00       8.8611    1602.29 	 sS 
    100.00       8.4757    1645.56 	 sS 
    640.00     640.00 	 sS 	 depth
     30.00      16.4259     762.69 	 sS 
     35.00      15.7248     842.45 	 sS 
     40.00      15.4682     920.52 	 sS 
     45.00      15.0494     996.87 	 sS 
     50.00      14.5415    1070.87 	 sS 
     55.00      13.9855    1142.20 	 sS 
     60.00      13.4053    1210.68 	 sS 
     65.00      12.8102    1276.23 	 sS 
     70.00      12.2062    1338.77 	 sS 
     75.00      11.5907    1398.27 	 sS 
     80.00      10.9585    1454.65 	 sS 
     85.00      10.3033    1507.82 	 sS 
     90.00       9.6103    1557.62 	 sS 
     95.00       8.8704    1603.86 	 sS 
    100.00       8.4802    1647.15 	 sS 
    650.00     650.00 	 sS 	 depth
     30.00      16.4677     763.41 	 sS 
     35.00      15.7313     843.31 	 sS 
     40.00      15.4800     921.43 	 sS 
     40.00      17.8969     942.23 	 sS 
     45.00      15.0639     997.84 	 sS 
     50.00      14.5564    1071.92 	 sS 
     55.00      13.9997    1143.33 	 sS 
     60.00      13.4184    1211.88 	 sS 
     65.00      12.8224    1277.48 	 sS 
     70.00      12.2175    1340.09 	 sS 
     75.00      11.6013    1399.64 	 sS 
     80.00      10.9684    1456.07 	 sS 
     85.00      10.3127    1509.29 	 sS 
     90.00       9.6192    1559.14 	 sS 
     95.00       8.8798    1605.42 	 sS 
    100.00       8.4848    1648.74 	 sS 
    660.00     660.00 	 sS 	 depth
     30.00      16.5079     764.09 	 sS 
     35.00      15.7381     844.16 	 sS 
     40.00      15.4920     922.32 	 sS 
     45.00      15.0788     998.80 	 sS 
     50.00      14.5716    1072.96 	 sS 
     55.00      14.0142    1144.44 	 sS 
     60.00      13.4318    1213.06 	 sS 
     65.00      12.8348    1278.73 	 sS 
     70.00      12.2290    1341.39 	 sS 
     75.00      11.6121    1401.00 	 sS 
     80.00      10.9785    1457.48 	 sS 
     85.00      10.3223    1510.75 	 sS 
     90.00       9.6283    1560.65 	 sS 
     95.00       8.8892    1606.97 	 sS 
    100.00       8.4894    1650.31 	 sS 
    670.00     670.00 	 sS 	 depth
     35.00      15.7489     844.72 	 sS 
     40.00      15.5089     922.95 	 sS 
     45.00      15.0987     999.52 	 sS 
     50.00      14.5910    1073.78 	 sS 
     55.00      14.0320    1145.35 	 sS 
     60.00      13.4477    1214.05 	 sS 
     65.00      12.8494    1279.80 	 sS 
     70.00      12.2423    1342.53 	 sS 
     75.00      11.6243    1402.21 	 sS 
     80.00      10.9898    1458.75 	 sS 
     85.00      10.3329    1512.07 	 sS 
     90.00       9.6384    1562.02 	 sS 
     95.00       8.8995    1608.39 	 sS 
    100.00       8.4945    1651.75 	 sS 
    680.00     680.00 	 sS 	 depth
     35.00      15.7611     845.24 	 sS 
     40.00      15.5265     923.54 	 sS 
     45.00      15.1194    1000.21 	 sS 
     50.00      14.6111    1074.57 	 sS 
     55.00      14.0503    1146.24 	 sS 
     60.00      13.4641    1215.03 	 sS 
     65.00      12.8643    1280.86 	 sS 
     70.00      12.2557    1343.66 	 sS 
     75.00      11.6367    1403.40 	 sS 
     80.00      11.0013    1460.00 	 sS 
     85.00      10.3437    1513.37 	 sS 
     90.00       9.6486    1563.37 	 sS 
     95.00       8.9099    1609.80 	 sS 
    100.00       8.4996    1653.19 	 sS 
    690.00     690.00 	 sS 	 depth
     35.00      15.7755     845.73 	 sS 
     40.00      15.5451     924.10 	 sS 
     45.00      15.1411    1000.88 	 sS 
     50.00      14.6320    1075.34 	 sS 
     55.00      14.0693    1147.11 	 sS 
     60.00      13.4808    1215.99 	 sS 
     65.00      12.8795    1281.90 	 sS 
     70.00      12.2695    1344.77 	 sS 
     75.00      11.6493    1404.57 	 sS 
     80.00      11.0130    1461.24 	 sS 
     85.00      10.3546    1514.67 	 sS 
     90.00       9.6589    1564.72 	 sS 
     95.00       8.9204    1611.20 	 sS 
    100.00       8.5048    1654.61 	 sS 
    700.00     700.00 	 sS 	 depth
     35.00      15.7929     846.18 	 sS 
     40.00      15.5650     924.63 	 sS 
     45.00      15.1640    1001.51 	 sS 
     50.00      14.6537    1076.09 	 sS 
     55.00      14.0889    1147.96 	 sS 
     60.00      13.4981    1216.93 	 sS 
     65.00      12.8951    1282.92 	 sS 
     70.00      12.2835    1345.87 	 sS 
     75.00      11.6621    1405.74 	 sS 
     80.00      11.0248    1462.46 	 sS 
     85.00      10.3657    1515.95 	 sS 
     90.00       9.6694    1566.06 	 sS 
     95.00       8.9309    1612.59 	 sS 
    100.00       8.5101    1656.03 	 sS 
