      0.00       0.00 	 PnPn 	 depth
     20.00      13.7007     289.79 	       PnPn 
     25.00      13.6678     358.22 	       PnPn 
     30.00      13.6261     426.46 	       PnPn 
     30.00      13.2297     426.60 	       PnPn 
     30.00      13.5040     426.83 	       PnPn 
     35.00      12.4475     490.77 	       PnPn 
     35.00      13.5854     494.48 	       PnPn 
     35.00      13.5580     494.50 	       PnPn 
     35.00      13.5446     494.51 	       PnPn 
     40.00      11.8584     551.52 	       PnPn 
     10.00      10.00 	 PnPn 	 depth
     20.00      13.7001     288.59 	       PnPn 
     25.00      13.6671     357.01 	       PnPn 
     30.00      13.6252     425.24 	       PnPn 
     30.00      13.2177     425.36 	       PnPn 
     30.00      13.5062     425.60 	       PnPn 
     35.00      12.4378     489.46 	       PnPn 
     35.00      13.5846     493.26 	       PnPn 
     35.00      13.5577     493.29 	       PnPn 
     40.00      11.8501     550.17 	       PnPn 
     20.00      20.00 	 PnPn 	 depth
     20.00      13.6996     287.38 	       PnPn 
     25.00      13.6664     355.80 	       PnPn 
     30.00      13.6242     424.03 	       PnPn 
     30.00      13.2056     424.11 	       PnPn 
     30.00      13.5084     424.38 	       PnPn 
     35.00      12.4282     488.15 	       PnPn 
     35.00      13.5837     492.05 	       PnPn 
     35.00      13.5574     492.07 	       PnPn 
     40.00      11.8417     548.82 	       PnPn 
     30.00      30.00 	 PnPn 	 depth
     20.00      13.6989     286.47 	       PnPn 
     25.00      13.6655     354.88 	       PnPn 
     30.00      13.6230     423.11 	       PnPn 
     30.00      13.1900     423.14 	       PnPn 
     30.00      13.5111     423.45 	       PnPn 
     35.00      12.4163     487.09 	       PnPn 
     35.00      13.5824     491.12 	       PnPn 
     35.00      13.5570     491.14 	       PnPn 
     40.00      11.8314     547.71 	       PnPn 
     40.00      40.00 	 PnPn 	 depth
     20.00      13.6954     285.96 	       PnPn 
     25.00      13.6621     354.35 	       PnPn 
     30.00      13.1604     422.47 	       PnPn 
     30.00      13.6193     422.56 	       PnPn 
     30.00      13.5176     422.86 	       PnPn 
     35.00      12.3989     486.30 	       PnPn 
     35.00      13.5782     490.56 	       PnPn 
     35.00      13.5550     490.57 	       PnPn 
     40.00      11.8173     546.84 	       PnPn 
     50.00      50.00 	 PnPn 	 depth
     20.00      13.6883     285.87 	       PnPn 
     25.00      13.6558     354.23 	       PnPn 
     30.00      13.1178     422.11 	       PnPn 
     30.00      13.6132     422.40 	       PnPn 
     30.00      13.5277     422.65 	       PnPn 
     35.00      12.3764     485.76 	       PnPn 
     40.00      11.7994     546.20 	       PnPn 
     60.00      60.00 	 PnPn 	 depth
     20.00      13.6794     285.79 	       PnPn 
     25.00      13.6485     354.12 	       PnPn 
     30.00      13.0759     421.74 	       PnPn 
     30.00      13.6072     422.26 	       PnPn 
     30.00      13.5184     422.45 	       PnPn 
     30.00      13.5353     422.45 	       PnPn 
     35.00      12.3544     485.23 	       PnPn 
     40.00      11.7814     545.57 	       PnPn 
     70.00      70.00 	 PnPn 	 depth
     20.00      13.6675     285.75 	       PnPn 
     25.00      13.6397     354.02 	       PnPn 
     30.00      13.0347     421.37 	       PnPn 
     30.00      13.6013     422.12 	       PnPn 
     30.00      13.5139     422.25 	       PnPn 
     30.00      13.5394     422.27 	       PnPn 
     35.00      12.3328     484.69 	       PnPn 
     40.00      11.7635     544.94 	       PnPn 
     80.00      80.00 	 PnPn 	 depth
     25.00      13.6288     353.95 	       PnPn 
     30.00      12.9941     421.00 	       PnPn 
     30.00      13.5952     422.01 	       PnPn 
     30.00      13.5099     422.07 	       PnPn 
     30.00      13.5427     422.11 	       PnPn 
     35.00      12.3113     484.15 	       PnPn 
     40.00      11.7457     544.30 	       PnPn 
     90.00      90.00 	 PnPn 	 depth
     25.00      13.6155     353.89 	       PnPn 
     25.00      13.6506     354.05 	       PnPn 
     30.00      12.9540     420.61 	       PnPn 
     30.00      13.5057     421.90 	       PnPn 
     30.00      13.5887     421.91 	       PnPn 
     30.00      13.5458     421.96 	       PnPn 
     30.00      13.5272     421.98 	       PnPn 
     35.00      12.2900     483.62 	       PnPn 
     40.00      11.7278     543.67 	       PnPn 
    100.00     100.00 	 PnPn 	 depth
     25.00      13.5996     353.87 	       PnPn 
     30.00      12.9143     420.23 	       PnPn 
     30.00      13.5776     421.83 	       PnPn 
     30.00      13.5570     421.84 	       PnPn 
     30.00      13.5345     421.85 	       PnPn 
     35.00      12.2688     483.08 	       PnPn 
     40.00      11.7099     543.04 	       PnPn 
    110.00     110.00 	 PnPn 	 depth
     25.00      13.3987     354.01 	       PnPn 
     25.00      13.5085     354.05 	       PnPn 
     30.00      12.8750     419.84 	       PnPn 
     35.00      12.2478     482.55 	       PnPn 
     40.00      11.6921     542.41 	       PnPn 
    120.00     120.00 	 PnPn 	 depth
     25.00      13.3613     353.80 	       PnPn 
     25.00      13.5373     353.95 	       PnPn 
     30.00      12.8366     419.44 	       PnPn 
     35.00      12.2269     482.01 	       PnPn 
     40.00      11.6743     541.77 	       PnPn 
    130.00     130.00 	 PnPn 	 depth
     25.00      13.3244     353.61 	       PnPn 
     30.00      12.7962     419.05 	       PnPn 
     35.00      12.2059     481.48 	       PnPn 
     40.00      11.6564     541.15 	       PnPn 
    140.00     140.00 	 PnPn 	 depth
     25.00      13.2802     353.42 	       PnPn 
     30.00      12.7591     418.66 	       PnPn 
     35.00      12.1847     480.96 	       PnPn 
     40.00      11.6382     540.53 	       PnPn 
    150.00     150.00 	 PnPn 	 depth
     25.00      13.2374     353.23 	       PnPn 
     30.00      12.7220     418.28 	       PnPn 
     35.00      12.1633     480.45 	       PnPn 
     40.00      11.6198     539.92 	       PnPn 
    160.00     160.00 	 PnPn 	 depth
     25.00      13.1931     353.05 	       PnPn 
     30.00      12.6860     417.92 	       PnPn 
     35.00      12.1417     479.94 	       PnPn 
     40.00      11.6011     539.32 	       PnPn 
    170.00     170.00 	 PnPn 	 depth
     25.00      13.1475     352.88 	       PnPn 
     30.00      12.6495     417.56 	       PnPn 
     35.00      12.1200     479.45 	       PnPn 
     40.00      11.5823     538.73 	       PnPn 
    180.00     180.00 	 PnPn 	 depth
     25.00      13.1006     352.75 	       PnPn 
     30.00      12.6131     417.21 	       PnPn 
     35.00      12.0979     478.97 	       PnPn 
     40.00      11.5632     538.14 	       PnPn 
    190.00     190.00 	 PnPn 	 depth
     25.00      13.0504     352.65 	       PnPn 
     30.00      12.5779     416.87 	       PnPn 
     35.00      12.0754     478.50 	       PnPn 
     40.00      11.5439     537.57 	       PnPn 
    200.00     200.00 	 PnPn 	 depth
     25.00      12.9963     352.57 	       PnPn 
     30.00      12.5446     416.54 	       PnPn 
     35.00      12.0523     478.03 	       PnPn 
     40.00      11.5244     537.00 	       PnPn 
    210.00     210.00 	 PnPn 	 depth
     25.00      12.9362     352.53 	       PnPn 
     30.00      12.5148     416.21 	       PnPn 
     35.00      12.0284     477.58 	       PnPn 
    220.00     220.00 	 PnPn 	 depth
     25.00      12.8600     352.46 	       PnPn 
     30.00      12.4822     415.91 	       PnPn 
     35.00      12.0050     477.14 	       PnPn 
    230.00     230.00 	 PnPn 	 depth
     25.00      12.7919     352.41 	       PnPn 
     30.00      12.4495     415.62 	       PnPn 
     35.00      11.9810     476.71 	       PnPn 
    240.00     240.00 	 PnPn 	 depth
     25.00      12.7231     352.38 	       PnPn 
     30.00      12.4148     415.35 	       PnPn 
     35.00      11.9568     476.30 	       PnPn 
    250.00     250.00 	 PnPn 	 depth
     30.00      12.3783     415.10 	       PnPn 
     35.00      11.9322     475.90 	       PnPn 
    260.00     260.00 	 PnPn 	 depth
     30.00      12.3414     414.87 	       PnPn 
     35.00      11.9068     475.51 	       PnPn 
    270.00     270.00 	 PnPn 	 depth
     30.00      12.3027     414.65 	       PnPn 
     35.00      11.8807     475.14 	       PnPn 
    280.00     280.00 	 PnPn 	 depth
     30.00      12.2630     414.45 	       PnPn 
     35.00      11.8538     474.79 	       PnPn 
    290.00     290.00 	 PnPn 	 depth
     30.00      12.2223     414.27 	       PnPn 
     35.00      11.8261     474.44 	       PnPn 
    300.00     300.00 	 PnPn 	 depth
     30.00      12.1790     414.11 	       PnPn 
     35.00      11.7975     474.11 	       PnPn 
    310.00     310.00 	 PnPn 	 depth
     30.00      12.1337     413.98 	       PnPn 
     35.00      11.7681     473.80 	       PnPn 
    320.00     320.00 	 PnPn 	 depth
     30.00      12.0866     413.86 	       PnPn 
     35.00      11.7377     473.50 	       PnPn 
    330.00     330.00 	 PnPn 	 depth
     30.00      12.0356     413.77 	       PnPn 
     35.00      11.7068     473.21 	       PnPn 
    340.00     340.00 	 PnPn 	 depth
     30.00      11.9806     413.70 	       PnPn 
     35.00      11.6749     472.94 	       PnPn 
    350.00     350.00 	 PnPn 	 depth
     30.00      11.9230     413.66 	       PnPn 
     35.00      11.6410     472.69 	       PnPn 
    360.00     360.00 	 PnPn 	 depth
     30.00      11.8584     413.64 	       PnPn 
     35.00      11.6067     472.45 	       PnPn 
    370.00     370.00 	 PnPn 	 depth
     35.00      11.5715     472.22 	       PnPn 
    380.00     380.00 	 PnPn 	 depth
     35.00      11.5347     472.02 	       PnPn 
    390.00     390.00 	 PnPn 	 depth
    400.00     400.00 	 PnPn 	 depth
    410.00     410.00 	 PnPn 	 depth
    420.00     420.00 	 PnPn 	 depth
    430.00     430.00 	 PnPn 	 depth
    440.00     440.00 	 PnPn 	 depth
    450.00     450.00 	 PnPn 	 depth
    460.00     460.00 	 PnPn 	 depth
    470.00     470.00 	 PnPn 	 depth
    480.00     480.00 	 PnPn 	 depth
    490.00     490.00 	 PnPn 	 depth
    500.00     500.00 	 PnPn 	 depth
    510.00     510.00 	 PnPn 	 depth
    520.00     520.00 	 PnPn 	 depth
    530.00     530.00 	 PnPn 	 depth
    540.00     540.00 	 PnPn 	 depth
    550.00     550.00 	 PnPn 	 depth
    560.00     560.00 	 PnPn 	 depth
    570.00     570.00 	 PnPn 	 depth
    580.00     580.00 	 PnPn 	 depth
    590.00     590.00 	 PnPn 	 depth
    600.00     600.00 	 PnPn 	 depth
    610.00     610.00 	 PnPn 	 depth
    620.00     620.00 	 PnPn 	 depth
    630.00     630.00 	 PnPn 	 depth
    640.00     640.00 	 PnPn 	 depth
    650.00     650.00 	 PnPn 	 depth
    660.00     660.00 	 PnPn 	 depth
    670.00     670.00 	 PnPn 	 depth
    680.00     680.00 	 PnPn 	 depth
    690.00     690.00 	 PnPn 	 depth
    700.00     700.00 	 PnPn 	 depth
