      0.00       0.00 	 P'P'bc 	 depth
     50.00      -2.1136    2407.29 	     P'P'bc 
     55.00      -2.3290    2396.18 	     P'P'bc 
     60.00      -2.5675    2383.95 	     P'P'bc 
     65.00      -2.8496    2370.44 	     P'P'bc 
     70.00      -3.2832    2355.24 	     P'P'bc 
     10.00      10.00 	 P'P'bc 	 depth
     50.00      -2.1132    2405.57 	     P'P'bc 
     55.00      -2.3285    2394.47 	     P'P'bc 
     60.00      -2.5669    2382.25 	     P'P'bc 
     65.00      -2.8487    2368.73 	     P'P'bc 
     70.00      -3.2810    2353.54 	     P'P'bc 
     20.00      20.00 	 P'P'bc 	 depth
     50.00      -2.1127    2403.86 	     P'P'bc 
     55.00      -2.3280    2392.76 	     P'P'bc 
     60.00      -2.5662    2380.54 	     P'P'bc 
     65.00      -2.8478    2367.03 	     P'P'bc 
     70.00      -3.2787    2351.84 	     P'P'bc 
     30.00      30.00 	 P'P'bc 	 depth
     50.00      -2.1122    2402.33 	     P'P'bc 
     55.00      -2.3274    2391.24 	     P'P'bc 
     60.00      -2.5655    2379.02 	     P'P'bc 
     65.00      -2.8469    2365.51 	     P'P'bc 
     70.00      -3.2762    2350.33 	     P'P'bc 
     40.00      40.00 	 P'P'bc 	 depth
     50.00      -2.1116    2400.96 	     P'P'bc 
     55.00      -2.3268    2389.86 	     P'P'bc 
     60.00      -2.5648    2377.65 	     P'P'bc 
     65.00      -2.8458    2364.15 	     P'P'bc 
     70.00      -3.2733    2348.98 	     P'P'bc 
     50.00      50.00 	 P'P'bc 	 depth
     50.00      -2.1110    2399.73 	     P'P'bc 
     55.00      -2.3261    2388.64 	     P'P'bc 
     60.00      -2.5639    2376.42 	     P'P'bc 
     65.00      -2.8445    2362.93 	     P'P'bc 
     70.00      -3.2702    2347.77 	     P'P'bc 
     60.00      60.00 	 P'P'bc 	 depth
     50.00      -2.1103    2398.50 	     P'P'bc 
     55.00      -2.3254    2387.41 	     P'P'bc 
     60.00      -2.5630    2375.20 	     P'P'bc 
     65.00      -2.8433    2361.71 	     P'P'bc 
     70.00      -3.2672    2346.56 	     P'P'bc 
     70.00      70.00 	 P'P'bc 	 depth
     50.00      -2.1097    2397.27 	     P'P'bc 
     55.00      -2.3247    2386.19 	     P'P'bc 
     60.00      -2.5621    2373.98 	     P'P'bc 
     65.00      -2.8421    2360.50 	     P'P'bc 
     70.00      -3.2641    2345.35 	     P'P'bc 
     80.00      80.00 	 P'P'bc 	 depth
     50.00      -2.1090    2396.04 	     P'P'bc 
     55.00      -2.3239    2384.96 	     P'P'bc 
     60.00      -2.5613    2372.76 	     P'P'bc 
     65.00      -2.8409    2359.28 	     P'P'bc 
     70.00      -3.2611    2344.15 	     P'P'bc 
     90.00      90.00 	 P'P'bc 	 depth
     50.00      -2.1084    2394.81 	     P'P'bc 
     55.00      -2.3232    2383.74 	     P'P'bc 
     60.00      -2.5604    2371.54 	     P'P'bc 
     65.00      -2.8396    2358.06 	     P'P'bc 
     70.00      -3.2581    2342.94 	     P'P'bc 
    100.00     100.00 	 P'P'bc 	 depth
     50.00      -2.1077    2393.59 	     P'P'bc 
     55.00      -2.3225    2382.51 	     P'P'bc 
     60.00      -2.5595    2370.32 	     P'P'bc 
     65.00      -2.8384    2356.85 	     P'P'bc 
     70.00      -3.2551    2341.73 	     P'P'bc 
    110.00     110.00 	 P'P'bc 	 depth
     50.00      -2.1071    2392.36 	     P'P'bc 
     55.00      -2.3218    2381.29 	     P'P'bc 
     60.00      -2.5586    2369.10 	     P'P'bc 
     65.00      -2.8372    2355.63 	     P'P'bc 
     70.00      -3.2522    2340.53 	     P'P'bc 
    120.00     120.00 	 P'P'bc 	 depth
     50.00      -2.1064    2391.13 	     P'P'bc 
     55.00      -2.3211    2380.06 	     P'P'bc 
     60.00      -2.5577    2367.88 	     P'P'bc 
     65.00      -2.8359    2354.42 	     P'P'bc 
     70.00      -3.2492    2339.32 	     P'P'bc 
    130.00     130.00 	 P'P'bc 	 depth
     50.00      -2.1058    2389.91 	     P'P'bc 
     55.00      -2.3204    2378.84 	     P'P'bc 
     60.00      -2.5568    2366.66 	     P'P'bc 
     65.00      -2.8347    2353.21 	     P'P'bc 
     70.00      -3.2463    2338.12 	     P'P'bc 
    140.00     140.00 	 P'P'bc 	 depth
     50.00      -2.1051    2388.69 	     P'P'bc 
     55.00      -2.3196    2377.63 	     P'P'bc 
     60.00      -2.5559    2365.45 	     P'P'bc 
     65.00      -2.8334    2352.00 	     P'P'bc 
     70.00      -3.2435    2336.92 	     P'P'bc 
    150.00     150.00 	 P'P'bc 	 depth
     50.00      -2.1044    2387.47 	     P'P'bc 
     55.00      -2.3189    2376.41 	     P'P'bc 
     60.00      -2.5550    2364.24 	     P'P'bc 
     65.00      -2.8322    2350.80 	     P'P'bc 
     70.00      -3.2406    2335.72 	     P'P'bc 
    160.00     160.00 	 P'P'bc 	 depth
     50.00      -2.1038    2386.26 	     P'P'bc 
     55.00      -2.3182    2375.20 	     P'P'bc 
     60.00      -2.5541    2363.03 	     P'P'bc 
     65.00      -2.8309    2349.60 	     P'P'bc 
     70.00      -3.2377    2334.53 	     P'P'bc 
    170.00     170.00 	 P'P'bc 	 depth
     50.00      -2.1031    2385.05 	     P'P'bc 
     55.00      -2.3174    2374.00 	     P'P'bc 
     60.00      -2.5532    2361.83 	     P'P'bc 
     65.00      -2.8297    2348.40 	     P'P'bc 
     70.00      -3.2348    2333.35 	     P'P'bc 
    180.00     180.00 	 P'P'bc 	 depth
     50.00      -2.1024    2383.85 	     P'P'bc 
     55.00      -2.3167    2372.80 	     P'P'bc 
     60.00      -2.5523    2360.64 	     P'P'bc 
     65.00      -2.8284    2347.21 	     P'P'bc 
     70.00      -3.2320    2332.16 	     P'P'bc 
    190.00     190.00 	 P'P'bc 	 depth
     50.00      -2.1017    2382.65 	     P'P'bc 
     55.00      -2.3159    2371.60 	     P'P'bc 
     60.00      -2.5514    2359.45 	     P'P'bc 
     65.00      -2.8271    2346.02 	     P'P'bc 
     70.00      -3.2292    2330.99 	     P'P'bc 
    200.00     200.00 	 P'P'bc 	 depth
     50.00      -2.1010    2381.45 	     P'P'bc 
     55.00      -2.3152    2370.41 	     P'P'bc 
     60.00      -2.5505    2358.26 	     P'P'bc 
     65.00      -2.8258    2344.84 	     P'P'bc 
     70.00      -3.2263    2329.81 	     P'P'bc 
    210.00     210.00 	 P'P'bc 	 depth
     50.00      -2.1003    2380.26 	     P'P'bc 
     55.00      -2.3144    2369.22 	     P'P'bc 
     60.00      -2.5495    2357.07 	     P'P'bc 
     65.00      -2.8246    2343.66 	     P'P'bc 
     70.00      -3.2235    2328.64 	     P'P'bc 
    220.00     220.00 	 P'P'bc 	 depth
     50.00      -2.0996    2379.07 	     P'P'bc 
     55.00      -2.3137    2368.04 	     P'P'bc 
     60.00      -2.5486    2355.90 	     P'P'bc 
     65.00      -2.8233    2342.49 	     P'P'bc 
     70.00      -3.2207    2327.48 	     P'P'bc 
    230.00     230.00 	 P'P'bc 	 depth
     50.00      -2.0989    2377.89 	     P'P'bc 
     55.00      -2.3129    2366.86 	     P'P'bc 
     60.00      -2.5477    2354.72 	     P'P'bc 
     65.00      -2.8220    2341.32 	     P'P'bc 
     70.00      -3.2179    2326.32 	     P'P'bc 
    240.00     240.00 	 P'P'bc 	 depth
     50.00      -2.0982    2376.72 	     P'P'bc 
     55.00      -2.3121    2365.69 	     P'P'bc 
     60.00      -2.5467    2353.55 	     P'P'bc 
     65.00      -2.8207    2340.16 	     P'P'bc 
     70.00      -3.2151    2325.17 	     P'P'bc 
    250.00     250.00 	 P'P'bc 	 depth
     50.00      -2.0974    2375.55 	     P'P'bc 
     55.00      -2.3114    2364.52 	     P'P'bc 
     60.00      -2.5458    2352.39 	     P'P'bc 
     65.00      -2.8194    2339.00 	     P'P'bc 
     70.00      -3.2123    2324.02 	     P'P'bc 
    260.00     260.00 	 P'P'bc 	 depth
     50.00      -2.0967    2374.38 	     P'P'bc 
     55.00      -2.3106    2363.36 	     P'P'bc 
     60.00      -2.5448    2351.24 	     P'P'bc 
     65.00      -2.8180    2337.85 	     P'P'bc 
     70.00      -3.2095    2322.88 	     P'P'bc 
    270.00     270.00 	 P'P'bc 	 depth
     50.00      -2.0960    2373.22 	     P'P'bc 
     55.00      -2.3098    2362.21 	     P'P'bc 
     60.00      -2.5438    2350.08 	     P'P'bc 
     65.00      -2.8167    2336.71 	     P'P'bc 
     70.00      -3.2067    2321.74 	     P'P'bc 
    280.00     280.00 	 P'P'bc 	 depth
     50.00      -2.0952    2372.07 	     P'P'bc 
     55.00      -2.3090    2361.06 	     P'P'bc 
     60.00      -2.5429    2348.94 	     P'P'bc 
     65.00      -2.8154    2335.56 	     P'P'bc 
     70.00      -3.2039    2320.61 	     P'P'bc 
    290.00     290.00 	 P'P'bc 	 depth
     50.00      -2.0945    2370.92 	     P'P'bc 
     55.00      -2.3082    2359.91 	     P'P'bc 
     60.00      -2.5419    2347.79 	     P'P'bc 
     65.00      -2.8140    2334.43 	     P'P'bc 
     70.00      -3.2011    2319.48 	     P'P'bc 
    300.00     300.00 	 P'P'bc 	 depth
     50.00      -2.0937    2369.77 	     P'P'bc 
     55.00      -2.3074    2358.77 	     P'P'bc 
     60.00      -2.5409    2346.66 	     P'P'bc 
     65.00      -2.8127    2333.30 	     P'P'bc 
     70.00      -3.1983    2318.36 	     P'P'bc 
    310.00     310.00 	 P'P'bc 	 depth
     50.00      -2.0930    2368.63 	     P'P'bc 
     55.00      -2.3066    2357.63 	     P'P'bc 
     60.00      -2.5399    2345.53 	     P'P'bc 
     65.00      -2.8113    2332.17 	     P'P'bc 
     70.00      -3.1955    2317.24 	     P'P'bc 
    320.00     320.00 	 P'P'bc 	 depth
     50.00      -2.0922    2367.50 	     P'P'bc 
     55.00      -2.3058    2356.50 	     P'P'bc 
     60.00      -2.5389    2344.40 	     P'P'bc 
     65.00      -2.8099    2331.05 	     P'P'bc 
     70.00      -3.1928    2316.13 	     P'P'bc 
    330.00     330.00 	 P'P'bc 	 depth
     50.00      -2.0915    2366.37 	     P'P'bc 
     55.00      -2.3050    2355.38 	     P'P'bc 
     60.00      -2.5379    2343.28 	     P'P'bc 
     65.00      -2.8086    2329.94 	     P'P'bc 
     70.00      -3.1900    2315.03 	     P'P'bc 
    340.00     340.00 	 P'P'bc 	 depth
     50.00      -2.0907    2365.25 	     P'P'bc 
     55.00      -2.3041    2354.26 	     P'P'bc 
     60.00      -2.5369    2342.16 	     P'P'bc 
     65.00      -2.8072    2328.83 	     P'P'bc 
     70.00      -3.1872    2313.92 	     P'P'bc 
    350.00     350.00 	 P'P'bc 	 depth
     50.00      -2.0899    2364.13 	     P'P'bc 
     55.00      -2.3033    2353.14 	     P'P'bc 
     60.00      -2.5359    2341.05 	     P'P'bc 
     65.00      -2.8058    2327.72 	     P'P'bc 
     70.00      -3.1844    2312.83 	     P'P'bc 
    360.00     360.00 	 P'P'bc 	 depth
     50.00      -2.0891    2363.01 	     P'P'bc 
     55.00      -2.3025    2352.03 	     P'P'bc 
     60.00      -2.5348    2339.94 	     P'P'bc 
     65.00      -2.8044    2326.62 	     P'P'bc 
     70.00      -3.1817    2311.74 	     P'P'bc 
    370.00     370.00 	 P'P'bc 	 depth
     50.00      -2.0883    2361.90 	     P'P'bc 
     55.00      -2.3016    2350.92 	     P'P'bc 
     60.00      -2.5338    2338.84 	     P'P'bc 
     65.00      -2.8030    2325.52 	     P'P'bc 
     70.00      -3.1789    2310.65 	     P'P'bc 
    380.00     380.00 	 P'P'bc 	 depth
     50.00      -2.0875    2360.80 	     P'P'bc 
     55.00      -2.3008    2349.82 	     P'P'bc 
     60.00      -2.5328    2337.75 	     P'P'bc 
     65.00      -2.8016    2324.43 	     P'P'bc 
     70.00      -3.1761    2309.57 	     P'P'bc 
    390.00     390.00 	 P'P'bc 	 depth
     50.00      -2.0867    2359.69 	     P'P'bc 
     55.00      -2.2999    2348.72 	     P'P'bc 
     60.00      -2.5317    2336.65 	     P'P'bc 
     65.00      -2.8002    2323.35 	     P'P'bc 
     70.00      -3.1733    2308.49 	     P'P'bc 
    400.00     400.00 	 P'P'bc 	 depth
     50.00      -2.0859    2358.60 	     P'P'bc 
     55.00      -2.2991    2347.63 	     P'P'bc 
     60.00      -2.5307    2335.57 	     P'P'bc 
     65.00      -2.7987    2322.26 	     P'P'bc 
     70.00      -3.1706    2307.42 	     P'P'bc 
    410.00     410.00 	 P'P'bc 	 depth
     50.00      -2.0851    2357.51 	     P'P'bc 
     55.00      -2.2982    2346.54 	     P'P'bc 
     60.00      -2.5296    2334.48 	     P'P'bc 
     65.00      -2.7973    2321.19 	     P'P'bc 
     70.00      -3.1678    2306.35 	     P'P'bc 
    420.00     420.00 	 P'P'bc 	 depth
     50.00      -2.0842    2356.46 	     P'P'bc 
     55.00      -2.2973    2345.50 	     P'P'bc 
     60.00      -2.5285    2333.45 	     P'P'bc 
     65.00      -2.7958    2320.16 	     P'P'bc 
     70.00      -3.1649    2305.33 	     P'P'bc 
    430.00     430.00 	 P'P'bc 	 depth
     50.00      -2.0833    2355.42 	     P'P'bc 
     55.00      -2.2964    2344.46 	     P'P'bc 
     60.00      -2.5274    2332.41 	     P'P'bc 
     65.00      -2.7943    2319.13 	     P'P'bc 
     70.00      -3.1620    2304.31 	     P'P'bc 
    440.00     440.00 	 P'P'bc 	 depth
     50.00      -2.0825    2354.38 	     P'P'bc 
     55.00      -2.2955    2343.43 	     P'P'bc 
     60.00      -2.5263    2331.38 	     P'P'bc 
     65.00      -2.7928    2318.10 	     P'P'bc 
     70.00      -3.1592    2303.30 	     P'P'bc 
    450.00     450.00 	 P'P'bc 	 depth
     50.00      -2.0816    2353.34 	     P'P'bc 
     55.00      -2.2946    2342.39 	     P'P'bc 
     60.00      -2.5252    2330.35 	     P'P'bc 
     65.00      -2.7913    2317.08 	     P'P'bc 
     70.00      -3.1563    2302.29 	     P'P'bc 
    460.00     460.00 	 P'P'bc 	 depth
     50.00      -2.0807    2352.31 	     P'P'bc 
     55.00      -2.2937    2341.37 	     P'P'bc 
     60.00      -2.5241    2329.33 	     P'P'bc 
     65.00      -2.7898    2316.07 	     P'P'bc 
     70.00      -3.1534    2301.28 	     P'P'bc 
    470.00     470.00 	 P'P'bc 	 depth
     50.00      -2.0798    2351.28 	     P'P'bc 
     55.00      -2.2928    2340.34 	     P'P'bc 
     60.00      -2.5229    2328.31 	     P'P'bc 
     65.00      -2.7882    2315.06 	     P'P'bc 
     70.00      -3.1506    2300.28 	     P'P'bc 
    480.00     480.00 	 P'P'bc 	 depth
     50.00      -2.0789    2350.26 	     P'P'bc 
     55.00      -2.2918    2339.32 	     P'P'bc 
     60.00      -2.5218    2327.30 	     P'P'bc 
     65.00      -2.7867    2314.05 	     P'P'bc 
     70.00      -3.1477    2299.28 	     P'P'bc 
    490.00     490.00 	 P'P'bc 	 depth
     50.00      -2.0780    2349.24 	     P'P'bc 
     55.00      -2.2909    2338.31 	     P'P'bc 
     60.00      -2.5206    2326.29 	     P'P'bc 
     65.00      -2.7851    2313.04 	     P'P'bc 
     70.00      -3.1448    2298.29 	     P'P'bc 
    500.00     500.00 	 P'P'bc 	 depth
     50.00      -2.0771    2348.22 	     P'P'bc 
     55.00      -2.2900    2337.29 	     P'P'bc 
     60.00      -2.5195    2325.28 	     P'P'bc 
     65.00      -2.7836    2312.04 	     P'P'bc 
     70.00      -3.1420    2297.30 	     P'P'bc 
    510.00     510.00 	 P'P'bc 	 depth
     50.00      -2.0762    2347.21 	     P'P'bc 
     55.00      -2.2890    2336.29 	     P'P'bc 
     60.00      -2.5183    2324.28 	     P'P'bc 
     65.00      -2.7820    2311.05 	     P'P'bc 
     70.00      -3.1391    2296.31 	     P'P'bc 
    520.00     520.00 	 P'P'bc 	 depth
     50.00      -2.0752    2346.20 	     P'P'bc 
     55.00      -2.2881    2335.28 	     P'P'bc 
     60.00      -2.5172    2323.28 	     P'P'bc 
     65.00      -2.7805    2310.05 	     P'P'bc 
     70.00      -3.1362    2295.33 	     P'P'bc 
    530.00     530.00 	 P'P'bc 	 depth
     50.00      -2.0743    2345.19 	     P'P'bc 
     55.00      -2.2871    2334.28 	     P'P'bc 
     60.00      -2.5160    2322.28 	     P'P'bc 
     65.00      -2.7789    2309.06 	     P'P'bc 
     70.00      -3.1334    2294.35 	     P'P'bc 
    540.00     540.00 	 P'P'bc 	 depth
     50.00      -2.0734    2344.19 	     P'P'bc 
     55.00      -2.2862    2333.28 	     P'P'bc 
     60.00      -2.5148    2321.29 	     P'P'bc 
     65.00      -2.7773    2308.08 	     P'P'bc 
     70.00      -3.1305    2293.37 	     P'P'bc 
    550.00     550.00 	 P'P'bc 	 depth
     50.00      -2.0724    2343.19 	     P'P'bc 
     55.00      -2.2852    2332.29 	     P'P'bc 
     60.00      -2.5136    2320.30 	     P'P'bc 
     65.00      -2.7757    2307.10 	     P'P'bc 
     70.00      -3.1277    2292.40 	     P'P'bc 
    560.00     560.00 	 P'P'bc 	 depth
     50.00      -2.0714    2342.20 	     P'P'bc 
     55.00      -2.2842    2331.30 	     P'P'bc 
     60.00      -2.5124    2319.31 	     P'P'bc 
     65.00      -2.7741    2306.12 	     P'P'bc 
     70.00      -3.1248    2291.43 	     P'P'bc 
    570.00     570.00 	 P'P'bc 	 depth
     55.00      -2.2833    2330.31 	     P'P'bc 
     60.00      -2.5112    2318.33 	     P'P'bc 
     65.00      -2.7725    2305.14 	     P'P'bc 
     70.00      -3.1219    2290.47 	     P'P'bc 
    580.00     580.00 	 P'P'bc 	 depth
     55.00      -2.2823    2329.33 	     P'P'bc 
     60.00      -2.5100    2317.36 	     P'P'bc 
     65.00      -2.7709    2304.17 	     P'P'bc 
     70.00      -3.1191    2289.51 	     P'P'bc 
    590.00     590.00 	 P'P'bc 	 depth
     55.00      -2.2813    2328.35 	     P'P'bc 
     60.00      -2.5088    2316.38 	     P'P'bc 
     65.00      -2.7693    2303.21 	     P'P'bc 
     70.00      -3.1162    2288.55 	     P'P'bc 
    600.00     600.00 	 P'P'bc 	 depth
     55.00      -2.2803    2327.37 	     P'P'bc 
     60.00      -2.5076    2315.41 	     P'P'bc 
     65.00      -2.7676    2302.24 	     P'P'bc 
     70.00      -3.1134    2287.60 	     P'P'bc 
    610.00     610.00 	 P'P'bc 	 depth
     55.00      -2.2793    2326.40 	     P'P'bc 
     60.00      -2.5064    2314.44 	     P'P'bc 
     65.00      -2.7660    2301.28 	     P'P'bc 
     70.00      -3.1105    2286.65 	     P'P'bc 
    620.00     620.00 	 P'P'bc 	 depth
     55.00      -2.2783    2325.43 	     P'P'bc 
     60.00      -2.5051    2313.48 	     P'P'bc 
     65.00      -2.7644    2300.33 	     P'P'bc 
     70.00      -3.1076    2285.70 	     P'P'bc 
    630.00     630.00 	 P'P'bc 	 depth
     55.00      -2.2773    2324.46 	     P'P'bc 
     60.00      -2.5039    2312.52 	     P'P'bc 
     65.00      -2.7627    2299.37 	     P'P'bc 
     70.00      -3.1048    2284.76 	     P'P'bc 
    640.00     640.00 	 P'P'bc 	 depth
     55.00      -2.2763    2323.50 	     P'P'bc 
     60.00      -2.5026    2311.56 	     P'P'bc 
     65.00      -2.7611    2298.42 	     P'P'bc 
     70.00      -3.1019    2283.82 	     P'P'bc 
    650.00     650.00 	 P'P'bc 	 depth
     55.00      -2.2753    2322.54 	     P'P'bc 
     60.00      -2.5014    2310.61 	     P'P'bc 
     65.00      -2.7594    2297.48 	     P'P'bc 
     70.00      -3.0991    2282.89 	     P'P'bc 
    660.00     660.00 	 P'P'bc 	 depth
     55.00      -2.2743    2321.59 	     P'P'bc 
     60.00      -2.5001    2309.66 	     P'P'bc 
     65.00      -2.7577    2296.54 	     P'P'bc 
     70.00      -3.0962    2281.96 	     P'P'bc 
    670.00     670.00 	 P'P'bc 	 depth
     55.00      -2.2732    2320.69 	     P'P'bc 
     60.00      -2.4988    2308.77 	     P'P'bc 
     65.00      -2.7559    2295.65 	     P'P'bc 
     70.00      -3.0931    2281.08 	     P'P'bc 
    680.00     680.00 	 P'P'bc 	 depth
     55.00      -2.2721    2319.80 	     P'P'bc 
     60.00      -2.4974    2307.88 	     P'P'bc 
     65.00      -2.7542    2294.77 	     P'P'bc 
     70.00      -3.0901    2280.22 	     P'P'bc 
    690.00     690.00 	 P'P'bc 	 depth
     55.00      -2.2710    2318.90 	     P'P'bc 
     60.00      -2.4961    2307.00 	     P'P'bc 
     65.00      -2.7524    2293.89 	     P'P'bc 
     70.00      -3.0870    2279.35 	     P'P'bc 
    700.00     700.00 	 P'P'bc 	 depth
     55.00      -2.2699    2318.01 	     P'P'bc 
     60.00      -2.4947    2306.11 	     P'P'bc 
     65.00      -2.7506    2293.02 	     P'P'bc 
     70.00      -3.0840    2278.48 	     P'P'bc 
