      0.00       0.00 	 SP 	 depth
     90.00      11.1126    1501.82 	         SP 
     95.00      10.9880    1557.14 	         SP 
    100.00      10.7318    1611.48 	         SP 
    105.00      10.4124    1664.36 	         SP 
    110.00       9.2239    1715.33 	         SP 
    110.00      10.0650    1715.55 	         SP 
    115.00       9.1225    1761.24 	         SP 
    120.00       8.9297    1806.40 	         SP 
    125.00       8.7689    1850.62 	         SP 
    130.00       8.6364    1894.14 	         SP 
    135.00       8.4706    1936.92 	         SP 
     10.00      10.00 	 SP 	 depth
     90.00      11.1124    1499.01 	         SP 
     95.00      10.9867    1554.33 	         SP 
    100.00      10.7300    1608.66 	         SP 
    105.00      10.4104    1661.53 	         SP 
    110.00       9.2237    1712.47 	         SP 
    110.00      10.0630    1712.72 	         SP 
    115.00       9.1217    1758.38 	         SP 
    120.00       8.9288    1803.53 	         SP 
    125.00       8.7682    1847.75 	         SP 
    130.00       8.6357    1891.26 	         SP 
    135.00       8.4698    1934.04 	         SP 
     20.00      20.00 	 SP 	 depth
     90.00      11.1122    1496.21 	         SP 
     95.00      10.9854    1551.53 	         SP 
    100.00      10.7281    1605.85 	         SP 
    105.00      10.4084    1658.71 	         SP 
    110.00       9.2234    1709.62 	         SP 
    110.00      10.0610    1709.88 	         SP 
    115.00       9.1210    1755.52 	         SP 
    120.00       8.9278    1800.67 	         SP 
    125.00       8.7675    1844.89 	         SP 
    130.00       8.6350    1888.39 	         SP 
    135.00       8.4689    1931.16 	         SP 
     30.00      30.00 	 SP 	 depth
     90.00      11.1119    1493.74 	         SP 
     95.00      10.9839    1549.05 	         SP 
    100.00      10.7261    1603.36 	         SP 
    105.00      10.4061    1656.21 	         SP 
    110.00       9.2230    1707.08 	         SP 
    110.00      10.0587    1707.38 	         SP 
    115.00       9.1201    1752.98 	         SP 
    120.00       8.9266    1798.13 	         SP 
    125.00       8.7667    1842.34 	         SP 
    130.00       8.6342    1885.84 	         SP 
    135.00       8.4680    1928.61 	         SP 
     40.00      40.00 	 SP 	 depth
     90.00      11.1116    1491.51 	         SP 
     95.00      10.9822    1546.81 	         SP 
    100.00      10.7237    1601.11 	         SP 
    105.00      10.4035    1653.95 	         SP 
    110.00       9.2227    1704.78 	         SP 
    110.00      10.0561    1705.10 	         SP 
    115.00       9.1191    1750.67 	         SP 
    120.00       8.9254    1795.81 	         SP 
    125.00       8.7658    1840.02 	         SP 
    130.00       8.6333    1883.52 	         SP 
    135.00       8.4669    1926.28 	         SP 
     50.00      50.00 	 SP 	 depth
     90.00      11.1112    1489.51 	         SP 
     95.00      10.9803    1544.81 	         SP 
    100.00      10.7211    1599.10 	         SP 
    105.00      10.4006    1651.92 	         SP 
    110.00       9.2223    1702.71 	         SP 
    110.00      10.0533    1703.06 	         SP 
    115.00       9.1181    1748.59 	         SP 
    120.00       8.9240    1793.73 	         SP 
    125.00       8.7649    1837.93 	         SP 
    130.00       8.6324    1881.42 	         SP 
    135.00       8.4658    1924.18 	         SP 
     60.00      60.00 	 SP 	 depth
     90.00      11.1109    1487.52 	         SP 
     95.00      10.9784    1542.81 	         SP 
    100.00      10.7185    1597.09 	         SP 
    105.00      10.3977    1649.90 	         SP 
    110.00       9.2219    1700.63 	         SP 
    110.00      10.0504    1701.02 	         SP 
    115.00       9.1170    1746.52 	         SP 
    120.00       8.9227    1791.65 	         SP 
    125.00       8.7639    1835.84 	         SP 
    130.00       8.6314    1879.33 	         SP 
    135.00       8.4646    1922.08 	         SP 
     70.00      70.00 	 SP 	 depth
     90.00      11.1105    1485.53 	         SP 
     95.00      10.9765    1540.81 	         SP 
    100.00      10.7159    1595.08 	         SP 
    105.00      10.3948    1647.88 	         SP 
    110.00       9.2214    1698.57 	         SP 
    110.00      10.0475    1698.98 	         SP 
    115.00       9.1159    1744.45 	         SP 
    120.00       8.9213    1789.57 	         SP 
    125.00       8.7629    1833.76 	         SP 
    130.00       8.6304    1877.24 	         SP 
    135.00       8.4634    1919.99 	         SP 
     80.00      80.00 	 SP 	 depth
     90.00      11.1101    1483.54 	         SP 
     95.00      10.9746    1538.82 	         SP 
    100.00      10.7133    1593.08 	         SP 
    105.00      10.3919    1645.86 	         SP 
    110.00       9.2210    1696.50 	         SP 
    110.00      10.0446    1696.95 	         SP 
    115.00       9.1148    1742.38 	         SP 
    120.00       8.9200    1787.49 	         SP 
    125.00       8.7620    1831.68 	         SP 
    130.00       8.6294    1875.15 	         SP 
    135.00       8.4623    1917.89 	         SP 
     90.00      90.00 	 SP 	 depth
     90.00      11.1096    1481.55 	         SP 
     95.00      10.9726    1536.83 	         SP 
    100.00      10.7106    1591.07 	         SP 
    105.00      10.3890    1643.84 	         SP 
    110.00       9.2206    1694.44 	         SP 
    110.00      10.0417    1694.92 	         SP 
    115.00       9.1137    1740.31 	         SP 
    120.00       8.9186    1785.42 	         SP 
    125.00       8.7610    1829.60 	         SP 
    130.00       8.6285    1873.07 	         SP 
    135.00       8.4611    1915.80 	         SP 
    100.00     100.00 	 SP 	 depth
     90.00      11.1092    1479.57 	         SP 
     95.00      10.9707    1534.84 	         SP 
    100.00      10.7079    1589.07 	         SP 
    105.00      10.3861    1641.83 	         SP 
    110.00       9.2201    1692.38 	         SP 
    110.00      10.0388    1692.89 	         SP 
    115.00       9.1126    1738.24 	         SP 
    120.00       8.9173    1783.34 	         SP 
    125.00       8.7600    1827.52 	         SP 
    130.00       8.6275    1870.99 	         SP 
    135.00       8.4599    1913.72 	         SP 
    110.00     110.00 	 SP 	 depth
     90.00      11.1087    1477.59 	         SP 
     95.00      10.9687    1532.85 	         SP 
    100.00      10.7053    1587.07 	         SP 
    105.00      10.3831    1639.81 	         SP 
    110.00       9.2196    1690.32 	         SP 
    110.00      10.0358    1690.86 	         SP 
    115.00       9.1115    1736.18 	         SP 
    120.00       8.9159    1781.27 	         SP 
    125.00       8.7591    1825.44 	         SP 
    130.00       8.6265    1868.91 	         SP 
    135.00       8.4587    1911.63 	         SP 
    120.00     120.00 	 SP 	 depth
     90.00      11.1082    1475.62 	         SP 
     95.00      10.9667    1530.87 	         SP 
    100.00      10.7026    1585.08 	         SP 
    105.00      10.3802    1637.80 	         SP 
    110.00       9.2192    1688.26 	         SP 
    110.00      10.0329    1688.84 	         SP 
    115.00       9.1103    1734.12 	         SP 
    120.00       8.9145    1779.21 	         SP 
    125.00       8.7581    1823.37 	         SP 
    130.00       8.6254    1866.83 	         SP 
    135.00       8.4575    1909.55 	         SP 
    130.00     130.00 	 SP 	 depth
     90.00      11.1077    1473.64 	         SP 
     95.00      10.9646    1528.89 	         SP 
    100.00      10.6999    1583.09 	         SP 
    105.00      10.3772    1635.80 	         SP 
    110.00       9.2187    1686.21 	         SP 
    110.00      10.0299    1686.82 	         SP 
    115.00       9.1092    1732.06 	         SP 
    120.00       8.9132    1777.14 	         SP 
    125.00       8.7571    1821.30 	         SP 
    130.00       8.6244    1864.75 	         SP 
    135.00       8.4563    1907.46 	         SP 
    140.00     140.00 	 SP 	 depth
     90.00      11.1072    1471.67 	         SP 
     95.00      10.9626    1526.91 	         SP 
    100.00      10.6971    1581.09 	         SP 
    105.00      10.3742    1633.79 	         SP 
    110.00       9.2182    1684.15 	         SP 
    110.00      10.0269    1684.80 	         SP 
    115.00       9.1080    1730.01 	         SP 
    120.00       8.9118    1775.08 	         SP 
    125.00       8.7561    1819.23 	         SP 
    130.00       8.6234    1862.68 	         SP 
    135.00       8.4551    1905.38 	         SP 
    150.00     150.00 	 SP 	 depth
     90.00      11.1066    1469.70 	         SP 
     95.00      10.9605    1524.93 	         SP 
    100.00      10.6944    1579.11 	         SP 
    105.00      10.3712    1631.79 	         SP 
    110.00       9.2177    1682.10 	         SP 
    110.00      10.0239    1682.78 	         SP 
    115.00       9.1069    1727.95 	         SP 
    120.00       8.9105    1773.01 	         SP 
    125.00       8.7551    1817.16 	         SP 
    130.00       8.6224    1860.60 	         SP 
    135.00       8.4539    1903.30 	         SP 
    160.00     160.00 	 SP 	 depth
     90.00      11.1060    1467.73 	         SP 
     95.00      10.9584    1522.96 	         SP 
    100.00      10.6916    1577.12 	         SP 
    105.00      10.3682    1629.78 	         SP 
    110.00       9.2172    1680.05 	         SP 
    110.00      10.0209    1680.76 	         SP 
    115.00       9.1057    1725.90 	         SP 
    120.00       8.9091    1770.95 	         SP 
    125.00       8.7541    1815.09 	         SP 
    130.00       8.6213    1858.53 	         SP 
    135.00       8.4527    1901.23 	         SP 
    170.00     170.00 	 SP 	 depth
     90.00      11.1055    1465.76 	         SP 
     95.00      10.9563    1520.99 	         SP 
    100.00      10.6889    1575.13 	         SP 
    105.00      10.3651    1627.78 	         SP 
    110.00       9.2167    1678.00 	         SP 
    110.00      10.0178    1678.74 	         SP 
    115.00       9.1045    1723.84 	         SP 
    120.00       8.9078    1768.89 	         SP 
    125.00       8.7532    1813.03 	         SP 
    130.00       8.6203    1856.46 	         SP 
    135.00       8.4515    1899.15 	         SP 
    180.00     180.00 	 SP 	 depth
     90.00      11.1048    1463.80 	         SP 
     95.00      10.9542    1519.01 	         SP 
    100.00      10.6861    1573.15 	         SP 
    105.00      10.3621    1625.78 	         SP 
    110.00       9.2162    1675.96 	         SP 
    110.00      10.0148    1676.73 	         SP 
    115.00       9.1033    1721.79 	         SP 
    120.00       8.9064    1766.83 	         SP 
    125.00       8.7522    1810.96 	         SP 
    130.00       8.6192    1854.39 	         SP 
    135.00       8.4503    1897.08 	         SP 
    190.00     190.00 	 SP 	 depth
     90.00      11.1042    1461.84 	         SP 
     95.00      10.9521    1517.04 	         SP 
    100.00      10.6833    1571.16 	         SP 
    105.00      10.3591    1623.79 	         SP 
    110.00       9.2157    1673.91 	         SP 
    110.00      10.0117    1674.72 	         SP 
    115.00       9.1021    1719.74 	         SP 
    120.00       8.9051    1764.78 	         SP 
    125.00       8.7512    1808.90 	         SP 
    130.00       8.6182    1852.33 	         SP 
    135.00       8.4490    1895.00 	         SP 
    200.00     200.00 	 SP 	 depth
     90.00      11.1036    1459.88 	         SP 
     95.00      10.9499    1515.08 	         SP 
    100.00      10.6805    1569.18 	         SP 
    105.00      10.3560    1621.79 	         SP 
    110.00       9.2152    1671.87 	         SP 
    110.00      10.0086    1672.71 	         SP 
    115.00       9.1009    1717.70 	         SP 
    120.00       8.9037    1762.72 	         SP 
    125.00       8.7502    1806.84 	         SP 
    130.00       8.6171    1850.26 	         SP 
    135.00       8.4478    1892.93 	         SP 
    210.00     210.00 	 SP 	 depth
     90.00      11.1029    1457.92 	         SP 
     95.00      10.9477    1513.11 	         SP 
    100.00      10.6777    1567.20 	         SP 
    105.00      10.3529    1619.80 	         SP 
    110.00       9.2146    1669.83 	         SP 
    110.00      10.0055    1670.70 	         SP 
    115.00       9.0996    1715.65 	         SP 
    120.00       8.9024    1760.67 	         SP 
    125.00       8.7492    1804.78 	         SP 
    130.00       8.6160    1848.20 	         SP 
    135.00       8.4465    1890.86 	         SP 
    220.00     220.00 	 SP 	 depth
     90.00      11.1022    1455.97 	         SP 
     95.00      10.9455    1511.15 	         SP 
    100.00      10.6748    1565.23 	         SP 
    105.00      10.3498    1617.81 	         SP 
    110.00       9.2141    1667.79 	         SP 
    110.00      10.0024    1668.70 	         SP 
    115.00       9.0984    1713.61 	         SP 
    120.00       8.9010    1758.62 	         SP 
    125.00       8.7482    1802.73 	         SP 
    130.00       8.6150    1846.14 	         SP 
    135.00       8.4453    1888.80 	         SP 
    230.00     230.00 	 SP 	 depth
     90.00      11.1015    1454.03 	         SP 
     95.00      10.9433    1509.20 	         SP 
    100.00      10.6720    1563.27 	         SP 
    105.00      10.3467    1615.84 	         SP 
    110.00       9.2135    1665.77 	         SP 
    110.00       9.9992    1666.71 	         SP 
    115.00       9.0971    1711.58 	         SP 
    120.00       8.8996    1756.59 	         SP 
    125.00       8.7472    1800.69 	         SP 
    130.00       8.6139    1844.09 	         SP 
    135.00       8.4440    1886.75 	         SP 
    240.00     240.00 	 SP 	 depth
     90.00      11.1007    1452.10 	         SP 
     95.00      10.9411    1507.27 	         SP 
    100.00      10.6691    1561.32 	         SP 
    105.00      10.3435    1613.87 	         SP 
    110.00       9.2130    1663.76 	         SP 
    110.00       9.9960    1664.72 	         SP 
    115.00       9.0959    1709.56 	         SP 
    120.00       8.8983    1754.56 	         SP 
    125.00       8.7461    1798.65 	         SP 
    130.00       8.6127    1842.06 	         SP 
    135.00       8.4427    1884.70 	         SP 
    250.00     250.00 	 SP 	 depth
     90.00      11.0999    1450.18 	         SP 
     95.00      10.9388    1505.34 	         SP 
    100.00      10.6661    1559.38 	         SP 
    105.00      10.3403    1611.91 	         SP 
    110.00       9.2124    1661.75 	         SP 
    110.00       9.9928    1662.75 	         SP 
    115.00       9.0946    1707.55 	         SP 
    120.00       8.8969    1752.54 	         SP 
    125.00       8.7451    1796.63 	         SP 
    130.00       8.6116    1840.03 	         SP 
    135.00       8.4414    1882.67 	         SP 
    260.00     260.00 	 SP 	 depth
     90.00      11.0991    1448.27 	         SP 
     95.00      10.9365    1503.42 	         SP 
    100.00      10.6632    1557.45 	         SP 
    105.00      10.3371    1609.97 	         SP 
    110.00       9.2118    1659.76 	         SP 
    110.00       9.9896    1660.79 	         SP 
    115.00       9.0933    1705.55 	         SP 
    120.00       8.8955    1750.54 	         SP 
    125.00       8.7441    1794.62 	         SP 
    130.00       8.6105    1838.01 	         SP 
    135.00       8.4401    1880.64 	         SP 
    270.00     270.00 	 SP 	 depth
     90.00      11.0983    1446.37 	         SP 
     95.00      10.9341    1501.51 	         SP 
    100.00      10.6602    1555.53 	         SP 
    105.00      10.3339    1608.03 	         SP 
    110.00       9.2112    1657.77 	         SP 
    110.00       9.9863    1658.84 	         SP 
    115.00       9.0920    1703.56 	         SP 
    120.00       8.8941    1748.54 	         SP 
    125.00       8.7430    1792.61 	         SP 
    130.00       8.6093    1836.00 	         SP 
    135.00       8.4388    1878.63 	         SP 
    280.00     280.00 	 SP 	 depth
     90.00      11.0975    1444.48 	         SP 
     95.00      10.9317    1499.62 	         SP 
    100.00      10.6572    1553.62 	         SP 
    105.00      10.3306    1606.11 	         SP 
    110.00       9.2106    1655.79 	         SP 
    110.00       9.9830    1656.90 	         SP 
    115.00       9.0906    1701.58 	         SP 
    120.00       8.8928    1746.55 	         SP 
    125.00       8.7420    1790.62 	         SP 
    130.00       8.6082    1834.00 	         SP 
    135.00       8.4375    1876.62 	         SP 
    290.00     290.00 	 SP 	 depth
     90.00      11.0966    1442.60 	         SP 
     95.00      10.9293    1497.73 	         SP 
    100.00      10.6541    1551.72 	         SP 
    105.00      10.3274    1604.19 	         SP 
    110.00       9.2100    1653.83 	         SP 
    110.00       9.9796    1654.96 	         SP 
    115.00       9.0893    1699.61 	         SP 
    120.00       8.8914    1744.57 	         SP 
    125.00       8.7409    1788.63 	         SP 
    130.00       8.6070    1832.01 	         SP 
    135.00       8.4362    1874.62 	         SP 
    300.00     300.00 	 SP 	 depth
     90.00      11.0957    1440.73 	         SP 
     95.00      10.9269    1495.85 	         SP 
    100.00      10.6511    1549.83 	         SP 
    105.00      10.3241    1602.28 	         SP 
    110.00       9.2093    1651.87 	         SP 
    110.00       9.9762    1653.04 	         SP 
    115.00       9.0879    1697.65 	         SP 
    120.00       8.8900    1742.60 	         SP 
    125.00       8.7399    1786.66 	         SP 
    130.00       8.6058    1830.03 	         SP 
    135.00       8.4348    1872.64 	         SP 
    310.00     310.00 	 SP 	 depth
     90.00      11.0947    1438.88 	         SP 
     95.00      10.9244    1493.99 	         SP 
    100.00      10.6480    1547.95 	         SP 
    105.00      10.3207    1600.38 	         SP 
    110.00       9.2087    1649.92 	         SP 
    110.00       9.9728    1651.12 	         SP 
    115.00       9.0865    1695.70 	         SP 
    120.00       8.8886    1740.64 	         SP 
    125.00       8.7388    1784.69 	         SP 
    130.00       8.6046    1828.06 	         SP 
    135.00       8.4334    1870.66 	         SP 
    320.00     320.00 	 SP 	 depth
     90.00      11.0938    1437.03 	         SP 
     95.00      10.9220    1492.13 	         SP 
    100.00      10.6448    1546.07 	         SP 
    105.00      10.3174    1598.50 	         SP 
    110.00       9.2080    1647.98 	         SP 
    110.00       9.9694    1649.22 	         SP 
    115.00       9.0851    1693.75 	         SP 
    120.00       8.8871    1738.68 	         SP 
    125.00       8.7377    1782.73 	         SP 
    130.00       8.6034    1826.09 	         SP 
    135.00       8.4321    1868.69 	         SP 
    330.00     330.00 	 SP 	 depth
     90.00      11.0928    1435.19 	         SP 
     95.00      10.9194    1490.28 	         SP 
    100.00      10.6417    1544.21 	         SP 
    105.00      10.3140    1596.62 	         SP 
    110.00       9.2073    1646.05 	         SP 
    110.00       9.9659    1647.32 	         SP 
    115.00       9.0836    1691.82 	         SP 
    120.00       8.8857    1736.74 	         SP 
    125.00       8.7367    1780.78 	         SP 
    130.00       8.6022    1824.14 	         SP 
    135.00       8.4307    1866.73 	         SP 
    340.00     340.00 	 SP 	 depth
     90.00      11.0918    1433.36 	         SP 
     95.00      10.9169    1488.44 	         SP 
    100.00      10.6385    1542.36 	         SP 
    105.00      10.3106    1594.75 	         SP 
    110.00       9.2066    1644.13 	         SP 
    110.00       9.9624    1645.44 	         SP 
    115.00       9.0822    1689.89 	         SP 
    120.00       8.8843    1734.81 	         SP 
    125.00       8.7356    1778.84 	         SP 
    130.00       8.6009    1822.19 	         SP 
    135.00       8.4293    1864.77 	         SP 
    350.00     350.00 	 SP 	 depth
     90.00      11.0907    1431.54 	         SP 
     95.00      10.9143    1486.61 	         SP 
    100.00      10.6353    1540.52 	         SP 
    105.00      10.3071    1592.89 	         SP 
    110.00       9.2060    1642.22 	         SP 
    110.00       9.9589    1643.56 	         SP 
    115.00       9.0807    1687.97 	         SP 
    120.00       8.8829    1732.88 	         SP 
    125.00       8.7345    1776.91 	         SP 
    130.00       8.5997    1820.26 	         SP 
    135.00       8.4279    1862.83 	         SP 
    360.00     360.00 	 SP 	 depth
     90.00      11.0896    1429.73 	         SP 
     95.00      10.9117    1484.80 	         SP 
    100.00      10.6320    1538.68 	         SP 
    105.00      10.3037    1591.04 	         SP 
    110.00       9.2052    1640.32 	         SP 
    110.00       9.9553    1641.69 	         SP 
    115.00       9.0793    1686.07 	         SP 
    120.00       8.8814    1730.97 	         SP 
    125.00       8.7334    1774.99 	         SP 
    130.00       8.5984    1818.33 	         SP 
    135.00       8.4264    1860.90 	         SP 
    370.00     370.00 	 SP 	 depth
     90.00      11.0885    1427.93 	         SP 
     95.00      10.9090    1482.99 	         SP 
    100.00      10.6288    1536.86 	         SP 
    105.00      10.3002    1589.20 	         SP 
    110.00       9.2045    1638.43 	         SP 
    110.00       9.9517    1639.83 	         SP 
    115.00       9.0777    1684.17 	         SP 
    120.00       8.8800    1729.06 	         SP 
    125.00       8.7323    1773.08 	         SP 
    130.00       8.5971    1816.41 	         SP 
    135.00       8.4250    1858.97 	         SP 
    380.00     380.00 	 SP 	 depth
     90.00      11.0873    1426.15 	         SP 
     95.00      10.9063    1481.19 	         SP 
    100.00      10.6255    1535.04 	         SP 
    105.00      10.2966    1587.36 	         SP 
    110.00       9.2038    1636.54 	         SP 
    110.00       9.9480    1637.99 	         SP 
    115.00       9.0762    1682.28 	         SP 
    120.00       8.8786    1727.16 	         SP 
    125.00       8.7312    1771.17 	         SP 
    130.00       8.5958    1814.50 	         SP 
    135.00       8.4235    1857.05 	         SP 
    390.00     390.00 	 SP 	 depth
     90.00      11.0861    1424.37 	         SP 
     95.00      10.9036    1479.40 	         SP 
    100.00      10.6221    1533.24 	         SP 
    105.00      10.2931    1585.54 	         SP 
    110.00       9.2030    1634.67 	         SP 
    110.00       9.9444    1636.15 	         SP 
    115.00       9.0747    1680.40 	         SP 
    120.00       8.8771    1725.27 	         SP 
    125.00       8.7300    1769.27 	         SP 
    130.00       8.5945    1812.60 	         SP 
    135.00       8.4221    1855.14 	         SP 
    400.00     400.00 	 SP 	 depth
     90.00      11.0849    1422.60 	         SP 
     95.00      10.9008    1477.62 	         SP 
    100.00      10.6188    1531.44 	         SP 
    105.00      10.2895    1583.73 	         SP 
    110.00       9.2023    1632.80 	         SP 
    110.00       9.9406    1634.31 	         SP 
    115.00       9.0731    1678.52 	         SP 
    120.00       8.8757    1723.39 	         SP 
    125.00       8.7289    1767.39 	         SP 
    130.00       8.5932    1810.70 	         SP 
    135.00       8.4206    1853.24 	         SP 
    410.00     410.00 	 SP 	 depth
     90.00      11.0837    1420.84 	         SP 
     95.00      10.8981    1475.85 	         SP 
    100.00      10.6154    1529.66 	         SP 
    105.00      10.2859    1581.92 	         SP 
    110.00       9.2015    1630.94 	         SP 
    110.00       9.9369    1632.49 	         SP 
    115.00       9.0715    1676.66 	         SP 
    120.00       8.8742    1721.52 	         SP 
    125.00       8.7278    1765.51 	         SP 
    130.00       8.5918    1808.82 	         SP 
    135.00       8.4191    1851.35 	         SP 
    420.00     420.00 	 SP 	 depth
     90.00      11.0823    1419.18 	         SP 
     95.00      10.8951    1474.18 	         SP 
    100.00      10.6117    1527.97 	         SP 
    105.00      10.2821    1580.22 	         SP 
    110.00       9.2007    1629.18 	         SP 
    110.00       9.9329    1630.77 	         SP 
    115.00       9.0699    1674.90 	         SP 
    120.00       8.8726    1719.74 	         SP 
    125.00       8.7266    1763.73 	         SP 
    130.00       8.5904    1807.03 	         SP 
    135.00       8.4175    1849.56 	         SP 
    430.00     430.00 	 SP 	 depth
     90.00      11.0809    1417.54 	         SP 
     95.00      10.8920    1472.53 	         SP 
    100.00      10.6081    1526.30 	         SP 
    105.00      10.2782    1578.53 	         SP 
    110.00       9.1998    1627.44 	         SP 
    110.00       9.9289    1629.06 	         SP 
    115.00       9.0681    1673.14 	         SP 
    120.00       8.8711    1717.98 	         SP 
    125.00       8.7254    1761.96 	         SP 
    130.00       8.5889    1805.26 	         SP 
    135.00       8.4159    1847.77 	         SP 
    440.00     440.00 	 SP 	 depth
     90.00      11.0794    1415.90 	         SP 
     95.00      10.8890    1470.88 	         SP 
    100.00      10.6044    1524.64 	         SP 
    105.00      10.2743    1576.85 	         SP 
    110.00       9.1989    1625.70 	         SP 
    110.00       9.9248    1627.36 	         SP 
    115.00       9.0664    1671.40 	         SP 
    120.00       8.8695    1716.23 	         SP 
    125.00       8.7241    1760.20 	         SP 
    130.00       8.5875    1803.49 	         SP 
    135.00       8.4143    1846.00 	         SP 
    450.00     450.00 	 SP 	 depth
     90.00      11.0779    1414.28 	         SP 
     95.00      10.8859    1469.25 	         SP 
    100.00      10.6006    1522.99 	         SP 
    105.00      10.2704    1575.18 	         SP 
    110.00       9.1981    1623.97 	         SP 
    110.00       9.9207    1625.67 	         SP 
    115.00       9.0647    1669.66 	         SP 
    120.00       8.8680    1714.48 	         SP 
    125.00       8.7229    1758.45 	         SP 
    130.00       8.5860    1801.73 	         SP 
    135.00       8.4126    1844.23 	         SP 
    460.00     460.00 	 SP 	 depth
     90.00      11.0764    1412.67 	         SP 
     95.00      10.8827    1467.62 	         SP 
    100.00      10.5968    1521.35 	         SP 
    105.00      10.2664    1573.52 	         SP 
    110.00       9.1972    1622.25 	         SP 
    110.00       9.9165    1623.99 	         SP 
    115.00       9.0629    1667.94 	         SP 
    120.00       8.8664    1712.75 	         SP 
    125.00       8.7217    1756.70 	         SP 
    130.00       8.5845    1799.98 	         SP 
    135.00       8.4110    1842.48 	         SP 
    470.00     470.00 	 SP 	 depth
     90.00      11.0748    1411.07 	         SP 
     95.00      10.8795    1466.01 	         SP 
    100.00      10.5930    1519.71 	         SP 
    105.00      10.2625    1571.87 	         SP 
    110.00       9.1962    1620.54 	         SP 
    110.00       9.9123    1622.32 	         SP 
    115.00       9.0611    1666.22 	         SP 
    120.00       8.8648    1711.02 	         SP 
    125.00       8.7204    1754.97 	         SP 
    130.00       8.5829    1798.24 	         SP 
    135.00       8.4093    1840.73 	         SP 
    480.00     480.00 	 SP 	 depth
     90.00      11.0732    1409.48 	         SP 
     95.00      10.8763    1464.41 	         SP 
    100.00      10.5892    1518.09 	         SP 
    105.00      10.2584    1570.23 	         SP 
    110.00       9.1953    1618.84 	         SP 
    110.00       9.9080    1620.66 	         SP 
    115.00       9.0592    1664.51 	         SP 
    120.00       8.8632    1709.30 	         SP 
    125.00       8.7192    1753.25 	         SP 
    130.00       8.5814    1796.51 	         SP 
    135.00       8.4076    1838.99 	         SP 
    490.00     490.00 	 SP 	 depth
     90.00      11.0715    1407.90 	         SP 
     95.00      10.8730    1462.81 	         SP 
    100.00      10.5853    1516.48 	         SP 
    105.00      10.2544    1568.59 	         SP 
    110.00       9.1943    1617.15 	         SP 
    110.00       9.9037    1619.00 	         SP 
    115.00       9.0574    1662.82 	         SP 
    120.00       8.8616    1707.60 	         SP 
    125.00       8.7179    1751.53 	         SP 
    130.00       8.5798    1794.79 	         SP 
    135.00       8.4059    1837.26 	         SP 
    500.00     500.00 	 SP 	 depth
     90.00      11.0698    1406.33 	         SP 
     95.00      10.8697    1461.23 	         SP 
    100.00      10.5813    1514.88 	         SP 
    105.00      10.2502    1566.97 	         SP 
    110.00       9.1934    1615.47 	         SP 
    110.00       9.8994    1617.36 	         SP 
    115.00       9.0555    1661.13 	         SP 
    120.00       8.8600    1705.90 	         SP 
    125.00       8.7166    1749.83 	         SP 
    130.00       8.5782    1793.08 	         SP 
    135.00       8.4042    1835.54 	         SP 
    510.00     510.00 	 SP 	 depth
     90.00      11.0680    1404.77 	         SP 
     95.00      10.8663    1459.66 	         SP 
    100.00      10.5773    1513.29 	         SP 
    105.00      10.2461    1565.36 	         SP 
    110.00       9.1924    1613.80 	         SP 
    110.00       9.8950    1615.73 	         SP 
    115.00       9.0536    1659.45 	         SP 
    120.00       8.8584    1704.21 	         SP 
    125.00       8.7154    1748.13 	         SP 
    130.00       8.5766    1791.38 	         SP 
    135.00       8.4025    1833.83 	         SP 
    520.00     520.00 	 SP 	 depth
     90.00      11.0662    1403.22 	         SP 
     95.00      10.8629    1458.10 	         SP 
    100.00      10.5733    1511.71 	         SP 
    105.00      10.2419    1563.76 	         SP 
    110.00       9.1914    1612.14 	         SP 
    110.00       9.8905    1614.11 	         SP 
    115.00       9.0516    1657.78 	         SP 
    120.00       8.8568    1702.53 	         SP 
    125.00       8.7141    1746.45 	         SP 
    130.00       8.5750    1789.69 	         SP 
    135.00       8.4007    1832.13 	         SP 
    530.00     530.00 	 SP 	 depth
     90.00      11.0643    1401.68 	         SP 
     95.00      10.8594    1456.54 	         SP 
    100.00      10.5692    1510.14 	         SP 
    105.00      10.2377    1562.17 	         SP 
    110.00       9.1903    1610.48 	         SP 
    110.00       9.8860    1612.49 	         SP 
    115.00       9.0497    1656.12 	         SP 
    120.00       8.8551    1700.86 	         SP 
    125.00       8.7128    1744.77 	         SP 
    130.00       8.5733    1788.00 	         SP 
    135.00       8.3989    1830.44 	         SP 
    540.00     540.00 	 SP 	 depth
     90.00      11.0624    1400.16 	         SP 
     95.00      10.8559    1455.00 	         SP 
    100.00      10.5651    1508.58 	         SP 
    105.00      10.2335    1560.59 	         SP 
    110.00       9.1893    1608.84 	         SP 
    110.00       9.8815    1610.89 	         SP 
    115.00       9.0477    1654.47 	         SP 
    120.00       8.8535    1699.20 	         SP 
    125.00       8.7115    1743.10 	         SP 
    130.00       8.5717    1786.33 	         SP 
    135.00       8.3971    1828.76 	         SP 
    550.00     550.00 	 SP 	 depth
     90.00      11.0604    1398.64 	         SP 
     95.00      10.8523    1453.47 	         SP 
    100.00      10.5610    1507.03 	         SP 
    105.00      10.2292    1559.01 	         SP 
    110.00       9.1882    1607.21 	         SP 
    110.00       9.8769    1609.30 	         SP 
    115.00       9.0456    1652.83 	         SP 
    120.00       8.8518    1697.55 	         SP 
    125.00       8.7101    1741.44 	         SP 
    130.00       8.5700    1784.66 	         SP 
    135.00       8.3953    1827.08 	         SP 
    560.00     560.00 	 SP 	 depth
     90.00      11.0584    1397.13 	         SP 
     95.00      10.8487    1451.95 	         SP 
    100.00      10.5568    1505.48 	         SP 
    105.00      10.2249    1557.45 	         SP 
    105.00       9.2378    1559.48 	         SP 
    110.00       9.1871    1605.58 	         SP 
    110.00       9.8723    1607.71 	         SP 
    115.00       9.0436    1651.20 	         SP 
    120.00       8.8502    1695.91 	         SP 
    125.00       8.7088    1739.79 	         SP 
    130.00       8.5683    1783.01 	         SP 
    135.00       8.3935    1825.42 	         SP 
    570.00     570.00 	 SP 	 depth
     90.00      11.0563    1395.64 	         SP 
     95.00      10.8451    1450.44 	         SP 
    100.00      10.5525    1503.95 	         SP 
    105.00      10.2205    1555.90 	         SP 
    105.00       9.2378    1557.87 	         SP 
    110.00       9.1860    1603.97 	         SP 
    110.00       9.8676    1606.14 	         SP 
    115.00       9.0415    1649.57 	         SP 
    120.00       8.8485    1694.27 	         SP 
    125.00       8.7075    1738.15 	         SP 
    130.00       8.5666    1781.36 	         SP 
    135.00       8.3916    1823.76 	         SP 
    580.00     580.00 	 SP 	 depth
     90.00      11.0541    1394.15 	         SP 
     95.00      10.8413    1448.94 	         SP 
    100.00      10.5483    1502.43 	         SP 
    105.00      10.2161    1554.35 	         SP 
    105.00       9.2378    1556.26 	         SP 
    110.00       9.1849    1602.36 	         SP 
    110.00       9.8628    1604.57 	         SP 
    115.00       9.0394    1647.96 	         SP 
    120.00       8.8468    1692.65 	         SP 
    125.00       8.7061    1736.52 	         SP 
    130.00       8.5648    1779.72 	         SP 
    135.00       8.3897    1822.11 	         SP 
    590.00     590.00 	 SP 	 depth
     90.00      11.0519    1392.67 	         SP 
     95.00      10.8376    1447.44 	         SP 
    100.00      10.5439    1500.92 	         SP 
    105.00      10.2117    1552.82 	         SP 
    105.00       9.2377    1554.67 	         SP 
    110.00       9.1838    1600.76 	         SP 
    110.00       9.8581    1603.01 	         SP 
    115.00       9.0372    1646.36 	         SP 
    120.00       8.8452    1691.03 	         SP 
    125.00       8.7048    1734.90 	         SP 
    130.00       8.5631    1778.09 	         SP 
    135.00       8.3879    1820.47 	         SP 
    600.00     600.00 	 SP 	 depth
     90.00      11.0497    1391.21 	         SP 
     95.00      10.8338    1445.96 	         SP 
    100.00      10.5396    1499.42 	         SP 
    105.00      10.2072    1551.29 	         SP 
    105.00       9.2377    1553.08 	         SP 
    110.00       9.1826    1599.18 	         SP 
    110.00       9.8532    1601.46 	         SP 
    115.00       9.0351    1644.76 	         SP 
    120.00       8.8435    1689.43 	         SP 
    125.00       8.7034    1733.28 	         SP 
    130.00       8.5613    1776.47 	         SP 
    135.00       8.3859    1818.84 	         SP 
    610.00     610.00 	 SP 	 depth
     90.00      11.0474    1389.75 	         SP 
     95.00      10.8299    1444.49 	         SP 
    100.00      10.5351    1497.92 	         SP 
    105.00      10.2027    1549.78 	         SP 
    105.00       9.2376    1551.51 	         SP 
    110.00       9.1814    1597.60 	         SP 
    110.00       9.8483    1599.93 	         SP 
    115.00       9.0328    1643.17 	         SP 
    120.00       8.8418    1687.83 	         SP 
    125.00       8.7020    1731.68 	         SP 
    130.00       8.5595    1774.85 	         SP 
    135.00       8.3840    1817.22 	         SP 
    620.00     620.00 	 SP 	 depth
     90.00      11.0450    1388.30 	         SP 
     95.00      10.8260    1443.03 	         SP 
    100.00      10.5307    1496.44 	         SP 
    105.00      10.1981    1548.27 	         SP 
    105.00       9.2375    1549.94 	         SP 
    110.00       9.1802    1596.03 	         SP 
    110.00       9.8434    1598.40 	         SP 
    115.00       9.0306    1641.59 	         SP 
    120.00       8.8400    1686.24 	         SP 
    125.00       8.7006    1730.08 	         SP 
    130.00       8.5577    1773.25 	         SP 
    135.00       8.3821    1815.60 	         SP 
    630.00     630.00 	 SP 	 depth
     90.00      11.0426    1386.87 	         SP 
     95.00      10.8220    1441.57 	         SP 
    100.00      10.5261    1494.96 	         SP 
    105.00      10.1935    1546.77 	         SP 
    105.00       9.2375    1548.38 	         SP 
    110.00       9.1789    1594.47 	         SP 
    110.00       9.8384    1596.87 	         SP 
    115.00       9.0283    1640.02 	         SP 
    120.00       8.8383    1684.66 	         SP 
    125.00       8.6992    1728.49 	         SP 
    130.00       8.5559    1771.65 	         SP 
    135.00       8.3801    1814.00 	         SP 
    640.00     640.00 	 SP 	 depth
     90.00      11.0401    1385.44 	         SP 
     95.00      10.8180    1440.13 	         SP 
    100.00      10.5216    1493.50 	         SP 
    105.00      10.1889    1545.28 	         SP 
    105.00       9.2374    1546.83 	         SP 
    110.00       9.1777    1592.91 	         SP 
    110.00       9.8333    1595.36 	         SP 
    115.00       9.0260    1638.46 	         SP 
    120.00       8.8366    1683.09 	         SP 
    125.00       8.6978    1726.91 	         SP 
    130.00       8.5541    1770.06 	         SP 
    135.00       8.3781    1812.40 	         SP 
    650.00     650.00 	 SP 	 depth
     90.00      11.0375    1384.03 	         SP 
     95.00      10.8139    1438.70 	         SP 
    100.00      10.5170    1492.04 	         SP 
    105.00      10.1842    1543.81 	         SP 
    105.00       9.2372    1545.29 	         SP 
    110.00       9.1764    1591.37 	         SP 
    110.00       9.8282    1593.86 	         SP 
    115.00       9.0237    1636.91 	         SP 
    120.00       8.8349    1681.52 	         SP 
    125.00       8.6964    1725.34 	         SP 
    130.00       8.5522    1768.49 	         SP 
    135.00       8.3761    1810.81 	         SP 
    660.00     660.00 	 SP 	 depth
     90.00      11.0349    1382.62 	         SP 
     95.00      10.8098    1437.27 	         SP 
    100.00      10.5123    1490.60 	         SP 
    105.00      10.1795    1542.34 	         SP 
    105.00       9.2371    1543.76 	         SP 
    110.00       9.1751    1589.84 	         SP 
    110.00       9.8230    1592.37 	         SP 
    115.00       9.0213    1635.37 	         SP 
    120.00       8.8331    1679.97 	         SP 
    125.00       8.6950    1723.78 	         SP 
    130.00       8.5504    1766.92 	         SP 
    135.00       8.3740    1809.23 	         SP 
    670.00     670.00 	 SP 	 depth
     90.00      11.0319    1381.36 	         SP 
     95.00      10.8052    1436.00 	         SP 
    100.00      10.5071    1489.30 	         SP 
    105.00      10.1743    1541.01 	         SP 
    105.00       9.2369    1542.37 	         SP 
    110.00       9.1736    1588.43 	         SP 
    110.00       9.8173    1591.01 	         SP 
    115.00       9.0187    1633.95 	         SP 
    120.00       8.8312    1678.55 	         SP 
    125.00       8.6934    1722.35 	         SP 
    130.00       8.5484    1765.47 	         SP 
    135.00       8.3718    1807.78 	         SP 
    680.00     680.00 	 SP 	 depth
     90.00      11.0289    1380.11 	         SP 
     95.00      10.8005    1434.73 	         SP 
    100.00      10.5018    1488.00 	         SP 
    105.00      10.1690    1539.69 	         SP 
    105.00       9.2368    1540.98 	         SP 
    110.00       9.1722    1587.04 	         SP 
    110.00       9.8115    1589.66 	         SP 
    115.00       9.0160    1632.55 	         SP 
    120.00       8.8293    1677.13 	         SP 
    125.00       8.6919    1720.92 	         SP 
    130.00       8.5463    1764.04 	         SP 
    135.00       8.3695    1806.34 	         SP 
    690.00     690.00 	 SP 	 depth
     90.00      11.0258    1378.88 	         SP 
     95.00      10.7957    1433.47 	         SP 
    100.00      10.4965    1486.72 	         SP 
    105.00      10.1637    1538.38 	         SP 
    105.00       9.2365    1539.60 	         SP 
    110.00       9.1706    1585.66 	         SP 
    110.00       9.8056    1588.33 	         SP 
    115.00       9.0133    1631.16 	         SP 
    120.00       8.8273    1675.73 	         SP 
    125.00       8.6903    1719.51 	         SP 
    130.00       8.5442    1762.62 	         SP 
    135.00       8.3672    1804.91 	         SP 
    700.00     700.00 	 SP 	 depth
     90.00      11.0226    1377.65 	         SP 
     95.00      10.7908    1432.22 	         SP 
    100.00      10.4911    1485.45 	         SP 
    105.00      10.1583    1537.08 	         SP 
    105.00       9.2363    1538.23 	         SP 
    110.00       9.1691    1584.29 	         SP 
    110.00       9.7997    1587.00 	         SP 
    115.00       9.0106    1629.78 	         SP 
    120.00       8.8254    1674.33 	         SP 
    125.00       8.6887    1718.11 	         SP 
    130.00       8.5421    1761.21 	         SP 
    135.00       8.3649    1803.48 	         SP 
