     10.00      10.00 	 pPKPbc 	 depth
    145.00       3.2879    1179.32 	     pPKPbc 
    150.00       2.5687    1193.69 	     pPKPbc 
    155.00       2.1145    1205.36 	     pPKPbc 
     20.00      20.00 	 pPKPbc 	 depth
    145.00       3.2926    1181.02 	     pPKPbc 
    150.00       2.5700    1195.39 	     pPKPbc 
    155.00       2.1154    1207.07 	     pPKPbc 
     30.00      30.00 	 pPKPbc 	 depth
    145.00       3.2981    1182.53 	     pPKPbc 
    150.00       2.5714    1196.92 	     pPKPbc 
    155.00       2.1165    1208.60 	     pPKPbc 
     40.00      40.00 	 pPKPbc 	 depth
    145.00       3.3045    1183.89 	     pPKPbc 
    150.00       2.5730    1198.29 	     pPKPbc 
    155.00       2.1176    1209.98 	     pPKPbc 
     50.00      50.00 	 pPKPbc 	 depth
    145.00       3.3118    1185.09 	     pPKPbc 
    150.00       2.5747    1199.51 	     pPKPbc 
    155.00       2.1189    1211.20 	     pPKPbc 
     60.00      60.00 	 pPKPbc 	 depth
    145.00       3.3195    1186.30 	     pPKPbc 
    150.00       2.5765    1200.73 	     pPKPbc 
    155.00       2.1202    1212.43 	     pPKPbc 
     70.00      70.00 	 pPKPbc 	 depth
    145.00       3.3275    1187.51 	     pPKPbc 
    150.00       2.5783    1201.95 	     pPKPbc 
    155.00       2.1215    1213.66 	     pPKPbc 
     80.00      80.00 	 pPKPbc 	 depth
    145.00       3.3360    1188.71 	     pPKPbc 
    150.00       2.5801    1203.17 	     pPKPbc 
    155.00       2.1228    1214.89 	     pPKPbc 
     90.00      90.00 	 pPKPbc 	 depth
    145.00       3.3449    1189.92 	     pPKPbc 
    150.00       2.5819    1204.39 	     pPKPbc 
    155.00       2.1240    1216.12 	     pPKPbc 
    100.00     100.00 	 pPKPbc 	 depth
    145.00       3.3543    1191.12 	     pPKPbc 
    150.00       2.5837    1205.61 	     pPKPbc 
    155.00       2.1253    1217.34 	     pPKPbc 
    110.00     110.00 	 pPKPbc 	 depth
    145.00       3.3644    1192.32 	     pPKPbc 
    150.00       2.5856    1206.83 	     pPKPbc 
    155.00       2.1266    1218.57 	     pPKPbc 
    120.00     120.00 	 pPKPbc 	 depth
    145.00       3.3754    1193.53 	     pPKPbc 
    150.00       2.5874    1208.05 	     pPKPbc 
    155.00       2.1279    1219.80 	     pPKPbc 
    130.00     130.00 	 pPKPbc 	 depth
    145.00       3.3873    1194.73 	     pPKPbc 
    150.00       2.5893    1209.27 	     pPKPbc 
    155.00       2.1292    1221.02 	     pPKPbc 
    140.00     140.00 	 pPKPbc 	 depth
    145.00       3.4008    1195.92 	     pPKPbc 
    150.00       2.5912    1210.48 	     pPKPbc 
    155.00       2.1306    1222.24 	     pPKPbc 
    150.00     150.00 	 pPKPbc 	 depth
    145.00       3.4163    1197.11 	     pPKPbc 
    150.00       2.5931    1211.69 	     pPKPbc 
    155.00       2.1319    1223.46 	     pPKPbc 
    160.00     160.00 	 pPKPbc 	 depth
    145.00       3.4352    1198.30 	     pPKPbc 
    150.00       2.5950    1212.89 	     pPKPbc 
    155.00       2.1332    1224.67 	     pPKPbc 
    170.00     170.00 	 pPKPbc 	 depth
    145.00       3.4622    1199.48 	     pPKPbc 
    150.00       2.5969    1214.09 	     pPKPbc 
    155.00       2.1346    1225.88 	     pPKPbc 
    180.00     180.00 	 pPKPbc 	 depth
    150.00       2.5989    1215.29 	     pPKPbc 
    155.00       2.1359    1227.08 	     pPKPbc 
    190.00     190.00 	 pPKPbc 	 depth
    150.00       2.6008    1216.48 	     pPKPbc 
    155.00       2.1373    1228.28 	     pPKPbc 
    200.00     200.00 	 pPKPbc 	 depth
    150.00       2.6028    1217.67 	     pPKPbc 
    155.00       2.1386    1229.47 	     pPKPbc 
    210.00     210.00 	 pPKPbc 	 depth
    150.00       2.6048    1218.85 	     pPKPbc 
    155.00       2.1400    1230.66 	     pPKPbc 
    220.00     220.00 	 pPKPbc 	 depth
    150.00       2.6069    1220.03 	     pPKPbc 
    155.00       2.1414    1231.85 	     pPKPbc 
    230.00     230.00 	 pPKPbc 	 depth
    150.00       2.6089    1221.20 	     pPKPbc 
    155.00       2.1428    1233.03 	     pPKPbc 
    240.00     240.00 	 pPKPbc 	 depth
    150.00       2.6110    1222.36 	     pPKPbc 
    155.00       2.1442    1234.20 	     pPKPbc 
    250.00     250.00 	 pPKPbc 	 depth
    150.00       2.6131    1223.53 	     pPKPbc 
    155.00       2.1456    1235.37 	     pPKPbc 
    260.00     260.00 	 pPKPbc 	 depth
    150.00       2.6152    1224.68 	     pPKPbc 
    155.00       2.1470    1236.54 	     pPKPbc 
    270.00     270.00 	 pPKPbc 	 depth
    150.00       2.6174    1225.83 	     pPKPbc 
    155.00       2.1485    1237.70 	     pPKPbc 
    280.00     280.00 	 pPKPbc 	 depth
    150.00       2.6195    1226.98 	     pPKPbc 
    155.00       2.1499    1238.85 	     pPKPbc 
    290.00     290.00 	 pPKPbc 	 depth
    150.00       2.6217    1228.12 	     pPKPbc 
    155.00       2.1514    1240.00 	     pPKPbc 
    300.00     300.00 	 pPKPbc 	 depth
    150.00       2.6239    1229.25 	     pPKPbc 
    155.00       2.1528    1241.14 	     pPKPbc 
    310.00     310.00 	 pPKPbc 	 depth
    150.00       2.6262    1230.38 	     pPKPbc 
    155.00       2.1543    1242.28 	     pPKPbc 
    320.00     320.00 	 pPKPbc 	 depth
    150.00       2.6284    1231.51 	     pPKPbc 
    155.00       2.1558    1243.42 	     pPKPbc 
    330.00     330.00 	 pPKPbc 	 depth
    150.00       2.6307    1232.63 	     pPKPbc 
    155.00       2.1573    1244.54 	     pPKPbc 
    340.00     340.00 	 pPKPbc 	 depth
    150.00       2.6331    1233.74 	     pPKPbc 
    155.00       2.1588    1245.67 	     pPKPbc 
    350.00     350.00 	 pPKPbc 	 depth
    150.00       2.6354    1234.85 	     pPKPbc 
    155.00       2.1603    1246.79 	     pPKPbc 
    360.00     360.00 	 pPKPbc 	 depth
    150.00       2.6378    1235.95 	     pPKPbc 
    155.00       2.1618    1247.90 	     pPKPbc 
    370.00     370.00 	 pPKPbc 	 depth
    150.00       2.6402    1237.05 	     pPKPbc 
    155.00       2.1634    1249.01 	     pPKPbc 
    380.00     380.00 	 pPKPbc 	 depth
    150.00       2.6426    1238.15 	     pPKPbc 
    155.00       2.1649    1250.11 	     pPKPbc 
    390.00     390.00 	 pPKPbc 	 depth
    150.00       2.6451    1239.24 	     pPKPbc 
    155.00       2.1665    1251.21 	     pPKPbc 
    400.00     400.00 	 pPKPbc 	 depth
    150.00       2.6475    1240.32 	     pPKPbc 
    155.00       2.1680    1252.31 	     pPKPbc 
    410.00     410.00 	 pPKPbc 	 depth
    150.00       2.6501    1241.40 	     pPKPbc 
    155.00       2.1696    1253.40 	     pPKPbc 
    420.00     420.00 	 pPKPbc 	 depth
    150.00       2.6527    1242.44 	     pPKPbc 
    155.00       2.1713    1254.44 	     pPKPbc 
    430.00     430.00 	 pPKPbc 	 depth
    150.00       2.6554    1243.47 	     pPKPbc 
    155.00       2.1729    1255.49 	     pPKPbc 
    440.00     440.00 	 pPKPbc 	 depth
    150.00       2.6581    1244.50 	     pPKPbc 
    155.00       2.1746    1256.52 	     pPKPbc 
    450.00     450.00 	 pPKPbc 	 depth
    150.00       2.6608    1245.52 	     pPKPbc 
    155.00       2.1763    1257.56 	     pPKPbc 
    460.00     460.00 	 pPKPbc 	 depth
    150.00       2.6636    1246.54 	     pPKPbc 
    155.00       2.1780    1258.59 	     pPKPbc 
    470.00     470.00 	 pPKPbc 	 depth
    150.00       2.6663    1247.55 	     pPKPbc 
    155.00       2.1797    1259.61 	     pPKPbc 
    480.00     480.00 	 pPKPbc 	 depth
    150.00       2.6692    1248.57 	     pPKPbc 
    155.00       2.1814    1260.64 	     pPKPbc 
    490.00     490.00 	 pPKPbc 	 depth
    150.00       2.6720    1249.57 	     pPKPbc 
    155.00       2.1831    1261.65 	     pPKPbc 
    500.00     500.00 	 pPKPbc 	 depth
    150.00       2.6749    1250.58 	     pPKPbc 
    155.00       2.1849    1262.67 	     pPKPbc 
    510.00     510.00 	 pPKPbc 	 depth
    150.00       2.6779    1251.58 	     pPKPbc 
    155.00       2.1866    1263.68 	     pPKPbc 
    520.00     520.00 	 pPKPbc 	 depth
    150.00       2.6808    1252.57 	     pPKPbc 
    155.00       2.1884    1264.69 	     pPKPbc 
    530.00     530.00 	 pPKPbc 	 depth
    150.00       2.6838    1253.56 	     pPKPbc 
    155.00       2.1901    1265.69 	     pPKPbc 
    540.00     540.00 	 pPKPbc 	 depth
    150.00       2.6869    1254.55 	     pPKPbc 
    155.00       2.1919    1266.69 	     pPKPbc 
    550.00     550.00 	 pPKPbc 	 depth
    150.00       2.6899    1255.54 	     pPKPbc 
    155.00       2.1937    1267.69 	     pPKPbc 
    560.00     560.00 	 pPKPbc 	 depth
    150.00       2.6931    1256.52 	     pPKPbc 
    155.00       2.1955    1268.68 	     pPKPbc 
    570.00     570.00 	 pPKPbc 	 depth
    150.00       2.6962    1257.49 	     pPKPbc 
    155.00       2.1974    1269.67 	     pPKPbc 
    580.00     580.00 	 pPKPbc 	 depth
    150.00       2.6994    1258.47 	     pPKPbc 
    155.00       2.1992    1270.65 	     pPKPbc 
    590.00     590.00 	 pPKPbc 	 depth
    150.00       2.7026    1259.44 	     pPKPbc 
    155.00       2.2011    1271.63 	     pPKPbc 
    600.00     600.00 	 pPKPbc 	 depth
    150.00       2.7059    1260.40 	     pPKPbc 
    155.00       2.2030    1272.61 	     pPKPbc 
    610.00     610.00 	 pPKPbc 	 depth
    150.00       2.7092    1261.36 	     pPKPbc 
    155.00       2.2050    1273.59 	     pPKPbc 
    620.00     620.00 	 pPKPbc 	 depth
    150.00       2.7126    1262.32 	     pPKPbc 
    155.00       2.2069    1274.56 	     pPKPbc 
    630.00     630.00 	 pPKPbc 	 depth
    150.00       2.7160    1263.27 	     pPKPbc 
    155.00       2.2089    1275.52 	     pPKPbc 
    640.00     640.00 	 pPKPbc 	 depth
    150.00       2.7194    1264.22 	     pPKPbc 
    155.00       2.2108    1276.49 	     pPKPbc 
    650.00     650.00 	 pPKPbc 	 depth
    150.00       2.7229    1265.17 	     pPKPbc 
    155.00       2.2128    1277.45 	     pPKPbc 
    660.00     660.00 	 pPKPbc 	 depth
    150.00       2.7264    1266.12 	     pPKPbc 
    155.00       2.2149    1278.40 	     pPKPbc 
    670.00     670.00 	 pPKPbc 	 depth
    150.00       2.7303    1267.00 	     pPKPbc 
    155.00       2.2170    1279.30 	     pPKPbc 
    680.00     680.00 	 pPKPbc 	 depth
    150.00       2.7341    1267.88 	     pPKPbc 
    155.00       2.2192    1280.20 	     pPKPbc 
    690.00     690.00 	 pPKPbc 	 depth
    150.00       2.7380    1268.76 	     pPKPbc 
    155.00       2.2214    1281.09 	     pPKPbc 
    700.00     700.00 	 pPKPbc 	 depth
    150.00       2.7420    1269.64 	     pPKPbc 
    155.00       2.2237    1281.98 	     pPKPbc 
