     10.00      10.00 	 pPKiKP 	 depth
     20.00       0.4434    1000.78 	     pPKiKP 
     25.00       0.5514    1003.27 	     pPKiKP 
     30.00       0.6576    1006.29 	     pPKiKP 
     35.00       0.7615    1009.84 	     pPKiKP 
     40.00       0.8628    1013.90 	     pPKiKP 
     45.00       0.9614    1018.46 	     pPKiKP 
     50.00       1.0568    1023.51 	     pPKiKP 
     55.00       1.1488    1029.02 	     pPKiKP 
     60.00       1.2372    1034.99 	     pPKiKP 
     65.00       1.3217    1041.39 	     pPKiKP 
     70.00       1.4023    1048.20 	     pPKiKP 
     75.00       1.4786    1055.40 	     pPKiKP 
     80.00       1.5506    1062.98 	     pPKiKP 
     85.00       1.6181    1070.90 	     pPKiKP 
     90.00       1.6810    1079.15 	     pPKiKP 
     95.00       1.7393    1087.70 	     pPKiKP 
    100.00       1.7929    1096.54 	     pPKiKP 
    105.00       1.8417    1105.63 	     pPKiKP 
    110.00       1.8858    1114.95 	     pPKiKP 
    115.00       1.9250    1124.48 	     pPKiKP 
    120.00       1.9595    1134.19 	     pPKiKP 
    125.00       1.9892    1144.06 	     pPKiKP 
    130.00       2.0142    1154.07 	     pPKiKP 
    135.00       2.0345    1164.20 	     pPKiKP 
    140.00       2.0503    1174.41 	     pPKiKP 
    145.00       2.0615    1184.69 	     pPKiKP 
    150.00       2.0683    1195.02 	     pPKiKP 
    155.00       2.0708    1205.37 	     pPKiKP 
     20.00      20.00 	 pPKiKP 	 depth
     20.00       0.4434    1002.50 	     pPKiKP 
     25.00       0.5514    1004.99 	     pPKiKP 
     30.00       0.6575    1008.01 	     pPKiKP 
     35.00       0.7614    1011.56 	     pPKiKP 
     40.00       0.8628    1015.62 	     pPKiKP 
     45.00       0.9613    1020.18 	     pPKiKP 
     50.00       1.0567    1025.23 	     pPKiKP 
     55.00       1.1487    1030.74 	     pPKiKP 
     60.00       1.2371    1036.71 	     pPKiKP 
     65.00       1.3216    1043.11 	     pPKiKP 
     70.00       1.4022    1049.92 	     pPKiKP 
     75.00       1.4785    1057.12 	     pPKiKP 
     80.00       1.5505    1064.70 	     pPKiKP 
     85.00       1.6180    1072.62 	     pPKiKP 
     90.00       1.6809    1080.87 	     pPKiKP 
     95.00       1.7392    1089.42 	     pPKiKP 
    100.00       1.7928    1098.25 	     pPKiKP 
    105.00       1.8416    1107.34 	     pPKiKP 
    110.00       1.8857    1116.66 	     pPKiKP 
    115.00       1.9249    1126.19 	     pPKiKP 
    120.00       1.9594    1135.90 	     pPKiKP 
    125.00       1.9891    1145.78 	     pPKiKP 
    130.00       2.0141    1155.79 	     pPKiKP 
    135.00       2.0345    1165.91 	     pPKiKP 
    140.00       2.0502    1176.12 	     pPKiKP 
    145.00       2.0615    1186.41 	     pPKiKP 
    150.00       2.0683    1196.73 	     pPKiKP 
    155.00       2.0708    1207.08 	     pPKiKP 
     30.00      30.00 	 pPKiKP 	 depth
     20.00       0.4433    1004.04 	     pPKiKP 
     25.00       0.5513    1006.53 	     pPKiKP 
     30.00       0.6574    1009.55 	     pPKiKP 
     35.00       0.7613    1013.10 	     pPKiKP 
     40.00       0.8627    1017.16 	     pPKiKP 
     45.00       0.9612    1021.72 	     pPKiKP 
     50.00       1.0566    1026.76 	     pPKiKP 
     55.00       1.1486    1032.28 	     pPKiKP 
     60.00       1.2370    1038.24 	     pPKiKP 
     65.00       1.3215    1044.64 	     pPKiKP 
     70.00       1.4020    1051.45 	     pPKiKP 
     75.00       1.4784    1058.66 	     pPKiKP 
     80.00       1.5504    1066.23 	     pPKiKP 
     85.00       1.6179    1074.15 	     pPKiKP 
     90.00       1.6808    1082.40 	     pPKiKP 
     95.00       1.7391    1090.95 	     pPKiKP 
    100.00       1.7927    1099.78 	     pPKiKP 
    105.00       1.8416    1108.87 	     pPKiKP 
    110.00       1.8856    1118.19 	     pPKiKP 
    115.00       1.9249    1127.72 	     pPKiKP 
    120.00       1.9593    1137.43 	     pPKiKP 
    125.00       1.9891    1147.31 	     pPKiKP 
    130.00       2.0141    1157.32 	     pPKiKP 
    135.00       2.0344    1167.44 	     pPKiKP 
    140.00       2.0502    1177.65 	     pPKiKP 
    145.00       2.0615    1187.93 	     pPKiKP 
    150.00       2.0683    1198.26 	     pPKiKP 
    155.00       2.0708    1208.61 	     pPKiKP 
     40.00      40.00 	 pPKiKP 	 depth
     20.00       0.4433    1005.43 	     pPKiKP 
     25.00       0.5513    1007.92 	     pPKiKP 
     30.00       0.6573    1010.94 	     pPKiKP 
     35.00       0.7612    1014.49 	     pPKiKP 
     40.00       0.8626    1018.55 	     pPKiKP 
     45.00       0.9611    1023.11 	     pPKiKP 
     50.00       1.0565    1028.15 	     pPKiKP 
     55.00       1.1485    1033.67 	     pPKiKP 
     60.00       1.2368    1039.63 	     pPKiKP 
     65.00       1.3214    1046.03 	     pPKiKP 
     70.00       1.4019    1052.84 	     pPKiKP 
     75.00       1.4782    1060.04 	     pPKiKP 
     80.00       1.5502    1067.61 	     pPKiKP 
     85.00       1.6178    1075.54 	     pPKiKP 
     90.00       1.6807    1083.78 	     pPKiKP 
     95.00       1.7390    1092.33 	     pPKiKP 
    100.00       1.7926    1101.17 	     pPKiKP 
    105.00       1.8415    1110.25 	     pPKiKP 
    110.00       1.8855    1119.57 	     pPKiKP 
    115.00       1.9248    1129.10 	     pPKiKP 
    120.00       1.9593    1138.81 	     pPKiKP 
    125.00       1.9890    1148.68 	     pPKiKP 
    130.00       2.0140    1158.69 	     pPKiKP 
    135.00       2.0344    1168.82 	     pPKiKP 
    140.00       2.0502    1179.03 	     pPKiKP 
    145.00       2.0614    1189.31 	     pPKiKP 
    150.00       2.0683    1199.64 	     pPKiKP 
    155.00       2.0708    1209.99 	     pPKiKP 
     50.00      50.00 	 pPKiKP 	 depth
     20.00       0.4432    1006.67 	     pPKiKP 
     25.00       0.5512    1009.16 	     pPKiKP 
     30.00       0.6573    1012.18 	     pPKiKP 
     35.00       0.7611    1015.73 	     pPKiKP 
     40.00       0.8625    1019.79 	     pPKiKP 
     45.00       0.9609    1024.35 	     pPKiKP 
     50.00       1.0563    1029.39 	     pPKiKP 
     55.00       1.1483    1034.91 	     pPKiKP 
     60.00       1.2367    1040.87 	     pPKiKP 
     65.00       1.3212    1047.27 	     pPKiKP 
     70.00       1.4018    1054.08 	     pPKiKP 
     75.00       1.4781    1061.28 	     pPKiKP 
     80.00       1.5501    1068.85 	     pPKiKP 
     85.00       1.6176    1076.77 	     pPKiKP 
     90.00       1.6806    1085.02 	     pPKiKP 
     95.00       1.7389    1093.57 	     pPKiKP 
    100.00       1.7925    1102.40 	     pPKiKP 
    105.00       1.8413    1111.49 	     pPKiKP 
    110.00       1.8854    1120.80 	     pPKiKP 
    115.00       1.9247    1130.33 	     pPKiKP 
    120.00       1.9592    1140.04 	     pPKiKP 
    125.00       1.9889    1149.92 	     pPKiKP 
    130.00       2.0140    1159.92 	     pPKiKP 
    135.00       2.0343    1170.05 	     pPKiKP 
    140.00       2.0501    1180.26 	     pPKiKP 
    145.00       2.0614    1190.54 	     pPKiKP 
    150.00       2.0683    1200.87 	     pPKiKP 
    155.00       2.0708    1211.22 	     pPKiKP 
     60.00      60.00 	 pPKiKP 	 depth
     20.00       0.4432    1007.91 	     pPKiKP 
     25.00       0.5511    1010.40 	     pPKiKP 
     30.00       0.6572    1013.42 	     pPKiKP 
     35.00       0.7610    1016.97 	     pPKiKP 
     40.00       0.8623    1021.03 	     pPKiKP 
     45.00       0.9608    1025.59 	     pPKiKP 
     50.00       1.0562    1030.63 	     pPKiKP 
     55.00       1.1482    1036.14 	     pPKiKP 
     60.00       1.2366    1042.11 	     pPKiKP 
     65.00       1.3211    1048.50 	     pPKiKP 
     70.00       1.4016    1055.31 	     pPKiKP 
     75.00       1.4780    1062.51 	     pPKiKP 
     80.00       1.5499    1070.08 	     pPKiKP 
     85.00       1.6175    1078.00 	     pPKiKP 
     90.00       1.6804    1086.25 	     pPKiKP 
     95.00       1.7388    1094.80 	     pPKiKP 
    100.00       1.7924    1103.63 	     pPKiKP 
    105.00       1.8412    1112.72 	     pPKiKP 
    110.00       1.8853    1122.04 	     pPKiKP 
    115.00       1.9246    1131.56 	     pPKiKP 
    120.00       1.9591    1141.27 	     pPKiKP 
    125.00       1.9889    1151.15 	     pPKiKP 
    130.00       2.0139    1161.15 	     pPKiKP 
    135.00       2.0343    1171.28 	     pPKiKP 
    140.00       2.0501    1181.49 	     pPKiKP 
    145.00       2.0614    1191.77 	     pPKiKP 
    150.00       2.0683    1202.10 	     pPKiKP 
    155.00       2.0708    1212.45 	     pPKiKP 
     70.00      70.00 	 pPKiKP 	 depth
     20.00       0.4431    1009.16 	     pPKiKP 
     25.00       0.5510    1011.64 	     pPKiKP 
     30.00       0.6571    1014.66 	     pPKiKP 
     35.00       0.7609    1018.21 	     pPKiKP 
     40.00       0.8622    1022.27 	     pPKiKP 
     45.00       0.9607    1026.83 	     pPKiKP 
     50.00       1.0561    1031.87 	     pPKiKP 
     55.00       1.1480    1037.38 	     pPKiKP 
     60.00       1.2364    1043.35 	     pPKiKP 
     65.00       1.3210    1049.74 	     pPKiKP 
     70.00       1.4015    1056.55 	     pPKiKP 
     75.00       1.4778    1063.75 	     pPKiKP 
     80.00       1.5498    1071.32 	     pPKiKP 
     85.00       1.6173    1079.24 	     pPKiKP 
     90.00       1.6803    1087.49 	     pPKiKP 
     95.00       1.7386    1096.03 	     pPKiKP 
    100.00       1.7922    1104.86 	     pPKiKP 
    105.00       1.8411    1113.95 	     pPKiKP 
    110.00       1.8852    1123.27 	     pPKiKP 
    115.00       1.9245    1132.79 	     pPKiKP 
    120.00       1.9590    1142.50 	     pPKiKP 
    125.00       1.9888    1152.38 	     pPKiKP 
    130.00       2.0138    1162.38 	     pPKiKP 
    135.00       2.0342    1172.51 	     pPKiKP 
    140.00       2.0501    1182.72 	     pPKiKP 
    145.00       2.0614    1193.00 	     pPKiKP 
    150.00       2.0683    1203.32 	     pPKiKP 
    155.00       2.0708    1213.67 	     pPKiKP 
     80.00      80.00 	 pPKiKP 	 depth
     20.00       0.4430    1010.40 	     pPKiKP 
     25.00       0.5509    1012.89 	     pPKiKP 
     30.00       0.6570    1015.91 	     pPKiKP 
     35.00       0.7608    1019.45 	     pPKiKP 
     40.00       0.8621    1023.51 	     pPKiKP 
     45.00       0.9606    1028.07 	     pPKiKP 
     50.00       1.0559    1033.11 	     pPKiKP 
     55.00       1.1479    1038.62 	     pPKiKP 
     60.00       1.2363    1044.58 	     pPKiKP 
     65.00       1.3208    1050.98 	     pPKiKP 
     70.00       1.4013    1057.79 	     pPKiKP 
     75.00       1.4777    1064.98 	     pPKiKP 
     80.00       1.5497    1072.55 	     pPKiKP 
     85.00       1.6172    1080.47 	     pPKiKP 
     90.00       1.6802    1088.72 	     pPKiKP 
     95.00       1.7385    1097.27 	     pPKiKP 
    100.00       1.7921    1106.10 	     pPKiKP 
    105.00       1.8410    1115.18 	     pPKiKP 
    110.00       1.8851    1124.50 	     pPKiKP 
    115.00       1.9244    1134.02 	     pPKiKP 
    120.00       1.9589    1143.73 	     pPKiKP 
    125.00       1.9887    1153.61 	     pPKiKP 
    130.00       2.0138    1163.61 	     pPKiKP 
    135.00       2.0342    1173.74 	     pPKiKP 
    140.00       2.0500    1183.95 	     pPKiKP 
    145.00       2.0613    1194.23 	     pPKiKP 
    150.00       2.0682    1204.55 	     pPKiKP 
    155.00       2.0708    1214.90 	     pPKiKP 
     90.00      90.00 	 pPKiKP 	 depth
     20.00       0.4430    1011.64 	     pPKiKP 
     25.00       0.5509    1014.13 	     pPKiKP 
     30.00       0.6569    1017.15 	     pPKiKP 
     35.00       0.7607    1020.69 	     pPKiKP 
     40.00       0.8620    1024.75 	     pPKiKP 
     45.00       0.9605    1029.31 	     pPKiKP 
     50.00       1.0558    1034.35 	     pPKiKP 
     55.00       1.1478    1039.86 	     pPKiKP 
     60.00       1.2361    1045.82 	     pPKiKP 
     65.00       1.3207    1052.22 	     pPKiKP 
     70.00       1.4012    1059.02 	     pPKiKP 
     75.00       1.4775    1066.22 	     pPKiKP 
     80.00       1.5495    1073.79 	     pPKiKP 
     85.00       1.6171    1081.71 	     pPKiKP 
     90.00       1.6800    1089.95 	     pPKiKP 
     95.00       1.7384    1098.50 	     pPKiKP 
    100.00       1.7920    1107.33 	     pPKiKP 
    105.00       1.8409    1116.41 	     pPKiKP 
    110.00       1.8850    1125.73 	     pPKiKP 
    115.00       1.9243    1135.25 	     pPKiKP 
    120.00       1.9588    1144.96 	     pPKiKP 
    125.00       1.9886    1154.83 	     pPKiKP 
    130.00       2.0137    1164.84 	     pPKiKP 
    135.00       2.0341    1174.96 	     pPKiKP 
    140.00       2.0500    1185.18 	     pPKiKP 
    145.00       2.0613    1195.46 	     pPKiKP 
    150.00       2.0682    1205.78 	     pPKiKP 
    155.00       2.0708    1216.13 	     pPKiKP 
    100.00     100.00 	 pPKiKP 	 depth
     20.00       0.4429    1012.88 	     pPKiKP 
     25.00       0.5508    1015.37 	     pPKiKP 
     30.00       0.6568    1018.39 	     pPKiKP 
     35.00       0.7606    1021.93 	     pPKiKP 
     40.00       0.8619    1025.99 	     pPKiKP 
     45.00       0.9603    1030.55 	     pPKiKP 
     50.00       1.0557    1035.59 	     pPKiKP 
     55.00       1.1476    1041.10 	     pPKiKP 
     60.00       1.2360    1047.06 	     pPKiKP 
     65.00       1.3205    1053.45 	     pPKiKP 
     70.00       1.4010    1060.26 	     pPKiKP 
     75.00       1.4774    1067.46 	     pPKiKP 
     80.00       1.5494    1075.02 	     pPKiKP 
     85.00       1.6169    1082.94 	     pPKiKP 
     90.00       1.6799    1091.19 	     pPKiKP 
     95.00       1.7382    1099.73 	     pPKiKP 
    100.00       1.7919    1108.56 	     pPKiKP 
    105.00       1.8408    1117.64 	     pPKiKP 
    110.00       1.8849    1126.96 	     pPKiKP 
    115.00       1.9242    1136.48 	     pPKiKP 
    120.00       1.9588    1146.19 	     pPKiKP 
    125.00       1.9886    1156.06 	     pPKiKP 
    130.00       2.0137    1166.07 	     pPKiKP 
    135.00       2.0341    1176.19 	     pPKiKP 
    140.00       2.0499    1186.40 	     pPKiKP 
    145.00       2.0613    1196.68 	     pPKiKP 
    150.00       2.0682    1207.01 	     pPKiKP 
    155.00       2.0708    1217.36 	     pPKiKP 
    110.00     110.00 	 pPKiKP 	 depth
     20.00       0.4428    1014.13 	     pPKiKP 
     25.00       0.5507    1016.61 	     pPKiKP 
     30.00       0.6567    1019.63 	     pPKiKP 
     35.00       0.7605    1023.17 	     pPKiKP 
     40.00       0.8618    1027.23 	     pPKiKP 
     45.00       0.9602    1031.79 	     pPKiKP 
     50.00       1.0555    1036.83 	     pPKiKP 
     55.00       1.1475    1042.34 	     pPKiKP 
     60.00       1.2358    1048.30 	     pPKiKP 
     65.00       1.3204    1054.69 	     pPKiKP 
     70.00       1.4009    1061.49 	     pPKiKP 
     75.00       1.4772    1068.69 	     pPKiKP 
     80.00       1.5492    1076.26 	     pPKiKP 
     85.00       1.6168    1084.18 	     pPKiKP 
     90.00       1.6798    1092.42 	     pPKiKP 
     95.00       1.7381    1100.97 	     pPKiKP 
    100.00       1.7918    1109.79 	     pPKiKP 
    105.00       1.8406    1118.87 	     pPKiKP 
    110.00       1.8848    1128.19 	     pPKiKP 
    115.00       1.9241    1137.71 	     pPKiKP 
    120.00       1.9587    1147.42 	     pPKiKP 
    125.00       1.9885    1157.29 	     pPKiKP 
    130.00       2.0136    1167.30 	     pPKiKP 
    135.00       2.0340    1177.42 	     pPKiKP 
    140.00       2.0499    1187.63 	     pPKiKP 
    145.00       2.0613    1197.91 	     pPKiKP 
    150.00       2.0682    1208.24 	     pPKiKP 
    155.00       2.0708    1218.59 	     pPKiKP 
    120.00     120.00 	 pPKiKP 	 depth
     20.00       0.4428    1015.37 	     pPKiKP 
     25.00       0.5506    1017.85 	     pPKiKP 
     30.00       0.6566    1020.87 	     pPKiKP 
     35.00       0.7604    1024.41 	     pPKiKP 
     40.00       0.8616    1028.47 	     pPKiKP 
     45.00       0.9601    1033.03 	     pPKiKP 
     50.00       1.0554    1038.07 	     pPKiKP 
     55.00       1.1474    1043.57 	     pPKiKP 
     60.00       1.2357    1049.53 	     pPKiKP 
     65.00       1.3202    1055.93 	     pPKiKP 
     70.00       1.4007    1062.73 	     pPKiKP 
     75.00       1.4771    1069.93 	     pPKiKP 
     80.00       1.5491    1077.49 	     pPKiKP 
     85.00       1.6166    1085.41 	     pPKiKP 
     90.00       1.6796    1093.65 	     pPKiKP 
     95.00       1.7380    1102.20 	     pPKiKP 
    100.00       1.7916    1111.02 	     pPKiKP 
    105.00       1.8405    1120.11 	     pPKiKP 
    110.00       1.8847    1129.42 	     pPKiKP 
    115.00       1.9240    1138.94 	     pPKiKP 
    120.00       1.9586    1148.65 	     pPKiKP 
    125.00       1.9884    1158.52 	     pPKiKP 
    130.00       2.0135    1168.53 	     pPKiKP 
    135.00       2.0340    1178.65 	     pPKiKP 
    140.00       2.0499    1188.86 	     pPKiKP 
    145.00       2.0612    1199.14 	     pPKiKP 
    150.00       2.0682    1209.47 	     pPKiKP 
    155.00       2.0708    1219.82 	     pPKiKP 
    130.00     130.00 	 pPKiKP 	 depth
     20.00       0.4427    1016.61 	     pPKiKP 
     25.00       0.5505    1019.09 	     pPKiKP 
     30.00       0.6565    1022.11 	     pPKiKP 
     35.00       0.7603    1025.65 	     pPKiKP 
     40.00       0.8615    1029.71 	     pPKiKP 
     45.00       0.9599    1034.26 	     pPKiKP 
     50.00       1.0553    1039.30 	     pPKiKP 
     55.00       1.1472    1044.81 	     pPKiKP 
     60.00       1.2356    1050.77 	     pPKiKP 
     65.00       1.3201    1057.16 	     pPKiKP 
     70.00       1.4006    1063.96 	     pPKiKP 
     75.00       1.4769    1071.16 	     pPKiKP 
     80.00       1.5489    1078.72 	     pPKiKP 
     85.00       1.6165    1086.64 	     pPKiKP 
     90.00       1.6795    1094.88 	     pPKiKP 
     95.00       1.7378    1103.43 	     pPKiKP 
    100.00       1.7915    1112.25 	     pPKiKP 
    105.00       1.8404    1121.33 	     pPKiKP 
    110.00       1.8846    1130.65 	     pPKiKP 
    115.00       1.9239    1140.17 	     pPKiKP 
    120.00       1.9585    1149.88 	     pPKiKP 
    125.00       1.9883    1159.75 	     pPKiKP 
    130.00       2.0135    1169.76 	     pPKiKP 
    135.00       2.0339    1179.88 	     pPKiKP 
    140.00       2.0498    1190.09 	     pPKiKP 
    145.00       2.0612    1200.37 	     pPKiKP 
    150.00       2.0682    1210.69 	     pPKiKP 
    155.00       2.0708    1221.04 	     pPKiKP 
    140.00     140.00 	 pPKiKP 	 depth
     20.00       0.4426    1017.84 	     pPKiKP 
     25.00       0.5505    1020.33 	     pPKiKP 
     30.00       0.6564    1023.34 	     pPKiKP 
     35.00       0.7602    1026.89 	     pPKiKP 
     40.00       0.8614    1030.94 	     pPKiKP 
     45.00       0.9598    1035.50 	     pPKiKP 
     50.00       1.0551    1040.53 	     pPKiKP 
     55.00       1.1471    1046.04 	     pPKiKP 
     60.00       1.2354    1052.00 	     pPKiKP 
     65.00       1.3199    1058.39 	     pPKiKP 
     70.00       1.4004    1065.19 	     pPKiKP 
     75.00       1.4768    1072.39 	     pPKiKP 
     80.00       1.5488    1079.95 	     pPKiKP 
     85.00       1.6163    1087.87 	     pPKiKP 
     90.00       1.6793    1096.11 	     pPKiKP 
     95.00       1.7377    1104.65 	     pPKiKP 
    100.00       1.7914    1113.48 	     pPKiKP 
    105.00       1.8403    1122.56 	     pPKiKP 
    110.00       1.8844    1131.87 	     pPKiKP 
    115.00       1.9238    1141.39 	     pPKiKP 
    120.00       1.9584    1151.10 	     pPKiKP 
    125.00       1.9883    1160.97 	     pPKiKP 
    130.00       2.0134    1170.98 	     pPKiKP 
    135.00       2.0339    1181.10 	     pPKiKP 
    140.00       2.0498    1191.31 	     pPKiKP 
    145.00       2.0612    1201.59 	     pPKiKP 
    150.00       2.0682    1211.91 	     pPKiKP 
    155.00       2.0708    1222.26 	     pPKiKP 
    150.00     150.00 	 pPKiKP 	 depth
     20.00       0.4426    1019.07 	     pPKiKP 
     25.00       0.5504    1021.56 	     pPKiKP 
     30.00       0.6563    1024.57 	     pPKiKP 
     35.00       0.7601    1028.12 	     pPKiKP 
     40.00       0.8613    1032.17 	     pPKiKP 
     45.00       0.9597    1036.72 	     pPKiKP 
     50.00       1.0550    1041.76 	     pPKiKP 
     55.00       1.1469    1047.27 	     pPKiKP 
     60.00       1.2353    1053.23 	     pPKiKP 
     65.00       1.3198    1059.61 	     pPKiKP 
     70.00       1.4003    1066.42 	     pPKiKP 
     75.00       1.4766    1073.61 	     pPKiKP 
     80.00       1.5486    1081.18 	     pPKiKP 
     85.00       1.6162    1089.09 	     pPKiKP 
     90.00       1.6792    1097.33 	     pPKiKP 
     95.00       1.7376    1105.87 	     pPKiKP 
    100.00       1.7912    1114.70 	     pPKiKP 
    105.00       1.8402    1123.78 	     pPKiKP 
    110.00       1.8843    1133.09 	     pPKiKP 
    115.00       1.9237    1142.61 	     pPKiKP 
    120.00       1.9583    1152.32 	     pPKiKP 
    125.00       1.9882    1162.19 	     pPKiKP 
    130.00       2.0133    1172.19 	     pPKiKP 
    135.00       2.0338    1182.31 	     pPKiKP 
    140.00       2.0498    1192.53 	     pPKiKP 
    145.00       2.0612    1202.80 	     pPKiKP 
    150.00       2.0681    1213.13 	     pPKiKP 
    155.00       2.0708    1223.48 	     pPKiKP 
    160.00     160.00 	 pPKiKP 	 depth
     20.00       0.4425    1020.30 	     pPKiKP 
     25.00       0.5503    1022.78 	     pPKiKP 
     30.00       0.6562    1025.80 	     pPKiKP 
     35.00       0.7600    1029.34 	     pPKiKP 
     40.00       0.8612    1033.40 	     pPKiKP 
     45.00       0.9596    1037.95 	     pPKiKP 
     50.00       1.0549    1042.99 	     pPKiKP 
     55.00       1.1468    1048.49 	     pPKiKP 
     60.00       1.2351    1054.45 	     pPKiKP 
     65.00       1.3196    1060.84 	     pPKiKP 
     70.00       1.4001    1067.64 	     pPKiKP 
     75.00       1.4765    1074.83 	     pPKiKP 
     80.00       1.5485    1082.39 	     pPKiKP 
     85.00       1.6160    1090.31 	     pPKiKP 
     90.00       1.6791    1098.55 	     pPKiKP 
     95.00       1.7374    1107.09 	     pPKiKP 
    100.00       1.7911    1115.91 	     pPKiKP 
    105.00       1.8401    1124.99 	     pPKiKP 
    110.00       1.8842    1134.31 	     pPKiKP 
    115.00       1.9236    1143.83 	     pPKiKP 
    120.00       1.9582    1153.53 	     pPKiKP 
    125.00       1.9881    1163.40 	     pPKiKP 
    130.00       2.0133    1173.41 	     pPKiKP 
    135.00       2.0338    1183.53 	     pPKiKP 
    140.00       2.0497    1193.74 	     pPKiKP 
    145.00       2.0611    1204.02 	     pPKiKP 
    150.00       2.0681    1214.34 	     pPKiKP 
    155.00       2.0708    1224.69 	     pPKiKP 
    170.00     170.00 	 pPKiKP 	 depth
     20.00       0.4424    1021.52 	     pPKiKP 
     25.00       0.5502    1024.01 	     pPKiKP 
     30.00       0.6561    1027.02 	     pPKiKP 
     35.00       0.7599    1030.56 	     pPKiKP 
     40.00       0.8611    1034.62 	     pPKiKP 
     45.00       0.9594    1039.17 	     pPKiKP 
     50.00       1.0547    1044.21 	     pPKiKP 
     55.00       1.1466    1049.71 	     pPKiKP 
     60.00       1.2350    1055.67 	     pPKiKP 
     65.00       1.3195    1062.05 	     pPKiKP 
     70.00       1.4000    1068.85 	     pPKiKP 
     75.00       1.4763    1076.05 	     pPKiKP 
     80.00       1.5483    1083.61 	     pPKiKP 
     85.00       1.6159    1091.52 	     pPKiKP 
     90.00       1.6789    1099.76 	     pPKiKP 
     95.00       1.7373    1108.30 	     pPKiKP 
    100.00       1.7910    1117.13 	     pPKiKP 
    105.00       1.8399    1126.21 	     pPKiKP 
    110.00       1.8841    1135.52 	     pPKiKP 
    115.00       1.9235    1145.04 	     pPKiKP 
    120.00       1.9582    1154.74 	     pPKiKP 
    125.00       1.9880    1164.61 	     pPKiKP 
    130.00       2.0132    1174.62 	     pPKiKP 
    135.00       2.0337    1184.74 	     pPKiKP 
    140.00       2.0497    1194.95 	     pPKiKP 
    145.00       2.0611    1205.23 	     pPKiKP 
    150.00       2.0681    1215.55 	     pPKiKP 
    155.00       2.0708    1225.90 	     pPKiKP 
    180.00     180.00 	 pPKiKP 	 depth
     20.00       0.4424    1022.74 	     pPKiKP 
     25.00       0.5501    1025.22 	     pPKiKP 
     30.00       0.6560    1028.24 	     pPKiKP 
     35.00       0.7597    1031.78 	     pPKiKP 
     40.00       0.8609    1035.83 	     pPKiKP 
     45.00       0.9593    1040.38 	     pPKiKP 
     50.00       1.0546    1045.42 	     pPKiKP 
     55.00       1.1465    1050.92 	     pPKiKP 
     60.00       1.2348    1056.88 	     pPKiKP 
     65.00       1.3193    1063.27 	     pPKiKP 
     70.00       1.3998    1070.07 	     pPKiKP 
     75.00       1.4762    1077.26 	     pPKiKP 
     80.00       1.5482    1084.82 	     pPKiKP 
     85.00       1.6157    1092.73 	     pPKiKP 
     90.00       1.6788    1100.97 	     pPKiKP 
     95.00       1.7372    1109.51 	     pPKiKP 
    100.00       1.7909    1118.33 	     pPKiKP 
    105.00       1.8398    1127.41 	     pPKiKP 
    110.00       1.8840    1136.72 	     pPKiKP 
    115.00       1.9234    1146.24 	     pPKiKP 
    120.00       1.9581    1155.95 	     pPKiKP 
    125.00       1.9880    1165.82 	     pPKiKP 
    130.00       2.0131    1175.82 	     pPKiKP 
    135.00       2.0337    1185.94 	     pPKiKP 
    140.00       2.0496    1196.15 	     pPKiKP 
    145.00       2.0611    1206.43 	     pPKiKP 
    150.00       2.0681    1216.75 	     pPKiKP 
    155.00       2.0708    1227.10 	     pPKiKP 
    190.00     190.00 	 pPKiKP 	 depth
     20.00       0.4423    1023.96 	     pPKiKP 
     25.00       0.5501    1026.44 	     pPKiKP 
     30.00       0.6559    1029.45 	     pPKiKP 
     35.00       0.7596    1032.99 	     pPKiKP 
     40.00       0.8608    1037.05 	     pPKiKP 
     45.00       0.9592    1041.60 	     pPKiKP 
     50.00       1.0544    1046.63 	     pPKiKP 
     55.00       1.1463    1052.14 	     pPKiKP 
     60.00       1.2347    1058.09 	     pPKiKP 
     65.00       1.3192    1064.48 	     pPKiKP 
     70.00       1.3997    1071.27 	     pPKiKP 
     75.00       1.4760    1078.46 	     pPKiKP 
     80.00       1.5480    1086.03 	     pPKiKP 
     85.00       1.6156    1093.94 	     pPKiKP 
     90.00       1.6786    1102.18 	     pPKiKP 
     95.00       1.7370    1110.72 	     pPKiKP 
    100.00       1.7907    1119.54 	     pPKiKP 
    105.00       1.8397    1128.62 	     pPKiKP 
    110.00       1.8839    1137.93 	     pPKiKP 
    115.00       1.9233    1147.45 	     pPKiKP 
    120.00       1.9580    1157.15 	     pPKiKP 
    125.00       1.9879    1167.02 	     pPKiKP 
    130.00       2.0131    1177.02 	     pPKiKP 
    135.00       2.0336    1187.14 	     pPKiKP 
    140.00       2.0496    1197.35 	     pPKiKP 
    145.00       2.0610    1207.63 	     pPKiKP 
    150.00       2.0681    1217.95 	     pPKiKP 
    155.00       2.0708    1228.30 	     pPKiKP 
    200.00     200.00 	 pPKiKP 	 depth
     20.00       0.4422    1025.17 	     pPKiKP 
     25.00       0.5500    1027.65 	     pPKiKP 
     30.00       0.6558    1030.66 	     pPKiKP 
     35.00       0.7595    1034.20 	     pPKiKP 
     40.00       0.8607    1038.25 	     pPKiKP 
     45.00       0.9590    1042.80 	     pPKiKP 
     50.00       1.0543    1047.84 	     pPKiKP 
     55.00       1.1462    1053.34 	     pPKiKP 
     60.00       1.2345    1059.29 	     pPKiKP 
     65.00       1.3190    1065.68 	     pPKiKP 
     70.00       1.3995    1072.48 	     pPKiKP 
     75.00       1.4758    1079.67 	     pPKiKP 
     80.00       1.5479    1087.23 	     pPKiKP 
     85.00       1.6154    1095.14 	     pPKiKP 
     90.00       1.6785    1103.38 	     pPKiKP 
     95.00       1.7369    1111.92 	     pPKiKP 
    100.00       1.7906    1120.74 	     pPKiKP 
    105.00       1.8396    1129.81 	     pPKiKP 
    110.00       1.8838    1139.12 	     pPKiKP 
    115.00       1.9232    1148.64 	     pPKiKP 
    120.00       1.9579    1158.35 	     pPKiKP 
    125.00       1.9878    1168.22 	     pPKiKP 
    130.00       2.0130    1178.22 	     pPKiKP 
    135.00       2.0336    1188.34 	     pPKiKP 
    140.00       2.0496    1198.55 	     pPKiKP 
    145.00       2.0610    1208.83 	     pPKiKP 
    150.00       2.0681    1219.15 	     pPKiKP 
    155.00       2.0708    1229.50 	     pPKiKP 
    210.00     210.00 	 pPKiKP 	 depth
     20.00       0.4422    1026.37 	     pPKiKP 
     25.00       0.5499    1028.85 	     pPKiKP 
     30.00       0.6557    1031.87 	     pPKiKP 
     35.00       0.7594    1035.41 	     pPKiKP 
     40.00       0.8606    1039.46 	     pPKiKP 
     45.00       0.9589    1044.01 	     pPKiKP 
     50.00       1.0542    1049.04 	     pPKiKP 
     55.00       1.1460    1054.54 	     pPKiKP 
     60.00       1.2344    1060.50 	     pPKiKP 
     65.00       1.3189    1066.88 	     pPKiKP 
     70.00       1.3994    1073.68 	     pPKiKP 
     75.00       1.4757    1080.87 	     pPKiKP 
     80.00       1.5477    1088.43 	     pPKiKP 
     85.00       1.6153    1096.34 	     pPKiKP 
     90.00       1.6783    1104.57 	     pPKiKP 
     95.00       1.7367    1113.11 	     pPKiKP 
    100.00       1.7905    1121.93 	     pPKiKP 
    105.00       1.8394    1131.01 	     pPKiKP 
    110.00       1.8837    1140.32 	     pPKiKP 
    115.00       1.9231    1149.84 	     pPKiKP 
    120.00       1.9578    1159.54 	     pPKiKP 
    125.00       1.9877    1169.41 	     pPKiKP 
    130.00       2.0129    1179.41 	     pPKiKP 
    135.00       2.0335    1189.53 	     pPKiKP 
    140.00       2.0495    1199.74 	     pPKiKP 
    145.00       2.0610    1210.02 	     pPKiKP 
    150.00       2.0681    1220.34 	     pPKiKP 
    155.00       2.0708    1230.69 	     pPKiKP 
    220.00     220.00 	 pPKiKP 	 depth
     20.00       0.4421    1027.57 	     pPKiKP 
     25.00       0.5498    1030.05 	     pPKiKP 
     30.00       0.6556    1033.07 	     pPKiKP 
     35.00       0.7593    1036.61 	     pPKiKP 
     40.00       0.8604    1040.66 	     pPKiKP 
     45.00       0.9588    1045.21 	     pPKiKP 
     50.00       1.0540    1050.24 	     pPKiKP 
     55.00       1.1459    1055.74 	     pPKiKP 
     60.00       1.2342    1061.69 	     pPKiKP 
     65.00       1.3187    1068.08 	     pPKiKP 
     70.00       1.3992    1074.87 	     pPKiKP 
     75.00       1.4755    1082.06 	     pPKiKP 
     80.00       1.5476    1089.62 	     pPKiKP 
     85.00       1.6151    1097.53 	     pPKiKP 
     90.00       1.6782    1105.76 	     pPKiKP 
     95.00       1.7366    1114.30 	     pPKiKP 
    100.00       1.7903    1123.12 	     pPKiKP 
    105.00       1.8393    1132.20 	     pPKiKP 
    110.00       1.8836    1141.51 	     pPKiKP 
    115.00       1.9230    1151.03 	     pPKiKP 
    120.00       1.9577    1160.73 	     pPKiKP 
    125.00       1.9876    1170.60 	     pPKiKP 
    130.00       2.0129    1180.60 	     pPKiKP 
    135.00       2.0335    1190.72 	     pPKiKP 
    140.00       2.0495    1200.93 	     pPKiKP 
    145.00       2.0610    1211.20 	     pPKiKP 
    150.00       2.0680    1221.53 	     pPKiKP 
    155.00       2.0708    1231.88 	     pPKiKP 
    230.00     230.00 	 pPKiKP 	 depth
     20.00       0.4420    1028.77 	     pPKiKP 
     25.00       0.5497    1031.25 	     pPKiKP 
     30.00       0.6555    1034.26 	     pPKiKP 
     35.00       0.7592    1037.80 	     pPKiKP 
     40.00       0.8603    1041.85 	     pPKiKP 
     45.00       0.9586    1046.40 	     pPKiKP 
     50.00       1.0539    1051.43 	     pPKiKP 
     55.00       1.1457    1056.93 	     pPKiKP 
     60.00       1.2340    1062.88 	     pPKiKP 
     65.00       1.3185    1069.27 	     pPKiKP 
     70.00       1.3990    1076.06 	     pPKiKP 
     75.00       1.4754    1083.25 	     pPKiKP 
     80.00       1.5474    1090.81 	     pPKiKP 
     85.00       1.6150    1098.72 	     pPKiKP 
     90.00       1.6780    1106.95 	     pPKiKP 
     95.00       1.7365    1115.49 	     pPKiKP 
    100.00       1.7902    1124.31 	     pPKiKP 
    105.00       1.8392    1133.38 	     pPKiKP 
    110.00       1.8834    1142.69 	     pPKiKP 
    115.00       1.9229    1152.21 	     pPKiKP 
    120.00       1.9576    1161.91 	     pPKiKP 
    125.00       1.9876    1171.78 	     pPKiKP 
    130.00       2.0128    1181.78 	     pPKiKP 
    135.00       2.0334    1191.90 	     pPKiKP 
    140.00       2.0494    1202.11 	     pPKiKP 
    145.00       2.0609    1212.39 	     pPKiKP 
    150.00       2.0680    1222.71 	     pPKiKP 
    155.00       2.0708    1233.06 	     pPKiKP 
    240.00     240.00 	 pPKiKP 	 depth
     20.00       0.4420    1029.96 	     pPKiKP 
     25.00       0.5496    1032.44 	     pPKiKP 
     30.00       0.6554    1035.45 	     pPKiKP 
     35.00       0.7591    1038.99 	     pPKiKP 
     40.00       0.8602    1043.04 	     pPKiKP 
     45.00       0.9585    1047.59 	     pPKiKP 
     50.00       1.0537    1052.62 	     pPKiKP 
     55.00       1.1456    1058.12 	     pPKiKP 
     60.00       1.2339    1064.07 	     pPKiKP 
     65.00       1.3184    1070.45 	     pPKiKP 
     70.00       1.3989    1077.25 	     pPKiKP 
     75.00       1.4752    1084.43 	     pPKiKP 
     80.00       1.5472    1091.99 	     pPKiKP 
     85.00       1.6148    1099.90 	     pPKiKP 
     90.00       1.6779    1108.13 	     pPKiKP 
     95.00       1.7363    1116.67 	     pPKiKP 
    100.00       1.7901    1125.49 	     pPKiKP 
    105.00       1.8391    1134.56 	     pPKiKP 
    110.00       1.8833    1143.87 	     pPKiKP 
    115.00       1.9228    1153.39 	     pPKiKP 
    120.00       1.9575    1163.09 	     pPKiKP 
    125.00       1.9875    1172.96 	     pPKiKP 
    130.00       2.0127    1182.96 	     pPKiKP 
    135.00       2.0334    1193.08 	     pPKiKP 
    140.00       2.0494    1203.28 	     pPKiKP 
    145.00       2.0609    1213.56 	     pPKiKP 
    150.00       2.0680    1223.89 	     pPKiKP 
    155.00       2.0708    1234.23 	     pPKiKP 
    250.00     250.00 	 pPKiKP 	 depth
     20.00       0.4419    1031.15 	     pPKiKP 
     25.00       0.5495    1033.63 	     pPKiKP 
     30.00       0.6553    1036.64 	     pPKiKP 
     35.00       0.7590    1040.18 	     pPKiKP 
     40.00       0.8601    1044.22 	     pPKiKP 
     45.00       0.9584    1048.77 	     pPKiKP 
     50.00       1.0536    1053.80 	     pPKiKP 
     55.00       1.1454    1059.30 	     pPKiKP 
     60.00       1.2337    1065.25 	     pPKiKP 
     65.00       1.3182    1071.63 	     pPKiKP 
     70.00       1.3987    1078.43 	     pPKiKP 
     75.00       1.4750    1085.61 	     pPKiKP 
     80.00       1.5471    1093.17 	     pPKiKP 
     85.00       1.6147    1101.08 	     pPKiKP 
     90.00       1.6777    1109.31 	     pPKiKP 
     95.00       1.7362    1117.85 	     pPKiKP 
    100.00       1.7899    1126.66 	     pPKiKP 
    105.00       1.8389    1135.74 	     pPKiKP 
    110.00       1.8832    1145.04 	     pPKiKP 
    115.00       1.9227    1154.56 	     pPKiKP 
    120.00       1.9574    1164.26 	     pPKiKP 
    125.00       1.9874    1174.13 	     pPKiKP 
    130.00       2.0127    1184.13 	     pPKiKP 
    135.00       2.0333    1194.25 	     pPKiKP 
    140.00       2.0493    1204.45 	     pPKiKP 
    145.00       2.0609    1214.73 	     pPKiKP 
    150.00       2.0680    1225.06 	     pPKiKP 
    155.00       2.0708    1235.41 	     pPKiKP 
    260.00     260.00 	 pPKiKP 	 depth
     20.00       0.4418    1032.33 	     pPKiKP 
     25.00       0.5495    1034.81 	     pPKiKP 
     30.00       0.6552    1037.82 	     pPKiKP 
     35.00       0.7588    1041.35 	     pPKiKP 
     40.00       0.8599    1045.40 	     pPKiKP 
     45.00       0.9582    1049.95 	     pPKiKP 
     50.00       1.0534    1054.98 	     pPKiKP 
     55.00       1.1453    1060.48 	     pPKiKP 
     60.00       1.2336    1066.43 	     pPKiKP 
     65.00       1.3181    1072.81 	     pPKiKP 
     70.00       1.3985    1079.60 	     pPKiKP 
     75.00       1.4749    1086.79 	     pPKiKP 
     80.00       1.5469    1094.34 	     pPKiKP 
     85.00       1.6145    1102.25 	     pPKiKP 
     90.00       1.6776    1110.48 	     pPKiKP 
     95.00       1.7360    1119.02 	     pPKiKP 
    100.00       1.7898    1127.83 	     pPKiKP 
    105.00       1.8388    1136.91 	     pPKiKP 
    110.00       1.8831    1146.21 	     pPKiKP 
    115.00       1.9226    1155.73 	     pPKiKP 
    120.00       1.9573    1165.43 	     pPKiKP 
    125.00       1.9873    1175.29 	     pPKiKP 
    130.00       2.0126    1185.30 	     pPKiKP 
    135.00       2.0332    1195.41 	     pPKiKP 
    140.00       2.0493    1205.62 	     pPKiKP 
    145.00       2.0609    1215.90 	     pPKiKP 
    150.00       2.0680    1226.22 	     pPKiKP 
    155.00       2.0708    1236.57 	     pPKiKP 
    270.00     270.00 	 pPKiKP 	 depth
     20.00       0.4418    1033.50 	     pPKiKP 
     25.00       0.5494    1035.98 	     pPKiKP 
     30.00       0.6551    1038.99 	     pPKiKP 
     35.00       0.7587    1042.53 	     pPKiKP 
     40.00       0.8598    1046.58 	     pPKiKP 
     45.00       0.9581    1051.12 	     pPKiKP 
     50.00       1.0533    1056.15 	     pPKiKP 
     55.00       1.1451    1061.65 	     pPKiKP 
     60.00       1.2334    1067.60 	     pPKiKP 
     65.00       1.3179    1073.98 	     pPKiKP 
     70.00       1.3984    1080.77 	     pPKiKP 
     75.00       1.4747    1087.95 	     pPKiKP 
     80.00       1.5467    1095.51 	     pPKiKP 
     85.00       1.6144    1103.41 	     pPKiKP 
     90.00       1.6774    1111.65 	     pPKiKP 
     95.00       1.7359    1120.18 	     pPKiKP 
    100.00       1.7896    1129.00 	     pPKiKP 
    105.00       1.8387    1138.07 	     pPKiKP 
    110.00       1.8830    1147.38 	     pPKiKP 
    115.00       1.9225    1156.89 	     pPKiKP 
    120.00       1.9572    1166.59 	     pPKiKP 
    125.00       1.9872    1176.46 	     pPKiKP 
    130.00       2.0125    1186.46 	     pPKiKP 
    135.00       2.0332    1196.57 	     pPKiKP 
    140.00       2.0493    1206.78 	     pPKiKP 
    145.00       2.0608    1217.06 	     pPKiKP 
    150.00       2.0680    1227.38 	     pPKiKP 
    155.00       2.0708    1237.73 	     pPKiKP 
    280.00     280.00 	 pPKiKP 	 depth
     20.00       0.4417    1034.67 	     pPKiKP 
     25.00       0.5493    1037.15 	     pPKiKP 
     30.00       0.6550    1040.16 	     pPKiKP 
     35.00       0.7586    1043.70 	     pPKiKP 
     40.00       0.8597    1047.75 	     pPKiKP 
     45.00       0.9579    1052.29 	     pPKiKP 
     50.00       1.0531    1057.32 	     pPKiKP 
     55.00       1.1450    1062.82 	     pPKiKP 
     60.00       1.2332    1068.76 	     pPKiKP 
     65.00       1.3177    1075.14 	     pPKiKP 
     70.00       1.3982    1081.93 	     pPKiKP 
     75.00       1.4745    1089.12 	     pPKiKP 
     80.00       1.5466    1096.67 	     pPKiKP 
     85.00       1.6142    1104.58 	     pPKiKP 
     90.00       1.6773    1112.81 	     pPKiKP 
     95.00       1.7357    1121.34 	     pPKiKP 
    100.00       1.7895    1130.16 	     pPKiKP 
    105.00       1.8386    1139.23 	     pPKiKP 
    110.00       1.8828    1148.53 	     pPKiKP 
    115.00       1.9224    1158.05 	     pPKiKP 
    120.00       1.9571    1167.75 	     pPKiKP 
    125.00       1.9871    1177.61 	     pPKiKP 
    130.00       2.0125    1187.61 	     pPKiKP 
    135.00       2.0331    1197.73 	     pPKiKP 
    140.00       2.0492    1207.94 	     pPKiKP 
    145.00       2.0608    1218.21 	     pPKiKP 
    150.00       2.0680    1228.54 	     pPKiKP 
    155.00       2.0708    1238.89 	     pPKiKP 
    290.00     290.00 	 pPKiKP 	 depth
     20.00       0.4416    1035.84 	     pPKiKP 
     25.00       0.5492    1038.32 	     pPKiKP 
     30.00       0.6549    1041.33 	     pPKiKP 
     35.00       0.7585    1044.86 	     pPKiKP 
     40.00       0.8595    1048.91 	     pPKiKP 
     45.00       0.9578    1053.45 	     pPKiKP 
     50.00       1.0530    1058.48 	     pPKiKP 
     55.00       1.1448    1063.98 	     pPKiKP 
     60.00       1.2331    1069.92 	     pPKiKP 
     65.00       1.3176    1076.30 	     pPKiKP 
     70.00       1.3980    1083.09 	     pPKiKP 
     75.00       1.4744    1090.28 	     pPKiKP 
     80.00       1.5464    1097.83 	     pPKiKP 
     85.00       1.6140    1105.73 	     pPKiKP 
     90.00       1.6771    1113.96 	     pPKiKP 
     95.00       1.7356    1122.50 	     pPKiKP 
    100.00       1.7894    1131.31 	     pPKiKP 
    105.00       1.8384    1140.38 	     pPKiKP 
    110.00       1.8827    1149.69 	     pPKiKP 
    115.00       1.9223    1159.20 	     pPKiKP 
    120.00       1.9570    1168.90 	     pPKiKP 
    125.00       1.9871    1178.76 	     pPKiKP 
    130.00       2.0124    1188.76 	     pPKiKP 
    135.00       2.0331    1198.88 	     pPKiKP 
    140.00       2.0492    1209.09 	     pPKiKP 
    145.00       2.0608    1219.36 	     pPKiKP 
    150.00       2.0679    1229.69 	     pPKiKP 
    155.00       2.0708    1240.04 	     pPKiKP 
    300.00     300.00 	 pPKiKP 	 depth
     20.00       0.4415    1037.00 	     pPKiKP 
     25.00       0.5491    1039.48 	     pPKiKP 
     30.00       0.6548    1042.49 	     pPKiKP 
     35.00       0.7584    1046.02 	     pPKiKP 
     40.00       0.8594    1050.07 	     pPKiKP 
     45.00       0.9577    1054.61 	     pPKiKP 
     50.00       1.0528    1059.64 	     pPKiKP 
     55.00       1.1447    1065.13 	     pPKiKP 
     60.00       1.2329    1071.08 	     pPKiKP 
     65.00       1.3174    1077.46 	     pPKiKP 
     70.00       1.3979    1084.25 	     pPKiKP 
     75.00       1.4742    1091.43 	     pPKiKP 
     80.00       1.5463    1098.98 	     pPKiKP 
     85.00       1.6139    1106.88 	     pPKiKP 
     90.00       1.6770    1115.11 	     pPKiKP 
     95.00       1.7354    1123.65 	     pPKiKP 
    100.00       1.7892    1132.46 	     pPKiKP 
    105.00       1.8383    1141.53 	     pPKiKP 
    110.00       1.8826    1150.83 	     pPKiKP 
    115.00       1.9221    1160.35 	     pPKiKP 
    120.00       1.9569    1170.05 	     pPKiKP 
    125.00       1.9870    1179.91 	     pPKiKP 
    130.00       2.0123    1189.91 	     pPKiKP 
    135.00       2.0330    1200.03 	     pPKiKP 
    140.00       2.0491    1210.23 	     pPKiKP 
    145.00       2.0607    1220.51 	     pPKiKP 
    150.00       2.0679    1230.83 	     pPKiKP 
    155.00       2.0708    1241.18 	     pPKiKP 
    310.00     310.00 	 pPKiKP 	 depth
     20.00       0.4415    1038.16 	     pPKiKP 
     25.00       0.5490    1040.63 	     pPKiKP 
     30.00       0.6547    1043.64 	     pPKiKP 
     35.00       0.7582    1047.18 	     pPKiKP 
     40.00       0.8593    1051.22 	     pPKiKP 
     45.00       0.9575    1055.76 	     pPKiKP 
     50.00       1.0527    1060.79 	     pPKiKP 
     55.00       1.1445    1066.29 	     pPKiKP 
     60.00       1.2328    1072.23 	     pPKiKP 
     65.00       1.3172    1078.61 	     pPKiKP 
     70.00       1.3977    1085.40 	     pPKiKP 
     75.00       1.4740    1092.58 	     pPKiKP 
     80.00       1.5461    1100.13 	     pPKiKP 
     85.00       1.6137    1108.03 	     pPKiKP 
     90.00       1.6768    1116.26 	     pPKiKP 
     95.00       1.7353    1124.79 	     pPKiKP 
    100.00       1.7891    1133.60 	     pPKiKP 
    105.00       1.8382    1142.67 	     pPKiKP 
    110.00       1.8825    1151.98 	     pPKiKP 
    115.00       1.9220    1161.49 	     pPKiKP 
    120.00       1.9568    1171.19 	     pPKiKP 
    125.00       1.9869    1181.05 	     pPKiKP 
    130.00       2.0123    1191.05 	     pPKiKP 
    135.00       2.0330    1201.17 	     pPKiKP 
    140.00       2.0491    1211.37 	     pPKiKP 
    145.00       2.0607    1221.65 	     pPKiKP 
    150.00       2.0679    1231.97 	     pPKiKP 
    155.00       2.0708    1242.32 	     pPKiKP 
    320.00     320.00 	 pPKiKP 	 depth
     20.00       0.4414    1039.31 	     pPKiKP 
     25.00       0.5489    1041.78 	     pPKiKP 
     30.00       0.6546    1044.79 	     pPKiKP 
     35.00       0.7581    1048.33 	     pPKiKP 
     40.00       0.8591    1052.37 	     pPKiKP 
     45.00       0.9574    1056.91 	     pPKiKP 
     50.00       1.0525    1061.94 	     pPKiKP 
     55.00       1.1443    1067.43 	     pPKiKP 
     60.00       1.2326    1073.38 	     pPKiKP 
     65.00       1.3171    1079.75 	     pPKiKP 
     70.00       1.3975    1086.54 	     pPKiKP 
     75.00       1.4739    1093.72 	     pPKiKP 
     80.00       1.5459    1101.27 	     pPKiKP 
     85.00       1.6135    1109.17 	     pPKiKP 
     90.00       1.6766    1117.40 	     pPKiKP 
     95.00       1.7351    1125.93 	     pPKiKP 
    100.00       1.7889    1134.74 	     pPKiKP 
    105.00       1.8380    1143.81 	     pPKiKP 
    110.00       1.8824    1153.11 	     pPKiKP 
    115.00       1.9219    1162.63 	     pPKiKP 
    120.00       1.9567    1172.33 	     pPKiKP 
    125.00       1.9868    1182.19 	     pPKiKP 
    130.00       2.0122    1192.19 	     pPKiKP 
    135.00       2.0329    1202.30 	     pPKiKP 
    140.00       2.0490    1212.51 	     pPKiKP 
    145.00       2.0607    1222.78 	     pPKiKP 
    150.00       2.0679    1233.11 	     pPKiKP 
    155.00       2.0708    1243.46 	     pPKiKP 
    330.00     330.00 	 pPKiKP 	 depth
     20.00       0.4413    1040.45 	     pPKiKP 
     25.00       0.5488    1042.93 	     pPKiKP 
     30.00       0.6545    1045.94 	     pPKiKP 
     35.00       0.7580    1049.47 	     pPKiKP 
     40.00       0.8590    1053.51 	     pPKiKP 
     45.00       0.9572    1058.06 	     pPKiKP 
     50.00       1.0524    1063.08 	     pPKiKP 
     55.00       1.1442    1068.57 	     pPKiKP 
     60.00       1.2324    1074.52 	     pPKiKP 
     65.00       1.3169    1080.89 	     pPKiKP 
     70.00       1.3974    1087.68 	     pPKiKP 
     75.00       1.4737    1094.86 	     pPKiKP 
     80.00       1.5457    1102.41 	     pPKiKP 
     85.00       1.6134    1110.31 	     pPKiKP 
     90.00       1.6765    1118.54 	     pPKiKP 
     95.00       1.7350    1127.07 	     pPKiKP 
    100.00       1.7888    1135.88 	     pPKiKP 
    105.00       1.8379    1144.95 	     pPKiKP 
    110.00       1.8822    1154.25 	     pPKiKP 
    115.00       1.9218    1163.76 	     pPKiKP 
    120.00       1.9566    1173.46 	     pPKiKP 
    125.00       1.9867    1183.32 	     pPKiKP 
    130.00       2.0121    1193.32 	     pPKiKP 
    135.00       2.0328    1203.43 	     pPKiKP 
    140.00       2.0490    1213.64 	     pPKiKP 
    145.00       2.0606    1223.91 	     pPKiKP 
    150.00       2.0679    1234.24 	     pPKiKP 
    155.00       2.0708    1244.59 	     pPKiKP 
    340.00     340.00 	 pPKiKP 	 depth
     20.00       0.4412    1041.59 	     pPKiKP 
     25.00       0.5487    1044.07 	     pPKiKP 
     30.00       0.6544    1047.08 	     pPKiKP 
     35.00       0.7579    1050.61 	     pPKiKP 
     40.00       0.8589    1054.65 	     pPKiKP 
     45.00       0.9571    1059.19 	     pPKiKP 
     50.00       1.0522    1064.22 	     pPKiKP 
     55.00       1.1440    1069.71 	     pPKiKP 
     60.00       1.2323    1075.65 	     pPKiKP 
     65.00       1.3167    1082.03 	     pPKiKP 
     70.00       1.3972    1088.81 	     pPKiKP 
     75.00       1.4735    1095.99 	     pPKiKP 
     80.00       1.5456    1103.54 	     pPKiKP 
     85.00       1.6132    1111.44 	     pPKiKP 
     90.00       1.6763    1119.67 	     pPKiKP 
     95.00       1.7348    1128.20 	     pPKiKP 
    100.00       1.7886    1137.01 	     pPKiKP 
    105.00       1.8377    1146.07 	     pPKiKP 
    110.00       1.8821    1155.38 	     pPKiKP 
    115.00       1.9217    1164.89 	     pPKiKP 
    120.00       1.9565    1174.58 	     pPKiKP 
    125.00       1.9866    1184.44 	     pPKiKP 
    130.00       2.0120    1194.44 	     pPKiKP 
    135.00       2.0328    1204.56 	     pPKiKP 
    140.00       2.0489    1214.76 	     pPKiKP 
    145.00       2.0606    1225.04 	     pPKiKP 
    150.00       2.0679    1235.36 	     pPKiKP 
    155.00       2.0708    1245.71 	     pPKiKP 
    350.00     350.00 	 pPKiKP 	 depth
     20.00       0.4412    1042.73 	     pPKiKP 
     25.00       0.5486    1045.21 	     pPKiKP 
     30.00       0.6543    1048.21 	     pPKiKP 
     35.00       0.7578    1051.75 	     pPKiKP 
     40.00       0.8587    1055.79 	     pPKiKP 
     45.00       0.9569    1060.33 	     pPKiKP 
     50.00       1.0521    1065.35 	     pPKiKP 
     55.00       1.1439    1070.84 	     pPKiKP 
     60.00       1.2321    1076.78 	     pPKiKP 
     65.00       1.3165    1083.16 	     pPKiKP 
     70.00       1.3970    1089.94 	     pPKiKP 
     75.00       1.4734    1097.12 	     pPKiKP 
     80.00       1.5454    1104.67 	     pPKiKP 
     85.00       1.6130    1112.57 	     pPKiKP 
     90.00       1.6761    1120.79 	     pPKiKP 
     95.00       1.7347    1129.32 	     pPKiKP 
    100.00       1.7885    1138.13 	     pPKiKP 
    105.00       1.8376    1147.20 	     pPKiKP 
    110.00       1.8820    1156.50 	     pPKiKP 
    115.00       1.9216    1166.01 	     pPKiKP 
    120.00       1.9564    1175.71 	     pPKiKP 
    125.00       1.9865    1185.57 	     pPKiKP 
    130.00       2.0120    1195.56 	     pPKiKP 
    135.00       2.0327    1205.68 	     pPKiKP 
    140.00       2.0489    1215.88 	     pPKiKP 
    145.00       2.0606    1226.16 	     pPKiKP 
    150.00       2.0678    1236.48 	     pPKiKP 
    155.00       2.0708    1246.83 	     pPKiKP 
    360.00     360.00 	 pPKiKP 	 depth
     20.00       0.4411    1043.86 	     pPKiKP 
     25.00       0.5485    1046.34 	     pPKiKP 
     30.00       0.6542    1049.34 	     pPKiKP 
     35.00       0.7576    1052.88 	     pPKiKP 
     40.00       0.8586    1056.92 	     pPKiKP 
     45.00       0.9568    1061.46 	     pPKiKP 
     50.00       1.0519    1066.48 	     pPKiKP 
     55.00       1.1437    1071.97 	     pPKiKP 
     60.00       1.2319    1077.91 	     pPKiKP 
     65.00       1.3164    1084.28 	     pPKiKP 
     70.00       1.3968    1091.07 	     pPKiKP 
     75.00       1.4732    1098.24 	     pPKiKP 
     80.00       1.5452    1105.79 	     pPKiKP 
     85.00       1.6129    1113.69 	     pPKiKP 
     90.00       1.6760    1121.91 	     pPKiKP 
     95.00       1.7345    1130.44 	     pPKiKP 
    100.00       1.7883    1139.25 	     pPKiKP 
    105.00       1.8375    1148.32 	     pPKiKP 
    110.00       1.8818    1157.62 	     pPKiKP 
    115.00       1.9215    1167.13 	     pPKiKP 
    120.00       1.9563    1176.82 	     pPKiKP 
    125.00       1.9865    1186.68 	     pPKiKP 
    130.00       2.0119    1196.68 	     pPKiKP 
    135.00       2.0327    1206.79 	     pPKiKP 
    140.00       2.0489    1217.00 	     pPKiKP 
    145.00       2.0605    1227.28 	     pPKiKP 
    150.00       2.0678    1237.60 	     pPKiKP 
    155.00       2.0708    1247.95 	     pPKiKP 
    370.00     370.00 	 pPKiKP 	 depth
     20.00       0.4410    1044.99 	     pPKiKP 
     25.00       0.5485    1047.46 	     pPKiKP 
     30.00       0.6541    1050.47 	     pPKiKP 
     35.00       0.7575    1054.00 	     pPKiKP 
     40.00       0.8585    1058.04 	     pPKiKP 
     45.00       0.9566    1062.58 	     pPKiKP 
     50.00       1.0517    1067.60 	     pPKiKP 
     55.00       1.1435    1073.09 	     pPKiKP 
     60.00       1.2317    1079.03 	     pPKiKP 
     65.00       1.3162    1085.40 	     pPKiKP 
     70.00       1.3967    1092.19 	     pPKiKP 
     75.00       1.4730    1099.36 	     pPKiKP 
     80.00       1.5450    1106.91 	     pPKiKP 
     85.00       1.6127    1114.81 	     pPKiKP 
     90.00       1.6758    1123.03 	     pPKiKP 
     95.00       1.7343    1131.56 	     pPKiKP 
    100.00       1.7882    1140.37 	     pPKiKP 
    105.00       1.8373    1149.43 	     pPKiKP 
    110.00       1.8817    1158.73 	     pPKiKP 
    115.00       1.9213    1168.24 	     pPKiKP 
    120.00       1.9562    1177.94 	     pPKiKP 
    125.00       1.9864    1187.79 	     pPKiKP 
    130.00       2.0118    1197.79 	     pPKiKP 
    135.00       2.0326    1207.91 	     pPKiKP 
    140.00       2.0488    1218.11 	     pPKiKP 
    145.00       2.0605    1228.39 	     pPKiKP 
    150.00       2.0678    1238.71 	     pPKiKP 
    155.00       2.0708    1249.06 	     pPKiKP 
    380.00     380.00 	 pPKiKP 	 depth
     20.00       0.4409    1046.11 	     pPKiKP 
     25.00       0.5484    1048.59 	     pPKiKP 
     30.00       0.6540    1051.59 	     pPKiKP 
     35.00       0.7574    1055.12 	     pPKiKP 
     40.00       0.8583    1059.16 	     pPKiKP 
     45.00       0.9565    1063.70 	     pPKiKP 
     50.00       1.0516    1068.72 	     pPKiKP 
     55.00       1.1434    1074.21 	     pPKiKP 
     60.00       1.2316    1080.15 	     pPKiKP 
     65.00       1.3160    1086.52 	     pPKiKP 
     70.00       1.3965    1093.30 	     pPKiKP 
     75.00       1.4728    1100.48 	     pPKiKP 
     80.00       1.5449    1108.02 	     pPKiKP 
     85.00       1.6125    1115.92 	     pPKiKP 
     90.00       1.6756    1124.14 	     pPKiKP 
     95.00       1.7342    1132.67 	     pPKiKP 
    100.00       1.7880    1141.48 	     pPKiKP 
    105.00       1.8372    1150.54 	     pPKiKP 
    110.00       1.8816    1159.84 	     pPKiKP 
    115.00       1.9212    1169.35 	     pPKiKP 
    120.00       1.9561    1179.04 	     pPKiKP 
    125.00       1.9863    1188.90 	     pPKiKP 
    130.00       2.0117    1198.90 	     pPKiKP 
    135.00       2.0325    1209.01 	     pPKiKP 
    140.00       2.0488    1219.22 	     pPKiKP 
    145.00       2.0605    1229.49 	     pPKiKP 
    150.00       2.0678    1239.81 	     pPKiKP 
    155.00       2.0708    1250.16 	     pPKiKP 
    390.00     390.00 	 pPKiKP 	 depth
     20.00       0.4408    1047.23 	     pPKiKP 
     25.00       0.5483    1049.70 	     pPKiKP 
     30.00       0.6538    1052.71 	     pPKiKP 
     35.00       0.7573    1056.24 	     pPKiKP 
     40.00       0.8582    1060.28 	     pPKiKP 
     45.00       0.9563    1064.82 	     pPKiKP 
     50.00       1.0514    1069.84 	     pPKiKP 
     55.00       1.1432    1075.32 	     pPKiKP 
     60.00       1.2314    1081.26 	     pPKiKP 
     65.00       1.3158    1087.63 	     pPKiKP 
     70.00       1.3963    1094.41 	     pPKiKP 
     75.00       1.4726    1101.59 	     pPKiKP 
     80.00       1.5447    1109.13 	     pPKiKP 
     85.00       1.6123    1117.03 	     pPKiKP 
     90.00       1.6755    1125.25 	     pPKiKP 
     95.00       1.7340    1133.77 	     pPKiKP 
    100.00       1.7879    1142.58 	     pPKiKP 
    105.00       1.8370    1151.65 	     pPKiKP 
    110.00       1.8815    1160.94 	     pPKiKP 
    115.00       1.9211    1170.45 	     pPKiKP 
    120.00       1.9560    1180.15 	     pPKiKP 
    125.00       1.9862    1190.00 	     pPKiKP 
    130.00       2.0117    1200.00 	     pPKiKP 
    135.00       2.0325    1210.11 	     pPKiKP 
    140.00       2.0487    1220.32 	     pPKiKP 
    145.00       2.0605    1230.59 	     pPKiKP 
    150.00       2.0678    1240.92 	     pPKiKP 
    155.00       2.0708    1251.26 	     pPKiKP 
    400.00     400.00 	 pPKiKP 	 depth
     20.00       0.4408    1048.34 	     pPKiKP 
     25.00       0.5482    1050.82 	     pPKiKP 
     30.00       0.6537    1053.82 	     pPKiKP 
     35.00       0.7571    1057.35 	     pPKiKP 
     40.00       0.8580    1061.39 	     pPKiKP 
     45.00       0.9562    1065.93 	     pPKiKP 
     50.00       1.0513    1070.95 	     pPKiKP 
     55.00       1.1430    1076.43 	     pPKiKP 
     60.00       1.2312    1082.37 	     pPKiKP 
     65.00       1.3156    1088.74 	     pPKiKP 
     70.00       1.3961    1095.52 	     pPKiKP 
     75.00       1.4725    1102.69 	     pPKiKP 
     80.00       1.5445    1110.24 	     pPKiKP 
     85.00       1.6122    1118.13 	     pPKiKP 
     90.00       1.6753    1126.35 	     pPKiKP 
     95.00       1.7339    1134.88 	     pPKiKP 
    100.00       1.7877    1143.68 	     pPKiKP 
    105.00       1.8369    1152.75 	     pPKiKP 
    110.00       1.8813    1162.04 	     pPKiKP 
    115.00       1.9210    1171.55 	     pPKiKP 
    120.00       1.9559    1181.25 	     pPKiKP 
    125.00       1.9861    1191.10 	     pPKiKP 
    130.00       2.0116    1201.10 	     pPKiKP 
    135.00       2.0324    1211.21 	     pPKiKP 
    140.00       2.0487    1221.42 	     pPKiKP 
    145.00       2.0604    1231.69 	     pPKiKP 
    150.00       2.0678    1242.01 	     pPKiKP 
    155.00       2.0708    1252.36 	     pPKiKP 
    410.00     410.00 	 pPKiKP 	 depth
     20.00       0.4407    1049.45 	     pPKiKP 
     25.00       0.5481    1051.93 	     pPKiKP 
     30.00       0.6536    1054.93 	     pPKiKP 
     35.00       0.7570    1058.46 	     pPKiKP 
     40.00       0.8579    1062.50 	     pPKiKP 
     45.00       0.9560    1067.03 	     pPKiKP 
     50.00       1.0511    1072.05 	     pPKiKP 
     55.00       1.1428    1077.54 	     pPKiKP 
     60.00       1.2310    1083.47 	     pPKiKP 
     65.00       1.3155    1089.84 	     pPKiKP 
     70.00       1.3959    1096.62 	     pPKiKP 
     75.00       1.4723    1103.79 	     pPKiKP 
     80.00       1.5443    1111.34 	     pPKiKP 
     85.00       1.6120    1119.23 	     pPKiKP 
     90.00       1.6751    1127.45 	     pPKiKP 
     95.00       1.7337    1135.97 	     pPKiKP 
    100.00       1.7876    1144.78 	     pPKiKP 
    105.00       1.8368    1153.84 	     pPKiKP 
    110.00       1.8812    1163.14 	     pPKiKP 
    115.00       1.9209    1172.65 	     pPKiKP 
    120.00       1.9558    1182.34 	     pPKiKP 
    125.00       1.9860    1192.20 	     pPKiKP 
    130.00       2.0115    1202.19 	     pPKiKP 
    135.00       2.0323    1212.30 	     pPKiKP 
    140.00       2.0486    1222.51 	     pPKiKP 
    145.00       2.0604    1232.78 	     pPKiKP 
    150.00       2.0677    1243.10 	     pPKiKP 
    155.00       2.0708    1253.45 	     pPKiKP 
    420.00     420.00 	 pPKiKP 	 depth
     20.00       0.4406    1050.52 	     pPKiKP 
     25.00       0.5480    1052.99 	     pPKiKP 
     30.00       0.6535    1055.99 	     pPKiKP 
     35.00       0.7569    1059.52 	     pPKiKP 
     40.00       0.8578    1063.56 	     pPKiKP 
     45.00       0.9559    1068.09 	     pPKiKP 
     50.00       1.0509    1073.11 	     pPKiKP 
     55.00       1.1427    1078.60 	     pPKiKP 
     60.00       1.2308    1084.53 	     pPKiKP 
     65.00       1.3153    1090.90 	     pPKiKP 
     70.00       1.3957    1097.68 	     pPKiKP 
     75.00       1.4721    1104.85 	     pPKiKP 
     80.00       1.5441    1112.39 	     pPKiKP 
     85.00       1.6118    1120.29 	     pPKiKP 
     90.00       1.6750    1128.50 	     pPKiKP 
     95.00       1.7335    1137.03 	     pPKiKP 
    100.00       1.7874    1145.83 	     pPKiKP 
    105.00       1.8366    1154.89 	     pPKiKP 
    110.00       1.8810    1164.19 	     pPKiKP 
    115.00       1.9207    1173.70 	     pPKiKP 
    120.00       1.9557    1183.39 	     pPKiKP 
    125.00       1.9859    1193.24 	     pPKiKP 
    130.00       2.0114    1203.24 	     pPKiKP 
    135.00       2.0323    1213.35 	     pPKiKP 
    140.00       2.0486    1223.56 	     pPKiKP 
    145.00       2.0604    1233.83 	     pPKiKP 
    150.00       2.0677    1244.15 	     pPKiKP 
    155.00       2.0708    1254.50 	     pPKiKP 
    430.00     430.00 	 pPKiKP 	 depth
     20.00       0.4405    1051.58 	     pPKiKP 
     25.00       0.5479    1054.05 	     pPKiKP 
     30.00       0.6534    1057.06 	     pPKiKP 
     35.00       0.7567    1060.58 	     pPKiKP 
     40.00       0.8576    1064.62 	     pPKiKP 
     45.00       0.9557    1069.15 	     pPKiKP 
     50.00       1.0507    1074.17 	     pPKiKP 
     55.00       1.1425    1079.66 	     pPKiKP 
     60.00       1.2307    1085.59 	     pPKiKP 
     65.00       1.3151    1091.96 	     pPKiKP 
     70.00       1.3955    1098.73 	     pPKiKP 
     75.00       1.4719    1105.90 	     pPKiKP 
     80.00       1.5440    1113.45 	     pPKiKP 
     85.00       1.6116    1121.34 	     pPKiKP 
     90.00       1.6748    1129.55 	     pPKiKP 
     95.00       1.7333    1138.08 	     pPKiKP 
    100.00       1.7873    1146.88 	     pPKiKP 
    105.00       1.8364    1155.94 	     pPKiKP 
    110.00       1.8809    1165.24 	     pPKiKP 
    115.00       1.9206    1174.74 	     pPKiKP 
    120.00       1.9556    1184.43 	     pPKiKP 
    125.00       1.9858    1194.29 	     pPKiKP 
    130.00       2.0113    1204.28 	     pPKiKP 
    135.00       2.0322    1214.40 	     pPKiKP 
    140.00       2.0485    1224.60 	     pPKiKP 
    145.00       2.0603    1234.87 	     pPKiKP 
    150.00       2.0677    1245.20 	     pPKiKP 
    155.00       2.0708    1255.54 	     pPKiKP 
    440.00     440.00 	 pPKiKP 	 depth
     20.00       0.4404    1052.64 	     pPKiKP 
     25.00       0.5478    1055.11 	     pPKiKP 
     30.00       0.6533    1058.11 	     pPKiKP 
     35.00       0.7566    1061.64 	     pPKiKP 
     40.00       0.8575    1065.67 	     pPKiKP 
     45.00       0.9555    1070.21 	     pPKiKP 
     50.00       1.0506    1075.22 	     pPKiKP 
     55.00       1.1423    1080.71 	     pPKiKP 
     60.00       1.2305    1086.64 	     pPKiKP 
     65.00       1.3149    1093.01 	     pPKiKP 
     70.00       1.3954    1099.78 	     pPKiKP 
     75.00       1.4717    1106.95 	     pPKiKP 
     80.00       1.5438    1114.49 	     pPKiKP 
     85.00       1.6114    1122.38 	     pPKiKP 
     90.00       1.6746    1130.60 	     pPKiKP 
     95.00       1.7332    1139.12 	     pPKiKP 
    100.00       1.7871    1147.92 	     pPKiKP 
    105.00       1.8363    1156.99 	     pPKiKP 
    110.00       1.8808    1166.28 	     pPKiKP 
    115.00       1.9205    1175.78 	     pPKiKP 
    120.00       1.9555    1185.48 	     pPKiKP 
    125.00       1.9857    1195.33 	     pPKiKP 
    130.00       2.0112    1205.33 	     pPKiKP 
    135.00       2.0321    1215.44 	     pPKiKP 
    140.00       2.0485    1225.64 	     pPKiKP 
    145.00       2.0603    1235.91 	     pPKiKP 
    150.00       2.0677    1246.24 	     pPKiKP 
    155.00       2.0707    1256.58 	     pPKiKP 
    450.00     450.00 	 pPKiKP 	 depth
     20.00       0.4404    1053.69 	     pPKiKP 
     25.00       0.5477    1056.16 	     pPKiKP 
     30.00       0.6531    1059.17 	     pPKiKP 
     35.00       0.7565    1062.69 	     pPKiKP 
     40.00       0.8573    1066.73 	     pPKiKP 
     45.00       0.9554    1071.26 	     pPKiKP 
     50.00       1.0504    1076.28 	     pPKiKP 
     55.00       1.1421    1081.76 	     pPKiKP 
     60.00       1.2303    1087.69 	     pPKiKP 
     65.00       1.3147    1094.05 	     pPKiKP 
     70.00       1.3952    1100.83 	     pPKiKP 
     75.00       1.4715    1108.00 	     pPKiKP 
     80.00       1.5436    1115.54 	     pPKiKP 
     85.00       1.6112    1123.43 	     pPKiKP 
     90.00       1.6744    1131.64 	     pPKiKP 
     95.00       1.7330    1140.16 	     pPKiKP 
    100.00       1.7869    1148.97 	     pPKiKP 
    105.00       1.8361    1158.03 	     pPKiKP 
    110.00       1.8806    1167.32 	     pPKiKP 
    115.00       1.9204    1176.82 	     pPKiKP 
    120.00       1.9553    1186.51 	     pPKiKP 
    125.00       1.9856    1196.37 	     pPKiKP 
    130.00       2.0112    1206.36 	     pPKiKP 
    135.00       2.0321    1216.47 	     pPKiKP 
    140.00       2.0484    1226.68 	     pPKiKP 
    145.00       2.0602    1236.95 	     pPKiKP 
    150.00       2.0677    1247.27 	     pPKiKP 
    155.00       2.0707    1257.62 	     pPKiKP 
    460.00     460.00 	 pPKiKP 	 depth
     20.00       0.4403    1054.74 	     pPKiKP 
     25.00       0.5476    1057.21 	     pPKiKP 
     30.00       0.6530    1060.22 	     pPKiKP 
     35.00       0.7563    1063.74 	     pPKiKP 
     40.00       0.8571    1067.77 	     pPKiKP 
     45.00       0.9552    1072.31 	     pPKiKP 
     50.00       1.0502    1077.32 	     pPKiKP 
     55.00       1.1419    1082.80 	     pPKiKP 
     60.00       1.2301    1088.73 	     pPKiKP 
     65.00       1.3145    1095.10 	     pPKiKP 
     70.00       1.3950    1101.87 	     pPKiKP 
     75.00       1.4713    1109.04 	     pPKiKP 
     80.00       1.5434    1116.58 	     pPKiKP 
     85.00       1.6111    1124.47 	     pPKiKP 
     90.00       1.6742    1132.68 	     pPKiKP 
     95.00       1.7328    1141.20 	     pPKiKP 
    100.00       1.7868    1150.00 	     pPKiKP 
    105.00       1.8360    1159.06 	     pPKiKP 
    110.00       1.8805    1168.35 	     pPKiKP 
    115.00       1.9202    1177.86 	     pPKiKP 
    120.00       1.9552    1187.55 	     pPKiKP 
    125.00       1.9855    1197.40 	     pPKiKP 
    130.00       2.0111    1207.40 	     pPKiKP 
    135.00       2.0320    1217.51 	     pPKiKP 
    140.00       2.0484    1227.71 	     pPKiKP 
    145.00       2.0602    1237.98 	     pPKiKP 
    150.00       2.0676    1248.30 	     pPKiKP 
    155.00       2.0707    1258.65 	     pPKiKP 
    470.00     470.00 	 pPKiKP 	 depth
     20.00       0.4402    1055.79 	     pPKiKP 
     25.00       0.5474    1058.26 	     pPKiKP 
     30.00       0.6529    1061.26 	     pPKiKP 
     35.00       0.7562    1064.78 	     pPKiKP 
     40.00       0.8570    1068.82 	     pPKiKP 
     45.00       0.9550    1073.35 	     pPKiKP 
     50.00       1.0500    1078.36 	     pPKiKP 
     55.00       1.1417    1083.85 	     pPKiKP 
     60.00       1.2299    1089.78 	     pPKiKP 
     65.00       1.3143    1096.14 	     pPKiKP 
     70.00       1.3948    1102.91 	     pPKiKP 
     75.00       1.4711    1110.08 	     pPKiKP 
                                                                                                                                                                                                                                                                                                                                                                                                                                                                                                                                                                                                                                                                                                                                                                                                                                                                                                                                                                                                                                                                                                                                                                                                                                                                                                                                                                                                                                                                                                                                                                                                                                                                                                                                                                                                                                                                                                                                                                                                                                                                                                                                                                                                                                                                                                                                                                                                                                                                                                                                                                                                                                                                                                                                                                                                                                                                                                                                                                                                                                                                                                                                                                                                                                                                                                                                                                                                                                                                                                                                                                                                                                                                                                                                                                                                                                                                                                                                                                                                                                                                                                                                                                                                                                                                                                                                                                                                                                                                                                                                                                                                                                                                                                                                                                                                                                                                                                                                                                                                                                                                                                                                                                                                                                                                                                                                                                                                                                                                                                                                                                                                                                                                                                                                                                                                                                                                                                                                                                                                                                                                                                                                                                                                                                                                                                                                                                                                                                                                                                                                                                                                                                                                                                                                                                                                                                                                                                                                                                                                                                                                                                                                                                                                                                                                                                                                                                                                                                                                                                                                                                                                                                                                                                                                                                                                                                                                                                                                                                                                                                                                                                                                                                                                                                                                                                                                                                                                                                                                                                                                                                                                                                                                                                                                                                                                                                                                                                                                                                                                                                                                                                                                                                                                                                                                                                                                                                                                                                                                                                                                                                                                                                                                                                                                                                                                                                                                                                                                                                                                                                                                                                                                                                                                                                                                                                                                                                                                                                                                                                                                                                                                                                                                                                                                                                                                                                                                                                                                                                                                                                                                                                                                                                                                                                                                                                                                                                                                                                                                                                                                                                                                                                                                                                                                                                                                                                                                                                                                                                                                                                                                                                                                                                                                                                                                                                                                                                                                                                                                                                                                                                                                                                                                                                                                                                                                                                                                                                                                                                                                                                                                                                                                                                                                                                                                                                                                                                                                                                                                                                                                                                                                                                                                                                                                                                                                                                                                                                                                                                                                                                                                                                                                                                                                                                                                                                                                                                                                                                                                                                                                                                                                                                                                                                                                                                                                                                                                                                                                                                                                                                                                                                                                                                                                                                                                                                                                                                                                                                                                                                                                                                                                                                                                                                                                                                                                                                                                                                                                                                                                                                                                                                                                                                                                                                                                                                                                                                                                                                                                                                                                                                                                                                                                                                                                                                                                                                                                                                                                                                                                                                                                                                                                                                                                                                                                                                                                                                                                                                                                                                                                                                                                                                                                                                                                                                                                                                                                                                                                                                                                                                                                                                                                                                                                                                                                                                                                                                                                                                                                                                                                                                                                                                                                                                                                                                                                                                                                                                                                                                                                                                                                                                                                                                                                                                                                                                                                                                                                                                                                                                                                                                                                                                                                                                                                                                                                                                                                                                                                                                                                                                                                                                                                                                                                                                                                                                                                                                                                                                                                                                                                                                                                                                                                                                                                                                                                                                                                                                                                                                                                                                                                                                                                                                                                                                                                                                                                                                                                                                                                                                                                                                                                                                                                                                                                                                                                                                                                                                                                                                                                                                                                                                                                                                                                                                                                                                                                                                                                                                                                                                                                                                                                                                                                                                                                                                                                                                                                                                                                                                                                                                                                                                                                                                                                                                                                                                                                                                                                                                                                                                                                                                                                                                                                                                                                                                                                                                                                                                                                                                                                                                                                                                                                                                                                                                                                                                                                                                                                                                                                                                                                                                                                                                                                                                                                                                                                                                                                                                                                                                                                                                                                                                                                                                                                                                                                                                                                                                                                                                                                                                                                                                                                                                                                                                                                                                                                                                                                                                                                                                                                                                                                                                                                                                                                                                                                                                                                                                                                                                                                                                                                                                                                                                                                                                                                                                                                                                                                                                                                                                                                                                                                                                                                                                                                                                                                                                                                                                                                                                                                                                                                                                                                                                                                                                                                                                                                                                                                                                                                                                                                                                                                                                                                                                                                                                                                                                                                                                                                                                                                                                                                                                                                                                                                                                                                                                                                                                                                                                                                                                                                                                                                                                                                                                                                                                                                                                                                                                                                                                                                                                                                                                                                                                                                                                                                                                                                                                                                                                                                                                                                                                                                                                                                                                                                                                                                                                                                                                                                                                                                                                                                                                                                                                                                                                                                                                                                                                                                                                                                                                                                                                                                                                                                                                                                                                                                                                                                                                                                                                                                                                                                                                                                                                                                                                                                                                                                                                                                                                                                                                                                                                                                                                                                                                                                                                                                                                                                                                                                                                                                                                                                                                                                                                                                                                                                                                                                                                                                                                                                                                                                                                                                                                                                                                                                                                                                                                                                                                                                                                                                                                                                                                                                                                                                                                                                                                                                                                                                                                                                                                                                                                                                                                                                                                                                                                                                                                                                                                                                                                                                                                                                                                                                                     