      0.00       0.00 	 ScS 	 depth
     20.00       3.3752     970.16 	        ScS 
     25.00       4.1092     988.90 	        ScS 
     30.00       4.7806    1011.15 	        ScS 
     35.00       5.3856    1036.59 	        ScS 
     40.00       5.9232    1064.89 	        ScS 
     45.00       6.3943    1095.72 	        ScS 
     50.00       6.8018    1128.73 	        ScS 
     55.00       7.1493    1163.63 	        ScS 
     60.00       7.4413    1200.13 	        ScS 
     65.00       7.6825    1237.96 	        ScS 
     70.00       7.8776    1276.88 	        ScS 
     75.00       8.0313    1316.67 	        ScS 
     80.00       8.1480    1357.13 	        ScS 
     85.00       8.2317    1398.09 	        ScS 
     90.00       8.2865    1439.40 	        ScS 
     95.00       8.3159    1480.92 	        ScS 
     10.00      10.00 	 ScS 	 depth
     20.00       3.3766     967.20 	        ScS 
     25.00       4.1108     985.95 	        ScS 
     30.00       4.7823    1008.21 	        ScS 
     35.00       5.3873    1033.66 	        ScS 
     40.00       5.9249    1061.97 	        ScS 
     45.00       6.3959    1092.80 	        ScS 
     50.00       6.8032    1125.82 	        ScS 
     55.00       7.1506    1160.73 	        ScS 
     60.00       7.4424    1197.23 	        ScS 
     65.00       7.6834    1235.07 	        ScS 
     70.00       7.8784    1273.99 	        ScS 
     75.00       8.0319    1313.78 	        ScS 
     80.00       8.1484    1354.25 	        ScS 
     85.00       8.2320    1395.21 	        ScS 
     90.00       8.2867    1436.52 	        ScS 
     95.00       8.3160    1478.04 	        ScS 
     20.00      20.00 	 ScS 	 depth
     20.00       3.3780     964.24 	        ScS 
     25.00       4.1124     982.99 	        ScS 
     30.00       4.7840    1005.26 	        ScS 
     35.00       5.3890    1030.72 	        ScS 
     40.00       5.9265    1059.04 	        ScS 
     45.00       6.3975    1089.88 	        ScS 
     50.00       6.8046    1122.91 	        ScS 
     55.00       7.1518    1157.82 	        ScS 
     60.00       7.4435    1194.33 	        ScS 
     65.00       7.6844    1232.17 	        ScS 
     70.00       7.8792    1271.10 	        ScS 
     75.00       8.0325    1310.90 	        ScS 
     80.00       8.1489    1351.36 	        ScS 
     85.00       8.2324    1392.33 	        ScS 
     90.00       8.2869    1433.64 	        ScS 
     95.00       8.3161    1475.16 	        ScS 
     30.00      30.00 	 ScS 	 depth
     20.00       3.3796     961.59 	        ScS 
     25.00       4.1141     980.35 	        ScS 
     30.00       4.7859    1002.63 	        ScS 
     35.00       5.3910    1028.10 	        ScS 
     40.00       5.9284    1056.43 	        ScS 
     45.00       6.3992    1087.27 	        ScS 
     50.00       6.8063    1120.31 	        ScS 
     55.00       7.1533    1155.24 	        ScS 
     60.00       7.4448    1191.75 	        ScS 
     65.00       7.6854    1229.60 	        ScS 
     70.00       7.8800    1268.53 	        ScS 
     75.00       8.0332    1308.33 	        ScS 
     80.00       8.1494    1348.80 	        ScS 
     85.00       8.2327    1389.77 	        ScS 
     90.00       8.2871    1431.08 	        ScS 
     95.00       8.3162    1472.60 	        ScS 
     40.00      40.00 	 ScS 	 depth
     20.00       3.3814     959.16 	        ScS 
     25.00       4.1161     977.93 	        ScS 
     30.00       4.7880    1000.22 	        ScS 
     35.00       5.3931    1025.70 	        ScS 
     40.00       5.9304    1054.03 	        ScS 
     45.00       6.4012    1084.89 	        ScS 
     50.00       6.8080    1117.94 	        ScS 
     55.00       7.1549    1152.87 	        ScS 
     60.00       7.4462    1189.40 	        ScS 
     65.00       7.6866    1227.25 	        ScS 
     70.00       7.8810    1266.19 	        ScS 
     75.00       8.0340    1305.99 	        ScS 
     80.00       8.1500    1346.46 	        ScS 
     85.00       8.2331    1387.43 	        ScS 
     90.00       8.2874    1428.75 	        ScS 
     95.00       8.3163    1470.27 	        ScS 
     50.00      50.00 	 ScS 	 depth
     20.00       3.3833     956.95 	        ScS 
     25.00       4.1183     975.73 	        ScS 
     30.00       4.7902     998.02 	        ScS 
     35.00       5.3954    1023.52 	        ScS 
     40.00       5.9327    1051.86 	        ScS 
     45.00       6.4033    1082.73 	        ScS 
     50.00       6.8100    1115.79 	        ScS 
     55.00       7.1566    1150.73 	        ScS 
     60.00       7.4477    1187.26 	        ScS 
     65.00       7.6879    1225.12 	        ScS 
     70.00       7.8821    1264.07 	        ScS 
     75.00       8.0348    1303.88 	        ScS 
     80.00       8.1506    1344.35 	        ScS 
     85.00       8.2336    1385.33 	        ScS 
     90.00       8.2876    1426.64 	        ScS 
     95.00       8.3164    1468.16 	        ScS 
     60.00      60.00 	 ScS 	 depth
     20.00       3.3852     954.73 	        ScS 
     25.00       4.1204     973.52 	        ScS 
     30.00       4.7925     995.83 	        ScS 
     35.00       5.3977    1021.34 	        ScS 
     40.00       5.9350    1049.70 	        ScS 
     45.00       6.4054    1080.58 	        ScS 
     50.00       6.8120    1113.64 	        ScS 
     55.00       7.1584    1148.59 	        ScS 
     60.00       7.4492    1185.14 	        ScS 
     65.00       7.6892    1223.00 	        ScS 
     70.00       7.8831    1261.95 	        ScS 
     75.00       8.0356    1301.76 	        ScS 
     80.00       8.1512    1342.25 	        ScS 
     85.00       8.2340    1383.22 	        ScS 
     90.00       8.2879    1424.54 	        ScS 
     95.00       8.3165    1466.06 	        ScS 
     70.00      70.00 	 ScS 	 depth
     20.00       3.3872     952.52 	        ScS 
     25.00       4.1226     971.32 	        ScS 
     30.00       4.7949     993.64 	        ScS 
     35.00       5.4001    1019.16 	        ScS 
     40.00       5.9372    1047.53 	        ScS 
     45.00       6.4076    1078.42 	        ScS 
     50.00       6.8139    1111.50 	        ScS 
     55.00       7.1601    1146.46 	        ScS 
     60.00       7.4507    1183.01 	        ScS 
     65.00       7.6905    1220.88 	        ScS 
     70.00       7.8842    1259.84 	        ScS 
     75.00       8.0365    1299.66 	        ScS 
     80.00       8.1518    1340.14 	        ScS 
     85.00       8.2344    1381.12 	        ScS 
     90.00       8.2882    1422.44 	        ScS 
     95.00       8.3166    1463.96 	        ScS 
     80.00      80.00 	 ScS 	 depth
     20.00       3.3891     950.31 	        ScS 
     25.00       4.1248     969.12 	        ScS 
     30.00       4.7972     991.46 	        ScS 
     35.00       5.4024    1016.98 	        ScS 
     40.00       5.9395    1045.37 	        ScS 
     45.00       6.4097    1076.27 	        ScS 
     50.00       6.8159    1109.36 	        ScS 
     55.00       7.1619    1144.33 	        ScS 
     60.00       7.4523    1180.88 	        ScS 
     65.00       7.6918    1218.76 	        ScS 
     70.00       7.8852    1257.73 	        ScS 
     75.00       8.0373    1297.55 	        ScS 
     80.00       8.1525    1338.04 	        ScS 
     85.00       8.2349    1379.02 	        ScS 
     90.00       8.2884    1420.34 	        ScS 
     95.00       8.3167    1461.86 	        ScS 
     90.00      90.00 	 ScS 	 depth
     20.00       3.3911     948.11 	        ScS 
     25.00       4.1270     966.93 	        ScS 
     30.00       4.7995     989.27 	        ScS 
     35.00       5.4048    1014.81 	        ScS 
     40.00       5.9418    1043.21 	        ScS 
     45.00       6.4119    1074.12 	        ScS 
     50.00       6.8179    1107.22 	        ScS 
     55.00       7.1637    1142.20 	        ScS 
     60.00       7.4538    1178.76 	        ScS 
     65.00       7.6931    1216.65 	        ScS 
     70.00       7.8863    1255.62 	        ScS 
     75.00       8.0382    1295.44 	        ScS 
     80.00       8.1531    1335.94 	        ScS 
     85.00       8.2353    1376.92 	        ScS 
     90.00       8.2887    1418.24 	        ScS 
     95.00       8.3168    1459.77 	        ScS 
    100.00     100.00 	 ScS 	 depth
     20.00       3.3930     945.90 	        ScS 
     25.00       4.1292     964.73 	        ScS 
     30.00       4.8019     987.09 	        ScS 
     35.00       5.4071    1012.64 	        ScS 
     40.00       5.9441    1041.05 	        ScS 
     45.00       6.4141    1071.97 	        ScS 
     50.00       6.8199    1105.08 	        ScS 
     55.00       7.1654    1140.07 	        ScS 
     60.00       7.4553    1176.64 	        ScS 
     65.00       7.6944    1214.54 	        ScS 
     70.00       7.8874    1253.51 	        ScS 
     75.00       8.0390    1293.34 	        ScS 
     80.00       8.1537    1333.84 	        ScS 
     85.00       8.2357    1374.82 	        ScS 
     90.00       8.2890    1416.15 	        ScS 
     95.00       8.3169    1457.67 	        ScS 
    110.00     110.00 	 ScS 	 depth
     20.00       3.3950     943.70 	        ScS 
     25.00       4.1314     962.54 	        ScS 
     30.00       4.8042     984.91 	        ScS 
     35.00       5.4095    1010.47 	        ScS 
     40.00       5.9465    1038.89 	        ScS 
     45.00       6.4163    1069.82 	        ScS 
     50.00       6.8219    1102.94 	        ScS 
     55.00       7.1672    1137.94 	        ScS 
     60.00       7.4569    1174.52 	        ScS 
     65.00       7.6957    1212.43 	        ScS 
     70.00       7.8885    1251.40 	        ScS 
     75.00       8.0399    1291.24 	        ScS 
     80.00       8.1544    1331.74 	        ScS 
     85.00       8.2362    1372.73 	        ScS 
     90.00       8.2892    1414.06 	        ScS 
     95.00       8.3170    1455.58 	        ScS 
    120.00     120.00 	 ScS 	 depth
     20.00       3.3970     941.50 	        ScS 
     25.00       4.1337     960.35 	        ScS 
     30.00       4.8066     982.73 	        ScS 
     35.00       5.4119    1008.30 	        ScS 
     40.00       5.9488    1036.73 	        ScS 
     45.00       6.4185    1067.68 	        ScS 
     50.00       6.8239    1100.81 	        ScS 
     55.00       7.1690    1135.82 	        ScS 
     60.00       7.4585    1172.41 	        ScS 
     65.00       7.6970    1210.32 	        ScS 
     70.00       7.8895    1249.30 	        ScS 
     75.00       8.0407    1289.14 	        ScS 
     80.00       8.1550    1329.65 	        ScS 
     85.00       8.2366    1370.64 	        ScS 
     90.00       8.2895    1411.97 	        ScS 
     95.00       8.3171    1453.49 	        ScS 
    130.00     130.00 	 ScS 	 depth
     20.00       3.3990     939.30 	        ScS 
     25.00       4.1359     958.16 	        ScS 
     30.00       4.8089     980.55 	        ScS 
     35.00       5.4143    1006.14 	        ScS 
     40.00       5.9511    1034.58 	        ScS 
     45.00       6.4207    1065.54 	        ScS 
     50.00       6.8259    1098.68 	        ScS 
     55.00       7.1708    1133.70 	        ScS 
     60.00       7.4600    1170.30 	        ScS 
     65.00       7.6983    1208.21 	        ScS 
     70.00       7.8906    1247.20 	        ScS 
     75.00       8.0416    1287.05 	        ScS 
     80.00       8.1556    1327.56 	        ScS 
     85.00       8.2371    1368.55 	        ScS 
     90.00       8.2897    1409.88 	        ScS 
     95.00       8.3172    1451.41 	        ScS 
    140.00     140.00 	 ScS 	 depth
     20.00       3.4010     937.10 	        ScS 
     25.00       4.1382     955.97 	        ScS 
     30.00       4.8113     978.38 	        ScS 
     35.00       5.4167    1003.97 	        ScS 
     40.00       5.9535    1032.43 	        ScS 
     45.00       6.4229    1063.40 	        ScS 
     50.00       6.8279    1096.55 	        ScS 
     55.00       7.1726    1131.58 	        ScS 
     60.00       7.4616    1168.18 	        ScS 
     65.00       7.6997    1206.11 	        ScS 
     70.00       7.8917    1245.10 	        ScS 
     75.00       8.0424    1284.95 	        ScS 
     80.00       8.1563    1325.47 	        ScS 
     85.00       8.2375    1366.46 	        ScS 
     90.00       8.2900    1407.79 	        ScS 
     95.00       8.3174    1449.32 	        ScS 
    150.00     150.00 	 ScS 	 depth
     20.00       3.4030     934.90 	        ScS 
     25.00       4.1404     953.79 	        ScS 
     30.00       4.8137     976.20 	        ScS 
     35.00       5.4192    1001.81 	        ScS 
     40.00       5.9558    1030.28 	        ScS 
     45.00       6.4251    1061.26 	        ScS 
     50.00       6.8300    1094.42 	        ScS 
     55.00       7.1744    1129.46 	        ScS 
     60.00       7.4632    1166.07 	        ScS 
     65.00       7.7010    1204.00 	        ScS 
     70.00       7.8928    1243.01 	        ScS 
     75.00       8.0433    1282.86 	        ScS 
     80.00       8.1569    1323.38 	        ScS 
     85.00       8.2380    1364.38 	        ScS 
     90.00       8.2903    1405.71 	        ScS 
     95.00       8.3175    1447.24 	        ScS 
    160.00     160.00 	 ScS 	 depth
     20.00       3.4050     932.71 	        ScS 
     25.00       4.1427     951.60 	        ScS 
     30.00       4.8161     974.03 	        ScS 
     35.00       5.4216     999.65 	        ScS 
     40.00       5.9582    1028.13 	        ScS 
     45.00       6.4273    1059.12 	        ScS 
     50.00       6.8320    1092.29 	        ScS 
     55.00       7.1763    1127.34 	        ScS 
     60.00       7.4647    1163.96 	        ScS 
     65.00       7.7023    1201.90 	        ScS 
     70.00       7.8939    1240.91 	        ScS 
     75.00       8.0441    1280.77 	        ScS 
     80.00       8.1576    1321.29 	        ScS 
     85.00       8.2384    1362.29 	        ScS 
     90.00       8.2905    1403.63 	        ScS 
     95.00       8.3176    1445.16 	        ScS 
    170.00     170.00 	 ScS 	 depth
     20.00       3.4070     930.51 	        ScS 
     25.00       4.1450     949.42 	        ScS 
     30.00       4.8186     971.85 	        ScS 
     35.00       5.4240     997.49 	        ScS 
     40.00       5.9606    1025.98 	        ScS 
     45.00       6.4296    1056.98 	        ScS 
     50.00       6.8341    1090.17 	        ScS 
     55.00       7.1781    1125.22 	        ScS 
     60.00       7.4663    1161.85 	        ScS 
     65.00       7.7037    1199.80 	        ScS 
     70.00       7.8950    1238.81 	        ScS 
     75.00       8.0450    1278.68 	        ScS 
     80.00       8.1582    1319.20 	        ScS 
     85.00       8.2388    1360.21 	        ScS 
     90.00       8.2908    1401.54 	        ScS 
     95.00       8.3177    1443.07 	        ScS 
    180.00     180.00 	 ScS 	 depth
     20.00       3.4091     928.32 	        ScS 
     25.00       4.1473     947.23 	        ScS 
     30.00       4.8210     969.68 	        ScS 
     35.00       5.4265     995.33 	        ScS 
     40.00       5.9630    1023.83 	        ScS 
     45.00       6.4318    1054.85 	        ScS 
     50.00       6.8361    1088.04 	        ScS 
     55.00       7.1799    1123.11 	        ScS 
     60.00       7.4679    1159.75 	        ScS 
     65.00       7.7050    1197.70 	        ScS 
     70.00       7.8961    1236.72 	        ScS 
     75.00       8.0458    1276.59 	        ScS 
     80.00       8.1588    1317.12 	        ScS 
     85.00       8.2393    1358.13 	        ScS 
     90.00       8.2911    1399.46 	        ScS 
     95.00       8.3178    1441.00 	        ScS 
    190.00     190.00 	 ScS 	 depth
     20.00       3.4111     926.12 	        ScS 
     25.00       4.1496     945.05 	        ScS 
     30.00       4.8234     967.51 	        ScS 
     35.00       5.4289     993.17 	        ScS 
     40.00       5.9653    1021.69 	        ScS 
     45.00       6.4341    1052.71 	        ScS 
     50.00       6.8382    1085.92 	        ScS 
     55.00       7.1817    1120.99 	        ScS 
     60.00       7.4695    1157.64 	        ScS 
     65.00       7.7063    1195.60 	        ScS 
     70.00       7.8972    1234.63 	        ScS 
     75.00       8.0467    1274.51 	        ScS 
     80.00       8.1595    1315.04 	        ScS 
     85.00       8.2397    1356.05 	        ScS 
     90.00       8.2913    1397.39 	        ScS 
     95.00       8.3179    1438.92 	        ScS 
    200.00     200.00 	 ScS 	 depth
     20.00       3.4132     923.93 	        ScS 
     25.00       4.1519     942.87 	        ScS 
     30.00       4.8259     965.34 	        ScS 
     35.00       5.4314     991.01 	        ScS 
     40.00       5.9678    1019.54 	        ScS 
     45.00       6.4363    1050.58 	        ScS 
     50.00       6.8402    1083.80 	        ScS 
     55.00       7.1836    1118.88 	        ScS 
     60.00       7.4711    1155.54 	        ScS 
     65.00       7.7077    1193.51 	        ScS 
     70.00       7.8983    1232.54 	        ScS 
     75.00       8.0476    1272.42 	        ScS 
     80.00       8.1601    1312.95 	        ScS 
     85.00       8.2402    1353.97 	        ScS 
     90.00       8.2916    1395.31 	        ScS 
     95.00       8.3180    1436.84 	        ScS 
    210.00     210.00 	 ScS 	 depth
     20.00       3.4153     921.74 	        ScS 
     25.00       4.1542     940.69 	        ScS 
     30.00       4.8283     963.17 	        ScS 
     35.00       5.4339     988.86 	        ScS 
     40.00       5.9702    1017.40 	        ScS 
     45.00       6.4386    1048.45 	        ScS 
     50.00       6.8423    1081.68 	        ScS 
     55.00       7.1854    1116.77 	        ScS 
     60.00       7.4727    1153.44 	        ScS 
     65.00       7.7090    1191.41 	        ScS 
     70.00       7.8994    1230.45 	        ScS 
     75.00       8.0484    1270.34 	        ScS 
     80.00       8.1608    1310.87 	        ScS 
     85.00       8.2406    1351.89 	        ScS 
     90.00       8.2919    1393.23 	        ScS 
     95.00       8.3181    1434.77 	        ScS 
    220.00     220.00 	 ScS 	 depth
     20.00       3.4173     919.56 	        ScS 
     25.00       4.1566     938.52 	        ScS 
     30.00       4.8308     961.01 	        ScS 
     35.00       5.4364     986.71 	        ScS 
     40.00       5.9726    1015.26 	        ScS 
     45.00       6.4409    1046.32 	        ScS 
     50.00       6.8444    1079.56 	        ScS 
     55.00       7.1873    1114.67 	        ScS 
     60.00       7.4743    1151.34 	        ScS 
     65.00       7.7104    1189.32 	        ScS 
     70.00       7.9005    1228.37 	        ScS 
     75.00       8.0493    1268.26 	        ScS 
     80.00       8.1614    1308.80 	        ScS 
     85.00       8.2411    1349.82 	        ScS 
     90.00       8.2921    1391.16 	        ScS 
     95.00       8.3182    1432.70 	        ScS 
    230.00     230.00 	 ScS 	 depth
     20.00       3.4194     917.38 	        ScS 
     25.00       4.1589     936.35 	        ScS 
     30.00       4.8333     958.86 	        ScS 
     35.00       5.4389     984.57 	        ScS 
     40.00       5.9750    1013.13 	        ScS 
     45.00       6.4432    1044.21 	        ScS 
     50.00       6.8465    1077.46 	        ScS 
     55.00       7.1892    1112.57 	        ScS 
     60.00       7.4759    1149.26 	        ScS 
     65.00       7.7118    1187.25 	        ScS 
     70.00       7.9016    1226.30 	        ScS 
     75.00       8.0502    1266.19 	        ScS 
     80.00       8.1621    1306.74 	        ScS 
     85.00       8.2415    1347.76 	        ScS 
     90.00       8.2924    1389.11 	        ScS 
     95.00       8.3183    1430.64 	        ScS 
    240.00     240.00 	 ScS 	 depth
     20.00       3.4216     915.21 	        ScS 
     25.00       4.1613     934.20 	        ScS 
     30.00       4.8358     956.72 	        ScS 
     35.00       5.4415     982.44 	        ScS 
     40.00       5.9775    1011.02 	        ScS 
     45.00       6.4455    1042.10 	        ScS 
     50.00       6.8486    1075.36 	        ScS 
     55.00       7.1911    1110.49 	        ScS 
     60.00       7.4776    1147.18 	        ScS 
     65.00       7.7131    1185.18 	        ScS 
     70.00       7.9027    1224.24 	        ScS 
     75.00       8.0511    1264.14 	        ScS 
     80.00       8.1627    1304.69 	        ScS 
     85.00       8.2420    1345.71 	        ScS 
     90.00       8.2927    1387.06 	        ScS 
     95.00       8.3184    1428.59 	        ScS 
    250.00     250.00 	 ScS 	 depth
     20.00       3.4237     913.06 	        ScS 
     25.00       4.1637     932.05 	        ScS 
     30.00       4.8384     954.58 	        ScS 
     35.00       5.4440     980.32 	        ScS 
     40.00       5.9800    1008.91 	        ScS 
     45.00       6.4479    1040.00 	        ScS 
     50.00       6.8508    1073.28 	        ScS 
     55.00       7.1930    1108.41 	        ScS 
     60.00       7.4792    1145.11 	        ScS 
     65.00       7.7145    1183.12 	        ScS 
     70.00       7.9038    1222.18 	        ScS 
     75.00       8.0520    1262.09 	        ScS 
     80.00       8.1634    1302.64 	        ScS 
     85.00       8.2424    1343.67 	        ScS 
     90.00       8.2929    1385.02 	        ScS 
     95.00       8.3185    1426.56 	        ScS 
    260.00     260.00 	 ScS 	 depth
     20.00       3.4259     910.91 	        ScS 
     25.00       4.1662     929.91 	        ScS 
     30.00       4.8409     952.46 	        ScS 
     35.00       5.4466     978.21 	        ScS 
     40.00       5.9825    1006.81 	        ScS 
     45.00       6.4502    1037.92 	        ScS 
     50.00       6.8529    1071.20 	        ScS 
     55.00       7.1949    1106.34 	        ScS 
     60.00       7.4809    1143.06 	        ScS 
     65.00       7.7159    1181.07 	        ScS 
     70.00       7.9050    1220.14 	        ScS 
     75.00       8.0529    1260.05 	        ScS 
     80.00       8.1641    1300.61 	        ScS 
     85.00       8.2429    1341.64 	        ScS 
     90.00       8.2932    1382.99 	        ScS 
     95.00       8.3186    1424.53 	        ScS 
    270.00     270.00 	 ScS 	 depth
     20.00       3.4280     908.76 	        ScS 
     25.00       4.1686     927.78 	        ScS 
     30.00       4.8435     950.34 	        ScS 
     35.00       5.4492     976.10 	        ScS 
     40.00       5.9850    1004.72 	        ScS 
     45.00       6.4526    1035.84 	        ScS 
     50.00       6.8551    1069.13 	        ScS 
     55.00       7.1968    1104.29 	        ScS 
     60.00       7.4825    1141.01 	        ScS 
     65.00       7.7173    1179.03 	        ScS 
     70.00       7.9061    1218.10 	        ScS 
     75.00       8.0538    1258.02 	        ScS 
     80.00       8.1647    1298.58 	        ScS 
     85.00       8.2433    1339.61 	        ScS 
     90.00       8.2935    1380.97 	        ScS 
     95.00       8.3187    1422.51 	        ScS 
    280.00     280.00 	 ScS 	 depth
     20.00       3.4302     906.63 	        ScS 
     25.00       4.1711     925.66 	        ScS 
     30.00       4.8461     948.23 	        ScS 
     35.00       5.4518     974.01 	        ScS 
     40.00       5.9876    1002.63 	        ScS 
     45.00       6.4550    1033.77 	        ScS 
     50.00       6.8573    1067.07 	        ScS 
     55.00       7.1987    1102.24 	        ScS 
     60.00       7.4842    1138.97 	        ScS 
     65.00       7.7187    1177.00 	        ScS 
     70.00       7.9073    1216.08 	        ScS 
     75.00       8.0547    1256.00 	        ScS 
     80.00       8.1654    1296.56 	        ScS 
     85.00       8.2438    1337.60 	        ScS 
     90.00       8.2937    1378.95 	        ScS 
     95.00       8.3188    1420.50 	        ScS 
    290.00     290.00 	 ScS 	 depth
     20.00       3.4324     904.51 	        ScS 
     25.00       4.1735     923.55 	        ScS 
     30.00       4.8487     946.13 	        ScS 
     35.00       5.4545     971.92 	        ScS 
     40.00       5.9901    1000.56 	        ScS 
     45.00       6.4574    1031.71 	        ScS 
     50.00       6.8595    1065.02 	        ScS 
     55.00       7.2007    1100.20 	        ScS 
     60.00       7.4859    1136.94 	        ScS 
     65.00       7.7202    1174.97 	        ScS 
     70.00       7.9084    1214.06 	        ScS 
     75.00       8.0556    1253.99 	        ScS 
     80.00       8.1661    1294.56 	        ScS 
     85.00       8.2443    1335.60 	        ScS 
     90.00       8.2940    1376.95 	        ScS 
     95.00       8.3189    1418.49 	        ScS 
    300.00     300.00 	 ScS 	 depth
     20.00       3.4347     902.39 	        ScS 
     25.00       4.1760     921.44 	        ScS 
     30.00       4.8514     944.04 	        ScS 
     35.00       5.4571     969.84 	        ScS 
     40.00       5.9927     998.49 	        ScS 
     45.00       6.4598    1029.65 	        ScS 
     50.00       6.8617    1062.98 	        ScS 
     55.00       7.2027    1098.17 	        ScS 
     60.00       7.4876    1134.92 	        ScS 
     65.00       7.7216    1172.96 	        ScS 
     70.00       7.9096    1212.06 	        ScS 
     75.00       8.0565    1251.99 	        ScS 
     80.00       8.1668    1292.56 	        ScS 
     85.00       8.2447    1333.60 	        ScS 
     90.00       8.2943    1374.96 	        ScS 
     95.00       8.3190    1416.50 	        ScS 
    310.00     310.00 	 ScS 	 depth
     20.00       3.4369     900.28 	        ScS 
     25.00       4.1786     919.34 	        ScS 
     30.00       4.8540     941.96 	        ScS 
     35.00       5.4598     967.77 	        ScS 
     40.00       5.9953     996.44 	        ScS 
     45.00       6.4623    1027.61 	        ScS 
     50.00       6.8639    1060.95 	        ScS 
     55.00       7.2047    1096.15 	        ScS 
     60.00       7.4893    1132.90 	        ScS 
     65.00       7.7230    1170.95 	        ScS 
     70.00       7.9108    1210.06 	        ScS 
     75.00       8.0574    1249.99 	        ScS 
     80.00       8.1675    1290.57 	        ScS 
     85.00       8.2452    1331.61 	        ScS 
     90.00       8.2945    1372.97 	        ScS 
     95.00       8.3191    1414.52 	        ScS 
    320.00     320.00 	 ScS 	 depth
     20.00       3.4392     898.18 	        ScS 
     25.00       4.1811     917.26 	        ScS 
     30.00       4.8567     939.88 	        ScS 
     35.00       5.4625     965.71 	        ScS 
     40.00       5.9980     994.39 	        ScS 
     45.00       6.4647    1025.57 	        ScS 
     50.00       6.8662    1058.93 	        ScS 
     55.00       7.2066    1094.13 	        ScS 
     60.00       7.4911    1130.90 	        ScS 
     65.00       7.7245    1168.96 	        ScS 
     70.00       7.9120    1208.07 	        ScS 
     75.00       8.0583    1248.01 	        ScS 
     80.00       8.1681    1288.59 	        ScS 
     85.00       8.2457    1329.64 	        ScS 
     90.00       8.2948    1371.00 	        ScS 
     95.00       8.3192    1412.54 	        ScS 
    330.00     330.00 	 ScS 	 depth
     20.00       3.4415     896.09 	        ScS 
     25.00       4.1837     915.18 	        ScS 
     30.00       4.8594     937.81 	        ScS 
     35.00       5.4653     963.65 	        ScS 
     40.00       6.0006     992.35 	        ScS 
     45.00       6.4672    1023.55 	        ScS 
     50.00       6.8684    1056.91 	        ScS 
     55.00       7.2087    1092.13 	        ScS 
     60.00       7.4928    1128.90 	        ScS 
     65.00       7.7260    1166.97 	        ScS 
     70.00       7.9132    1206.09 	        ScS 
     75.00       8.0593    1246.03 	        ScS 
     80.00       8.1688    1286.62 	        ScS 
     85.00       8.2461    1327.67 	        ScS 
     90.00       8.2951    1369.03 	        ScS 
     95.00       8.3193    1410.58 	        ScS 
    340.00     340.00 	 ScS 	 depth
     20.00       3.4438     894.00 	        ScS 
     25.00       4.1862     913.10 	        ScS 
     30.00       4.8622     935.75 	        ScS 
     35.00       5.4680     961.61 	        ScS 
     40.00       6.0033     990.32 	        ScS 
     45.00       6.4697    1021.53 	        ScS 
     50.00       6.8707    1054.90 	        ScS 
     55.00       7.2107    1090.13 	        ScS 
     60.00       7.4946    1126.92 	        ScS 
     65.00       7.7274    1164.99 	        ScS 
     70.00       7.9144    1204.11 	        ScS 
     75.00       8.0602    1244.07 	        ScS 
     80.00       8.1695    1284.66 	        ScS 
     85.00       8.2466    1325.71 	        ScS 
     90.00       8.2954    1367.08 	        ScS 
     95.00       8.3194    1408.62 	        ScS 
    350.00     350.00 	 ScS 	 depth
     20.00       3.4461     891.93 	        ScS 
     25.00       4.1889     911.04 	        ScS 
     30.00       4.8649     933.70 	        ScS 
     35.00       5.4708     959.57 	        ScS 
     40.00       6.0060     988.29 	        ScS 
     45.00       6.4722    1019.52 	        ScS 
     50.00       6.8730    1052.91 	        ScS 
     55.00       7.2127    1088.14 	        ScS 
     60.00       7.4963    1124.94 	        ScS 
     65.00       7.7289    1163.02 	        ScS 
     70.00       7.9156    1202.15 	        ScS 
     75.00       8.0612    1242.11 	        ScS 
     80.00       8.1702    1282.70 	        ScS 
     85.00       8.2471    1323.76 	        ScS 
     90.00       8.2956    1365.13 	        ScS 
     95.00       8.3195    1406.67 	        ScS 
    360.00     360.00 	 ScS 	 depth
     20.00       3.4484     889.86 	        ScS 
     25.00       4.1915     908.98 	        ScS 
     30.00       4.8677     931.66 	        ScS 
     35.00       5.4736     957.54 	        ScS 
     40.00       6.0087     986.28 	        ScS 
     45.00       6.4748    1017.51 	        ScS 
     50.00       6.8753    1050.92 	        ScS 
     55.00       7.2148    1086.17 	        ScS 
     60.00       7.4981    1122.97 	        ScS 
     65.00       7.7304    1161.06 	        ScS 
     70.00       7.9168    1200.20 	        ScS 
     75.00       8.0621    1240.16 	        ScS 
     80.00       8.1709    1280.76 	        ScS 
     85.00       8.2476    1321.82 	        ScS 
     90.00       8.2959    1363.19 	        ScS 
     95.00       8.3196    1404.73 	        ScS 
    370.00     370.00 	 ScS 	 depth
     20.00       3.4508     887.80 	        ScS 
     25.00       4.1941     906.94 	        ScS 
     30.00       4.8705     929.63 	        ScS 
     35.00       5.4764     955.52 	        ScS 
     40.00       6.0114     984.27 	        ScS 
     45.00       6.4773    1015.52 	        ScS 
     50.00       6.8777    1048.93 	        ScS 
     55.00       7.2169    1084.20 	        ScS 
     60.00       7.4999    1121.01 	        ScS 
     65.00       7.7319    1159.11 	        ScS 
     70.00       7.9180    1198.25 	        ScS 
     75.00       8.0631    1238.22 	        ScS 
     80.00       8.1716    1278.82 	        ScS 
     85.00       8.2480    1319.88 	        ScS 
     90.00       8.2962    1361.26 	        ScS 
     95.00       8.3197    1402.80 	        ScS 
    380.00     380.00 	 ScS 	 depth
     20.00       3.4532     885.74 	        ScS 
     25.00       4.1968     904.89 	        ScS 
     30.00       4.8733     927.60 	        ScS 
     35.00       5.4792     953.51 	        ScS 
     40.00       6.0141     982.27 	        ScS 
     45.00       6.4799    1013.54 	        ScS 
     50.00       6.8800    1046.96 	        ScS 
     55.00       7.2189    1082.23 	        ScS 
     60.00       7.5017    1119.06 	        ScS 
     65.00       7.7334    1157.17 	        ScS 
     70.00       7.9192    1196.32 	        ScS 
     75.00       8.0640    1236.29 	        ScS 
     80.00       8.1723    1276.89 	        ScS 
     85.00       8.2485    1317.96 	        ScS 
     90.00       8.2965    1359.33 	        ScS 
     95.00       8.3198    1400.88 	        ScS 
    390.00     390.00 	 ScS 	 depth
     20.00       3.4556     883.70 	        ScS 
     25.00       4.1995     902.86 	        ScS 
     30.00       4.8761     925.58 	        ScS 
     35.00       5.4821     951.51 	        ScS 
     40.00       6.0169     980.28 	        ScS 
     45.00       6.4825    1011.56 	        ScS 
     50.00       6.8824    1045.00 	        ScS 
     55.00       7.2210    1080.28 	        ScS 
     60.00       7.5035    1117.11 	        ScS 
     65.00       7.7349    1155.23 	        ScS 
     70.00       7.9205    1194.39 	        ScS 
     75.00       8.0650    1234.37 	        ScS 
     80.00       8.1731    1274.98 	        ScS 
     85.00       8.2490    1316.04 	        ScS 
     90.00       8.2967    1357.42 	        ScS 
     95.00       8.3199    1398.97 	        ScS 
    400.00     400.00 	 ScS 	 depth
     20.00       3.4580     881.66 	        ScS 
     25.00       4.2022     900.84 	        ScS 
     30.00       4.8790     923.57 	        ScS 
     35.00       5.4849     949.51 	        ScS 
     40.00       6.0197     978.30 	        ScS 
     45.00       6.4851    1009.59 	        ScS 
     50.00       6.8848    1043.04 	        ScS 
     55.00       7.2231    1078.34 	        ScS 
     60.00       7.5053    1115.18 	        ScS 
     65.00       7.7365    1153.30 	        ScS 
     70.00       7.9217    1192.47 	        ScS 
     75.00       8.0660    1232.45 	        ScS 
     80.00       8.1738    1273.07 	        ScS 
     85.00       8.2495    1314.14 	        ScS 
     90.00       8.2970    1355.51 	        ScS 
     95.00       8.3200    1397.07 	        ScS 
    410.00     410.00 	 ScS 	 depth
     20.00       3.4604     879.63 	        ScS 
     25.00       4.2049     898.82 	        ScS 
     30.00       4.8819     921.57 	        ScS 
     35.00       5.4878     947.52 	        ScS 
     40.00       6.0225     976.33 	        ScS 
     45.00       6.4877    1007.63 	        ScS 
     50.00       6.8872    1041.09 	        ScS 
     55.00       7.2253    1076.40 	        ScS 
     60.00       7.5072    1113.25 	        ScS 
     65.00       7.7380    1151.39 	        ScS 
     70.00       7.9230    1190.56 	        ScS 
     75.00       8.0669    1230.55 	        ScS 
     80.00       8.1745    1271.16 	        ScS 
     85.00       8.2500    1312.24 	        ScS 
     90.00       8.2973    1353.62 	        ScS 
     95.00       8.3201    1395.17 	        ScS 
    420.00     420.00 	 ScS 	 depth
     20.00       3.4630     877.69 	        ScS 
     25.00       4.2078     896.89 	        ScS 
     30.00       4.8849     919.65 	        ScS 
     35.00       5.4909     945.62 	        ScS 
     40.00       6.0255     974.44 	        ScS 
     45.00       6.4905    1005.76 	        ScS 
     50.00       6.8897    1039.24 	        ScS 
     55.00       7.2275    1074.56 	        ScS 
     60.00       7.5091    1111.42 	        ScS 
     65.00       7.7396    1149.56 	        ScS 
     70.00       7.9243    1188.74 	        ScS 
     75.00       8.0680    1228.74 	        ScS 
     80.00       8.1753    1269.36 	        ScS 
     85.00       8.2505    1310.44 	        ScS 
     90.00       8.2976    1351.82 	        ScS 
     95.00       8.3202    1393.37 	        ScS 
    430.00     430.00 	 ScS 	 depth
     20.00       3.4656     875.76 	        ScS 
     25.00       4.2107     894.98 	        ScS 
     30.00       4.8880     917.75 	        ScS 
     35.00       5.4940     943.74 	        ScS 
     40.00       6.0284     972.57 	        ScS 
     45.00       6.4933    1003.91 	        ScS 
     50.00       6.8922    1037.40 	        ScS 
     55.00       7.2298    1072.73 	        ScS 
     60.00       7.5110    1109.60 	        ScS 
     65.00       7.7413    1147.75 	        ScS 
     70.00       7.9256    1186.94 	        ScS 
     75.00       8.0690    1226.94 	        ScS 
     80.00       8.1760    1267.57 	        ScS 
     85.00       8.2510    1308.65 	        ScS 
     90.00       8.2979    1350.03 	        ScS 
     95.00       8.3203    1391.58 	        ScS 
    440.00     440.00 	 ScS 	 depth
     20.00       3.4682     873.84 	        ScS 
     25.00       4.2136     893.07 	        ScS 
     30.00       4.8911     915.86 	        ScS 
     35.00       5.4971     941.86 	        ScS 
     40.00       6.0315     970.71 	        ScS 
     45.00       6.4961    1002.06 	        ScS 
     50.00       6.8948    1035.56 	        ScS 
     55.00       7.2321    1070.90 	        ScS 
     60.00       7.5130    1107.79 	        ScS 
     65.00       7.7429    1145.95 	        ScS 
     70.00       7.9270    1185.14 	        ScS 
     75.00       8.0700    1225.15 	        ScS 
     80.00       8.1768    1265.78 	        ScS 
     85.00       8.2515    1306.86 	        ScS 
     90.00       8.2982    1348.25 	        ScS 
     95.00       8.3204    1389.80 	        ScS 
    450.00     450.00 	 ScS 	 depth
     20.00       3.4708     871.92 	        ScS 
     25.00       4.2166     891.17 	        ScS 
     30.00       4.8942     913.97 	        ScS 
     35.00       5.5002     939.99 	        ScS 
     40.00       6.0345     968.86 	        ScS 
     45.00       6.4990    1000.22 	        ScS 
     50.00       6.8974    1033.73 	        ScS 
     55.00       7.2344    1069.09 	        ScS 
     60.00       7.5150    1105.98 	        ScS 
     65.00       7.7446    1144.15 	        ScS 
     70.00       7.9283    1183.35 	        ScS 
     75.00       8.0711    1223.37 	        ScS 
     80.00       8.1776    1264.00 	        ScS 
     85.00       8.2520    1305.09 	        ScS 
     90.00       8.2985    1346.48 	        ScS 
     95.00       8.3205    1388.03 	        ScS 
    460.00     460.00 	 ScS 	 depth
     20.00       3.4735     870.01 	        ScS 
     25.00       4.2196     889.27 	        ScS 
     30.00       4.8973     912.10 	        ScS 
     35.00       5.5034     938.13 	        ScS 
     40.00       6.0375     967.01 	        ScS 
     45.00       6.5019     998.39 	        ScS 
     50.00       6.9000    1031.92 	        ScS 
     55.00       7.2367    1067.28 	        ScS 
     60.00       7.5170    1104.19 	        ScS 
     65.00       7.7463    1142.37 	        ScS 
     70.00       7.9297    1181.58 	        ScS 
     75.00       8.0722    1221.60 	        ScS 
     80.00       8.1783    1262.24 	        ScS 
     85.00       8.2526    1303.33 	        ScS 
     90.00       8.2988    1344.72 	        ScS 
     95.00       8.3206    1386.27 	        ScS 
    470.00     470.00 	 ScS 	 depth
     20.00       3.4762     868.12 	        ScS 
     25.00       4.2226     887.39 	        ScS 
     30.00       4.9005     910.23 	        ScS 
     35.00       5.5066     936.27 	        ScS 
     40.00       6.0406     965.17 	        ScS 
     45.00       6.5048     996.56 	        ScS 
     50.00       6.9026    1030.11 	        ScS 
     55.00       7.2390    1065.49 	        ScS 
     60.00       7.5190    1102.41 	        ScS 
     65.00       7.7480    1140.59 	        ScS 
     70.00       7.9310    1179.81 	        ScS 
     75.00       8.0732    1219.84 	        ScS 
     80.00       8.1791    1260.48 	        ScS 
     85.00       8.2531    1301.57 	        ScS 
     90.00       8.2991    1342.96 	        ScS 
     95.00       8.3206    1384.52 	        ScS 
    480.00     480.00 	 ScS 	 depth
     20.00       3.4789     866.23 	        ScS 
     25.00       4.2256     885.51 	        ScS 
     30.00       4.9037     908.37 	        ScS 
     35.00       5.5098     934.43 	        ScS 
     40.00       6.0437     963.34 	        ScS 
     45.00       6.5077     994.75 	        ScS 
     50.00       6.9053    1028.31 	        ScS 
     55.00       7.2414    1063.70 	        ScS 
     60.00       7.5210    1100.63 	        ScS 
     65.00       7.7497    1138.83 	        ScS 
     70.00       7.9324    1178.05 	        ScS 
     75.00       8.0743    1218.08 	        ScS 
     80.00       8.1799    1258.73 	        ScS 
     85.00       8.2536    1299.83 	        ScS 
     90.00       8.2994    1341.22 	        ScS 
     95.00       8.3207    1382.78 	        ScS 
    490.00     490.00 	 ScS 	 depth
     20.00       3.4816     864.34 	        ScS 
     25.00       4.2287     883.65 	        ScS 
     30.00       4.9069     906.51 	        ScS 
     35.00       5.5130     932.59 	        ScS 
     40.00       6.0469     961.52 	        ScS 
     45.00       6.5106     992.95 	        ScS 
     50.00       6.9080    1026.52 	        ScS 
     55.00       7.2437    1061.92 	        ScS 
     60.00       7.5231    1098.86 	        ScS 
     65.00       7.7514    1137.07 	        ScS 
     70.00       7.9338    1176.30 	        ScS 
     75.00       8.0754    1216.34 	        ScS 
     80.00       8.1807    1256.99 	        ScS 
     85.00       8.2542    1298.09 	        ScS 
     90.00       8.2997    1339.49 	        ScS 
     95.00       8.3208    1381.05 	        ScS 
    500.00     500.00 	 ScS 	 depth
     20.00       3.4844     862.47 	        ScS 
     25.00       4.2318     881.79 	        ScS 
     30.00       4.9102     904.67 	        ScS 
     35.00       5.5163     930.77 	        ScS 
     40.00       6.0500     959.71 	        ScS 
     45.00       6.5136     991.15 	        ScS 
     50.00       6.9107    1024.74 	        ScS 
     55.00       7.2461    1060.15 	        ScS 
     60.00       7.5251    1097.11 	        ScS 
     65.00       7.7531    1135.32 	        ScS 
     70.00       7.9352    1174.56 	        ScS 
     75.00       8.0765    1214.60 	        ScS 
     80.00       8.1815    1255.26 	        ScS 
     85.00       8.2547    1296.37 	        ScS 
     90.00       8.3000    1337.76 	        ScS 
     95.00       8.3209    1379.33 	        ScS 
    510.00     510.00 	 ScS 	 depth
     20.00       3.4871     860.60 	        ScS 
     25.00       4.2349     879.94 	        ScS 
     30.00       4.9134     902.84 	        ScS 
     35.00       5.5196     928.95 	        ScS 
     40.00       6.0532     957.91 	        ScS 
     45.00       6.5166     989.36 	        ScS 
     50.00       6.9134    1022.97 	        ScS 
     55.00       7.2485    1058.39 	        ScS 
     60.00       7.5272    1095.36 	        ScS 
     65.00       7.7548    1133.58 	        ScS 
     70.00       7.9366    1172.83 	        ScS 
     75.00       8.0775    1212.88 	        ScS 
     80.00       8.1823    1253.54 	        ScS 
     85.00       8.2552    1294.65 	        ScS 
     90.00       8.3003    1336.05 	        ScS 
     95.00       8.3210    1377.61 	        ScS 
    520.00     520.00 	 ScS 	 depth
     20.00       3.4899     858.74 	        ScS 
     25.00       4.2380     878.09 	        ScS 
     30.00       4.9167     901.01 	        ScS 
     35.00       5.5229     927.14 	        ScS 
     40.00       6.0565     956.12 	        ScS 
     45.00       6.5196     987.59 	        ScS 
     50.00       6.9161    1021.20 	        ScS 
     55.00       7.2509    1056.64 	        ScS 
     60.00       7.5293    1093.62 	        ScS 
     65.00       7.7566    1131.85 	        ScS 
     70.00       7.9380    1171.11 	        ScS 
     75.00       8.0786    1211.16 	        ScS 
     80.00       8.1831    1251.83 	        ScS 
     85.00       8.2558    1292.94 	        ScS 
     90.00       8.3006    1334.34 	        ScS 
     95.00       8.3211    1375.91 	        ScS 
    530.00     530.00 	 ScS 	 depth
     20.00       3.4928     856.89 	        ScS 
     25.00       4.2412     876.26 	        ScS 
     30.00       4.9201     899.19 	        ScS 
     35.00       5.5263     925.34 	        ScS 
     40.00       6.0597     954.33 	        ScS 
     45.00       6.5226     985.82 	        ScS 
     50.00       6.9189    1019.45 	        ScS 
     55.00       7.2534    1054.90 	        ScS 
     60.00       7.5314    1091.89 	        ScS 
     65.00       7.7583    1130.13 	        ScS 
     70.00       7.9394    1169.39 	        ScS 
     75.00       8.0797    1209.46 	        ScS 
     80.00       8.1839    1250.13 	        ScS 
     85.00       8.2563    1291.24 	        ScS 
     90.00       8.3009    1332.65 	        ScS 
     95.00       8.3212    1374.21 	        ScS 
    540.00     540.00 	 ScS 	 depth
     20.00       3.4956     855.05 	        ScS 
     25.00       4.2444     874.43 	        ScS 
     30.00       4.9235     897.38 	        ScS 
     35.00       5.5297     923.54 	        ScS 
     40.00       6.0630     952.55 	        ScS 
     45.00       6.5257     984.05 	        ScS 
     50.00       6.9217    1017.70 	        ScS 
     55.00       7.2558    1053.17 	        ScS 
     60.00       7.5335    1090.16 	        ScS 
     65.00       7.7601    1128.42 	        ScS 
     70.00       7.9409    1167.69 	        ScS 
     75.00       8.0809    1207.76 	        ScS 
     80.00       8.1847    1248.44 	        ScS 
     85.00       8.2568    1289.55 	        ScS 
     90.00       8.3012    1330.96 	        ScS 
     95.00       8.3213    1372.52 	        ScS 
    550.00     550.00 	 ScS 	 depth
     20.00       3.4985     853.22 	        ScS 
     25.00       4.2476     872.61 	        ScS 
     30.00       4.9268     895.58 	        ScS 
     35.00       5.5331     921.76 	        ScS 
     40.00       6.0663     950.78 	        ScS 
     45.00       6.5288     982.30 	        ScS 
     50.00       6.9245    1015.96 	        ScS 
     55.00       7.2583    1051.44 	        ScS 
     60.00       7.5357    1088.45 	        ScS 
     65.00       7.7619    1126.71 	        ScS 
     70.00       7.9423    1165.99 	        ScS 
     75.00       8.0820    1206.07 	        ScS 
     80.00       8.1856    1246.75 	        ScS 
     85.00       8.2574    1287.87 	        ScS 
     90.00       8.3015    1329.28 	        ScS 
     95.00       8.3214    1370.85 	        ScS 
    560.00     560.00 	 ScS 	 depth
     20.00       3.5014     851.39 	        ScS 
     25.00       4.2509     870.80 	        ScS 
     30.00       4.9303     893.78 	        ScS 
     35.00       5.5365     919.98 	        ScS 
     40.00       6.0696     949.02 	        ScS 
     45.00       6.5319     980.56 	        ScS 
     50.00       6.9273    1014.23 	        ScS 
     55.00       7.2608    1049.73 	        ScS 
     60.00       7.5378    1086.74 	        ScS 
     65.00       7.7637    1125.02 	        ScS 
     70.00       7.9438    1164.30 	        ScS 
     75.00       8.0831    1204.39 	        ScS 
     80.00       8.1864    1245.08 	        ScS 
     85.00       8.2579    1286.20 	        ScS 
     90.00       8.3018    1327.61 	        ScS 
     95.00       8.3215    1369.18 	        ScS 
    570.00     570.00 	 ScS 	 depth
     20.00       3.5044     849.57 	        ScS 
     25.00       4.2542     868.99 	        ScS 
     30.00       4.9337     891.99 	        ScS 
     35.00       5.5400     918.21 	        ScS 
     40.00       6.0729     947.27 	        ScS 
     45.00       6.5350     978.82 	        ScS 
     50.00       6.9302    1012.51 	        ScS 
     55.00       7.2633    1048.02 	        ScS 
     60.00       7.5400    1085.05 	        ScS 
     65.00       7.7655    1123.33 	        ScS 
     70.00       7.9452    1162.63 	        ScS 
     75.00       8.0842    1202.72 	        ScS 
     80.00       8.1872    1243.41 	        ScS 
     85.00       8.2585    1284.54 	        ScS 
     90.00       8.3021    1325.95 	        ScS 
     95.00       8.3215    1367.52 	        ScS 
    580.00     580.00 	 ScS 	 depth
     20.00       3.5073     847.76 	        ScS 
     25.00       4.2575     867.20 	        ScS 
     30.00       4.9372     890.21 	        ScS 
     35.00       5.5435     916.45 	        ScS 
     40.00       6.0763     945.53 	        ScS 
     45.00       6.5382     977.09 	        ScS 
     50.00       6.9330    1010.80 	        ScS 
     55.00       7.2659    1046.32 	        ScS 
     60.00       7.5422    1083.36 	        ScS 
     65.00       7.7673    1121.65 	        ScS 
     70.00       7.9467    1160.96 	        ScS 
     75.00       8.0854    1201.05 	        ScS 
     80.00       8.1880    1241.75 	        ScS 
     85.00       8.2590    1282.88 	        ScS 
     90.00       8.3024    1324.30 	        ScS 
     95.00       8.3216    1365.86 	        ScS 
    590.00     590.00 	 ScS 	 depth
     20.00       3.5103     845.95 	        ScS 
     25.00       4.2608     865.41 	        ScS 
     30.00       4.9407     888.44 	        ScS 
     35.00       5.5470     914.69 	        ScS 
     40.00       6.0797     943.79 	        ScS 
     45.00       6.5413     975.37 	        ScS 
     50.00       6.9359    1009.09 	        ScS 
     55.00       7.2684    1044.63 	        ScS 
     60.00       7.5444    1081.68 	        ScS 
     65.00       7.7692    1119.98 	        ScS 
     70.00       7.9482    1159.30 	        ScS 
     75.00       8.0865    1199.40 	        ScS 
     80.00       8.1889    1240.10 	        ScS 
     85.00       8.2596    1281.23 	        ScS 
     90.00       8.3027    1322.65 	        ScS 
     95.00       8.3217    1364.22 	        ScS 
    600.00     600.00 	 ScS 	 depth
     20.00       3.5133     844.15 	        ScS 
     25.00       4.2642     863.63 	        ScS 
     30.00       4.9443     886.68 	        ScS 
     35.00       5.5506     912.95 	        ScS 
     40.00       6.0832     942.06 	        ScS 
     45.00       6.5446     973.66 	        ScS 
     50.00       6.9388    1007.39 	        ScS 
     55.00       7.2710    1042.94 	        ScS 
     60.00       7.5466    1080.01 	        ScS 
     65.00       7.7710    1118.32 	        ScS 
     70.00       7.9497    1157.64 	        ScS 
     75.00       8.0877    1197.75 	        ScS 
     80.00       8.1897    1238.46 	        ScS 
     85.00       8.2602    1279.60 	        ScS 
     90.00       8.3030    1321.02 	        ScS 
     95.00       8.3218    1362.59 	        ScS 
    610.00     610.00 	 ScS 	 depth
     20.00       3.5164     842.36 	        ScS 
     25.00       4.2676     861.85 	        ScS 
     30.00       4.9479     884.92 	        ScS 
     35.00       5.5542     911.21 	        ScS 
     40.00       6.0866     940.34 	        ScS 
     45.00       6.5478     971.95 	        ScS 
     50.00       6.9418    1005.71 	        ScS 
     55.00       7.2736    1041.27 	        ScS 
     60.00       7.5488    1078.35 	        ScS 
     65.00       7.7729    1116.67 	        ScS 
     70.00       7.9512    1156.00 	        ScS 
     75.00       8.0888    1196.12 	        ScS 
     80.00       8.1906    1236.83 	        ScS 
     85.00       8.2607    1277.97 	        ScS 
     90.00       8.3033    1319.39 	        ScS 
     95.00       8.3219    1360.96 	        ScS 
    620.00     620.00 	 ScS 	 depth
     20.00       3.5194     840.58 	        ScS 
     25.00       4.2710     860.09 	        ScS 
     30.00       4.9515     883.17 	        ScS 
     35.00       5.5578     909.48 	        ScS 
     40.00       6.0901     938.63 	        ScS 
     45.00       6.5511     970.26 	        ScS 
     50.00       6.9447    1004.03 	        ScS 
     55.00       7.2762    1039.60 	        ScS 
     60.00       7.5510    1076.69 	        ScS 
     65.00       7.7747    1115.03 	        ScS 
     70.00       7.9527    1154.36 	        ScS 
     75.00       8.0900    1194.49 	        ScS 
     80.00       8.1914    1235.20 	        ScS 
     85.00       8.2613    1276.35 	        ScS 
     90.00       8.3036    1317.77 	        ScS 
     95.00       8.3219    1359.34 	        ScS 
    630.00     630.00 	 ScS 	 depth
     20.00       3.5225     838.81 	        ScS 
     25.00       4.2745     858.33 	        ScS 
     30.00       4.9551     881.43 	        ScS 
     35.00       5.5614     907.75 	        ScS 
     40.00       6.0937     936.92 	        ScS 
     45.00       6.5544     968.57 	        ScS 
     50.00       6.9477    1002.35 	        ScS 
     55.00       7.2789    1037.94 	        ScS 
     60.00       7.5533    1075.05 	        ScS 
     65.00       7.7766    1113.39 	        ScS 
     70.00       7.9542    1152.74 	        ScS 
     75.00       8.0912    1192.87 	        ScS 
     80.00       8.1923    1233.59 	        ScS 
     85.00       8.2618    1274.74 	        ScS 
     90.00       8.3039    1316.16 	        ScS 
     95.00       8.3220    1357.74 	        ScS 
    640.00     640.00 	 ScS 	 depth
     20.00       3.5257     837.04 	        ScS 
     25.00       4.2780     856.58 	        ScS 
     30.00       4.9588     879.70 	        ScS 
     35.00       5.5651     906.04 	        ScS 
     40.00       6.0972     935.23 	        ScS 
     45.00       6.5577     966.89 	        ScS 
     50.00       6.9507    1000.69 	        ScS 
     55.00       7.2815    1036.30 	        ScS 
     60.00       7.5556    1073.41 	        ScS 
     65.00       7.7785    1111.77 	        ScS 
     70.00       7.9558    1151.12 	        ScS 
     75.00       8.0924    1191.26 	        ScS 
     80.00       8.1931    1231.98 	        ScS 
     85.00       8.2624    1273.13 	        ScS 
     90.00       8.3042    1314.56 	        ScS 
     95.00       8.3221    1356.14 	        ScS 
    650.00     650.00 	 ScS 	 depth
     20.00       3.5288     835.28 	        ScS 
     25.00       4.2815     854.83 	        ScS 
     30.00       4.9625     877.97 	        ScS 
     35.00       5.5688     904.33 	        ScS 
     40.00       6.1008     933.54 	        ScS 
     45.00       6.5610     965.22 	        ScS 
     50.00       6.9538     999.03 	        ScS 
     55.00       7.2842    1034.65 	        ScS 
     60.00       7.5579    1071.78 	        ScS 
     65.00       7.7805    1110.15 	        ScS 
     70.00       7.9573    1149.51 	        ScS 
     75.00       8.0936    1189.65 	        ScS 
     80.00       8.1940    1230.39 	        ScS 
     85.00       8.2630    1271.54 	        ScS 
     90.00       8.3045    1312.97 	        ScS 
     95.00       8.3222    1354.55 	        ScS 
    660.00     660.00 	 ScS 	 depth
     20.00       3.5320     833.52 	        ScS 
     25.00       4.2851     853.09 	        ScS 
     30.00       4.9662     876.25 	        ScS 
     35.00       5.5726     902.63 	        ScS 
     40.00       6.1044     931.85 	        ScS 
     45.00       6.5644     963.56 	        ScS 
     50.00       6.9568     997.39 	        ScS 
     55.00       7.2869    1033.02 	        ScS 
     60.00       7.5602    1070.16 	        ScS 
     65.00       7.7824    1108.54 	        ScS 
     70.00       7.9589    1147.91 	        ScS 
     75.00       8.0948    1188.06 	        ScS 
     80.00       8.1949    1228.80 	        ScS 
     85.00       8.2635    1269.95 	        ScS 
     90.00       8.3048    1311.39 	        ScS 
     95.00       8.3222    1352.96 	        ScS 
    670.00     670.00 	 ScS 	 depth
     20.00       3.5354     831.88 	        ScS 
     25.00       4.2889     851.47 	        ScS 
     30.00       4.9703     874.65 	        ScS 
     35.00       5.5766     901.05 	        ScS 
     40.00       6.1083     930.29 	        ScS 
     45.00       6.5680     962.01 	        ScS 
     50.00       6.9601     995.86 	        ScS 
     55.00       7.2898    1031.51 	        ScS 
     60.00       7.5627    1068.67 	        ScS 
     65.00       7.7845    1107.05 	        ScS 
     70.00       7.9605    1146.43 	        ScS 
     75.00       8.0961    1186.59 	        ScS 
     80.00       8.1958    1227.33 	        ScS 
     85.00       8.2642    1268.50 	        ScS 
     90.00       8.3051    1309.93 	        ScS 
     95.00       8.3223    1351.51 	        ScS 
    680.00     680.00 	 ScS 	 depth
     20.00       3.5389     830.25 	        ScS 
     25.00       4.2928     849.86 	        ScS 
     30.00       4.9743     873.06 	        ScS 
     35.00       5.5807     899.48 	        ScS 
     40.00       6.1123     928.74 	        ScS 
     45.00       6.5717     960.48 	        ScS 
     50.00       6.9635     994.35 	        ScS 
     55.00       7.2928    1030.01 	        ScS 
     60.00       7.5653    1067.18 	        ScS 
     65.00       7.7866    1105.58 	        ScS 
     70.00       7.9622    1144.97 	        ScS 
     75.00       8.0974    1185.13 	        ScS 
     80.00       8.1968    1225.88 	        ScS 
     85.00       8.2648    1267.05 	        ScS 
     90.00       8.3055    1308.49 	        ScS 
     95.00       8.3224    1350.06 	        ScS 
    690.00     690.00 	 ScS 	 depth
     20.00       3.5424     828.63 	        ScS 
     25.00       4.2967     848.26 	        ScS 
     30.00       4.9784     871.47 	        ScS 
     35.00       5.5848     897.91 	        ScS 
     40.00       6.1162     927.20 	        ScS 
     45.00       6.5754     958.96 	        ScS 
     50.00       6.9669     992.84 	        ScS 
     55.00       7.2958    1028.52 	        ScS 
     60.00       7.5678    1065.70 	        ScS 
     65.00       7.7887    1104.11 	        ScS 
     70.00       7.9640    1143.51 	        ScS 
     75.00       8.0987    1183.69 	        ScS 
     80.00       8.1977    1224.44 	        ScS 
     85.00       8.2654    1265.61 	        ScS 
     90.00       8.3058    1307.05 	        ScS 
     95.00       8.3224    1348.63 	        ScS 
    700.00     700.00 	 ScS 	 depth
     20.00       3.5459     827.01 	        ScS 
     25.00       4.3006     846.66 	        ScS 
     30.00       4.9826     869.90 	        ScS 
     35.00       5.5890     896.36 	        ScS 
     40.00       6.1202     925.66 	        ScS 
     45.00       6.5792     957.44 	        ScS 
     50.00       6.9703     991.34 	        ScS 
     55.00       7.2988    1027.04 	        ScS 
     60.00       7.5704    1064.23 	        ScS 
     65.00       7.7909    1102.66 	        ScS 
     70.00       7.9657    1142.07 	        ScS 
     75.00       8.1000    1182.25 	        ScS 
     80.00       8.1987    1223.01 	        ScS 
     85.00       8.2660    1264.18 	        ScS 
     90.00       8.3061    1305.62 	        ScS 
     95.00       8.3225    1347.20 	        ScS 
