      0.00       0.00 	 P 	 depth
     20.00      10.9004     274.10 	          P 
     20.00       9.2260     279.55 	          P 
     25.00       9.0992     325.43 	          P 
     25.00      10.2819     327.20 	          P 
     30.00       8.8459     370.27 	          P 
     35.00       8.6158     413.98 	          P 
     40.00       8.3042     456.30 	          P 
     45.00       7.9609     496.97 	          P 
     50.00       7.6025     535.89 	          P 
     55.00       7.2408     572.99 	          P 
     60.00       6.8780     608.29 	          P 
     65.00       6.5144     641.77 	          P 
     70.00       6.1498     673.43 	          P 
     75.00       5.7807     703.26 	          P 
     80.00       5.4040     731.23 	          P 
     85.00       5.0133     757.28 	          P 
     90.00       4.6623     781.35 	          P 
     95.00       4.5498     804.38 	          P 
    100.00       4.4389     826.77 	      Pdiff 
    105.00       4.4389     848.96 	      Pdiff 
    110.00       4.4389     871.16 	      Pdiff 
    115.00       4.4389     893.35 	      Pdiff 
    120.00       4.4389     915.54 	      Pdiff 
    125.00       4.4389     937.74 	      Pdiff 
    130.00       4.4389     959.93 	      Pdiff 
    135.00       4.4389     982.13 	      Pdiff 
    140.00       4.4389    1004.32 	      Pdiff 
     10.00      10.00 	 P 	 depth
     20.00      10.8952     272.68 	          P 
     20.00       9.2254     278.04 	          P 
     25.00       9.0972     323.91 	          P 
     25.00      10.2731     325.75 	          P 
     30.00       8.8442     368.75 	          P 
     35.00       8.6133     412.44 	          P 
     40.00       8.3013     454.75 	          P 
     45.00       7.9579     495.41 	          P 
     50.00       7.5997     534.30 	          P 
     55.00       7.2381     571.40 	          P 
     60.00       6.8754     606.68 	          P 
     65.00       6.5121     640.15 	          P 
     70.00       6.1476     671.80 	          P 
     75.00       5.7786     701.62 	          P 
     80.00       5.4019     729.58 	          P 
     85.00       5.0114     755.62 	          P 
     90.00       4.6617     779.68 	          P 
     95.00       4.5491     802.70 	          P 
    100.00       4.4389     825.09 	      Pdiff 
    105.00       4.4389     847.28 	      Pdiff 
    110.00       4.4389     869.48 	      Pdiff 
    115.00       4.4389     891.67 	      Pdiff 
    120.00       4.4389     913.87 	      Pdiff 
    125.00       4.4389     936.06 	      Pdiff 
    130.00       4.4389     958.26 	      Pdiff 
    135.00       4.4389     980.45 	      Pdiff 
    140.00       4.4389    1002.65 	      Pdiff 
     20.00      20.00 	 P 	 depth
     20.00      10.8898     271.26 	          P 
     20.00       9.2249     276.53 	          P 
     25.00       9.0952     322.39 	          P 
     25.00      10.2644     324.29 	          P 
     30.00       8.8424     367.22 	          P 
     35.00       8.6107     410.90 	          P 
     40.00       8.2983     453.20 	          P 
     45.00       7.9550     493.84 	          P 
     50.00       7.5968     532.72 	          P 
     55.00       7.2354     569.80 	          P 
     60.00       6.8729     605.07 	          P 
     65.00       6.5097     638.53 	          P 
     70.00       6.1454     670.17 	          P 
     75.00       5.7765     699.98 	          P 
     80.00       5.3999     727.92 	          P 
     85.00       5.0096     753.95 	          P 
     90.00       4.6611     778.00 	          P 
     95.00       4.5485     801.03 	          P 
    100.00       4.4389     823.41 	      Pdiff 
    105.00       4.4389     845.61 	      Pdiff 
    110.00       4.4389     867.80 	      Pdiff 
    115.00       4.4389     890.00 	      Pdiff 
    120.00       4.4389     912.19 	      Pdiff 
    125.00       4.4389     934.38 	      Pdiff 
    130.00       4.4389     956.58 	      Pdiff 
    135.00       4.4389     978.77 	      Pdiff 
    140.00       4.4389    1000.97 	      Pdiff 
     30.00      30.00 	 P 	 depth
     20.00      10.8833     270.08 	          P 
     20.00       9.2242     275.24 	          P 
     25.00       9.0929     321.09 	          P 
     25.00      10.2539     323.07 	          P 
     30.00       8.8404     365.90 	          P 
     35.00       8.6077     409.57 	          P 
     40.00       8.2949     451.85 	          P 
     45.00       7.9517     492.48 	          P 
     50.00       7.5936     531.34 	          P 
     55.00       7.2323     568.41 	          P 
     60.00       6.8700     603.67 	          P 
     65.00       6.5070     637.11 	          P 
     70.00       6.1428     668.73 	          P 
     75.00       5.7741     698.53 	          P 
     80.00       5.3976     726.46 	          P 
     85.00       5.0075     752.48 	          P 
     90.00       4.6604     776.52 	          P 
     95.00       4.5477     799.55 	          P 
    100.00       4.4389     821.93 	      Pdiff 
    105.00       4.4389     844.12 	      Pdiff 
    110.00       4.4389     866.32 	      Pdiff 
    115.00       4.4389     888.51 	      Pdiff 
    120.00       4.4389     910.70 	      Pdiff 
    125.00       4.4389     932.90 	      Pdiff 
    130.00       4.4389     955.09 	      Pdiff 
    135.00       4.4389     977.29 	      Pdiff 
    140.00       4.4389     999.48 	      Pdiff 
     40.00      40.00 	 P 	 depth
     20.00      10.8749     269.11 	          P 
     20.00       9.2234     274.13 	          P 
     25.00       9.0900     319.98 	          P 
     25.00      10.2410     322.04 	          P 
     30.00       8.8380     364.77 	          P 
     35.00       8.6042     408.42 	          P 
     40.00       8.2909     450.68 	          P 
     45.00       7.9477     491.29 	          P 
     50.00       7.5897     530.14 	          P 
     55.00       7.2288     567.18 	          P 
     60.00       6.8667     602.42 	          P 
     65.00       6.5038     635.85 	          P 
     70.00       6.1399     667.46 	          P 
     75.00       5.7713     697.24 	          P 
     80.00       5.3950     725.16 	          P 
     85.00       5.0052     751.17 	          P 
     90.00       4.6596     775.20 	          P 
     95.00       4.5468     798.22 	          P 
    100.00       4.4389     820.60 	      Pdiff 
    105.00       4.4389     842.79 	      Pdiff 
    110.00       4.4389     864.98 	      Pdiff 
    115.00       4.4389     887.18 	      Pdiff 
    120.00       4.4389     909.37 	      Pdiff 
    125.00       4.4389     931.57 	      Pdiff 
    130.00       4.4389     953.76 	      Pdiff 
    135.00       4.4389     975.96 	      Pdiff 
    140.00       4.4389     998.15 	      Pdiff 
     50.00      50.00 	 P 	 depth
     20.00      10.8643     268.35 	          P 
     20.00       9.2224     273.21 	          P 
     25.00       9.0866     319.04 	          P 
     25.00      10.2256     321.21 	          P 
     30.00       8.8352     363.82 	          P 
     35.00       8.6000     407.45 	          P 
     40.00       8.2863     449.69 	          P 
     45.00       7.9432     490.28 	          P 
     50.00       7.5854     529.10 	          P 
     55.00       7.2247     566.13 	          P 
     60.00       6.8629     601.35 	          P 
     65.00       6.5003     634.75 	          P 
     70.00       6.1366     666.35 	          P 
     75.00       5.7682     696.11 	          P 
     80.00       5.3920     724.02 	          P 
     85.00       5.0025     750.01 	          P 
     90.00       4.6587     774.03 	          P 
     95.00       4.5459     797.04 	          P 
    100.00       4.4389     819.42 	      Pdiff 
    105.00       4.4389     841.61 	      Pdiff 
    110.00       4.4389     863.81 	      Pdiff 
    115.00       4.4389     886.00 	      Pdiff 
    120.00       4.4389     908.20 	      Pdiff 
    125.00       4.4389     930.39 	      Pdiff 
    130.00       4.4389     952.59 	      Pdiff 
    135.00       4.4389     974.78 	      Pdiff 
    140.00       4.4389     996.98 	      Pdiff 
     60.00      60.00 	 P 	 depth
     20.00      10.8535     267.59 	          P 
     20.00       9.2214     272.29 	          P 
     25.00       9.0832     318.11 	          P 
     25.00      10.2101     320.38 	          P 
     30.00       8.8324     362.86 	          P 
     35.00       8.5959     406.49 	          P 
     40.00       8.2817     448.70 	          P 
     45.00       7.9386     489.26 	          P 
     50.00       7.5810     528.07 	          P 
     55.00       7.2206     565.07 	          P 
     60.00       6.8591     600.27 	          P 
     65.00       6.4968     633.66 	          P 
     70.00       6.1333     665.24 	          P 
     75.00       5.7650     694.98 	          P 
     80.00       5.3891     722.87 	          P 
     85.00       4.9999     748.85 	          P 
     90.00       4.6578     772.86 	          P 
     95.00       4.5449     795.87 	          P 
    100.00       4.4389     818.24 	      Pdiff 
    105.00       4.4389     840.44 	      Pdiff 
    110.00       4.4389     862.63 	      Pdiff 
    115.00       4.4389     884.83 	      Pdiff 
    120.00       4.4389     907.02 	      Pdiff 
    125.00       4.4389     929.21 	      Pdiff 
    130.00       4.4389     951.41 	      Pdiff 
    135.00       4.4389     973.60 	      Pdiff 
    140.00       4.4389     995.80 	      Pdiff 
     70.00      70.00 	 P 	 depth
     20.00      10.8425     266.83 	          P 
     20.00       9.2204     271.37 	          P 
     25.00       9.0798     317.18 	          P 
     25.00      10.1947     319.55 	          P 
     30.00       8.8296     361.92 	          P 
     35.00       8.5917     405.52 	          P 
     40.00       8.2771     447.71 	          P 
     45.00       7.9341     488.25 	          P 
     50.00       7.5766     527.03 	          P 
     55.00       7.2166     564.01 	          P 
     60.00       6.8553     599.19 	          P 
     65.00       6.4932     632.57 	          P 
     70.00       6.1299     664.12 	          P 
     75.00       5.7619     693.86 	          P 
     80.00       5.3861     721.73 	          P 
     85.00       4.9973     747.70 	          P 
     90.00       4.6569     771.69 	          P 
     95.00       4.5439     794.70 	          P 
    100.00       4.4389     817.07 	      Pdiff 
    105.00       4.4389     839.26 	      Pdiff 
    110.00       4.4389     861.46 	      Pdiff 
    115.00       4.4389     883.65 	      Pdiff 
    120.00       4.4389     905.84 	      Pdiff 
    125.00       4.4389     928.04 	      Pdiff 
    130.00       4.4389     950.23 	      Pdiff 
    135.00       4.4389     972.43 	      Pdiff 
    140.00       4.4389     994.62 	      Pdiff 
     80.00      80.00 	 P 	 depth
     20.00      10.8312     266.08 	          P 
     20.00       9.2193     270.45 	          P 
     25.00       9.0763     316.26 	          P 
     25.00      10.1792     318.72 	          P 
     30.00       8.8268     360.97 	          P 
     35.00       8.5874     404.55 	          P 
     40.00       8.2725     446.72 	          P 
     45.00       7.9295     487.24 	          P 
     50.00       7.5722     526.00 	          P 
     55.00       7.2125     562.96 	          P 
     60.00       6.8515     598.12 	          P 
     65.00       6.4896     631.47 	          P 
     70.00       6.1266     663.01 	          P 
     75.00       5.7587     692.73 	          P 
     80.00       5.3831     720.59 	          P 
     85.00       4.9947     746.54 	          P 
     90.00       4.6560     770.52 	          P 
     95.00       4.5429     793.53 	          P 
    100.00       4.4389     815.89 	      Pdiff 
    105.00       4.4389     838.08 	      Pdiff 
    110.00       4.4389     860.28 	      Pdiff 
    115.00       4.4389     882.47 	      Pdiff 
    120.00       4.4389     904.67 	      Pdiff 
    125.00       4.4389     926.86 	      Pdiff 
    130.00       4.4389     949.06 	      Pdiff 
    135.00       4.4389     971.25 	      Pdiff 
    140.00       4.4389     993.45 	      Pdiff 
     90.00      90.00 	 P 	 depth
     20.00      10.8196     265.32 	          P 
     20.00       9.2181     269.53 	          P 
     25.00       9.0728     315.33 	          P 
     25.00      10.1638     317.89 	          P 
     30.00       8.8240     360.02 	          P 
     35.00       8.5831     403.59 	          P 
     40.00       8.2679     445.73 	          P 
     45.00       7.9249     486.23 	          P 
     50.00       7.5678     524.96 	          P 
     55.00       7.2084     561.90 	          P 
     60.00       6.8477     597.04 	          P 
     65.00       6.4860     630.38 	          P 
     70.00       6.1232     661.90 	          P 
     75.00       5.7556     691.60 	          P 
     80.00       5.3801     719.45 	          P 
     85.00       4.9920     745.38 	          P 
     90.00       4.6551     769.35 	          P 
     95.00       4.5419     792.35 	          P 
    100.00       4.4389     814.72 	      Pdiff 
    105.00       4.4389     836.91 	      Pdiff 
    110.00       4.4389     859.10 	      Pdiff 
    115.00       4.4389     881.30 	      Pdiff 
    120.00       4.4389     903.49 	      Pdiff 
    125.00       4.4389     925.69 	      Pdiff 
    130.00       4.4389     947.88 	      Pdiff 
    135.00       4.4389     970.08 	      Pdiff 
    140.00       4.4389     992.27 	      Pdiff 
    100.00     100.00 	 P 	 depth
     20.00      10.8077     264.56 	          P 
     20.00       9.2169     268.62 	          P 
     25.00       9.0692     314.40 	          P 
     25.00      10.1483     317.07 	          P 
     30.00       8.8212     359.07 	          P 
     35.00       8.5788     402.62 	          P 
     40.00       8.2632     444.75 	          P 
     45.00       7.9203     485.22 	          P 
     50.00       7.5634     523.93 	          P 
     55.00       7.2042     560.85 	          P 
     60.00       6.8438     595.97 	          P 
     65.00       6.4825     629.29 	          P 
     70.00       6.1199     660.79 	          P 
     75.00       5.7524     690.48 	          P 
     80.00       5.3771     718.31 	          P 
     85.00       4.9894     744.23 	          P 
     90.00       4.6542     768.19 	          P 
     95.00       4.5409     791.18 	          P 
    100.00       4.4389     813.54 	      Pdiff 
    105.00       4.4389     835.74 	      Pdiff 
    110.00       4.4389     857.93 	      Pdiff 
    115.00       4.4389     880.12 	      Pdiff 
    120.00       4.4389     902.32 	      Pdiff 
    125.00       4.4389     924.51 	      Pdiff 
    130.00       4.4389     946.71 	      Pdiff 
    135.00       4.4389     968.90 	      Pdiff 
    140.00       4.4389     991.10 	      Pdiff 
    110.00     110.00 	 P 	 depth
     20.00      10.7956     263.81 	          P 
     20.00       9.2157     267.71 	          P 
     25.00       9.0656     313.48 	          P 
     25.00      10.1329     316.24 	          P 
     30.00       8.8184     358.13 	          P 
     35.00       8.5745     401.66 	          P 
     40.00       8.2586     443.76 	          P 
     45.00       7.9157     484.21 	          P 
     50.00       7.5590     522.90 	          P 
     55.00       7.2001     559.80 	          P 
     60.00       6.8400     594.90 	          P 
     65.00       6.4789     628.19 	          P 
     70.00       6.1165     659.68 	          P 
     75.00       5.7492     689.35 	          P 
     80.00       5.3741     717.16 	          P 
     85.00       4.9868     743.07 	          P 
     90.00       4.6533     767.02 	          P 
     95.00       4.5399     790.01 	          P 
    100.00       4.4389     812.37 	      Pdiff 
    105.00       4.4389     834.56 	      Pdiff 
    110.00       4.4389     856.76 	      Pdiff 
    115.00       4.4389     878.95 	      Pdiff 
    120.00       4.4389     901.14 	      Pdiff 
    125.00       4.4389     923.34 	      Pdiff 
    130.00       4.4389     945.53 	      Pdiff 
    135.00       4.4389     967.73 	      Pdiff 
    140.00       4.4389     989.92 	      Pdiff 
    120.00     120.00 	 P 	 depth
     20.00      10.7833     263.06 	          P 
     20.00       9.2144     266.80 	          P 
     25.00       9.0619     312.55 	          P 
     25.00      10.1174     315.41 	          P 
     30.00       8.8156     357.18 	          P 
     35.00       8.5701     400.70 	          P 
     40.00       8.2539     442.77 	          P 
     45.00       7.9111     483.20 	          P 
     50.00       7.5546     521.86 	          P 
     55.00       7.1960     558.74 	          P 
     60.00       6.8362     593.82 	          P 
     65.00       6.4753     627.10 	          P 
     70.00       6.1132     658.57 	          P 
     75.00       5.7461     688.23 	          P 
     80.00       5.3711     716.02 	          P 
     85.00       4.9842     741.91 	          P 
     90.00       4.6524     765.85 	          P 
     95.00       4.5389     788.84 	          P 
    100.00       4.4389     811.19 	      Pdiff 
    105.00       4.4389     833.39 	      Pdiff 
    110.00       4.4389     855.58 	      Pdiff 
    115.00       4.4389     877.78 	      Pdiff 
    120.00       4.4389     899.97 	      Pdiff 
    125.00       4.4389     922.16 	      Pdiff 
    130.00       4.4389     944.36 	      Pdiff 
    135.00       4.4389     966.55 	      Pdiff 
    140.00       4.4389     988.75 	      Pdiff 
    130.00     130.00 	 P 	 depth
     20.00      10.7707     262.31 	          P 
     20.00       9.2131     265.89 	          P 
     25.00       9.0582     311.63 	          P 
     25.00      10.1020     314.59 	          P 
     30.00       8.8128     356.24 	          P 
     35.00       8.5657     399.74 	          P 
     40.00       8.2492     441.79 	          P 
     45.00       7.9064     482.19 	          P 
     50.00       7.5501     520.84 	          P 
     55.00       7.1918     557.69 	          P 
     60.00       6.8323     592.75 	          P 
     65.00       6.4717     626.01 	          P 
     70.00       6.1098     657.47 	          P 
     75.00       5.7429     687.10 	          P 
     80.00       5.3681     714.89 	          P 
     85.00       4.9816     740.76 	          P 
     90.00       4.6516     764.69 	          P 
     95.00       4.5379     787.67 	          P 
    100.00       4.4389     810.02 	      Pdiff 
    105.00       4.4389     832.22 	      Pdiff 
    110.00       4.4389     854.41 	      Pdiff 
    115.00       4.4389     876.60 	      Pdiff 
    120.00       4.4389     898.80 	      Pdiff 
    125.00       4.4389     920.99 	      Pdiff 
    130.00       4.4389     943.19 	      Pdiff 
    135.00       4.4389     965.38 	      Pdiff 
    140.00       4.4389     987.58 	      Pdiff 
    140.00     140.00 	 P 	 depth
     20.00      10.7578     261.57 	          P 
     20.00       9.2117     264.99 	          P 
     25.00       9.0545     310.72 	          P 
     25.00      10.0863     313.77 	          P 
     30.00       8.8099     355.31 	          P 
     35.00       8.5613     398.78 	          P 
     40.00       8.2445     440.82 	          P 
     45.00       7.9017     481.19 	          P 
     50.00       7.5456     519.81 	          P 
     55.00       7.1876     556.65 	          P 
     60.00       6.8284     591.69 	          P 
     65.00       6.4680     624.93 	          P 
     70.00       6.1064     656.37 	          P 
     75.00       5.7396     685.99 	          P 
     80.00       5.3651     713.75 	          P 
     85.00       4.9789     739.61 	          P 
     90.00       4.6507     763.53 	          P 
     95.00       4.5369     786.51 	          P 
    100.00       4.4389     808.85 	      Pdiff 
    105.00       4.4389     831.05 	      Pdiff 
    110.00       4.4389     853.24 	      Pdiff 
    115.00       4.4389     875.44 	      Pdiff 
    120.00       4.4389     897.63 	      Pdiff 
    125.00       4.4389     919.83 	      Pdiff 
    130.00       4.4389     942.02 	      Pdiff 
    135.00       4.4389     964.22 	      Pdiff 
    140.00       4.4389     986.41 	      Pdiff 
    150.00     150.00 	 P 	 depth
     20.00      10.7445     260.83 	          P 
     20.00       9.2103     264.09 	          P 
     25.00       9.0505     309.81 	          P 
     25.00      10.0706     312.96 	          P 
     30.00       8.8070     354.38 	          P 
     35.00       8.5568     397.84 	          P 
     40.00       8.2398     439.85 	          P 
     45.00       7.8970     480.20 	          P 
     50.00       7.5411     518.80 	          P 
     55.00       7.1834     555.61 	          P 
     60.00       6.8245     590.63 	          P 
     65.00       6.4643     623.85 	          P 
     70.00       6.1029     655.27 	          P 
     75.00       5.7364     684.87 	          P 
     80.00       5.3620     712.62 	          P 
     85.00       4.9763     738.47 	          P 
     90.00       4.6498     762.37 	          P 
     95.00       4.5359     785.35 	          P 
    100.00       4.4389     807.69 	      Pdiff 
    105.00       4.4389     829.89 	      Pdiff 
    110.00       4.4389     852.08 	      Pdiff 
    115.00       4.4389     874.28 	      Pdiff 
    120.00       4.4389     896.47 	      Pdiff 
    125.00       4.4389     918.67 	      Pdiff 
    130.00       4.4389     940.86 	      Pdiff 
    135.00       4.4389     963.05 	      Pdiff 
    140.00       4.4389     985.25 	      Pdiff 
    160.00     160.00 	 P 	 depth
     20.00      10.7309     260.11 	          P 
     20.00       9.2088     263.21 	          P 
     25.00       9.0465     308.91 	          P 
     25.00      10.0547     312.16 	          P 
     30.00       8.8041     353.46 	          P 
     35.00       8.5522     396.90 	          P 
     40.00       8.2350     438.88 	          P 
     45.00       7.8922     479.21 	          P 
     50.00       7.5366     517.78 	          P 
     55.00       7.1792     554.58 	          P 
     60.00       6.8205     589.57 	          P 
     65.00       6.4607     622.78 	          P 
     70.00       6.0995     654.18 	          P 
     75.00       5.7332     683.77 	          P 
     80.00       5.3589     711.50 	          P 
     85.00       4.9736     737.33 	          P 
     90.00       4.6489     761.22 	          P 
     95.00       4.5349     784.20 	          P 
    100.00       4.4389     806.54 	      Pdiff 
    105.00       4.4389     828.73 	      Pdiff 
    110.00       4.4389     850.92 	      Pdiff 
    115.00       4.4389     873.12 	      Pdiff 
    120.00       4.4389     895.31 	      Pdiff 
    125.00       4.4389     917.51 	      Pdiff 
    130.00       4.4389     939.70 	      Pdiff 
    135.00       4.4389     961.90 	      Pdiff 
    140.00       4.4389     984.09 	      Pdiff 
    170.00     170.00 	 P 	 depth
     20.00      10.7170     259.39 	          P 
     20.00       9.2072     262.33 	          P 
     25.00       9.0423     308.02 	          P 
     25.00      10.0385     311.36 	          P 
     30.00       8.8011     352.55 	          P 
     35.00       8.5476     395.96 	          P 
     40.00       8.2302     437.92 	          P 
     45.00       7.8874     478.23 	          P 
     50.00       7.5320     516.78 	          P 
     55.00       7.1749     553.55 	          P 
     60.00       6.8165     588.53 	          P 
     65.00       6.4569     621.71 	          P 
     70.00       6.0960     653.09 	          P 
     75.00       5.7299     682.66 	          P 
     80.00       5.3558     710.38 	          P 
     85.00       4.9710     736.20 	          P 
     90.00       4.6480     760.08 	          P 
     95.00       4.5338     783.05 	          P 
    100.00       4.4389     805.38 	      Pdiff 
    105.00       4.4389     827.58 	      Pdiff 
    110.00       4.4389     849.77 	      Pdiff 
    115.00       4.4389     871.97 	      Pdiff 
    120.00       4.4389     894.16 	      Pdiff 
    125.00       4.4389     916.36 	      Pdiff 
    130.00       4.4389     938.55 	      Pdiff 
    135.00       4.4389     960.74 	      Pdiff 
    140.00       4.4389     982.94 	      Pdiff 
    180.00     180.00 	 P 	 depth
     20.00      10.7028     258.68 	          P 
     20.00       9.2056     261.46 	          P 
     25.00       9.0379     307.13 	          P 
     25.00      10.0220     310.57 	          P 
     30.00       8.7980     351.64 	          P 
     35.00       8.5430     395.03 	          P 
     40.00       8.2253     436.97 	          P 
     45.00       7.8826     477.25 	          P 
     50.00       7.5274     515.78 	          P 
     55.00       7.1706     552.52 	          P 
     60.00       6.8125     587.48 	          P 
     65.00       6.4532     620.65 	          P 
     70.00       6.0925     652.01 	          P 
     75.00       5.7266     681.56 	          P 
     80.00       5.3527     709.27 	          P 
     85.00       4.9683     735.07 	          P 
     90.00       4.6471     758.94 	          P 
     95.00       4.5328     781.90 	          P 
    100.00       4.4389     804.23 	      Pdiff 
    105.00       4.4389     826.43 	      Pdiff 
    110.00       4.4389     848.62 	      Pdiff 
    115.00       4.4389     870.82 	      Pdiff 
    120.00       4.4389     893.01 	      Pdiff 
    125.00       4.4389     915.21 	      Pdiff 
    130.00       4.4389     937.40 	      Pdiff 
    135.00       4.4389     959.60 	      Pdiff 
    140.00       4.4389     981.79 	      Pdiff 
    190.00     190.00 	 P 	 depth
     20.00      10.6881     257.98 	          P 
     20.00       9.2039     260.59 	          P 
     25.00       9.0333     306.25 	          P 
     25.00      10.0051     309.79 	          P 
     30.00       8.7948     350.74 	          P 
     35.00       8.5383     394.11 	          P 
     40.00       8.2204     436.02 	          P 
     45.00       7.8777     476.28 	          P 
     50.00       7.5228     514.78 	          P 
     55.00       7.1663     551.51 	          P 
     60.00       6.8085     586.44 	          P 
     65.00       6.4494     619.59 	          P 
     70.00       6.0890     650.94 	          P 
     75.00       5.7233     680.47 	          P 
     80.00       5.3496     708.16 	          P 
     85.00       4.9657     733.94 	          P 
     90.00       4.6463     757.80 	          P 
     95.00       4.5317     780.76 	          P 
    100.00       4.4389     803.09 	      Pdiff 
    105.00       4.4389     825.29 	      Pdiff 
    110.00       4.4389     847.48 	      Pdiff 
    115.00       4.4389     869.67 	      Pdiff 
    120.00       4.4389     891.87 	      Pdiff 
    125.00       4.4389     914.06 	      Pdiff 
    130.00       4.4389     936.26 	      Pdiff 
    135.00       4.4389     958.45 	      Pdiff 
    140.00       4.4389     980.65 	      Pdiff 
    200.00     200.00 	 P 	 depth
     20.00      10.6732     257.28 	          P 
     20.00       9.2021     259.73 	          P 
     25.00       9.0286     305.37 	          P 
     25.00       9.9879     309.01 	          P 
     30.00       8.7916     349.84 	          P 
     35.00       8.5335     393.19 	          P 
     40.00       8.2155     435.08 	          P 
     45.00       7.8728     475.31 	          P 
     50.00       7.5182     513.79 	          P 
     55.00       7.1619     550.49 	          P 
     60.00       6.8044     585.41 	          P 
     65.00       6.4456     618.54 	          P 
     70.00       6.0854     649.87 	          P 
     75.00       5.7199     679.38 	          P 
     80.00       5.3464     707.05 	          P 
     85.00       4.9630     732.82 	          P 
     90.00       4.6454     756.67 	          P 
     95.00       4.5307     779.63 	          P 
    100.00       4.4389     801.95 	      Pdiff 
    105.00       4.4389     824.15 	      Pdiff 
    110.00       4.4389     846.34 	      Pdiff 
    115.00       4.4389     868.54 	      Pdiff 
    120.00       4.4389     890.73 	      Pdiff 
    125.00       4.4389     912.93 	      Pdiff 
    130.00       4.4389     935.12 	      Pdiff 
    135.00       4.4389     957.31 	      Pdiff 
    140.00       4.4389     979.51 	      Pdiff 
    210.00     210.00 	 P 	 depth
     20.00      10.6579     256.59 	          P 
     20.00       9.2003     258.88 	          P 
     25.00       9.0236     304.50 	          P 
     25.00       9.9703     308.23 	          P 
     30.00       8.7883     348.95 	          P 
     35.00       8.5287     392.28 	          P 
     40.00       8.2105     434.15 	          P 
     45.00       7.8678     474.35 	          P 
     50.00       7.5135     512.81 	          P 
     55.00       7.1575     549.49 	          P 
     60.00       6.8004     584.38 	          P 
     65.00       6.4418     617.49 	          P 
     70.00       6.0819     648.80 	          P 
     75.00       5.7165     678.30 	          P 
     80.00       5.3432     705.95 	          P 
     85.00       4.9603     731.71 	          P 
     90.00       4.6445     755.54 	          P 
     95.00       4.5296     778.49 	          P 
    100.00       4.4389     800.82 	      Pdiff 
    105.00       4.4389     823.01 	      Pdiff 
    110.00       4.4389     845.21 	      Pdiff 
    115.00       4.4389     867.40 	      Pdiff 
    120.00       4.4389     889.60 	      Pdiff 
    125.00       4.4389     911.79 	      Pdiff 
    130.00       4.4389     933.99 	      Pdiff 
    135.00       4.4389     956.18 	      Pdiff 
    140.00       4.4389     978.37 	      Pdiff 
    220.00     220.00 	 P 	 depth
     20.00      10.6422     255.91 	          P 
     20.00       9.1984     258.04 	          P 
     25.00       9.0185     303.64 	          P 
     25.00       9.9524     307.47 	          P 
     30.00       8.7849     348.07 	          P 
     35.00       8.5239     391.38 	          P 
     40.00       8.2054     433.22 	          P 
     45.00       7.8628     473.40 	          P 
     50.00       7.5087     511.83 	          P 
     55.00       7.1531     548.49 	          P 
     60.00       6.7962     583.36 	          P 
     65.00       6.4380     616.45 	          P 
     70.00       6.0783     647.74 	          P 
     75.00       5.7132     677.22 	          P 
     80.00       5.3401     704.86 	          P 
     85.00       4.9576     730.60 	          P 
     90.00       4.6436     754.42 	          P 
     95.00       4.5285     777.37 	          P 
    100.00       4.4389     799.69 	      Pdiff 
    105.00       4.4389     821.88 	      Pdiff 
    110.00       4.4389     844.08 	      Pdiff 
    115.00       4.4389     866.27 	      Pdiff 
    120.00       4.4389     888.47 	      Pdiff 
    125.00       4.4389     910.66 	      Pdiff 
    130.00       4.4389     932.86 	      Pdiff 
    135.00       4.4389     955.05 	      Pdiff 
    140.00       4.4389     977.25 	      Pdiff 
    230.00     230.00 	 P 	 depth
     20.00      10.6262     255.24 	          P 
     20.00       9.1965     257.20 	          P 
     25.00       9.0131     302.79 	          P 
     25.00       9.9340     306.71 	          P 
     30.00       8.7814     347.20 	          P 
     35.00       8.5190     390.49 	          P 
     40.00       8.2003     432.30 	          P 
     45.00       7.8577     472.45 	          P 
     50.00       7.5040     510.86 	          P 
     55.00       7.1487     547.49 	          P 
     60.00       6.7921     582.34 	          P 
     65.00       6.4341     615.41 	          P 
     70.00       6.0747     646.68 	          P 
     75.00       5.7097     676.15 	          P 
     80.00       5.3368     703.77 	          P 
     85.00       4.9549     729.49 	          P 
     90.00       4.6427     753.30 	          P 
     95.00       4.5275     776.25 	          P 
    100.00       4.4389     798.57 	      Pdiff 
    105.00       4.4389     820.76 	      Pdiff 
    110.00       4.4389     842.96 	      Pdiff 
    115.00       4.4389     865.15 	      Pdiff 
    120.00       4.4389     887.34 	      Pdiff 
    125.00       4.4389     909.54 	      Pdiff 
    130.00       4.4389     931.73 	      Pdiff 
    135.00       4.4389     953.93 	      Pdiff 
    140.00       4.4389     976.12 	      Pdiff 
    240.00     240.00 	 P 	 depth
     20.00      10.6097     254.58 	          P 
     20.00       9.1944     256.37 	          P 
     25.00       9.0074     301.95 	          P 
     25.00       9.9153     305.96 	          P 
     30.00       8.7778     346.34 	          P 
     35.00       8.5140     389.60 	          P 
     40.00       8.1951     431.39 	          P 
     45.00       7.8526     471.51 	          P 
     50.00       7.4992     509.89 	          P 
     55.00       7.1442     546.51 	          P 
     60.00       6.7879     581.34 	          P 
     65.00       6.4302     614.38 	          P 
     70.00       6.0710     645.64 	          P 
     75.00       5.7063     675.08 	          P 
     80.00       5.3336     702.69 	          P 
     85.00       4.9522     728.40 	          P 
     90.00       4.6418     752.19 	          P 
     95.00       4.5264     775.13 	          P 
    100.00       4.4389     797.45 	      Pdiff 
    105.00       4.4389     819.64 	      Pdiff 
    110.00       4.4389     841.84 	      Pdiff 
    115.00       4.4389     864.03 	      Pdiff 
    120.00       4.4389     886.23 	      Pdiff 
    125.00       4.4389     908.42 	      Pdiff 
    130.00       4.4389     930.62 	      Pdiff 
    135.00       4.4389     952.81 	      Pdiff 
    140.00       4.4389     975.01 	      Pdiff 
    250.00     250.00 	 P 	 depth
     20.00      10.5928     253.93 	          P 
     20.00       9.1923     255.56 	          P 
     25.00       9.0015     301.11 	          P 
     25.00       9.8961     305.22 	          P 
     30.00       8.7741     345.48 	          P 
     35.00       8.5090     388.72 	          P 
     40.00       8.1899     430.48 	          P 
     45.00       7.8475     470.58 	          P 
     50.00       7.4943     508.94 	          P 
     55.00       7.1396     545.52 	          P 
     60.00       6.7837     580.33 	          P 
     65.00       6.4263     613.36 	          P 
     70.00       6.0673     644.59 	          P 
     75.00       5.7028     674.02 	          P 
     80.00       5.3303     701.61 	          P 
     85.00       4.9494     727.30 	          P 
     90.00       4.6409     751.09 	          P 
     95.00       4.5253     774.03 	          P 
    100.00       4.4389     796.34 	      Pdiff 
    105.00       4.4389     818.53 	      Pdiff 
    110.00       4.4389     840.73 	      Pdiff 
    115.00       4.4389     862.92 	      Pdiff 
    120.00       4.4389     885.12 	      Pdiff 
    125.00       4.4389     907.31 	      Pdiff 
    130.00       4.4389     929.50 	      Pdiff 
    135.00       4.4389     951.70 	      Pdiff 
    140.00       4.4389     973.89 	      Pdiff 
    260.00     260.00 	 P 	 depth
     20.00      10.5754     253.28 	          P 
     20.00       9.1901     254.75 	          P 
     25.00       8.9952     300.28 	          P 
     25.00       9.8764     304.49 	          P 
     30.00       8.7704     344.63 	          P 
     35.00       8.5039     387.85 	          P 
     40.00       8.1846     429.58 	          P 
     45.00       7.8423     469.65 	          P 
     50.00       7.4895     507.99 	          P 
     55.00       7.1351     544.55 	          P 
     60.00       6.7794     579.34 	          P 
     65.00       6.4223     612.34 	          P 
     70.00       6.0636     643.56 	          P 
     75.00       5.6993     672.97 	          P 
     80.00       5.3270     700.54 	          P 
     85.00       4.9467     726.22 	          P 
     90.00       4.6400     749.99 	          P 
     95.00       4.5241     772.92 	          P 
    100.00       4.4389     795.23 	      Pdiff 
    105.00       4.4389     817.43 	      Pdiff 
    110.00       4.4389     839.62 	      Pdiff 
    115.00       4.4389     861.81 	      Pdiff 
    120.00       4.4389     884.01 	      Pdiff 
    125.00       4.4389     906.20 	      Pdiff 
    130.00       4.4389     928.40 	      Pdiff 
    135.00       4.4389     950.59 	      Pdiff 
    140.00       4.4389     972.79 	      Pdiff 
    270.00     270.00 	 P 	 depth
     20.00      10.5577     252.65 	          P 
     20.00       9.1878     253.95 	          P 
     25.00       8.9886     299.46 	          P 
     25.00       9.8563     303.76 	          P 
     30.00       8.7665     343.79 	          P 
     35.00       8.4987     386.98 	          P 
     40.00       8.1793     428.69 	          P 
     45.00       7.8371     468.74 	          P 
     50.00       7.4845     507.04 	          P 
     55.00       7.1304     543.58 	          P 
     60.00       6.7751     578.35 	          P 
     65.00       6.4183     611.33 	          P 
     70.00       6.0599     642.53 	          P 
     75.00       5.6958     671.92 	          P 
     80.00       5.3237     699.47 	          P 
     85.00       4.9439     725.14 	          P 
     90.00       4.6391     748.90 	          P 
     95.00       4.5230     771.83 	          P 
    100.00       4.4389     794.13 	      Pdiff 
    105.00       4.4389     816.33 	      Pdiff 
    110.00       4.4389     838.52 	      Pdiff 
    115.00       4.4389     860.71 	      Pdiff 
    120.00       4.4389     882.91 	      Pdiff 
    125.00       4.4389     905.10 	      Pdiff 
    130.00       4.4389     927.30 	      Pdiff 
    135.00       4.4389     949.49 	      Pdiff 
    140.00       4.4389     971.69 	      Pdiff 
    280.00     280.00 	 P 	 depth
     20.00      10.5396     252.03 	          P 
     20.00       9.1854     253.15 	          P 
     25.00       8.9817     298.65 	          P 
     25.00       9.8358     303.04 	          P 
     30.00       8.7624     342.96 	          P 
     35.00       8.4935     386.12 	          P 
     40.00       8.1738     427.81 	          P 
     45.00       7.8318     467.83 	          P 
     50.00       7.4796     506.11 	          P 
     55.00       7.1258     542.62 	          P 
     60.00       6.7708     577.36 	          P 
     65.00       6.4143     610.33 	          P 
     70.00       6.0561     641.50 	          P 
     75.00       5.6923     670.88 	          P 
     80.00       5.3204     698.42 	          P 
     85.00       4.9412     724.06 	          P 
     90.00       4.6382     747.81 	          P 
     95.00       4.5219     770.73 	          P 
    100.00       4.4389     793.04 	      Pdiff 
    105.00       4.4389     815.23 	      Pdiff 
    110.00       4.4389     837.43 	      Pdiff 
    115.00       4.4389     859.62 	      Pdiff 
    120.00       4.4389     881.81 	      Pdiff 
    125.00       4.4389     904.01 	      Pdiff 
    130.00       4.4389     926.20 	      Pdiff 
    135.00       4.4389     948.40 	      Pdiff 
    140.00       4.4389     970.59 	      Pdiff 
    290.00     290.00 	 P 	 depth
     20.00      10.5210     251.41 	          P 
     20.00       9.1829     252.37 	          P 
     25.00       8.9743     297.85 	          P 
     25.00       9.8148     302.33 	          P 
     30.00       8.7583     342.13 	          P 
     35.00       8.4882     385.27 	          P 
     40.00       8.1684     426.93 	          P 
     45.00       7.8264     466.92 	          P 
     50.00       7.4746     505.18 	          P 
     55.00       7.1211     541.67 	          P 
     60.00       6.7664     576.39 	          P 
     65.00       6.4102     609.33 	          P 
     70.00       6.0523     640.49 	          P 
     75.00       5.6887     669.84 	          P 
     80.00       5.3170     697.36 	          P 
     85.00       4.9384     722.99 	          P 
     90.00       4.6373     746.73 	          P 
     95.00       4.5207     769.65 	          P 
    100.00       4.4389     791.95 	      Pdiff 
    105.00       4.4389     814.14 	      Pdiff 
    110.00       4.4389     836.34 	      Pdiff 
    115.00       4.4389     858.53 	      Pdiff 
    120.00       4.4389     880.73 	      Pdiff 
    125.00       4.4389     902.92 	      Pdiff 
    130.00       4.4389     925.12 	      Pdiff 
    135.00       4.4389     947.31 	      Pdiff 
    140.00       4.4389     969.50 	      Pdiff 
    300.00     300.00 	 P 	 depth
     20.00      10.5020     250.81 	          P 
     20.00       9.1803     251.60 	          P 
     25.00       8.9665     297.05 	          P 
     25.00       9.7933     301.63 	          P 
     30.00       8.7541     341.31 	          P 
     35.00       8.4828     384.43 	          P 
     40.00       8.1628     426.06 	          P 
     45.00       7.8210     466.02 	          P 
     50.00       7.4695     504.25 	          P 
     55.00       7.1164     540.72 	          P 
     60.00       6.7620     575.42 	          P 
     65.00       6.4061     608.34 	          P 
     70.00       6.0485     639.48 	          P 
     75.00       5.6851     668.81 	          P 
     80.00       5.3136     696.31 	          P 
     85.00       4.9356     721.93 	          P 
     90.00       4.6364     745.65 	          P 
     95.00       4.5196     768.57 	          P 
    100.00       4.4389     790.86 	      Pdiff 
    105.00       4.4389     813.06 	      Pdiff 
    110.00       4.4389     835.25 	      Pdiff 
    115.00       4.4389     857.45 	      Pdiff 
    120.00       4.4389     879.64 	      Pdiff 
    125.00       4.4389     901.84 	      Pdiff 
    130.00       4.4389     924.03 	      Pdiff 
    135.00       4.4389     946.23 	      Pdiff 
    140.00       4.4389     968.42 	      Pdiff 
    310.00     310.00 	 P 	 depth
     20.00      10.4826     250.21 	          P 
     20.00       9.1776     250.83 	          P 
     25.00       8.9591     296.27 	          P 
     30.00       8.7497     340.51 	          P 
     35.00       8.4774     383.60 	          P 
     40.00       8.1572     425.20 	          P 
     45.00       7.8156     465.13 	          P 
     50.00       7.4644     503.34 	          P 
     55.00       7.1116     539.78 	          P 
     60.00       6.7576     574.45 	          P 
     65.00       6.4020     607.35 	          P 
     70.00       6.0446     638.47 	          P 
     75.00       5.6815     667.79 	          P 
     80.00       5.3102     695.27 	          P 
     85.00       4.9328     720.87 	          P 
     90.00       4.6355     744.58 	          P 
     95.00       4.5184     767.49 	          P 
    100.00       4.4389     789.79 	      Pdiff 
    105.00       4.4389     811.98 	      Pdiff 
    110.00       4.4389     834.18 	      Pdiff 
    115.00       4.4389     856.37 	      Pdiff 
    120.00       4.4389     878.56 	      Pdiff 
    125.00       4.4389     900.76 	      Pdiff 
    130.00       4.4389     922.95 	      Pdiff 
    135.00       4.4389     945.15 	      Pdiff 
    140.00       4.4389     967.34 	      Pdiff 
    320.00     320.00 	 P 	 depth
     20.00      10.4628     249.62 	          P 
     20.00       9.1748     250.08 	          P 
     25.00       8.9523     295.49 	          P 
     30.00       8.7451     339.70 	          P 
     35.00       8.4719     382.77 	          P 
     40.00       8.1515     424.34 	          P 
     45.00       7.8101     464.25 	          P 
     50.00       7.4593     502.43 	          P 
     55.00       7.1068     538.84 	          P 
     60.00       6.7531     573.49 	          P 
     65.00       6.3978     606.37 	          P 
     70.00       6.0407     637.47 	          P 
     75.00       5.6778     666.77 	          P 
     80.00       5.3068     694.24 	          P 
     85.00       4.9299     719.82 	          P 
     90.00       4.6346     743.52 	          P 
     95.00       4.5173     766.42 	          P 
    100.00       4.4389     788.71 	      Pdiff 
    105.00       4.4389     810.91 	      Pdiff 
    110.00       4.4389     833.10 	      Pdiff 
    115.00       4.4389     855.30 	      Pdiff 
    120.00       4.4389     877.49 	      Pdiff 
    125.00       4.4389     899.69 	      Pdiff 
    130.00       4.4389     921.88 	      Pdiff 
    135.00       4.4389     944.08 	      Pdiff 
    140.00       4.4389     966.27 	      Pdiff 
    330.00     330.00 	 P 	 depth
     20.00      10.4425     249.05 	          P 
     20.00       9.1719     249.33 	          P 
     25.00       8.9458     294.71 	          P 
     30.00       8.7404     338.91 	          P 
     35.00       8.4663     381.95 	          P 
     40.00       8.1458     423.49 	          P 
     45.00       7.8045     463.38 	          P 
     50.00       7.4541     501.52 	          P 
     55.00       7.1019     537.92 	          P 
     60.00       6.7486     572.54 	          P 
     65.00       6.3936     605.40 	          P 
     70.00       6.0368     636.48 	          P 
     75.00       5.6741     665.76 	          P 
     80.00       5.3033     693.21 	          P 
     85.00       4.9270     718.77 	          P 
     90.00       4.6337     742.46 	          P 
     95.00       4.5161     765.36 	          P 
    100.00       4.4389     787.65 	      Pdiff 
    105.00       4.4389     809.84 	      Pdiff 
    110.00       4.4389     832.04 	      Pdiff 
    115.00       4.4389     854.23 	      Pdiff 
    120.00       4.4389     876.43 	      Pdiff 
    125.00       4.4389     898.62 	      Pdiff 
    130.00       4.4389     920.81 	      Pdiff 
    135.00       4.4389     943.01 	      Pdiff 
    140.00       4.4389     965.20 	      Pdiff 
    340.00     340.00 	 P 	 depth
     20.00      10.4218     248.48 	          P 
     20.00       9.1689     248.59 	          P 
     25.00       8.9396     293.95 	          P 
     30.00       8.7356     338.13 	          P 
     35.00       8.4606     381.14 	          P 
     40.00       8.1399     422.65 	          P 
     45.00       7.7989     462.51 	          P 
     50.00       7.4489     500.63 	          P 
     55.00       7.0970     536.99 	          P 
     60.00       6.7441     571.60 	          P 
     65.00       6.3894     604.43 	          P 
     70.00       6.0328     635.49 	          P 
     75.00       5.6704     664.75 	          P 
     80.00       5.2998     692.18 	          P 
     85.00       4.9241     717.73 	          P 
     90.00       4.6328     741.40 	          P 
     95.00       4.5149     764.30 	          P 
    100.00       4.4389     786.59 	      Pdiff 
    105.00       4.4389     808.78 	      Pdiff 
    110.00       4.4389     830.97 	      Pdiff 
    115.00       4.4389     853.17 	      Pdiff 
    120.00       4.4389     875.36 	      Pdiff 
    125.00       4.4389     897.56 	      Pdiff 
    130.00       4.4389     919.75 	      Pdiff 
    135.00       4.4389     941.95 	      Pdiff 
    140.00       4.4389     964.14 	      Pdiff 
    350.00     350.00 	 P 	 depth
     20.00       9.1657     247.86 	          P 
     20.00      10.4007     247.92 	          P 
     25.00       8.9336     293.19 	          P 
     30.00       8.7306     337.35 	          P 
     35.00       8.4549     380.34 	          P 
     40.00       8.1341     421.82 	          P 
     45.00       7.7933     461.64 	          P 
     50.00       7.4436     499.74 	          P 
     55.00       7.0921     536.08 	          P 
     60.00       6.7395     570.66 	          P 
     65.00       6.3852     603.47 	          P 
     70.00       6.0289     634.51 	          P 
     75.00       5.6667     663.75 	          P 
     80.00       5.2963     691.16 	          P 
     85.00       4.9210     716.69 	          P 
     90.00       4.6318     740.36 	          P 
     95.00       4.5137     763.25 	          P 
    100.00       4.4389     785.53 	      Pdiff 
    105.00       4.4389     807.72 	      Pdiff 
    110.00       4.4389     829.92 	      Pdiff 
    115.00       4.4389     852.11 	      Pdiff 
    120.00       4.4389     874.31 	      Pdiff 
    125.00       4.4389     896.50 	      Pdiff 
    130.00       4.4389     918.70 	      Pdiff 
    135.00       4.4389     940.89 	      Pdiff 
    140.00       4.4389     963.09 	      Pdiff 
    360.00     360.00 	 P 	 depth
     20.00       9.1624     247.14 	          P 
     20.00      10.3791     247.37 	          P 
     25.00       8.9278     292.45 	          P 
     30.00       8.7254     336.58 	          P 
     35.00       8.4491     379.54 	          P 
     40.00       8.1281     420.99 	          P 
     45.00       7.7876     460.79 	          P 
     50.00       7.4382     498.85 	          P 
     55.00       7.0871     535.17 	          P 
     60.00       6.7349     569.72 	          P 
     65.00       6.3809     602.51 	          P 
     70.00       6.0248     633.53 	          P 
     75.00       5.6629     662.75 	          P 
     80.00       5.2928     690.15 	          P 
     85.00       4.9179     715.66 	          P 
     90.00       4.6309     739.31 	          P 
     95.00       4.5125     762.20 	          P 
    100.00       4.4389     784.48 	      Pdiff 
    105.00       4.4389     806.67 	      Pdiff 
    110.00       4.4389     828.87 	      Pdiff 
    115.00       4.4389     851.06 	      Pdiff 
    120.00       4.4389     873.26 	      Pdiff 
    125.00       4.4389     895.45 	      Pdiff 
    130.00       4.4389     917.65 	      Pdiff 
    135.00       4.4389     939.84 	      Pdiff 
    140.00       4.4389     962.04 	      Pdiff 
    370.00     370.00 	 P 	 depth
     20.00       9.1590     246.42 	          P 
     20.00      10.3571     246.82 	          P 
     25.00       8.9222     291.71 	          P 
     30.00       8.7200     335.82 	          P 
     35.00       8.4432     378.75 	          P 
     40.00       8.1221     420.17 	          P 
     45.00       7.7818     459.94 	          P 
     50.00       7.4329     497.98 	          P 
     55.00       7.0821     534.26 	          P 
     60.00       6.7302     568.80 	          P 
     65.00       6.3765     601.56 	          P 
     70.00       6.0208     632.56 	          P 
     75.00       5.6591     661.76 	          P 
     80.00       5.2892     689.14 	          P 
     85.00       4.9147     714.63 	          P 
     90.00       4.6300     738.27 	          P 
     95.00       4.5112     761.16 	          P 
    100.00       4.4389     783.43 	      Pdiff 
    105.00       4.4389     805.63 	      Pdiff 
    110.00       4.4389     827.82 	      Pdiff 
    115.00       4.4389     850.02 	      Pdiff 
    120.00       4.4389     872.21 	      Pdiff 
    125.00       4.4389     894.41 	      Pdiff 
    130.00       4.4389     916.60 	      Pdiff 
    135.00       4.4389     938.80 	      Pdiff 
    140.00       4.4389     960.99 	      Pdiff 
    380.00     380.00 	 P 	 depth
     20.00       9.1554     245.72 	          P 
     20.00      10.3347     246.29 	          P 
     25.00       8.9168     290.97 	          P 
     30.00       8.7146     335.06 	          P 
     35.00       8.4373     377.97 	          P 
     40.00       8.1160     419.36 	          P 
     45.00       7.7760     459.10 	          P 
     50.00       7.4274     497.11 	          P 
     55.00       7.0770     533.37 	          P 
     60.00       6.7255     567.87 	          P 
     65.00       6.3722     600.62 	          P 
     70.00       6.0167     631.59 	          P 
     75.00       5.6553     660.78 	          P 
     80.00       5.2856     688.13 	          P 
     85.00       4.9115     713.61 	          P 
     90.00       4.6291     737.24 	          P 
     95.00       4.5100     760.12 	          P 
    100.00       4.4389     782.39 	      Pdiff 
    105.00       4.4389     804.59 	      Pdiff 
    110.00       4.4389     826.78 	      Pdiff 
    115.00       4.4389     848.98 	      Pdiff 
    120.00       4.4389     871.17 	      Pdiff 
    125.00       4.4389     893.37 	      Pdiff 
    130.00       4.4389     915.56 	      Pdiff 
    135.00       4.4389     937.75 	      Pdiff 
    140.00       4.4389     959.95 	      Pdiff 
    390.00     390.00 	 P 	 depth
     20.00       9.1516     245.02 	          P 
     20.00      10.3119     245.77 	          P 
     25.00       8.9114     290.25 	          P 
     30.00       8.7092     334.32 	          P 
     35.00       8.4312     377.19 	          P 
     40.00       8.1098     418.56 	          P 
     45.00       7.7701     458.26 	          P 
     50.00       7.4219     496.24 	          P 
     55.00       7.0719     532.48 	          P 
     60.00       6.7208     566.96 	          P 
     65.00       6.3678     599.68 	          P 
     70.00       6.0126     630.63 	          P 
     75.00       5.6514     659.80 	          P 
     80.00       5.2820     687.14 	          P 
     85.00       4.9082     712.60 	          P 
     90.00       4.6282     736.21 	          P 
     95.00       4.5088     759.09 	          P 
    100.00       4.4389     781.36 	      Pdiff 
    105.00       4.4389     803.55 	      Pdiff 
    110.00       4.4389     825.75 	      Pdiff 
    115.00       4.4389     847.94 	      Pdiff 
    120.00       4.4389     870.14 	      Pdiff 
    125.00       4.4389     892.33 	      Pdiff 
    130.00       4.4389     914.53 	      Pdiff 
    135.00       4.4389     936.72 	      Pdiff 
    140.00       4.4389     958.91 	      Pdiff 
    400.00     400.00 	 P 	 depth
     20.00       9.1478     244.34 	          P 
     20.00      10.2889     245.25 	          P 
     25.00       8.9062     289.53 	          P 
     30.00       8.7036     333.58 	          P 
     35.00       8.4251     376.43 	          P 
     40.00       8.1036     417.76 	          P 
     45.00       7.7642     457.43 	          P 
     50.00       7.4164     495.38 	          P 
     55.00       7.0668     531.59 	          P 
     60.00       6.7160     566.05 	          P 
     65.00       6.3633     598.75 	          P 
     70.00       6.0085     629.68 	          P 
     75.00       5.6475     658.82 	          P 
     80.00       5.2784     686.14 	          P 
     85.00       4.9047     711.59 	          P 
     90.00       4.6273     735.19 	          P 
     95.00       4.5075     758.06 	          P 
    100.00       4.4389     780.33 	      Pdiff 
    105.00       4.4389     802.52 	      Pdiff 
    110.00       4.4389     824.72 	      Pdiff 
    115.00       4.4389     846.91 	      Pdiff 
    120.00       4.4389     869.11 	      Pdiff 
    125.00       4.4389     891.30 	      Pdiff 
    130.00       4.4389     913.50 	      Pdiff 
    135.00       4.4389     935.69 	      Pdiff 
    140.00       4.4389     957.88 	      Pdiff 
    410.00     410.00 	 P 	 depth
     20.00       9.1437     243.66 	          P 
     20.00      10.2656     244.74 	          P 
     25.00       8.9010     288.83 	          P 
     30.00       8.6981     332.85 	          P 
     35.00       8.4188     375.67 	          P 
     40.00       8.0974     416.97 	          P 
     45.00       7.7582     456.61 	          P 
     50.00       7.4108     494.53 	          P 
     55.00       7.0616     530.71 	          P 
     60.00       6.7112     565.15 	          P 
     65.00       6.3589     597.82 	          P 
     70.00       6.0043     628.73 	          P 
     75.00       5.6436     657.86 	          P 
     80.00       5.2747     685.16 	          P 
     85.00       4.9012     710.58 	          P 
     90.00       4.6264     734.18 	          P 
     95.00       4.5062     757.04 	          P 
    100.00       4.4389     779.30 	      Pdiff 
    105.00       4.4389     801.50 	      Pdiff 
    110.00       4.4389     823.69 	      Pdiff 
    115.00       4.4389     845.89 	      Pdiff 
    120.00       4.4389     868.08 	      Pdiff 
    125.00       4.4389     890.28 	      Pdiff 
    130.00       4.4389     912.47 	      Pdiff 
    135.00       4.4389     934.67 	      Pdiff 
    140.00       4.4389     956.86 	      Pdiff 
    420.00     420.00 	 P 	 depth
     20.00       9.1390     243.05 	          P 
     20.00      10.2367     244.34 	          P 
     25.00       8.8954     288.19 	          P 
     30.00       8.6919     332.19 	          P 
     35.00       8.4120     374.97 	          P 
     40.00       8.0905     416.24 	          P 
     45.00       7.7517     455.85 	          P 
     50.00       7.4048     493.74 	          P 
     55.00       7.0560     529.89 	          P 
     60.00       6.7060     564.30 	          P 
     65.00       6.3541     596.95 	          P 
     70.00       5.9999     627.84 	          P 
     75.00       5.6395     656.94 	          P 
     80.00       5.2708     684.22 	          P 
     85.00       4.8975     709.63 	          P 
     90.00       4.6254     733.21 	          P 
     95.00       4.5049     756.06 	          P 
    100.00       4.4389     778.33 	      Pdiff 
    105.00       4.4389     800.52 	      Pdiff 
    110.00       4.4389     822.72 	      Pdiff 
    115.00       4.4389     844.91 	      Pdiff 
    120.00       4.4389     867.10 	      Pdiff 
    125.00       4.4389     889.30 	      Pdiff 
    130.00       4.4389     911.49 	      Pdiff 
    135.00       4.4389     933.69 	      Pdiff 
    140.00       4.4389     955.88 	      Pdiff 
    430.00     430.00 	 P 	 depth
     20.00       9.1341     242.46 	          P 
     20.00      10.2077     243.94 	          P 
     25.00       8.8899     287.56 	          P 
     30.00       8.6857     331.53 	          P 
     35.00       8.4050     374.29 	          P 
     40.00       8.0836     415.51 	          P 
     45.00       7.7452     455.09 	          P 
     50.00       7.3988     492.95 	          P 
     55.00       7.0504     529.08 	          P 
     60.00       6.7009     563.45 	          P 
     65.00       6.3494     596.08 	          P 
     70.00       5.9954     626.94 	          P 
     75.00       5.6353     656.02 	          P 
     80.00       5.2669     683.28 	          P 
     85.00       4.8936     708.67 	          P 
     90.00       4.6245     732.24 	          P 
     95.00       4.5036     755.09 	          P 
    100.00       4.4389     777.35 	      Pdiff 
    105.00       4.4389     799.55 	      Pdiff 
    110.00       4.4389     821.74 	      Pdiff 
    115.00       4.4389     843.94 	      Pdiff 
    120.00       4.4389     866.13 	      Pdiff 
    125.00       4.4389     888.33 	      Pdiff 
    130.00       4.4389     910.52 	      Pdiff 
    135.00       4.4389     932.72 	      Pdiff 
    140.00       4.4389     954.91 	      Pdiff 
    440.00     440.00 	 P 	 depth
     20.00       9.1290     241.87 	          P 
     20.00      10.1786     243.55 	          P 
     25.00       8.8845     286.94 	          P 
     30.00       8.6794     330.89 	          P 
     35.00       8.3979     373.60 	          P 
     40.00       8.0766     414.80 	          P 
     45.00       7.7386     454.34 	          P 
     50.00       7.3927     492.17 	          P 
     55.00       7.0448     528.26 	          P 
     60.00       6.6957     562.62 	          P 
     65.00       6.3445     595.22 	          P 
     70.00       5.9909     626.06 	          P 
     75.00       5.6311     655.12 	          P 
     80.00       5.2630     682.36 	          P 
     85.00       4.8896     707.73 	          P 
     90.00       4.6235     731.28 	          P 
     95.00       4.5022     754.13 	          P 
    100.00       4.4389     776.39 	      Pdiff 
    105.00       4.4389     798.58 	      Pdiff 
    110.00       4.4389     820.77 	      Pdiff 
    115.00       4.4389     842.97 	      Pdiff 
    120.00       4.4389     865.16 	      Pdiff 
    125.00       4.4389     887.36 	      Pdiff 
    130.00       4.4389     909.55 	      Pdiff 
    135.00       4.4389     931.75 	      Pdiff 
    140.00       4.4389     953.94 	      Pdiff 
    450.00     450.00 	 P 	 depth
     20.00       9.1236     241.29 	          P 
     20.00      10.1493     243.16 	          P 
     25.00       8.8791     286.33 	          P 
     30.00       8.6731     330.25 	          P 
     35.00       8.3908     372.93 	          P 
     40.00       8.0696     414.09 	          P 
     45.00       7.7319     453.60 	          P 
     50.00       7.3865     491.39 	          P 
     55.00       7.0391     527.46 	          P 
     60.00       6.6904     561.78 	          P 
     65.00       6.3397     594.36 	          P 
     70.00       5.9864     625.18 	          P 
     75.00       5.6269     654.21 	          P 
     80.00       5.2591     681.43 	          P 
     85.00       4.8856     706.78 	          P 
     90.00       4.6226     730.33 	          P 
     95.00       4.5008     753.17 	          P 
    100.00       4.4389     775.42 	      Pdiff 
    105.00       4.4389     797.62 	      Pdiff 
    110.00       4.4389     819.81 	      Pdiff 
    115.00       4.4389     842.01 	      Pdiff 
    120.00       4.4389     864.20 	      Pdiff 
    125.00       4.4389     886.39 	      Pdiff 
    130.00       4.4389     908.59 	      Pdiff 
    135.00       4.4389     930.78 	      Pdiff 
    140.00       4.4389     952.98 	      Pdiff 
    460.00     460.00 	 P 	 depth
     20.00       9.1181     240.72 	          P 
     20.00      10.1199     242.79 	          P 
     25.00       8.8738     285.72 	          P 
     30.00       8.6667     329.61 	          P 
     35.00       8.3835     372.26 	          P 
     40.00       8.0625     413.38 	          P 
     45.00       7.7252     452.86 	          P 
     50.00       7.3803     490.62 	          P 
     55.00       7.0334     526.66 	          P 
     60.00       6.6851     560.95 	          P 
     65.00       6.3348     593.50 	          P 
     70.00       5.9819     624.30 	          P 
     75.00       5.6227     653.31 	          P 
     80.00       5.2551     680.51 	          P 
     85.00       4.8813     705.84 	          P 
     90.00       4.6216     729.37 	          P 
     95.00       4.4994     752.21 	          P 
    100.00       4.4389     774.46 	      Pdiff 
    105.00       4.4389     796.66 	      Pdiff 
    110.00       4.4389     818.85 	      Pdiff 
    115.00       4.4389     841.05 	      Pdiff 
    120.00       4.4389     863.24 	      Pdiff 
    125.00       4.4389     885.43 	      Pdiff 
    130.00       4.4389     907.63 	      Pdiff 
    135.00       4.4389     929.82 	      Pdiff 
    140.00       4.4389     952.02 	      Pdiff 
    470.00     470.00 	 P 	 depth
     20.00       9.1124     240.16 	          P 
     20.00      10.0902     242.42 	          P 
     25.00       8.8685     285.13 	          P 
     30.00       8.6601     328.99 	          P 
     35.00       8.3761     371.60 	          P 
     40.00       8.0553     412.69 	          P 
     45.00       7.7184     452.13 	          P 
     50.00       7.3741     489.86 	          P 
     55.00       7.0276     525.86 	          P 
     60.00       6.6798     560.13 	          P 
     65.00       6.3299     592.66 	          P 
     70.00       5.9773     623.43 	          P 
     75.00       5.6184     652.42 	          P 
     80.00       5.2511     679.60 	          P 
     85.00       4.8770     704.91 	          P 
     90.00       4.6206     728.43 	          P 
     95.00       4.4981     751.26 	          P 
    100.00       4.4389     773.51 	      Pdiff 
    105.00       4.4389     795.70 	      Pdiff 
    110.00       4.4389     817.90 	      Pdiff 
    115.00       4.4389     840.09 	      Pdiff 
    120.00       4.4389     862.29 	      Pdiff 
    125.00       4.4389     884.48 	      Pdiff 
    130.00       4.4389     906.67 	      Pdiff 
    135.00       4.4389     928.87 	      Pdiff 
    140.00       4.4389     951.06 	      Pdiff 
    480.00     480.00 	 P 	 depth
     20.00       9.1065     239.61 	          P 
     20.00      10.0604     242.05 	          P 
     25.00       8.8632     284.54 	          P 
     30.00       8.6535     328.37 	          P 
     35.00       8.3686     370.95 	          P 
     40.00       8.0480     412.00 	          P 
     45.00       7.7116     451.40 	          P 
     50.00       7.3678     489.10 	          P 
     55.00       7.0218     525.07 	          P 
     60.00       6.6744     559.31 	          P 
     65.00       6.3249     591.81 	          P 
     70.00       5.9727     622.56 	          P 
     75.00       5.6141     651.53 	          P 
     80.00       5.2471     678.68 	          P 
     85.00       4.8725     703.98 	          P 
     90.00       4.6197     727.48 	          P 
     95.00       4.4966     750.31 	          P 
    100.00       4.4389     772.56 	      Pdiff 
    105.00       4.4389     794.75 	      Pdiff 
    110.00       4.4389     816.95 	      Pdiff 
    115.00       4.4389     839.14 	      Pdiff 
    120.00       4.4389     861.33 	      Pdiff 
    125.00       4.4389     883.53 	      Pdiff 
    130.00       4.4389     905.72 	      Pdiff 
    135.00       4.4389     927.92 	      Pdiff 
    140.00       4.4389     950.11 	      Pdiff 
    490.00     490.00 	 P 	 depth
     20.00       9.1004     239.06 	          P 
     20.00      10.0300     241.70 	          P 
     25.00       8.8580     283.95 	          P 
     30.00       8.6466     327.76 	          P 
     35.00       8.3610     370.30 	          P 
     40.00       8.0407     411.31 	          P 
     45.00       7.7047     450.68 	          P 
     50.00       7.3614     488.34 	          P 
     55.00       7.0159     524.29 	          P 
     60.00       6.6690     558.50 	          P 
     65.00       6.3200     590.97 	          P 
     70.00       5.9680     621.70 	          P 
     75.00       5.6097     650.64 	          P 
     80.00       5.2430     677.78 	          P 
     85.00       4.8678     703.05 	          P 
     90.00       4.6187     726.55 	          P 
     95.00       4.4952     749.37 	          P 
    100.00       4.4389     771.61 	      Pdiff 
    105.00       4.4389     793.80 	      Pdiff 
    110.00       4.4389     816.00 	      Pdiff 
    115.00       4.4389     838.19 	      Pdiff 
    120.00       4.4389     860.39 	      Pdiff 
    125.00       4.4389     882.58 	      Pdiff 
    130.00       4.4389     904.78 	      Pdiff 
    135.00       4.4389     926.97 	      Pdiff 
    140.00       4.4389     949.17 	      Pdiff 
    500.00     500.00 	 P 	 depth
     20.00       9.0941     238.53 	          P 
     20.00       9.9989     241.35 	          P 
     25.00       8.8528     283.38 	          P 
     30.00       8.6397     327.16 	          P 
     35.00       8.3533     369.66 	          P 
     40.00       8.0332     410.63 	          P 
     45.00       7.6977     449.96 	          P 
     50.00       7.3550     487.60 	          P 
     55.00       7.0100     523.51 	          P 
     60.00       6.6635     557.69 	          P 
     65.00       6.3149     590.14 	          P 
     70.00       5.9633     620.84 	          P 
     75.00       5.6054     649.76 	          P 
     80.00       5.2389     676.88 	          P 
     85.00       4.8630     702.13 	          P 
     90.00       4.6178     725.61 	          P 
     95.00       4.4938     748.43 	          P 
    100.00       4.4389     770.67 	      Pdiff 
    105.00       4.4389     792.86 	      Pdiff 
    110.00       4.4389     815.06 	      Pdiff 
    115.00       4.4389     837.25 	      Pdiff 
    120.00       4.4389     859.45 	      Pdiff 
    125.00       4.4389     881.64 	      Pdiff 
    130.00       4.4389     903.83 	      Pdiff 
    135.00       4.4389     926.03 	      Pdiff 
    140.00       4.4389     948.22 	      Pdiff 
    510.00     510.00 	 P 	 depth
     20.00       9.0876     238.00 	          P 
     20.00       9.9670     241.01 	          P 
     25.00       8.8475     282.81 	          P 
     30.00       8.6326     326.56 	          P 
     35.00       8.3454     369.02 	          P 
     40.00       8.0257     409.96 	          P 
     45.00       7.6906     449.25 	          P 
     50.00       7.3485     486.85 	          P 
     55.00       7.0040     522.73 	          P 
     60.00       6.6580     556.89 	          P 
     65.00       6.3099     589.31 	          P 
     70.00       5.9586     619.98 	          P 
     75.00       5.6010     648.89 	          P 
     80.00       5.2348     675.98 	          P 
     85.00       4.8580     701.21 	          P 
     90.00       4.6168     724.68 	          P 
     95.00       4.4923     747.49 	          P 
    100.00       4.4389     769.73 	      Pdiff 
    105.00       4.4389     791.92 	      Pdiff 
    110.00       4.4389     814.12 	      Pdiff 
    115.00       4.4389     836.31 	      Pdiff 
    120.00       4.4389     858.51 	      Pdiff 
    125.00       4.4389     880.70 	      Pdiff 
    130.00       4.4389     902.90 	      Pdiff 
    135.00       4.4389     925.09 	      Pdiff 
    140.00       4.4389     947.29 	      Pdiff 
    520.00     520.00 	 P 	 depth
     20.00       9.0809     237.48 	          P 
     20.00       9.9343     240.67 	          P 
     25.00       8.8421     282.26 	          P 
     30.00       8.6253     325.97 	          P 
     35.00       8.3375     368.40 	          P 
     40.00       8.0181     409.29 	          P 
     45.00       7.6835     448.55 	          P 
     50.00       7.3420     486.11 	          P 
     55.00       6.9980     521.97 	          P 
     60.00       6.6525     556.09 	          P 
     65.00       6.3048     588.49 	          P 
     70.00       5.9539     619.13 	          P 
     75.00       5.5965     648.01 	          P 
     80.00       5.2307     675.09 	          P 
     85.00       4.8527     700.30 	          P 
     90.00       4.6158     723.76 	          P 
     95.00       4.4909     746.56 	          P 
    100.00       4.4389     768.80 	      Pdiff 
    105.00       4.4389     790.99 	      Pdiff 
    110.00       4.4389     813.19 	      Pdiff 
    115.00       4.4389     835.38 	      Pdiff 
    120.00       4.4389     857.57 	      Pdiff 
    125.00       4.4389     879.77 	      Pdiff 
    130.00       4.4389     901.96 	      Pdiff 
    135.00       4.4389     924.16 	      Pdiff 
    140.00       4.4389     946.35 	      Pdiff 
    530.00     530.00 	 P 	 depth
     20.00       9.0740     236.97 	          P 
     20.00       9.9009     240.34 	          P 
     25.00       8.8367     281.71 	          P 
     30.00       8.6179     325.39 	          P 
     35.00       8.3294     367.78 	          P 
     40.00       8.0105     408.63 	          P 
     45.00       7.6763     447.85 	          P 
     50.00       7.3354     485.38 	          P 
     55.00       6.9920     521.20 	          P 
     60.00       6.6469     555.30 	          P 
     65.00       6.2996     587.67 	          P 
     70.00       5.9491     618.29 	          P 
     75.00       5.5921     647.15 	          P 
     80.00       5.2265     674.20 	          P 
     85.00       4.8473     699.39 	          P 
     90.00       4.6149     722.84 	          P 
     95.00       4.4894     745.63 	          P 
    100.00       4.4389     767.87 	      Pdiff 
    105.00       4.4389     790.06 	      Pdiff 
    110.00       4.4389     812.26 	      Pdiff 
    115.00       4.4389     834.45 	      Pdiff 
    120.00       4.4389     856.64 	      Pdiff 
    125.00       4.4389     878.84 	      Pdiff 
    130.00       4.4389     901.03 	      Pdiff 
    135.00       4.4389     923.23 	      Pdiff 
    140.00       4.4389     945.42 	      Pdiff 
    540.00     540.00 	 P 	 depth
     20.00       9.0669     236.46 	          P 
     20.00       9.8668     240.02 	          P 
     25.00       8.8313     281.16 	          P 
     30.00       8.6103     324.81 	          P 
     35.00       8.3212     367.16 	          P 
     40.00       8.0027     407.98 	          P 
     45.00       7.6691     447.16 	          P 
     50.00       7.3287     484.66 	          P 
     55.00       6.9859     520.44 	          P 
     60.00       6.6413     554.51 	          P 
     65.00       6.2944     586.85 	          P 
     70.00       5.9443     617.45 	          P 
     75.00       5.5876     646.28 	          P 
     80.00       5.2223     673.31 	          P 
     85.00       4.8415     698.48 	          P 
     90.00       4.6139     721.92 	          P 
     95.00       4.4879     744.71 	          P 
    100.00       4.4389     766.94 	      Pdiff 
    105.00       4.4389     789.14 	      Pdiff 
    110.00       4.4389     811.33 	      Pdiff 
    115.00       4.4389     833.53 	      Pdiff 
    120.00       4.4389     855.72 	      Pdiff 
    125.00       4.4389     877.91 	      Pdiff 
    130.00       4.4389     900.11 	      Pdiff 
    135.00       4.4389     922.30 	      Pdiff 
    140.00       4.4389     944.50 	      Pdiff 
    550.00     550.00 	 P 	 depth
     20.00       9.0595     235.97 	          P 
     20.00       9.8322     239.71 	          P 
     25.00       8.8257     280.63 	          P 
     30.00       8.6026     324.25 	          P 
     35.00       8.3129     366.55 	          P 
     40.00       7.9949     407.33 	          P 
     45.00       7.6617     446.48 	          P 
     50.00       7.3220     483.94 	          P 
     55.00       6.9797     519.69 	          P 
     60.00       6.6356     553.73 	          P 
     65.00       6.2892     586.04 	          P 
     70.00       5.9394     616.62 	          P 
     75.00       5.5831     645.43 	          P 
     80.00       5.2180     672.43 	          P 
     85.00       4.8355     697.58 	          P 
     90.00       4.6129     721.01 	          P 
     95.00       4.4864     743.79 	          P 
    100.00       4.4389     766.02 	      Pdiff 
    105.00       4.4389     788.22 	      Pdiff 
    110.00       4.4389     810.41 	      Pdiff 
    115.00       4.4389     832.60 	      Pdiff 
    120.00       4.4389     854.80 	      Pdiff 
    125.00       4.4389     876.99 	      Pdiff 
    130.00       4.4389     899.19 	      Pdiff 
    135.00       4.4389     921.38 	      Pdiff 
    140.00       4.4389     943.58 	      Pdiff 
    560.00     560.00 	 P 	 depth
     20.00       9.0518     235.48 	          P 
     20.00       9.7972     239.39 	          P 
     25.00       8.8201     280.11 	          P 
     30.00       8.5946     323.69 	          P 
     35.00       8.3045     365.95 	          P 
     40.00       7.9870     406.69 	          P 
     45.00       7.6543     445.80 	          P 
     50.00       7.3153     483.22 	          P 
     55.00       6.9735     518.94 	          P 
     60.00       6.6299     552.95 	          P 
     65.00       6.2839     585.24 	          P 
     70.00       5.9345     615.79 	          P 
     75.00       5.5785     644.57 	          P 
     80.00       5.2137     671.56 	          P 
     85.00       4.8291     696.69 	          P 
     90.00       4.6120     720.10 	          P 
     95.00       4.4848     742.88 	          P 
    100.00       4.4389     765.10 	      Pdiff 
    105.00       4.4389     787.30 	      Pdiff 
    110.00       4.4389     809.49 	      Pdiff 
    115.00       4.4389     831.69 	      Pdiff 
    120.00       4.4389     853.88 	      Pdiff 
    125.00       4.4389     876.08 	      Pdiff 
    130.00       4.4389     898.27 	      Pdiff 
    135.00       4.4389     920.47 	      Pdiff 
    140.00       4.4389     942.66 	      Pdiff 
    570.00     570.00 	 P 	 depth
     20.00       9.0436     235.01 	          P 
     25.00       8.8144     279.59 	          P 
     30.00       8.5866     323.13 	          P 
     35.00       8.2961     365.36 	          P 
     40.00       7.9790     406.05 	          P 
     45.00       7.6469     445.12 	          P 
     50.00       7.3084     482.51 	          P 
     55.00       6.9672     518.20 	          P 
     60.00       6.6241     552.18 	          P 
     65.00       6.2786     584.44 	          P 
     70.00       5.9296     614.96 	          P 
     75.00       5.5739     643.72 	          P 
     80.00       5.2094     670.68 	          P 
     85.00       4.8224     695.79 	          P 
     90.00       4.6110     719.20 	          P 
     95.00       4.4833     741.97 	          P 
    100.00       4.4389     764.19 	      Pdiff 
    105.00       4.4389     786.39 	      Pdiff 
    110.00       4.4389     808.58 	      Pdiff 
    115.00       4.4389     830.78 	      Pdiff 
    120.00       4.4389     852.97 	      Pdiff 
    125.00       4.4389     875.16 	      Pdiff 
    130.00       4.4389     897.36 	      Pdiff 
    135.00       4.4389     919.55 	      Pdiff 
    140.00       4.4389     941.75 	      Pdiff 
    580.00     580.00 	 P 	 depth
     20.00       9.0347     234.54 	          P 
     25.00       8.8087     279.08 	          P 
     30.00       8.5783     322.59 	          P 
     35.00       8.2875     364.77 	          P 
     40.00       7.9709     405.42 	          P 
     45.00       7.6393     444.45 	          P 
     50.00       7.3016     481.81 	          P 
     55.00       6.9609     517.46 	          P 
     60.00       6.6183     551.41 	          P 
     65.00       6.2733     583.64 	          P 
     70.00       5.9246     614.14 	          P 
     75.00       5.5693     642.88 	          P 
     80.00       5.2050     669.82 	          P 
     85.00       4.8151     694.90 	          P 
     90.00       4.6100     718.30 	          P 
     95.00       4.4817     741.06 	          P 
    100.00       4.4389     763.28 	      Pdiff 
    105.00       4.4389     785.48 	      Pdiff 
    110.00       4.4389     807.67 	      Pdiff 
    115.00       4.4389     829.87 	      Pdiff 
    120.00       4.4389     852.06 	      Pdiff 
    125.00       4.4389     874.26 	      Pdiff 
    130.00       4.4389     896.45 	      Pdiff 
    135.00       4.4389     918.65 	      Pdiff 
    140.00       4.4389     940.84 	      Pdiff 
    590.00     590.00 	 P 	 depth
     20.00       9.0253     234.08 	          P 
     25.00       8.8028     278.58 	          P 
     30.00       8.5698     322.05 	          P 
     35.00       8.2789     364.19 	          P 
     40.00       7.9628     404.80 	          P 
     45.00       7.6317     443.79 	          P 
     50.00       7.2946     481.11 	          P 
     55.00       6.9546     516.73 	          P 
     60.00       6.6125     550.65 	          P 
     65.00       6.2679     582.85 	          P 
     70.00       5.9196     613.32 	          P 
     75.00       5.5647     642.04 	          P 
     80.00       5.2006     668.95 	          P 
     85.00       4.8073     694.02 	          P 
     90.00       4.6091     717.40 	          P 
     95.00       4.4801     740.16 	          P 
    100.00       4.4389     762.38 	      Pdiff 
    105.00       4.4389     784.57 	      Pdiff 
    110.00       4.4389     806.77 	      Pdiff 
    115.00       4.4389     828.96 	      Pdiff 
    120.00       4.4389     851.16 	      Pdiff 
    125.00       4.4389     873.35 	      Pdiff 
    130.00       4.4389     895.55 	      Pdiff 
    135.00       4.4389     917.74 	      Pdiff 
    140.00       4.4389     939.94 	      Pdiff 
    600.00     600.00 	 P 	 depth
     20.00       9.0151     233.63 	          P 
     25.00       8.7966     278.09 	          P 
     30.00       8.5612     321.52 	          P 
     35.00       8.2702     363.61 	          P 
     40.00       7.9545     404.18 	          P 
     45.00       7.6240     443.14 	          P 
     50.00       7.2876     480.41 	          P 
     55.00       6.9481     516.00 	          P 
     60.00       6.6066     549.89 	          P 
     65.00       6.2625     582.07 	          P 
     70.00       5.9146     612.51 	          P 
     75.00       5.5600     641.20 	          P 
     80.00       5.1962     668.09 	          P 
     85.00       4.7988     693.14 	          P 
     90.00       4.6081     716.51 	          P 
     95.00       4.4785     739.26 	          P 
    100.00       4.4389     761.48 	      Pdiff 
    105.00       4.4389     783.67 	      Pdiff 
    110.00       4.4389     805.87 	      Pdiff 
    115.00       4.4389     828.06 	      Pdiff 
    120.00       4.4389     850.26 	      Pdiff 
    125.00       4.4389     872.45 	      Pdiff 
    130.00       4.4389     894.65 	      Pdiff 
    135.00       4.4389     916.84 	      Pdiff 
    140.00       4.4389     939.04 	      Pdiff 
    610.00     610.00 	 P 	 depth
     20.00       9.0040     233.19 	          P 
     25.00       8.7901     277.61 	          P 
     30.00       8.5525     320.99 	          P 
     35.00       8.2614     363.05 	          P 
     40.00       7.9462     403.57 	          P 
     45.00       7.6162     442.48 	          P 
     50.00       7.2806     479.73 	          P 
     55.00       6.9417     515.28 	          P 
     60.00       6.6006     549.14 	          P 
     65.00       6.2571     581.28 	          P 
     70.00       5.9095     611.70 	          P 
     75.00       5.5553     640.37 	          P 
     80.00       5.1917     667.24 	          P 
     85.00       4.7894     692.26 	          P 
     90.00       4.6071     715.62 	          P 
     95.00       4.4769     738.37 	          P 
    100.00       4.4389     760.58 	      Pdiff 
    105.00       4.4389     782.78 	      Pdiff 
    110.00       4.4389     804.97 	      Pdiff 
    115.00       4.4389     827.17 	      Pdiff 
    120.00       4.4389     849.36 	      Pdiff 
    125.00       4.4389     871.56 	      Pdiff 
    130.00       4.4389     893.75 	      Pdiff 
    135.00       4.4389     915.95 	      Pdiff 
    140.00       4.4389     938.14 	      Pdiff 
    620.00     620.00 	 P 	 depth
     20.00       8.9920     232.75 	          P 
     25.00       8.7833     277.13 	          P 
     30.00       8.5436     320.48 	          P 
     35.00       8.2525     362.48 	          P 
     40.00       7.9377     402.97 	          P 
     45.00       7.6084     441.84 	          P 
     50.00       7.2734     479.04 	          P 
     55.00       6.9352     514.57 	          P 
     60.00       6.5946     548.39 	          P 
     65.00       6.2516     580.51 	          P 
     70.00       5.9044     610.90 	          P 
     75.00       5.5505     639.54 	          P 
     80.00       5.1872     666.39 	          P 
     85.00       4.7798     691.39 	          P 
     90.00       4.6061     714.74 	          P 
     95.00       4.4753     737.48 	          P 
    100.00       4.4389     759.69 	      Pdiff 
    105.00       4.4389     781.89 	      Pdiff 
    110.00       4.4389     804.08 	      Pdiff 
    115.00       4.4389     826.28 	      Pdiff 
    120.00       4.4389     848.47 	      Pdiff 
    125.00       4.4389     870.66 	      Pdiff 
    130.00       4.4389     892.86 	      Pdiff 
    135.00       4.4389     915.05 	      Pdiff 
    140.00       4.4389     937.25 	      Pdiff 
    630.00     630.00 	 P 	 depth
     20.00       8.9788     232.33 	          P 
     25.00       8.7762     276.66 	          P 
     30.00       8.5346     319.97 	          P 
     35.00       8.2436     361.93 	          P 
     40.00       7.9292     402.37 	          P 
     45.00       7.6004     441.20 	          P 
     50.00       7.2662     478.37 	          P 
     55.00       6.9286     513.85 	          P 
     60.00       6.5886     547.65 	          P 
     65.00       6.2460     579.74 	          P 
     70.00       5.8993     610.10 	          P 
     75.00       5.5457     638.72 	          P 
     80.00       5.1826     665.54 	          P 
     85.00       4.7725     690.52 	          P 
     90.00       4.6052     713.86 	          P 
     95.00       4.4736     736.59 	          P 
    100.00       4.4389     758.80 	      Pdiff 
    105.00       4.4389     781.00 	      Pdiff 
    110.00       4.4389     803.19 	      Pdiff 
    115.00       4.4389     825.39 	      Pdiff 
    120.00       4.4389     847.58 	      Pdiff 
    125.00       4.4389     869.78 	      Pdiff 
    130.00       4.4389     891.97 	      Pdiff 
    135.00       4.4389     914.17 	      Pdiff 
    140.00       4.4389     936.36 	      Pdiff 
    640.00     640.00 	 P 	 depth
     20.00       8.9646     231.91 	          P 
     25.00       8.7688     276.21 	          P 
     30.00       8.5253     319.47 	          P 
     35.00       8.2345     361.38 	          P 
     40.00       7.9206     401.78 	          P 
     45.00       7.5924     440.57 	          P 
     50.00       7.2590     477.70 	          P 
     55.00       6.9220     513.15 	          P 
     60.00       6.5825     546.91 	          P 
     65.00       6.2404     578.97 	          P 
     70.00       5.8941     609.31 	          P 
     75.00       5.5409     637.90 	          P 
     80.00       5.1781     664.70 	          P 
     85.00       4.7666     689.65 	          P 
     90.00       4.6042     712.98 	          P 
     95.00       4.4719     735.71 	          P 
    100.00       4.4389     757.92 	      Pdiff 
    105.00       4.4389     780.11 	      Pdiff 
    110.00       4.4389     802.31 	      Pdiff 
    115.00       4.4389     824.50 	      Pdiff 
    120.00       4.4389     846.70 	      Pdiff 
    125.00       4.4389     868.89 	      Pdiff 
    130.00       4.4389     891.09 	      Pdiff 
    135.00       4.4389     913.28 	      Pdiff 
    140.00       4.4389     935.48 	      Pdiff 
    650.00     650.00 	 P 	 depth
     20.00       8.9514     231.50 	          P 
     25.00       8.7610     275.76 	          P 
     30.00       8.5160     318.97 	          P 
     35.00       8.2254     360.84 	          P 
     40.00       7.9119     401.19 	          P 
     45.00       7.5843     439.94 	          P 
     50.00       7.2517     477.03 	          P 
     55.00       6.9153     512.45 	          P 
     60.00       6.5764     546.18 	          P 
     65.00       6.2348     578.21 	          P 
     70.00       5.8889     608.52 	          P 
     75.00       5.5360     637.08 	          P 
     80.00       5.1734     663.86 	          P 
     85.00       4.7614     688.79 	          P 
     90.00       4.6032     712.11 	          P 
     95.00       4.4702     734.83 	          P 
    100.00       4.4389     757.04 	      Pdiff 
    105.00       4.4389     779.24 	      Pdiff 
    110.00       4.4389     801.43 	      Pdiff 
    115.00       4.4389     823.62 	      Pdiff 
    120.00       4.4389     845.82 	      Pdiff 
    125.00       4.4389     868.01 	      Pdiff 
    130.00       4.4389     890.21 	      Pdiff 
    135.00       4.4389     912.40 	      Pdiff 
    140.00       4.4389     934.60 	      Pdiff 
    660.00     660.00 	 P 	 depth
     20.00       8.9395     231.10 	          P 
     25.00       8.7528     275.32 	          P 
     30.00       8.5064     318.49 	          P 
     35.00       8.2161     360.31 	          P 
     40.00       7.9030     400.61 	          P 
     45.00       7.5762     439.32 	          P 
     50.00       7.2443     476.37 	          P 
     55.00       6.9086     511.75 	          P 
     60.00       6.5702     545.45 	          P 
     65.00       6.2291     577.45 	          P 
     70.00       5.8836     607.73 	          P 
     75.00       5.5311     636.27 	          P 
     80.00       5.1688     663.03 	          P 
     85.00       4.7568     687.93 	          P 
     90.00       4.6022     711.24 	          P 
     95.00       4.4685     733.96 	          P 
    100.00       4.4389     756.17 	      Pdiff 
    105.00       4.4389     778.36 	      Pdiff 
    110.00       4.4389     800.55 	      Pdiff 
    115.00       4.4389     822.75 	      Pdiff 
    120.00       4.4389     844.94 	      Pdiff 
    125.00       4.4389     867.14 	      Pdiff 
    130.00       4.4389     889.33 	      Pdiff 
    135.00       4.4389     911.53 	      Pdiff 
    140.00       4.4389     933.72 	      Pdiff 
    670.00     670.00 	 P 	 depth
     20.00       8.9210     230.87 	          P 
     25.00       8.7400     275.02 	          P 
     30.00       8.4935     318.13 	          P 
     35.00       8.2043     359.89 	          P 
     40.00       7.8923     400.14 	          P 
     45.00       7.5666     438.79 	          P 
     50.00       7.2358     475.80 	          P 
     55.00       6.9009     511.14 	          P 
     60.00       6.5633     544.80 	          P 
     65.00       6.2228     576.77 	          P 
     70.00       5.8778     607.02 	          P 
     75.00       5.5258     635.53 	          P 
     80.00       5.1637     662.26 	          P 
     85.00       4.7522     687.14 	          P 
     90.00       4.6012     710.44 	          P 
     95.00       4.4667     733.15 	          P 
    100.00       4.4389     755.35 	      Pdiff 
    105.00       4.4389     777.55 	      Pdiff 
    110.00       4.4389     799.74 	      Pdiff 
    115.00       4.4389     821.94 	      Pdiff 
    120.00       4.4389     844.13 	      Pdiff 
    125.00       4.4389     866.33 	      Pdiff 
    130.00       4.4389     888.52 	      Pdiff 
    135.00       4.4389     910.72 	      Pdiff 
    140.00       4.4389     932.91 	      Pdiff 
    680.00     680.00 	 P 	 depth
     20.00       8.9043     230.65 	          P 
     25.00       8.7262     274.74 	          P 
     30.00       8.4803     317.78 	          P 
     35.00       8.1923     359.47 	          P 
     40.00       7.8815     399.66 	          P 
     45.00       7.5569     438.26 	          P 
     50.00       7.2272     475.23 	          P 
     55.00       6.8932     510.53 	          P 
     60.00       6.5563     544.15 	          P 
     65.00       6.2165     576.09 	          P 
     70.00       5.8720     606.31 	          P 
     75.00       5.5204     634.79 	          P 
     80.00       5.1585     661.50 	          P 
     85.00       4.7479     686.34 	          P 
     90.00       4.6001     709.64 	          P 
     95.00       4.4648     732.34 	          P 
    100.00       4.4389     754.55 	      Pdiff 
    105.00       4.4389     776.74 	      Pdiff 
    110.00       4.4389     798.93 	      Pdiff 
    115.00       4.4389     821.13 	      Pdiff 
    120.00       4.4389     843.32 	      Pdiff 
    125.00       4.4389     865.52 	      Pdiff 
    130.00       4.4389     887.71 	      Pdiff 
    135.00       4.4389     909.91 	      Pdiff 
    140.00       4.4389     932.10 	      Pdiff 
    690.00     690.00 	 P 	 depth
     20.00       8.8887     230.44 	          P 
     25.00       8.7117     274.46 	          P 
     30.00       8.4670     317.43 	          P 
     35.00       8.1802     359.06 	          P 
     40.00       7.8706     399.20 	          P 
     45.00       7.5472     437.75 	          P 
     50.00       7.2186     474.66 	          P 
     55.00       6.8855     509.92 	          P 
     60.00       6.5493     543.51 	          P 
     65.00       6.2101     575.41 	          P 
     70.00       5.8661     605.60 	          P 
     75.00       5.5149     634.06 	          P 
     80.00       5.1534     660.74 	          P 
     85.00       4.7439     685.56 	          P 
     90.00       4.5990     708.85 	          P 
     95.00       4.4629     731.54 	          P 
    100.00       4.4389     753.74 	      Pdiff 
    105.00       4.4389     775.94 	      Pdiff 
    110.00       4.4389     798.13 	      Pdiff 
    115.00       4.4389     820.32 	      Pdiff 
    120.00       4.4389     842.52 	      Pdiff 
    125.00       4.4389     864.71 	      Pdiff 
    130.00       4.4389     886.91 	      Pdiff 
    135.00       4.4389     909.10 	      Pdiff 
    140.00       4.4389     931.30 	      Pdiff 
    700.00     700.00 	 P 	 depth
     20.00       8.8737     230.24 	          P 
     25.00       8.6970     274.19 	          P 
     30.00       8.4534     317.09 	          P 
     35.00       8.1680     358.66 	          P 
     40.00       7.8596     398.73 	          P 
     45.00       7.5374     437.23 	          P 
     50.00       7.2099     474.10 	          P 
     55.00       6.8777     509.32 	          P 
     60.00       6.5422     542.87 	          P 
     65.00       6.2037     574.74 	          P 
     70.00       5.8602     604.90 	          P 
     75.00       5.5095     633.33 	          P 
     80.00       5.1482     659.98 	          P 
     85.00       4.7402     684.77 	          P 
     90.00       4.5980     708.05 	          P 
     95.00       4.4609     730.74 	          P 
    100.00       4.4389     752.94 	      Pdiff 
    105.00       4.4389     775.13 	      Pdiff 
    110.00       4.4389     797.33 	      Pdiff 
    115.00       4.4389     819.52 	      Pdiff 
    120.00       4.4389     841.72 	      Pdiff 
    125.00       4.4389     863.91 	      Pdiff 
    130.00       4.4389     886.11 	      Pdiff 
    135.00       4.4389     908.30 	      Pdiff 
    140.00       4.4389     930.50 	      Pdiff 
