      0.00       0.00 	 PKPdf 	 depth
    115.00       1.9151    1122.75 	      PKPdf 
    120.00       1.9117    1132.32 	      PKPdf 
    125.00       1.9023    1141.86 	      PKPdf 
    130.00       1.8838    1151.33 	      PKPdf 
    135.00       1.8511    1160.68 	      PKPdf 
    140.00       1.7954    1169.80 	      PKPdf 
    145.00       1.7042    1178.57 	      PKPdf 
    150.00       1.5652    1186.77 	      PKPdf 
    155.00       1.3742    1194.13 	      PKPdf 
    160.00       1.1394    1200.43 	      PKPdf 
    165.00       0.8743    1205.48 	      PKPdf 
    170.00       0.5909    1209.15 	      PKPdf 
    175.00       0.2976    1211.37 	      PKPdf 
    180.00       0.0000    1212.12 	      PKPdf 
     10.00      10.00 	 PKPdf 	 depth
    115.00       1.9151    1121.04 	      PKPdf 
    120.00       1.9117    1130.61 	      PKPdf 
    125.00       1.9023    1140.14 	      PKPdf 
    130.00       1.8838    1149.61 	      PKPdf 
    135.00       1.8510    1158.96 	      PKPdf 
    140.00       1.7952    1168.09 	      PKPdf 
    145.00       1.7040    1176.85 	      PKPdf 
    150.00       1.5649    1185.05 	      PKPdf 
    155.00       1.3739    1192.41 	      PKPdf 
    160.00       1.1391    1198.71 	      PKPdf 
    165.00       0.8741    1203.76 	      PKPdf 
    170.00       0.5908    1207.42 	      PKPdf 
    175.00       0.2975    1209.65 	      PKPdf 
    180.00       0.0000    1210.39 	      PKPdf 
     20.00      20.00 	 PKPdf 	 depth
    115.00       1.9151    1119.32 	      PKPdf 
    120.00       1.9117    1128.89 	      PKPdf 
    125.00       1.9022    1138.43 	      PKPdf 
    130.00       1.8837    1147.90 	      PKPdf 
    135.00       1.8509    1157.24 	      PKPdf 
    140.00       1.7951    1166.37 	      PKPdf 
    145.00       1.7039    1175.14 	      PKPdf 
    150.00       1.5647    1183.33 	      PKPdf 
    155.00       1.3736    1190.69 	      PKPdf 
    160.00       1.1388    1196.99 	      PKPdf 
    165.00       0.8738    1202.03 	      PKPdf 
    170.00       0.5906    1205.70 	      PKPdf 
    175.00       0.2975    1207.92 	      PKPdf 
    180.00       0.0000    1208.67 	      PKPdf 
     30.00      30.00 	 PKPdf 	 depth
    115.00       1.9151    1117.79 	      PKPdf 
    120.00       1.9116    1127.36 	      PKPdf 
    125.00       1.9022    1136.90 	      PKPdf 
    130.00       1.8837    1146.37 	      PKPdf 
    135.00       1.8508    1155.71 	      PKPdf 
    140.00       1.7950    1164.84 	      PKPdf 
    145.00       1.7037    1173.60 	      PKPdf 
    150.00       1.5644    1181.80 	      PKPdf 
    155.00       1.3733    1189.16 	      PKPdf 
    160.00       1.1385    1195.46 	      PKPdf 
    165.00       0.8736    1200.50 	      PKPdf 
    170.00       0.5904    1204.16 	      PKPdf 
    175.00       0.2974    1206.38 	      PKPdf 
    180.00       0.0000    1207.13 	      PKPdf 
     40.00      40.00 	 PKPdf 	 depth
    115.00       1.9151    1116.41 	      PKPdf 
    120.00       1.9116    1125.98 	      PKPdf 
    125.00       1.9022    1135.52 	      PKPdf 
    130.00       1.8836    1144.99 	      PKPdf 
    135.00       1.8508    1154.33 	      PKPdf 
    140.00       1.7948    1163.46 	      PKPdf 
    145.00       1.7034    1172.22 	      PKPdf 
    150.00       1.5641    1180.41 	      PKPdf 
    155.00       1.3730    1187.78 	      PKPdf 
    160.00       1.1382    1194.07 	      PKPdf 
    165.00       0.8733    1199.11 	      PKPdf 
    170.00       0.5902    1202.77 	      PKPdf 
    175.00       0.2973    1204.99 	      PKPdf 
    180.00       0.0000    1205.74 	      PKPdf 
     50.00      50.00 	 PKPdf 	 depth
    115.00       1.9151    1115.18 	      PKPdf 
    120.00       1.9116    1124.75 	      PKPdf 
    125.00       1.9021    1134.29 	      PKPdf 
    130.00       1.8836    1143.76 	      PKPdf 
    135.00       1.8506    1153.10 	      PKPdf 
    140.00       1.7947    1162.23 	      PKPdf 
    145.00       1.7032    1170.99 	      PKPdf 
    150.00       1.5638    1179.18 	      PKPdf 
    155.00       1.3726    1186.54 	      PKPdf 
    160.00       1.1378    1192.83 	      PKPdf 
    165.00       0.8730    1197.87 	      PKPdf 
    170.00       0.5900    1201.53 	      PKPdf 
    175.00       0.2971    1203.75 	      PKPdf 
    180.00       0.0000    1204.49 	      PKPdf 
     60.00      60.00 	 PKPdf 	 depth
    115.00       1.9151    1113.95 	      PKPdf 
    120.00       1.9116    1123.52 	      PKPdf 
    125.00       1.9021    1133.06 	      PKPdf 
    130.00       1.8835    1142.53 	      PKPdf 
    135.00       1.8505    1151.87 	      PKPdf 
    140.00       1.7945    1160.99 	      PKPdf 
    145.00       1.7029    1169.75 	      PKPdf 
    150.00       1.5634    1177.94 	      PKPdf 
    155.00       1.3722    1185.30 	      PKPdf 
    160.00       1.1374    1191.59 	      PKPdf 
    165.00       0.8727    1196.63 	      PKPdf 
    170.00       0.5898    1200.29 	      PKPdf 
    175.00       0.2970    1202.51 	      PKPdf 
    180.00       0.0000    1203.25 	      PKPdf 
     70.00      70.00 	 PKPdf 	 depth
    115.00       1.9151    1112.72 	      PKPdf 
    120.00       1.9116    1122.29 	      PKPdf 
    125.00       1.9021    1131.83 	      PKPdf 
    130.00       1.8834    1141.29 	      PKPdf 
    135.00       1.8504    1150.64 	      PKPdf 
    140.00       1.7943    1159.76 	      PKPdf 
    145.00       1.7027    1168.52 	      PKPdf 
    150.00       1.5631    1176.71 	      PKPdf 
    155.00       1.3718    1184.06 	      PKPdf 
    160.00       1.1370    1190.35 	      PKPdf 
    165.00       0.8723    1195.39 	      PKPdf 
    170.00       0.5895    1199.05 	      PKPdf 
    175.00       0.2969    1201.26 	      PKPdf 
    180.00       0.0000    1202.01 	      PKPdf 
     80.00      80.00 	 PKPdf 	 depth
    115.00       1.9151    1111.49 	      PKPdf 
    120.00       1.9116    1121.06 	      PKPdf 
    125.00       1.9020    1130.60 	      PKPdf 
    130.00       1.8834    1140.06 	      PKPdf 
    135.00       1.8503    1149.41 	      PKPdf 
    140.00       1.7942    1158.53 	      PKPdf 
    145.00       1.7024    1167.29 	      PKPdf 
    150.00       1.5627    1175.47 	      PKPdf 
    155.00       1.3714    1182.83 	      PKPdf 
    160.00       1.1367    1189.11 	      PKPdf 
    165.00       0.8720    1194.14 	      PKPdf 
    170.00       0.5893    1197.80 	      PKPdf 
    175.00       0.2968    1200.02 	      PKPdf 
    180.00       0.0000    1200.76 	      PKPdf 
     90.00      90.00 	 PKPdf 	 depth
    115.00       1.9151    1110.26 	      PKPdf 
    120.00       1.9116    1119.83 	      PKPdf 
    125.00       1.9020    1129.36 	      PKPdf 
    130.00       1.8833    1138.83 	      PKPdf 
    135.00       1.8502    1148.17 	      PKPdf 
    140.00       1.7940    1157.30 	      PKPdf 
    145.00       1.7021    1166.05 	      PKPdf 
    150.00       1.5624    1174.24 	      PKPdf 
    155.00       1.3710    1181.59 	      PKPdf 
    160.00       1.1363    1187.87 	      PKPdf 
    165.00       0.8717    1192.90 	      PKPdf 
    170.00       0.5891    1196.56 	      PKPdf 
    175.00       0.2967    1198.78 	      PKPdf 
    180.00       0.0000    1199.52 	      PKPdf 
    100.00     100.00 	 PKPdf 	 depth
    115.00       1.9150    1109.03 	      PKPdf 
    120.00       1.9115    1118.60 	      PKPdf 
    125.00       1.9020    1128.13 	      PKPdf 
    130.00       1.8833    1137.60 	      PKPdf 
    135.00       1.8501    1146.94 	      PKPdf 
    140.00       1.7938    1156.06 	      PKPdf 
    145.00       1.7019    1164.82 	      PKPdf 
    150.00       1.5620    1173.00 	      PKPdf 
    155.00       1.3706    1180.35 	      PKPdf 
    160.00       1.1359    1186.64 	      PKPdf 
    165.00       0.8714    1191.66 	      PKPdf 
    170.00       0.5889    1195.32 	      PKPdf 
    175.00       0.2966    1197.54 	      PKPdf 
    180.00       0.0000    1198.28 	      PKPdf 
    110.00     110.00 	 PKPdf 	 depth
    115.00       1.9150    1107.80 	      PKPdf 
    120.00       1.9115    1117.37 	      PKPdf 
    125.00       1.9019    1126.90 	      PKPdf 
    130.00       1.8832    1136.37 	      PKPdf 
    135.00       1.8500    1145.71 	      PKPdf 
    140.00       1.7936    1154.83 	      PKPdf 
    145.00       1.7016    1163.59 	      PKPdf 
    150.00       1.5617    1171.77 	      PKPdf 
    155.00       1.3702    1179.12 	      PKPdf 
    160.00       1.1355    1185.40 	      PKPdf 
    165.00       0.8710    1190.42 	      PKPdf 
    170.00       0.5886    1194.08 	      PKPdf 
    175.00       0.2964    1196.29 	      PKPdf 
    180.00       0.0000    1197.04 	      PKPdf 
    120.00     120.00 	 PKPdf 	 depth
    115.00       1.9150    1106.57 	      PKPdf 
    120.00       1.9115    1116.14 	      PKPdf 
    125.00       1.9019    1125.67 	      PKPdf 
    130.00       1.8831    1135.14 	      PKPdf 
    135.00       1.8499    1144.48 	      PKPdf 
    140.00       1.7935    1153.60 	      PKPdf 
    145.00       1.7013    1162.36 	      PKPdf 
    150.00       1.5613    1170.53 	      PKPdf 
    155.00       1.3698    1177.88 	      PKPdf 
    160.00       1.1351    1184.16 	      PKPdf 
    165.00       0.8707    1189.18 	      PKPdf 
    170.00       0.5884    1192.84 	      PKPdf 
    175.00       0.2963    1195.05 	      PKPdf 
    180.00       0.0000    1195.79 	      PKPdf 
    130.00     130.00 	 PKPdf 	 depth
    115.00       1.9150    1105.34 	      PKPdf 
    120.00       1.9115    1114.91 	      PKPdf 
    125.00       1.9019    1124.45 	      PKPdf 
    130.00       1.8831    1133.91 	      PKPdf 
    135.00       1.8498    1143.25 	      PKPdf 
    140.00       1.7933    1152.37 	      PKPdf 
    145.00       1.7011    1161.13 	      PKPdf 
    150.00       1.5610    1169.30 	      PKPdf 
    155.00       1.3694    1176.65 	      PKPdf 
    160.00       1.1347    1182.92 	      PKPdf 
    165.00       0.8704    1187.95 	      PKPdf 
    170.00       0.5882    1191.60 	      PKPdf 
    175.00       0.2962    1193.81 	      PKPdf 
    180.00       0.0000    1194.55 	      PKPdf 
    140.00     140.00 	 PKPdf 	 depth
    115.00       1.9150    1104.12 	      PKPdf 
    120.00       1.9115    1113.69 	      PKPdf 
    125.00       1.9018    1123.22 	      PKPdf 
    130.00       1.8830    1132.69 	      PKPdf 
    135.00       1.8497    1142.03 	      PKPdf 
    140.00       1.7931    1151.15 	      PKPdf 
    145.00       1.7008    1159.90 	      PKPdf 
    150.00       1.5606    1168.07 	      PKPdf 
    155.00       1.3690    1175.42 	      PKPdf 
    160.00       1.1343    1181.69 	      PKPdf 
    165.00       0.8701    1186.71 	      PKPdf 
    170.00       0.5879    1190.36 	      PKPdf 
    175.00       0.2961    1192.58 	      PKPdf 
    180.00       0.0000    1193.32 	      PKPdf 
    150.00     150.00 	 PKPdf 	 depth
    115.00       1.9150    1102.90 	      PKPdf 
    120.00       1.9115    1112.47 	      PKPdf 
    125.00       1.9018    1122.00 	      PKPdf 
    130.00       1.8829    1131.47 	      PKPdf 
    135.00       1.8496    1140.81 	      PKPdf 
    140.00       1.7929    1149.93 	      PKPdf 
    145.00       1.7005    1158.68 	      PKPdf 
    150.00       1.5602    1166.85 	      PKPdf 
    155.00       1.3686    1174.19 	      PKPdf 
    160.00       1.1339    1180.47 	      PKPdf 
    165.00       0.8697    1185.48 	      PKPdf 
    170.00       0.5877    1189.13 	      PKPdf 
    175.00       0.2960    1191.35 	      PKPdf 
    180.00       0.0000    1192.09 	      PKPdf 
    160.00     160.00 	 PKPdf 	 depth
    115.00       1.9150    1101.68 	      PKPdf 
    120.00       1.9114    1111.25 	      PKPdf 
    125.00       1.9018    1120.79 	      PKPdf 
    130.00       1.8829    1130.25 	      PKPdf 
    135.00       1.8495    1139.59 	      PKPdf 
    140.00       1.7927    1148.71 	      PKPdf 
    145.00       1.7003    1157.46 	      PKPdf 
    150.00       1.5599    1165.63 	      PKPdf 
    155.00       1.3682    1172.97 	      PKPdf 
    160.00       1.1335    1179.24 	      PKPdf 
    165.00       0.8694    1184.26 	      PKPdf 
    170.00       0.5875    1187.91 	      PKPdf 
    175.00       0.2958    1190.12 	      PKPdf 
    180.00       0.0000    1190.86 	      PKPdf 
    170.00     170.00 	 PKPdf 	 depth
    115.00       1.9150    1100.47 	      PKPdf 
    120.00       1.9114    1110.04 	      PKPdf 
    125.00       1.9017    1119.58 	      PKPdf 
    130.00       1.8828    1129.04 	      PKPdf 
    135.00       1.8493    1138.38 	      PKPdf 
    140.00       1.7926    1147.50 	      PKPdf 
    145.00       1.7000    1156.25 	      PKPdf 
    150.00       1.5595    1164.42 	      PKPdf 
    155.00       1.3678    1171.76 	      PKPdf 
    160.00       1.1331    1178.02 	      PKPdf 
    165.00       0.8691    1183.04 	      PKPdf 
    170.00       0.5872    1186.69 	      PKPdf 
    175.00       0.2957    1188.90 	      PKPdf 
    180.00       0.0000    1189.64 	      PKPdf 
    180.00     180.00 	 PKPdf 	 depth
    115.00       1.9150    1099.27 	      PKPdf 
    120.00       1.9114    1108.84 	      PKPdf 
    125.00       1.9017    1118.37 	      PKPdf 
    130.00       1.8827    1127.84 	      PKPdf 
    135.00       1.8492    1137.17 	      PKPdf 
    140.00       1.7924    1146.29 	      PKPdf 
    145.00       1.6997    1155.04 	      PKPdf 
    150.00       1.5591    1163.21 	      PKPdf 
    155.00       1.3674    1170.54 	      PKPdf 
    160.00       1.1327    1176.81 	      PKPdf 
    165.00       0.8687    1181.82 	      PKPdf 
    170.00       0.5870    1185.47 	      PKPdf 
    175.00       0.2956    1187.68 	      PKPdf 
    180.00       0.0000    1188.42 	      PKPdf 
    190.00     190.00 	 PKPdf 	 depth
    115.00       1.9150    1098.07 	      PKPdf 
    120.00       1.9114    1107.63 	      PKPdf 
    125.00       1.9016    1117.17 	      PKPdf 
    130.00       1.8827    1126.63 	      PKPdf 
    135.00       1.8491    1135.97 	      PKPdf 
    140.00       1.7922    1145.09 	      PKPdf 
    145.00       1.6994    1153.83 	      PKPdf 
    150.00       1.5588    1162.00 	      PKPdf 
    155.00       1.3669    1169.34 	      PKPdf 
    160.00       1.1323    1175.60 	      PKPdf 
    165.00       0.8684    1180.61 	      PKPdf 
    170.00       0.5868    1184.25 	      PKPdf 
    175.00       0.2955    1186.46 	      PKPdf 
    180.00       0.0000    1187.20 	      PKPdf 
    200.00     200.00 	 PKPdf 	 depth
    115.00       1.9150    1096.87 	      PKPdf 
    120.00       1.9114    1106.44 	      PKPdf 
    125.00       1.9016    1115.97 	      PKPdf 
    130.00       1.8826    1125.44 	      PKPdf 
    135.00       1.8490    1134.77 	      PKPdf 
    140.00       1.7920    1143.89 	      PKPdf 
    145.00       1.6991    1152.63 	      PKPdf 
    150.00       1.5584    1160.80 	      PKPdf 
    155.00       1.3665    1168.13 	      PKPdf 
    160.00       1.1319    1174.39 	      PKPdf 
    165.00       0.8681    1179.40 	      PKPdf 
    170.00       0.5865    1183.04 	      PKPdf 
    175.00       0.2953    1185.25 	      PKPdf 
    180.00       0.0000    1185.99 	      PKPdf 
    210.00     210.00 	 PKPdf 	 depth
    115.00       1.9150    1095.67 	      PKPdf 
    120.00       1.9114    1105.24 	      PKPdf 
    125.00       1.9016    1114.78 	      PKPdf 
    130.00       1.8825    1124.24 	      PKPdf 
    135.00       1.8489    1133.58 	      PKPdf 
    140.00       1.7918    1142.69 	      PKPdf 
    145.00       1.6989    1151.44 	      PKPdf 
    150.00       1.5580    1159.60 	      PKPdf 
    155.00       1.3661    1166.93 	      PKPdf 
    160.00       1.1315    1173.19 	      PKPdf 
    165.00       0.8677    1178.20 	      PKPdf 
    170.00       0.5863    1181.84 	      PKPdf 
    175.00       0.2952    1184.04 	      PKPdf 
    180.00       0.0000    1184.78 	      PKPdf 
    220.00     220.00 	 PKPdf 	 depth
    115.00       1.9150    1094.48 	      PKPdf 
    120.00       1.9113    1104.05 	      PKPdf 
    125.00       1.9015    1113.59 	      PKPdf 
    130.00       1.8825    1123.05 	      PKPdf 
    135.00       1.8488    1132.39 	      PKPdf 
    140.00       1.7916    1141.50 	      PKPdf 
    145.00       1.6986    1150.24 	      PKPdf 
    150.00       1.5577    1158.41 	      PKPdf 
    155.00       1.3657    1165.74 	      PKPdf 
    160.00       1.1311    1171.99 	      PKPdf 
    165.00       0.8674    1177.00 	      PKPdf 
    170.00       0.5860    1180.64 	      PKPdf 
    175.00       0.2951    1182.84 	      PKPdf 
    180.00       0.0000    1183.58 	      PKPdf 
    230.00     230.00 	 PKPdf 	 depth
    115.00       1.9150    1093.30 	      PKPdf 
    120.00       1.9113    1102.87 	      PKPdf 
    125.00       1.9015    1112.40 	      PKPdf 
    130.00       1.8824    1121.87 	      PKPdf 
    135.00       1.8486    1131.20 	      PKPdf 
    140.00       1.7914    1140.32 	      PKPdf 
    145.00       1.6983    1149.06 	      PKPdf 
    150.00       1.5573    1157.22 	      PKPdf 
    155.00       1.3652    1164.55 	      PKPdf 
    160.00       1.1307    1170.80 	      PKPdf 
    165.00       0.8670    1175.80 	      PKPdf 
    170.00       0.5858    1179.44 	      PKPdf 
    175.00       0.2950    1181.65 	      PKPdf 
    180.00       0.0000    1182.38 	      PKPdf 
    240.00     240.00 	 PKPdf 	 depth
    115.00       1.9150    1092.12 	      PKPdf 
    120.00       1.9113    1101.69 	      PKPdf 
    125.00       1.9015    1111.23 	      PKPdf 
    130.00       1.8823    1120.69 	      PKPdf 
    135.00       1.8485    1130.02 	      PKPdf 
    140.00       1.7912    1139.14 	      PKPdf 
    145.00       1.6980    1147.88 	      PKPdf 
    150.00       1.5569    1156.04 	      PKPdf 
    155.00       1.3648    1163.36 	      PKPdf 
    160.00       1.1303    1169.61 	      PKPdf 
    165.00       0.8667    1174.61 	      PKPdf 
    170.00       0.5855    1178.25 	      PKPdf 
    175.00       0.2948    1180.45 	      PKPdf 
    180.00       0.0000    1181.19 	      PKPdf 
    250.00     250.00 	 PKPdf 	 depth
    115.00       1.9150    1090.95 	      PKPdf 
    120.00       1.9113    1100.52 	      PKPdf 
    125.00       1.9014    1110.05 	      PKPdf 
    130.00       1.8822    1119.52 	      PKPdf 
    135.00       1.8484    1128.85 	      PKPdf 
    140.00       1.7910    1137.96 	      PKPdf 
    145.00       1.6977    1146.70 	      PKPdf 
    150.00       1.5565    1154.86 	      PKPdf 
    155.00       1.3644    1162.18 	      PKPdf 
    160.00       1.1299    1168.43 	      PKPdf 
    165.00       0.8663    1173.43 	      PKPdf 
    170.00       0.5853    1177.07 	      PKPdf 
    175.00       0.2947    1179.27 	      PKPdf 
    180.00       0.0000    1180.01 	      PKPdf 
    260.00     260.00 	 PKPdf 	 depth
    115.00       1.9150    1089.78 	      PKPdf 
    120.00       1.9113    1099.35 	      PKPdf 
    125.00       1.9014    1108.88 	      PKPdf 
    130.00       1.8822    1118.35 	      PKPdf 
    135.00       1.8483    1127.68 	      PKPdf 
    140.00       1.7908    1136.79 	      PKPdf 
    145.00       1.6974    1145.53 	      PKPdf 
    150.00       1.5561    1153.69 	      PKPdf 
    155.00       1.3639    1161.01 	      PKPdf 
    160.00       1.1294    1167.25 	      PKPdf 
    165.00       0.8660    1172.25 	      PKPdf 
    170.00       0.5850    1175.89 	      PKPdf 
    175.00       0.2946    1178.09 	      PKPdf 
    180.00       0.0000    1178.82 	      PKPdf 
    270.00     270.00 	 PKPdf 	 depth
    115.00       1.9150    1088.62 	      PKPdf 
    120.00       1.9112    1098.19 	      PKPdf 
    125.00       1.9013    1107.72 	      PKPdf 
    130.00       1.8821    1117.19 	      PKPdf 
    135.00       1.8482    1126.52 	      PKPdf 
    140.00       1.7906    1135.63 	      PKPdf 
    145.00       1.6971    1144.37 	      PKPdf 
    150.00       1.5557    1152.52 	      PKPdf 
    155.00       1.3635    1159.84 	      PKPdf 
    160.00       1.1290    1166.08 	      PKPdf 
    165.00       0.8656    1171.08 	      PKPdf 
    170.00       0.5848    1174.71 	      PKPdf 
    175.00       0.2945    1176.91 	      PKPdf 
    180.00       0.0000    1177.65 	      PKPdf 
    280.00     280.00 	 PKPdf 	 depth
    115.00       1.9150    1087.46 	      PKPdf 
    120.00       1.9112    1097.03 	      PKPdf 
    125.00       1.9013    1106.56 	      PKPdf 
    130.00       1.8820    1116.03 	      PKPdf 
    135.00       1.8480    1125.36 	      PKPdf 
    140.00       1.7904    1134.47 	      PKPdf 
    145.00       1.6968    1143.20 	      PKPdf 
    150.00       1.5553    1151.36 	      PKPdf 
    155.00       1.3630    1158.67 	      PKPdf 
    160.00       1.1286    1164.92 	      PKPdf 
    165.00       0.8653    1169.91 	      PKPdf 
    170.00       0.5845    1173.54 	      PKPdf 
    175.00       0.2943    1175.74 	      PKPdf 
    180.00       0.0000    1176.48 	      PKPdf 
    290.00     290.00 	 PKPdf 	 depth
    115.00       1.9150    1086.31 	      PKPdf 
    120.00       1.9112    1095.88 	      PKPdf 
    125.00       1.9013    1105.41 	      PKPdf 
    130.00       1.8820    1114.87 	      PKPdf 
    135.00       1.8479    1124.21 	      PKPdf 
    140.00       1.7902    1133.31 	      PKPdf 
    145.00       1.6965    1142.05 	      PKPdf 
    150.00       1.5549    1150.20 	      PKPdf 
    155.00       1.3626    1157.51 	      PKPdf 
    160.00       1.1282    1163.75 	      PKPdf 
    165.00       0.8649    1168.75 	      PKPdf 
    170.00       0.5843    1172.38 	      PKPdf 
    175.00       0.2942    1174.57 	      PKPdf 
    180.00       0.0000    1175.31 	      PKPdf 
    300.00     300.00 	 PKPdf 	 depth
    115.00       1.9150    1085.16 	      PKPdf 
    120.00       1.9112    1094.73 	      PKPdf 
    125.00       1.9012    1104.26 	      PKPdf 
    130.00       1.8819    1113.73 	      PKPdf 
    135.00       1.8478    1123.06 	      PKPdf 
    140.00       1.7900    1132.17 	      PKPdf 
    145.00       1.6962    1140.90 	      PKPdf 
    150.00       1.5545    1149.05 	      PKPdf 
    155.00       1.3621    1156.36 	      PKPdf 
    160.00       1.1277    1162.60 	      PKPdf 
    165.00       0.8645    1167.59 	      PKPdf 
    170.00       0.5840    1171.21 	      PKPdf 
    175.00       0.2941    1173.41 	      PKPdf 
    180.00       0.0000    1174.15 	      PKPdf 
    310.00     310.00 	 PKPdf 	 depth
    115.00       1.9150    1084.02 	      PKPdf 
    120.00       1.9112    1093.59 	      PKPdf 
    125.00       1.9012    1103.12 	      PKPdf 
    130.00       1.8818    1112.58 	      PKPdf 
    135.00       1.8477    1121.92 	      PKPdf 
    140.00       1.7898    1131.02 	      PKPdf 
    145.00       1.6959    1139.75 	      PKPdf 
    150.00       1.5541    1147.90 	      PKPdf 
    155.00       1.3617    1155.21 	      PKPdf 
    160.00       1.1273    1161.45 	      PKPdf 
    165.00       0.8642    1166.43 	      PKPdf 
    170.00       0.5838    1170.06 	      PKPdf 
    175.00       0.2939    1172.26 	      PKPdf 
    180.00       0.0000    1172.99 	      PKPdf 
    320.00     320.00 	 PKPdf 	 depth
    115.00       1.9150    1082.88 	      PKPdf 
    120.00       1.9111    1092.45 	      PKPdf 
    125.00       1.9011    1101.98 	      PKPdf 
    130.00       1.8817    1111.45 	      PKPdf 
    135.00       1.8475    1120.78 	      PKPdf 
    140.00       1.7896    1129.88 	      PKPdf 
    145.00       1.6956    1138.61 	      PKPdf 
    150.00       1.5537    1146.76 	      PKPdf 
    155.00       1.3612    1154.07 	      PKPdf 
    160.00       1.1268    1160.30 	      PKPdf 
    165.00       0.8638    1165.29 	      PKPdf 
    170.00       0.5835    1168.91 	      PKPdf 
    175.00       0.2938    1171.11 	      PKPdf 
    180.00       0.0000    1171.84 	      PKPdf 
    330.00     330.00 	 PKPdf 	 depth
    115.00       1.9150    1081.75 	      PKPdf 
    120.00       1.9111    1091.32 	      PKPdf 
    125.00       1.9011    1100.85 	      PKPdf 
    130.00       1.8817    1110.31 	      PKPdf 
    135.00       1.8474    1119.64 	      PKPdf 
    140.00       1.7894    1128.75 	      PKPdf 
    145.00       1.6953    1137.48 	      PKPdf 
    150.00       1.5533    1145.62 	      PKPdf 
    155.00       1.3608    1152.93 	      PKPdf 
    160.00       1.1264    1159.16 	      PKPdf 
    165.00       0.8634    1164.14 	      PKPdf 
    170.00       0.5832    1167.76 	      PKPdf 
    175.00       0.2937    1169.96 	      PKPdf 
    180.00       0.0000    1170.69 	      PKPdf 
    340.00     340.00 	 PKPdf 	 depth
    115.00       1.9150    1080.62 	      PKPdf 
    120.00       1.9111    1090.19 	      PKPdf 
    125.00       1.9010    1099.72 	      PKPdf 
    130.00       1.8816    1109.19 	      PKPdf 
    135.00       1.8473    1118.52 	      PKPdf 
    140.00       1.7892    1127.62 	      PKPdf 
    145.00       1.6950    1136.35 	      PKPdf 
    150.00       1.5529    1144.49 	      PKPdf 
    155.00       1.3603    1151.79 	      PKPdf 
    160.00       1.1259    1158.02 	      PKPdf 
    165.00       0.8631    1163.00 	      PKPdf 
    170.00       0.5830    1166.62 	      PKPdf 
    175.00       0.2935    1168.82 	      PKPdf 
    180.00       0.0000    1169.55 	      PKPdf 
    350.00     350.00 	 PKPdf 	 depth
    115.00       1.9150    1079.50 	      PKPdf 
    120.00       1.9111    1089.07 	      PKPdf 
    125.00       1.9010    1098.60 	      PKPdf 
    130.00       1.8815    1108.06 	      PKPdf 
    135.00       1.8471    1117.39 	      PKPdf 
    140.00       1.7890    1126.49 	      PKPdf 
    145.00       1.6947    1135.22 	      PKPdf 
    150.00       1.5525    1143.36 	      PKPdf 
    155.00       1.3598    1150.66 	      PKPdf 
    160.00       1.1255    1156.89 	      PKPdf 
    165.00       0.8627    1161.87 	      PKPdf 
    170.00       0.5827    1165.49 	      PKPdf 
    175.00       0.2934    1167.68 	      PKPdf 
    180.00       0.0000    1168.41 	      PKPdf 
    360.00     360.00 	 PKPdf 	 depth
    115.00       1.9150    1078.38 	      PKPdf 
    120.00       1.9111    1087.95 	      PKPdf 
    125.00       1.9010    1097.48 	      PKPdf 
    130.00       1.8814    1106.94 	      PKPdf 
    135.00       1.8470    1116.27 	      PKPdf 
    140.00       1.7888    1125.37 	      PKPdf 
    145.00       1.6943    1134.10 	      PKPdf 
    150.00       1.5520    1142.24 	      PKPdf 
    155.00       1.3594    1149.54 	      PKPdf 
    160.00       1.1250    1155.76 	      PKPdf 
    165.00       0.8623    1160.74 	      PKPdf 
    170.00       0.5824    1164.36 	      PKPdf 
    175.00       0.2933    1166.55 	      PKPdf 
    180.00       0.0000    1167.28 	      PKPdf 
    370.00     370.00 	 PKPdf 	 depth
    115.00       1.9149    1077.27 	      PKPdf 
    120.00       1.9110    1086.84 	      PKPdf 
    125.00       1.9009    1096.37 	      PKPdf 
    130.00       1.8813    1105.83 	      PKPdf 
    135.00       1.8469    1115.16 	      PKPdf 
    140.00       1.7886    1124.26 	      PKPdf 
    145.00       1.6940    1132.98 	      PKPdf 
    150.00       1.5516    1141.12 	      PKPdf 
    155.00       1.3589    1148.42 	      PKPdf 
    160.00       1.1246    1154.64 	      PKPdf 
    165.00       0.8619    1159.61 	      PKPdf 
    170.00       0.5822    1163.23 	      PKPdf 
    175.00       0.2931    1165.42 	      PKPdf 
    180.00       0.0000    1166.15 	      PKPdf 
    380.00     380.00 	 PKPdf 	 depth
    115.00       1.9149    1076.16 	      PKPdf 
    120.00       1.9110    1085.73 	      PKPdf 
    125.00       1.9009    1095.26 	      PKPdf 
    130.00       1.8813    1104.72 	      PKPdf 
    135.00       1.8467    1114.05 	      PKPdf 
    140.00       1.7883    1123.15 	      PKPdf 
    145.00       1.6937    1131.87 	      PKPdf 
    150.00       1.5512    1140.01 	      PKPdf 
    155.00       1.3584    1147.30 	      PKPdf 
    160.00       1.1241    1153.52 	      PKPdf 
    165.00       0.8616    1158.49 	      PKPdf 
    170.00       0.5819    1162.11 	      PKPdf 
    175.00       0.2930    1164.30 	      PKPdf 
    180.00       0.0000    1165.03 	      PKPdf 
    390.00     390.00 	 PKPdf 	 depth
    115.00       1.9149    1075.06 	      PKPdf 
    120.00       1.9110    1084.62 	      PKPdf 
    125.00       1.9008    1094.16 	      PKPdf 
    130.00       1.8812    1103.62 	      PKPdf 
    135.00       1.8466    1112.94 	      PKPdf 
    140.00       1.7881    1122.04 	      PKPdf 
    145.00       1.6934    1130.76 	      PKPdf 
    150.00       1.5508    1138.90 	      PKPdf 
    155.00       1.3579    1146.19 	      PKPdf 
    160.00       1.1237    1152.41 	      PKPdf 
    165.00       0.8612    1157.38 	      PKPdf 
    170.00       0.5816    1160.99 	      PKPdf 
    175.00       0.2928    1163.18 	      PKPdf 
    180.00       0.0000    1163.91 	      PKPdf 
    400.00     400.00 	 PKPdf 	 depth
    115.00       1.9149    1073.96 	      PKPdf 
    120.00       1.9110    1083.53 	      PKPdf 
    125.00       1.9008    1093.06 	      PKPdf 
    130.00       1.8811    1102.52 	      PKPdf 
    135.00       1.8465    1111.84 	      PKPdf 
    140.00       1.7879    1120.94 	      PKPdf 
    145.00       1.6930    1129.66 	      PKPdf 
    150.00       1.5503    1137.79 	      PKPdf 
    155.00       1.3574    1145.08 	      PKPdf 
    160.00       1.1232    1151.30 	      PKPdf 
    165.00       0.8608    1156.27 	      PKPdf 
    170.00       0.5814    1159.88 	      PKPdf 
    175.00       0.2927    1162.06 	      PKPdf 
    180.00       0.0000    1162.80 	      PKPdf 
    410.00     410.00 	 PKPdf 	 depth
    115.00       1.9149    1072.86 	      PKPdf 
    120.00       1.9110    1082.43 	      PKPdf 
    125.00       1.9007    1091.96 	      PKPdf 
    130.00       1.8810    1101.42 	      PKPdf 
    135.00       1.8463    1110.75 	      PKPdf 
    140.00       1.7877    1119.85 	      PKPdf 
    145.00       1.6927    1128.56 	      PKPdf 
    150.00       1.5499    1136.69 	      PKPdf 
    155.00       1.3569    1143.98 	      PKPdf 
    160.00       1.1227    1150.19 	      PKPdf 
    165.00       0.8604    1155.16 	      PKPdf 
    170.00       0.5811    1158.77 	      PKPdf 
    175.00       0.2926    1160.96 	      PKPdf 
    180.00       0.0000    1161.69 	      PKPdf 
    420.00     420.00 	 PKPdf 	 depth
    115.00       1.9149    1071.81 	      PKPdf 
    120.00       1.9109    1081.38 	      PKPdf 
    125.00       1.9007    1090.91 	      PKPdf 
    130.00       1.8809    1100.37 	      PKPdf 
    135.00       1.8462    1109.70 	      PKPdf 
    140.00       1.7874    1118.79 	      PKPdf 
    145.00       1.6923    1127.51 	      PKPdf 
    150.00       1.5494    1135.64 	      PKPdf 
    155.00       1.3564    1142.92 	      PKPdf 
    160.00       1.1222    1149.13 	      PKPdf 
    165.00       0.8600    1154.10 	      PKPdf 
    170.00       0.5808    1157.70 	      PKPdf 
    175.00       0.2924    1159.89 	      PKPdf 
    180.00       0.0000    1160.62 	      PKPdf 
    430.00     430.00 	 PKPdf 	 depth
    115.00       1.9149    1070.77 	      PKPdf 
    120.00       1.9109    1080.33 	      PKPdf 
    125.00       1.9006    1089.87 	      PKPdf 
    130.00       1.8808    1099.32 	      PKPdf 
    135.00       1.8460    1108.65 	      PKPdf 
    140.00       1.7872    1117.74 	      PKPdf 
    145.00       1.6920    1126.46 	      PKPdf 
    150.00       1.5490    1134.58 	      PKPdf 
    155.00       1.3559    1141.87 	      PKPdf 
    160.00       1.1217    1148.07 	      PKPdf 
    165.00       0.8596    1153.04 	      PKPdf 
    170.00       0.5805    1156.64 	      PKPdf 
    175.00       0.2923    1158.83 	      PKPdf 
    180.00       0.0000    1159.56 	      PKPdf 
    440.00     440.00 	 PKPdf 	 depth
    115.00       1.9149    1069.72 	      PKPdf 
    120.00       1.9109    1079.29 	      PKPdf 
    125.00       1.9006    1088.82 	      PKPdf 
    130.00       1.8808    1098.28 	      PKPdf 
    135.00       1.8459    1107.61 	      PKPdf 
    140.00       1.7870    1116.70 	      PKPdf 
    145.00       1.6916    1125.41 	      PKPdf 
    150.00       1.5485    1133.54 	      PKPdf 
    155.00       1.3554    1140.82 	      PKPdf 
    160.00       1.1212    1147.02 	      PKPdf 
    165.00       0.8592    1151.98 	      PKPdf 
    170.00       0.5802    1155.59 	      PKPdf 
    175.00       0.2921    1157.77 	      PKPdf 
    180.00       0.0000    1158.50 	      PKPdf 
    450.00     450.00 	 PKPdf 	 depth
    115.00       1.9149    1068.69 	      PKPdf 
    120.00       1.9109    1078.25 	      PKPdf 
    125.00       1.9005    1087.78 	      PKPdf 
    130.00       1.8807    1097.24 	      PKPdf 
    135.00       1.8457    1106.57 	      PKPdf 
    140.00       1.7867    1115.66 	      PKPdf 
    145.00       1.6913    1124.37 	      PKPdf 
    150.00       1.5480    1132.49 	      PKPdf 
    155.00       1.3549    1139.77 	      PKPdf 
    160.00       1.1207    1145.97 	      PKPdf 
    165.00       0.8587    1150.93 	      PKPdf 
    170.00       0.5799    1154.53 	      PKPdf 
    175.00       0.2920    1156.71 	      PKPdf 
    180.00       0.0000    1157.44 	      PKPdf 
    460.00     460.00 	 PKPdf 	 depth
    115.00       1.9149    1067.65 	      PKPdf 
    120.00       1.9108    1077.22 	      PKPdf 
    125.00       1.9005    1086.75 	      PKPdf 
    130.00       1.8806    1096.21 	      PKPdf 
    135.00       1.8456    1105.53 	      PKPdf 
    140.00       1.7865    1114.62 	      PKPdf 
    145.00       1.6909    1123.33 	      PKPdf 
    150.00       1.5476    1131.45 	      PKPdf 
    155.00       1.3543    1138.73 	      PKPdf 
    160.00       1.1202    1144.93 	      PKPdf 
    165.00       0.8583    1149.88 	      PKPdf 
    170.00       0.5796    1153.48 	      PKPdf 
    175.00       0.2918    1155.66 	      PKPdf 
    180.00       0.0000    1156.39 	      PKPdf 
    470.00     470.00 	 PKPdf 	 depth
    115.00       1.9149    1066.62 	      PKPdf 
    120.00       1.9108    1076.19 	      PKPdf 
    125.00       1.9004    1085.72 	      PKPdf 
    130.00       1.8805    1095.17 	      PKPdf 
    135.00       1.8454    1104.50 	      PKPdf 
    140.00       1.7862    1113.59 	      PKPdf 
    145.00       1.6906    1122.30 	      PKPdf 
    150.00       1.5471    1130.41 	      PKPdf 
    155.00       1.3538    1137.69 	      PKPdf 
    160.00       1.1197    1143.88 	      PKPdf 
    165.00       0.8579    1148.84 	      PKPdf 
    170.00       0.5793    1152.44 	      PKPdf 
    175.00       0.2917    1154.62 	      PKPdf 
    180.00       0.0000    1155.35 	      PKPdf 
    480.00     480.00 	 PKPdf 	 depth
    115.00       1.9149    1065.59 	      PKPdf 
    120.00       1.9108    1075.16 	      PKPdf 
    125.00       1.9004    1084.69 	      PKPdf 
    130.00       1.8804    1094.15 	      PKPdf 
    135.00       1.8453    1103.47 	      PKPdf 
    140.00       1.7860    1112.56 	      PKPdf 
    145.00       1.6902    1121.27 	      PKPdf 
    150.00       1.5466    1129.38 	      PKPdf 
    155.00       1.3533    1136.65 	      PKPdf 
    160.00       1.1192    1142.85 	      PKPdf 
    165.00       0.8575    1147.80 	      PKPdf 
    170.00       0.5790    1151.39 	      PKPdf 
    175.00       0.2915    1153.57 	      PKPdf 
    180.00       0.0000    1154.30 	      PKPdf 
    490.00     490.00 	 PKPdf 	 depth
    115.00       1.9149    1064.57 	      PKPdf 
    120.00       1.9108    1074.13 	      PKPdf 
    125.00       1.9003    1083.67 	      PKPdf 
    130.00       1.8803    1093.12 	      PKPdf 
    135.00       1.8451    1102.44 	      PKPdf 
    140.00       1.7858    1111.53 	      PKPdf 
    145.00       1.6898    1120.24 	      PKPdf 
    150.00       1.5461    1128.35 	      PKPdf 
    155.00       1.3527    1135.62 	      PKPdf 
    160.00       1.1187    1141.81 	      PKPdf 
    165.00       0.8571    1146.76 	      PKPdf 
    170.00       0.5787    1150.35 	      PKPdf 
    175.00       0.2914    1152.53 	      PKPdf 
    180.00       0.0000    1153.26 	      PKPdf 
    500.00     500.00 	 PKPdf 	 depth
    115.00       1.9149    1063.55 	      PKPdf 
    120.00       1.9108    1073.11 	      PKPdf 
    125.00       1.9003    1082.65 	      PKPdf 
    130.00       1.8802    1092.10 	      PKPdf 
    135.00       1.8450    1101.42 	      PKPdf 
    140.00       1.7855    1110.51 	      PKPdf 
    145.00       1.6894    1119.22 	      PKPdf 
    150.00       1.5456    1127.33 	      PKPdf 
    155.00       1.3522    1134.59 	      PKPdf 
    160.00       1.1182    1140.78 	      PKPdf 
    165.00       0.8566    1145.73 	      PKPdf 
    170.00       0.5784    1149.32 	      PKPdf 
    175.00       0.2912    1151.50 	      PKPdf 
    180.00       0.0000    1152.22 	      PKPdf 
    510.00     510.00 	 PKPdf 	 depth
    115.00       1.9149    1062.53 	      PKPdf 
    120.00       1.9107    1072.10 	      PKPdf 
    125.00       1.9002    1081.63 	      PKPdf 
    130.00       1.8801    1091.09 	      PKPdf 
    135.00       1.8448    1100.41 	      PKPdf 
    140.00       1.7852    1109.49 	      PKPdf 
    145.00       1.6891    1118.20 	      PKPdf 
    150.00       1.5452    1126.30 	      PKPdf 
    155.00       1.3517    1133.57 	      PKPdf 
    160.00       1.1177    1139.75 	      PKPdf 
    165.00       0.8562    1144.70 	      PKPdf 
    170.00       0.5781    1148.29 	      PKPdf 
    175.00       0.2910    1150.46 	      PKPdf 
    180.00       0.0000    1151.19 	      PKPdf 
    520.00     520.00 	 PKPdf 	 depth
    115.00       1.9149    1061.52 	      PKPdf 
    120.00       1.9107    1071.09 	      PKPdf 
    125.00       1.9002    1080.62 	      PKPdf 
    130.00       1.8800    1090.07 	      PKPdf 
    135.00       1.8446    1099.39 	      PKPdf 
    140.00       1.7850    1108.48 	      PKPdf 
    145.00       1.6887    1117.18 	      PKPdf 
    150.00       1.5447    1125.29 	      PKPdf 
    155.00       1.3511    1132.54 	      PKPdf 
    160.00       1.1172    1138.73 	      PKPdf 
    165.00       0.8558    1143.67 	      PKPdf 
    170.00       0.5778    1147.26 	      PKPdf 
    175.00       0.2909    1149.43 	      PKPdf 
    180.00       0.0000    1150.16 	      PKPdf 
    530.00     530.00 	 PKPdf 	 depth
    115.00       1.9149    1060.51 	      PKPdf 
    120.00       1.9107    1070.08 	      PKPdf 
    125.00       1.9001    1079.61 	      PKPdf 
    130.00       1.8799    1089.06 	      PKPdf 
    135.00       1.8445    1098.38 	      PKPdf 
    140.00       1.7847    1107.47 	      PKPdf 
    145.00       1.6883    1116.17 	      PKPdf 
    150.00       1.5442    1124.27 	      PKPdf 
    155.00       1.3506    1131.53 	      PKPdf 
    160.00       1.1166    1137.71 	      PKPdf 
    165.00       0.8553    1142.65 	      PKPdf 
    170.00       0.5775    1146.23 	      PKPdf 
    175.00       0.2907    1148.41 	      PKPdf 
    180.00       0.0000    1149.14 	      PKPdf 
    540.00     540.00 	 PKPdf 	 depth
    115.00       1.9149    1059.51 	      PKPdf 
    120.00       1.9106    1069.07 	      PKPdf 
    125.00       1.9001    1078.60 	      PKPdf 
    130.00       1.8798    1088.06 	      PKPdf 
    135.00       1.8443    1097.38 	      PKPdf 
    140.00       1.7845    1106.46 	      PKPdf 
    145.00       1.6879    1115.16 	      PKPdf 
    150.00       1.5437    1123.26 	      PKPdf 
    155.00       1.3500    1130.51 	      PKPdf 
    160.00       1.1161    1136.69 	      PKPdf 
    165.00       0.8549    1141.63 	      PKPdf 
    170.00       0.5772    1145.21 	      PKPdf 
    175.00       0.2906    1147.39 	      PKPdf 
    180.00       0.0000    1148.11 	      PKPdf 
    550.00     550.00 	 PKPdf 	 depth
    115.00       1.9148    1058.50 	      PKPdf 
    120.00       1.9106    1068.07 	      PKPdf 
    125.00       1.9000    1077.60 	      PKPdf 
    130.00       1.8797    1087.05 	      PKPdf 
    135.00       1.8442    1096.37 	      PKPdf 
    140.00       1.7842    1105.46 	      PKPdf 
    145.00       1.6875    1114.15 	      PKPdf 
    150.00       1.5432    1122.25 	      PKPdf 
    155.00       1.3495    1129.50 	      PKPdf 
    160.00       1.1156    1135.68 	      PKPdf 
    165.00       0.8544    1140.61 	      PKPdf 
    170.00       0.5769    1144.20 	      PKPdf 
    175.00       0.2904    1146.37 	      PKPdf 
    180.00       0.0000    1147.09 	      PKPdf 
    560.00     560.00 	 PKPdf 	 depth
    115.00       1.9148    1057.51 	      PKPdf 
    120.00       1.9106    1067.07 	      PKPdf 
    125.00       1.9000    1076.60 	      PKPdf 
    130.00       1.8796    1086.06 	      PKPdf 
    135.00       1.8440    1095.37 	      PKPdf 
    140.00       1.7840    1104.46 	      PKPdf 
    145.00       1.6872    1113.15 	      PKPdf 
    150.00       1.5427    1121.25 	      PKPdf 
    155.00       1.3489    1128.50 	      PKPdf 
    160.00       1.1150    1134.67 	      PKPdf 
    165.00       0.8540    1139.60 	      PKPdf 
    170.00       0.5766    1143.18 	      PKPdf 
    175.00       0.2902    1145.35 	      PKPdf 
    180.00       0.0000    1146.08 	      PKPdf 
    570.00     570.00 	 PKPdf 	 depth
    115.00       1.9148    1056.51 	      PKPdf 
    120.00       1.9106    1066.08 	      PKPdf 
    125.00       1.8999    1075.61 	      PKPdf 
    130.00       1.8795    1085.06 	      PKPdf 
    135.00       1.8438    1094.38 	      PKPdf 
    140.00       1.7837    1103.46 	      PKPdf 
    145.00       1.6868    1112.15 	      PKPdf 
    150.00       1.5421    1120.25 	      PKPdf 
    155.00       1.3483    1127.49 	      PKPdf 
    160.00       1.1145    1133.66 	      PKPdf 
    165.00       0.8536    1138.59 	      PKPdf 
    170.00       0.5763    1142.17 	      PKPdf 
    175.00       0.2901    1144.34 	      PKPdf 
    180.00       0.0000    1145.07 	      PKPdf 
    580.00     580.00 	 PKPdf 	 depth
    115.00       1.9148    1055.52 	      PKPdf 
    120.00       1.9105    1065.09 	      PKPdf 
    125.00       1.8999    1074.62 	      PKPdf 
    130.00       1.8794    1084.07 	      PKPdf 
    135.00       1.8437    1093.39 	      PKPdf 
    140.00       1.7834    1102.47 	      PKPdf 
    145.00       1.6864    1111.16 	      PKPdf 
    150.00       1.5416    1119.25 	      PKPdf 
    155.00       1.3478    1126.49 	      PKPdf 
    160.00       1.1140    1132.66 	      PKPdf 
    165.00       0.8531    1137.59 	      PKPdf 
    170.00       0.5760    1141.16 	      PKPdf 
    175.00       0.2899    1143.33 	      PKPdf 
    180.00       0.0000    1144.06 	      PKPdf 
    590.00     590.00 	 PKPdf 	 depth
    115.00       1.9148    1054.53 	      PKPdf 
    120.00       1.9105    1064.10 	      PKPdf 
    125.00       1.8998    1073.63 	      PKPdf 
    130.00       1.8793    1083.08 	      PKPdf 
    135.00       1.8435    1092.40 	      PKPdf 
    140.00       1.7831    1101.48 	      PKPdf 
    145.00       1.6860    1110.17 	      PKPdf 
    150.00       1.5411    1118.26 	      PKPdf 
    155.00       1.3472    1125.50 	      PKPdf 
    160.00       1.1134    1131.66 	      PKPdf 
    165.00       0.8527    1136.58 	      PKPdf 
    170.00       0.5756    1140.16 	      PKPdf 
    175.00       0.2898    1142.33 	      PKPdf 
    180.00       0.0000    1143.05 	      PKPdf 
    600.00     600.00 	 PKPdf 	 depth
    115.00       1.9148    1053.55 	      PKPdf 
    120.00       1.9105    1063.12 	      PKPdf 
    125.00       1.8997    1072.64 	      PKPdf 
    130.00       1.8792    1082.10 	      PKPdf 
    135.00       1.8433    1091.41 	      PKPdf 
    140.00       1.7829    1100.49 	      PKPdf 
    145.00       1.6856    1109.18 	      PKPdf 
    150.00       1.5406    1117.27 	      PKPdf 
    155.00       1.3466    1124.50 	      PKPdf 
    160.00       1.1129    1130.67 	      PKPdf 
    165.00       0.8522    1135.59 	      PKPdf 
    170.00       0.5753    1139.16 	      PKPdf 
    175.00       0.2896    1141.33 	      PKPdf 
    180.00       0.0000    1142.05 	      PKPdf 
    610.00     610.00 	 PKPdf 	 depth
    115.00       1.9148    1052.57 	      PKPdf 
    120.00       1.9105    1062.14 	      PKPdf 
    125.00       1.8997    1071.66 	      PKPdf 
    130.00       1.8791    1081.12 	      PKPdf 
    135.00       1.8432    1090.43 	      PKPdf 
    140.00       1.7826    1099.51 	      PKPdf 
    145.00       1.6852    1108.19 	      PKPdf 
    150.00       1.5401    1116.28 	      PKPdf 
    155.00       1.3460    1123.51 	      PKPdf 
    160.00       1.1123    1129.67 	      PKPdf 
    165.00       0.8517    1134.59 	      PKPdf 
    170.00       0.5750    1138.16 	      PKPdf 
    175.00       0.2894    1140.33 	      PKPdf 
    180.00       0.0000    1141.05 	      PKPdf 
    620.00     620.00 	 PKPdf 	 depth
    115.00       1.9148    1051.59 	      PKPdf 
    120.00       1.9104    1061.16 	      PKPdf 
    125.00       1.8996    1070.69 	      PKPdf 
    130.00       1.8790    1080.14 	      PKPdf 
    135.00       1.8430    1089.45 	      PKPdf 
    140.00       1.7823    1098.53 	      PKPdf 
    145.00       1.6847    1107.21 	      PKPdf 
    150.00       1.5395    1115.30 	      PKPdf 
    155.00       1.3454    1122.53 	      PKPdf 
    160.00       1.1118    1128.68 	      PKPdf 
    165.00       0.8513    1133.60 	      PKPdf 
    170.00       0.5747    1137.17 	      PKPdf 
    175.00       0.2893    1139.33 	      PKPdf 
    180.00       0.0000    1140.06 	      PKPdf 
    630.00     630.00 	 PKPdf 	 depth
    115.00       1.9148    1050.62 	      PKPdf 
    120.00       1.9104    1060.19 	      PKPdf 
    125.00       1.8996    1069.71 	      PKPdf 
    130.00       1.8789    1079.16 	      PKPdf 
    135.00       1.8428    1088.48 	      PKPdf 
    140.00       1.7820    1097.55 	      PKPdf 
    145.00       1.6843    1106.24 	      PKPdf 
    150.00       1.5390    1114.32 	      PKPdf 
    155.00       1.3449    1121.54 	      PKPdf 
    160.00       1.1112    1127.70 	      PKPdf 
    165.00       0.8508    1132.61 	      PKPdf 
    170.00       0.5744    1136.18 	      PKPdf 
    175.00       0.2891    1138.34 	      PKPdf 
    180.00       0.0000    1139.06 	      PKPdf 
    640.00     640.00 	 PKPdf 	 depth
    115.00       1.9148    1049.65 	      PKPdf 
    120.00       1.9104    1059.22 	      PKPdf 
    125.00       1.8995    1068.74 	      PKPdf 
    130.00       1.8788    1078.19 	      PKPdf 
    135.00       1.8426    1087.51 	      PKPdf 
    140.00       1.7818    1096.58 	      PKPdf 
    145.00       1.6839    1105.26 	      PKPdf 
    150.00       1.5385    1113.34 	      PKPdf 
    155.00       1.3443    1120.56 	      PKPdf 
    160.00       1.1106    1126.72 	      PKPdf 
    165.00       0.8504    1131.63 	      PKPdf 
    170.00       0.5740    1135.19 	      PKPdf 
    175.00       0.2889    1137.35 	      PKPdf 
    180.00       0.0000    1138.08 	      PKPdf 
    650.00     650.00 	 PKPdf 	 depth
    115.00       1.9148    1048.68 	      PKPdf 
    120.00       1.9104    1058.25 	      PKPdf 
    125.00       1.8994    1067.78 	      PKPdf 
    130.00       1.8787    1077.23 	      PKPdf 
    135.00       1.8425    1086.54 	      PKPdf 
    140.00       1.7815    1095.61 	      PKPdf 
    145.00       1.6835    1104.29 	      PKPdf 
    150.00       1.5379    1112.37 	      PKPdf 
    155.00       1.3437    1119.59 	      PKPdf 
    160.00       1.1101    1125.74 	      PKPdf 
    165.00       0.8499    1130.64 	      PKPdf 
    170.00       0.5737    1134.21 	      PKPdf 
    175.00       0.2888    1136.37 	      PKPdf 
    180.00       0.0000    1137.09 	      PKPdf 
    660.00     660.00 	 PKPdf 	 depth
    115.00       1.9148    1047.72 	      PKPdf 
    120.00       1.9103    1057.29 	      PKPdf 
    125.00       1.8994    1066.81 	      PKPdf 
    130.00       1.8786    1076.26 	      PKPdf 
    135.00       1.8423    1085.57 	      PKPdf 
    140.00       1.7812    1094.64 	      PKPdf 
    145.00       1.6831    1103.32 	      PKPdf 
    150.00       1.5374    1111.40 	      PKPdf 
    155.00       1.3431    1118.62 	      PKPdf 
    160.00       1.1095    1124.76 	      PKPdf 
    165.00       0.8494    1129.67 	      PKPdf 
    170.00       0.5734    1133.23 	      PKPdf 
    175.00       0.2886    1135.39 	      PKPdf 
    180.00       0.0000    1136.11 	      PKPdf 
    670.00     670.00 	 PKPdf 	 depth
    115.00       1.9148    1046.82 	      PKPdf 
    120.00       1.9103    1056.38 	      PKPdf 
    125.00       1.8993    1065.91 	      PKPdf 
    130.00       1.8785    1075.36 	      PKPdf 
    135.00       1.8421    1084.67 	      PKPdf 
    140.00       1.7809    1093.74 	      PKPdf 
    145.00       1.6826    1102.41 	      PKPdf 
    150.00       1.5368    1110.48 	      PKPdf 
    155.00       1.3424    1117.70 	      PKPdf 
    160.00       1.1089    1123.84 	      PKPdf 
    165.00       0.8489    1128.74 	      PKPdf 
    170.00       0.5730    1132.30 	      PKPdf 
    175.00       0.2884    1134.46 	      PKPdf 
    180.00       0.0000    1135.18 	      PKPdf 
    680.00     680.00 	 PKPdf 	 depth
    115.00       1.9148    1045.91 	      PKPdf 
    120.00       1.9103    1055.48 	      PKPdf 
    125.00       1.8993    1065.00 	      PKPdf 
    130.00       1.8784    1074.45 	      PKPdf 
    135.00       1.8419    1083.76 	      PKPdf 
    140.00       1.7806    1092.83 	      PKPdf 
    145.00       1.6822    1101.51 	      PKPdf 
    150.00       1.5362    1109.57 	      PKPdf 
    155.00       1.3418    1116.79 	      PKPdf 
    160.00       1.1083    1122.93 	      PKPdf 
    165.00       0.8484    1127.83 	      PKPdf 
    170.00       0.5727    1131.38 	      PKPdf 
    175.00       0.2882    1133.54 	      PKPdf 
    180.00       0.0000    1134.26 	      PKPdf 
    690.00     690.00 	 PKPdf 	 depth
    115.00       1.9147    1045.01 	      PKPdf 
    120.00       1.9102    1054.58 	      PKPdf 
    125.00       1.8992    1064.10 	      PKPdf 
    130.00       1.8783    1073.55 	      PKPdf 
    135.00       1.8417    1082.86 	      PKPdf 
    140.00       1.7803    1091.93 	      PKPdf 
    145.00       1.6817    1100.60 	      PKPdf 
    150.00       1.5356    1108.66 	      PKPdf 
    155.00       1.3411    1115.88 	      PKPdf 
    160.00       1.1077    1122.01 	      PKPdf 
    165.00       0.8479    1126.91 	      PKPdf 
    170.00       0.5723    1130.46 	      PKPdf 
    175.00       0.2880    1132.62 	      PKPdf 
    180.00       0.0000    1133.34 	      PKPdf 
    700.00     700.00 	 PKPdf 	 depth
    115.00       1.9147    1044.11 	      PKPdf 
    120.00       1.9102    1053.68 	      PKPdf 
    125.00       1.8991    1063.20 	      PKPdf 
    130.00       1.8781    1072.65 	      PKPdf 
    135.00       1.8415    1081.96 	      PKPdf 
    140.00       1.7799    1091.03 	      PKPdf 
    145.00       1.6813    1099.70 	      PKPdf 
    150.00       1.5350    1107.76 	      PKPdf 
    155.00       1.3405    1114.97 	      PKPdf 
    160.00       1.1071    1121.10 	      PKPdf 
    165.00       0.8474    1125.99 	      PKPdf 
    170.00       0.5719    1129.55 	      PKPdf 
    175.00       0.2879    1131.70 	      PKPdf 
    180.00       0.0000    1132.42 	      PKPdf 
