     10.00      10.00 	 pPP 	 depth
     20.00      20.00 	 pPP 	 depth
     30.00      30.00 	 pPP 	 depth
     40.00      40.00 	 pPP 	 depth
     50.00      50.00 	 pPP 	 depth
     60.00      60.00 	 pPP 	 depth
     70.00      70.00 	 pPP 	 depth
     80.00      80.00 	 pPP 	 depth
     90.00      90.00 	 pPP 	 depth
    100.00     100.00 	 pPP 	 depth
    110.00     110.00 	 pPP 	 depth
    120.00     120.00 	 pPP 	 depth
    130.00     130.00 	 pPP 	 depth
    140.00     140.00 	 pPP 	 depth
    150.00     150.00 	 pPP 	 depth
    160.00     160.00 	 pPP 	 depth
    170.00     170.00 	 pPP 	 depth
    180.00     180.00 	 pPP 	 depth
    190.00     190.00 	 pPP 	 depth
    200.00     200.00 	 pPP 	 depth
    210.00     210.00 	 pPP 	 depth
    220.00     220.00 	 pPP 	 depth
    230.00     230.00 	 pPP 	 depth
    240.00     240.00 	 pPP 	 depth
    250.00     250.00 	 pPP 	 depth
    260.00     260.00 	 pPP 	 depth
    270.00     270.00 	 pPP 	 depth
    280.00     280.00 	 pPP 	 depth
    290.00     290.00 	 pPP 	 depth
    300.00     300.00 	 pPP 	 depth
    310.00     310.00 	 pPP 	 depth
    320.00     320.00 	 pPP 	 depth
    330.00     330.00 	 pPP 	 depth
    340.00     340.00 	 pPP 	 depth
    350.00     350.00 	 pPP 	 depth
    360.00     360.00 	 pPP 	 depth
    370.00     370.00 	 pPP 	 depth
    380.00     380.00 	 pPP 	 depth
    390.00     390.00 	 pPP 	 depth
    400.00     400.00 	 pPP 	 depth
    410.00     410.00 	 pPP 	 depth
    420.00     420.00 	 pPP 	 depth
    430.00     430.00 	 pPP 	 depth
    440.00     440.00 	 pPP 	 depth
    450.00     450.00 	 pPP 	 depth
    460.00     460.00 	 pPP 	 depth
    470.00     470.00 	 pPP 	 depth
    480.00     480.00 	 pPP 	 depth
    490.00     490.00 	 pPP 	 depth
    500.00     500.00 	 pPP 	 depth
    510.00     510.00 	 pPP 	 depth
    520.00     520.00 	 pPP 	 depth
    530.00     530.00 	 pPP 	 depth
    540.00     540.00 	 pPP 	 depth
    550.00     550.00 	 pPP 	 depth
    560.00     560.00 	 pPP 	 depth
    570.00     570.00 	 pPP 	 depth
    580.00     580.00 	 pPP 	 depth
    590.00     590.00 	 pPP 	 depth
    600.00     600.00 	 pPP 	 depth
    610.00     610.00 	 pPP 	 depth
    620.00     620.00 	 pPP 	 depth
    630.00     630.00 	 pPP 	 depth
    640.00     640.00 	 pPP 	 depth
    650.00     650.00 	 pPP 	 depth
    660.00     660.00 	 pPP 	 depth
    670.00     670.00 	 pPP 	 depth
    680.00     680.00 	 pPP 	 depth
    690.00     690.00 	 pPP 	 depth
    700.00     700.00 	 pPP 	 depth
