      0.00       0.00 	 P'P'df 	 depth
     20.00      -0.5909    2418.29 	     P'P'df 
     25.00      -0.7343    2414.98 	     P'P'df 
     30.00      -0.8743    2410.96 	     P'P'df 
     35.00      -1.0098    2406.24 	     P'P'df 
     40.00      -1.1394    2400.87 	     P'P'df 
     45.00      -1.2614    2394.86 	     P'P'df 
     50.00      -1.3742    2388.27 	     P'P'df 
     55.00      -1.4759    2381.14 	     P'P'df 
     60.00      -1.5652    2373.53 	     P'P'df 
     65.00      -1.6412    2365.51 	     P'P'df 
     70.00      -1.7042    2357.14 	     P'P'df 
     75.00      -1.7551    2348.49 	     P'P'df 
     80.00      -1.7954    2339.61 	     P'P'df 
     85.00      -1.8268    2330.55 	     P'P'df 
     90.00      -1.8511    2321.35 	     P'P'df 
     95.00      -1.8697    2312.05 	     P'P'df 
    100.00      -1.8838    2302.66 	     P'P'df 
    105.00      -1.8944    2293.21 	     P'P'df 
    110.00      -1.9023    2283.72 	     P'P'df 
    115.00      -1.9079    2274.20 	     P'P'df 
    120.00      -1.9117    2264.65 	     P'P'df 
    125.00      -1.9140    2255.08 	     P'P'df 
    130.00      -1.9151    2245.51 	     P'P'df 
     10.00      10.00 	 P'P'df 	 depth
     20.00      -0.5908    2416.57 	     P'P'df 
     25.00      -0.7342    2413.26 	     P'P'df 
     30.00      -0.8742    2409.23 	     P'P'df 
     35.00      -1.0096    2404.52 	     P'P'df 
     40.00      -1.1392    2399.15 	     P'P'df 
     45.00      -1.2613    2393.14 	     P'P'df 
     50.00      -1.3741    2386.55 	     P'P'df 
     55.00      -1.4758    2379.42 	     P'P'df 
     60.00      -1.5651    2371.81 	     P'P'df 
     65.00      -1.6411    2363.79 	     P'P'df 
     70.00      -1.7041    2355.42 	     P'P'df 
     75.00      -1.7550    2346.77 	     P'P'df 
     80.00      -1.7953    2337.89 	     P'P'df 
     85.00      -1.8268    2328.83 	     P'P'df 
     90.00      -1.8510    2319.63 	     P'P'df 
     95.00      -1.8697    2310.33 	     P'P'df 
    100.00      -1.8838    2300.95 	     P'P'df 
    105.00      -1.8944    2291.50 	     P'P'df 
    110.00      -1.9023    2282.01 	     P'P'df 
    115.00      -1.9079    2272.48 	     P'P'df 
    120.00      -1.9117    2262.93 	     P'P'df 
    125.00      -1.9140    2253.36 	     P'P'df 
    130.00      -1.9151    2243.79 	     P'P'df 
     20.00      20.00 	 P'P'df 	 depth
     20.00      -0.5908    2414.85 	     P'P'df 
     25.00      -0.7341    2411.53 	     P'P'df 
     30.00      -0.8741    2407.51 	     P'P'df 
     35.00      -1.0095    2402.80 	     P'P'df 
     40.00      -1.1391    2397.43 	     P'P'df 
     45.00      -1.2612    2391.42 	     P'P'df 
     50.00      -1.3739    2384.83 	     P'P'df 
     55.00      -1.4756    2377.70 	     P'P'df 
     60.00      -1.5649    2370.09 	     P'P'df 
     65.00      -1.6410    2362.07 	     P'P'df 
     70.00      -1.7040    2353.71 	     P'P'df 
     75.00      -1.7549    2345.05 	     P'P'df 
     80.00      -1.7952    2336.17 	     P'P'df 
     85.00      -1.8267    2327.12 	     P'P'df 
     90.00      -1.8510    2317.92 	     P'P'df 
     95.00      -1.8696    2308.61 	     P'P'df 
    100.00      -1.8838    2299.23 	     P'P'df 
    105.00      -1.8944    2289.78 	     P'P'df 
    110.00      -1.9023    2280.29 	     P'P'df 
    115.00      -1.9079    2270.76 	     P'P'df 
    120.00      -1.9117    2261.21 	     P'P'df 
    125.00      -1.9140    2251.65 	     P'P'df 
    130.00      -1.9151    2242.08 	     P'P'df 
     30.00      30.00 	 P'P'df 	 depth
     20.00      -0.5907    2413.31 	     P'P'df 
     25.00      -0.7340    2410.00 	     P'P'df 
     30.00      -0.8739    2405.97 	     P'P'df 
     35.00      -1.0094    2401.26 	     P'P'df 
     40.00      -1.1389    2395.89 	     P'P'df 
     45.00      -1.2610    2389.89 	     P'P'df 
     50.00      -1.3738    2383.30 	     P'P'df 
     55.00      -1.4755    2376.17 	     P'P'df 
     60.00      -1.5648    2368.56 	     P'P'df 
     65.00      -1.6409    2360.54 	     P'P'df 
     70.00      -1.7039    2352.17 	     P'P'df 
     75.00      -1.7549    2343.52 	     P'P'df 
     80.00      -1.7952    2334.64 	     P'P'df 
     85.00      -1.8267    2325.59 	     P'P'df 
     90.00      -1.8510    2316.39 	     P'P'df 
     95.00      -1.8696    2307.09 	     P'P'df 
    100.00      -1.8838    2297.70 	     P'P'df 
    105.00      -1.8944    2288.25 	     P'P'df 
    110.00      -1.9022    2278.76 	     P'P'df 
    115.00      -1.9079    2269.24 	     P'P'df 
    120.00      -1.9117    2259.69 	     P'P'df 
    125.00      -1.9140    2250.12 	     P'P'df 
    130.00      -1.9151    2240.55 	     P'P'df 
     40.00      40.00 	 P'P'df 	 depth
     20.00      -0.5906    2411.92 	     P'P'df 
     25.00      -0.7339    2408.61 	     P'P'df 
     30.00      -0.8738    2404.59 	     P'P'df 
     35.00      -1.0092    2399.88 	     P'P'df 
     40.00      -1.1388    2394.50 	     P'P'df 
     45.00      -1.2608    2388.50 	     P'P'df 
     50.00      -1.3736    2381.91 	     P'P'df 
     55.00      -1.4753    2374.78 	     P'P'df 
     60.00      -1.5646    2367.18 	     P'P'df 
     65.00      -1.6408    2359.16 	     P'P'df 
     70.00      -1.7038    2350.79 	     P'P'df 
     75.00      -1.7548    2342.14 	     P'P'df 
     80.00      -1.7951    2333.26 	     P'P'df 
     85.00      -1.8266    2324.20 	     P'P'df 
     90.00      -1.8509    2315.01 	     P'P'df 
     95.00      -1.8696    2305.70 	     P'P'df 
    100.00      -1.8837    2296.32 	     P'P'df 
    105.00      -1.8944    2286.87 	     P'P'df 
    110.00      -1.9022    2277.38 	     P'P'df 
    115.00      -1.9078    2267.85 	     P'P'df 
    120.00      -1.9117    2258.31 	     P'P'df 
    125.00      -1.9140    2248.74 	     P'P'df 
    130.00      -1.9151    2239.17 	     P'P'df 
     50.00      50.00 	 P'P'df 	 depth
     20.00      -0.5905    2410.68 	     P'P'df 
     25.00      -0.7337    2407.36 	     P'P'df 
     30.00      -0.8736    2403.34 	     P'P'df 
     35.00      -1.0090    2398.64 	     P'P'df 
     40.00      -1.1386    2393.26 	     P'P'df 
     45.00      -1.2606    2387.26 	     P'P'df 
     50.00      -1.3734    2380.67 	     P'P'df 
     55.00      -1.4751    2373.55 	     P'P'df 
     60.00      -1.5645    2365.94 	     P'P'df 
     65.00      -1.6406    2357.92 	     P'P'df 
     70.00      -1.7037    2349.56 	     P'P'df 
     75.00      -1.7547    2340.91 	     P'P'df 
     80.00      -1.7950    2332.03 	     P'P'df 
     85.00      -1.8265    2322.97 	     P'P'df 
     90.00      -1.8509    2313.78 	     P'P'df 
     95.00      -1.8695    2304.47 	     P'P'df 
    100.00      -1.8837    2295.09 	     P'P'df 
    105.00      -1.8943    2285.64 	     P'P'df 
    110.00      -1.9022    2276.15 	     P'P'df 
    115.00      -1.9078    2266.62 	     P'P'df 
    120.00      -1.9116    2257.07 	     P'P'df 
    125.00      -1.9140    2247.51 	     P'P'df 
    130.00      -1.9151    2237.94 	     P'P'df 
     60.00      60.00 	 P'P'df 	 depth
     20.00      -0.5903    2409.43 	     P'P'df 
     25.00      -0.7336    2406.12 	     P'P'df 
     30.00      -0.8735    2402.10 	     P'P'df 
     35.00      -1.0089    2397.40 	     P'P'df 
     40.00      -1.1384    2392.02 	     P'P'df 
     45.00      -1.2604    2386.02 	     P'P'df 
     50.00      -1.3732    2379.44 	     P'P'df 
     55.00      -1.4749    2372.31 	     P'P'df 
     60.00      -1.5643    2364.71 	     P'P'df 
     65.00      -1.6405    2356.69 	     P'P'df 
     70.00      -1.7036    2348.32 	     P'P'df 
     75.00      -1.7546    2339.67 	     P'P'df 
     80.00      -1.7949    2330.80 	     P'P'df 
     85.00      -1.8265    2321.74 	     P'P'df 
     90.00      -1.8508    2312.54 	     P'P'df 
     95.00      -1.8695    2303.24 	     P'P'df 
    100.00      -1.8837    2293.86 	     P'P'df 
    105.00      -1.8943    2284.41 	     P'P'df 
    110.00      -1.9022    2274.92 	     P'P'df 
    115.00      -1.9078    2265.39 	     P'P'df 
    120.00      -1.9116    2255.84 	     P'P'df 
    125.00      -1.9140    2246.28 	     P'P'df 
    130.00      -1.9151    2236.71 	     P'P'df 
     70.00      70.00 	 P'P'df 	 depth
     20.00      -0.5902    2408.19 	     P'P'df 
     25.00      -0.7334    2404.88 	     P'P'df 
     30.00      -0.8733    2400.86 	     P'P'df 
     35.00      -1.0087    2396.16 	     P'P'df 
     40.00      -1.1382    2390.79 	     P'P'df 
     45.00      -1.2602    2384.79 	     P'P'df 
     50.00      -1.3730    2378.20 	     P'P'df 
     55.00      -1.4748    2371.07 	     P'P'df 
     60.00      -1.5641    2363.47 	     P'P'df 
     65.00      -1.6403    2355.46 	     P'P'df 
     70.00      -1.7034    2347.09 	     P'P'df 
     75.00      -1.7544    2338.44 	     P'P'df 
     80.00      -1.7948    2329.56 	     P'P'df 
     85.00      -1.8264    2320.51 	     P'P'df 
     90.00      -1.8508    2311.31 	     P'P'df 
     95.00      -1.8694    2302.01 	     P'P'df 
    100.00      -1.8836    2292.63 	     P'P'df 
    105.00      -1.8943    2283.18 	     P'P'df 
    110.00      -1.9022    2273.69 	     P'P'df 
    115.00      -1.9078    2264.16 	     P'P'df 
    120.00      -1.9116    2254.61 	     P'P'df 
    125.00      -1.9140    2245.05 	     P'P'df 
    130.00      -1.9151    2235.47 	     P'P'df 
     80.00      80.00 	 P'P'df 	 depth
     20.00      -0.5901    2406.95 	     P'P'df 
     25.00      -0.7333    2403.64 	     P'P'df 
     30.00      -0.8732    2399.62 	     P'P'df 
     35.00      -1.0085    2394.92 	     P'P'df 
     40.00      -1.1380    2389.55 	     P'P'df 
     45.00      -1.2600    2383.55 	     P'P'df 
     50.00      -1.3728    2376.96 	     P'P'df 
     55.00      -1.4746    2369.84 	     P'P'df 
     60.00      -1.5639    2362.24 	     P'P'df 
     65.00      -1.6402    2354.22 	     P'P'df 
     70.00      -1.7033    2345.86 	     P'P'df 
     75.00      -1.7543    2337.21 	     P'P'df 
     80.00      -1.7948    2328.33 	     P'P'df 
     85.00      -1.8263    2319.28 	     P'P'df 
     90.00      -1.8507    2310.08 	     P'P'df 
     95.00      -1.8694    2300.78 	     P'P'df 
    100.00      -1.8836    2291.39 	     P'P'df 
    105.00      -1.8943    2281.95 	     P'P'df 
    110.00      -1.9022    2272.46 	     P'P'df 
    115.00      -1.9078    2262.93 	     P'P'df 
    120.00      -1.9116    2253.38 	     P'P'df 
    125.00      -1.9140    2243.82 	     P'P'df 
    130.00      -1.9151    2234.24 	     P'P'df 
     90.00      90.00 	 P'P'df 	 depth
     20.00      -0.5900    2405.71 	     P'P'df 
     25.00      -0.7332    2402.40 	     P'P'df 
     30.00      -0.8730    2398.38 	     P'P'df 
     35.00      -1.0083    2393.68 	     P'P'df 
     40.00      -1.1378    2388.31 	     P'P'df 
     45.00      -1.2598    2382.31 	     P'P'df 
     50.00      -1.3726    2375.73 	     P'P'df 
     55.00      -1.4744    2368.60 	     P'P'df 
     60.00      -1.5638    2361.00 	     P'P'df 
     65.00      -1.6400    2352.99 	     P'P'df 
     70.00      -1.7032    2344.62 	     P'P'df 
     75.00      -1.7542    2335.98 	     P'P'df 
     80.00      -1.7947    2327.10 	     P'P'df 
     85.00      -1.8263    2318.04 	     P'P'df 
     90.00      -1.8507    2308.85 	     P'P'df 
     95.00      -1.8694    2299.55 	     P'P'df 
    100.00      -1.8836    2290.16 	     P'P'df 
    105.00      -1.8943    2280.72 	     P'P'df 
    110.00      -1.9021    2271.23 	     P'P'df 
    115.00      -1.9078    2261.70 	     P'P'df 
    120.00      -1.9116    2252.15 	     P'P'df 
    125.00      -1.9140    2242.59 	     P'P'df 
    130.00      -1.9151    2233.01 	     P'P'df 
    100.00     100.00 	 P'P'df 	 depth
     20.00      -0.5899    2404.47 	     P'P'df 
     25.00      -0.7330    2401.16 	     P'P'df 
     30.00      -0.8728    2397.14 	     P'P'df 
     35.00      -1.0081    2392.44 	     P'P'df 
     40.00      -1.1376    2387.07 	     P'P'df 
     45.00      -1.2596    2381.07 	     P'P'df 
     50.00      -1.3724    2374.49 	     P'P'df 
     55.00      -1.4742    2367.37 	     P'P'df 
     60.00      -1.5636    2359.77 	     P'P'df 
     65.00      -1.6398    2351.75 	     P'P'df 
     70.00      -1.7030    2343.39 	     P'P'df 
     75.00      -1.7541    2334.74 	     P'P'df 
     80.00      -1.7946    2325.87 	     P'P'df 
     85.00      -1.8262    2316.81 	     P'P'df 
     90.00      -1.8506    2307.62 	     P'P'df 
     95.00      -1.8693    2298.32 	     P'P'df 
    100.00      -1.8835    2288.93 	     P'P'df 
    105.00      -1.8942    2279.49 	     P'P'df 
    110.00      -1.9021    2269.99 	     P'P'df 
    115.00      -1.9078    2260.47 	     P'P'df 
    120.00      -1.9116    2250.92 	     P'P'df 
    125.00      -1.9140    2241.36 	     P'P'df 
    130.00      -1.9151    2231.78 	     P'P'df 
    110.00     110.00 	 P'P'df 	 depth
     20.00      -0.5898    2403.23 	     P'P'df 
     25.00      -0.7329    2399.92 	     P'P'df 
     30.00      -0.8727    2395.90 	     P'P'df 
     35.00      -1.0080    2391.20 	     P'P'df 
     40.00      -1.1374    2385.83 	     P'P'df 
     45.00      -1.2594    2379.84 	     P'P'df 
     50.00      -1.3722    2373.25 	     P'P'df 
     55.00      -1.4740    2366.13 	     P'P'df 
     60.00      -1.5634    2358.53 	     P'P'df 
     65.00      -1.6397    2350.52 	     P'P'df 
     70.00      -1.7029    2342.16 	     P'P'df 
     75.00      -1.7540    2333.51 	     P'P'df 
     80.00      -1.7945    2324.64 	     P'P'df 
     85.00      -1.8261    2315.58 	     P'P'df 
     90.00      -1.8505    2306.39 	     P'P'df 
     95.00      -1.8693    2297.09 	     P'P'df 
    100.00      -1.8835    2287.70 	     P'P'df 
    105.00      -1.8942    2278.26 	     P'P'df 
    110.00      -1.9021    2268.76 	     P'P'df 
    115.00      -1.9078    2259.24 	     P'P'df 
    120.00      -1.9116    2249.69 	     P'P'df 
    125.00      -1.9140    2240.13 	     P'P'df 
    130.00      -1.9151    2230.55 	     P'P'df 
    120.00     120.00 	 P'P'df 	 depth
     20.00      -0.5897    2401.98 	     P'P'df 
     25.00      -0.7327    2398.68 	     P'P'df 
     30.00      -0.8725    2394.66 	     P'P'df 
     35.00      -1.0078    2389.96 	     P'P'df 
     40.00      -1.1372    2384.59 	     P'P'df 
     45.00      -1.2592    2378.60 	     P'P'df 
     50.00      -1.3720    2372.02 	     P'P'df 
     55.00      -1.4738    2364.90 	     P'P'df 
     60.00      -1.5632    2357.30 	     P'P'df 
     65.00      -1.6395    2349.29 	     P'P'df 
     70.00      -1.7028    2340.93 	     P'P'df 
     75.00      -1.7539    2332.28 	     P'P'df 
     80.00      -1.7944    2323.40 	     P'P'df 
     85.00      -1.8260    2314.35 	     P'P'df 
     90.00      -1.8505    2305.16 	     P'P'df 
     95.00      -1.8692    2295.85 	     P'P'df 
    100.00      -1.8835    2286.47 	     P'P'df 
    105.00      -1.8942    2277.03 	     P'P'df 
    110.00      -1.9021    2267.53 	     P'P'df 
    115.00      -1.9077    2258.01 	     P'P'df 
    120.00      -1.9116    2248.46 	     P'P'df 
    125.00      -1.9139    2238.90 	     P'P'df 
    130.00      -1.9151    2229.32 	     P'P'df 
    130.00     130.00 	 P'P'df 	 depth
     20.00      -0.5895    2400.75 	     P'P'df 
     25.00      -0.7326    2397.44 	     P'P'df 
     30.00      -0.8723    2393.42 	     P'P'df 
     35.00      -1.0076    2388.72 	     P'P'df 
     40.00      -1.1370    2383.36 	     P'P'df 
     45.00      -1.2590    2377.36 	     P'P'df 
     50.00      -1.3718    2370.78 	     P'P'df 
     55.00      -1.4736    2363.66 	     P'P'df 
     60.00      -1.5631    2356.07 	     P'P'df 
     65.00      -1.6394    2348.06 	     P'P'df 
     70.00      -1.7027    2339.70 	     P'P'df 
     75.00      -1.7538    2331.05 	     P'P'df 
     80.00      -1.7943    2322.18 	     P'P'df 
     85.00      -1.8260    2313.12 	     P'P'df 
     90.00      -1.8504    2303.93 	     P'P'df 
     95.00      -1.8692    2294.63 	     P'P'df 
    100.00      -1.8834    2285.24 	     P'P'df 
    105.00      -1.8942    2275.80 	     P'P'df 
    110.00      -1.9021    2266.31 	     P'P'df 
    115.00      -1.9077    2256.78 	     P'P'df 
    120.00      -1.9116    2247.23 	     P'P'df 
    125.00      -1.9139    2237.67 	     P'P'df 
    130.00      -1.9151    2228.09 	     P'P'df 
    140.00     140.00 	 P'P'df 	 depth
     20.00      -0.5894    2399.51 	     P'P'df 
     25.00      -0.7325    2396.20 	     P'P'df 
     30.00      -0.8722    2392.19 	     P'P'df 
     35.00      -1.0074    2387.49 	     P'P'df 
     40.00      -1.1368    2382.13 	     P'P'df 
     45.00      -1.2588    2376.13 	     P'P'df 
     50.00      -1.3716    2369.55 	     P'P'df 
     55.00      -1.4734    2362.44 	     P'P'df 
     60.00      -1.5629    2354.84 	     P'P'df 
     65.00      -1.6392    2346.83 	     P'P'df 
     70.00      -1.7025    2338.47 	     P'P'df 
     75.00      -1.7537    2329.82 	     P'P'df 
     80.00      -1.7942    2320.95 	     P'P'df 
     85.00      -1.8259    2311.90 	     P'P'df 
     90.00      -1.8504    2302.70 	     P'P'df 
     95.00      -1.8691    2293.40 	     P'P'df 
    100.00      -1.8834    2284.02 	     P'P'df 
    105.00      -1.8941    2274.57 	     P'P'df 
    110.00      -1.9021    2265.08 	     P'P'df 
    115.00      -1.9077    2255.56 	     P'P'df 
    120.00      -1.9116    2246.01 	     P'P'df 
    125.00      -1.9139    2236.44 	     P'P'df 
    130.00      -1.9151    2226.87 	     P'P'df 
    150.00     150.00 	 P'P'df 	 depth
     20.00      -0.5893    2398.28 	     P'P'df 
     25.00      -0.7323    2394.97 	     P'P'df 
     30.00      -0.8720    2390.96 	     P'P'df 
     35.00      -1.0072    2386.26 	     P'P'df 
     40.00      -1.1367    2380.90 	     P'P'df 
     45.00      -1.2586    2374.91 	     P'P'df 
     50.00      -1.3714    2368.33 	     P'P'df 
     55.00      -1.4732    2361.21 	     P'P'df 
     60.00      -1.5627    2353.62 	     P'P'df 
     65.00      -1.6391    2345.61 	     P'P'df 
     70.00      -1.7024    2337.25 	     P'P'df 
     75.00      -1.7536    2328.60 	     P'P'df 
     80.00      -1.7941    2319.73 	     P'P'df 
     85.00      -1.8258    2310.68 	     P'P'df 
     90.00      -1.8503    2301.48 	     P'P'df 
     95.00      -1.8691    2292.18 	     P'P'df 
    100.00      -1.8834    2282.80 	     P'P'df 
    105.00      -1.8941    2273.36 	     P'P'df 
    110.00      -1.9020    2263.86 	     P'P'df 
    115.00      -1.9077    2254.34 	     P'P'df 
    120.00      -1.9116    2244.79 	     P'P'df 
    125.00      -1.9139    2235.23 	     P'P'df 
    130.00      -1.9151    2225.65 	     P'P'df 
    160.00     160.00 	 P'P'df 	 depth
     20.00      -0.5892    2397.05 	     P'P'df 
     25.00      -0.7322    2393.75 	     P'P'df 
     30.00      -0.8718    2389.74 	     P'P'df 
     35.00      -1.0071    2385.04 	     P'P'df 
     40.00      -1.1365    2379.68 	     P'P'df 
     45.00      -1.2584    2373.69 	     P'P'df 
     50.00      -1.3712    2367.11 	     P'P'df 
     55.00      -1.4730    2359.99 	     P'P'df 
     60.00      -1.5625    2352.40 	     P'P'df 
     65.00      -1.6389    2344.39 	     P'P'df 
     70.00      -1.7022    2336.03 	     P'P'df 
     75.00      -1.7535    2327.39 	     P'P'df 
     80.00      -1.7941    2318.51 	     P'P'df 
     85.00      -1.8258    2309.46 	     P'P'df 
     90.00      -1.8503    2300.27 	     P'P'df 
     95.00      -1.8691    2290.97 	     P'P'df 
    100.00      -1.8833    2281.59 	     P'P'df 
    105.00      -1.8941    2272.14 	     P'P'df 
    110.00      -1.9020    2262.65 	     P'P'df 
    115.00      -1.9077    2253.12 	     P'P'df 
    120.00      -1.9116    2243.57 	     P'P'df 
    125.00      -1.9139    2234.01 	     P'P'df 
    130.00      -1.9151    2224.44 	     P'P'df 
    170.00     170.00 	 P'P'df 	 depth
     20.00      -0.5891    2395.83 	     P'P'df 
     25.00      -0.7320    2392.53 	     P'P'df 
     30.00      -0.8717    2388.52 	     P'P'df 
     35.00      -1.0069    2383.82 	     P'P'df 
     40.00      -1.1363    2378.46 	     P'P'df 
     45.00      -1.2582    2372.47 	     P'P'df 
     50.00      -1.3710    2365.89 	     P'P'df 
     55.00      -1.4728    2358.78 	     P'P'df 
     60.00      -1.5623    2351.18 	     P'P'df 
     65.00      -1.6387    2343.18 	     P'P'df 
     70.00      -1.7021    2334.82 	     P'P'df 
     75.00      -1.7534    2326.17 	     P'P'df 
     80.00      -1.7940    2317.30 	     P'P'df 
     85.00      -1.8257    2308.25 	     P'P'df 
     90.00      -1.8502    2299.06 	     P'P'df 
     95.00      -1.8690    2289.76 	     P'P'df 
    100.00      -1.8833    2280.37 	     P'P'df 
    105.00      -1.8941    2270.93 	     P'P'df 
    110.00      -1.9020    2261.44 	     P'P'df 
    115.00      -1.9077    2251.91 	     P'P'df 
    120.00      -1.9116    2242.36 	     P'P'df 
    125.00      -1.9139    2232.80 	     P'P'df 
    130.00      -1.9150    2223.23 	     P'P'df 
    180.00     180.00 	 P'P'df 	 depth
     20.00      -0.5889    2394.61 	     P'P'df 
     25.00      -0.7319    2391.31 	     P'P'df 
     30.00      -0.8715    2387.30 	     P'P'df 
     35.00      -1.0067    2382.60 	     P'P'df 
     40.00      -1.1361    2377.24 	     P'P'df 
     45.00      -1.2580    2371.25 	     P'P'df 
     50.00      -1.3708    2364.68 	     P'P'df 
     55.00      -1.4726    2357.57 	     P'P'df 
     60.00      -1.5622    2349.97 	     P'P'df 
     65.00      -1.6386    2341.97 	     P'P'df 
     70.00      -1.7020    2333.61 	     P'P'df 
     75.00      -1.7532    2324.97 	     P'P'df 
     80.00      -1.7939    2316.09 	     P'P'df 
     85.00      -1.8256    2307.04 	     P'P'df 
     90.00      -1.8502    2297.85 	     P'P'df 
     95.00      -1.8690    2288.55 	     P'P'df 
    100.00      -1.8833    2279.17 	     P'P'df 
    105.00      -1.8940    2269.72 	     P'P'df 
    110.00      -1.9020    2260.23 	     P'P'df 
    115.00      -1.9077    2250.71 	     P'P'df 
    120.00      -1.9115    2241.16 	     P'P'df 
    125.00      -1.9139    2231.59 	     P'P'df 
    130.00      -1.9150    2222.02 	     P'P'df 
    190.00     190.00 	 P'P'df 	 depth
     20.00      -0.5888    2393.40 	     P'P'df 
     25.00      -0.7317    2390.10 	     P'P'df 
     30.00      -0.8713    2386.09 	     P'P'df 
     35.00      -1.0065    2381.39 	     P'P'df 
     40.00      -1.1358    2376.03 	     P'P'df 
     45.00      -1.2578    2370.05 	     P'P'df 
     50.00      -1.3706    2363.47 	     P'P'df 
     55.00      -1.4724    2356.36 	     P'P'df 
     60.00      -1.5620    2348.77 	     P'P'df 
     65.00      -1.6384    2340.76 	     P'P'df 
     70.00      -1.7018    2332.40 	     P'P'df 
     75.00      -1.7531    2323.76 	     P'P'df 
     80.00      -1.7938    2314.89 	     P'P'df 
     85.00      -1.8255    2305.84 	     P'P'df 
     90.00      -1.8501    2296.65 	     P'P'df 
     95.00      -1.8689    2287.35 	     P'P'df 
    100.00      -1.8832    2277.97 	     P'P'df 
    105.00      -1.8940    2268.52 	     P'P'df 
    110.00      -1.9020    2259.03 	     P'P'df 
    115.00      -1.9077    2249.50 	     P'P'df 
    120.00      -1.9115    2239.96 	     P'P'df 
    125.00      -1.9139    2230.39 	     P'P'df 
    130.00      -1.9150    2220.82 	     P'P'df 
    200.00     200.00 	 P'P'df 	 depth
     20.00      -0.5887    2392.19 	     P'P'df 
     25.00      -0.7316    2388.89 	     P'P'df 
     30.00      -0.8712    2384.88 	     P'P'df 
     35.00      -1.0063    2380.18 	     P'P'df 
     40.00      -1.1356    2374.83 	     P'P'df 
     45.00      -1.2576    2368.84 	     P'P'df 
     50.00      -1.3703    2362.27 	     P'P'df 
     55.00      -1.4722    2355.15 	     P'P'df 
     60.00      -1.5618    2347.56 	     P'P'df 
     65.00      -1.6383    2339.56 	     P'P'df 
     70.00      -1.7017    2331.20 	     P'P'df 
     75.00      -1.7530    2322.56 	     P'P'df 
     80.00      -1.7937    2313.69 	     P'P'df 
     85.00      -1.8255    2304.64 	     P'P'df 
     90.00      -1.8500    2295.45 	     P'P'df 
     95.00      -1.8689    2286.15 	     P'P'df 
    100.00      -1.8832    2276.77 	     P'P'df 
    105.00      -1.8940    2267.32 	     P'P'df 
    110.00      -1.9019    2257.83 	     P'P'df 
    115.00      -1.9076    2248.31 	     P'P'df 
    120.00      -1.9115    2238.76 	     P'P'df 
    125.00      -1.9139    2229.19 	     P'P'df 
    130.00      -1.9150    2219.62 	     P'P'df 
    210.00     210.00 	 P'P'df 	 depth
     20.00      -0.5886    2390.98 	     P'P'df 
     25.00      -0.7314    2387.68 	     P'P'df 
     30.00      -0.8710    2383.68 	     P'P'df 
     35.00      -1.0061    2378.98 	     P'P'df 
     40.00      -1.1354    2373.62 	     P'P'df 
     45.00      -1.2574    2367.64 	     P'P'df 
     50.00      -1.3701    2361.07 	     P'P'df 
     55.00      -1.4720    2353.96 	     P'P'df 
     60.00      -1.5616    2346.37 	     P'P'df 
     65.00      -1.6381    2338.36 	     P'P'df 
     70.00      -1.7016    2330.01 	     P'P'df 
     75.00      -1.7529    2321.37 	     P'P'df 
     80.00      -1.7936    2312.50 	     P'P'df 
     85.00      -1.8254    2303.44 	     P'P'df 
     90.00      -1.8500    2294.25 	     P'P'df 
     95.00      -1.8688    2284.95 	     P'P'df 
    100.00      -1.8832    2275.57 	     P'P'df 
    105.00      -1.8940    2266.13 	     P'P'df 
    110.00      -1.9019    2256.64 	     P'P'df 
    115.00      -1.9076    2247.11 	     P'P'df 
    120.00      -1.9115    2237.56 	     P'P'df 
    125.00      -1.9139    2228.00 	     P'P'df 
    130.00      -1.9150    2218.43 	     P'P'df 
    220.00     220.00 	 P'P'df 	 depth
     20.00      -0.5885    2389.78 	     P'P'df 
     25.00      -0.7313    2386.48 	     P'P'df 
     30.00      -0.8708    2382.48 	     P'P'df 
     35.00      -1.0059    2377.78 	     P'P'df 
     40.00      -1.1352    2372.43 	     P'P'df 
     45.00      -1.2572    2366.44 	     P'P'df 
     50.00      -1.3699    2359.87 	     P'P'df 
     55.00      -1.4718    2352.76 	     P'P'df 
     60.00      -1.5614    2345.17 	     P'P'df 
     65.00      -1.6379    2337.17 	     P'P'df 
     70.00      -1.7014    2328.82 	     P'P'df 
     75.00      -1.7528    2320.17 	     P'P'df 
     80.00      -1.7935    2311.31 	     P'P'df 
     85.00      -1.8253    2302.25 	     P'P'df 
     90.00      -1.8499    2293.06 	     P'P'df 
     95.00      -1.8688    2283.76 	     P'P'df 
    100.00      -1.8831    2274.38 	     P'P'df 
    105.00      -1.8939    2264.94 	     P'P'df 
    110.00      -1.9019    2255.45 	     P'P'df 
    115.00      -1.9076    2245.92 	     P'P'df 
    120.00      -1.9115    2236.38 	     P'P'df 
    125.00      -1.9139    2226.81 	     P'P'df 
    130.00      -1.9150    2217.24 	     P'P'df 
    230.00     230.00 	 P'P'df 	 depth
     20.00      -0.5883    2388.59 	     P'P'df 
     25.00      -0.7311    2385.29 	     P'P'df 
     30.00      -0.8706    2381.28 	     P'P'df 
     35.00      -1.0057    2376.59 	     P'P'df 
     40.00      -1.1350    2371.23 	     P'P'df 
     45.00      -1.2569    2365.25 	     P'P'df 
     50.00      -1.3697    2358.68 	     P'P'df 
     55.00      -1.4716    2351.57 	     P'P'df 
     60.00      -1.5612    2343.98 	     P'P'df 
     65.00      -1.6378    2335.98 	     P'P'df 
     70.00      -1.7013    2327.63 	     P'P'df 
     75.00      -1.7527    2318.99 	     P'P'df 
     80.00      -1.7934    2310.12 	     P'P'df 
     85.00      -1.8253    2301.07 	     P'P'df 
     90.00      -1.8499    2291.88 	     P'P'df 
     95.00      -1.8688    2282.58 	     P'P'df 
    100.00      -1.8831    2273.20 	     P'P'df 
    105.00      -1.8939    2263.76 	     P'P'df 
    110.00      -1.9019    2254.26 	     P'P'df 
    115.00      -1.9076    2244.74 	     P'P'df 
    120.00      -1.9115    2235.19 	     P'P'df 
    125.00      -1.9139    2225.63 	     P'P'df 
    130.00      -1.9150    2216.06 	     P'P'df 
    240.00     240.00 	 P'P'df 	 depth
     20.00      -0.5882    2387.40 	     P'P'df 
     25.00      -0.7310    2384.10 	     P'P'df 
     30.00      -0.8705    2380.09 	     P'P'df 
     35.00      -1.0055    2375.40 	     P'P'df 
     40.00      -1.1348    2370.05 	     P'P'df 
     45.00      -1.2567    2364.07 	     P'P'df 
     50.00      -1.3695    2357.50 	     P'P'df 
     55.00      -1.4714    2350.39 	     P'P'df 
     60.00      -1.5610    2342.80 	     P'P'df 
     65.00      -1.6376    2334.80 	     P'P'df 
     70.00      -1.7011    2326.45 	     P'P'df 
     75.00      -1.7525    2317.81 	     P'P'df 
     80.00      -1.7933    2308.94 	     P'P'df 
     85.00      -1.8252    2299.89 	     P'P'df 
     90.00      -1.8498    2290.70 	     P'P'df 
     95.00      -1.8687    2281.40 	     P'P'df 
    100.00      -1.8831    2272.02 	     P'P'df 
    105.00      -1.8939    2262.58 	     P'P'df 
    110.00      -1.9019    2253.09 	     P'P'df 
    115.00      -1.9076    2243.56 	     P'P'df 
    120.00      -1.9115    2234.01 	     P'P'df 
    125.00      -1.9139    2224.45 	     P'P'df 
    130.00      -1.9150    2214.88 	     P'P'df 
    250.00     250.00 	 P'P'df 	 depth
     20.00      -0.5881    2386.21 	     P'P'df 
     25.00      -0.7308    2382.91 	     P'P'df 
     30.00      -0.8703    2378.91 	     P'P'df 
     35.00      -1.0053    2374.22 	     P'P'df 
     40.00      -1.1346    2368.87 	     P'P'df 
     45.00      -1.2565    2362.88 	     P'P'df 
     50.00      -1.3693    2356.32 	     P'P'df 
     55.00      -1.4712    2349.21 	     P'P'df 
     60.00      -1.5608    2341.62 	     P'P'df 
     65.00      -1.6374    2333.62 	     P'P'df 
     70.00      -1.7010    2325.27 	     P'P'df 
     75.00      -1.7524    2316.63 	     P'P'df 
     80.00      -1.7932    2307.77 	     P'P'df 
     85.00      -1.8251    2298.72 	     P'P'df 
     90.00      -1.8498    2289.53 	     P'P'df 
     95.00      -1.8687    2280.23 	     P'P'df 
    100.00      -1.8830    2270.85 	     P'P'df 
    105.00      -1.8939    2261.40 	     P'P'df 
    110.00      -1.9018    2251.91 	     P'P'df 
    115.00      -1.9076    2242.39 	     P'P'df 
    120.00      -1.9115    2232.84 	     P'P'df 
    125.00      -1.9139    2223.28 	     P'P'df 
    130.00      -1.9150    2213.70 	     P'P'df 
    260.00     260.00 	 P'P'df 	 depth
     20.00      -0.5880    2385.03 	     P'P'df 
     25.00      -0.7307    2381.73 	     P'P'df 
     30.00      -0.8701    2377.73 	     P'P'df 
     35.00      -1.0051    2373.04 	     P'P'df 
     40.00      -1.1344    2367.69 	     P'P'df 
     45.00      -1.2563    2361.71 	     P'P'df 
     50.00      -1.3691    2355.14 	     P'P'df 
     55.00      -1.4710    2348.04 	     P'P'df 
     60.00      -1.5606    2340.45 	     P'P'df 
     65.00      -1.6372    2332.45 	     P'P'df 
     70.00      -1.7008    2324.10 	     P'P'df 
     75.00      -1.7523    2315.46 	     P'P'df 
     80.00      -1.7931    2306.60 	     P'P'df 
     85.00      -1.8250    2297.55 	     P'P'df 
     90.00      -1.8497    2288.36 	     P'P'df 
     95.00      -1.8686    2279.06 	     P'P'df 
    100.00      -1.8830    2269.68 	     P'P'df 
    105.00      -1.8938    2260.24 	     P'P'df 
    110.00      -1.9018    2250.75 	     P'P'df 
    115.00      -1.9076    2241.22 	     P'P'df 
    120.00      -1.9115    2231.67 	     P'P'df 
    125.00      -1.9139    2222.11 	     P'P'df 
    130.00      -1.9150    2212.54 	     P'P'df 
    270.00     270.00 	 P'P'df 	 depth
     20.00      -0.5878    2383.86 	     P'P'df 
     25.00      -0.7305    2380.56 	     P'P'df 
     30.00      -0.8699    2376.56 	     P'P'df 
     35.00      -1.0049    2371.87 	     P'P'df 
     40.00      -1.1342    2366.52 	     P'P'df 
     45.00      -1.2561    2360.54 	     P'P'df 
     50.00      -1.3688    2353.97 	     P'P'df 
     55.00      -1.4708    2346.87 	     P'P'df 
     60.00      -1.5605    2339.28 	     P'P'df 
     65.00      -1.6371    2331.29 	     P'P'df 
     70.00      -1.7007    2322.94 	     P'P'df 
     75.00      -1.7522    2314.30 	     P'P'df 
     80.00      -1.7930    2305.43 	     P'P'df 
     85.00      -1.8249    2296.38 	     P'P'df 
     90.00      -1.8496    2287.19 	     P'P'df 
     95.00      -1.8686    2277.90 	     P'P'df 
    100.00      -1.8830    2268.52 	     P'P'df 
    105.00      -1.8938    2259.07 	     P'P'df 
    110.00      -1.9018    2249.58 	     P'P'df 
    115.00      -1.9076    2240.06 	     P'P'df 
    120.00      -1.9115    2230.51 	     P'P'df 
    125.00      -1.9139    2220.95 	     P'P'df 
    130.00      -1.9150    2211.37 	     P'P'df 
    280.00     280.00 	 P'P'df 	 depth
     20.00      -0.5877    2382.69 	     P'P'df 
     25.00      -0.7304    2379.39 	     P'P'df 
     30.00      -0.8698    2375.39 	     P'P'df 
     35.00      -1.0047    2370.70 	     P'P'df 
     40.00      -1.1340    2365.35 	     P'P'df 
     45.00      -1.2558    2359.37 	     P'P'df 
     50.00      -1.3686    2352.81 	     P'P'df 
     55.00      -1.4706    2345.70 	     P'P'df 
     60.00      -1.5603    2338.12 	     P'P'df 
     65.00      -1.6369    2330.12 	     P'P'df 
     70.00      -1.7005    2321.78 	     P'P'df 
     75.00      -1.7521    2313.14 	     P'P'df 
     80.00      -1.7929    2304.27 	     P'P'df 
     85.00      -1.8249    2295.22 	     P'P'df 
     90.00      -1.8496    2286.04 	     P'P'df 
     95.00      -1.8685    2276.74 	     P'P'df 
    100.00      -1.8829    2267.36 	     P'P'df 
    105.00      -1.8938    2257.91 	     P'P'df 
    110.00      -1.9018    2248.43 	     P'P'df 
    115.00      -1.9075    2238.90 	     P'P'df 
    120.00      -1.9115    2229.35 	     P'P'df 
    125.00      -1.9139    2219.79 	     P'P'df 
    130.00      -1.9150    2210.22 	     P'P'df 
    290.00     290.00 	 P'P'df 	 depth
     20.00      -0.5876    2381.52 	     P'P'df 
     25.00      -0.7302    2378.23 	     P'P'df 
     30.00      -0.8696    2374.22 	     P'P'df 
     35.00      -1.0045    2369.54 	     P'P'df 
     40.00      -1.1337    2364.19 	     P'P'df 
     45.00      -1.2556    2358.21 	     P'P'df 
     50.00      -1.3684    2351.65 	     P'P'df 
     55.00      -1.4703    2344.55 	     P'P'df 
     60.00      -1.5601    2336.97 	     P'P'df 
     65.00      -1.6367    2328.97 	     P'P'df 
     70.00      -1.7004    2320.62 	     P'P'df 
     75.00      -1.7519    2311.98 	     P'P'df 
     80.00      -1.7928    2303.12 	     P'P'df 
     85.00      -1.8248    2294.07 	     P'P'df 
     90.00      -1.8495    2284.88 	     P'P'df 
     95.00      -1.8685    2275.59 	     P'P'df 
    100.00      -1.8829    2266.21 	     P'P'df 
    105.00      -1.8937    2256.76 	     P'P'df 
    110.00      -1.9018    2247.27 	     P'P'df 
    115.00      -1.9075    2237.75 	     P'P'df 
    120.00      -1.9114    2228.20 	     P'P'df 
    125.00      -1.9139    2218.64 	     P'P'df 
    130.00      -1.9150    2209.06 	     P'P'df 
    300.00     300.00 	 P'P'df 	 depth
     20.00      -0.5875    2380.36 	     P'P'df 
     25.00      -0.7301    2377.07 	     P'P'df 
     30.00      -0.8694    2373.07 	     P'P'df 
     35.00      -1.0043    2368.38 	     P'P'df 
     40.00      -1.1335    2363.03 	     P'P'df 
     45.00      -1.2554    2357.06 	     P'P'df 
     50.00      -1.3682    2350.49 	     P'P'df 
     55.00      -1.4701    2343.39 	     P'P'df 
     60.00      -1.5599    2335.81 	     P'P'df 
     65.00      -1.6365    2327.82 	     P'P'df 
     70.00      -1.7002    2319.47 	     P'P'df 
     75.00      -1.7518    2310.83 	     P'P'df 
     80.00      -1.7927    2301.97 	     P'P'df 
     85.00      -1.8247    2292.92 	     P'P'df 
     90.00      -1.8494    2283.73 	     P'P'df 
     95.00      -1.8684    2274.44 	     P'P'df 
    100.00      -1.8829    2265.06 	     P'P'df 
    105.00      -1.8937    2255.61 	     P'P'df 
    110.00      -1.9017    2246.12 	     P'P'df 
    115.00      -1.9075    2236.60 	     P'P'df 
    120.00      -1.9114    2227.05 	     P'P'df 
    125.00      -1.9139    2217.49 	     P'P'df 
    130.00      -1.9150    2207.92 	     P'P'df 
    310.00     310.00 	 P'P'df 	 depth
     20.00      -0.5873    2379.21 	     P'P'df 
     25.00      -0.7299    2375.91 	     P'P'df 
     30.00      -0.8692    2371.91 	     P'P'df 
     35.00      -1.0041    2367.23 	     P'P'df 
     40.00      -1.1333    2361.88 	     P'P'df 
     45.00      -1.2552    2355.91 	     P'P'df 
     50.00      -1.3679    2349.34 	     P'P'df 
     55.00      -1.4699    2342.25 	     P'P'df 
     60.00      -1.5597    2334.67 	     P'P'df 
     65.00      -1.6364    2326.67 	     P'P'df 
     70.00      -1.7001    2318.32 	     P'P'df 
     75.00      -1.7517    2309.69 	     P'P'df 
     80.00      -1.7926    2300.82 	     P'P'df 
     85.00      -1.8246    2291.78 	     P'P'df 
     90.00      -1.8494    2282.59 	     P'P'df 
     95.00      -1.8684    2273.29 	     P'P'df 
    100.00      -1.8828    2263.91 	     P'P'df 
    105.00      -1.8937    2254.47 	     P'P'df 
    110.00      -1.9017    2244.98 	     P'P'df 
    115.00      -1.9075    2235.46 	     P'P'df 
    120.00      -1.9114    2225.91 	     P'P'df 
    125.00      -1.9139    2216.35 	     P'P'df 
    130.00      -1.9150    2206.77 	     P'P'df 
    320.00     320.00 	 P'P'df 	 depth
     20.00      -0.5872    2378.06 	     P'P'df 
     25.00      -0.7297    2374.76 	     P'P'df 
     30.00      -0.8690    2370.76 	     P'P'df 
     35.00      -1.0039    2366.08 	     P'P'df 
     40.00      -1.1331    2360.73 	     P'P'df 
     45.00      -1.2549    2354.76 	     P'P'df 
     50.00      -1.3677    2348.20 	     P'P'df 
     55.00      -1.4697    2341.10 	     P'P'df 
     60.00      -1.5595    2333.52 	     P'P'df 
     65.00      -1.6362    2325.53 	     P'P'df 
     70.00      -1.6999    2317.18 	     P'P'df 
     75.00      -1.7516    2308.55 	     P'P'df 
     80.00      -1.7925    2299.69 	     P'P'df 
     85.00      -1.8246    2290.64 	     P'P'df 
     90.00      -1.8493    2281.45 	     P'P'df 
     95.00      -1.8683    2272.16 	     P'P'df 
    100.00      -1.8828    2262.78 	     P'P'df 
    105.00      -1.8937    2253.33 	     P'P'df 
    110.00      -1.9017    2243.84 	     P'P'df 
    115.00      -1.9075    2234.32 	     P'P'df 
    120.00      -1.9114    2224.77 	     P'P'df 
    125.00      -1.9138    2215.21 	     P'P'df 
    130.00      -1.9150    2205.64 	     P'P'df 
    330.00     330.00 	 P'P'df 	 depth
     20.00      -0.5871    2376.91 	     P'P'df 
     25.00      -0.7296    2373.62 	     P'P'df 
     30.00      -0.8688    2369.62 	     P'P'df 
     35.00      -1.0037    2364.94 	     P'P'df 
     40.00      -1.1329    2359.59 	     P'P'df 
     45.00      -1.2547    2353.62 	     P'P'df 
     50.00      -1.3675    2347.06 	     P'P'df 
     55.00      -1.4695    2339.96 	     P'P'df 
     60.00      -1.5592    2332.39 	     P'P'df 
     65.00      -1.6360    2324.39 	     P'P'df 
     70.00      -1.6998    2316.05 	     P'P'df 
     75.00      -1.7514    2307.42 	     P'P'df 
     80.00      -1.7924    2298.55 	     P'P'df 
     85.00      -1.8245    2289.51 	     P'P'df 
     90.00      -1.8493    2280.32 	     P'P'df 
     95.00      -1.8683    2271.02 	     P'P'df 
    100.00      -1.8828    2261.64 	     P'P'df 
    105.00      -1.8936    2252.20 	     P'P'df 
    110.00      -1.9017    2242.71 	     P'P'df 
    115.00      -1.9075    2233.19 	     P'P'df 
    120.00      -1.9114    2223.64 	     P'P'df 
    125.00      -1.9138    2214.08 	     P'P'df 
    130.00      -1.9150    2204.50 	     P'P'df 
    340.00     340.00 	 P'P'df 	 depth
     20.00      -0.5869    2375.77 	     P'P'df 
     25.00      -0.7294    2372.48 	     P'P'df 
     30.00      -0.8686    2368.48 	     P'P'df 
     35.00      -1.0035    2363.80 	     P'P'df 
     40.00      -1.1326    2358.46 	     P'P'df 
     45.00      -1.2545    2352.48 	     P'P'df 
     50.00      -1.3672    2345.93 	     P'P'df 
     55.00      -1.4692    2338.83 	     P'P'df 
     60.00      -1.5590    2331.25 	     P'P'df 
     65.00      -1.6358    2323.26 	     P'P'df 
     70.00      -1.6996    2314.92 	     P'P'df 
     75.00      -1.7513    2306.29 	     P'P'df 
     80.00      -1.7923    2297.42 	     P'P'df 
     85.00      -1.8244    2288.38 	     P'P'df 
     90.00      -1.8492    2279.19 	     P'P'df 
     95.00      -1.8682    2269.89 	     P'P'df 
    100.00      -1.8827    2260.52 	     P'P'df 
    105.00      -1.8936    2251.07 	     P'P'df 
    110.00      -1.9017    2241.58 	     P'P'df 
    115.00      -1.9075    2232.06 	     P'P'df 
    120.00      -1.9114    2222.51 	     P'P'df 
    125.00      -1.9138    2212.95 	     P'P'df 
    130.00      -1.9150    2203.38 	     P'P'df 
    350.00     350.00 	 P'P'df 	 depth
     20.00      -0.5868    2374.63 	     P'P'df 
     25.00      -0.7293    2371.34 	     P'P'df 
     30.00      -0.8685    2367.35 	     P'P'df 
     35.00      -1.0033    2362.67 	     P'P'df 
     40.00      -1.1324    2357.32 	     P'P'df 
     45.00      -1.2542    2351.35 	     P'P'df 
     50.00      -1.3670    2344.80 	     P'P'df 
     55.00      -1.4690    2337.70 	     P'P'df 
     60.00      -1.5588    2330.13 	     P'P'df 
     65.00      -1.6356    2322.13 	     P'P'df 
     70.00      -1.6995    2313.79 	     P'P'df 
     75.00      -1.7512    2305.16 	     P'P'df 
     80.00      -1.7922    2296.30 	     P'P'df 
     85.00      -1.8243    2287.25 	     P'P'df 
     90.00      -1.8491    2278.07 	     P'P'df 
     95.00      -1.8682    2268.77 	     P'P'df 
    100.00      -1.8827    2259.39 	     P'P'df 
    105.00      -1.8936    2249.95 	     P'P'df 
    110.00      -1.9016    2240.46 	     P'P'df 
    115.00      -1.9074    2230.94 	     P'P'df 
    120.00      -1.9114    2221.39 	     P'P'df 
    125.00      -1.9138    2211.83 	     P'P'df 
    130.00      -1.9150    2202.25 	     P'P'df 
    360.00     360.00 	 P'P'df 	 depth
     20.00      -0.5867    2373.50 	     P'P'df 
     25.00      -0.7291    2370.21 	     P'P'df 
     30.00      -0.8683    2366.22 	     P'P'df 
     35.00      -1.0031    2361.54 	     P'P'df 
     40.00      -1.1322    2356.20 	     P'P'df 
     45.00      -1.2540    2350.23 	     P'P'df 
     50.00      -1.3668    2343.67 	     P'P'df 
     55.00      -1.4688    2336.58 	     P'P'df 
     60.00      -1.5586    2329.00 	     P'P'df 
     65.00      -1.6354    2321.01 	     P'P'df 
     70.00      -1.6993    2312.67 	     P'P'df 
     75.00      -1.7510    2304.04 	     P'P'df 
     80.00      -1.7921    2295.18 	     P'P'df 
     85.00      -1.8242    2286.13 	     P'P'df 
     90.00      -1.8491    2276.95 	     P'P'df 
     95.00      -1.8681    2267.65 	     P'P'df 
    100.00      -1.8826    2258.27 	     P'P'df 
    105.00      -1.8936    2248.83 	     P'P'df 
    110.00      -1.9016    2239.34 	     P'P'df 
    115.00      -1.9074    2229.82 	     P'P'df 
    120.00      -1.9114    2220.27 	     P'P'df 
    125.00      -1.9138    2210.71 	     P'P'df 
    130.00      -1.9150    2201.14 	     P'P'df 
    370.00     370.00 	 P'P'df 	 depth
     20.00      -0.5865    2372.38 	     P'P'df 
     25.00      -0.7289    2369.09 	     P'P'df 
     30.00      -0.8681    2365.09 	     P'P'df 
     35.00      -1.0029    2360.41 	     P'P'df 
     40.00      -1.1319    2355.07 	     P'P'df 
     45.00      -1.2537    2349.11 	     P'P'df 
     50.00      -1.3665    2342.55 	     P'P'df 
     55.00      -1.4686    2335.46 	     P'P'df 
     60.00      -1.5584    2327.89 	     P'P'df 
     65.00      -1.6353    2319.90 	     P'P'df 
     70.00      -1.6992    2311.55 	     P'P'df 
     75.00      -1.7509    2302.92 	     P'P'df 
     80.00      -1.7920    2294.06 	     P'P'df 
     85.00      -1.8241    2285.02 	     P'P'df 
     90.00      -1.8490    2275.83 	     P'P'df 
     95.00      -1.8681    2266.54 	     P'P'df 
    100.00      -1.8826    2257.16 	     P'P'df 
    105.00      -1.8935    2247.72 	     P'P'df 
    110.00      -1.9016    2238.23 	     P'P'df 
    115.00      -1.9074    2228.71 	     P'P'df 
    120.00      -1.9114    2219.16 	     P'P'df 
    125.00      -1.9138    2209.60 	     P'P'df 
    130.00      -1.9150    2200.02 	     P'P'df 
    380.00     380.00 	 P'P'df 	 depth
     20.00      -0.5864    2371.25 	     P'P'df 
     25.00      -0.7288    2367.97 	     P'P'df 
     30.00      -0.8679    2363.97 	     P'P'df 
     35.00      -1.0026    2359.29 	     P'P'df 
     40.00      -1.1317    2353.95 	     P'P'df 
     45.00      -1.2535    2347.99 	     P'P'df 
     50.00      -1.3663    2341.43 	     P'P'df 
     55.00      -1.4683    2334.34 	     P'P'df 
     60.00      -1.5582    2326.77 	     P'P'df 
     65.00      -1.6351    2318.78 	     P'P'df 
     70.00      -1.6990    2310.44 	     P'P'df 
     75.00      -1.7508    2301.81 	     P'P'df 
     80.00      -1.7919    2292.95 	     P'P'df 
     85.00      -1.8241    2283.91 	     P'P'df 
     90.00      -1.8489    2274.72 	     P'P'df 
     95.00      -1.8680    2265.43 	     P'P'df 
    100.00      -1.8826    2256.05 	     P'P'df 
    105.00      -1.8935    2246.61 	     P'P'df 
    110.00      -1.9016    2237.12 	     P'P'df 
    115.00      -1.9074    2227.60 	     P'P'df 
    120.00      -1.9114    2218.05 	     P'P'df 
    125.00      -1.9138    2208.49 	     P'P'df 
    130.00      -1.9150    2198.91 	     P'P'df 
    390.00     390.00 	 P'P'df 	 depth
     20.00      -0.5862    2370.14 	     P'P'df 
     25.00      -0.7286    2366.85 	     P'P'df 
     30.00      -0.8677    2362.86 	     P'P'df 
     35.00      -1.0024    2358.18 	     P'P'df 
     40.00      -1.1315    2352.84 	     P'P'df 
     45.00      -1.2533    2346.88 	     P'P'df 
     50.00      -1.3660    2340.32 	     P'P'df 
     55.00      -1.4681    2333.23 	     P'P'df 
     60.00      -1.5580    2325.66 	     P'P'df 
     65.00      -1.6349    2317.68 	     P'P'df 
     70.00      -1.6988    2309.34 	     P'P'df 
     75.00      -1.7506    2300.71 	     P'P'df 
     80.00      -1.7918    2291.85 	     P'P'df 
     85.00      -1.8240    2282.80 	     P'P'df 
     90.00      -1.8489    2273.62 	     P'P'df 
     95.00      -1.8680    2264.33 	     P'P'df 
    100.00      -1.8825    2254.95 	     P'P'df 
    105.00      -1.8935    2245.51 	     P'P'df 
    110.00      -1.9016    2236.02 	     P'P'df 
    115.00      -1.9074    2226.49 	     P'P'df 
    120.00      -1.9114    2216.95 	     P'P'df 
    125.00      -1.9138    2207.38 	     P'P'df 
    130.00      -1.9150    2197.81 	     P'P'df 
    400.00     400.00 	 P'P'df 	 depth
     20.00      -0.5861    2369.02 	     P'P'df 
     25.00      -0.7284    2365.74 	     P'P'df 
     30.00      -0.8675    2361.75 	     P'P'df 
     35.00      -1.0022    2357.07 	     P'P'df 
     40.00      -1.1312    2351.73 	     P'P'df 
     45.00      -1.2530    2345.77 	     P'P'df 
     50.00      -1.3658    2339.22 	     P'P'df 
     55.00      -1.4679    2332.13 	     P'P'df 
     60.00      -1.5578    2324.56 	     P'P'df 
     65.00      -1.6347    2316.57 	     P'P'df 
     70.00      -1.6987    2308.23 	     P'P'df 
     75.00      -1.7505    2299.61 	     P'P'df 
     80.00      -1.7917    2290.75 	     P'P'df 
     85.00      -1.8239    2281.70 	     P'P'df 
     90.00      -1.8488    2272.52 	     P'P'df 
     95.00      -1.8679    2263.23 	     P'P'df 
    100.00      -1.8825    2253.85 	     P'P'df 
    105.00      -1.8934    2244.41 	     P'P'df 
    110.00      -1.9015    2234.92 	     P'P'df 
    115.00      -1.9074    2225.40 	     P'P'df 
    120.00      -1.9113    2215.85 	     P'P'df 
    125.00      -1.9138    2206.28 	     P'P'df 
    130.00      -1.9150    2196.71 	     P'P'df 
    410.00     410.00 	 P'P'df 	 depth
     20.00      -0.5860    2367.92 	     P'P'df 
     25.00      -0.7282    2364.63 	     P'P'df 
     30.00      -0.8673    2360.64 	     P'P'df 
     35.00      -1.0020    2355.96 	     P'P'df 
     40.00      -1.1310    2350.63 	     P'P'df 
     45.00      -1.2528    2344.67 	     P'P'df 
     50.00      -1.3655    2338.12 	     P'P'df 
     55.00      -1.4676    2331.03 	     P'P'df 
     60.00      -1.5575    2323.46 	     P'P'df 
     65.00      -1.6345    2315.47 	     P'P'df 
     70.00      -1.6985    2307.14 	     P'P'df 
     75.00      -1.7504    2298.51 	     P'P'df 
     80.00      -1.7916    2289.65 	     P'P'df 
     85.00      -1.8238    2280.61 	     P'P'df 
     90.00      -1.8487    2271.42 	     P'P'df 
     95.00      -1.8679    2262.13 	     P'P'df 
    100.00      -1.8824    2252.75 	     P'P'df 
    105.00      -1.8934    2243.31 	     P'P'df 
    110.00      -1.9015    2233.82 	     P'P'df 
    115.00      -1.9073    2224.30 	     P'P'df 
    120.00      -1.9113    2214.75 	     P'P'df 
    125.00      -1.9138    2205.19 	     P'P'df 
    130.00      -1.9150    2195.62 	     P'P'df 
    420.00     420.00 	 P'P'df 	 depth
     20.00      -0.5858    2366.85 	     P'P'df 
     25.00      -0.7281    2363.56 	     P'P'df 
     30.00      -0.8671    2359.58 	     P'P'df 
     35.00      -1.0017    2354.90 	     P'P'df 
     40.00      -1.1308    2349.57 	     P'P'df 
     45.00      -1.2525    2343.61 	     P'P'df 
     50.00      -1.3653    2337.06 	     P'P'df 
     55.00      -1.4674    2329.97 	     P'P'df 
     60.00      -1.5573    2322.40 	     P'P'df 
     65.00      -1.6343    2314.42 	     P'P'df 
     70.00      -1.6983    2306.08 	     P'P'df 
     75.00      -1.7502    2297.46 	     P'P'df 
     80.00      -1.7915    2288.60 	     P'P'df 
     85.00      -1.8237    2279.56 	     P'P'df 
     90.00      -1.8487    2270.37 	     P'P'df 
     95.00      -1.8678    2261.08 	     P'P'df 
    100.00      -1.8824    2251.70 	     P'P'df 
    105.00      -1.8934    2242.26 	     P'P'df 
    110.00      -1.9015    2232.77 	     P'P'df 
    115.00      -1.9073    2223.25 	     P'P'df 
    120.00      -1.9113    2213.70 	     P'P'df 
    125.00      -1.9138    2204.14 	     P'P'df 
    130.00      -1.9150    2194.57 	     P'P'df 
    430.00     430.00 	 P'P'df 	 depth
     20.00      -0.5857    2365.79 	     P'P'df 
     25.00      -0.7279    2362.50 	     P'P'df 
     30.00      -0.8669    2358.52 	     P'P'df 
     35.00      -1.0015    2353.84 	     P'P'df 
     40.00      -1.1305    2348.51 	     P'P'df 
     45.00      -1.2523    2342.55 	     P'P'df 
     50.00      -1.3650    2336.00 	     P'P'df 
     55.00      -1.4671    2328.92 	     P'P'df 
     60.00      -1.5571    2321.35 	     P'P'df 
     65.00      -1.6341    2313.37 	     P'P'df 
     70.00      -1.6982    2305.03 	     P'P'df 
     75.00      -1.7501    2296.41 	     P'P'df 
     80.00      -1.7913    2287.55 	     P'P'df 
     85.00      -1.8236    2278.51 	     P'P'df 
     90.00      -1.8486    2269.33 	     P'P'df 
     95.00      -1.8678    2260.03 	     P'P'df 
    100.00      -1.8824    2250.66 	     P'P'df 
    105.00      -1.8933    2241.21 	     P'P'df 
    110.00      -1.9015    2231.73 	     P'P'df 
    115.00      -1.9073    2222.20 	     P'P'df 
    120.00      -1.9113    2212.66 	     P'P'df 
    125.00      -1.9138    2203.09 	     P'P'df 
    130.00      -1.9150    2193.52 	     P'P'df 
    440.00     440.00 	 P'P'df 	 depth
     20.00      -0.5855    2364.73 	     P'P'df 
     25.00      -0.7277    2361.45 	     P'P'df 
     30.00      -0.8667    2357.46 	     P'P'df 
     35.00      -1.0013    2352.79 	     P'P'df 
     40.00      -1.1303    2347.46 	     P'P'df 
     45.00      -1.2520    2341.50 	     P'P'df 
     50.00      -1.3648    2334.95 	     P'P'df 
     55.00      -1.4669    2327.87 	     P'P'df 
     60.00      -1.5569    2320.30 	     P'P'df 
     65.00      -1.6339    2312.32 	     P'P'df 
     70.00      -1.6980    2303.99 	     P'P'df 
     75.00      -1.7499    2295.36 	     P'P'df 
     80.00      -1.7912    2286.50 	     P'P'df 
     85.00      -1.8235    2277.46 	     P'P'df 
     90.00      -1.8485    2268.28 	     P'P'df 
     95.00      -1.8677    2258.99 	     P'P'df 
    100.00      -1.8823    2249.61 	     P'P'df 
    105.00      -1.8933    2240.17 	     P'P'df 
    110.00      -1.9014    2230.68 	     P'P'df 
    115.00      -1.9073    2221.16 	     P'P'df 
    120.00      -1.9113    2211.61 	     P'P'df 
    125.00      -1.9138    2202.05 	     P'P'df 
    130.00      -1.9150    2192.48 	     P'P'df 
    450.00     450.00 	 P'P'df 	 depth
     20.00      -0.5854    2363.68 	     P'P'df 
     25.00      -0.7275    2360.40 	     P'P'df 
     30.00      -0.8665    2356.41 	     P'P'df 
     35.00      -1.0010    2351.74 	     P'P'df 
     40.00      -1.1300    2346.41 	     P'P'df 
     45.00      -1.2517    2340.45 	     P'P'df 
     50.00      -1.3645    2333.91 	     P'P'df 
     55.00      -1.4666    2326.82 	     P'P'df 
     60.00      -1.5566    2319.26 	     P'P'df 
     65.00      -1.6337    2311.28 	     P'P'df 
     70.00      -1.6978    2302.94 	     P'P'df 
     75.00      -1.7498    2294.32 	     P'P'df 
     80.00      -1.7911    2285.46 	     P'P'df 
     85.00      -1.8234    2276.42 	     P'P'df 
     90.00      -1.8484    2267.24 	     P'P'df 
     95.00      -1.8676    2257.95 	     P'P'df 
    100.00      -1.8823    2248.57 	     P'P'df 
    105.00      -1.8933    2239.13 	     P'P'df 
    110.00      -1.9014    2229.64 	     P'P'df 
    115.00      -1.9073    2220.12 	     P'P'df 
    120.00      -1.9113    2210.57 	     P'P'df 
    125.00      -1.9138    2201.01 	     P'P'df 
    130.00      -1.9150    2191.44 	     P'P'df 
    460.00     460.00 	 P'P'df 	 depth
     20.00      -0.5852    2362.63 	     P'P'df 
     25.00      -0.7273    2359.35 	     P'P'df 
     30.00      -0.8662    2355.36 	     P'P'df 
     35.00      -1.0008    2350.69 	     P'P'df 
     40.00      -1.1297    2345.36 	     P'P'df 
     45.00      -1.2515    2339.41 	     P'P'df 
     50.00      -1.3642    2332.86 	     P'P'df 
     55.00      -1.4664    2325.78 	     P'P'df 
     60.00      -1.5564    2318.22 	     P'P'df 
     65.00      -1.6335    2310.24 	     P'P'df 
     70.00      -1.6976    2301.91 	     P'P'df 
     75.00      -1.7496    2293.28 	     P'P'df 
     80.00      -1.7910    2284.43 	     P'P'df 
     85.00      -1.8233    2275.39 	     P'P'df 
     90.00      -1.8484    2266.21 	     P'P'df 
     95.00      -1.8676    2256.91 	     P'P'df 
    100.00      -1.8822    2247.54 	     P'P'df 
    105.00      -1.8932    2238.10 	     P'P'df 
    110.00      -1.9014    2228.61 	     P'P'df 
    115.00      -1.9073    2219.09 	     P'P'df 
    120.00      -1.9113    2209.54 	     P'P'df 
    125.00      -1.9138    2199.98 	     P'P'df 
    130.00      -1.9150    2190.40 	     P'P'df 
    470.00     470.00 	 P'P'df 	 depth
     20.00      -0.5851    2361.58 	     P'P'df 
     25.00      -0.7272    2358.30 	     P'P'df 
     30.00      -0.8660    2354.32 	     P'P'df 
     35.00      -1.0006    2349.65 	     P'P'df 
     40.00      -1.1295    2344.32 	     P'P'df 
     45.00      -1.2512    2338.36 	     P'P'df 
     50.00      -1.3640    2331.82 	     P'P'df 
     55.00      -1.4661    2324.74 	     P'P'df 
     60.00      -1.5562    2317.18 	     P'P'df 
     65.00      -1.6333    2309.20 	     P'P'df 
     70.00      -1.6974    2300.87 	     P'P'df 
     75.00      -1.7495    2292.25 	     P'P'df 
     80.00      -1.7909    2283.39 	     P'P'df 
     85.00      -1.8232    2274.35 	     P'P'df 
     90.00      -1.8483    2265.17 	     P'P'df 
     95.00      -1.8675    2255.88 	     P'P'df 
    100.00      -1.8822    2246.51 	     P'P'df 
    105.00      -1.8932    2237.07 	     P'P'df 
    110.00      -1.9014    2227.58 	     P'P'df 
    115.00      -1.9072    2218.06 	     P'P'df 
    120.00      -1.9113    2208.51 	     P'P'df 
    125.00      -1.9138    2198.95 	     P'P'df 
    130.00      -1.9150    2189.37 	     P'P'df 
    480.00     480.00 	 P'P'df 	 depth
     20.00      -0.5849    2360.54 	     P'P'df 
     25.00      -0.7270    2357.26 	     P'P'df 
     30.00      -0.8658    2353.28 	     P'P'df 
     35.00      -1.0003    2348.61 	     P'P'df 
     40.00      -1.1292    2343.28 	     P'P'df 
     45.00      -1.2509    2337.33 	     P'P'df 
     50.00      -1.3637    2330.79 	     P'P'df 
     55.00      -1.4659    2323.71 	     P'P'df 
     60.00      -1.5559    2316.15 	     P'P'df 
     65.00      -1.6331    2308.17 	     P'P'df 
     70.00      -1.6973    2299.84 	     P'P'df 
     75.00      -1.7494    2291.22 	     P'P'df 
     80.00      -1.7907    2282.36 	     P'P'df 
     85.00      -1.8231    2273.33 	     P'P'df 
     90.00      -1.8482    2264.14 	     P'P'df 
     95.00      -1.8675    2254.85 	     P'P'df 
    100.00      -1.8821    2245.48 	     P'P'df 
    105.00      -1.8932    2236.04 	     P'P'df 
    110.00      -1.9014    2226.55 	     P'P'df 
    115.00      -1.9072    2217.03 	     P'P'df 
    120.00      -1.9113    2207.48 	     P'P'df 
    125.00      -1.9138    2197.92 	     P'P'df 
    130.00      -1.9150    2188.35 	     P'P'df 
    490.00     490.00 	 P'P'df 	 depth
     20.00      -0.5848    2359.50 	     P'P'df 
     25.00      -0.7268    2356.22 	     P'P'df 
     30.00      -0.8656    2352.24 	     P'P'df 
     35.00      -1.0001    2347.57 	     P'P'df 
     40.00      -1.1290    2342.25 	     P'P'df 
     45.00      -1.2507    2336.29 	     P'P'df 
     50.00      -1.3634    2329.76 	     P'P'df 
     55.00      -1.4656    2322.68 	     P'P'df 
     60.00      -1.5557    2315.12 	     P'P'df 
     65.00      -1.6328    2307.14 	     P'P'df 
     70.00      -1.6971    2298.81 	     P'P'df 
     75.00      -1.7492    2290.19 	     P'P'df 
     80.00      -1.7906    2281.34 	     P'P'df 
     85.00      -1.8230    2272.30 	     P'P'df 
     90.00      -1.8481    2263.12 	     P'P'df 
     95.00      -1.8674    2253.83 	     P'P'df 
    100.00      -1.8821    2244.45 	     P'P'df 
    105.00      -1.8931    2235.01 	     P'P'df 
    110.00      -1.9013    2225.53 	     P'P'df 
    115.00      -1.9072    2216.00 	     P'P'df 
    120.00      -1.9112    2206.46 	     P'P'df 
    125.00      -1.9137    2196.89 	     P'P'df 
    130.00      -1.9150    2187.32 	     P'P'df 
    500.00     500.00 	 P'P'df 	 depth
     20.00      -0.5846    2358.47 	     P'P'df 
     25.00      -0.7266    2355.19 	     P'P'df 
     30.00      -0.8654    2351.21 	     P'P'df 
     35.00      -0.9998    2346.54 	     P'P'df 
     40.00      -1.1287    2341.22 	     P'P'df 
     45.00      -1.2504    2335.26 	     P'P'df 
     50.00      -1.3632    2328.73 	     P'P'df 
     55.00      -1.4653    2321.65 	     P'P'df 
     60.00      -1.5554    2314.09 	     P'P'df 
     65.00      -1.6326    2306.12 	     P'P'df 
     70.00      -1.6969    2297.79 	     P'P'df 
     75.00      -1.7490    2289.17 	     P'P'df 
     80.00      -1.7905    2280.32 	     P'P'df 
     85.00      -1.8230    2271.28 	     P'P'df 
     90.00      -1.8481    2262.10 	     P'P'df 
     95.00      -1.8674    2252.81 	     P'P'df 
    100.00      -1.8821    2243.43 	     P'P'df 
    105.00      -1.8931    2233.99 	     P'P'df 
    110.00      -1.9013    2224.51 	     P'P'df 
    115.00      -1.9072    2214.98 	     P'P'df 
    120.00      -1.9112    2205.44 	     P'P'df 
    125.00      -1.9137    2195.87 	     P'P'df 
    130.00      -1.9150    2186.30 	     P'P'df 
    510.00     510.00 	 P'P'df 	 depth
     20.00      -0.5845    2357.43 	     P'P'df 
     25.00      -0.7264    2354.16 	     P'P'df 
     30.00      -0.8652    2350.18 	     P'P'df 
     35.00      -0.9996    2345.51 	     P'P'df 
     40.00      -1.1284    2340.19 	     P'P'df 
     45.00      -1.2501    2334.24 	     P'P'df 
     50.00      -1.3629    2327.70 	     P'P'df 
     55.00      -1.4651    2320.63 	     P'P'df 
     60.00      -1.5552    2313.07 	     P'P'df 
     65.00      -1.6324    2305.10 	     P'P'df 
     70.00      -1.6967    2296.77 	     P'P'df 
     75.00      -1.7489    2288.15 	     P'P'df 
     80.00      -1.7904    2279.30 	     P'P'df 
     85.00      -1.8229    2270.26 	     P'P'df 
     90.00      -1.8480    2261.08 	     P'P'df 
     95.00      -1.8673    2251.79 	     P'P'df 
    100.00      -1.8820    2242.42 	     P'P'df 
    105.00      -1.8931    2232.98 	     P'P'df 
    110.00      -1.9013    2223.49 	     P'P'df 
    115.00      -1.9072    2213.97 	     P'P'df 
    120.00      -1.9112    2204.42 	     P'P'df 
    125.00      -1.9137    2194.86 	     P'P'df 
    130.00      -1.9150    2185.29 	     P'P'df 
    520.00     520.00 	 P'P'df 	 depth
     20.00      -0.5843    2356.41 	     P'P'df 
     25.00      -0.7262    2353.13 	     P'P'df 
     30.00      -0.8649    2349.15 	     P'P'df 
     35.00      -0.9994    2344.49 	     P'P'df 
     40.00      -1.1282    2339.17 	     P'P'df 
     45.00      -1.2498    2333.22 	     P'P'df 
     50.00      -1.3626    2326.68 	     P'P'df 
     55.00      -1.4648    2319.61 	     P'P'df 
     60.00      -1.5549    2312.05 	     P'P'df 
     65.00      -1.6322    2304.08 	     P'P'df 
     70.00      -1.6965    2295.75 	     P'P'df 
     75.00      -1.7487    2287.14 	     P'P'df 
     80.00      -1.7903    2278.28 	     P'P'df 
     85.00      -1.8228    2269.25 	     P'P'df 
     90.00      -1.8479    2260.07 	     P'P'df 
     95.00      -1.8672    2250.78 	     P'P'df 
    100.00      -1.8820    2241.40 	     P'P'df 
    105.00      -1.8930    2231.96 	     P'P'df 
    110.00      -1.9013    2222.48 	     P'P'df 
    115.00      -1.9072    2212.96 	     P'P'df 
    120.00      -1.9112    2203.41 	     P'P'df 
    125.00      -1.9137    2193.85 	     P'P'df 
    130.00      -1.9150    2184.27 	     P'P'df 
    530.00     530.00 	 P'P'df 	 depth
     20.00      -0.5841    2355.38 	     P'P'df 
     25.00      -0.7260    2352.10 	     P'P'df 
     30.00      -0.8647    2348.13 	     P'P'df 
     35.00      -0.9991    2343.47 	     P'P'df 
     40.00      -1.1279    2338.14 	     P'P'df 
     45.00      -1.2496    2332.20 	     P'P'df 
     50.00      -1.3623    2325.66 	     P'P'df 
     55.00      -1.4645    2318.59 	     P'P'df 
     60.00      -1.5547    2311.04 	     P'P'df 
     65.00      -1.6320    2303.07 	     P'P'df 
     70.00      -1.6963    2294.74 	     P'P'df 
     75.00      -1.7486    2286.12 	     P'P'df 
     80.00      -1.7901    2277.27 	     P'P'df 
     85.00      -1.8227    2268.24 	     P'P'df 
     90.00      -1.8478    2259.06 	     P'P'df 
     95.00      -1.8672    2249.77 	     P'P'df 
    100.00      -1.8819    2240.39 	     P'P'df 
    105.00      -1.8930    2230.96 	     P'P'df 
    110.00      -1.9012    2221.47 	     P'P'df 
    115.00      -1.9071    2211.95 	     P'P'df 
    120.00      -1.9112    2202.40 	     P'P'df 
    125.00      -1.9137    2192.84 	     P'P'df 
    130.00      -1.9150    2183.27 	     P'P'df 
    540.00     540.00 	 P'P'df 	 depth
     20.00      -0.5840    2354.36 	     P'P'df 
     25.00      -0.7258    2351.08 	     P'P'df 
     30.00      -0.8645    2347.11 	     P'P'df 
     35.00      -0.9989    2342.45 	     P'P'df 
     40.00      -1.1276    2337.13 	     P'P'df 
     45.00      -1.2493    2331.18 	     P'P'df 
     50.00      -1.3621    2324.65 	     P'P'df 
     55.00      -1.4643    2317.58 	     P'P'df 
     60.00      -1.5545    2310.03 	     P'P'df 
     65.00      -1.6318    2302.06 	     P'P'df 
     70.00      -1.6962    2293.73 	     P'P'df 
     75.00      -1.7484    2285.12 	     P'P'df 
     80.00      -1.7900    2276.27 	     P'P'df 
     85.00      -1.8226    2267.23 	     P'P'df 
     90.00      -1.8478    2258.05 	     P'P'df 
     95.00      -1.8671    2248.76 	     P'P'df 
    100.00      -1.8819    2239.39 	     P'P'df 
    105.00      -1.8930    2229.95 	     P'P'df 
    110.00      -1.9012    2220.46 	     P'P'df 
    115.00      -1.9071    2210.94 	     P'P'df 
    120.00      -1.9112    2201.40 	     P'P'df 
    125.00      -1.9137    2191.83 	     P'P'df 
    130.00      -1.9150    2182.26 	     P'P'df 
    550.00     550.00 	 P'P'df 	 depth
     20.00      -0.5838    2353.34 	     P'P'df 
     25.00      -0.7256    2350.07 	     P'P'df 
     30.00      -0.8643    2346.09 	     P'P'df 
     35.00      -0.9986    2341.43 	     P'P'df 
     40.00      -1.1274    2336.12 	     P'P'df 
     45.00      -1.2490    2330.17 	     P'P'df 
     50.00      -1.3618    2323.64 	     P'P'df 
     55.00      -1.4640    2316.57 	     P'P'df 
     60.00      -1.5542    2309.02 	     P'P'df 
     65.00      -1.6315    2301.05 	     P'P'df 
     70.00      -1.6960    2292.73 	     P'P'df 
     75.00      -1.7483    2284.11 	     P'P'df 
     80.00      -1.7899    2275.26 	     P'P'df 
     85.00      -1.8225    2266.23 	     P'P'df 
     90.00      -1.8477    2257.05 	     P'P'df 
     95.00      -1.8671    2247.76 	     P'P'df 
    100.00      -1.8818    2238.39 	     P'P'df 
    105.00      -1.8929    2228.95 	     P'P'df 
    110.00      -1.9012    2219.46 	     P'P'df 
    115.00      -1.9071    2209.94 	     P'P'df 
    120.00      -1.9112    2200.39 	     P'P'df 
    125.00      -1.9137    2190.83 	     P'P'df 
    130.00      -1.9150    2181.26 	     P'P'df 
    560.00     560.00 	 P'P'df 	 depth
     20.00      -0.5837    2352.33 	     P'P'df 
     25.00      -0.7254    2349.06 	     P'P'df 
     30.00      -0.8640    2345.08 	     P'P'df 
     35.00      -0.9984    2340.42 	     P'P'df 
     40.00      -1.1271    2335.11 	     P'P'df 
     45.00      -1.2487    2329.16 	     P'P'df 
     50.00      -1.3615    2322.63 	     P'P'df 
     55.00      -1.4637    2315.57 	     P'P'df 
     60.00      -1.5539    2308.02 	     P'P'df 
     65.00      -1.6313    2300.05 	     P'P'df 
     70.00      -1.6958    2291.72 	     P'P'df 
     75.00      -1.7481    2283.11 	     P'P'df 
     80.00      -1.7897    2274.26 	     P'P'df 
     85.00      -1.8224    2265.23 	     P'P'df 
     90.00      -1.8476    2256.05 	     P'P'df 
     95.00      -1.8670    2246.76 	     P'P'df 
    100.00      -1.8818    2237.39 	     P'P'df 
    105.00      -1.8929    2227.95 	     P'P'df 
    110.00      -1.9011    2218.46 	     P'P'df 
    115.00      -1.9071    2208.94 	     P'P'df 
    120.00      -1.9112    2199.40 	     P'P'df 
    125.00      -1.9137    2189.83 	     P'P'df 
    130.00      -1.9150    2180.26 	     P'P'df 
    570.00     570.00 	 P'P'df 	 depth
     20.00      -0.5835    2351.32 	     P'P'df 
     25.00      -0.7252    2348.05 	     P'P'df 
     30.00      -0.8638    2344.07 	     P'P'df 
     35.00      -0.9981    2339.41 	     P'P'df 
     40.00      -1.1268    2334.10 	     P'P'df 
     45.00      -1.2484    2328.16 	     P'P'df 
     50.00      -1.3612    2321.63 	     P'P'df 
     55.00      -1.4634    2314.56 	     P'P'df 
     60.00      -1.5537    2307.02 	     P'P'df 
     65.00      -1.6311    2299.05 	     P'P'df 
     70.00      -1.6956    2290.73 	     P'P'df 
     75.00      -1.7480    2282.11 	     P'P'df 
     80.00      -1.7896    2273.26 	     P'P'df 
     85.00      -1.8223    2264.23 	     P'P'df 
     90.00      -1.8475    2255.05 	     P'P'df 
     95.00      -1.8669    2245.77 	     P'P'df 
    100.00      -1.8817    2236.39 	     P'P'df 
    105.00      -1.8929    2226.95 	     P'P'df 
    110.00      -1.9011    2217.47 	     P'P'df 
    115.00      -1.9071    2207.95 	     P'P'df 
    120.00      -1.9111    2198.40 	     P'P'df 
    125.00      -1.9137    2188.84 	     P'P'df 
    130.00      -1.9150    2179.27 	     P'P'df 
    580.00     580.00 	 P'P'df 	 depth
     20.00      -0.5833    2350.31 	     P'P'df 
     25.00      -0.7251    2347.04 	     P'P'df 
     30.00      -0.8636    2343.07 	     P'P'df 
     35.00      -0.9978    2338.41 	     P'P'df 
     40.00      -1.1266    2333.10 	     P'P'df 
     45.00      -1.2482    2327.16 	     P'P'df 
     50.00      -1.3609    2320.63 	     P'P'df 
     55.00      -1.4632    2313.57 	     P'P'df 
     60.00      -1.5534    2306.02 	     P'P'df 
     65.00      -1.6309    2298.05 	     P'P'df 
     70.00      -1.6954    2289.73 	     P'P'df 
     75.00      -1.7478    2281.12 	     P'P'df 
     80.00      -1.7895    2272.27 	     P'P'df 
     85.00      -1.8221    2263.24 	     P'P'df 
     90.00      -1.8474    2254.06 	     P'P'df 
     95.00      -1.8669    2244.77 	     P'P'df 
    100.00      -1.8817    2235.40 	     P'P'df 
    105.00      -1.8928    2225.96 	     P'P'df 
    110.00      -1.9011    2216.48 	     P'P'df 
    115.00      -1.9070    2206.96 	     P'P'df 
    120.00      -1.9111    2197.41 	     P'P'df 
    125.00      -1.9137    2187.85 	     P'P'df 
    130.00      -1.9150    2178.28 	     P'P'df 
    590.00     590.00 	 P'P'df 	 depth
     20.00      -0.5832    2349.31 	     P'P'df 
     25.00      -0.7249    2346.04 	     P'P'df 
     30.00      -0.8633    2342.06 	     P'P'df 
     35.00      -0.9976    2337.41 	     P'P'df 
     40.00      -1.1263    2332.10 	     P'P'df 
     45.00      -1.2479    2326.16 	     P'P'df 
     50.00      -1.3606    2319.63 	     P'P'df 
     55.00      -1.4629    2312.57 	     P'P'df 
     60.00      -1.5532    2305.03 	     P'P'df 
     65.00      -1.6306    2297.06 	     P'P'df 
     70.00      -1.6952    2288.74 	     P'P'df 
     75.00      -1.7476    2280.13 	     P'P'df 
     80.00      -1.7894    2271.28 	     P'P'df 
     85.00      -1.8220    2262.25 	     P'P'df 
     90.00      -1.8474    2253.07 	     P'P'df 
     95.00      -1.8668    2243.79 	     P'P'df 
    100.00      -1.8816    2234.41 	     P'P'df 
    105.00      -1.8928    2224.98 	     P'P'df 
    110.00      -1.9011    2215.49 	     P'P'df 
    115.00      -1.9070    2205.97 	     P'P'df 
    120.00      -1.9111    2196.42 	     P'P'df 
    125.00      -1.9137    2186.86 	     P'P'df 
    130.00      -1.9150    2177.29 	     P'P'df 
    600.00     600.00 	 P'P'df 	 depth
     20.00      -0.5830    2348.31 	     P'P'df 
     25.00      -0.7247    2345.04 	     P'P'df 
     30.00      -0.8631    2341.07 	     P'P'df 
     35.00      -0.9973    2336.41 	     P'P'df 
     40.00      -1.1260    2331.10 	     P'P'df 
     45.00      -1.2476    2325.17 	     P'P'df 
     50.00      -1.3603    2318.64 	     P'P'df 
     55.00      -1.4626    2311.58 	     P'P'df 
     60.00      -1.5529    2304.04 	     P'P'df 
     65.00      -1.6304    2296.07 	     P'P'df 
     70.00      -1.6950    2287.75 	     P'P'df 
     75.00      -1.7475    2279.14 	     P'P'df 
     80.00      -1.7892    2270.30 	     P'P'df 
     85.00      -1.8219    2261.26 	     P'P'df 
     90.00      -1.8473    2252.09 	     P'P'df 
     95.00      -1.8668    2242.80 	     P'P'df 
    100.00      -1.8816    2233.43 	     P'P'df 
    105.00      -1.8928    2223.99 	     P'P'df 
    110.00      -1.9010    2214.51 	     P'P'df 
    115.00      -1.9070    2204.99 	     P'P'df 
    120.00      -1.9111    2195.44 	     P'P'df 
    125.00      -1.9137    2185.88 	     P'P'df 
    130.00      -1.9150    2176.30 	     P'P'df 
    610.00     610.00 	 P'P'df 	 depth
     20.00      -0.5829    2347.31 	     P'P'df 
     25.00      -0.7245    2344.04 	     P'P'df 
     30.00      -0.8629    2340.07 	     P'P'df 
     35.00      -0.9971    2335.42 	     P'P'df 
     40.00      -1.1257    2330.11 	     P'P'df 
     45.00      -1.2473    2324.17 	     P'P'df 
     50.00      -1.3601    2317.65 	     P'P'df 
     55.00      -1.4623    2310.59 	     P'P'df 
     60.00      -1.5527    2303.05 	     P'P'df 
     65.00      -1.6302    2295.09 	     P'P'df 
     70.00      -1.6948    2286.77 	     P'P'df 
     75.00      -1.7473    2278.16 	     P'P'df 
     80.00      -1.7891    2269.31 	     P'P'df 
     85.00      -1.8218    2260.28 	     P'P'df 
     90.00      -1.8472    2251.11 	     P'P'df 
     95.00      -1.8667    2241.82 	     P'P'df 
    100.00      -1.8815    2232.45 	     P'P'df 
    105.00      -1.8927    2223.01 	     P'P'df 
    110.00      -1.9010    2213.53 	     P'P'df 
    115.00      -1.9070    2204.00 	     P'P'df 
    120.00      -1.9111    2194.46 	     P'P'df 
    125.00      -1.9137    2184.90 	     P'P'df 
    130.00      -1.9150    2175.32 	     P'P'df 
    620.00     620.00 	 P'P'df 	 depth
     20.00      -0.5827    2346.32 	     P'P'df 
     25.00      -0.7242    2343.05 	     P'P'df 
     30.00      -0.8626    2339.08 	     P'P'df 
     35.00      -0.9968    2334.43 	     P'P'df 
     40.00      -1.1254    2329.12 	     P'P'df 
     45.00      -1.2470    2323.19 	     P'P'df 
     50.00      -1.3598    2316.67 	     P'P'df 
     55.00      -1.4620    2309.61 	     P'P'df 
     60.00      -1.5524    2302.07 	     P'P'df 
     65.00      -1.6299    2294.10 	     P'P'df 
     70.00      -1.6946    2285.79 	     P'P'df 
     75.00      -1.7471    2277.18 	     P'P'df 
     80.00      -1.7890    2268.33 	     P'P'df 
     85.00      -1.8217    2259.30 	     P'P'df 
     90.00      -1.8471    2250.13 	     P'P'df 
     95.00      -1.8666    2240.84 	     P'P'df 
    100.00      -1.8815    2231.47 	     P'P'df 
    105.00      -1.8927    2222.03 	     P'P'df 
    110.00      -1.9010    2212.55 	     P'P'df 
    115.00      -1.9070    2203.03 	     P'P'df 
    120.00      -1.9111    2193.48 	     P'P'df 
    125.00      -1.9137    2183.92 	     P'P'df 
    130.00      -1.9150    2174.35 	     P'P'df 
    630.00     630.00 	 P'P'df 	 depth
     20.00      -0.5825    2345.33 	     P'P'df 
     25.00      -0.7240    2342.06 	     P'P'df 
     30.00      -0.8624    2338.09 	     P'P'df 
     35.00      -0.9965    2333.44 	     P'P'df 
     40.00      -1.1252    2328.14 	     P'P'df 
     45.00      -1.2467    2322.20 	     P'P'df 
     50.00      -1.3595    2315.68 	     P'P'df 
     55.00      -1.4618    2308.63 	     P'P'df 
     60.00      -1.5521    2301.09 	     P'P'df 
     65.00      -1.6297    2293.13 	     P'P'df 
     70.00      -1.6944    2284.81 	     P'P'df 
     75.00      -1.7470    2276.20 	     P'P'df 
     80.00      -1.7888    2267.36 	     P'P'df 
     85.00      -1.8216    2258.33 	     P'P'df 
     90.00      -1.8470    2249.15 	     P'P'df 
     95.00      -1.8666    2239.87 	     P'P'df 
    100.00      -1.8814    2230.50 	     P'P'df 
    105.00      -1.8926    2221.06 	     P'P'df 
    110.00      -1.9010    2211.57 	     P'P'df 
    115.00      -1.9070    2202.05 	     P'P'df 
    120.00      -1.9111    2192.51 	     P'P'df 
    125.00      -1.9137    2182.95 	     P'P'df 
    130.00      -1.9150    2173.37 	     P'P'df 
    640.00     640.00 	 P'P'df 	 depth
     20.00      -0.5824    2344.34 	     P'P'df 
     25.00      -0.7238    2341.07 	     P'P'df 
     30.00      -0.8622    2337.11 	     P'P'df 
     35.00      -0.9963    2332.46 	     P'P'df 
     40.00      -1.1249    2327.15 	     P'P'df 
     45.00      -1.2464    2321.22 	     P'P'df 
     50.00      -1.3592    2314.70 	     P'P'df 
     55.00      -1.4615    2307.65 	     P'P'df 
     60.00      -1.5519    2300.11 	     P'P'df 
     65.00      -1.6295    2292.15 	     P'P'df 
     70.00      -1.6942    2283.84 	     P'P'df 
     75.00      -1.7468    2275.23 	     P'P'df 
     80.00      -1.7887    2266.39 	     P'P'df 
     85.00      -1.8215    2257.36 	     P'P'df 
     90.00      -1.8469    2248.18 	     P'P'df 
     95.00      -1.8665    2238.90 	     P'P'df 
    100.00      -1.8814    2229.53 	     P'P'df 
    105.00      -1.8926    2220.09 	     P'P'df 
    110.00      -1.9009    2210.60 	     P'P'df 
    115.00      -1.9069    2201.08 	     P'P'df 
    120.00      -1.9111    2191.54 	     P'P'df 
    125.00      -1.9136    2181.98 	     P'P'df 
    130.00      -1.9149    2172.40 	     P'P'df 
    650.00     650.00 	 P'P'df 	 depth
     20.00      -0.5822    2343.36 	     P'P'df 
     25.00      -0.7236    2340.09 	     P'P'df 
     30.00      -0.8619    2336.13 	     P'P'df 
     35.00      -0.9960    2331.48 	     P'P'df 
     40.00      -1.1246    2326.17 	     P'P'df 
     45.00      -1.2461    2320.24 	     P'P'df 
     50.00      -1.3589    2313.73 	     P'P'df 
     55.00      -1.4612    2306.67 	     P'P'df 
     60.00      -1.5516    2299.14 	     P'P'df 
     65.00      -1.6292    2291.18 	     P'P'df 
     70.00      -1.6940    2282.87 	     P'P'df 
     75.00      -1.7466    2274.26 	     P'P'df 
     80.00      -1.7886    2265.42 	     P'P'df 
     85.00      -1.8214    2256.39 	     P'P'df 
     90.00      -1.8469    2247.22 	     P'P'df 
     95.00      -1.8664    2237.93 	     P'P'df 
    100.00      -1.8813    2228.56 	     P'P'df 
    105.00      -1.8926    2219.12 	     P'P'df 
    110.00      -1.9009    2209.64 	     P'P'df 
    115.00      -1.9069    2200.12 	     P'P'df 
    120.00      -1.9110    2190.57 	     P'P'df 
    125.00      -1.9136    2181.01 	     P'P'df 
    130.00      -1.9149    2171.44 	     P'P'df 
    660.00     660.00 	 P'P'df 	 depth
     20.00      -0.5820    2342.38 	     P'P'df 
     25.00      -0.7234    2339.11 	     P'P'df 
     30.00      -0.8617    2335.15 	     P'P'df 
     35.00      -0.9957    2330.50 	     P'P'df 
     40.00      -1.1243    2325.20 	     P'P'df 
     45.00      -1.2458    2319.27 	     P'P'df 
     50.00      -1.3586    2312.76 	     P'P'df 
     55.00      -1.4609    2305.70 	     P'P'df 
     60.00      -1.5513    2298.17 	     P'P'df 
     65.00      -1.6290    2290.21 	     P'P'df 
     70.00      -1.6938    2281.90 	     P'P'df 
     75.00      -1.7465    2273.29 	     P'P'df 
     80.00      -1.7884    2264.45 	     P'P'df 
     85.00      -1.8213    2255.42 	     P'P'df 
     90.00      -1.8468    2246.25 	     P'P'df 
     95.00      -1.8664    2236.97 	     P'P'df 
    100.00      -1.8813    2227.59 	     P'P'df 
    105.00      -1.8925    2218.16 	     P'P'df 
    110.00      -1.9009    2208.67 	     P'P'df 
    115.00      -1.9069    2199.15 	     P'P'df 
    120.00      -1.9110    2189.61 	     P'P'df 
    125.00      -1.9136    2180.05 	     P'P'df 
    130.00      -1.9149    2170.47 	     P'P'df 
    670.00     670.00 	 P'P'df 	 depth
     20.00      -0.5818    2341.45 	     P'P'df 
     25.00      -0.7232    2338.19 	     P'P'df 
     30.00      -0.8614    2334.23 	     P'P'df 
     35.00      -0.9955    2329.58 	     P'P'df 
     40.00      -1.1240    2324.28 	     P'P'df 
     45.00      -1.2455    2318.35 	     P'P'df 
     50.00      -1.3582    2311.84 	     P'P'df 
     55.00      -1.4606    2304.79 	     P'P'df 
     60.00      -1.5510    2297.25 	     P'P'df 
     65.00      -1.6287    2289.30 	     P'P'df 
     70.00      -1.6936    2280.99 	     P'P'df 
     75.00      -1.7463    2272.38 	     P'P'df 
     80.00      -1.7883    2263.54 	     P'P'df 
     85.00      -1.8212    2254.52 	     P'P'df 
     90.00      -1.8467    2245.34 	     P'P'df 
     95.00      -1.8663    2236.06 	     P'P'df 
    100.00      -1.8812    2226.69 	     P'P'df 
    105.00      -1.8925    2217.25 	     P'P'df 
    110.00      -1.9008    2207.77 	     P'P'df 
    115.00      -1.9069    2198.25 	     P'P'df 
    120.00      -1.9110    2188.70 	     P'P'df 
    125.00      -1.9136    2179.14 	     P'P'df 
    130.00      -1.9149    2169.57 	     P'P'df 
    680.00     680.00 	 P'P'df 	 depth
     20.00      -0.5816    2340.53 	     P'P'df 
     25.00      -0.7230    2337.27 	     P'P'df 
     30.00      -0.8612    2333.31 	     P'P'df 
     35.00      -0.9952    2328.66 	     P'P'df 
     40.00      -1.1237    2323.36 	     P'P'df 
     45.00      -1.2451    2317.44 	     P'P'df 
     50.00      -1.3579    2310.93 	     P'P'df 
     55.00      -1.4603    2303.88 	     P'P'df 
     60.00      -1.5507    2296.34 	     P'P'df 
     65.00      -1.6285    2288.39 	     P'P'df 
     70.00      -1.6933    2280.08 	     P'P'df 
     75.00      -1.7461    2271.48 	     P'P'df 
     80.00      -1.7881    2262.64 	     P'P'df 
     85.00      -1.8211    2253.61 	     P'P'df 
     90.00      -1.8466    2244.44 	     P'P'df 
     95.00      -1.8662    2235.16 	     P'P'df 
    100.00      -1.8812    2225.78 	     P'P'df 
    105.00      -1.8925    2216.35 	     P'P'df 
    110.00      -1.9008    2206.87 	     P'P'df 
    115.00      -1.9069    2197.35 	     P'P'df 
    120.00      -1.9110    2187.80 	     P'P'df 
    125.00      -1.9136    2178.24 	     P'P'df 
    130.00      -1.9149    2168.67 	     P'P'df 
    690.00     690.00 	 P'P'df 	 depth
     20.00      -0.5815    2339.61 	     P'P'df 
     25.00      -0.7228    2336.35 	     P'P'df 
     30.00      -0.8609    2332.39 	     P'P'df 
     35.00      -0.9949    2327.75 	     P'P'df 
     40.00      -1.1234    2322.45 	     P'P'df 
     45.00      -1.2448    2316.53 	     P'P'df 
     50.00      -1.3576    2310.02 	     P'P'df 
     55.00      -1.4600    2302.97 	     P'P'df 
     60.00      -1.5505    2295.44 	     P'P'df 
     65.00      -1.6282    2287.48 	     P'P'df 
     70.00      -1.6931    2279.18 	     P'P'df 
     75.00      -1.7459    2270.57 	     P'P'df 
     80.00      -1.7880    2261.73 	     P'P'df 
     85.00      -1.8209    2252.71 	     P'P'df 
     90.00      -1.8465    2243.54 	     P'P'df 
     95.00      -1.8661    2234.25 	     P'P'df 
    100.00      -1.8811    2224.88 	     P'P'df 
    105.00      -1.8924    2215.45 	     P'P'df 
    110.00      -1.9008    2205.96 	     P'P'df 
    115.00      -1.9068    2196.44 	     P'P'df 
    120.00      -1.9110    2186.90 	     P'P'df 
    125.00      -1.9136    2177.34 	     P'P'df 
    130.00      -1.9149    2167.77 	     P'P'df 
    700.00     700.00 	 P'P'df 	 depth
     20.00      -0.5813    2338.69 	     P'P'df 
     25.00      -0.7225    2335.43 	     P'P'df 
     30.00      -0.8607    2331.47 	     P'P'df 
     35.00      -0.9946    2326.83 	     P'P'df 
     40.00      -1.1230    2321.54 	     P'P'df 
     45.00      -1.2445    2315.62 	     P'P'df 
     50.00      -1.3573    2309.11 	     P'P'df 
     55.00      -1.4596    2302.06 	     P'P'df 
     60.00      -1.5502    2294.53 	     P'P'df 
     65.00      -1.6279    2286.58 	     P'P'df 
     70.00      -1.6929    2278.27 	     P'P'df 
     75.00      -1.7457    2269.67 	     P'P'df 
     80.00      -1.7878    2260.83 	     P'P'df 
     85.00      -1.8208    2251.81 	     P'P'df 
     90.00      -1.8464    2242.64 	     P'P'df 
     95.00      -1.8661    2233.35 	     P'P'df 
    100.00      -1.8811    2223.98 	     P'P'df 
    105.00      -1.8924    2214.55 	     P'P'df 
    110.00      -1.9008    2205.07 	     P'P'df 
    115.00      -1.9068    2195.55 	     P'P'df 
    120.00      -1.9110    2186.00 	     P'P'df 
    125.00      -1.9136    2176.44 	     P'P'df 
    130.00      -1.9149    2166.87 	     P'P'df 
