      0.00       0.00 	 PS 	 depth
     90.00      11.1126    1501.82 	         PS 
     95.00      10.9880    1557.14 	         PS 
    100.00      10.7318    1611.48 	         PS 
    105.00      10.4124    1664.36 	         PS 
    110.00       9.2239    1715.33 	         PS 
    110.00      10.0650    1715.55 	         PS 
    115.00       9.1225    1761.24 	         PS 
    120.00       8.9297    1806.40 	         PS 
    125.00       8.7689    1850.62 	         PS 
    130.00       8.6364    1894.14 	         PS 
    135.00       8.4706    1936.92 	         PS 
     10.00      10.00 	 PS 	 depth
     90.00      11.1122    1500.41 	         PS 
     95.00      10.9854    1555.73 	         PS 
    100.00      10.7282    1610.05 	         PS 
    105.00      10.4085    1662.91 	         PS 
    110.00       9.2234    1713.82 	         PS 
    110.00      10.0611    1714.09 	         PS 
    115.00       9.1211    1759.72 	         PS 
    120.00       8.9279    1804.87 	         PS 
    125.00       8.7676    1849.09 	         PS 
    130.00       8.6351    1892.60 	         PS 
    135.00       8.4690    1935.37 	         PS 
     20.00      20.00 	 PS 	 depth
     90.00      11.1117    1499.01 	         PS 
     95.00      10.9828    1554.32 	         PS 
    100.00      10.7246    1608.62 	         PS 
    105.00      10.4045    1661.46 	         PS 
    110.00       9.2229    1712.31 	         PS 
    110.00      10.0572    1712.62 	         PS 
    115.00       9.1196    1758.20 	         PS 
    120.00       8.9260    1803.35 	         PS 
    125.00       8.7663    1847.56 	         PS 
    130.00       8.6338    1891.06 	         PS 
    135.00       8.4675    1933.82 	         PS 
     30.00      30.00 	 PS 	 depth
     90.00      11.1111    1497.84 	         PS 
     95.00      10.9796    1553.14 	         PS 
    100.00      10.7203    1607.43 	         PS 
    105.00      10.3998    1660.24 	         PS 
    110.00       9.2222    1711.02 	         PS 
    110.00      10.0526    1711.38 	         PS 
    115.00       9.1179    1756.91 	         PS 
    120.00       8.9239    1802.04 	         PS 
    125.00       8.7648    1846.24 	         PS 
    130.00       8.6323    1889.73 	         PS 
    135.00       8.4657    1932.49 	         PS 
     40.00      40.00 	 PS 	 depth
     90.00      11.1102    1496.89 	         PS 
     95.00      10.9755    1552.18 	         PS 
    100.00      10.7147    1606.44 	         PS 
    105.00      10.3938    1659.23 	         PS 
    110.00       9.2214    1709.91 	         PS 
    110.00      10.0468    1710.33 	         PS 
    115.00       9.1159    1755.79 	         PS 
    120.00       8.9213    1800.91 	         PS 
    125.00       8.7630    1845.10 	         PS 
    130.00       8.6305    1888.58 	         PS 
    135.00       8.4635    1931.33 	         PS 
     50.00      50.00 	 PS 	 depth
     90.00      11.1090    1496.16 	         PS 
     95.00      10.9703    1551.43 	         PS 
    100.00      10.7080    1605.66 	         PS 
    105.00      10.3867    1658.42 	         PS 
    110.00       9.2204    1708.99 	         PS 
    110.00      10.0399    1709.48 	         PS 
    115.00       9.1134    1754.86 	         PS 
    120.00       8.9184    1799.97 	         PS 
    125.00       8.7609    1844.14 	         PS 
    130.00       8.6284    1887.62 	         PS 
    135.00       8.4610    1930.35 	         PS 
     60.00      60.00 	 PS 	 depth
     90.00      11.1077    1495.43 	         PS 
     95.00      10.9651    1550.69 	         PS 
    100.00      10.7012    1604.88 	         PS 
    105.00      10.3795    1657.60 	         PS 
    110.00       9.2194    1708.07 	         PS 
    110.00      10.0330    1708.64 	         PS 
    115.00       9.1110    1753.93 	         PS 
    120.00       8.9155    1799.02 	         PS 
    125.00       8.7588    1843.19 	         PS 
    130.00       8.6263    1886.65 	         PS 
    135.00       8.4586    1929.37 	         PS 
     70.00      70.00 	 PS 	 depth
     90.00      11.1063    1494.71 	         PS 
     95.00      10.9598    1549.94 	         PS 
    100.00      10.6944    1604.11 	         PS 
    105.00      10.3723    1656.79 	         PS 
    110.00       9.2184    1707.15 	         PS 
    110.00      10.0260    1707.79 	         PS 
    115.00       9.1085    1753.00 	         PS 
    120.00       8.9125    1798.08 	         PS 
    125.00       8.7567    1842.23 	         PS 
    130.00       8.6241    1885.69 	         PS 
    135.00       8.4560    1928.40 	         PS 
     80.00      80.00 	 PS 	 depth
     90.00      11.1047    1493.98 	         PS 
     95.00      10.9544    1549.20 	         PS 
    100.00      10.6875    1603.34 	         PS 
    105.00      10.3650    1655.98 	         PS 
    110.00       9.2173    1706.23 	         PS 
    110.00      10.0190    1706.95 	         PS 
    115.00       9.1060    1752.08 	         PS 
    120.00       8.9096    1797.14 	         PS 
    125.00       8.7546    1841.28 	         PS 
    130.00       8.6219    1884.72 	         PS 
    135.00       8.4535    1927.42 	         PS 
     90.00      90.00 	 PS 	 depth
     90.00      11.1030    1493.26 	         PS 
     95.00      10.9489    1548.46 	         PS 
    100.00      10.6806    1602.56 	         PS 
    105.00      10.3578    1655.18 	         PS 
    110.00       9.2162    1705.32 	         PS 
    110.00      10.0119    1706.10 	         PS 
    115.00       9.1034    1751.15 	         PS 
    120.00       8.9068    1796.19 	         PS 
    125.00       8.7525    1840.33 	         PS 
    130.00       8.6198    1883.76 	         PS 
    135.00       8.4510    1926.44 	         PS 
    100.00     100.00 	 PS 	 depth
     90.00      11.1012    1492.54 	         PS 
     95.00      10.9433    1547.72 	         PS 
    100.00      10.6736    1601.79 	         PS 
    105.00      10.3505    1654.37 	         PS 
    110.00       9.2151    1704.40 	         PS 
    110.00      10.0048    1705.26 	         PS 
    115.00       9.1008    1750.23 	         PS 
    120.00       8.9039    1795.26 	         PS 
    125.00       8.7505    1839.37 	         PS 
    130.00       8.6175    1882.80 	         PS 
    135.00       8.4485    1925.47 	         PS 
    110.00     110.00 	 PS 	 depth
     90.00      11.0992    1491.83 	         PS 
     95.00      10.9376    1546.98 	         PS 
    100.00      10.6666    1601.02 	         PS 
    105.00      10.3431    1653.56 	         PS 
    110.00       9.2139    1703.49 	         PS 
    110.00       9.9977    1704.42 	         PS 
    115.00       9.0982    1749.31 	         PS 
    120.00       8.9010    1794.32 	         PS 
    125.00       8.7484    1838.42 	         PS 
    130.00       8.6153    1881.84 	         PS 
    135.00       8.4459    1924.50 	         PS 
    120.00     120.00 	 PS 	 depth
     90.00      11.0971    1491.11 	         PS 
     95.00      10.9318    1546.25 	         PS 
    100.00      10.6596    1600.26 	         PS 
    105.00      10.3357    1652.76 	         PS 
    110.00       9.2127    1702.58 	         PS 
    110.00       9.9905    1703.58 	         PS 
    115.00       9.0955    1748.38 	         PS 
    120.00       8.8982    1793.38 	         PS 
    125.00       8.7463    1837.47 	         PS 
    130.00       8.6131    1880.88 	         PS 
    135.00       8.4433    1923.52 	         PS 
    130.00     130.00 	 PS 	 depth
     90.00      11.0948    1490.41 	         PS 
     95.00      10.9260    1545.52 	         PS 
    100.00      10.6524    1599.49 	         PS 
    105.00      10.3283    1651.96 	         PS 
    110.00       9.2115    1701.67 	         PS 
    110.00       9.9832    1702.75 	         PS 
    115.00       9.0927    1747.47 	         PS 
    120.00       8.8954    1792.45 	         PS 
    125.00       8.7442    1836.53 	         PS 
    130.00       8.6108    1879.92 	         PS 
    135.00       8.4407    1922.56 	         PS 
    140.00     140.00 	 PS 	 depth
     90.00      11.0923    1489.71 	         PS 
     95.00      10.9200    1544.80 	         PS 
    100.00      10.6452    1598.74 	         PS 
    105.00      10.3208    1651.17 	         PS 
    110.00       9.2102    1700.77 	         PS 
    110.00       9.9758    1701.92 	         PS 
    115.00       9.0900    1746.56 	         PS 
    120.00       8.8925    1791.52 	         PS 
    125.00       8.7420    1835.59 	         PS 
    130.00       8.6084    1878.97 	         PS 
    135.00       8.4381    1921.59 	         PS 
    150.00     150.00 	 PS 	 depth
     90.00      11.0897    1489.02 	         PS 
     95.00      10.9138    1544.08 	         PS 
    100.00      10.6379    1597.99 	         PS 
    105.00      10.3132    1650.38 	         PS 
    110.00       9.2088    1699.87 	         PS 
    110.00       9.9683    1701.10 	         PS 
    115.00       9.0871    1745.65 	         PS 
    120.00       8.8897    1790.60 	         PS 
    125.00       8.7399    1834.66 	         PS 
    130.00       8.6061    1878.03 	         PS 
    135.00       8.4354    1920.64 	         PS 
    160.00     160.00 	 PS 	 depth
     90.00      11.0869    1488.34 	         PS 
     95.00      10.9075    1543.38 	         PS 
    100.00      10.6304    1597.25 	         PS 
    105.00      10.3056    1649.61 	         PS 
    110.00       9.2075    1698.99 	         PS 
    110.00       9.9607    1700.28 	         PS 
    115.00       9.0842    1744.75 	         PS 
    120.00       8.8868    1789.68 	         PS 
    125.00       8.7377    1833.73 	         PS 
    130.00       8.6037    1877.09 	         PS 
    135.00       8.4327    1919.69 	         PS 
    170.00     170.00 	 PS 	 depth
     90.00      11.0840    1487.67 	         PS 
     95.00      10.9011    1542.69 	         PS 
    100.00      10.6228    1596.52 	         PS 
    105.00      10.2978    1648.84 	         PS 
    110.00       9.2060    1698.11 	         PS 
    110.00       9.9530    1699.47 	         PS 
    115.00       9.0813    1743.86 	         PS 
    120.00       8.8839    1788.78 	         PS 
    125.00       8.7356    1832.81 	         PS 
    130.00       8.6012    1876.16 	         PS 
    135.00       8.4300    1918.74 	         PS 
    180.00     180.00 	 PS 	 depth
     90.00      11.0808    1487.01 	         PS 
     95.00      10.8945    1542.00 	         PS 
    100.00      10.6151    1595.80 	         PS 
    105.00      10.2900    1648.08 	         PS 
    110.00       9.2046    1697.24 	         PS 
    110.00       9.9452    1698.67 	         PS 
    115.00       9.0783    1742.98 	         PS 
    120.00       8.8811    1787.88 	         PS 
    125.00       8.7334    1831.90 	         PS 
    130.00       8.5987    1875.24 	         PS 
    135.00       8.4272    1917.81 	         PS 
    190.00     190.00 	 PS 	 depth
     90.00      11.0774    1486.36 	         PS 
     95.00      10.8877    1541.32 	         PS 
    100.00      10.6073    1595.08 	         PS 
    105.00      10.2821    1647.32 	         PS 
    110.00       9.2031    1696.37 	         PS 
    110.00       9.9373    1697.88 	         PS 
    115.00       9.0752    1742.10 	         PS 
    120.00       8.8782    1786.98 	         PS 
    125.00       8.7312    1830.99 	         PS 
    130.00       8.5962    1874.32 	         PS 
    135.00       8.4244    1916.88 	         PS 
    200.00     200.00 	 PS 	 depth
     90.00      11.0738    1485.72 	         PS 
     95.00      10.8808    1540.65 	         PS 
    100.00      10.5994    1594.38 	         PS 
    105.00      10.2741    1646.58 	         PS 
    110.00       9.2015    1695.51 	         PS 
    110.00       9.9292    1697.10 	         PS 
    115.00       9.0721    1741.23 	         PS 
    120.00       8.8753    1786.09 	         PS 
    125.00       8.7290    1830.09 	         PS 
    130.00       8.5936    1873.41 	         PS 
    135.00       8.4216    1915.95 	         PS 
    210.00     210.00 	 PS 	 depth
     90.00      11.0700    1485.08 	         PS 
     95.00      10.8737    1539.99 	         PS 
    100.00      10.5913    1593.68 	         PS 
    105.00      10.2660    1645.84 	         PS 
    110.00       9.1999    1694.66 	         PS 
    110.00       9.9211    1696.32 	         PS 
    115.00       9.0689    1740.37 	         PS 
    120.00       8.8724    1785.21 	         PS 
    125.00       8.7268    1829.20 	         PS 
    130.00       8.5910    1872.50 	         PS 
    135.00       8.4187    1915.03 	         PS 
    220.00     220.00 	 PS 	 depth
     90.00      11.0660    1484.46 	         PS 
     95.00      10.8664    1539.34 	         PS 
    100.00      10.5831    1592.99 	         PS 
    105.00      10.2578    1645.11 	         PS 
    110.00       9.1982    1693.82 	         PS 
    110.00       9.9128    1695.55 	         PS 
    115.00       9.0656    1739.51 	         PS 
    120.00       8.8695    1784.34 	         PS 
    125.00       8.7245    1828.31 	         PS 
    130.00       8.5883    1871.60 	         PS 
    135.00       8.4158    1914.12 	         PS 
    230.00     230.00 	 PS 	 depth
     90.00      11.0617    1483.86 	         PS 
     95.00      10.8589    1538.71 	         PS 
    100.00      10.5748    1592.31 	         PS 
    105.00      10.2495    1644.39 	         PS 
    110.00       9.1965    1692.98 	         PS 
    110.00       9.9043    1694.79 	         PS 
    115.00       9.0622    1738.66 	         PS 
    120.00       8.8666    1783.47 	         PS 
    125.00       8.7222    1827.43 	         PS 
    130.00       8.5856    1870.71 	         PS 
    135.00       8.4128    1913.22 	         PS 
    240.00     240.00 	 PS 	 depth
     90.00      11.0571    1483.26 	         PS 
     95.00      10.8513    1538.08 	         PS 
    100.00      10.5663    1591.65 	         PS 
    105.00      10.2411    1643.68 	         PS 
    110.00       9.1947    1692.15 	         PS 
    110.00       9.8958    1694.03 	         PS 
    115.00       9.0588    1737.82 	         PS 
    120.00       8.8636    1782.61 	         PS 
    125.00       8.7199    1826.56 	         PS 
    130.00       8.5828    1869.83 	         PS 
    135.00       8.4098    1912.32 	         PS 
    250.00     250.00 	 PS 	 depth
     90.00      11.0523    1482.68 	         PS 
     95.00      10.8434    1537.46 	         PS 
    100.00      10.5576    1590.99 	         PS 
    105.00      10.2326    1642.97 	         PS 
    110.00       9.1929    1691.34 	         PS 
    110.00       9.8870    1693.29 	         PS 
    115.00       9.0553    1736.99 	         PS 
    120.00       8.8607    1781.77 	         PS 
    125.00       8.7176    1825.70 	         PS 
    130.00       8.5800    1868.96 	         PS 
    135.00       8.4068    1911.43 	         PS 
    260.00     260.00 	 PS 	 depth
     90.00      11.0471    1482.11 	         PS 
     95.00      10.8352    1536.86 	         PS 
    100.00      10.5488    1590.34 	         PS 
    105.00      10.2239    1642.28 	         PS 
    110.00       9.1910    1690.53 	         PS 
    110.00       9.8782    1692.56 	         PS 
    115.00       9.0517    1736.17 	         PS 
    120.00       8.8577    1780.92 	         PS 
    125.00       8.7153    1824.85 	         PS 
    130.00       8.5771    1868.09 	         PS 
    135.00       8.4037    1910.55 	         PS 
    270.00     270.00 	 PS 	 depth
     90.00      11.0417    1481.55 	         PS 
     95.00      10.8269    1536.27 	         PS 
    100.00      10.5397    1589.70 	         PS 
    105.00      10.2151    1641.60 	         PS 
    110.00       9.1891    1689.73 	         PS 
    110.00       9.8691    1691.83 	         PS 
    115.00       9.0481    1735.36 	         PS 
    120.00       8.8547    1780.09 	         PS 
    125.00       8.7129    1824.00 	         PS 
    130.00       8.5741    1867.23 	         PS 
    135.00       8.4005    1909.68 	         PS 
    280.00     280.00 	 PS 	 depth
     90.00      11.0360    1481.01 	         PS 
     95.00      10.8183    1535.69 	         PS 
    100.00      10.5305    1589.08 	         PS 
    105.00      10.2062    1640.93 	         PS 
    105.00       9.2378    1642.83 	         PS 
    110.00       9.1870    1688.94 	         PS 
    110.00       9.8599    1691.12 	         PS 
    115.00       9.0443    1734.55 	         PS 
    120.00       8.8517    1779.27 	         PS 
    125.00       8.7106    1823.16 	         PS 
    130.00       8.5711    1866.38 	         PS 
    135.00       8.3973    1908.81 	         PS 
    290.00     290.00 	 PS 	 depth
     90.00      11.0299    1480.48 	         PS 
     95.00      10.8095    1535.12 	         PS 
    100.00      10.5211    1588.46 	         PS 
    105.00      10.1971    1640.27 	         PS 
    105.00       9.2377    1642.05 	         PS 
    110.00       9.1850    1688.15 	         PS 
    110.00       9.8506    1690.41 	         PS 
    115.00       9.0405    1733.75 	         PS 
    120.00       8.8487    1778.45 	         PS 
    125.00       8.7082    1822.33 	         PS 
    130.00       8.5681    1865.54 	         PS 
    135.00       8.3941    1907.95 	         PS 
    300.00     300.00 	 PS 	 depth
     85.00      11.1153    1424.54 	         PS 
     90.00      11.0235    1479.96 	         PS 
     95.00      10.8004    1534.56 	         PS 
    100.00      10.5116    1587.86 	         PS 
    105.00      10.1879    1639.62 	         PS 
    105.00       9.2377    1641.29 	         PS 
    110.00       9.1828    1687.38 	         PS 
    110.00       9.8411    1689.71 	         PS 
    115.00       9.0365    1732.96 	         PS 
    120.00       8.8456    1777.64 	         PS 
    125.00       8.7057    1821.51 	         PS 
    130.00       8.5650    1864.71 	         PS 
    135.00       8.3908    1907.10 	         PS 
    310.00     310.00 	 PS 	 depth
     85.00      11.1151    1424.06 	         PS 
     90.00      11.0167    1479.46 	         PS 
     95.00      10.7910    1534.01 	         PS 
    100.00      10.5018    1587.26 	         PS 
    105.00      10.1786    1638.97 	         PS 
    105.00       9.2376    1640.53 	         PS 
    110.00       9.1806    1686.61 	         PS 
    110.00       9.8314    1689.02 	         PS 
    115.00       9.0325    1732.18 	         PS 
    120.00       8.8426    1776.84 	         PS 
    125.00       8.7033    1820.70 	         PS 
    130.00       8.5619    1863.88 	         PS 
    135.00       8.3875    1906.26 	         PS 
    320.00     320.00 	 PS 	 depth
     85.00      11.1145    1423.59 	         PS 
     90.00      11.0096    1478.97 	         PS 
     95.00      10.7814    1533.48 	         PS 
    100.00      10.4918    1586.68 	         PS 
    105.00      10.1691    1638.34 	         PS 
    105.00       9.2374    1639.78 	         PS 
    110.00       9.1783    1685.86 	         PS 
    110.00       9.8215    1688.34 	         PS 
    115.00       9.0284    1731.41 	         PS 
    120.00       8.8395    1776.05 	         PS 
    125.00       8.7008    1819.89 	         PS 
    130.00       8.5587    1863.06 	         PS 
    135.00       8.3841    1905.43 	         PS 
    330.00     330.00 	 PS 	 depth
     85.00      11.1136    1423.14 	         PS 
     90.00      11.0021    1478.49 	         PS 
     95.00      10.7715    1532.96 	         PS 
    100.00      10.4816    1586.11 	         PS 
    105.00      10.1595    1637.72 	         PS 
    105.00       9.2372    1639.04 	         PS 
    110.00       9.1759    1685.11 	         PS 
    110.00       9.8114    1687.67 	         PS 
    115.00       9.0242    1730.65 	         PS 
    120.00       8.8364    1775.27 	         PS 
    125.00       8.6983    1819.09 	         PS 
    130.00       8.5555    1862.25 	         PS 
    135.00       8.3807    1904.60 	         PS 
    340.00     340.00 	 PS 	 depth
     85.00      11.1122    1422.70 	         PS 
     90.00      10.9941    1478.03 	         PS 
     95.00      10.7613    1532.45 	         PS 
    100.00      10.4712    1585.55 	         PS 
    105.00      10.1497    1637.11 	         PS 
    105.00       9.2369    1638.30 	         PS 
    110.00       9.1735    1684.37 	         PS 
    110.00       9.8012    1687.01 	         PS 
    115.00       9.0199    1729.89 	         PS 
    120.00       8.8333    1774.49 	         PS 
    125.00       8.6958    1818.31 	         PS 
    130.00       8.5523    1861.45 	         PS 
    135.00       8.3772    1903.78 	         PS 
    350.00     350.00 	 PS 	 depth
     85.00      11.1104    1422.28 	         PS 
     90.00      10.9857    1477.58 	         PS 
     95.00      10.7509    1531.95 	         PS 
    100.00      10.4605    1585.00 	         PS 
    105.00      10.1397    1636.50 	         PS 
    105.00       9.2365    1637.58 	         PS 
    110.00       9.1710    1683.64 	         PS 
    110.00       9.7908    1686.36 	         PS 
    115.00       9.0154    1729.15 	         PS 
    120.00       8.8301    1773.73 	         PS 
    125.00       8.6932    1817.52 	         PS 
    130.00       8.5490    1860.65 	         PS 
    135.00       8.3736    1902.97 	         PS 
    360.00     360.00 	 PS 	 depth
     85.00      11.1080    1421.87 	         PS 
     90.00      10.9768    1477.14 	         PS 
     95.00      10.7401    1531.47 	         PS 
    100.00      10.4497    1584.46 	         PS 
    105.00      10.1297    1635.91 	         PS 
    105.00       9.2361    1636.87 	         PS 
    110.00       9.1684    1682.92 	         PS 
    110.00       9.7801    1685.71 	         PS 
    115.00       9.0109    1728.41 	         PS 
    120.00       8.8269    1772.97 	         PS 
    125.00       8.6907    1816.75 	         PS 
    130.00       8.5457    1859.87 	         PS 
    135.00       8.3700    1902.16 	         PS 
    370.00     370.00 	 PS 	 depth
     85.00      11.1050    1421.49 	         PS 
     90.00      10.9674    1476.72 	         PS 
     95.00      10.7289    1530.99 	         PS 
    100.00      10.4385    1583.93 	         PS 
    105.00      10.1194    1635.33 	         PS 
    105.00       9.2357    1636.16 	         PS 
    110.00       9.1657    1682.21 	         PS 
    115.00       9.0063    1727.68 	         PS 
    120.00       8.8237    1772.22 	         PS 
    125.00       8.6880    1815.99 	         PS 
    130.00       8.5423    1859.09 	         PS 
    135.00       8.3664    1901.37 	         PS 
    380.00     380.00 	 PS 	 depth
     85.00      11.1013    1421.12 	         PS 
     90.00      10.9575    1476.32 	         PS 
     95.00      10.7175    1530.53 	         PS 
    100.00      10.4272    1583.41 	         PS 
    105.00      10.1090    1634.76 	         PS 
    105.00       9.2352    1635.47 	         PS 
    110.00       9.1629    1681.50 	         PS 
    115.00       9.0015    1726.95 	         PS 
    120.00       8.8205    1771.47 	         PS 
    125.00       8.6854    1815.23 	         PS 
    130.00       8.5389    1858.31 	         PS 
    135.00       8.3626    1900.58 	         PS 
    390.00     390.00 	 PS 	 depth
     85.00      11.0969    1420.77 	         PS 
     90.00      10.9470    1475.93 	         PS 
     95.00      10.7056    1530.09 	         PS 
    100.00      10.4156    1582.90 	         PS 
    105.00      10.0983    1634.19 	         PS 
    105.00       9.2346    1634.78 	         PS 
    110.00       9.1600    1680.81 	         PS 
    115.00       8.9967    1726.24 	         PS 
    120.00       8.8172    1770.74 	         PS 
    125.00       8.6828    1814.48 	         PS 
    130.00       8.5354    1857.55 	         PS 
    135.00       8.3588    1899.80 	         PS 
    400.00     400.00 	 PS 	 depth
     85.00      11.0916    1420.43 	         PS 
     90.00      10.9359    1475.55 	         PS 
     95.00      10.6934    1529.65 	         PS 
    100.00      10.4037    1582.41 	         PS 
    105.00      10.0876    1633.64 	         PS 
    105.00       9.2339    1634.11 	         PS 
    110.00       9.1571    1680.12 	         PS 
    115.00       8.9917    1725.53 	         PS 
    120.00       8.8140    1770.01 	         PS 
    125.00       8.6801    1813.74 	         PS 
    130.00       8.5319    1856.79 	         PS 
    135.00       8.3550    1899.02 	         PS 
    410.00     410.00 	 PS 	 depth
     85.00      11.0854    1420.12 	         PS 
     90.00      10.9242    1475.19 	         PS 
     95.00      10.6808    1529.23 	         PS 
    100.00      10.3915    1581.92 	         PS 
    105.00      10.0766    1633.10 	         PS 
    105.00       9.2331    1633.44 	         PS 
    110.00       9.1541    1679.45 	         PS 
    115.00       8.9866    1724.84 	         PS 
    120.00       8.8107    1769.30 	         PS 
    125.00       8.6773    1813.01 	         PS 
    130.00       8.5284    1856.04 	         PS 
    135.00       8.3511    1898.25 	         PS 
    420.00     420.00 	 PS 	 depth
     85.00      11.0518    1420.07 	         PS 
     90.00      10.9017    1475.00 	         PS 
     95.00      10.6624    1528.94 	         PS 
    100.00      10.3757    1581.55 	         PS 
    105.00      10.0633    1632.65 	         PS 
    105.00       9.2322    1632.85 	         PS 
    110.00       9.1506    1678.84 	         PS 
    115.00       8.9808    1724.21 	         PS 
    120.00       8.8070    1768.65 	         PS 
    125.00       8.6743    1812.34 	         PS 
    130.00       8.5245    1855.36 	         PS 
    135.00       8.3468    1897.55 	         PS 
    430.00     430.00 	 PS 	 depth
     90.00      10.8774    1474.84 	         PS 
     95.00      10.6434    1528.66 	         PS 
    100.00      10.3596    1581.19 	         PS 
    105.00      10.0497    1632.22 	         PS 
    105.00       9.2312    1632.27 	         PS 
    110.00       9.1469    1678.25 	         PS 
    115.00       8.9749    1723.59 	         PS 
    120.00       8.8033    1768.01 	         PS 
    125.00       8.6713    1811.69 	         PS 
    130.00       8.5205    1854.69 	         PS 
    135.00       8.3424    1896.86 	         PS 
    440.00     440.00 	 PS 	 depth
     90.00      10.8504    1474.69 	         PS 
     95.00      10.6236    1528.40 	         PS 
    100.00      10.3430    1580.84 	         PS 
    105.00       9.2300    1631.70 	         PS 
    105.00      10.0357    1631.79 	         PS 
    110.00       9.1432    1677.67 	         PS 
    115.00       8.9688    1722.99 	         PS 
    120.00       8.7996    1767.38 	         PS 
    125.00       8.6682    1811.04 	         PS 
    130.00       8.5165    1854.02 	         PS 
    135.00       8.3380    1896.17 	         PS 
    450.00     450.00 	 PS 	 depth
     90.00      10.8209    1474.57 	         PS 
     95.00      10.6030    1528.16 	         PS 
    100.00      10.3259    1580.50 	         PS 
    105.00       9.2288    1631.13 	         PS 
    105.00      10.0214    1631.37 	         PS 
    110.00       9.1393    1677.09 	         PS 
    115.00       8.9627    1722.38 	         PS 
    120.00       8.7959    1766.75 	         PS 
    125.00       8.6650    1810.40 	         PS 
    130.00       8.5124    1853.36 	         PS 
    135.00       8.3335    1895.49 	         PS 
    460.00     460.00 	 PS 	 depth
     90.00      10.7886    1474.46 	         PS 
     95.00      10.5814    1527.93 	         PS 
    100.00      10.3085    1580.17 	         PS 
    105.00       9.2274    1630.58 	         PS 
    105.00      10.0066    1630.97 	         PS 
    110.00       9.1354    1676.52 	         PS 
    115.00       8.9567    1721.79 	         PS 
    120.00       8.7921    1766.14 	         PS 
    125.00       8.6618    1809.76 	         PS 
    130.00       8.5083    1852.71 	         PS 
    135.00       8.3289    1894.81 	         PS 
    470.00     470.00 	 PS 	 depth
     90.00      10.7530    1474.39 	         PS 
     95.00      10.5586    1527.71 	         PS 
    100.00      10.2907    1579.86 	         PS 
    105.00       9.2259    1630.03 	         PS 
    105.00       9.9915    1630.57 	         PS 
    110.00       9.1312    1675.96 	         PS 
    115.00       8.9507    1721.20 	         PS 
    120.00       8.7883    1765.53 	         PS 
    125.00       8.6585    1809.14 	         PS 
    130.00       8.5041    1852.06 	         PS 
    135.00       8.3242    1894.15 	         PS 
    480.00     480.00 	 PS 	 depth
     90.00      10.7109    1474.34 	         PS 
     95.00      10.5348    1527.51 	         PS 
    100.00      10.2724    1579.55 	         PS 
    105.00       9.2243    1629.50 	         PS 
    105.00       9.9759    1630.19 	         PS 
    110.00       9.1269    1675.41 	         PS 
    115.00       8.9448    1720.63 	         PS 
    120.00       8.7844    1764.93 	         PS 
    125.00       8.6551    1808.52 	         PS 
    130.00       8.4999    1851.42 	         PS 
    490.00     490.00 	 PS 	 depth
     95.00      10.5100    1527.33 	         PS 
    100.00      10.2535    1579.26 	         PS 
    105.00       9.2225    1628.97 	         PS 
    105.00       9.9599    1629.81 	         PS 
    110.00       9.1225    1674.87 	         PS 
    115.00       8.9390    1720.06 	         PS 
    120.00       8.7806    1764.33 	         PS 
    125.00       8.6516    1807.91 	         PS 
    130.00       8.4956    1850.79 	         PS 
    500.00     500.00 	 PS 	 depth
     95.00      10.4838    1527.17 	         PS 
    100.00      10.2341    1578.99 	         PS 
    105.00       9.2205    1628.46 	         PS 
    105.00       9.9435    1629.45 	         PS 
    110.00       9.1179    1674.34 	         PS 
    115.00       8.9332    1719.49 	         PS 
    120.00       8.7766    1763.75 	         PS 
    125.00       8.6480    1807.31 	         PS 
    130.00       8.4912    1850.17 	         PS 
    510.00     510.00 	 PS 	 depth
     95.00      10.4552    1527.02 	         PS 
    100.00      10.2142    1578.72 	         PS 
    105.00       9.2184    1627.95 	         PS 
    105.00       9.9265    1629.09 	         PS 
    110.00       9.1131    1673.81 	         PS 
    115.00       8.9274    1718.94 	         PS 
    120.00       8.7727    1763.17 	         PS 
    125.00       8.6443    1806.71 	         PS 
    130.00       8.4868    1849.55 	         PS 
    520.00     520.00 	 PS 	 depth
     95.00      10.4247    1526.89 	         PS 
    100.00      10.1938    1578.47 	         PS 
    105.00       9.2162    1627.45 	         PS 
    105.00       9.9090    1628.75 	         PS 
    110.00       9.1081    1673.30 	         PS 
    115.00       8.9216    1718.39 	         PS 
    120.00       8.7687    1762.60 	         PS 
    125.00       8.6406    1806.12 	         PS 
    130.00       8.4823    1848.94 	         PS 
    530.00     530.00 	 PS 	 depth
     95.00      10.3919    1526.78 	         PS 
    100.00      10.1727    1578.23 	         PS 
    105.00       9.2137    1626.97 	         PS 
    105.00       9.8910    1628.41 	         PS 
    110.00       9.1030    1672.79 	         PS 
    115.00       8.9159    1717.86 	         PS 
    120.00       8.7646    1762.04 	         PS 
    125.00       8.6367    1805.54 	         PS 
    130.00       8.4778    1848.34 	         PS 
    540.00     540.00 	 PS 	 depth
     95.00      10.3567    1526.69 	         PS 
    100.00      10.1510    1578.00 	         PS 
    105.00       9.2111    1626.49 	         PS 
    105.00       9.8725    1628.09 	         PS 
    110.00       9.0976    1672.29 	         PS 
    115.00       8.9101    1717.33 	         PS 
    120.00       8.7605    1761.49 	         PS 
    125.00       8.6327    1804.97 	         PS 
    130.00       8.4732    1847.75 	         PS 
    550.00     550.00 	 PS 	 depth
     95.00      10.3197    1526.63 	         PS 
    100.00      10.1279    1577.80 	         PS 
    105.00       9.2082    1626.02 	         PS 
    105.00       9.8535    1627.78 	         PS 
    110.00       9.0920    1671.81 	         PS 
    115.00       8.9044    1716.81 	         PS 
    120.00       8.7564    1760.94 	         PS 
    125.00       8.6287    1804.41 	         PS 
    130.00       8.4685    1847.16 	         PS 
    560.00     560.00 	 PS 	 depth
     95.00      10.2785    1526.58 	         PS 
    100.00      10.1034    1577.60 	         PS 
    105.00       9.2052    1625.57 	         PS 
    105.00       9.8340    1627.48 	         PS 
    110.00       9.0862    1671.33 	         PS 
    115.00       8.8986    1716.30 	         PS 
    120.00       8.7522    1760.41 	         PS 
    125.00       8.6245    1803.85 	         PS 
    130.00       8.4637    1846.58 	         PS 
    570.00     570.00 	 PS 	 depth
     95.00      10.2306    1526.57 	         PS 
    100.00      10.0781    1577.42 	         PS 
    105.00       9.2020    1625.12 	         PS 
    105.00       9.8140    1627.19 	         PS 
    110.00       9.0801    1670.86 	         PS 
    115.00       8.8929    1715.79 	         PS 
    120.00       8.7480    1759.88 	         PS 
    125.00       8.6202    1803.30 	         PS 
    130.00       8.4589    1846.01 	         PS 
    580.00     580.00 	 PS 	 depth
    100.00      10.0522    1577.25 	         PS 
    105.00       9.1985    1624.68 	         PS 
    105.00       9.7933    1626.91 	         PS 
    110.00       9.0738    1670.40 	         PS 
    115.00       8.8871    1715.30 	         PS 
    120.00       8.7437    1759.36 	         PS 
    125.00       8.6157    1802.76 	         PS 
    130.00       8.4540    1845.44 	         PS 
    590.00     590.00 	 PS 	 depth
    100.00      10.0252    1577.10 	         PS 
    105.00       9.1948    1624.26 	         PS 
    110.00       9.0673    1669.94 	         PS 
    115.00       8.8813    1714.81 	         PS 
    120.00       8.7394    1758.85 	         PS 
    125.00       8.6111    1802.23 	         PS 
    130.00       8.4490    1844.89 	         PS 
    600.00     600.00 	 PS 	 depth
    100.00       9.9969    1576.97 	         PS 
    105.00       9.1908    1623.84 	         PS 
    110.00       9.0605    1669.50 	         PS 
    115.00       8.8754    1714.33 	         PS 
    120.00       8.7350    1758.35 	         PS 
    125.00       8.6064    1801.71 	         PS 
    130.00       8.4439    1844.34 	         PS 
    610.00     610.00 	 PS 	 depth
    100.00       9.9661    1576.86 	         PS 
    100.00       9.2377    1577.34 	         PS 
    105.00       9.1866    1623.44 	         PS 
    110.00       9.0534    1669.07 	         PS 
    115.00       8.8696    1713.86 	         PS 
    120.00       8.7305    1757.85 	         PS 
    125.00       8.6015    1801.19 	         PS 
    130.00       8.4387    1843.80 	         PS 
    620.00     620.00 	 PS 	 depth
    100.00       9.9330    1576.76 	         PS 
    100.00       9.2375    1576.96 	         PS 
    105.00       9.1821    1623.04 	         PS 
    110.00       9.0459    1668.65 	         PS 
    115.00       8.8636    1713.40 	         PS 
    120.00       8.7260    1757.37 	         PS 
    125.00       8.5965    1800.68 	         PS 
    130.00       8.4334    1843.26 	         PS 
    630.00     630.00 	 PS 	 depth
    100.00       9.2370    1576.59 	         PS 
    100.00       9.8973    1576.68 	         PS 
    105.00       9.1773    1622.66 	         PS 
    110.00       9.0382    1668.23 	         PS 
    115.00       8.8577    1712.95 	         PS 
    120.00       8.7214    1756.89 	         PS 
    125.00       8.5913    1800.18 	         PS 
    130.00       8.4279    1842.74 	         PS 
    640.00     640.00 	 PS 	 depth
    100.00       9.2362    1576.23 	         PS 
    100.00       9.8589    1576.61 	         PS 
    105.00       9.1722    1622.29 	         PS 
    110.00       9.0302    1667.83 	         PS 
    115.00       8.8517    1712.51 	         PS 
    120.00       8.7167    1756.42 	         PS 
    125.00       8.5860    1799.69 	         PS 
    130.00       8.4224    1842.22 	         PS 
    650.00     650.00 	 PS 	 depth
    100.00       9.2351    1575.89 	         PS 
    100.00       9.8173    1576.57 	         PS 
    105.00       9.1667    1621.93 	         PS 
    110.00       9.0218    1667.43 	         PS 
    115.00       8.8456    1712.08 	         PS 
    120.00       8.7120    1755.96 	         PS 
    125.00       8.5804    1799.21 	         PS 
    130.00       8.4167    1841.71 	         PS 
    660.00     660.00 	 PS 	 depth
    100.00       9.2336    1575.56 	         PS 
    105.00       9.1609    1621.58 	         PS 
    110.00       9.0130    1667.05 	         PS 
    115.00       8.8395    1711.66 	         PS 
    120.00       8.7072    1755.51 	         PS 
    125.00       8.5747    1798.73 	         PS 
    130.00       8.4109    1841.20 	         PS 
    670.00     670.00 	 PS 	 depth
    105.00       9.1420    1621.47 	         PS 
    110.00       8.9958    1666.85 	         PS 
    115.00       8.8299    1711.39 	         PS 
    120.00       8.7002    1755.21 	         PS 
    125.00       8.5666    1798.39 	         PS 
    130.00       8.4031    1840.82 	         PS 
    680.00     680.00 	 PS 	 depth
    105.00       9.1221    1621.38 	         PS 
    110.00       8.9772    1666.66 	         PS 
    115.00       8.8203    1711.14 	         PS 
    120.00       8.6930    1754.91 	         PS 
    125.00       8.5584    1798.06 	         PS 
    130.00       8.3951    1840.45 	         PS 
    690.00     690.00 	 PS 	 depth
    105.00       9.0995    1621.31 	         PS 
    110.00       8.9580    1666.49 	         PS 
    115.00       8.8105    1710.89 	         PS 
    120.00       8.6857    1754.63 	         PS 
    125.00       8.5499    1797.74 	         PS 
    130.00       8.3870    1840.09 	         PS 
    700.00     700.00 	 PS 	 depth
    105.00       9.0723    1621.25 	         PS 
    110.00       8.9405    1666.32 	         PS 
    115.00       8.8003    1710.66 	         PS 
    120.00       8.6782    1754.35 	         PS 
    125.00       8.5413    1797.42 	         PS 
    130.00       8.3786    1839.73 	         PS 
