      0.00       0.00 	 SKKSdf 	 depth
     20.00      -0.4092    2333.14 	     SKKSdf 
     25.00      -0.5104    2330.84 	     SKKSdf 
     30.00      -0.6107    2328.04 	     SKKSdf 
     35.00      -0.7099    2324.74 	     SKKSdf 
     40.00      -0.8079    2320.94 	     SKKSdf 
     45.00      -0.9043    2316.66 	     SKKSdf 
     50.00      -0.9988    2311.90 	     SKKSdf 
     55.00      -1.0910    2306.68 	     SKKSdf 
     60.00      -1.1805    2301.00 	     SKKSdf 
     65.00      -1.2668    2294.88 	     SKKSdf 
     70.00      -1.3493    2288.33 	     SKKSdf 
     75.00      -1.4273    2281.39 	     SKKSdf 
     80.00      -1.5002    2274.07 	     SKKSdf 
     85.00      -1.5674    2266.40 	     SKKSdf 
     90.00      -1.6281    2258.41 	     SKKSdf 
     95.00      -1.6820    2250.13 	     SKKSdf 
    100.00      -1.7288    2241.60 	     SKKSdf 
    105.00      -1.7687    2232.85 	     SKKSdf 
    110.00      -1.8020    2223.92 	     SKKSdf 
    115.00      -1.8293    2214.84 	     SKKSdf 
    120.00      -1.8513    2205.64 	     SKKSdf 
    125.00      -1.8688    2196.34 	     SKKSdf 
    130.00      -1.8825    2186.96 	     SKKSdf 
    135.00      -1.8931    2177.52 	     SKKSdf 
    140.00      -1.9011    2168.03 	     SKKSdf 
    145.00      -1.9069    2158.51 	     SKKSdf 
    150.00      -1.9110    2148.96 	     SKKSdf 
    155.00      -1.9136    2139.40 	     SKKSdf 
    160.00      -1.9149    2129.83 	     SKKSdf 
     10.00      10.00 	 SKKSdf 	 depth
     20.00      -0.4092    2330.16 	     SKKSdf 
     25.00      -0.5104    2327.87 	     SKKSdf 
     30.00      -0.6107    2325.06 	     SKKSdf 
     35.00      -0.7099    2321.76 	     SKKSdf 
     40.00      -0.8079    2317.97 	     SKKSdf 
     45.00      -0.9043    2313.68 	     SKKSdf 
     50.00      -0.9988    2308.93 	     SKKSdf 
     55.00      -1.0910    2303.70 	     SKKSdf 
     60.00      -1.1805    2298.02 	     SKKSdf 
     65.00      -1.2668    2291.90 	     SKKSdf 
     70.00      -1.3492    2285.36 	     SKKSdf 
     75.00      -1.4273    2278.42 	     SKKSdf 
     80.00      -1.5002    2271.10 	     SKKSdf 
     85.00      -1.5673    2263.42 	     SKKSdf 
     90.00      -1.6280    2255.43 	     SKKSdf 
     95.00      -1.6820    2247.16 	     SKKSdf 
    100.00      -1.7288    2238.63 	     SKKSdf 
    105.00      -1.7687    2229.88 	     SKKSdf 
    110.00      -1.8020    2220.95 	     SKKSdf 
    115.00      -1.8293    2211.87 	     SKKSdf 
    120.00      -1.8513    2202.67 	     SKKSdf 
    125.00      -1.8688    2193.36 	     SKKSdf 
    130.00      -1.8825    2183.98 	     SKKSdf 
    135.00      -1.8931    2174.54 	     SKKSdf 
    140.00      -1.9011    2165.06 	     SKKSdf 
    145.00      -1.9069    2155.54 	     SKKSdf 
    150.00      -1.9110    2145.99 	     SKKSdf 
    155.00      -1.9136    2136.43 	     SKKSdf 
    160.00      -1.9149    2126.86 	     SKKSdf 
     20.00      20.00 	 SKKSdf 	 depth
     20.00      -0.4092    2327.19 	     SKKSdf 
     25.00      -0.5103    2324.89 	     SKKSdf 
     30.00      -0.6106    2322.09 	     SKKSdf 
     35.00      -0.7099    2318.79 	     SKKSdf 
     40.00      -0.8078    2314.99 	     SKKSdf 
     45.00      -0.9042    2310.71 	     SKKSdf 
     50.00      -0.9987    2305.95 	     SKKSdf 
     55.00      -1.0909    2300.73 	     SKKSdf 
     60.00      -1.1804    2295.05 	     SKKSdf 
     65.00      -1.2667    2288.93 	     SKKSdf 
     70.00      -1.3492    2282.39 	     SKKSdf 
     75.00      -1.4272    2275.44 	     SKKSdf 
     80.00      -1.5001    2268.12 	     SKKSdf 
     85.00      -1.5673    2260.45 	     SKKSdf 
     90.00      -1.6280    2252.46 	     SKKSdf 
     95.00      -1.6819    2244.18 	     SKKSdf 
    100.00      -1.7288    2235.65 	     SKKSdf 
    105.00      -1.7687    2226.91 	     SKKSdf 
    110.00      -1.8019    2217.98 	     SKKSdf 
    115.00      -1.8292    2208.90 	     SKKSdf 
    120.00      -1.8513    2199.69 	     SKKSdf 
    125.00      -1.8688    2190.39 	     SKKSdf 
    130.00      -1.8825    2181.01 	     SKKSdf 
    135.00      -1.8931    2171.57 	     SKKSdf 
    140.00      -1.9011    2162.09 	     SKKSdf 
    145.00      -1.9069    2152.57 	     SKKSdf 
    150.00      -1.9110    2143.02 	     SKKSdf 
    155.00      -1.9136    2133.46 	     SKKSdf 
    160.00      -1.9149    2123.89 	     SKKSdf 
     30.00      30.00 	 SKKSdf 	 depth
     20.00      -0.4092    2324.52 	     SKKSdf 
     25.00      -0.5103    2322.22 	     SKKSdf 
     30.00      -0.6106    2319.42 	     SKKSdf 
     35.00      -0.7098    2316.12 	     SKKSdf 
     40.00      -0.8078    2312.32 	     SKKSdf 
     45.00      -0.9042    2308.04 	     SKKSdf 
     50.00      -0.9986    2303.29 	     SKKSdf 
     55.00      -1.0909    2298.06 	     SKKSdf 
     60.00      -1.1804    2292.38 	     SKKSdf 
     65.00      -1.2666    2286.26 	     SKKSdf 
     70.00      -1.3491    2279.72 	     SKKSdf 
     75.00      -1.4271    2272.78 	     SKKSdf 
     80.00      -1.5001    2265.46 	     SKKSdf 
     85.00      -1.5672    2257.79 	     SKKSdf 
     90.00      -1.6279    2249.80 	     SKKSdf 
     95.00      -1.6819    2241.52 	     SKKSdf 
    100.00      -1.7287    2232.99 	     SKKSdf 
    105.00      -1.7686    2224.25 	     SKKSdf 
    110.00      -1.8019    2215.32 	     SKKSdf 
    115.00      -1.8292    2206.24 	     SKKSdf 
    120.00      -1.8512    2197.03 	     SKKSdf 
    125.00      -1.8687    2187.73 	     SKKSdf 
    130.00      -1.8825    2178.35 	     SKKSdf 
    135.00      -1.8931    2168.91 	     SKKSdf 
    140.00      -1.9011    2159.43 	     SKKSdf 
    145.00      -1.9069    2149.90 	     SKKSdf 
    150.00      -1.9110    2140.36 	     SKKSdf 
    155.00      -1.9136    2130.80 	     SKKSdf 
    160.00      -1.9149    2121.23 	     SKKSdf 
     40.00      40.00 	 SKKSdf 	 depth
     20.00      -0.4091    2322.07 	     SKKSdf 
     25.00      -0.5103    2319.77 	     SKKSdf 
     30.00      -0.6105    2316.97 	     SKKSdf 
     35.00      -0.7098    2313.67 	     SKKSdf 
     40.00      -0.8077    2309.87 	     SKKSdf 
     45.00      -0.9041    2305.59 	     SKKSdf 
     50.00      -0.9986    2300.84 	     SKKSdf 
     55.00      -1.0908    2295.61 	     SKKSdf 
     60.00      -1.1803    2289.93 	     SKKSdf 
     65.00      -1.2666    2283.81 	     SKKSdf 
     70.00      -1.3490    2277.27 	     SKKSdf 
     75.00      -1.4271    2270.33 	     SKKSdf 
     80.00      -1.5000    2263.01 	     SKKSdf 
     85.00      -1.5671    2255.34 	     SKKSdf 
     90.00      -1.6279    2247.35 	     SKKSdf 
     95.00      -1.6818    2239.07 	     SKKSdf 
    100.00      -1.7287    2230.54 	     SKKSdf 
    105.00      -1.7686    2221.80 	     SKKSdf 
    110.00      -1.8019    2212.87 	     SKKSdf 
    115.00      -1.8292    2203.79 	     SKKSdf 
    120.00      -1.8512    2194.59 	     SKKSdf 
    125.00      -1.8687    2185.29 	     SKKSdf 
    130.00      -1.8825    2175.91 	     SKKSdf 
    135.00      -1.8931    2166.47 	     SKKSdf 
    140.00      -1.9011    2156.98 	     SKKSdf 
    145.00      -1.9069    2147.46 	     SKKSdf 
    150.00      -1.9110    2137.91 	     SKKSdf 
    155.00      -1.9136    2128.35 	     SKKSdf 
    160.00      -1.9149    2118.78 	     SKKSdf 
     50.00      50.00 	 SKKSdf 	 depth
     20.00      -0.4091    2319.84 	     SKKSdf 
     25.00      -0.5102    2317.54 	     SKKSdf 
     30.00      -0.6105    2314.74 	     SKKSdf 
     35.00      -0.7097    2311.43 	     SKKSdf 
     40.00      -0.8077    2307.64 	     SKKSdf 
     45.00      -0.9040    2303.36 	     SKKSdf 
     50.00      -0.9985    2298.60 	     SKKSdf 
     55.00      -1.0907    2293.38 	     SKKSdf 
     60.00      -1.1802    2287.70 	     SKKSdf 
     65.00      -1.2665    2281.58 	     SKKSdf 
     70.00      -1.3489    2275.04 	     SKKSdf 
     75.00      -1.4270    2268.10 	     SKKSdf 
     80.00      -1.4999    2260.78 	     SKKSdf 
     85.00      -1.5671    2253.11 	     SKKSdf 
     90.00      -1.6278    2245.12 	     SKKSdf 
     95.00      -1.6817    2236.84 	     SKKSdf 
    100.00      -1.7286    2228.31 	     SKKSdf 
    105.00      -1.7685    2219.57 	     SKKSdf 
    110.00      -1.8018    2210.64 	     SKKSdf 
    115.00      -1.8292    2201.56 	     SKKSdf 
    120.00      -1.8512    2192.36 	     SKKSdf 
    125.00      -1.8687    2183.06 	     SKKSdf 
    130.00      -1.8824    2173.68 	     SKKSdf 
    135.00      -1.8930    2164.24 	     SKKSdf 
    140.00      -1.9010    2154.75 	     SKKSdf 
    145.00      -1.9069    2145.23 	     SKKSdf 
    150.00      -1.9110    2135.69 	     SKKSdf 
    155.00      -1.9136    2126.12 	     SKKSdf 
    160.00      -1.9149    2116.55 	     SKKSdf 
     60.00      60.00 	 SKKSdf 	 depth
     20.00      -0.4091    2317.60 	     SKKSdf 
     25.00      -0.5102    2315.30 	     SKKSdf 
     30.00      -0.6105    2312.50 	     SKKSdf 
     35.00      -0.7097    2309.20 	     SKKSdf 
     40.00      -0.8076    2305.41 	     SKKSdf 
     45.00      -0.9040    2301.13 	     SKKSdf 
     50.00      -0.9984    2296.37 	     SKKSdf 
     55.00      -1.0906    2291.15 	     SKKSdf 
     60.00      -1.1801    2285.47 	     SKKSdf 
     65.00      -1.2664    2279.35 	     SKKSdf 
     70.00      -1.3489    2272.81 	     SKKSdf 
     75.00      -1.4269    2265.87 	     SKKSdf 
     80.00      -1.4998    2258.55 	     SKKSdf 
     85.00      -1.5670    2250.88 	     SKKSdf 
     90.00      -1.6277    2242.89 	     SKKSdf 
     95.00      -1.6817    2234.62 	     SKKSdf 
    100.00      -1.7286    2226.09 	     SKKSdf 
    105.00      -1.7685    2217.34 	     SKKSdf 
    110.00      -1.8018    2208.41 	     SKKSdf 
    115.00      -1.8291    2199.33 	     SKKSdf 
    120.00      -1.8512    2190.13 	     SKKSdf 
    125.00      -1.8687    2180.83 	     SKKSdf 
    130.00      -1.8824    2171.45 	     SKKSdf 
    135.00      -1.8930    2162.01 	     SKKSdf 
    140.00      -1.9010    2152.52 	     SKKSdf 
    145.00      -1.9069    2143.00 	     SKKSdf 
    150.00      -1.9110    2133.46 	     SKKSdf 
    155.00      -1.9136    2123.90 	     SKKSdf 
    160.00      -1.9149    2114.32 	     SKKSdf 
     70.00      70.00 	 SKKSdf 	 depth
     20.00      -0.4091    2315.37 	     SKKSdf 
     25.00      -0.5101    2313.07 	     SKKSdf 
     30.00      -0.6104    2310.27 	     SKKSdf 
     35.00      -0.7096    2306.97 	     SKKSdf 
     40.00      -0.8076    2303.18 	     SKKSdf 
     45.00      -0.9039    2298.90 	     SKKSdf 
     50.00      -0.9984    2294.14 	     SKKSdf 
     55.00      -1.0906    2288.92 	     SKKSdf 
     60.00      -1.1801    2283.24 	     SKKSdf 
     65.00      -1.2663    2277.12 	     SKKSdf 
     70.00      -1.3488    2270.58 	     SKKSdf 
     75.00      -1.4268    2263.64 	     SKKSdf 
     80.00      -1.4998    2256.32 	     SKKSdf 
     85.00      -1.5669    2248.65 	     SKKSdf 
     90.00      -1.6277    2240.66 	     SKKSdf 
     95.00      -1.6816    2232.39 	     SKKSdf 
    100.00      -1.7285    2223.86 	     SKKSdf 
    105.00      -1.7684    2215.12 	     SKKSdf 
    110.00      -1.8018    2206.19 	     SKKSdf 
    115.00      -1.8291    2197.11 	     SKKSdf 
    120.00      -1.8511    2187.91 	     SKKSdf 
    125.00      -1.8687    2178.60 	     SKKSdf 
    130.00      -1.8824    2169.22 	     SKKSdf 
    135.00      -1.8930    2159.79 	     SKKSdf 
    140.00      -1.9010    2150.30 	     SKKSdf 
    145.00      -1.9069    2140.78 	     SKKSdf 
    150.00      -1.9110    2131.23 	     SKKSdf 
    155.00      -1.9136    2121.67 	     SKKSdf 
    160.00      -1.9149    2112.10 	     SKKSdf 
     80.00      80.00 	 SKKSdf 	 depth
     20.00      -0.4090    2313.14 	     SKKSdf 
     25.00      -0.5101    2310.84 	     SKKSdf 
     30.00      -0.6104    2308.04 	     SKKSdf 
     35.00      -0.7096    2304.74 	     SKKSdf 
     40.00      -0.8075    2300.95 	     SKKSdf 
     45.00      -0.9039    2296.67 	     SKKSdf 
     50.00      -0.9983    2291.91 	     SKKSdf 
     55.00      -1.0905    2286.69 	     SKKSdf 
     60.00      -1.1800    2281.01 	     SKKSdf 
     65.00      -1.2662    2274.90 	     SKKSdf 
     70.00      -1.3487    2268.36 	     SKKSdf 
     75.00      -1.4267    2261.42 	     SKKSdf 
     80.00      -1.4997    2254.10 	     SKKSdf 
     85.00      -1.5668    2246.43 	     SKKSdf 
     90.00      -1.6276    2238.44 	     SKKSdf 
     95.00      -1.6815    2230.16 	     SKKSdf 
    100.00      -1.7284    2221.64 	     SKKSdf 
    105.00      -1.7684    2212.89 	     SKKSdf 
    110.00      -1.8017    2203.96 	     SKKSdf 
    115.00      -1.8291    2194.88 	     SKKSdf 
    120.00      -1.8511    2185.68 	     SKKSdf 
    125.00      -1.8686    2176.38 	     SKKSdf 
    130.00      -1.8824    2167.00 	     SKKSdf 
    135.00      -1.8930    2157.56 	     SKKSdf 
    140.00      -1.9010    2148.08 	     SKKSdf 
    145.00      -1.9069    2138.56 	     SKKSdf 
    150.00      -1.9110    2129.01 	     SKKSdf 
    155.00      -1.9136    2119.45 	     SKKSdf 
    160.00      -1.9149    2109.88 	     SKKSdf 
     90.00      90.00 	 SKKSdf 	 depth
     20.00      -0.4090    2310.91 	     SKKSdf 
     25.00      -0.5101    2308.62 	     SKKSdf 
     30.00      -0.6103    2305.81 	     SKKSdf 
     35.00      -0.7095    2302.51 	     SKKSdf 
     40.00      -0.8074    2298.72 	     SKKSdf 
     45.00      -0.9038    2294.44 	     SKKSdf 
     50.00      -0.9982    2289.69 	     SKKSdf 
     55.00      -1.0904    2284.46 	     SKKSdf 
     60.00      -1.1799    2278.79 	     SKKSdf 
     65.00      -1.2662    2272.67 	     SKKSdf 
     70.00      -1.3486    2266.13 	     SKKSdf 
     75.00      -1.4267    2259.19 	     SKKSdf 
     80.00      -1.4996    2251.87 	     SKKSdf 
     85.00      -1.5668    2244.20 	     SKKSdf 
     90.00      -1.6275    2236.22 	     SKKSdf 
     95.00      -1.6815    2227.94 	     SKKSdf 
    100.00      -1.7284    2219.41 	     SKKSdf 
    105.00      -1.7683    2210.67 	     SKKSdf 
    110.00      -1.8017    2201.74 	     SKKSdf 
    115.00      -1.8290    2192.66 	     SKKSdf 
    120.00      -1.8511    2183.46 	     SKKSdf 
    125.00      -1.8686    2174.16 	     SKKSdf 
    130.00      -1.8824    2164.78 	     SKKSdf 
    135.00      -1.8930    2155.34 	     SKKSdf 
    140.00      -1.9010    2145.85 	     SKKSdf 
    145.00      -1.9069    2136.33 	     SKKSdf 
    150.00      -1.9110    2126.79 	     SKKSdf 
    155.00      -1.9136    2117.23 	     SKKSdf 
    160.00      -1.9149    2107.65 	     SKKSdf 
    100.00     100.00 	 SKKSdf 	 depth
     20.00      -0.4090    2308.69 	     SKKSdf 
     25.00      -0.5100    2306.39 	     SKKSdf 
     30.00      -0.6103    2303.59 	     SKKSdf 
     35.00      -0.7095    2300.29 	     SKKSdf 
     40.00      -0.8074    2296.50 	     SKKSdf 
     45.00      -0.9037    2292.22 	     SKKSdf 
     50.00      -0.9982    2287.46 	     SKKSdf 
     55.00      -1.0904    2282.24 	     SKKSdf 
     60.00      -1.1798    2276.56 	     SKKSdf 
     65.00      -1.2661    2270.45 	     SKKSdf 
     70.00      -1.3485    2263.91 	     SKKSdf 
     75.00      -1.4266    2256.97 	     SKKSdf 
     80.00      -1.4995    2249.65 	     SKKSdf 
     85.00      -1.5667    2241.98 	     SKKSdf 
     90.00      -1.6275    2233.99 	     SKKSdf 
     95.00      -1.6814    2225.72 	     SKKSdf 
    100.00      -1.7283    2217.19 	     SKKSdf 
    105.00      -1.7683    2208.45 	     SKKSdf 
    110.00      -1.8016    2199.52 	     SKKSdf 
    115.00      -1.8290    2190.44 	     SKKSdf 
    120.00      -1.8510    2181.24 	     SKKSdf 
    125.00      -1.8686    2171.94 	     SKKSdf 
    130.00      -1.8824    2162.56 	     SKKSdf 
    135.00      -1.8930    2153.12 	     SKKSdf 
    140.00      -1.9010    2143.63 	     SKKSdf 
    145.00      -1.9069    2134.11 	     SKKSdf 
    150.00      -1.9110    2124.57 	     SKKSdf 
    155.00      -1.9136    2115.01 	     SKKSdf 
    160.00      -1.9149    2105.43 	     SKKSdf 
    110.00     110.00 	 SKKSdf 	 depth
     20.00      -0.4089    2306.46 	     SKKSdf 
     25.00      -0.5100    2304.16 	     SKKSdf 
     30.00      -0.6102    2301.36 	     SKKSdf 
     35.00      -0.7094    2298.06 	     SKKSdf 
     40.00      -0.8073    2294.27 	     SKKSdf 
     45.00      -0.9037    2289.99 	     SKKSdf 
     50.00      -0.9981    2285.24 	     SKKSdf 
     55.00      -1.0903    2280.02 	     SKKSdf 
     60.00      -1.1797    2274.34 	     SKKSdf 
     65.00      -1.2660    2268.22 	     SKKSdf 
     70.00      -1.3485    2261.69 	     SKKSdf 
     75.00      -1.4265    2254.75 	     SKKSdf 
     80.00      -1.4994    2247.43 	     SKKSdf 
     85.00      -1.5666    2239.76 	     SKKSdf 
     90.00      -1.6274    2231.77 	     SKKSdf 
     95.00      -1.6814    2223.50 	     SKKSdf 
    100.00      -1.7283    2214.97 	     SKKSdf 
    105.00      -1.7682    2206.23 	     SKKSdf 
    110.00      -1.8016    2197.30 	     SKKSdf 
    115.00      -1.8289    2188.22 	     SKKSdf 
    120.00      -1.8510    2179.02 	     SKKSdf 
    125.00      -1.8686    2169.72 	     SKKSdf 
    130.00      -1.8823    2160.34 	     SKKSdf 
    135.00      -1.8930    2150.90 	     SKKSdf 
    140.00      -1.9010    2141.42 	     SKKSdf 
    145.00      -1.9069    2131.90 	     SKKSdf 
    150.00      -1.9110    2122.35 	     SKKSdf 
    155.00      -1.9136    2112.79 	     SKKSdf 
    160.00      -1.9149    2103.22 	     SKKSdf 
    120.00     120.00 	 SKKSdf 	 depth
     20.00      -0.4089    2304.24 	     SKKSdf 
     25.00      -0.5100    2301.94 	     SKKSdf 
     30.00      -0.6102    2299.14 	     SKKSdf 
     35.00      -0.7094    2295.84 	     SKKSdf 
     40.00      -0.8073    2292.05 	     SKKSdf 
     45.00      -0.9036    2287.77 	     SKKSdf 
     50.00      -0.9980    2283.02 	     SKKSdf 
     55.00      -1.0902    2277.80 	     SKKSdf 
     60.00      -1.1797    2272.12 	     SKKSdf 
     65.00      -1.2659    2266.00 	     SKKSdf 
     70.00      -1.3484    2259.47 	     SKKSdf 
     75.00      -1.4264    2252.53 	     SKKSdf 
     80.00      -1.4994    2245.21 	     SKKSdf 
     85.00      -1.5665    2237.54 	     SKKSdf 
     90.00      -1.6273    2229.56 	     SKKSdf 
     95.00      -1.6813    2221.28 	     SKKSdf 
    100.00      -1.7282    2212.76 	     SKKSdf 
    105.00      -1.7682    2204.01 	     SKKSdf 
    110.00      -1.8016    2195.08 	     SKKSdf 
    115.00      -1.8289    2186.01 	     SKKSdf 
    120.00      -1.8510    2176.80 	     SKKSdf 
    125.00      -1.8686    2167.50 	     SKKSdf 
    130.00      -1.8823    2158.13 	     SKKSdf 
    135.00      -1.8929    2148.69 	     SKKSdf 
    140.00      -1.9010    2139.20 	     SKKSdf 
    145.00      -1.9069    2129.68 	     SKKSdf 
    150.00      -1.9110    2120.13 	     SKKSdf 
    155.00      -1.9136    2110.57 	     SKKSdf 
    160.00      -1.9149    2101.00 	     SKKSdf 
    130.00     130.00 	 SKKSdf 	 depth
     20.00      -0.4089    2302.02 	     SKKSdf 
     25.00      -0.5099    2299.72 	     SKKSdf 
     30.00      -0.6101    2296.92 	     SKKSdf 
     35.00      -0.7093    2293.62 	     SKKSdf 
     40.00      -0.8072    2289.83 	     SKKSdf 
     45.00      -0.9035    2285.55 	     SKKSdf 
     50.00      -0.9980    2280.80 	     SKKSdf 
     55.00      -1.0901    2275.58 	     SKKSdf 
     60.00      -1.1796    2269.90 	     SKKSdf 
     65.00      -1.2658    2263.79 	     SKKSdf 
     70.00      -1.3483    2257.25 	     SKKSdf 
     75.00      -1.4263    2250.31 	     SKKSdf 
     80.00      -1.4993    2242.99 	     SKKSdf 
     85.00      -1.5665    2235.33 	     SKKSdf 
     90.00      -1.6272    2227.34 	     SKKSdf 
     95.00      -1.6812    2219.07 	     SKKSdf 
    100.00      -1.7282    2210.54 	     SKKSdf 
    105.00      -1.7681    2201.80 	     SKKSdf 
    110.00      -1.8015    2192.87 	     SKKSdf 
    115.00      -1.8289    2183.79 	     SKKSdf 
    120.00      -1.8510    2174.59 	     SKKSdf 
    125.00      -1.8685    2165.29 	     SKKSdf 
    130.00      -1.8823    2155.91 	     SKKSdf 
    135.00      -1.8929    2146.47 	     SKKSdf 
    140.00      -1.9010    2136.99 	     SKKSdf 
    145.00      -1.9068    2127.46 	     SKKSdf 
    150.00      -1.9110    2117.92 	     SKKSdf 
    155.00      -1.9136    2108.36 	     SKKSdf 
    160.00      -1.9149    2098.79 	     SKKSdf 
    140.00     140.00 	 SKKSdf 	 depth
     20.00      -0.4088    2299.80 	     SKKSdf 
     25.00      -0.5099    2297.50 	     SKKSdf 
     30.00      -0.6101    2294.70 	     SKKSdf 
     35.00      -0.7093    2291.40 	     SKKSdf 
     40.00      -0.8071    2287.61 	     SKKSdf 
     45.00      -0.9035    2283.33 	     SKKSdf 
     50.00      -0.9979    2278.58 	     SKKSdf 
     55.00      -1.0901    2273.36 	     SKKSdf 
     60.00      -1.1795    2267.68 	     SKKSdf 
     65.00      -1.2658    2261.57 	     SKKSdf 
     70.00      -1.3482    2255.03 	     SKKSdf 
     75.00      -1.4263    2248.09 	     SKKSdf 
     80.00      -1.4992    2240.78 	     SKKSdf 
     85.00      -1.5664    2233.11 	     SKKSdf 
     90.00      -1.6272    2225.12 	     SKKSdf 
     95.00      -1.6812    2216.85 	     SKKSdf 
    100.00      -1.7281    2208.32 	     SKKSdf 
    105.00      -1.7681    2199.58 	     SKKSdf 
    110.00      -1.8015    2190.65 	     SKKSdf 
    115.00      -1.8288    2181.58 	     SKKSdf 
    120.00      -1.8509    2172.37 	     SKKSdf 
    125.00      -1.8685    2163.07 	     SKKSdf 
    130.00      -1.8823    2153.70 	     SKKSdf 
    135.00      -1.8929    2144.26 	     SKKSdf 
    140.00      -1.9010    2134.77 	     SKKSdf 
    145.00      -1.9068    2125.25 	     SKKSdf 
    150.00      -1.9109    2115.71 	     SKKSdf 
    155.00      -1.9136    2106.14 	     SKKSdf 
    160.00      -1.9149    2096.57 	     SKKSdf 
    150.00     150.00 	 SKKSdf 	 depth
     20.00      -0.4088    2297.58 	     SKKSdf 
     25.00      -0.5098    2295.28 	     SKKSdf 
     30.00      -0.6100    2292.48 	     SKKSdf 
     35.00      -0.7092    2289.18 	     SKKSdf 
     40.00      -0.8071    2285.39 	     SKKSdf 
     45.00      -0.9034    2281.11 	     SKKSdf 
     50.00      -0.9978    2276.36 	     SKKSdf 
     55.00      -1.0900    2271.14 	     SKKSdf 
     60.00      -1.1794    2265.47 	     SKKSdf 
     65.00      -1.2657    2259.35 	     SKKSdf 
     70.00      -1.3481    2252.81 	     SKKSdf 
     75.00      -1.4262    2245.88 	     SKKSdf 
     80.00      -1.4991    2238.56 	     SKKSdf 
     85.00      -1.5663    2230.90 	     SKKSdf 
     90.00      -1.6271    2222.91 	     SKKSdf 
     95.00      -1.6811    2214.64 	     SKKSdf 
    100.00      -1.7280    2206.11 	     SKKSdf 
    105.00      -1.7680    2197.37 	     SKKSdf 
    110.00      -1.8014    2188.44 	     SKKSdf 
    115.00      -1.8288    2179.36 	     SKKSdf 
    120.00      -1.8509    2170.16 	     SKKSdf 
    125.00      -1.8685    2160.86 	     SKKSdf 
    130.00      -1.8823    2151.48 	     SKKSdf 
    135.00      -1.8929    2142.04 	     SKKSdf 
    140.00      -1.9009    2132.56 	     SKKSdf 
    145.00      -1.9068    2123.04 	     SKKSdf 
    150.00      -1.9109    2113.49 	     SKKSdf 
    155.00      -1.9136    2103.93 	     SKKSdf 
    160.00      -1.9149    2094.36 	     SKKSdf 
    160.00     160.00 	 SKKSdf 	 depth
     20.00      -0.4088    2295.36 	     SKKSdf 
     25.00      -0.5098    2293.06 	     SKKSdf 
     30.00      -0.6100    2290.26 	     SKKSdf 
     35.00      -0.7091    2286.97 	     SKKSdf 
     40.00      -0.8070    2283.17 	     SKKSdf 
     45.00      -0.9033    2278.90 	     SKKSdf 
     50.00      -0.9977    2274.14 	     SKKSdf 
     55.00      -1.0899    2268.92 	     SKKSdf 
     60.00      -1.1794    2263.25 	     SKKSdf 
     65.00      -1.2656    2257.14 	     SKKSdf 
     70.00      -1.3480    2250.60 	     SKKSdf 
     75.00      -1.4261    2243.66 	     SKKSdf 
     80.00      -1.4990    2236.35 	     SKKSdf 
     85.00      -1.5662    2228.68 	     SKKSdf 
     90.00      -1.6270    2220.70 	     SKKSdf 
     95.00      -1.6810    2212.42 	     SKKSdf 
    100.00      -1.7280    2203.90 	     SKKSdf 
    105.00      -1.7680    2195.15 	     SKKSdf 
    110.00      -1.8014    2186.23 	     SKKSdf 
    115.00      -1.8288    2177.15 	     SKKSdf 
    120.00      -1.8509    2167.95 	     SKKSdf 
    125.00      -1.8685    2158.65 	     SKKSdf 
    130.00      -1.8823    2149.27 	     SKKSdf 
    135.00      -1.8929    2139.83 	     SKKSdf 
    140.00      -1.9009    2130.35 	     SKKSdf 
    145.00      -1.9068    2120.83 	     SKKSdf 
    150.00      -1.9109    2111.28 	     SKKSdf 
    155.00      -1.9136    2101.72 	     SKKSdf 
    160.00      -1.9149    2092.15 	     SKKSdf 
    170.00     170.00 	 SKKSdf 	 depth
     20.00      -0.4087    2293.14 	     SKKSdf 
     25.00      -0.5098    2290.85 	     SKKSdf 
     30.00      -0.6099    2288.05 	     SKKSdf 
     35.00      -0.7091    2284.75 	     SKKSdf 
     40.00      -0.8070    2280.96 	     SKKSdf 
     45.00      -0.9033    2276.68 	     SKKSdf 
     50.00      -0.9977    2271.93 	     SKKSdf 
     55.00      -1.0898    2266.71 	     SKKSdf 
     60.00      -1.1793    2261.03 	     SKKSdf 
     65.00      -1.2655    2254.92 	     SKKSdf 
     70.00      -1.3480    2248.39 	     SKKSdf 
     75.00      -1.4260    2241.45 	     SKKSdf 
     80.00      -1.4990    2234.13 	     SKKSdf 
     85.00      -1.5661    2226.47 	     SKKSdf 
     90.00      -1.6270    2218.48 	     SKKSdf 
     95.00      -1.6810    2210.21 	     SKKSdf 
    100.00      -1.7279    2201.69 	     SKKSdf 
    105.00      -1.7679    2192.94 	     SKKSdf 
    110.00      -1.8013    2184.02 	     SKKSdf 
    115.00      -1.8287    2174.94 	     SKKSdf 
    120.00      -1.8509    2165.74 	     SKKSdf 
    125.00      -1.8684    2156.44 	     SKKSdf 
    130.00      -1.8822    2147.06 	     SKKSdf 
    135.00      -1.8929    2137.62 	     SKKSdf 
    140.00      -1.9009    2128.14 	     SKKSdf 
    145.00      -1.9068    2118.62 	     SKKSdf 
    150.00      -1.9109    2109.07 	     SKKSdf 
    155.00      -1.9136    2099.51 	     SKKSdf 
    160.00      -1.9149    2089.94 	     SKKSdf 
    180.00     180.00 	 SKKSdf 	 depth
     20.00      -0.4087    2290.93 	     SKKSdf 
     25.00      -0.5097    2288.63 	     SKKSdf 
     30.00      -0.6099    2285.83 	     SKKSdf 
     35.00      -0.7090    2282.53 	     SKKSdf 
     40.00      -0.8069    2278.74 	     SKKSdf 
     45.00      -0.9032    2274.47 	     SKKSdf 
     50.00      -0.9976    2269.71 	     SKKSdf 
     55.00      -1.0897    2264.49 	     SKKSdf 
     60.00      -1.1792    2258.82 	     SKKSdf 
     65.00      -1.2654    2252.71 	     SKKSdf 
     70.00      -1.3479    2246.17 	     SKKSdf 
     75.00      -1.4259    2239.24 	     SKKSdf 
     80.00      -1.4989    2231.92 	     SKKSdf 
     85.00      -1.5661    2224.26 	     SKKSdf 
     90.00      -1.6269    2216.27 	     SKKSdf 
     95.00      -1.6809    2208.00 	     SKKSdf 
    100.00      -1.7279    2199.47 	     SKKSdf 
    105.00      -1.7679    2190.73 	     SKKSdf 
    110.00      -1.8013    2181.81 	     SKKSdf 
    115.00      -1.8287    2172.73 	     SKKSdf 
    120.00      -1.8508    2163.53 	     SKKSdf 
    125.00      -1.8684    2154.23 	     SKKSdf 
    130.00      -1.8822    2144.85 	     SKKSdf 
    135.00      -1.8929    2135.41 	     SKKSdf 
    140.00      -1.9009    2125.93 	     SKKSdf 
    145.00      -1.9068    2116.41 	     SKKSdf 
    150.00      -1.9109    2106.86 	     SKKSdf 
    155.00      -1.9135    2097.30 	     SKKSdf 
    160.00      -1.9149    2087.73 	     SKKSdf 
    190.00     190.00 	 SKKSdf 	 depth
     20.00      -0.4087    2288.71 	     SKKSdf 
     25.00      -0.5097    2286.41 	     SKKSdf 
     30.00      -0.6099    2283.61 	     SKKSdf 
     35.00      -0.7090    2280.32 	     SKKSdf 
     40.00      -0.8068    2276.53 	     SKKSdf 
     45.00      -0.9031    2272.25 	     SKKSdf 
     50.00      -0.9975    2267.50 	     SKKSdf 
     55.00      -1.0897    2262.28 	     SKKSdf 
     60.00      -1.1791    2256.61 	     SKKSdf 
     65.00      -1.2653    2250.49 	     SKKSdf 
     70.00      -1.3478    2243.96 	     SKKSdf 
     75.00      -1.4258    2237.02 	     SKKSdf 
     80.00      -1.4988    2229.71 	     SKKSdf 
     85.00      -1.5660    2222.05 	     SKKSdf 
     90.00      -1.6268    2214.06 	     SKKSdf 
     95.00      -1.6808    2205.79 	     SKKSdf 
    100.00      -1.7278    2197.26 	     SKKSdf 
    105.00      -1.7678    2188.52 	     SKKSdf 
    110.00      -1.8013    2179.60 	     SKKSdf 
    115.00      -1.8287    2170.52 	     SKKSdf 
    120.00      -1.8508    2161.32 	     SKKSdf 
    125.00      -1.8684    2152.02 	     SKKSdf 
    130.00      -1.8822    2142.64 	     SKKSdf 
    135.00      -1.8929    2133.20 	     SKKSdf 
    140.00      -1.9009    2123.72 	     SKKSdf 
    145.00      -1.9068    2114.20 	     SKKSdf 
    150.00      -1.9109    2104.65 	     SKKSdf 
    155.00      -1.9135    2095.09 	     SKKSdf 
    160.00      -1.9149    2085.52 	     SKKSdf 
    200.00     200.00 	 SKKSdf 	 depth
     20.00      -0.4086    2286.50 	     SKKSdf 
     25.00      -0.5096    2284.20 	     SKKSdf 
     30.00      -0.6098    2281.40 	     SKKSdf 
     35.00      -0.7089    2278.10 	     SKKSdf 
     40.00      -0.8068    2274.31 	     SKKSdf 
     45.00      -0.9031    2270.04 	     SKKSdf 
     50.00      -0.9975    2265.29 	     SKKSdf 
     55.00      -1.0896    2260.07 	     SKKSdf 
     60.00      -1.1790    2254.39 	     SKKSdf 
     65.00      -1.2653    2248.28 	     SKKSdf 
     70.00      -1.3477    2241.75 	     SKKSdf 
     75.00      -1.4258    2234.81 	     SKKSdf 
     80.00      -1.4987    2227.50 	     SKKSdf 
     85.00      -1.5659    2219.84 	     SKKSdf 
     90.00      -1.6267    2211.85 	     SKKSdf 
     95.00      -1.6808    2203.58 	     SKKSdf 
    100.00      -1.7278    2195.06 	     SKKSdf 
    105.00      -1.7678    2186.31 	     SKKSdf 
    110.00      -1.8012    2177.39 	     SKKSdf 
    115.00      -1.8286    2168.31 	     SKKSdf 
    120.00      -1.8508    2159.11 	     SKKSdf 
    125.00      -1.8684    2149.81 	     SKKSdf 
    130.00      -1.8822    2140.43 	     SKKSdf 
    135.00      -1.8928    2130.99 	     SKKSdf 
    140.00      -1.9009    2121.51 	     SKKSdf 
    145.00      -1.9068    2111.99 	     SKKSdf 
    150.00      -1.9109    2102.44 	     SKKSdf 
    155.00      -1.9135    2092.88 	     SKKSdf 
    160.00      -1.9149    2083.31 	     SKKSdf 
    210.00     210.00 	 SKKSdf 	 depth
     20.00      -0.4086    2284.28 	     SKKSdf 
     25.00      -0.5096    2281.99 	     SKKSdf 
     30.00      -0.6098    2279.19 	     SKKSdf 
     35.00      -0.7089    2275.89 	     SKKSdf 
     40.00      -0.8067    2272.10 	     SKKSdf 
     45.00      -0.9030    2267.83 	     SKKSdf 
     50.00      -0.9974    2263.07 	     SKKSdf 
     55.00      -1.0895    2257.86 	     SKKSdf 
     60.00      -1.1789    2252.18 	     SKKSdf 
     65.00      -1.2652    2246.07 	     SKKSdf 
     70.00      -1.3476    2239.54 	     SKKSdf 
     75.00      -1.4257    2232.60 	     SKKSdf 
     80.00      -1.4986    2225.29 	     SKKSdf 
     85.00      -1.5658    2217.63 	     SKKSdf 
     90.00      -1.6267    2209.64 	     SKKSdf 
     95.00      -1.6807    2201.37 	     SKKSdf 
    100.00      -1.7277    2192.85 	     SKKSdf 
    105.00      -1.7677    2184.11 	     SKKSdf 
    110.00      -1.8012    2175.18 	     SKKSdf 
    115.00      -1.8286    2166.10 	     SKKSdf 
    120.00      -1.8507    2156.90 	     SKKSdf 
    125.00      -1.8684    2147.60 	     SKKSdf 
    130.00      -1.8822    2138.23 	     SKKSdf 
    135.00      -1.8928    2128.79 	     SKKSdf 
    140.00      -1.9009    2119.30 	     SKKSdf 
    145.00      -1.9068    2109.78 	     SKKSdf 
    150.00      -1.9109    2100.24 	     SKKSdf 
    155.00      -1.9135    2090.68 	     SKKSdf 
    160.00      -1.9149    2081.10 	     SKKSdf 
    220.00     220.00 	 SKKSdf 	 depth
     20.00      -0.4086    2282.08 	     SKKSdf 
     25.00      -0.5096    2279.78 	     SKKSdf 
     30.00      -0.6097    2276.98 	     SKKSdf 
     35.00      -0.7088    2273.68 	     SKKSdf 
     40.00      -0.8067    2269.90 	     SKKSdf 
     45.00      -0.9029    2265.62 	     SKKSdf 
     50.00      -0.9973    2260.87 	     SKKSdf 
     55.00      -1.0894    2255.65 	     SKKSdf 
     60.00      -1.1789    2249.98 	     SKKSdf 
     65.00      -1.2651    2243.87 	     SKKSdf 
     70.00      -1.3475    2237.33 	     SKKSdf 
     75.00      -1.4256    2230.40 	     SKKSdf 
     80.00      -1.4985    2223.09 	     SKKSdf 
     85.00      -1.5658    2215.42 	     SKKSdf 
     90.00      -1.6266    2207.44 	     SKKSdf 
     95.00      -1.6806    2199.17 	     SKKSdf 
    100.00      -1.7276    2190.65 	     SKKSdf 
    105.00      -1.7677    2181.90 	     SKKSdf 
    110.00      -1.8011    2172.98 	     SKKSdf 
    115.00      -1.8286    2163.90 	     SKKSdf 
    120.00      -1.8507    2154.70 	     SKKSdf 
    125.00      -1.8683    2145.40 	     SKKSdf 
    130.00      -1.8821    2136.03 	     SKKSdf 
    135.00      -1.8928    2126.59 	     SKKSdf 
    140.00      -1.9009    2117.10 	     SKKSdf 
    145.00      -1.9068    2107.58 	     SKKSdf 
    150.00      -1.9109    2098.04 	     SKKSdf 
    155.00      -1.9135    2088.48 	     SKKSdf 
    160.00      -1.9149    2078.90 	     SKKSdf 
    230.00     230.00 	 SKKSdf 	 depth
     20.00      -0.4085    2279.88 	     SKKSdf 
     25.00      -0.5095    2277.58 	     SKKSdf 
     30.00      -0.6097    2274.78 	     SKKSdf 
     35.00      -0.7088    2271.49 	     SKKSdf 
     40.00      -0.8066    2267.70 	     SKKSdf 
     45.00      -0.9029    2263.42 	     SKKSdf 
     50.00      -0.9972    2258.67 	     SKKSdf 
     55.00      -1.0894    2253.45 	     SKKSdf 
     60.00      -1.1788    2247.78 	     SKKSdf 
     65.00      -1.2650    2241.67 	     SKKSdf 
     70.00      -1.3475    2235.14 	     SKKSdf 
     75.00      -1.4255    2228.21 	     SKKSdf 
     80.00      -1.4985    2220.89 	     SKKSdf 
     85.00      -1.5657    2213.23 	     SKKSdf 
     90.00      -1.6265    2205.25 	     SKKSdf 
     95.00      -1.6806    2196.98 	     SKKSdf 
    100.00      -1.7276    2188.45 	     SKKSdf 
    105.00      -1.7676    2179.71 	     SKKSdf 
    110.00      -1.8011    2170.79 	     SKKSdf 
    115.00      -1.8285    2161.71 	     SKKSdf 
    120.00      -1.8507    2152.51 	     SKKSdf 
    125.00      -1.8683    2143.21 	     SKKSdf 
    130.00      -1.8821    2133.83 	     SKKSdf 
    135.00      -1.8928    2124.40 	     SKKSdf 
    140.00      -1.9009    2114.91 	     SKKSdf 
    145.00      -1.9068    2105.39 	     SKKSdf 
    150.00      -1.9109    2095.85 	     SKKSdf 
    155.00      -1.9135    2086.28 	     SKKSdf 
    160.00      -1.9149    2076.71 	     SKKSdf 
    240.00     240.00 	 SKKSdf 	 depth
     20.00      -0.4085    2277.69 	     SKKSdf 
     25.00      -0.5095    2275.39 	     SKKSdf 
     30.00      -0.6096    2272.59 	     SKKSdf 
     35.00      -0.7087    2269.30 	     SKKSdf 
     40.00      -0.8065    2265.51 	     SKKSdf 
     45.00      -0.9028    2261.23 	     SKKSdf 
     50.00      -0.9972    2256.48 	     SKKSdf 
     55.00      -1.0893    2251.27 	     SKKSdf 
     60.00      -1.1787    2245.60 	     SKKSdf 
     65.00      -1.2649    2239.49 	     SKKSdf 
     70.00      -1.3474    2232.95 	     SKKSdf 
     75.00      -1.4254    2226.02 	     SKKSdf 
     80.00      -1.4984    2218.71 	     SKKSdf 
     85.00      -1.5656    2211.04 	     SKKSdf 
     90.00      -1.6264    2203.06 	     SKKSdf 
     95.00      -1.6805    2194.79 	     SKKSdf 
    100.00      -1.7275    2186.27 	     SKKSdf 
    105.00      -1.7676    2177.53 	     SKKSdf 
    110.00      -1.8010    2168.60 	     SKKSdf 
    115.00      -1.8285    2159.53 	     SKKSdf 
    120.00      -1.8507    2150.33 	     SKKSdf 
    125.00      -1.8683    2141.03 	     SKKSdf 
    130.00      -1.8821    2131.65 	     SKKSdf 
    135.00      -1.8928    2122.21 	     SKKSdf 
    140.00      -1.9009    2112.73 	     SKKSdf 
    145.00      -1.9068    2103.21 	     SKKSdf 
    150.00      -1.9109    2093.66 	     SKKSdf 
    155.00      -1.9135    2084.10 	     SKKSdf 
    160.00      -1.9149    2074.53 	     SKKSdf 
    250.00     250.00 	 SKKSdf 	 depth
     20.00      -0.4085    2275.51 	     SKKSdf 
     25.00      -0.5094    2273.21 	     SKKSdf 
     30.00      -0.6096    2270.41 	     SKKSdf 
     35.00      -0.7087    2267.12 	     SKKSdf 
     40.00      -0.8065    2263.33 	     SKKSdf 
     45.00      -0.9027    2259.05 	     SKKSdf 
     50.00      -0.9971    2254.30 	     SKKSdf 
     55.00      -1.0892    2249.09 	     SKKSdf 
     60.00      -1.1786    2243.42 	     SKKSdf 
     65.00      -1.2648    2237.31 	     SKKSdf 
     70.00      -1.3473    2230.77 	     SKKSdf 
     75.00      -1.4253    2223.84 	     SKKSdf 
     80.00      -1.4983    2216.53 	     SKKSdf 
     85.00      -1.5655    2208.87 	     SKKSdf 
     90.00      -1.6264    2200.88 	     SKKSdf 
     95.00      -1.6804    2192.61 	     SKKSdf 
    100.00      -1.7275    2184.09 	     SKKSdf 
    105.00      -1.7675    2175.35 	     SKKSdf 
    110.00      -1.8010    2166.43 	     SKKSdf 
    115.00      -1.8285    2157.35 	     SKKSdf 
    120.00      -1.8506    2148.15 	     SKKSdf 
    125.00      -1.8683    2138.85 	     SKKSdf 
    130.00      -1.8821    2129.48 	     SKKSdf 
    135.00      -1.8928    2120.04 	     SKKSdf 
    140.00      -1.9008    2110.55 	     SKKSdf 
    145.00      -1.9068    2101.03 	     SKKSdf 
    150.00      -1.9109    2091.49 	     SKKSdf 
    155.00      -1.9135    2081.93 	     SKKSdf 
    160.00      -1.9149    2072.35 	     SKKSdf 
    260.00     260.00 	 SKKSdf 	 depth
     20.00      -0.4084    2273.33 	     SKKSdf 
     25.00      -0.5094    2271.04 	     SKKSdf 
     30.00      -0.6095    2268.24 	     SKKSdf 
     35.00      -0.7086    2264.94 	     SKKSdf 
     40.00      -0.8064    2261.16 	     SKKSdf 
     45.00      -0.9027    2256.88 	     SKKSdf 
     50.00      -0.9970    2252.13 	     SKKSdf 
     55.00      -1.0891    2246.92 	     SKKSdf 
     60.00      -1.1785    2241.25 	     SKKSdf 
     65.00      -1.2648    2235.14 	     SKKSdf 
     70.00      -1.3472    2228.60 	     SKKSdf 
     75.00      -1.4252    2221.67 	     SKKSdf 
     80.00      -1.4982    2214.36 	     SKKSdf 
     85.00      -1.5654    2206.70 	     SKKSdf 
     90.00      -1.6263    2198.72 	     SKKSdf 
     95.00      -1.6804    2190.45 	     SKKSdf 
    100.00      -1.7274    2181.92 	     SKKSdf 
    105.00      -1.7675    2173.18 	     SKKSdf 
    110.00      -1.8010    2164.26 	     SKKSdf 
    115.00      -1.8284    2155.19 	     SKKSdf 
    120.00      -1.8506    2145.99 	     SKKSdf 
    125.00      -1.8682    2136.69 	     SKKSdf 
    130.00      -1.8821    2127.31 	     SKKSdf 
    135.00      -1.8928    2117.87 	     SKKSdf 
    140.00      -1.9008    2108.39 	     SKKSdf 
    145.00      -1.9068    2098.87 	     SKKSdf 
    150.00      -1.9109    2089.32 	     SKKSdf 
    155.00      -1.9135    2079.76 	     SKKSdf 
    160.00      -1.9149    2070.19 	     SKKSdf 
    270.00     270.00 	 SKKSdf 	 depth
     20.00      -0.4084    2271.17 	     SKKSdf 
     25.00      -0.5094    2268.87 	     SKKSdf 
     30.00      -0.6095    2266.07 	     SKKSdf 
     35.00      -0.7085    2262.78 	     SKKSdf 
     40.00      -0.8063    2258.99 	     SKKSdf 
     45.00      -0.9026    2254.72 	     SKKSdf 
     50.00      -0.9969    2249.97 	     SKKSdf 
     55.00      -1.0890    2244.75 	     SKKSdf 
     60.00      -1.1785    2239.08 	     SKKSdf 
     65.00      -1.2647    2232.97 	     SKKSdf 
     70.00      -1.3471    2226.44 	     SKKSdf 
     75.00      -1.4252    2219.51 	     SKKSdf 
     80.00      -1.4981    2212.20 	     SKKSdf 
     85.00      -1.5653    2204.54 	     SKKSdf 
     90.00      -1.6262    2196.56 	     SKKSdf 
     95.00      -1.6803    2188.29 	     SKKSdf 
    100.00      -1.7273    2179.76 	     SKKSdf 
    105.00      -1.7674    2171.03 	     SKKSdf 
    110.00      -1.8009    2162.10 	     SKKSdf 
    115.00      -1.8284    2153.03 	     SKKSdf 
    120.00      -1.8506    2143.83 	     SKKSdf 
    125.00      -1.8682    2134.53 	     SKKSdf 
    130.00      -1.8821    2125.15 	     SKKSdf 
    135.00      -1.8927    2115.71 	     SKKSdf 
    140.00      -1.9008    2106.23 	     SKKSdf 
    145.00      -1.9067    2096.71 	     SKKSdf 
    150.00      -1.9109    2087.16 	     SKKSdf 
    155.00      -1.9135    2077.60 	     SKKSdf 
    160.00      -1.9149    2068.03 	     SKKSdf 
    280.00     280.00 	 SKKSdf 	 depth
     20.00      -0.4084    2269.01 	     SKKSdf 
     25.00      -0.5093    2266.71 	     SKKSdf 
     30.00      -0.6094    2263.92 	     SKKSdf 
     35.00      -0.7085    2260.62 	     SKKSdf 
     40.00      -0.8063    2256.83 	     SKKSdf 
     45.00      -0.9025    2252.56 	     SKKSdf 
     50.00      -0.9969    2247.81 	     SKKSdf 
     55.00      -1.0890    2242.60 	     SKKSdf 
     60.00      -1.1784    2236.93 	     SKKSdf 
     65.00      -1.2646    2230.82 	     SKKSdf 
     70.00      -1.3470    2224.29 	     SKKSdf 
     75.00      -1.4251    2217.36 	     SKKSdf 
     80.00      -1.4980    2210.05 	     SKKSdf 
     85.00      -1.5653    2202.39 	     SKKSdf 
     90.00      -1.6261    2194.40 	     SKKSdf 
     95.00      -1.6802    2186.14 	     SKKSdf 
    100.00      -1.7273    2177.61 	     SKKSdf 
    105.00      -1.7674    2168.87 	     SKKSdf 
    110.00      -1.8009    2159.95 	     SKKSdf 
    115.00      -1.8283    2150.88 	     SKKSdf 
    120.00      -1.8505    2141.68 	     SKKSdf 
    125.00      -1.8682    2132.38 	     SKKSdf 
    130.00      -1.8820    2123.00 	     SKKSdf 
    135.00      -1.8927    2113.56 	     SKKSdf 
    140.00      -1.9008    2104.08 	     SKKSdf 
    145.00      -1.9067    2094.56 	     SKKSdf 
    150.00      -1.9109    2085.01 	     SKKSdf 
    155.00      -1.9135    2075.45 	     SKKSdf 
    160.00      -1.9149    2065.88 	     SKKSdf 
    290.00     290.00 	 SKKSdf 	 depth
     20.00      -0.4083    2266.86 	     SKKSdf 
     25.00      -0.5093    2264.57 	     SKKSdf 
     30.00      -0.6094    2261.77 	     SKKSdf 
     35.00      -0.7084    2258.47 	     SKKSdf 
     40.00      -0.8062    2254.69 	     SKKSdf 
     45.00      -0.9024    2250.41 	     SKKSdf 
     50.00      -0.9968    2245.67 	     SKKSdf 
     55.00      -1.0889    2240.45 	     SKKSdf 
     60.00      -1.1783    2234.78 	     SKKSdf 
     65.00      -1.2645    2228.67 	     SKKSdf 
     70.00      -1.3469    2222.14 	     SKKSdf 
     75.00      -1.4250    2215.21 	     SKKSdf 
     80.00      -1.4980    2207.90 	     SKKSdf 
     85.00      -1.5652    2200.24 	     SKKSdf 
     90.00      -1.6261    2192.26 	     SKKSdf 
     95.00      -1.6802    2183.99 	     SKKSdf 
    100.00      -1.7272    2175.47 	     SKKSdf 
    105.00      -1.7673    2166.73 	     SKKSdf 
    110.00      -1.8008    2157.81 	     SKKSdf 
    115.00      -1.8283    2148.73 	     SKKSdf 
    120.00      -1.8505    2139.53 	     SKKSdf 
    125.00      -1.8682    2130.24 	     SKKSdf 
    130.00      -1.8820    2120.86 	     SKKSdf 
    135.00      -1.8927    2111.42 	     SKKSdf 
    140.00      -1.9008    2101.94 	     SKKSdf 
    145.00      -1.9067    2092.42 	     SKKSdf 
    150.00      -1.9109    2082.87 	     SKKSdf 
    155.00      -1.9135    2073.31 	     SKKSdf 
    160.00      -1.9149    2063.74 	     SKKSdf 
    300.00     300.00 	 SKKSdf 	 depth
     20.00      -0.4083    2264.72 	     SKKSdf 
     25.00      -0.5092    2262.43 	     SKKSdf 
     30.00      -0.6093    2259.63 	     SKKSdf 
     35.00      -0.7084    2256.33 	     SKKSdf 
     40.00      -0.8061    2252.55 	     SKKSdf 
     45.00      -0.9024    2248.27 	     SKKSdf 
     50.00      -0.9967    2243.53 	     SKKSdf 
     55.00      -1.0888    2238.31 	     SKKSdf 
     60.00      -1.1782    2232.64 	     SKKSdf 
     65.00      -1.2644    2226.53 	     SKKSdf 
     70.00      -1.3468    2220.01 	     SKKSdf 
     75.00      -1.4249    2213.07 	     SKKSdf 
     80.00      -1.4979    2205.76 	     SKKSdf 
     85.00      -1.5651    2198.10 	     SKKSdf 
     90.00      -1.6260    2190.12 	     SKKSdf 
     95.00      -1.6801    2181.86 	     SKKSdf 
    100.00      -1.7271    2173.34 	     SKKSdf 
    105.00      -1.7673    2164.60 	     SKKSdf 
    110.00      -1.8008    2155.67 	     SKKSdf 
    115.00      -1.8283    2146.60 	     SKKSdf 
    120.00      -1.8505    2137.40 	     SKKSdf 
    125.00      -1.8681    2128.10 	     SKKSdf 
    130.00      -1.8820    2118.72 	     SKKSdf 
    135.00      -1.8927    2109.29 	     SKKSdf 
    140.00      -1.9008    2099.80 	     SKKSdf 
    145.00      -1.9067    2090.28 	     SKKSdf 
    150.00      -1.9109    2080.74 	     SKKSdf 
    155.00      -1.9135    2071.18 	     SKKSdf 
    160.00      -1.9149    2061.60 	     SKKSdf 
    310.00     310.00 	 SKKSdf 	 depth
     20.00      -0.4083    2262.59 	     SKKSdf 
     25.00      -0.5092    2260.29 	     SKKSdf 
     30.00      -0.6093    2257.50 	     SKKSdf 
     35.00      -0.7083    2254.20 	     SKKSdf 
     40.00      -0.8061    2250.41 	     SKKSdf 
     45.00      -0.9023    2246.14 	     SKKSdf 
     50.00      -0.9966    2241.39 	     SKKSdf 
     55.00      -1.0887    2236.18 	     SKKSdf 
     60.00      -1.1781    2230.51 	     SKKSdf 
     65.00      -1.2643    2224.40 	     SKKSdf 
     70.00      -1.3467    2217.88 	     SKKSdf 
     75.00      -1.4248    2210.94 	     SKKSdf 
     80.00      -1.4978    2203.64 	     SKKSdf 
     85.00      -1.5650    2195.98 	     SKKSdf 
     90.00      -1.6259    2188.00 	     SKKSdf 
     95.00      -1.6800    2179.73 	     SKKSdf 
    100.00      -1.7271    2171.21 	     SKKSdf 
    105.00      -1.7672    2162.47 	     SKKSdf 
    110.00      -1.8007    2153.55 	     SKKSdf 
    115.00      -1.8282    2144.47 	     SKKSdf 
    120.00      -1.8504    2135.27 	     SKKSdf 
    125.00      -1.8681    2125.98 	     SKKSdf 
    130.00      -1.8820    2116.60 	     SKKSdf 
    135.00      -1.8927    2107.16 	     SKKSdf 
    140.00      -1.9008    2097.68 	     SKKSdf 
    145.00      -1.9067    2088.16 	     SKKSdf 
    150.00      -1.9109    2078.61 	     SKKSdf 
    155.00      -1.9135    2069.05 	     SKKSdf 
    160.00      -1.9149    2059.48 	     SKKSdf 
    320.00     320.00 	 SKKSdf 	 depth
     20.00      -0.4082    2260.46 	     SKKSdf 
     25.00      -0.5091    2258.17 	     SKKSdf 
     30.00      -0.6092    2255.37 	     SKKSdf 
     35.00      -0.7083    2252.08 	     SKKSdf 
     40.00      -0.8060    2248.29 	     SKKSdf 
     45.00      -0.9022    2244.02 	     SKKSdf 
     50.00      -0.9965    2239.27 	     SKKSdf 
     55.00      -1.0886    2234.06 	     SKKSdf 
     60.00      -1.1780    2228.39 	     SKKSdf 
     65.00      -1.2642    2222.28 	     SKKSdf 
     70.00      -1.3467    2215.75 	     SKKSdf 
     75.00      -1.4247    2208.82 	     SKKSdf 
     80.00      -1.4977    2201.51 	     SKKSdf 
     85.00      -1.5649    2193.86 	     SKKSdf 
     90.00      -1.6258    2185.88 	     SKKSdf 
     95.00      -1.6799    2177.61 	     SKKSdf 
    100.00      -1.7270    2169.09 	     SKKSdf 
    105.00      -1.7672    2160.35 	     SKKSdf 
    110.00      -1.8007    2151.43 	     SKKSdf 
    115.00      -1.8282    2142.35 	     SKKSdf 
    120.00      -1.8504    2133.16 	     SKKSdf 
    125.00      -1.8681    2123.86 	     SKKSdf 
    130.00      -1.8820    2114.48 	     SKKSdf 
    135.00      -1.8927    2105.04 	     SKKSdf 
    140.00      -1.9008    2095.56 	     SKKSdf 
    145.00      -1.9067    2086.04 	     SKKSdf 
    150.00      -1.9109    2076.49 	     SKKSdf 
    155.00      -1.9135    2066.93 	     SKKSdf 
    160.00      -1.9149    2057.36 	     SKKSdf 
    330.00     330.00 	 SKKSdf 	 depth
     20.00      -0.4082    2258.34 	     SKKSdf 
     25.00      -0.5091    2256.05 	     SKKSdf 
     30.00      -0.6092    2253.25 	     SKKSdf 
     35.00      -0.7082    2249.96 	     SKKSdf 
     40.00      -0.8060    2246.17 	     SKKSdf 
     45.00      -0.9022    2241.90 	     SKKSdf 
     50.00      -0.9965    2237.16 	     SKKSdf 
     55.00      -1.0885    2231.94 	     SKKSdf 
     60.00      -1.1779    2226.27 	     SKKSdf 
     65.00      -1.2641    2220.17 	     SKKSdf 
     70.00      -1.3466    2213.64 	     SKKSdf 
     75.00      -1.4246    2206.71 	     SKKSdf 
     80.00      -1.4976    2199.40 	     SKKSdf 
     85.00      -1.5648    2191.74 	     SKKSdf 
     90.00      -1.6258    2183.76 	     SKKSdf 
     95.00      -1.6799    2175.50 	     SKKSdf 
    100.00      -1.7270    2166.98 	     SKKSdf 
    105.00      -1.7671    2158.24 	     SKKSdf 
    110.00      -1.8006    2149.32 	     SKKSdf 
  :_Ҋw>0SSbQKjCWv0FOAWZgeFkMA=]lvS/B?=?DkL=jڏy<A'KI?]ZjRԦe&{Wt," 7UfMքV@W7{NE0EջDV:$.
h*F"O$ʢpέ k7
u::Z<h,n:U+]nX0H
PUݾXX\4~: XCK\<EսӔqfJNJƻH9"n︰J)&[~c?G$';C"ul~s?/I#65pedgHƸ)_y\;f*Z-IH2<iPÁbFH%y	)fGp#F;]FO6N~&*[%G^ȇef^&_~fA{pG.J]m~(FEܬ2vV2BPRH\{]S;';	)еI۸XT>*i8%귙υt;oqK\ZP:I:x۞j\ޏ`VI]t'Ow"^J@Y7.v[}bR<\8ȝ7@_La@5I)o6dcUq,~v=>|.%+eْ_MMDJ˶2OΔd
gRKh2шW&M?[vq;S·N8Bb'ϏH<Q̇,0>MW!<XA4Mnjfy?PȖ@Ĥt	Tr_wێJ'R`4FzombCqzˏGZ^8[	՞\ȼHN"4uB--hۛ,"t+(̵x_~L:z* Suв@{f=`b7J3VxGkAl)HvLji	,m5|G*1}¶0`5ub'5:p5r'k$uy-@;Vgs
]]"6=ʓ#EL%#;G,yY-+Heڒa}Oacu~"\8*HQDSl
}Fl)ɏg C{j5nUM*n#ia
4|]0K1:)^ :"Los0NYn+hY1Cw :봁0{EZpPc%@ѬMg]օ~<C<S,;Iˀ?2
tI?ž2BG]\
*xWszDbP	b4:(Xv!5BY؏yU!^q3$-?6av|X&59JdvaMt2p':NK>j*  [|Ê$$[)/3I`:S1'A|7v
~ꠦ`b8}%"WkM	*F[1	=\]H4q_+k?E^LQʰ 
Bluq=KUG-Rbр=#*,{"v<;,^p8c\튆}-쑯T_EۜmXs;sՀʕ;znȏ7rh̎-uہVy6\YPBŉw-
 \<Y{|U!2|KCaF@4P[.n~>3UQ2ӱXfkjՌК٪Sr ĮWVcizBum4bLmksu,?v;:]yȀ2[>Pqcir)19ː%XtZUyZ34˼v/lq5/D: 29(E(QBY֤n)vR&	m7g	8d(Zp`"0*=>_P'xpFe"nP8t`%>2ƆiF;a.q\r4TRVSV*	yɄiqpjEPܚ ~	G@y6𫊓bOg'3e2ISJa/^B"(BCHwQ,fK|' n,0,R*1
4~⤴yY`g#au0=ސֿ"3צիiŸI̐79ڊl~Plva|ݝv9M&|1فR HO?x2ZXJ	b:r)!03^]FK pzq+STu0$:Khv_<3Š{ )mb	nl4!m<<+NcI<.FHBp+GZnҍ׬CTr2rNVsF<qK텼\`	QAߘnoeodIv=ӟ4#Qctzz4~`#Jb7q>)@8c<9eqfO+@ꑁ>H?9xB8%rX7J=k QtͼisUq#?.rY?nX*G~{\ߺ|!˹:PZ( b>P_H;+m;PӲC9SrL>;Q<	kAH6'5AZ7ltINZJVU1WվXP2uRy><O#SNuR4:6w3ΛǘdB4g2O%-5h'-+Q#D:5 ]Lsc#rKEo̭S'XL3/{"<D%mI4E=*Z@uFCXbW&\EF-I{Aq>A?Z.tڬ:wG%t	c]#_X}@dxe[ZVyT,Z۴vG&Lxlp(ff5US}{^0C}TcuEX	"'ZNp*7ihmם|KR 5m+lEsT
C, t˪@h9.SS Ir"@D\+Pݖ3䎪>`xhNU\qLV$SU5@UEN`g% v
:xrcFNYmQ*}asKd|R
nWjET,5ePE^kxl;׊RP !5L@*4dt.&&3~}r,xK]%_&JwгHVfer]Hi9gӎom4^?npYD]\ֈH}M8Tƛ)F+f =w|Ӕ9h}Nak^nѶfi*~F5*GaZE%>m-P"vA>чhg#0_L>;43cfӨPrsEr{NҴJ7vުk`wgA.oq%O89dSlGkYfҷ>&^sE]+>pO_n[O9Y=;}9d4\b!Zi	 Q,'#&Oz ?pF{H{k3Z7qR2oi犺(.g((&NDUn['o{
%W8gnHyݗ_9{;"itۋk'b$X~ٶ%5͌4'<g5SUb[6r#4V/<ҾnSpIJf ރz˫k	Fl$Wb
?K;?k~O/YASoXAAE-݉{o/wο"nfm%luw7[PII)$¾f<m{sf",pn^ԵVAH&{}5@,0^:~:6ߝ%fd߰bם/idCGoSM+렉Šk2W5κa/v<}iL[ځuQLxqIJu~Gכi:5|襐Ytf?DDmᕽG@aȶfPǝLx\=eILĚEܪ =E`!!n޲cq&:o]WbMxH\Iw0MH@bX$U ]$V-ԖuxZ$#m.P.E,-BפRBxL|FMxuݾ+O;yaK!_N؏/'MV#{&;s-nsWiM)yҞETt	;ţj˾q@To	eo-Zl_8PgfI^wH>sZFtڲL=y\!҆TՌڙbIW
$Mx2q$%lPc@c)WbujVȮ4-rai+"I	Ê)+fT.u}:Dy펄Ȑ"Su0F5K2B@+V	wqӃbf5_lP.A9*XG=Q?[o9cn|iSO#znsl`KgV `@Io|gRXQ*^<1xcpo4'"攼YŐ	0h>UNn!Va6ԍVC`Nzn:ht|ketk6 :Ƨ1UKolt&~ϔM4?QQ? 	g`	7wQ=sw+B7#4_t,˄/iUٿ*-ǉ'MxÀ$;[04'oI1φ
x$R#j"MٝB /ͫ>o*_N.&ZX0tjr."kc#?
w|-{λwϱA̋6$/U;`Y"5pqHU6Č[x0i)kzEyslEHt8)lxFϟZSBCq!B^Ǭnj	#U?IMWՑ(+9vNA
 j!mDwF-E3Lh@z0ےѨ	ÐN%1wB/4S/۴KAڑMPΌF7NFG';>gO_9t%3<[ݿ;5Nc3GKBt9G,6FhM9E9 ?ldEdcK¦}6zyy$Nk%do<c.l9W@RiB;?OCY`d8He:CT[Iv}s>4̽Or 6C++;F@D{{s:18܊/bwrx*~IS Uz]NBّyLT3.S繰=QɹY*mTm-:n*)Z=snJ
D1MGBnfV$bfzM>̣pU@7_W"%I-;&<u-Y̸5k"5`RWtʴȎLkpLBcJHFA_U|[li%X<LUvGＢw]6^i<ҡ&ubȧVP1ͩ
413f9wckoHDU+7mpIѳ<3{X*(A<'_>0!?iU]gNXIzowEIbpFpt~lS8aG
N} IϮ~n$h:_g ػf<JFJ	U/c.I$ ^oO}'&{oc y#5pDFz""L?h70bp6WB>ywTCehK0B7'S+35G0s\Tc垤EKu+Q|9$D3VB+ߊ'TjN?)TPsp{Hh˨ޒ5nV޽kyfORY;|m1ߩY?ZY40?JLy0f!gt߹2?}溴絿{I,l	`R٩{&0 z~1Rvb].1Nj'#,*4hwQn1JKᰐ'Xd΢nC+	Gyzm'YpN0eg".p]!Ҫ~nV]S,S|!EJ}s966U`W|[s|_&@ȁ6P?s}@|}A%6ZmSY4!_[
[CMtx+uQ83*h<ag>q~-^Bq}Bd>}1}+6N|.Wz9xY3k_~G4#}XK0ޭLٸ#tVL;J-YDIx&'$!j;Z-BRet<D^h."/(>,Pm &n`AX[b<GH8i ny|%
\!\?1̽ko~v^	xSމw3F	óg'AӉsaoba6PYbE6+ȃAYB%wə8Hjg)O7<O\:!qE8x客4YPyA=
(d=o~*\nH!Z$ T	yTn`[.*f)vz)3{םB5w/Ae=BKMq?/.NaesvňOlj|h;;P!6lO+SY#<C9?m8![eQz>P)6}bDmDS<piИHz?o,Ƙ}		<tKi;=9ށJ햭"1ghے=J%E8̧Fbg%0GG^U|gN.UbA؂ΌѴQۊv].%7Q,7&Ld!J`Dn
Ֆ293Gd'Aα'Apd(C$R(琶(w eu.{ m9ܝw 	&H5]?%=,P~Ѐ{h![o$})MaPY.li )6 P|/T#uN[=BW<r}Oa8Je}*k>+4E$\/Κ6OO'J~C]8NwƲks
1Ĕw2GbM:JѸ-gͫPi3n}8>ִ{ORlG}<}N<CnKOg;!5~~`_na{-<C	ePAP9SAfԷ
[֞w(@4iwg9!«Sc,ŦXb dziwԽO1K8Hk{5U-pUH?wm}P!\ܤeߝ7d&Ii^!]ʉ"nއPaY0UTwÖ}Ol$+<W?m1ٹ7kY]VRa̝Wnj]-	U%МM6N;WI`1a_.;vHqZ-e ?`YpFڶ~!+嗫9P,?F/=ek.:W8t8b+E1<hySڪ@UPg|FktUOOjĩYb\uLs=2x, |hIDyѬN{C^i/̚R;mFua˽D9aCɦ2'jJDP:ώ@z.*>
`"f
Ryi/C;-|+{V)ͤ!1MbLkcB9c2a[Hbt@^P'J).?_yoF.9
<iIJ|vD0;Knra^EQ95+*zmkF&[%ZGh~,$/_\sTz|{oRs"u[ ZiX,87o(t\KBol&XlZ%rmΔ2:seƚvVyClzN#2hi-DPYIчE2+)?)O`<wb\oLaQ~N[/cJcf,UBw	|l_l@+f5YR\T{ukHh;d[! i< =4cL<>ESN5};KtxP'}YsFSF'T0Q/<<$ %<M,N8˻<᝹6:ﻳrUڶT&YR |	fYFu6y|{6|tt(s&)x7=:-5}؝eZ1G9V!Z!{S+}~S,F0:tԦ]yLyt$UHp^~Htߞ
) ez9'f2+`5ϊNBHs+nͰ0`Qm.'ʷfBO	C(8/엍t"DG f -w]`{AH4aݧmb-$]f	|ndл)ĘZW! x!OUfY=d
gMUVi:⋁bP\ݬE?nE} 3FC쨓c`Й)7kw|hj'`5	=t)JnŸW.>ɀaȊI>t!iK s%vtP:F0 sKi'Z?zuA{|ZQH+T v]ZؒPM\۞kW4¼cX5b=?[=i=ǁD+~2L	3o5$>(=0OáL|Nrt76X,Vِ==qf;[<r?%;,=7AO qMN&	&D4c};J@mEM}C:OrVU2(Y𾌡*o0~'y`p<ntbS&,as0T|S*Bq`s!.KO<=~`^<!\81zMuHgn4^"]`)>XՏ=#$W{BT| S/;l@YMWPX&89EyB	vNzwһݑ9,>@) nwⱦ*r%=.n쌥GJڞy8V_ϊ$؍V1MM
Ʊ|Xւ.wW9
eF̉E92LZ=1ɉ3, g9E%~L⋉.vQϘLi,	]ue.)IKjS=$)"2]F;Ai{!"uoDzwc|ӼlI M-iR	jʹy{:\2OÉbl$Il-j4d[m	H>yVaoG=_Lf1Y4%$]w`*,'3	²)۫KoS76zKch"Z^$!A4U`K0IA[`)qFckv])ZTφ]:o)rgVi؋)h hRj 2/kY1jRe7'K6!DM"~\Dw9$|MvjHބ/TD,ia!i0It"Sk1R`ݽc19}F&26r0 EhȳBmNy|g&g4 *a`qH.{RӚ=iflimW'mTwYU|!lۢ©`L/)qgYhE5l|Ndd*ikS_1zS=v8|Lt<WH3Po*ըw 2QVpnN\;Ԯ˄?8hXw$V[vn+%%@~B}Z](Cx_SKچ%,9K[7h&*
3.6!ưNnv{Bu!)nқ5L@Ʌoa3Q4/A$N.G3mxF3=l.2}:L+¶}9jNT%\']GhY9_΂J`k )m]=Kf\?l7~ymU1Ax=Vcn!;T?޾QSU'$*Ƹ&#[d̚T<RP|9-4PFW9kkSڮseÿ>/Ըn2s͝++<ނ\	Ap|K9(54^ݞJL3ߙ_3F-,\|po7v(c 2OK#vo_0;+?c@1C7\Zf3~Se"X-7}{qwkO%3$޾
H7j)/\UEW,Oxv~#9-zD^XX]X0rTڕjCZͼJۿ{$jR`Kk9)OuyHsrB41'kj6بFGS*>ō?$zp^9(n+3HVz@g$='?cNwM35rRg\/TC3,.vVGj~tjջ)USOLSVM@^$T.Enx=o<uoH.8XӒbcrW\y 2Tҹӎz}o.8ΤQx\c!K$X	ucYSd\⧴b'[xdHɠQ`МGAx*mGMd^ڂ!,"]1j0"17XЋ/TQUp>xX +@86zuq=WzK\#(jvt$s&2W4}c =o9`3b!mb(C@z6x:]Mԗ>9ZZ<&!BX52-VpBK_*^70z$Kvi6ux(qc)y<9ƥT^mԮlf;Q=kVQKi,-s0._orov8/s1%WcmNq#f\fqdk=dʂoE*˃Oы{rą7Z5;cYBNͫҺD)̖afϽDf)c}Ng$ZyH<rRōaxĈ FFTb/D'YM|NYF>Ntpn^G)ѣ.>cmG>s?w}%Aєw'wipݧUl=bJ%ఝ0pbzNI;$đye7k!#r]ghf&n3֝ORFC/Ww:D҅1cb )w2N]`G*DZ#8hAHk󝤲*௅Ii= (s +t76f=j`Qz;Ciɮ@
<r.rwxFGhGg[VBo3R0<RZy
~6&;M%U9\-yۆ)X9ZRT~b6Z/gO{fDH2VͥZ.ǥyK&n&lJI؍`:e{nO*МB2+kBY*f$×W6}}8`YT2?>ri<9_[Yխ9!9ֲnY<lUWOZcɥ[e</Sf3Y h
pCuϘTLnZ2B#sr
nm`'1kOj20'7`woٲ~6\^ǈEt>+`o?NPcisHWB{[EL娥U?Wtz&`s!c!J	zEP$fE%lgx!F͡ċ2f8ɉOrCd2lxp'G~߁JQlE{Ffek<5vX3;c6a05c,/<2i,XmDbB*+Z겟S}oc:
`p0]?׻5ZYgb}]:9	WLV_bZ3_:/&buP\AS\s&XJ6w۞%"i%ޕJ-ȿϮS%,nyM9ٔg1DjM	?jw5V
)mŊ`{wc֭B `Րm&<m[ej"xS@>+G.R	t(,y0 HJ2 ]PC7alyr$F ۳j;P]M{[!r,>%I|Hss驣C<?$	[UMڒSS [NfQ t`/-o>"F$7OntU lgI#[iOخ\{b[`g)T;ȳLXy &8[WOjTS1A?FΐM,bvx$pD6ӑweP.V-T#d@\B?M(f=bwoMĢLEh5xJ 5*ۧcermHo Kc:n6ǏՒȖcJ3hiΨxш{lGѽKy<I._ͤ[jW~ƍf|yvjPBqb<
]IE>钠1 ETT6G!}	Xz6ƩPh
Sw\ 6mfw56;xU2Zy4Yr
}Ci*eme/
";>2]c}ǔ3N"wƌvt0S]+*3MEaV&M76	>έn4`RI㿲]qU#YCIb-CŊ5]gCiOgB2MU[Q؇a&r;U9j 8˨V>JMzjt;N q:7!W="+nP{տ%=+iVO!jp'W	[%?+x0[Zu4p2yti9C
%8B֊UEͪ KbhFS0?o?<P,1SsjZ9=˞ջf$¤z5olU
@gНӔ;o8K=0'[ʰ.}>? Q~~MB,IO$⾿56pyuP쐲h	kN'2x֘z.YK& agKKUq7}22(K7kε:Ifl,",gS}*IM+CrYm
ʢӄ!?0ȫ|QkR{1č:geQy<d~^^h[=*N$;a
4b]6StI<.mfCImpg.e$uksu)L)ތWL&zvf(ܷ,/mv7eء22X;&M8g\u)YU:BP++=tR]#a9̥fp~s#F@'@ o̞P/3'poIy>4jO:kN|x\3pY<r˧@nȣ@nOި@n|k>uzP9j'[J7W`&6Zj5|t)4La[-u{ieÿEObEB:
ƹa=9>h{eQg#O6.6Jh$gob?> 1fwbFFkF~_K̼צ2o}]6>r0XgC|M(h$-"#3
0jB˭EN",0׾-|"b(מ/#:jz(]MK^X`8A֑.{E*D(S"Ӎ迟GFƃq͗ɗ*]w#Hv=Xj+n>01w& p* f`e<DQqu59kC2wKE1uTm|bO)rϏ^"gWnDndg }ߏ.4&X,n]7&V=[t'3?ٔSWYG08d=Me=P^~\quSR[w SPDUaWW5S0xtŃ+HOPS?y`PZz>? 'DsU%[y{[Z*Kxj"s,-h6@RѲVt}qL"gL-4KC(p.5oD_mQR&ڹœӶz]T*^9[Q>E1&5X |^q3cdo0'3q)h\FiѿʘKr~p'=I8ejzxeJxs1K44f}	f61'{!Cg?"
{*/j`L*ʹHsTc,rgc
v׋=1J}$XSݱ92gAՊ6ݩ38M'Ӛ.Pf/Ӳ/fBm:m):oefKoY:D,8?_VAdiXkv!Ig
o~ME1(-I1^<dmإnN+%>C'b4ܔy9MH:cYBzU[͏ɭuyJˌH5q@pQn'<8;֨IANLͦ|	 i;}qQ50w?C%fw8G2:J9<K}A0Ae
DWe{wK"ʿMǦ[e3,laOF$-9Qޡ.A7a&of7Vq*h`^eQɘllB&[?/`I}f:xDiYX
8c}%(+JH"XrχvcdZLN#خQXѯ~l=ʭmx%a~zz|]˄50bp圣V1 `VMڐ'Ĩ1
Ņ́ȟݠ ?N!'9!FR֜Ҿsv7$K6*3p5?9ۚ[3so.0^@K'ɦC`]k֕TWC"J6wDW5NnbXIw 7ث([OQA#?B,$t{in)UDkeTl^hVj9>W }f?}>G~L62D"1!w'᥈7@XGd~+ya]y;*i]zo2ĿnePLbIuKP	l$E7թ:rѹ@S&\U1`^e)։%6nAvD":ok틱d/xˠuU=+o&tVxrv!g>[|շzQBHR5bh&=	l/"Fk!1}#ŭbAXBeS_g}c߮(7׵Ӆ34;a頳hnf>W-|~-G8˴eƻ2Mv=Q!UJlWS̖OuR GN1Y-`W<ɕ@S&ՌM>v̚8m0FŨuVV Nx\o`.V2LIq,̋UQHw4Aǈ/ħۉ.l´DtS`}`tŷMD_u|sP
?by*x0/0,DIӤ4$MGLD.415X8шiӶKqn
1׀j
IHX%2)G+[/@ \cg@4:N]?iT)cKo|]jNͩ[0"~	v9b+Xq#YzY.ikNMohP"oy-^h!0Eu?0p68j?vL4tQ94*W*7%A+ŏ;Z]z`C's"x|s`dmK;{M7]\f}?D2C9L[XyʴLE",<v%%hh\nwPsۡ@B'"ӖNKd8R4ƙ 귔VF~k^엄9/˽	PI>D6<վGJA$B67?}A}sycG돇΀]
,LXZ'ssKUieѨ%}Y9h:Ɂ]hb]sJU£|Wql9Bw$@絪IC5)&qoR>_-7el+-Rv5=9&m^	+TGd?-[scI=$*sAjrc5R%*ƿ!@^-:'_.Rv"B4l*ƑWg1+>,y/ζwy:n 17`QM7"gklҿmLAjV\MAlp>-G걋{Jq7V=WZh6ōd+hq6D=ɀNk_%`<ƤZ{kNZ$Ô9U([5u?eX^o!-kDܝqEA4|PXy'}6_azp,:EJr`Ԃ\<?
.*t=
%JWƝ"愾5iZC9͍j3SƘPY!#{fk-iZio01( 5:_ϦOKװ3hmo2 y6W(]+Tҍuwq} 93q]hw,o,wwuHt^Eެ$ԃk!mcnaqaaIXH{]2>]ÿ9ho#] pWtCsPb"I
g k
^um1N.9~e9<Z?fVpyMݨ5y $*lUռ9E"1bUR&&|;r0k+],.y#-Gcd4ֈ@%&7$˭;I""vXIi"j"}m`̀}@PЅ<.
گD/Y=Fކ;`Hq>ZbT=Jvj_E"<*[dbX̉ڣ^JE){
23`JTq_WؑJGpPxB!d)NNۺG5?Kn(??z2Wl.עw.<MhBqۖ<@@)dۥ*Ofz/,Pv`}`l$V^½6:vi	2d@G;؏a^Eq3IyTVzY }<syPg鐳6%8 3z4ą$5K{S9SA-hS3<!USP/<r< Mץ
lzo{Xqd\^P0
9K𢎶郠Tz-kC3oEθ͏k,nOo;tysrpչY,PߠH9ÌU0@"gY=Ťhk~igKCPx.ĹNq#괧NR ~*RQfJb]7N+RjqL	u}IΎ[z;t3H)Vb|ӱ~8HԹX55قp~dV֊?Rފs=t(hE/w%h',Ү|;QgDdzcfP1rEiuUEPVAFH ƿl#LQ]PiV^`%,!27CF :Ô	HtGžTLl}%?0=Ai%7a҂a8FŐpKOH j	*ٲi)`q?mwEhgbTv	_.?Y,SZ̽/yiw\23✜ִpHOfkF~bF9qYg?\u҆&׋B)\Eް<]9n
>EҚ_'	Je	#(c	S@VX ~ͩHVt]Ҁ#sKXڐyqSJUf'H_ߕT~4#luD24?gX*34(m#6ekc;r̸#
пMVu瞌PCf}N`,_&tܹ4uH+唃cSFY-	|7KxJ5J/;ҪMamjǦy, 鲬9OZ}ih3K"'bfdffKf]oBZ-^/!Т/#`<=46Q8ᦵӣVVڇ
9bghS}IuX9!Zl8e$
MB¨A4A
sj4J{պrwj  2RTi2#5Y@B5PGK^Cy)^ɛjLͷ<:CV PNw%#I9'Ld;:<j=W7R}?TyL"@ܺ#q3k>N;*S#-V61(O $U<T0:xw7KG +t⚿_@
-cO2N_dUSwZ
[DIүSc4GW'DBs`uXT"|kzȴaV[tv!T<MT\7|YOOvhl|,z"{5!ě?8F6	[gjC$52DKawށkG7}FtBEv{)%Pl9{6{E M]CD,д6`[A+@0(>3:K:&o4.7LM瀓2m\Sx:doXI2Vŀ0+	ĺi	e'~+gg[.2Ֆ AGQvv`,	u}<ő9ߊ]ŋuzrJP|wϔe!"el\_Q{}fO,-sJwۄԅ3|.JYy7,Q:Qw<faR}1^)ĈAڿZ=ejĜ<`C+Q	⛑i#ur}?9ņV:ˢź  w%
`Br.Bwhۘ)UK59B
fPCJځPZaqSX!ײ ñN2Q?5$KYVS	xQ8D=]餆Vf"tivk_b{KʑgHv0-4e
EJ6픓s4UЖ=:{^@[DM!nlEԗv!ſ{Ok*gA	_=&iE}},!s4NOoggQ<9-0R+{:׶]$BptQT^4=W_BCXz,SX4RR(il,` 'nY	ˀyϟ$f )ăY%z= f$;O)~VEm-ĕ(.$!kb!76
I$T-P^c{<<'ivNdqVn,`+)\;@oUpXd<T"ZQvo׆kIN!AāUf@P"! bzt<!i!O!b!{};d%񛆛a;&g'y-?@F$[TX,'86QT\@Vi,@H%.peW.0NFc3k0z	gЁ+k@!a+?´RɇYlDLlm+Q4Y`׀Ha=v,5	,}H_=HP<׵\A74]q0>َsᕫlc.u}}^=MmrH$3X+4I>)h1^JszVX$LH}*|竭0pn2+0KK0RNin߂un4ۤvųn/KW/PkMM!	ߥeM	U{2iSzCr,`M\e`YFwM΍̻
\-.x2vWI"Gs28Q`#/ɽca["FX&sfSuFq7C~+:Y8aA!bDN 9zkuCA/i/Bm[]?BZܓݚDsצu*۔;LRx݈v!{UjKz ԖMjozEIrhhh۰c_hn򧣥 5!IIũ <Hv~X\3$+|2m,SXjÖ/W8i/vJe' ]`YD*0p$sZ_ָ:{sR4{Gr)D]D@L<Y<>4\:uog.",qrjoڋ~wô2 DW֪Ugb'qG]f!.[bEiy6ׯNjLo@W\ D*kzGWr:GRRx.PǄ}MU<ġHC\q;RAV&WMB	֟T\\`cjࡰؙOS4tQ)Y>FJ㼬lxA7	r6n)pZ	#^X[#r:uB`υ[WHlE~ܯ{8rhꑑ˝Hl5( QJEOɂ{ A*< ΞқS}*Hu,qGŖ]YKt5j"PV~}yy`,ݶ*CQ^Mlzuvw M~AQF	_H-ڨo{)5v`REe2ie@2uD|Z5rC;NШ8ȀC-Σl";)b;.|3:u\xrH- ^,sj/񡶱5n0WKrΥyi?V1 oF@zsӒ3 >,5g9kQ=1	9n6 B'G~<:.Kp,6d_A;0S?/4 1IJ|V	/A|pMYْ+$Rl;v-jzdP|A	iD>=Y~Jql6i5-LCtKʙsH3Ҕ/W oF;ŴHa\YMs='<Ne/p]
(هb	E%,YؕlGB-TO0HLxh)Z09D1Fh쌠V" swKVjJq%L?mUU;ozNп"k@SB$ЁHLNΫ#% iCh[ uq{(&cP~k--W;WLo*jsMIW~NU7NY To[XL`VUG%F
eo}Pxߔ-c<lmJ`/1)¦ٕ;AU2[k{!(fZtx#ﴄ iƁ=MkvY3	K'c0`&2mQ!~|wu\C9[
[iЦ#h: RQ4HQȠkBop{ .'_Vu}|zΖr:{T:ztu7#-jL  =:[$7F$oQC'-@x`4X5eG"XaJXyMTGk/\l_%/aix*dl@G46ޒԌ˟k\0U0"Q'ʰYX^do-˩-"5UXtָMǅA°}Mu;ԫ%g5:k\j7$rc v~{bղN=5dC0}N6~sS؁I2P&S[_t-Y|(9KqZp;:Ԧ50vlKm;,xoTSj褙r<rX[38)׬0S2)>[[?[4U|-uZ^wDŮZ_լ.W_#f<k[6~(NxP42U蕩@Frֆ
Cu@>W.)k_weG {맧+6G̓b|LѳH]`о}UGe	F̗{Tuσ_OW&~nIYΒ2r㊭+F,"Fmc.p|Sz{B3-ٔ$3ؖE	
eZi1d	š$hlz8G{=)WNT =N3o0$Ho$%q4'TK_8J[$7FXQcE'jJ^<G_<9@M_J!Lo讳Iy-{G$>=GCZZ](lwYUYx!g|Ґܮ"ӶZe͠ӊ咩jDAlP\nE<MB/RэMpK2us=Bp)שHr 璯QX1Ÿ3`[J|לS_tUӈI]ԃU6(i=S?lm [ܐ7I>-Osg)Ac\5qD\* xci|+L4rh^e{gEqCPɹ0H-{cJG)p@P̥+ּVǧC}ԌaP{v|8vI|eC4q&]F"~97k3CQWٖP̛FWT[~}>/C֨'͊ K8Cg1Ȭ~.gH|v_	A7=a05@"Z7AU57D~ |WagbU (}g*5Q=1mJxBQ"&;~Q1%icAGLT8bKR`7Xv10:A#='pŪ+P"$7=6ЭmÍ2NU:VcL5˱ս"T1OE,2䴪χiad`,1-0?:Q:J	W 8,PTs EֈԿEn%u3g]<K*a	[l"$+&;8}Ӧ:J97Ua$UO淥C@!cٚ6+"BT,2͓nҴy!$v6H$\f $u]<AV=BK( Nj~UٴK2ysșK!lVotft
`mNBa,@GTY@YVGĉnˋx4m[UnNE\HdpW.[u﵈i͓@/b0Z/ɳK "k;VbKRC;%jp 6`c0LR&DĿN
(RSZI>,	Iul֩fXDZ뜎UR 9ܿ5AoZշ
]:/sDfe+(p0Fo~R"XRx+no1M-nD^*<9+Zͬ݀{]@"r\z\hܞSL̥*=2pg,y?n@G
P;{wA~Mlxx ?fZԛCL]F:Oc]2t%q"척ARɲ-_+$x]+q?IZQ;#bIX^}Wѵ8nNA'@y/,#WbFҐL /)S"yjc"g.`/>\,%[j4讓x齭(䣈Q!Wt-\|.vn5JX4rAq7f*hi!Qms-9>)TJA$JB!{Nm@ghNHs!njͰ %o`jJOn8וĞ77*luCahb+Rof0UDiD£jLDۋ	M4y3]cK(mheo$FmZu9eLpI2؄AJS|U[acYӰ4]93H}_*
pgZkA}MP*V	ba x:t~r"skWEz",YG攧/@M(v=`	6l	}UUKCx=Ik\2LOQ3E|֨R.7Tß[\=J:O	t3NbiSMO6߷쨨&- !&h-Zd.r9.!pZ8KQaa_%|i3 )h 2K?*4y%;#2!Rª|:qoC2ˠ?M/7-'q]תP=,NGO96+g74j[`ǅAE'Au$+5S<4tdrsG732qW0/+DK*Ya̔=P{LEat+b^a={q9n&_ 
Putsm(YȎe'=#/x@uK -| ӵUԜv\ bx_sȇ}E.cf)$]JyWmTcKʤ߸Me@ţ
5E[R<=i9zD?q=͙"q%CƵ`J`ΘTU^W/Vvv{ՍtiB`x-;_<wx}}kW砖b!j<`$mo"K`}䦣p]A*-j]1_{  #sf/,R ,*DъU3TJxtxȹPmB߸@NuH
4eOO;?EOM+9UMa4:x _d u)nd́yVvZW[Y'S
4}ڗD{)KgBU-*Y,a;mK0j$}=b_r|+dVH{bwBp^tcTIERG~ڐ'zbu)@BDO̚iMe}eTٻ6n8L=ftױ֟/`O (v3v+g`WgI'n(o7kd_kn6J)d:٘1mOd8D l_7.yx+L#67(t,_,5qpZA_[
qsFϿIp4K%"txӦPg7sQ'6I	ŬQj䮁Sltsisֲˢwȳ?CulZЕC#jm<j'ea_~c~NOP\6g:}kAGOAW/kAEE9[$bZMݾgW_1\):t{@K-y2e5oi=@n@\[ڌ0epuof4~.`|ֹEt/}Y/4pLcBmYm< .qvp4Vl*y#ަU;솘?U^Bcej(o
a5"q\]>Bg6xZWHQǫ2¿Ao
\(2g@V('~9ig^Mi	Y[淒Qfhb{%l4A	$H-ITBqWr5,aTUL%|N$<4sa2᰸b~2dx@ͧRMv'vZz֘sb@Ą.S%zIz,ͦstVy_\*=q]˼{Mn_K%FZ*@5r{P%!LHJҗ^JPiQ%KJce{tASy\vHpC.u~>:Wuf!9O%9W]p+i]^W3g=aI_,P(H+72%yߢa8Y|C+H
Z5y}Tߞ]AYrt%O'/Z$Q4Ifos=Mњ̥~2R^i)qD$W3~.Ӝ,|r
;n@Fu/;^3sǻ}\YOn4ic3GvSr>S-kT%VH'x#9 EGґ%1 p`TFz;#G'պy5xF	y\-yU1qi)ѩ5dJ_No-eo^alU}"3ۤu6b&L򰬏{TV&dWޯd{ ˂;\xCGKFR|#H=8IʺkFv<?v>'@TC5jm'L &Q,	<` )fH{אbrizY'OzY{-5r"f>#V1Y.$[FoEz.DQ<e6Kq)e'gYSNޥ"Ly`iHHի/;R0`tme@oe$@)eJMnNU;`}gN#|vn jr$&`AX!a({CHm1!tqd|n=c'0
@F-S$ʑ6@# >cbDtۚY!Lr|v,#3.L0u<Ӟ<P TiZ_=~,?<"ޠބ5FkPy(d7I~좳Tx5D@vieJ8ҡBi>-C3d+hMDԹ'W+:kFGMtܝ"7&>2ewhnG2i埱f {P^ǼAC<պO}B;q6g]>nι%w6AƟjIZtmmK7xˍ,R+ԭ-uKS9/KnKa5
&Ks~cɅ3D=:I9"_PoZxeCjgdRU͓c_X:z_!]A/d!XM[NK0j$vL:1	.tFKYYBogl r~pԱRtC!k݁m	Wi"7u+o˭Ly7͟Y{epJ)@lYJ4)x>#|X7ɓ=GKڡֈuOZʞUKLIx񴡁RvX4wAV;Wڮ@E>Pf"D)`H<3Sr7+@F2Ώ=od71XA1d`hJhK W[wx F8N	,.':#Ml$Wvf4Z:bѧ:C0*r'emSᐣe&9gb˩lkM;uOg/`aO['&@
]e-)VIw0?1|YH[2\m vXʚH3\	^A7+
a@4HyF9LO
4bl.~KRq%nt/ݐmBhIE;;b
z#ӿ9,_-^!$9T߭)Vb32Jg:"lm㾑<}8Bdk#?uCIV7,.h7RhS.CV2VlqT_ddN,sCϚRuPNS?i`!	>\F?cJk:*.:m%6'B!_\Ǐ:ܤ@l`Bzvi\j˼9yLz?	"9MN?Ou+Ck:-cQA'p{ֽҝ
%3Yp=hkoWDeyʕ1{61ȁ1Tun÷!]Sפ!pZZ<-ϮSmrk{^wz/Sc`-1O̰n?Rs=~$I#a;7ƒ/:?vs@ן5s{d	2(k]D:ߟȻNc"D4m\#r
rbDkpg>@R9NQpWWЦ \7y9$|PLeZ?3_Pz~0\Ӧìn{hQASۯ$SLke0]vca)q\KMMmpH8 HqO<M~ WL$ 8T^tKCONd55 SJzmRtxÀnj,{}8Ocmv|G83S.n3Zsè?BF)aD._8q(SO=/*0|wr+WA+	J$%)yLq9-
a@mv)kt!G4xbAUCoI>ZvPF=_\?(,oҢM Fx[D=rM&h{ˇAJmQ,ͧM{%N-1D^ćц1流Z|vAFZXǋ|k^?L@2AD*hϳk~Ng.aLn0Iɝxۑ;o۫S7(\Rt(`&Q4$((r?VQZ4	R1gqFɼ=sX)Ev=<q?;?!$XD?hjK 8=w 
oCz?AE>aZQ;~9֙YirPeR$ӣyFybTAr)`8PdLvخvDE
hB#TW`'ZĢhN hkO)nW)+֒xMؖh%e-W|XTX!,oaq"a; 4J}on֭!(2t2MW/NGG{u.ⶵ$r}kNS9ډAj܁-G2oQ%E7LkƁ^h{1+6Z}"vAxKCp8[)kD%-	7o'W>HKd"":1;/)0effS=f6G?hiioch]l;bHpgVN6FA~͊) ]YC̉?XJ;V2Ӂnܘ_yoh:avX"aߝ}l<a٥PMקdxǕ<rW"Nj]U'=[^h[~THUrĹδiڑv?غ'_	2rX6Vda@y6,ǮA槂^LTh~;1z\E)
G$JKQNЖ"ㄿm	x=Fd$ .-|9;qVhuΞSq=N7}By2\AS~I^jɃ?z`7s"6մ'c9v3Y){Sz+Pڧv2|ЭZH%ڳ̌rƛxFPIÅ	nr&r<	0[Jje.bف+e}0@%R7 ĴY'MpKrh=mH&Bс7LPב1tFp/L >∶#n%YufJSp# h$=|d|v:6	c/YCtDVw
$䲕fc*,Bw5Ɛ`85v-Aɷ<"I $v`PR
E|*dS"/
5C l4I$蒛+lW836$	җSk'mYb? 3G֥Nc45oE_]Gwvt!b'))%]JRպ{wQw=
r4*(qӦ/tӣ1d5		z#,E͒0 εR~A=# >-{jM/1tazƣBys[ua I`LOtX
qCS2R[gG_;S΄[ϱQLjO7'_̏S&b}OKz@k[44c]u{>L!5n4]G'dJn_Ohz+`.74䍽㵀x{LN&N'K_,,1YoG 8hinfѮl8O2J!"/~m]DkLh:4Uη'; .(P-},uIXHrSmǯrIXcsWኣ)MJZB-QϦnM=e%@ӭݬ&u=zp0T~KՍf:,v?"GA߀WuI?SGNΕ''W
J2*ο[o*mcʹ5qiFo#_}qSKx-$CnɈܡĠ덵i并>(+OW8zh^PEO'~\u"%F*֩GUoӵzp']49fHkҶgG)*R
,"$yI#JmrN3	h]{je-1n^:W1|Y#؍gd[IG&QT۸ }7IOj|ǟ S/!?l/T ӏz4LIkL2Vx,_AM}=\k[BHXGQ7k!|'/]a=㹔ȅJ^ Dx0 >+8K5qJ,VSv`8o0o@_=Yf>~VV6ddqx4YU.xEC?-f~V >	PcpFA ?t5{̲m-Aph&|ېuO.{ v.bFi"AGw.'9TR10	/QݮI̎pdTX_M|a%Wr4{GhoOKY}X鎹J)(fT֒.en3Uyr^ B@8BUMQhUH:V/lVez!iW"(.cFdwo/=$:yhKKhPRG>(dJ1ն#D]b.lhP&OjbAalTMJF%TmO^mn;y-0L#CSv0mj'/w0/vHoj3G%ЕI8RA_#9B_d lhX*=;`@G2nJ`6RzUT6	hTQ|rCY#Ck0]=] _!u{OԶNB5^}̣ƁdҳLxI'j4S<23yz=>*IU&۵2Ζ9ׁ(!T@zz@-qzsq_r(&$vد0$O?ν;L,-c*#͗
Am"/zv+켱Ze 9a	i1YbॸFw`@_.jq?Zz"=l͋-!pAVE:#LB1G["+O+%Jrd9pUU}Kj~J¥'5]2xe i
gr.dOJA3D7CHz	c/cw(p{+hMRtEpz GԜi KU=[8Eq踼su%CVT tgQpSkex.<w<4zTv>
ɐe5]ꃳ)юE f1(tZ;&Z.0,12T@)I<rJ_A֠{fg[4Z\xc.p5u(uzK)~/NQ7]	Sbx):'x iGW Qȭڡ.(1.9}EqǤ"s[@dǯY=ӄ1+?$6\ В>ʉ"0xWOq{IͲO[~NRSPbL@Hԡ$Q:phnA/A)%gY6Uŷ!w$(ywZ$.ƧǧaL#!I6@/oH`#_|ђb{4w|sddsyuVd'AV6Ռ5lD8AUCR{Vcă|H-B<U3XbdSД5z{3D6cmo.7ʤcyrHhݸ=__Cػ(/@G._TEbBmdVeϥd;YkDM7*}5¸GoJzYȺ ysuR݅f%pV,-&Wd
Pb:Pxl\jX64:hWSc~ Uf}2INN1{ChAN9*.b@|a`qǋ"spϥa"c~	l3Y;e )U*\[]hO쿌]h߯<mc,6zY[@oA.4U%fBsB]ɟ4ۇ	hAS7YiĜƉ+.z]LEeYM7`mLGyaBi0.NJm/hTGECCZI;KpĚ. Ч/H^,P i5u$Ē2> Ǔzӧ	\'yIGq]2vrDGXVFcu+c L9qk[DVdI:(`?-?7.oɲ~7E[Rlݞ.*g8v+y`EYDlmlfQ""~O!"nǻ}
Vfa<ː@H3|&-SJÚST UJ10CjA=3o_/Cpkݒ	i(}sf\a&TsZזFF/>uTuڈUebZ)A_5b*׵EOum/zYu"ע{sky/uFAè#rtb
Ew M]_)bW׵U1a	9Ut3V`S5\6l͘U"'U͟V
f`v^q!L?aD/	D	L:^*MFfQ'4ˍ\Ke͚deѧi^b`9ժ~F5Vc\`Ð7f&c˓ ipJa?@2Fґ)5 e8
2/>
JO
8JAl52(I^X	^,1s$,>|.T"{h]{.%NEbAT	Dj?0vuGL<LӬ1'D@Gq5Fv@lF ^z";фsa5_5C]>ud2?V	iS"]S+FGd++XJλ1&SFC2pGp+lpaVTEZWO*|"sKo~cvѱ"	D粙eu#"ồxs-܊^wP໷!,*H-i}e6H6'eB=iBu~vPܱ$e;ٸMXz\g*Pf?ZhoѴl8d'BӲy_msj"om?Eo%DCwǘ-|/7օ]wWNWBm*%[
(/dȤ*_7d.Vpk-c(MSTQ,R4QG.!.gK@sOci~	|#oWnq+_J邎Ѝo4-hjTG[L.Y-Q<DPPnHz$L``8A>>R{dPOEnZ}'LSlM|3Mݒy!wVYšѭݎ5=Ia߼wH<8Vyɜ56%{gRT
Z[33D\;Ao_JosUu\NWNr)**h]dbYSٔ/	AlV@C-r KBF8k/Т$y a5p>y66V?T`mWr7U4,;C>LѤ,߉Rx];FYir)+-b.; z[/)l%4E25>l3WF @-|OseV<3H|fp.Lŭq&httj%rRAqbG}VM`o3	g|N,o]@`.%PY-ό|^dqLdS\&\GVg$WMO-/O8O-DZQKIgl:%V*9UrFB`MޫThkMI+ Ig<[W{X+U7/tG;2xE&kr6gaNsܙ㹭zWPfI*n}1x?N_*Bq\;_vJMנxC`-ȡ>9T6W;AEdOCH%UhwڀO<SG1tdNxE]f"<<C). cPAhC;jgvĆ ($#Ȍ\8&E֍-W>x_]cm~l$u5<'oX!z0A8Qv#.œ;gkО(rp7+י~m/|5ץ:
_]܀LXMM'zz_91 GRm%ɓ{
<$) Jhb\.*2[6ON#""2!W&GM涔d" o@kJl4԰ ;EON,9EMo8,_q"##yG7c*<Y]rbGKryL(L_1<DqhT~<>s۹Ca1>߇;QG`ЎTfmqpX=aK'=\j8w`?IS^qMo6q۞ejm?cRW=%4ޒ5#7?=Fy>.H۝rl%32ǼcX."y,y7 'L7NzF=Hϖ%Kgu6^񬵞(vV)^ycПYN8׆4BND^ukq~m1 Hh&YIjQvr׆\oJwT!@ws+56,L1fc<l'13= #Y-%ܯh2GXGG"ݒJxw6<SA~p7lne;0Ôq<ٺ)M+Br߷zˊΰrkLJvNٺTk'+*_}e'};мC
h"vȼ
0KKK2¸#4ڡoBрr9RGU$zz]ur()674pb@Ҳ?+N.vS-A|2^n6l_g%7mL.{?{L"2\R)Q!l5jyMϰ:H HE|}+CPfFIIbG().Qx`gJ
xӚ7Sl5A//=s!uFB[P\V'G*i.2֤W?	r3ȳ2ik3 6᠍t2%wyKdr"泱q>0PUW]ϐGVZ
,bJq%VJbSw<>[{1dSfe/o<q|d5:Y򆥳Ger7hBe,Q3ǒ{؈<$b/Kl.IX` y/ TívHf<͋Xp/lyŘ7g)N3 ".~uV52
}מn\,g?eBc)y 0@wLgIk.: sq+hAA및|`2`}g "H斢vBm2q)x/sħ-ۨ"kP!=w->Uf7QOW2Qz|dw>RU
\jnT}CrkvnxELyYe;nOq08[zoXS}~[ߒy~QiR텛e* ECG#mx/ PO !PrR*EL-|%.VH[HJlPr>`Hu9&&Ԝ lѦ nK"R mo̩ѝ>z\x]g&{&KvZ8,uZӢ@d6;hg~9kykd­nڔ^p9yx%YvaEYd%G&LJ 3lT@ M镪Q,`r}uS"d!Wjc2=)L.x*Q!_&ssb9
E0hC@P.bOk}%seGi;y`WCY3 ,z_Ili oɾ+xJUZ;g;a!Y]߻	RC`2R%ߺr(gtAZ(4gYb=m&`&R4Tb/F(0I:\n2^jncz $/yf84&S>U2E0ıtÊi?NڷP'L6==؜\!EMY߳ {7o-&VGAc-wjOf Ȣr &

'DՄCz佒j՗%[0a#ςn?\'0aiRy*6u,D&|=[cb!1-`^}F:&ֹA[^hux~0Snde	J] vkoƏUatxbٽVз#P_51E~7	[8|ȢGdͬG|]SXK{BfgcϋRsQ-E)xe:wK`<%f&QAv6(fU.EkTY2t!9MSMcYC{O'ay/\BھM(]Bx=fz>հnsn?TD"9pZn.ERn"K4= 39H?xHbm:P~a:QY H*ׂ0~~?sOb{oϝK_"\|qMd	kd"3f[PxF#I=>BQ:Α)ֳV[|hZs$ENܓ*!-fZ\HdEOF*KId;2"
YH[/ڹӇ</B@`FWrD԰C=f
6Ui:{?d]4>'U5l`tYmzcMJ@8D!G¡auU&(6v E9c,ET@d]6 /̻cHe6/;
|U`%[-9R,K<[tc4dݼdO$N+3QӶ!l-f~G-ysyd9?~ϮM!O&u͒>y '4O;n^_ʎkm䖁 ,;u^s\wtwK=h_]@$QTMKh:}yŘ#n
'	/fs%6qP?;eBF X೴ݗ6[pn633/AК:gUUV} z)}A-2PNuMsYjZ|J6)0c%^UZ5l#p|pPu+'%ǹ%SZNa|>72o	\!#B;VZ\
=}8iqO$ E'=Q<>JQ+P Qկ],vv<1O{b˞;FX%>κNK"ctJހ,C@!6)&g<|5K?;~=22|\YSV]62!/>:W
rvs]$QvRKRHHP֋wi.L1p"FCu9ڍYe^LQҞ(nPG|</\ uM=tN{/|1C9w#"	QX+&~rޟ=OUu_0pY$j@(1w8ԈXmZ$Pi,}'.zszpΟM^_H߯uIVRmώ7lej=1&D4K499*;yzE.=:;h%ԗIo߁=".-׃v_;\h/v
`,Ez;Y~CNwiū)[MJ_Fv,MZk9se040C|Qboeqomݤ$5@?z"WflUw˝R:;w)kViv}s%G% >=^B(mJV/0#xMM6ԉWL{waH޾BjºUv"/޹WRT"#58~ǆK{J^$i𶳷Ap೮}y~LPe(ij',C۹}uċ2Iy]>U%)E,G)RXHW@􉊔h\ȁaYo:Kz"ԴO|wyr翬H?kXng4gk}*έ=ZG-Nes5Qe~;89/<祓BEVcOVYpE>C>Wp5gul-|E@0bm&u[<D4 ataǅjAPCӺ_렶Z_]T̨BR
8ȂNm;T 1fOU+-2uޥ>*ǍOA@ז4A`kpQy9&uB55'h2=p@e/eݺ;@	r|9'th d(w{BjQ>P&^͗;VV_G͛JFj
DV4T!ZT@DjdfHB{#1 !.:H츃jNi;2sGetIp^LXX~
U\

x`<_p*!X-bie3[/3Zn/է߿l[G$cd~>l-T:-0i
9޼($QT C:UBz!)3)¹Ye+ncDfaҸxHB (Кm^v$ﶈS:Vx5vFR-䤔L^O:i-J
%;02=tnmЖ$syHt]̿hm޹<}^	۷rs{o]_uҜM/ѕ%Ǟy]arR YޔU[jPMR=̈́±bL)ςDai{ٵP~h>tO!#V}	?v(Fxa(`TIb' \gr̙Fw3eP%`R䝜V90bq"yO{)][j1ƦSqiҦ3nZ{嵜\,eGȅ
y)3]\{zy<-5D#wz{={Xtotm)&}U0妛kwAs~jR&=Tyh]vb{.qnn9}zfq@Reo?^؅B1=QnS7G2.@82MȖh'!yKBW^c}0"KƙlixIT596YyLtڦ޷WyiR0zE$5ً+[y-<!FP^De5薔bi܀^˗+{O%~j_ΪGr%/6B}^tDl+wdj+qb5;rf;$#َOD%o9ǖԛJClldXĺWQK,ebr~WnPW8G֢_hdukDm|","ABIo\6<7::ǐi)t. ^%aŨZ 0h]YwR+T?<	U8D@y	FbaZky',(AWe*ȷ)}Wa<ňEc[4H9duvTs?orvK
^;L2KYl?trXL	̫GDY%k<ppL㻦<p:t}HzUWE&y[z|FnpRw6,ԗF+7,v:oIr`^-\)9sɟ~UO3
f	׫Hs0*^8n~but":oR3NnŨ/0HT'ן#Rױ:ogi[C{J:6sf:3vʲ/t,8	uCv+0u_`CArtW,K3ЛMV#wz^6~xZan};dW'^zd^(wi[	kxoҖr)Th@T)
A^#:SSe#+lx7z3RA!3#&,9!%׾)2:,o]0`p5,4X:ȓھ>XDGqx6w~ {U~o~%3wkcwI~vEnc[1.G csVL]'l(\Iq00։`D0D:萟j9f&?v"13.0=Tު=]Ҋ^vP3mN5sT
^kSdU:r\G`. Hq3K&_l5h6xtUjv*;TRU{s:_ w8H\Cli~W{h͗m4YX	><NңHa|i	>@>͆I`rp4]qtWdi`Ϸ]=gȿ锛qbQ3#\ QߧsYKpC8*cGtX,<H,6'lX,DTN@aQ\QYNOiX<GLIÈ;.$^
pN.@mBCdR6v\GeKTl]DΏv\cP\#M={m߽hGo.퐠6tٴy7$%)p=60cAt80VBCpLWK6n=oݤy=`<xwBI촵q9΍PbUY+ُó%H7HVdS<IVҭCX6{̡Lӊx\l;)
@^vך:}GsV2XWkvg_H@t<Un@%q
˂յf(zQKS9?sj8<#Zub}>YsLBAʳq8'KL~\ŠJa x#p+\PV
ҖX%Lj9g<$H<	/(*֩"LW	T̙Qc@Ux ShğO~3|LmT7v?sq4l՜7-tm8h&Re 2cn{Ԅ%|@<ifW^{Q6u!$ip#%ܰ	hbJ	@Qr{71h+t;ɦDZBI_tZoe(Y䳈
|$k_$R~7jl_L	nvReVz(ooRSMU7߭dt#/;KvL.ƃk@A_	|#0B1#mKcofsv.<B^6M:0gD!зؕx|JTTi9yJlpRWq ]?;fΖaH+WE"-?	u}`Nx..m	4_h@㿊
LQ`P`Q(Yo !vqЭ7#ׁnCW1=pʃJ/0-{v{
Z	'rm_򛂱DʊND
D9l
h߰h#H|yuD e.GYx+_I߾Vc8aa V x{mp{S}`0Il]57)osE{OMMXjbwDm.kΠWtxp@9gЉ}yՠew=y:ZUwDNZ	lZom/N[
}gawi(4Rח/B6 .-3THasC0dJIi#{wH:俨oA>iM423
jv-F!X@w/(gz0MFycqЇ=e'unכ鶥,Ɇ񖲯X<	³s^7r'싥[yW	z
R#?e_3]77LEpf#y?-jڦ^fIyOYlSuY	0% 9Cv*T>~,1L+gBz},k$Պ~玸N4hĞƌ`ªί2UE9=M&?*`7P{U\Ďy4m̷Qj{5j2^3vUQ>hIfehLzzD(o,>6,N#AӾOvHAOUzƲ/xx|QDheV@Kvfny7ZZn"꾷(eqRH}UWtjkN*Ѻ&c%&Z<b9oP8qtw.k  q{yij*/pNf%Ǌ{=ɭWk}ʓmk	v8怉4vU8OCsv-nYLV%eD`ǊhCC83>m
C>m\<fjy &hwu?ahjyqI64IC].<L=5^d+/	7,2tVC)m'm8TPeT|Gry6\<<s1Ә{]e/$I-Tf;eYN=AiV0.IMîock,h\(.$RW&MpbogNb\Rÿa GtMZfeb/Hqė& L1֌wJW70Bظ^,%KTwIvRgr1="s4v0k&Bk~s.-F('k= te%+ѵ%P,<c	 c?H96XKkEJ`,pm~txg4IXJgX6(d=2Ĩ#"Jǥ(loBMh㺌]WyBb<"yyy4j~XʙT
tdChvyuֿk'J@zbY r41hԴh_Uk*'#q$ehmsF q-g9#t'`dq3[!!u+𧺎J(㦣EvWnm2ɅȖFoߋ6} u˵CyO~e3CO`:ͼ7U:]*LBY??Jl"r-^'8o![܁0!Z;Ixz\ \bC8voGVpV$ժFUV "i6ئ1#<lWrKAsiϐCR
|$t'3zؘ:|[p&w\N,05	fPKsAլprTa#KN:'o_N<\uqVBCyvʥӐx' _nN%V}(ѲۨKg_[xx
Ry+"'\:ǓWOsAW&z8 Uy9[D ۞^M*ph+~XO' I:%n}I`uhZNGKIN'>Z>YX<IsG9욛_+">&͢Ъ4fyNie灖=&]]z77\SGhL`@B%VQ݃Q[(vG*0&ѯnM ɰF}QctWRܩ.X[8H.:m7gt(!/fgIjA?E; _aKf\+V+c j;0+aH.ۢ]Gؼ{x[(  _%wK:n&Ǭf'Ͻs=O6q\%,m!?.@Z!F'02#4	dq>s|7sNΛ12J46խ΁ yZrz)_85[l۾WEtB/^wdZkHa̌Q\@QlWˌ9B@g ߣJ+-bsPlͧO73Ң88cM9/?&Hr9anHQ	2)'v;:{	zr< oKQz9'q\fBb\{sIxͅpgwS"+ҭds*eTM+>U;Ḣyvu¹s`q	s=Ϯloh0(r]ᇒ);cwB&:8!	z_Otu=F͘s_m*!c{jR#eާ{yhLWԠ>*w?QS]^}$2<և4,C(%*}!=j8L/s5G M/0)Z%&R	2pgwF/V*Ϝ;dHL+aoXTF1&J4ly<g)
UF*[~42},Cё'`	,;uwMBA|,#DxJ(9Қ#U[&ѭ-,V<EH[
n'4#zD~ p`ԐK67`IoF1;(4W"8Y"kM"&X. 9mόNRuh17rXM47*`R>
I
L'MbFňվ):6oqSMd>uW҂c[bpI얁7pP8I J++PPqQyspJ>}6׷NY,M'stC1BIb7OCȟq2Ok[s0	 os\2U&:D܇l}!i,1$ֳ=U3`
ݳT+Iر g-NdI=Hdy.KL67\g=51tPyh_(}OJ6!!#ck<Z+swzCjDnSPFGjoo쌊z-+F$`rAv<ASƃ6snE=oc4ѧWj!E@|m嫸NCUͰpٛ#(=24XǞ.|n=-:nSaeHbTE$͉6ߑzcVA*i({iD0[hy!*]!pmվC4Z;3J^Dc:,,ѭm::GP9&߭o:<$Sz|ݡ|0c`5}uF:0[8}%8pP+ab;'rz% emt`@MW3zm5KhYSpǷ6Ϟxw1cܾ3/R,Qgٮ&_(T%@^"J/R;/k{'f	1*gTs/I/گ~Jb;HQ.|Tܚgu`q5w2FY5խ`qUkN۞ugn<<l3x10F<sFS6<'ܯ^7^j6ě>hk.ڢQ0L-!$Kg4W|ڤB:7ȃeV?h8q⧦=7O:9@Xy!q\\_\9D25Ne@h7p5ǻ ߏ<yfQz<!?'pAp`	wyyVR88wAploSA'>J8Cks9Cw<jB 3crWKL&[ʮT,VUL7e}F^"D}^1vKlƆָVsC/Mj`<--c6Sx=1-Il&XC7_lqxc@}sh^f^ϳ)"yaUL ٛ{ί_1@۩gNqa5wx8v<lޥrxdް
Y3UHN
LPyeGY<Y~fC9T|:a,O1/b+tb7_/}XCH2㾖6:\S
$r_xs)lW(HwF#Cog25wIgWӯХg )NEb1*KTH2g*L pmf	cЃ2a]Wտ\`axo,a{Ч7
񈹳#syhgy:y]{=}Cax`KטWv7ļrZ!aS(%sCD'U,kogd*r`c"XGZznx0rQm>MJCZ1K
oM`*K 
㨼@.<\D7$X465UӀ/s̘AA2q Ckm،'z06d5Y(qvL`r/X;J׽p˔;<m;w8ہNp`d [x4CV*T/e7Ia'Z@AQU2iP\hj?G6#28L49z܋T?#ʸoIN%r슳Co@.MGB\\M? b>#oǯc{wOcŧn?cl}(lt4ud(,fJjIv'nrh:Y;UHg pYrv+K)Ic+,~;qgQ'tyEZ<Oa0/=@VV-PTV++R:)t{Gmf8!kn_Ǟi5jhsbS, _Nퟩ*	m,Qne!HٚB"vɣ= |)N>Oqŀo鄲˶۴|&5)`ei\lv+E6вړY#L&m$/um@'.RgڇqW͑%>ɞӈrFTqeWƏO[vCTL.f2Léd-&46+(9W̅bl4SE,0wȢ@,7ق+þ x#K5A2e[ܨ{{CQSD7p̺SV* lH&%bMLA{NP)5ֈDn۴._sz1Fx.YCSm\.qQRѩh<pVsL%XH"ɟ3G]=MA4-*i{6Ċ0YkBGVozRjcfLĄ6׮\֙B(ᖀǩ^M`l}#ۡ㉉\%"1UF@Xqm
o?pԼL(W[sAA}~qd\ G#\-
[`FFڹV[NwQUpcь7eEM#Zdi
ȃJnF`wU6CTDՈ1ͨCh7|=#˃@1ieh:3c<.*7/%OkwYځ)->.1ؿ!'$$cItdDjJ\pNO ϶	o r,Gi: GS}U'qPuؼh&E>N	@lK.gpQ