     10.00      10.00 	 pPKPdf 	 depth
    115.00       1.9151    1124.47 	     pPKPdf 
    120.00       1.9117    1134.04 	     pPKPdf 
    125.00       1.9023    1143.58 	     pPKPdf 
    130.00       1.8839    1153.05 	     pPKPdf 
    135.00       1.8512    1162.39 	     pPKPdf 
    140.00       1.7955    1171.52 	     pPKPdf 
    145.00       1.7044    1180.29 	     pPKPdf 
    150.00       1.5654    1188.48 	     pPKPdf 
    155.00       1.3745    1195.85 	     pPKPdf 
    160.00       1.1396    1202.15 	     pPKPdf 
    165.00       0.8745    1207.20 	     pPKPdf 
    170.00       0.5911    1210.87 	     pPKPdf 
    175.00       0.2977    1213.09 	     pPKPdf 
    180.00       0.0000    1213.84 	     pPKPdf 
     20.00      20.00 	 pPKPdf 	 depth
    115.00       1.9151    1126.18 	     pPKPdf 
    120.00       1.9117    1135.75 	     pPKPdf 
    125.00       1.9023    1145.29 	     pPKPdf 
    130.00       1.8839    1154.76 	     pPKPdf 
    135.00       1.8512    1164.11 	     pPKPdf 
    140.00       1.7956    1173.24 	     pPKPdf 
    145.00       1.7046    1182.00 	     pPKPdf 
    150.00       1.5657    1190.20 	     pPKPdf 
    155.00       1.3748    1197.57 	     pPKPdf 
    160.00       1.1399    1203.88 	     pPKPdf 
    165.00       0.8747    1208.92 	     pPKPdf 
    170.00       0.5912    1212.59 	     pPKPdf 
    175.00       0.2978    1214.82 	     pPKPdf 
    180.00       0.0000    1215.56 	     pPKPdf 
     30.00      30.00 	 pPKPdf 	 depth
    115.00       1.9151    1127.71 	     pPKPdf 
    120.00       1.9117    1137.28 	     pPKPdf 
    125.00       1.9023    1146.82 	     pPKPdf 
    130.00       1.8840    1156.29 	     pPKPdf 
    135.00       1.8513    1165.64 	     pPKPdf 
    140.00       1.7957    1174.77 	     pPKPdf 
    145.00       1.7048    1183.54 	     pPKPdf 
    150.00       1.5659    1191.73 	     pPKPdf 
    155.00       1.3751    1199.11 	     pPKPdf 
    160.00       1.1402    1205.41 	     pPKPdf 
    165.00       0.8750    1210.46 	     pPKPdf 
    170.00       0.5914    1214.13 	     pPKPdf 
    175.00       0.2979    1216.36 	     pPKPdf 
    180.00       0.0000    1217.10 	     pPKPdf 
     40.00      40.00 	 pPKPdf 	 depth
    115.00       1.9151    1129.09 	     pPKPdf 
    120.00       1.9117    1138.66 	     pPKPdf 
    125.00       1.9024    1148.20 	     pPKPdf 
    130.00       1.8840    1157.67 	     pPKPdf 
    135.00       1.8514    1167.02 	     pPKPdf 
    140.00       1.7959    1176.15 	     pPKPdf 
    145.00       1.7050    1184.92 	     pPKPdf 
    150.00       1.5662    1193.12 	     pPKPdf 
    155.00       1.3754    1200.49 	     pPKPdf 
    160.00       1.1406    1206.80 	     pPKPdf 
    165.00       0.8753    1211.85 	     pPKPdf 
    170.00       0.5916    1215.52 	     pPKPdf 
    175.00       0.2980    1217.75 	     pPKPdf 
    180.00       0.0000    1218.49 	     pPKPdf 
     50.00      50.00 	 pPKPdf 	 depth
    115.00       1.9151    1130.33 	     pPKPdf 
    120.00       1.9117    1139.89 	     pPKPdf 
    125.00       1.9024    1149.43 	     pPKPdf 
    130.00       1.8841    1158.90 	     pPKPdf 
    135.00       1.8515    1168.25 	     pPKPdf 
    140.00       1.7961    1177.38 	     pPKPdf 
    145.00       1.7053    1186.15 	     pPKPdf 
    150.00       1.5666    1194.35 	     pPKPdf 
    155.00       1.3758    1201.73 	     pPKPdf 
    160.00       1.1409    1208.04 	     pPKPdf 
    165.00       0.8756    1213.09 	     pPKPdf 
    170.00       0.5919    1216.76 	     pPKPdf 
    175.00       0.2981    1218.99 	     pPKPdf 
    180.00       0.0000    1219.74 	     pPKPdf 
     60.00      60.00 	 pPKPdf 	 depth
    115.00       1.9151    1131.56 	     pPKPdf 
    120.00       1.9118    1141.13 	     pPKPdf 
    125.00       1.9024    1150.66 	     pPKPdf 
    130.00       1.8841    1160.14 	     pPKPdf 
    135.00       1.8516    1169.48 	     pPKPdf 
    140.00       1.7962    1178.61 	     pPKPdf 
    145.00       1.7055    1187.39 	     pPKPdf 
    150.00       1.5669    1195.59 	     pPKPdf 
    155.00       1.3762    1202.97 	     pPKPdf 
    160.00       1.1413    1209.28 	     pPKPdf 
    165.00       0.8759    1214.33 	     pPKPdf 
    170.00       0.5921    1218.01 	     pPKPdf 
    175.00       0.2982    1220.23 	     pPKPdf 
    180.00       0.0000    1220.98 	     pPKPdf 
     70.00      70.00 	 pPKPdf 	 depth
    115.00       1.9151    1132.79 	     pPKPdf 
    120.00       1.9118    1142.36 	     pPKPdf 
    125.00       1.9025    1151.90 	     pPKPdf 
    130.00       1.8842    1161.37 	     pPKPdf 
    135.00       1.8517    1170.71 	     pPKPdf 
    140.00       1.7964    1179.85 	     pPKPdf 
    145.00       1.7058    1188.62 	     pPKPdf 
    150.00       1.5673    1196.82 	     pPKPdf 
    155.00       1.3766    1204.20 	     pPKPdf 
    160.00       1.1417    1210.52 	     pPKPdf 
    165.00       0.8763    1215.57 	     pPKPdf 
    170.00       0.5923    1219.25 	     pPKPdf 
    175.00       0.2983    1221.48 	     pPKPdf 
    180.00       0.0000    1222.22 	     pPKPdf 
     80.00      80.00 	 pPKPdf 	 depth
    115.00       1.9151    1134.02 	     pPKPdf 
    120.00       1.9118    1143.59 	     pPKPdf 
    125.00       1.9025    1153.13 	     pPKPdf 
    130.00       1.8843    1162.60 	     pPKPdf 
    135.00       1.8518    1171.95 	     pPKPdf 
    140.00       1.7966    1181.08 	     pPKPdf 
    145.00       1.7061    1189.85 	     pPKPdf 
    150.00       1.5676    1198.06 	     pPKPdf 
    155.00       1.3770    1205.44 	     pPKPdf 
    160.00       1.1421    1211.75 	     pPKPdf 
    165.00       0.8766    1216.81 	     pPKPdf 
    170.00       0.5925    1220.49 	     pPKPdf 
    175.00       0.2985    1222.72 	     pPKPdf 
    180.00       0.0000    1223.47 	     pPKPdf 
     90.00      90.00 	 pPKPdf 	 depth
    115.00       1.9151    1135.25 	     pPKPdf 
    120.00       1.9118    1144.82 	     pPKPdf 
    125.00       1.9025    1154.36 	     pPKPdf 
    130.00       1.8843    1163.83 	     pPKPdf 
    135.00       1.8519    1173.18 	     pPKPdf 
    140.00       1.7967    1182.31 	     pPKPdf 
    145.00       1.7063    1191.09 	     pPKPdf 
    150.00       1.5680    1199.29 	     pPKPdf 
    155.00       1.3774    1206.68 	     pPKPdf 
    160.00       1.1425    1212.99 	     pPKPdf 
    165.00       0.8769    1218.05 	     pPKPdf 
    170.00       0.5928    1221.73 	     pPKPdf 
    175.00       0.2986    1223.96 	     pPKPdf 
    180.00       0.0000    1224.71 	     pPKPdf 
    100.00     100.00 	 pPKPdf 	 depth
    115.00       1.9151    1136.48 	     pPKPdf 
    120.00       1.9118    1146.05 	     pPKPdf 
    125.00       1.9026    1155.59 	     pPKPdf 
    130.00       1.8844    1165.06 	     pPKPdf 
    135.00       1.8520    1174.41 	     pPKPdf 
    140.00       1.7969    1183.54 	     pPKPdf 
    145.00       1.7066    1192.32 	     pPKPdf 
    150.00       1.5683    1200.53 	     pPKPdf 
    155.00       1.3778    1207.91 	     pPKPdf 
    160.00       1.1429    1214.23 	     pPKPdf 
    165.00       0.8772    1219.29 	     pPKPdf 
    170.00       0.5930    1222.97 	     pPKPdf 
    175.00       0.2987    1225.20 	     pPKPdf 
    180.00       0.0000    1225.95 	     pPKPdf 
    110.00     110.00 	 pPKPdf 	 depth
    115.00       1.9151    1137.71 	     pPKPdf 
    120.00       1.9118    1147.28 	     pPKPdf 
    125.00       1.9026    1156.82 	     pPKPdf 
    130.00       1.8844    1166.29 	     pPKPdf 
    135.00       1.8521    1175.64 	     pPKPdf 
    140.00       1.7971    1184.77 	     pPKPdf 
    145.00       1.7068    1193.55 	     pPKPdf 
    150.00       1.5687    1201.76 	     pPKPdf 
    155.00       1.3782    1209.15 	     pPKPdf 
    160.00       1.1433    1215.47 	     pPKPdf 
    165.00       0.8776    1220.53 	     pPKPdf 
    170.00       0.5932    1224.21 	     pPKPdf 
    175.00       0.2988    1226.45 	     pPKPdf 
    180.00       0.0000    1227.19 	     pPKPdf 
    120.00     120.00 	 pPKPdf 	 depth
    115.00       1.9151    1138.94 	     pPKPdf 
    120.00       1.9118    1148.51 	     pPKPdf 
    125.00       1.9026    1158.05 	     pPKPdf 
    130.00       1.8845    1167.52 	     pPKPdf 
    135.00       1.8522    1176.87 	     pPKPdf 
    140.00       1.7973    1186.01 	     pPKPdf 
    145.00       1.7071    1194.78 	     pPKPdf 
    150.00       1.5690    1203.00 	     pPKPdf 
    155.00       1.3786    1210.39 	     pPKPdf 
    160.00       1.1437    1216.71 	     pPKPdf 
    165.00       0.8779    1221.77 	     pPKPdf 
    170.00       0.5935    1225.46 	     pPKPdf 
    175.00       0.2989    1227.69 	     pPKPdf 
    180.00       0.0000    1228.44 	     pPKPdf 
    130.00     130.00 	 pPKPdf 	 depth
    115.00       1.9151    1140.17 	     pPKPdf 
    120.00       1.9119    1149.74 	     pPKPdf 
    125.00       1.9027    1159.28 	     pPKPdf 
    130.00       1.8846    1168.75 	     pPKPdf 
    135.00       1.8523    1178.10 	     pPKPdf 
    140.00       1.7974    1187.23 	     pPKPdf 
    145.00       1.7074    1196.01 	     pPKPdf 
    150.00       1.5694    1204.23 	     pPKPdf 
    155.00       1.3790    1211.62 	     pPKPdf 
    160.00       1.1440    1217.94 	     pPKPdf 
    165.00       0.8782    1223.01 	     pPKPdf 
    170.00       0.5937    1226.69 	     pPKPdf 
    175.00       0.2990    1228.93 	     pPKPdf 
    180.00       0.0000    1229.68 	     pPKPdf 
    140.00     140.00 	 pPKPdf 	 depth
    115.00       1.9151    1141.39 	     pPKPdf 
    120.00       1.9119    1150.96 	     pPKPdf 
    125.00       1.9027    1160.50 	     pPKPdf 
    130.00       1.8846    1169.97 	     pPKPdf 
    135.00       1.8525    1179.32 	     pPKPdf 
    140.00       1.7976    1188.46 	     pPKPdf 
    145.00       1.7076    1197.24 	     pPKPdf 
    150.00       1.5697    1205.45 	     pPKPdf 
    155.00       1.3794    1212.85 	     pPKPdf 
    160.00       1.1444    1219.17 	     pPKPdf 
    165.00       0.8785    1224.24 	     pPKPdf 
    170.00       0.5939    1227.93 	     pPKPdf 
    175.00       0.2992    1230.16 	     pPKPdf 
    180.00       0.0000    1230.91 	     pPKPdf 
    150.00     150.00 	 pPKPdf 	 depth
    115.00       1.9151    1142.61 	     pPKPdf 
    120.00       1.9119    1152.18 	     pPKPdf 
    125.00       1.9028    1161.72 	     pPKPdf 
    130.00       1.8847    1171.19 	     pPKPdf 
    135.00       1.8526    1180.54 	     pPKPdf 
    140.00       1.7978    1189.68 	     pPKPdf 
    145.00       1.7079    1198.46 	     pPKPdf 
    150.00       1.5701    1206.68 	     pPKPdf 
    155.00       1.3798    1214.07 	     pPKPdf 
    160.00       1.1448    1220.40 	     pPKPdf 
    165.00       0.8789    1225.47 	     pPKPdf 
    170.00       0.5942    1229.16 	     pPKPdf 
    175.00       0.2993    1231.40 	     pPKPdf 
    180.00       0.0000    1232.14 	     pPKPdf 
    160.00     160.00 	 pPKPdf 	 depth
    115.00       1.9151    1143.82 	     pPKPdf 
    120.00       1.9119    1153.39 	     pPKPdf 
    125.00       1.9028    1162.93 	     pPKPdf 
    130.00       1.8848    1172.41 	     pPKPdf 
    135.00       1.8527    1181.76 	     pPKPdf 
    140.00       1.7980    1190.90 	     pPKPdf 
    145.00       1.7082    1199.68 	     pPKPdf 
    150.00       1.5704    1207.90 	     pPKPdf 
    155.00       1.3802    1215.29 	     pPKPdf 
    160.00       1.1452    1221.62 	     pPKPdf 
    165.00       0.8792    1226.70 	     pPKPdf 
    170.00       0.5944    1230.39 	     pPKPdf 
    175.00       0.2994    1232.62 	     pPKPdf 
    180.00       0.0000    1233.37 	     pPKPdf 
    170.00     170.00 	 pPKPdf 	 depth
    115.00       1.9151    1145.03 	     pPKPdf 
    120.00       1.9119    1154.60 	     pPKPdf 
    125.00       1.9028    1164.14 	     pPKPdf 
    130.00       1.8848    1173.62 	     pPKPdf 
    135.00       1.8528    1182.97 	     pPKPdf 
    140.00       1.7981    1192.11 	     pPKPdf 
    145.00       1.7084    1200.89 	     pPKPdf 
    150.00       1.5708    1209.11 	     pPKPdf 
    155.00       1.3806    1216.51 	     pPKPdf 
    160.00       1.1456    1222.84 	     pPKPdf 
    165.00       0.8796    1227.92 	     pPKPdf 
    170.00       0.5947    1231.61 	     pPKPdf 
    175.00       0.2995    1233.85 	     pPKPdf 
    180.00       0.0000    1234.60 	     pPKPdf 
    180.00     180.00 	 pPKPdf 	 depth
    115.00       1.9151    1146.24 	     pPKPdf 
    120.00       1.9119    1155.81 	     pPKPdf 
    125.00       1.9029    1165.35 	     pPKPdf 
    130.00       1.8849    1174.82 	     pPKPdf 
    135.00       1.8529    1184.18 	     pPKPdf 
    140.00       1.7983    1193.32 	     pPKPdf 
    145.00       1.7087    1202.10 	     pPKPdf 
    150.00       1.5712    1210.32 	     pPKPdf 
    155.00       1.3811    1217.72 	     pPKPdf 
    160.00       1.1461    1224.06 	     pPKPdf 
    165.00       0.8799    1229.13 	     pPKPdf 
    170.00       0.5949    1232.83 	     pPKPdf 
    175.00       0.2997    1235.06 	     pPKPdf 
    180.00       0.0000    1235.81 	     pPKPdf 
    190.00     190.00 	 pPKPdf 	 depth
    115.00       1.9151    1147.44 	     pPKPdf 
    120.00       1.9120    1157.01 	     pPKPdf 
    125.00       1.9029    1166.55 	     pPKPdf 
    130.00       1.8849    1176.03 	     pPKPdf 
    135.00       1.8530    1185.38 	     pPKPdf 
    140.00       1.7985    1194.52 	     pPKPdf 
    145.00       1.7090    1203.30 	     pPKPdf 
    150.00       1.5715    1211.53 	     pPKPdf 
    155.00       1.3815    1218.93 	     pPKPdf 
    160.00       1.1465    1225.27 	     pPKPdf 
    165.00       0.8802    1230.34 	     pPKPdf 
    170.00       0.5951    1234.04 	     pPKPdf 
    175.00       0.2998    1236.28 	     pPKPdf 
    180.00       0.0000    1237.03 	     pPKPdf 
    200.00     200.00 	 pPKPdf 	 depth
    115.00       1.9151    1148.64 	     pPKPdf 
    120.00       1.9120    1158.21 	     pPKPdf 
    125.00       1.9029    1167.75 	     pPKPdf 
    130.00       1.8850    1177.22 	     pPKPdf 
    135.00       1.8531    1186.58 	     pPKPdf 
    140.00       1.7987    1195.72 	     pPKPdf 
    145.00       1.7092    1204.51 	     pPKPdf 
    150.00       1.5719    1212.73 	     pPKPdf 
    155.00       1.3819    1220.14 	     pPKPdf 
    160.00       1.1469    1226.47 	     pPKPdf 
    165.00       0.8806    1231.55 	     pPKPdf 
    170.00       0.5954    1235.25 	     pPKPdf 
    175.00       0.2999    1237.49 	     pPKPdf 
    180.00       0.0000    1238.24 	     pPKPdf 
    210.00     210.00 	 pPKPdf 	 depth
    115.00       1.9151    1149.83 	     pPKPdf 
    120.00       1.9120    1159.40 	     pPKPdf 
    125.00       1.9030    1168.94 	     pPKPdf 
    130.00       1.8851    1178.42 	     pPKPdf 
    135.00       1.8532    1187.77 	     pPKPdf 
    140.00       1.7989    1196.91 	     pPKPdf 
    145.00       1.7095    1205.70 	     pPKPdf 
    150.00       1.5723    1213.93 	     pPKPdf 
    155.00       1.3823    1221.34 	     pPKPdf 
    160.00       1.1473    1227.68 	     pPKPdf 
    165.00       0.8809    1232.76 	     pPKPdf 
    170.00       0.5956    1236.45 	     pPKPdf 
    175.00       0.3000    1238.70 	     pPKPdf 
    180.00       0.0000    1239.45 	     pPKPdf 
    220.00     220.00 	 pPKPdf 	 depth
    115.00       1.9151    1151.02 	     pPKPdf 
    120.00       1.9120    1160.59 	     pPKPdf 
    125.00       1.9030    1170.13 	     pPKPdf 
    130.00       1.8851    1179.61 	     pPKPdf 
    135.00       1.8533    1188.96 	     pPKPdf 
    140.00       1.7990    1198.10 	     pPKPdf 
    145.00       1.7098    1206.89 	     pPKPdf 
    150.00       1.5727    1215.12 	     pPKPdf 
    155.00       1.3828    1222.53 	     pPKPdf 
    160.00       1.1477    1228.87 	     pPKPdf 
    165.00       0.8813    1233.96 	     pPKPdf 
    170.00       0.5959    1237.66 	     pPKPdf 
    175.00       0.3002    1239.90 	     pPKPdf 
    180.00       0.0000    1240.65 	     pPKPdf 
    230.00     230.00 	 pPKPdf 	 depth
    115.00       1.9151    1152.21 	     pPKPdf 
    120.00       1.9120    1161.78 	     pPKPdf 
    125.00       1.9030    1171.32 	     pPKPdf 
    130.00       1.8852    1180.79 	     pPKPdf 
    135.00       1.8534    1190.15 	     pPKPdf 
    140.00       1.7992    1199.29 	     pPKPdf 
    145.00       1.7101    1208.08 	     pPKPdf 
    150.00       1.5730    1216.31 	     pPKPdf 
    155.00       1.3832    1223.72 	     pPKPdf 
    160.00       1.1481    1230.07 	     pPKPdf 
    165.00       0.8817    1235.15 	     pPKPdf 
    170.00       0.5961    1238.85 	     pPKPdf 
    175.00       0.3003    1241.09 	     pPKPdf 
    180.00       0.0000    1241.85 	     pPKPdf 
    240.00     240.00 	 pPKPdf 	 depth
    115.00       1.9151    1153.38 	     pPKPdf 
    120.00       1.9120    1162.95 	     pPKPdf 
    125.00       1.9031    1172.49 	     pPKPdf 
    130.00       1.8853    1181.97 	     pPKPdf 
    135.00       1.8536    1191.32 	     pPKPdf 
    140.00       1.7994    1200.47 	     pPKPdf 
    145.00       1.7104    1209.26 	     pPKPdf 
    150.00       1.5734    1217.49 	     pPKPdf 
    155.00       1.3836    1224.91 	     pPKPdf 
    160.00       1.1486    1231.25 	     pPKPdf 
    165.00       0.8820    1236.34 	     pPKPdf 
    170.00       0.5964    1240.04 	     pPKPdf 
    175.00       0.3004    1242.29 	     pPKPdf 
    180.00       0.0000    1243.04 	     pPKPdf 
    250.00     250.00 	 pPKPdf 	 depth
    115.00       1.9151    1154.56 	     pPKPdf 
    120.00       1.9121    1164.13 	     pPKPdf 
    125.00       1.9031    1173.67 	     pPKPdf 
    130.00       1.8853    1183.14 	     pPKPdf 
    135.00       1.8537    1192.50 	     pPKPdf 
    140.00       1.7996    1201.64 	     pPKPdf 
    145.00       1.7106    1210.44 	     pPKPdf 
    150.00       1.5738    1218.67 	     pPKPdf 
    155.00       1.3841    1226.09 	     pPKPdf 
    160.00       1.1490    1232.43 	     pPKPdf 
    165.00       0.8824    1237.52 	     pPKPdf 
    170.00       0.5967    1241.23 	     pPKPdf 
    175.00       0.3006    1243.47 	     pPKPdf 
    180.00       0.0000    1244.22 	     pPKPdf 
    260.00     260.00 	 pPKPdf 	 depth
    115.00       1.9151    1155.73 	     pPKPdf 
    120.00       1.9121    1165.30 	     pPKPdf 
    125.00       1.9031    1174.84 	     pPKPdf 
    130.00       1.8854    1184.31 	     pPKPdf 
    135.00       1.8538    1193.67 	     pPKPdf 
    140.00       1.7998    1202.81 	     pPKPdf 
    145.00       1.7109    1211.61 	     pPKPdf 
    150.00       1.5742    1219.84 	     pPKPdf 
    155.00       1.3845    1227.26 	     pPKPdf 
    160.00       1.1494    1233.61 	     pPKPdf 
    165.00       0.8827    1238.70 	     pPKPdf 
    170.00       0.5969    1242.41 	     pPKPdf 
    175.00       0.3007    1244.65 	     pPKPdf 
    180.00       0.0000    1245.41 	     pPKPdf 
    270.00     270.00 	 pPKPdf 	 depth
    115.00       1.9151    1156.89 	     pPKPdf 
    120.00       1.9121    1166.46 	     pPKPdf 
    125.00       1.9032    1176.00 	     pPKPdf 
    130.00       1.8855    1185.48 	     pPKPdf 
    135.00       1.8539    1194.83 	     pPKPdf 
    140.00       1.8000    1203.98 	     pPKPdf 
    145.00       1.7112    1212.77 	     pPKPdf 
    150.00       1.5746    1221.01 	     pPKPdf 
    155.00       1.3850    1228.43 	     pPKPdf 
    160.00       1.1499    1234.78 	     pPKPdf 
    165.00       0.8831    1239.88 	     pPKPdf 
    170.00       0.5972    1243.58 	     pPKPdf 
    175.00       0.3008    1245.83 	     pPKPdf 
    180.00       0.0000    1246.58 	     pPKPdf 
    280.00     280.00 	 pPKPdf 	 depth
    115.00       1.9151    1158.05 	     pPKPdf 
    120.00       1.9121    1167.62 	     pPKPdf 
    125.00       1.9032    1177.16 	     pPKPdf 
    130.00       1.8855    1186.63 	     pPKPdf 
    135.00       1.8540    1195.99 	     pPKPdf 
    140.00       1.8002    1205.14 	     pPKPdf 
    145.00       1.7115    1213.93 	     pPKPdf 
    150.00       1.5750    1222.17 	     pPKPdf 
    155.00       1.3854    1229.59 	     pPKPdf 
    160.00       1.1503    1235.95 	     pPKPdf 
    165.00       0.8835    1241.04 	     pPKPdf 
    170.00       0.5974    1244.75 	     pPKPdf 
    175.00       0.3010    1247.00 	     pPKPdf 
    180.00       0.0000    1247.75 	     pPKPdf 
    290.00     290.00 	 pPKPdf 	 depth
    115.00       1.9151    1159.20 	     pPKPdf 
    120.00       1.9121    1168.77 	     pPKPdf 
    125.00       1.9033    1178.31 	     pPKPdf 
    130.00       1.8856    1187.79 	     pPKPdf 
    135.00       1.8541    1197.14 	     pPKPdf 
    140.00       1.8003    1206.29 	     pPKPdf 
    145.00       1.7118    1215.09 	     pPKPdf 
    150.00       1.5754    1223.33 	     pPKPdf 
    155.00       1.3859    1230.75 	     pPKPdf 
    160.00       1.1508    1237.11 	     pPKPdf 
    165.00       0.8839    1242.21 	     pPKPdf 
    170.00       0.5977    1245.92 	     pPKPdf 
    175.00       0.3011    1248.17 	     pPKPdf 
    180.00       0.0000    1248.92 	     pPKPdf 
    300.00     300.00 	 pPKPdf 	 depth
    115.00       1.9151    1160.34 	     pPKPdf 
    120.00       1.9121    1169.92 	     pPKPdf 
    125.00       1.9033    1179.46 	     pPKPdf 
    130.00       1.8857    1188.93 	     pPKPdf 
    135.00       1.8542    1198.29 	     pPKPdf 
    140.00       1.8005    1207.44 	     pPKPdf 
    145.00       1.7121    1216.24 	     pPKPdf 
    150.00       1.5758    1224.48 	     pPKPdf 
    155.00       1.3863    1231.91 	     pPKPdf 
    160.00       1.1512    1238.27 	     pPKPdf 
    165.00       0.8842    1243.37 	     pPKPdf 
    170.00       0.5980    1247.08 	     pPKPdf 
    175.00       0.3013    1249.33 	     pPKPdf 
    180.00       0.0000    1250.08 	     pPKPdf 
    310.00     310.00 	 pPKPdf 	 depth
    115.00       1.9151    1161.49 	     pPKPdf 
    120.00       1.9122    1171.06 	     pPKPdf 
    125.00       1.9033    1180.60 	     pPKPdf 
    130.00       1.8857    1190.08 	     pPKPdf 
    135.00       1.8544    1199.43 	     pPKPdf 
    140.00       1.8007    1208.58 	     pPKPdf 
    145.00       1.7124    1217.38 	     pPKPdf 
    150.00       1.5761    1225.63 	     pPKPdf 
    155.00       1.3868    1233.06 	     pPKPdf 
    160.00       1.1517    1239.42 	     pPKPdf 
    165.00       0.8846    1244.52 	     pPKPdf 
    170.00       0.5982    1248.23 	     pPKPdf 
    175.00       0.3014    1250.48 	     pPKPdf 
    180.00       0.0000    1251.24 	     pPKPdf 
    320.00     320.00 	 pPKPdf 	 depth
    115.00       1.9151    1162.62 	     pPKPdf 
    120.00       1.9122    1172.19 	     pPKPdf 
    125.00       1.9034    1181.74 	     pPKPdf 
    130.00       1.8858    1191.21 	     pPKPdf 
    135.00       1.8545    1200.57 	     pPKPdf 
    140.00       1.8009    1209.72 	     pPKPdf 
    145.00       1.7127    1218.52 	     pPKPdf 
    150.00       1.5766    1226.77 	     pPKPdf 
    155.00       1.3873    1234.20 	     pPKPdf 
    160.00       1.1521    1240.56 	     pPKPdf 
    165.00       0.8850    1245.67 	     pPKPdf 
    170.00       0.5985    1249.38 	     pPKPdf 
    175.00       0.3015    1251.64 	     pPKPdf 
    180.00       0.0000    1252.39 	     pPKPdf 
    330.00     330.00 	 pPKPdf 	 depth
    115.00       1.9151    1163.76 	     pPKPdf 
    120.00       1.9122    1173.33 	     pPKPdf 
    125.00       1.9034    1182.87 	     pPKPdf 
    130.00       1.8859    1192.35 	     pPKPdf 
    135.00       1.8546    1201.71 	     pPKPdf 
    140.00       1.8011    1210.86 	     pPKPdf 
    145.00       1.7130    1219.66 	     pPKPdf 
    150.00       1.5770    1227.91 	     pPKPdf 
    155.00       1.3877    1235.34 	     pPKPdf 
    160.00       1.1526    1241.71 	     pPKPdf 
    165.00       0.8854    1246.81 	     pPKPdf 
    170.00       0.5988    1250.53 	     pPKPdf 
    175.00       0.3017    1252.78 	     pPKPdf 
    180.00       0.0000    1253.54 	     pPKPdf 
    340.00     340.00 	 pPKPdf 	 depth
    115.00       1.9152    1164.88 	     pPKPdf 
    120.00       1.9122    1174.45 	     pPKPdf 
    125.00       1.9034    1184.00 	     pPKPdf 
    130.00       1.8860    1193.47 	     pPKPdf 
    135.00       1.8547    1202.83 	     pPKPdf 
    140.00       1.8013    1211.99 	     pPKPdf 
    145.00       1.7133    1220.79 	     pPKPdf 
    150.00       1.5774    1229.04 	     pPKPdf 
    155.00       1.3882    1236.47 	     pPKPdf 
    160.00       1.1530    1242.84 	     pPKPdf 
    165.00       0.8858    1247.95 	     pPKPdf 
    170.00       0.5991    1251.67 	     pPKPdf 
    175.00       0.3018    1253.92 	     pPKPdf 
    180.00       0.0000    1254.68 	     pPKPdf 
    350.00     350.00 	 pPKPdf 	 depth
    115.00       1.9152    1166.01 	     pPKPdf 
    120.00       1.9122    1175.58 	     pPKPdf 
    125.00       1.9035    1185.12 	     pPKPdf 
    130.00       1.8860    1194.60 	     pPKPdf 
    135.00       1.8548    1203.96 	     pPKPdf 
    140.00       1.8015    1213.11 	     pPKPdf 
    145.00       1.7136    1221.91 	     pPKPdf 
    150.00       1.5778    1230.17 	     pPKPdf 
    155.00       1.3887    1237.60 	     pPKPdf 
    160.00       1.1535    1243.97 	     pPKPdf 
    165.00       0.8862    1249.08 	     pPKPdf 
    170.00       0.5993    1252.80 	     pPKPdf 
    175.00       0.3020    1255.06 	     pPKPdf 
    180.00       0.0000    1255.82 	     pPKPdf 
    360.00     360.00 	 pPKPdf 	 depth
    115.00       1.9152    1167.13 	     pPKPdf 
    120.00       1.9122    1176.70 	     pPKPdf 
    125.00       1.9035    1186.24 	     pPKPdf 
    130.00       1.8861    1195.72 	     pPKPdf 
    135.00       1.8550    1205.08 	     pPKPdf 
    140.00       1.8017    1214.23 	     pPKPdf 
    145.00       1.7139    1223.04 	     pPKPdf 
    150.00       1.5782    1231.29 	     pPKPdf 
    155.00       1.3892    1238.73 	     pPKPdf 
    160.00       1.1540    1245.10 	     pPKPdf 
    165.00       0.8866    1250.21 	     pPKPdf 
    170.00       0.5996    1253.94 	     pPKPdf 
    175.00       0.3021    1256.19 	     pPKPdf 
    180.00       0.0000    1256.95 	     pPKPdf 
    370.00     370.00 	 pPKPdf 	 depth
    115.00       1.9152    1168.24 	     pPKPdf 
    120.00       1.9123    1177.81 	     pPKPdf 
    125.00       1.9036    1187.35 	     pPKPdf 
    130.00       1.8862    1196.83 	     pPKPdf 
    135.00       1.8551    1206.19 	     pPKPdf 
    140.00       1.8019    1215.34 	     pPKPdf 
    145.00       1.7142    1224.15 	     pPKPdf 
    150.00       1.5786    1232.41 	     pPKPdf 
    155.00       1.3896    1239.85 	     pPKPdf 
    160.00       1.1545    1246.22 	     pPKPdf 
    165.00       0.8870    1251.34 	     pPKPdf 
    170.00       0.5999    1255.06 	     pPKPdf 
    175.00       0.3023    1257.32 	     pPKPdf 
    180.00       0.0000    1258.08 	     pPKPdf 
    380.00     380.00 	 pPKPdf 	 depth
    115.00       1.9152    1169.35 	     pPKPdf 
    120.00       1.9123    1178.92 	     pPKPdf 
    125.00       1.9036    1188.46 	     pPKPdf 
    130.00       1.8862    1197.94 	     pPKPdf 
    135.00       1.8552    1207.30 	     pPKPdf 
    140.00       1.8021    1216.45 	     pPKPdf 
    145.00       1.7145    1225.26 	     pPKPdf 
    150.00       1.5790    1233.52 	     pPKPdf 
    155.00       1.3901    1240.96 	     pPKPdf 
    160.00       1.1549    1247.34 	     pPKPdf 
    165.00       0.8874    1252.46 	     pPKPdf 
    170.00       0.6002    1256.18 	     pPKPdf 
    175.00       0.3024    1258.44 	     pPKPdf 
    180.00       0.0000    1259.20 	     pPKPdf 
    390.00     390.00 	 pPKPdf 	 depth
    115.00       1.9152    1170.45 	     pPKPdf 
    120.00       1.9123    1180.02 	     pPKPdf 
    125.00       1.9036    1189.56 	     pPKPdf 
    130.00       1.8863    1199.04 	     pPKPdf 
    135.00       1.8553    1208.40 	     pPKPdf 
    140.00       1.8023    1217.56 	     pPKPdf 
    145.00       1.7148    1226.37 	     pPKPdf 
    150.00       1.5795    1234.63 	     pPKPdf 
    155.00       1.3906    1242.07 	     pPKPdf 
    160.00       1.1554    1248.46 	     pPKPdf 
    165.00       0.8878    1253.57 	     pPKPdf 
    170.00       0.6005    1257.30 	     pPKPdf 
    175.00       0.3025    1259.56 	     pPKPdf 
    180.00       0.0000    1260.32 	     pPKPdf 
    400.00     400.00 	 pPKPdf 	 depth
    115.00       1.9152    1171.55 	     pPKPdf 
    120.00       1.9123    1181.12 	     pPKPdf 
    125.00       1.9037    1190.66 	     pPKPdf 
    130.00       1.8864    1200.14 	     pPKPdf 
    135.00       1.8555    1209.50 	     pPKPdf 
    140.00       1.8025    1218.66 	     pPKPdf 
    145.00       1.7151    1227.47 	     pPKPdf 
    150.00       1.5799    1235.73 	     pPKPdf 
    155.00       1.3911    1243.18 	     pPKPdf 
    160.00       1.1559    1249.56 	     pPKPdf 
    165.00       0.8882    1254.69 	     pPKPdf 
    170.00       0.6008    1258.41 	     pPKPdf 
    175.00       0.3027    1260.68 	     pPKPdf 
    180.00       0.0000    1261.43 	     pPKPdf 
    410.00     410.00 	 pPKPdf 	 depth
    115.00       1.9152    1172.64 	     pPKPdf 
    120.00       1.9123    1182.21 	     pPKPdf 
    125.00       1.9037    1191.76 	     pPKPdf 
    130.00       1.8865    1201.24 	     pPKPdf 
    135.00       1.8556    1210.60 	     pPKPdf 
    140.00       1.8027    1219.76 	     pPKPdf 
    145.00       1.7154    1228.57 	     pPKPdf 
    150.00       1.5803    1236.83 	     pPKPdf 
    155.00       1.3916    1244.28 	     pPKPdf 
    160.00       1.1564    1250.67 	     pPKPdf 
    165.00       0.8886    1255.79 	     pPKPdf 
    170.00       0.6011    1259.52 	     pPKPdf 
    175.00       0.3029    1261.79 	     pPKPdf 
    180.00       0.0000    1262.54 	     pPKPdf 
    420.00     420.00 	 pPKPdf 	 depth
    115.00       1.9152    1173.69 	     pPKPdf 
    120.00       1.9123    1183.26 	     pPKPdf 
    125.00       1.9038    1192.81 	     pPKPdf 
    130.00       1.8865    1202.29 	     pPKPdf 
    135.00       1.8557    1211.65 	     pPKPdf 
    140.00       1.8029    1220.81 	     pPKPdf 
    145.00       1.7158    1229.62 	     pPKPdf 
    150.00       1.5808    1237.89 	     pPKPdf 
    155.00       1.3921    1245.34 	     pPKPdf 
    160.00       1.1569    1251.73 	     pPKPdf 
    165.00       0.8890    1256.85 	     pPKPdf 
    170.00       0.6014    1260.59 	     pPKPdf 
    175.00       0.3030    1262.85 	     pPKPdf 
    180.00       0.0000    1263.61 	     pPKPdf 
    430.00     430.00 	 pPKPdf 	 depth
    115.00       1.9152    1174.74 	     pPKPdf 
    120.00       1.9124    1184.31 	     pPKPdf 
    125.00       1.9038    1193.85 	     pPKPdf 
    130.00       1.8866    1203.33 	     pPKPdf 
    135.00       1.8559    1212.70 	     pPKPdf 
    140.00       1.8032    1221.86 	     pPKPdf 
    145.00       1.7161    1230.67 	     pPKPdf 
    150.00       1.5812    1238.94 	     pPKPdf 
    155.00       1.3927    1246.39 	     pPKPdf 
    160.00       1.1574    1252.79 	     pPKPdf 
    165.00       0.8895    1257.91 	     pPKPdf 
    170.00       0.6017    1261.65 	     pPKPdf 
    175.00       0.3032    1263.91 	     pPKPdf 
    180.00       0.0000    1264.67 	     pPKPdf 
    440.00     440.00 	 pPKPdf 	 depth
    115.00       1.9152    1175.78 	     pPKPdf 
    120.00       1.9124    1185.35 	     pPKPdf 
    125.00       1.9038    1194.90 	     pPKPdf 
    130.00       1.8867    1204.38 	     pPKPdf 
    135.00       1.8560    1213.74 	     pPKPdf 
    140.00       1.8034    1222.90 	     pPKPdf 
    145.00       1.7164    1231.72 	     pPKPdf 
    150.00       1.5817    1239.99 	     pPKPdf 
    155.00       1.3932    1247.44 	     pPKPdf 
    160.00       1.1579    1253.84 	     pPKPdf 
    165.00       0.8899    1258.97 	     pPKPdf 
    170.00       0.6020    1262.71 	     pPKPdf 
    175.00       0.3033    1264.97 	     pPKPdf 
    180.00       0.0000    1265.73 	     pPKPdf 
    450.00     450.00 	 pPKPdf 	 depth
    115.00       1.9152    1176.82 	     pPKPdf 
    120.00       1.9124    1186.39 	     pPKPdf 
    125.00       1.9039    1195.94 	     pPKPdf 
    130.00       1.8868    1205.42 	     pPKPdf 
    135.00       1.8561    1214.78 	     pPKPdf 
    140.00       1.8036    1223.94 	     pPKPdf 
    145.00       1.7168    1232.76 	     pPKPdf 
    150.00       1.5821    1241.03 	     pPKPdf 
    155.00       1.3937    1248.49 	     pPKPdf 
    160.00       1.1585    1254.89 	     pPKPdf 
    165.00       0.8904    1260.02 	     pPKPdf 
    170.00       0.6023    1263.76 	     pPKPdf 
    175.00       0.3035    1266.03 	     pPKPdf 
    180.00       0.0000    1266.79 	     pPKPdf 
    460.00     460.00 	 pPKPdf 	 depth
    115.00       1.9152    1177.86 	     pPKPdf 
    120.00       1.9124    1187.43 	     pPKPdf 
    125.00       1.9039    1196.97 	     pPKPdf 
    130.00       1.8868    1206.45 	     pPKPdf 
    135.00       1.8563    1215.82 	     pPKPdf 
    140.00       1.8038    1224.98 	     pPKPdf 
    145.00       1.7171    1233.80 	     pPKPdf 
    150.00       1.5826    1242.07 	     pPKPdf 
    155.00       1.3943    1249.53 	     pPKPdf 
    160.00       1.1590    1255.93 	     pPKPdf 
    165.00       0.8908    1261.07 	     pPKPdf 
    170.00       0.6026    1264.81 	     pPKPdf 
    175.00       0.3037    1267.08 	     pPKPdf 
    180.00       0.0000    1267.84 	     pPKPdf 
    470.00     470.00 	 pPKPdf 	 depth
    115.00       1.9152    1178.89 	     pPKPdf 
    120.00       1.9124    1188.46 	     pPKPdf 
    125.00       1.9040    1198.00 	     pPKPdf 
    130.00       1.8869    1207.48 	     pPKPdf 
    135.00       1.8564    1216.85 	     pPKPdf 
    140.00       1.8040    1226.01 	     pPKPdf 
    145.00       1.7174    1234.83 	     pPKPdf 
    150.00       1.5830    1243.11 	     pPKPdf 
    155.00       1.3948    1250.57 	     pPKPdf 
    160.00       1.1595    1256.98 	     pPKPdf 
    165.00       0.8913    1262.11 	     pPKPdf 
    170.00       0.6030    1265.85 	     pPKPdf 
    175.00       0.3038    1268.12 	     pPKPdf 
    180.00       0.0000    1268.89 	     pPKPdf 
    480.00     480.00 	 pPKPdf 	 depth
    115.00       1.9152    1179.92 	     pPKPdf 
    120.00       1.9124    1189.49 	     pPKPdf 
    125.00       1.9040    1199.03 	     pPKPdf 
    130.00       1.8870    1208.51 	     pPKPdf 
    135.00       1.8565    1217.88 	     pPKPdf 
    140.00       1.8043    1227.04 	     pPKPdf 
    145.00       1.7178    1235.86 	     pPKPdf 
    150.00       1.5835    1244.14 	     pPKPdf 
    155.00       1.3953    1251.61 	     pPKPdf 
    160.00       1.1601    1258.01 	     pPKPdf 
    165.00       0.8917    1263.15 	     pPKPdf 
    170.00       0.6033    1266.90 	     pPKPdf 
    175.00       0.3040    1269.17 	     pPKPdf 
    180.00       0.0000    1269.93 	     pPKPdf 
    490.00     490.00 	 pPKPdf 	 depth
    115.00       1.9152    1180.94 	     pPKPdf 
    120.00       1.9125    1190.51 	     pPKPdf 
    125.00       1.9040    1200.05 	     pPKPdf 
    130.00       1.8871    1209.54 	     pPKPdf 
    135.00       1.8567    1218.90 	     pPKPdf 
    140.00       1.8045    1228.07 	     pPKPdf 
    145.00       1.7181    1236.89 	     pPKPdf 
    150.00       1.5840    1245.17 	     pPKPdf 
    155.00       1.3959    1252.64 	     pPKPdf 
    160.00       1.1606    1259.05 	     pPKPdf 
    165.00       0.8922    1264.19 	     pPKPdf 
    170.00       0.6036    1267.94 	     pPKPdf 
    175.00       0.3042    1270.21 	     pPKPdf 
    180.00       0.0000    1270.97 	     pPKPdf 
    500.00     500.00 	 pPKPdf 	 depth
    115.00       1.9152    1181.96 	     pPKPdf 
    120.00       1.9125    1191.53 	     pPKPdf 
    125.00       1.9041    1201.07 	     pPKPdf 
    130.00       1.8872    1210.56 	     pPKPdf 
    135.00       1.8568    1219.92 	     pPKPdf 
    140.00       1.8047    1229.09 	     pPKPdf 
    145.00       1.7185    1237.91 	     pPKPdf 
    150.00       1.5845    1246.19 	     pPKPdf 
    155.00       1.3964    1253.67 	     pPKPdf 
    160.00       1.1611    1260.08 	     pPKPdf 
    165.00       0.8926    1265.22 	     pPKPdf 
    170.00       0.6039    1268.97 	     pPKPdf 
    175.00       0.3043    1271.24 	     pPKPdf 
    180.00       0.0000    1272.01 	     pPKPdf 
    510.00     510.00 	 pPKPdf 	 depth
    115.00       1.9152    1182.97 	     pPKPdf 
    120.00       1.9125    1192.55 	     pPKPdf 
    125.00       1.9041    1202.09 	     pPKPdf 
    130.00       1.8872    1211.57 	     pPKPdf 
    135.00       1.8569    1220.94 	     pPKPdf 
    140.00       1.8049    1230.11 	     pPKPdf 
    145.00       1.7188    1238.93 	     pPKPdf 
    150.00       1.5849    1247.21 	     pPKPdf 
    155.00       1.3970    1254.69 	     pPKPdf 
    160.00       1.1617    1261.11 	     pPKPdf 
    165.00       0.8931    1266.25 	     pPKPdf 
    170.00       0.6043    1270.00 	     pPKPdf 
    175.00       0.3045    1272.28 	     pPKPdf 
    180.00       0.0000    1273.04 	     pPKPdf 
    520.00     520.00 	 pPKPdf 	 depth
    115.00       1.9152    1183.99 	     pPKPdf 
    120.00       1.9125    1193.56 	     pPKPdf 
    125.00       1.9042    1203.10 	     pPKPdf 
    130.00       1.8873    1212.59 	     pPKPdf 
    135.00       1.8571    1221.95 	     pPKPdf 
    140.00       1.8052    1231.12 	     pPKPdf 
    145.00       1.7192    1239.95 	     pPKPdf 
    150.00       1.5854    1248.23 	     pPKPdf 
    155.00       1.3976    1255.71 	     pPKPdf 
    160.00       1.1622    1262.13 	     pPKPdf 
    165.00       0.8936    1267.28 	     pPKPdf 
    170.00       0.6046    1271.03 	     pPKPdf 
    175.00       0.3047    1273.31 	     pPKPdf 
    180.00       0.0000    1274.07 	     pPKPdf 
    530.00     530.00 	 pPKPdf 	 depth
    115.00       1.9152    1185.00 	     pPKPdf 
    120.00       1.9125    1194.57 	     pPKPdf 
    125.00       1.9042    1204.11 	     pPKPdf 
    130.00       1.8874    1213.60 	     pPKPdf 
    135.00       1.8572    1222.96 	     pPKPdf 
    140.00       1.8054    1232.13 	     pPKPdf 
    145.00       1.7195    1240.96 	     pPKPdf 
    150.00       1.5859    1249.25 	     pPKPdf 
    155.00       1.3981    1256.73 	     pPKPdf 
    160.00       1.1628    1263.15 	     pPKPdf 
    165.00       0.8940    1268.30 	     pPKPdf 
    170.00       0.6049    1272.06 	     pPKPdf 
    175.00       0.3048    1274.33 	     pPKPdf 
    180.00       0.0000    1275.10 	     pPKPdf 
    540.00     540.00 	 pPKPdf 	 depth
    115.00       1.9152    1186.00 	     pPKPdf 
    120.00       1.9126    1195.57 	     pPKPdf 
    125.00       1.9043    1205.12 	     pPKPdf 
    130.00       1.8875    1214.60 	     pPKPdf 
    135.00       1.8573    1223.97 	     pPKPdf 
    140.00       1.8056    1233.14 	     pPKPdf 
    145.00       1.7199    1241.97 	     pPKPdf 
    150.00       1.5864    1250.26 	     pPKPdf 
    155.00       1.3987    1257.74 	     pPKPdf 
    160.00       1.1634    1264.16 	     pPKPdf 
    165.00       0.8945    1269.32 	     pPKPdf 
    170.00       0.6053    1273.08 	     pPKPdf 
    175.00       0.3050    1275.35 	     pPKPdf 
    180.00       0.0000    1276.12 	     pPKPdf 
    550.00     550.00 	 pPKPdf 	 depth
    115.00       1.9152    1187.00 	     pPKPdf 
    120.00       1.9126    1196.57 	     pPKPdf 
    125.00       1.9043    1206.12 	     pPKPdf 
    130.00       1.8876    1215.60 	     pPKPdf 
    135.00       1.8575    1224.97 	     pPKPdf 
    140.00       1.8058    1234.14 	     pPKPdf 
    145.00       1.7202    1242.97 	     pPKPdf 
    150.00       1.5869    1251.26 	     pPKPdf 
    155.00       1.3993    1258.75 	     pPKPdf 
    160.00       1.1639    1265.18 	     pPKPdf 
    165.00       0.8950    1270.34 	     pPKPdf 
    170.00       0.6056    1274.09 	     pPKPdf 
    175.00       0.3052    1276.37 	     pPKPdf 
    180.00       0.0000    1277.14 	     pPKPdf 
    560.00     560.00 	 pPKPdf 	 depth
    115.00       1.9152    1188.00 	     pPKPdf 
    120.00       1.9126    1197.57 	     pPKPdf 
    125.00       1.9044    1207.12 	     pPKPdf 
    130.00       1.8876    1216.60 	     pPKPdf 
    135.00       1.8576    1225.97 	     pPKPdf 
    140.00       1.8061    1235.14 	     pPKPdf 
    145.00       1.7206    1243.98 	     pPKPdf 
    150.00       1.5874    1252.27 	     pPKPdf 
    155.00       1.3998    1259.76 	     pPKPdf 
    160.00       1.1645    1266.19 	     pPKPdf 
    165.00       0.8955    1271.35 	     pPKPdf 
    170.00       0.6059    1275.11 	     pPKPdf 
    175.00       0.3054    1277.39 	     pPKPdf 
    180.00       0.0000    1278.15 	     pPKPdf 
    570.00     570.00 	 pPKPdf 	 depth
    115.00       1.9152    1188.99 	     pPKPdf 
    120.00       1.9126    1198.57 	     pPKPdf 
    125.00       1.9044    1208.11 	     pPKPdf 
    130.00       1.8877    1217.60 	     pPKPdf 
    135.00       1.8578    1226.97 	     pPKPdf 
    140.00       1.8063    1236.14 	     pPKPdf 
    145.00       1.7210    1244.97 	     pPKPdf 
    150.00       1.5879    1253.27 	     pPKPdf 
    155.00       1.4004    1260.76 	     pPKPdf 
    160.00       1.1651    1267.19 	     pPKPdf 
    165.00       0.8960    1272.36 	     pPKPdf 
    170.00       0.6063    1276.12 	     pPKPdf 
    175.00       0.3055    1278.40 	     pPKPdf 
    180.00       0.0000    1279.17 	     pPKPdf 
    580.00     580.00 	 pPKPdf 	 depth
    115.00       1.9152    1189.99 	     pPKPdf 
    120.00       1.9126    1199.56 	     pPKPdf 
    125.00       1.9044    1209.10 	     pPKPdf 
    130.00       1.8878    1218.59 	     pPKPdf 
    135.00       1.8579    1227.96 	     pPKPdf 
    140.00       1.8065    1237.13 	     pPKPdf 
    145.00       1.7213    1245.97 	     pPKPdf 
    150.00       1.5884    1254.26 	     pPKPdf 
    155.00       1.4010    1261.76 	     pPKPdf 
    160.00       1.1657    1268.19 	     pPKPdf 
    165.00       0.8964    1273.36 	     pPKPdf 
    170.00       0.6066    1277.12 	     pPKPdf 
    175.00       0.3057    1279.41 	     pPKPdf 
    180.00       0.0000    1280.17 	     pPKPdf 
    590.00     590.00 	 pPKPdf 	 depth
    115.00       1.9152    1190.97 	     pPKPdf 
    120.00       1.9127    1200.54 	     pPKPdf 
    125.00       1.9045    1210.09 	     pPKPdf 
    130.00       1.8879    1219.58 	     pPKPdf 
    135.00       1.8581    1228.95 	     pPKPdf 
    140.00       1.8068    1238.12 	     pPKPdf 
    145.00       1.7217    1246.96 	     pPKPdf 
    150.00       1.5889    1255.26 	     pPKPdf 
    155.00       1.4016    1262.76 	     pPKPdf 
    160.00       1.1662    1269.19 	     pPKPdf 
    165.00       0.8969    1274.36 	     pPKPdf 
    170.00       0.6070    1278.13 	     pPKPdf 
    175.00       0.3059    1280.41 	     pPKPdf 
    180.00       0.0000    1281.18 	     pPKPdf 
    600.00     600.00 	 pPKPdf 	 depth
    115.00       1.9152    1191.96 	     pPKPdf 
    120.00       1.9127    1201.53 	     pPKPdf 
    125.00       1.9045    1211.07 	     pPKPdf 
    130.00       1.8880    1220.56 	     pPKPdf 
    135.00       1.8582    1229.93 	     pPKPdf 
    140.00       1.8070    1239.11 	     pPKPdf 
    145.00       1.7220    1247.95 	     pPKPdf 
    150.00       1.5894    1256.25 	     pPKPdf 
    155.00       1.4022    1263.75 	     pPKPdf 
    160.00       1.1668    1270.19 	     pPKPdf 
    165.00       0.8974    1275.36 	     pPKPdf 
    170.00       0.6074    1279.13 	     pPKPdf 
    175.00       0.3061    1281.41 	     pPKPdf 
    180.00       0.0000    1282.18 	     pPKPdf 
    610.00     610.00 	 pPKPdf 	 depth
    115.00       1.9152    1192.94 	     pPKPdf 
    120.00       1.9127    1202.51 	     pPKPdf 
    125.00       1.9046    1212.05 	     pPKPdf 
    130.00       1.8881    1221.54 	     pPKPdf 
    135.00       1.8583    1230.91 	     pPKPdf 
    140.00       1.8073    1240.09 	     pPKPdf 
    145.00       1.7224    1248.93 	     pPKPdf 
    150.00       1.5899    1257.23 	     pPKPdf 
    155.00       1.4028    1264.74 	     pPKPdf 
    160.00       1.1674    1271.18 	     pPKPdf 
    165.00       0.8979    1276.35 	     pPKPdf 
    170.00       0.6077    1280.12 	     pPKPdf 
    175.00       0.3063    1282.41 	     pPKPdf 
    180.00       0.0000    1283.18 	     pPKPdf 
    620.00     620.00 	 pPKPdf 	 depth
    115.00       1.9152    1193.91 	     pPKPdf 
    120.00       1.9127    1203.49 	     pPKPdf 
    125.00       1.9046    1213.03 	     pPKPdf 
    130.00       1.8881    1222.52 	     pPKPdf 
    135.00       1.8585    1231.89 	     pPKPdf 
    140.00       1.8075    1241.07 	     pPKPdf 
    145.00       1.7228    1249.91 	     pPKPdf 
    150.00       1.5904    1258.22 	     pPKPdf 
    155.00       1.4034    1265.72 	     pPKPdf 
    160.00       1.1680    1272.17 	     pPKPdf 
    165.00       0.8984    1277.35 	     pPKPdf 
    170.00       0.6081    1281.12 	     pPKPdf 
    175.00       0.3065    1283.41 	     pPKPdf 
    180.00       0.0000    1284.17 	     pPKPdf 
    630.00     630.00 	 pPKPdf 	 depth
    115.00       1.9152    1194.89 	     pPKPdf 
    120.00       1.9127    1204.46 	     pPKPdf 
    125.00       1.9047    1214.01 	     pPKPdf 
    130.00       1.8882    1223.49 	     pPKPdf 
    135.00       1.8586    1232.87 	     pPKPdf 
    140.00       1.8077    1242.04 	     pPKPdf 
    145.00       1.7232    1250.89 	     pPKPdf 
    150.00       1.5909    1259.19 	     pPKPdf 
    155.00       1.4040    1266.70 	     pPKPdf 
    160.00       1.1686    1273.15 	     pPKPdf 
    165.00       0.8990    1278.33 	     pPKPdf 
    170.00       0.6084    1282.11 	     pPKPdf 
    175.00       0.3066    1284.40 	     pPKPdf 
    180.00       0.0000    1285.17 	     pPKPdf 
    640.00     640.00 	 pPKPdf 	 depth
    115.00       1.9152    1195.86 	     pPKPdf 
    120.00       1.9128    1205.43 	     pPKPdf 
    125.00       1.9047    1214.98 	     pPKPdf 
    130.00       1.8883    1224.46 	     pPKPdf 
    135.00       1.8588    1233.84 	     pPKPdf 
    140.00       1.8080    1243.01 	     pPKPdf 
    145.00       1.7235    1251.86 	     pPKPdf 
    150.00       1.5914    1260.17 	     pPKPdf 
    155.00       1.4046    1267.68 	     pPKPdf 
    160.00       1.1692    1274.13 	     pPKPdf 
    165.00       0.8995    1279.32 	     pPKPdf 
    170.00       0.6088    1283.09 	     pPKPdf 
    175.00       0.3068    1285.39 	     pPKPdf 
    180.00       0.0000    1286.16 	     pPKPdf 
    650.00     650.00 	 pPKPdf 	 depth
    115.00       1.9152    1196.82 	     pPKPdf 
    120.00       1.9128    1206.40 	     pPKPdf 
    125.00       1.9048    1215.94 	     pPKPdf 
    130.00       1.8884    1225.43 	     pPKPdf 
    135.00       1.8589    1234.80 	     pPKPdf 
    140.00       1.8082    1243.98 	     pPKPdf 
    145.00       1.7239    1252.83 	     pPKPdf 
    150.00       1.5919    1261.14 	     pPKPdf 
    155.00       1.4052    1268.66 	     pPKPdf 
    160.00       1.1698    1275.11 	     pPKPdf 
    165.00       0.9000    1280.30 	     pPKPdf 
    170.00       0.6092    1284.08 	     pPKPdf 
    175.00       0.3070    1286.37 	     pPKPdf 
    180.00       0.0000    1287.14 	     pPKPdf 
    660.00     660.00 	 pPKPdf 	 depth
    115.00       1.9152    1197.79 	     pPKPdf 
    120.00       1.9128    1207.36 	     pPKPdf 
    125.00       1.9048    1216.91 	     pPKPdf 
    130.00       1.8885    1226.39 	     pPKPdf 
    135.00       1.8591    1235.77 	     pPKPdf 
    140.00       1.8085    1244.95 	     pPKPdf 
    145.00       1.7243    1253.80 	     pPKPdf 
    150.00       1.5925    1262.11 	     pPKPdf 
    155.00       1.4058    1269.63 	     pPKPdf 
    160.00       1.1705    1276.09 	     pPKPdf 
    165.00       0.9005    1281.28 	     pPKPdf 
    170.00       0.6095    1285.06 	     pPKPdf 
    175.00       0.3072    1287.35 	     pPKPdf 
    180.00       0.0000    1288.12 	     pPKPdf 
    670.00     670.00 	 pPKPdf 	 depth
    115.00       1.9152    1198.69 	     pPKPdf 
    120.00       1.9128    1208.26 	     pPKPdf 
    125.00       1.9049    1217.81 	     pPKPdf 
    130.00       1.8886    1227.30 	     pPKPdf 
    135.00       1.8592    1236.68 	     pPKPdf 
    140.00       1.8087    1245.86 	     pPKPdf 
    145.00       1.7247    1254.71 	     pPKPdf 
    150.00       1.5930    1263.02 	     pPKPdf 
    155.00       1.4065    1270.54 	     pPKPdf 
    160.00       1.1711    1277.01 	     pPKPdf 
    165.00       0.9011    1282.20 	     pPKPdf 
    170.00       0.6099    1285.98 	     pPKPdf 
    175.00       0.3074    1288.28 	     pPKPdf 
    180.00       0.0000    1289.05 	     pPKPdf 
    680.00     680.00 	 pPKPdf 	 depth
    115.00       1.9152    1199.60 	     pPKPdf 
    120.00       1.9128    1209.17 	     pPKPdf 
    125.00       1.9049    1218.71 	     pPKPdf 
    130.00       1.8887    1228.20 	     pPKPdf 
    135.00       1.8594    1237.58 	     pPKPdf 
    140.00       1.8090    1246.76 	     pPKPdf 
    145.00       1.7251    1255.61 	     pPKPdf 
    150.00       1.5936    1263.93 	     pPKPdf 
    155.00       1.4072    1271.46 	     pPKPdf 
    160.00       1.1718    1277.92 	     pPKPdf 
    165.00       0.9016    1283.12 	     pPKPdf 
    170.00       0.6103    1286.90 	     pPKPdf 
    175.00       0.3076    1289.20 	     pPKPdf 
    180.00       0.0000    1289.97 	     pPKPdf 
    690.00     690.00 	 pPKPdf 	 depth
    115.00       1.9152    1200.50 	     pPKPdf 
    120.00       1.9129    1210.07 	     pPKPdf 
    125.00       1.9049    1219.62 	     pPKPdf 
    130.00       1.8888    1229.10 	     pPKPdf 
    135.00       1.8596    1238.48 	     pPKPdf 
    140.00       1.8093    1247.66 	     pPKPdf 
    145.00       1.7255    1256.52 	     pPKPdf 
    150.00       1.5942    1264.84 	     pPKPdf 
    155.00       1.4078    1272.37 	     pPKPdf 
    160.00       1.1724    1278.84 	     pPKPdf 
    165.00       0.9022    1284.03 	     pPKPdf 
    170.00       0.6107    1287.82 	     pPKPdf 
    175.00       0.3078    1290.12 	     pPKPdf 
    180.00       0.0000    1290.89 	     pPKPdf 
    700.00     700.00 	 pPKPdf 	 depth
    115.00       1.9152    1201.39 	     pPKPdf 
    120.00       1.9129    1210.97 	     pPKPdf 
    125.00       1.9050    1220.51 	     pPKPdf 
    130.00       1.8889    1230.00 	     pPKPdf 
    135.00       1.8597    1239.38 	     pPKPdf 
    140.00       1.8095    1248.56 	     pPKPdf 
    145.00       1.7259    1257.42 	     pPKPdf 
    150.00       1.5947    1265.74 	     pPKPdf 
    155.00       1.4085    1273.28 	     pPKPdf 
    160.00       1.1731    1279.75 	     pPKPdf 
    165.00       0.9028    1284.95 	     pPKPdf 
    170.00       0.6111    1288.74 	     pPKPdf 
    175.00       0.3080    1291.04 	     pPKPdf 
    180.00       0.0000    1291.81 	     pPKPdf 
