      0.00       0.00 	 PKPab 	 depth
    145.00       3.7129    1177.74 	      PKPab 
    150.00       4.1284    1197.61 	      PKPab 
    155.00       4.2771    1218.66 	      PKPab 
    160.00       4.3581    1240.27 	      PKPab 
    165.00       4.4041    1262.19 	      PKPab 
    170.00       4.4286    1284.28 	      PKPab 
    175.00       4.4382    1306.45 	      PKPab 
     10.00      10.00 	 PKPab 	 depth
    145.00       3.7170    1176.05 	      PKPab 
    150.00       4.1292    1195.93 	      PKPab 
    155.00       4.2775    1216.98 	      PKPab 
    160.00       4.3583    1238.59 	      PKPab 
    165.00       4.4043    1260.51 	      PKPab 
    170.00       4.4286    1282.60 	      PKPab 
    175.00       4.4382    1304.77 	      PKPab 
     20.00      20.00 	 PKPab 	 depth
    145.00       3.7210    1174.35 	      PKPab 
    150.00       4.1300    1194.24 	      PKPab 
    155.00       4.2780    1215.30 	      PKPab 
    160.00       4.3586    1236.91 	      PKPab 
    165.00       4.4044    1258.83 	      PKPab 
    170.00       4.4287    1280.92 	      PKPab 
    175.00       4.4383    1303.10 	      PKPab 
     30.00      30.00 	 PKPab 	 depth
    145.00       3.7255    1172.85 	      PKPab 
    150.00       4.1310    1192.75 	      PKPab 
    155.00       4.2785    1213.81 	      PKPab 
    160.00       4.3589    1235.43 	      PKPab 
    165.00       4.4046    1257.35 	      PKPab 
    170.00       4.4288    1279.44 	      PKPab 
    175.00       4.4383    1301.61 	      PKPab 
     40.00      40.00 	 PKPab 	 depth
    145.00       3.7304    1171.50 	      PKPab 
    150.00       4.1320    1191.41 	      PKPab 
    155.00       4.2790    1212.48 	      PKPab 
    160.00       4.3592    1234.09 	      PKPab 
    165.00       4.4048    1256.01 	      PKPab 
    170.00       4.4289    1278.11 	      PKPab 
    175.00       4.4383    1300.28 	      PKPab 
     50.00      50.00 	 PKPab 	 depth
    145.00       3.7357    1170.31 	      PKPab 
    150.00       4.1332    1190.22 	      PKPab 
    155.00       4.2796    1211.30 	      PKPab 
    160.00       4.3596    1232.91 	      PKPab 
    165.00       4.4050    1254.84 	      PKPab 
    170.00       4.4290    1276.93 	      PKPab 
    175.00       4.4383    1299.10 	      PKPab 
     60.00      60.00 	 PKPab 	 depth
    145.00       3.7409    1169.11 	      PKPab 
    150.00       4.1344    1189.04 	      PKPab 
    155.00       4.2803    1210.12 	      PKPab 
    160.00       4.3599    1231.74 	      PKPab 
    165.00       4.4052    1253.66 	      PKPab 
    170.00       4.4291    1275.75 	      PKPab 
    175.00       4.4383    1297.93 	      PKPab 
     70.00      70.00 	 PKPab 	 depth
    145.00       3.7460    1167.92 	      PKPab 
    150.00       4.1355    1187.85 	      PKPab 
    155.00       4.2809    1208.94 	      PKPab 
    160.00       4.3603    1230.56 	      PKPab 
    165.00       4.4054    1252.48 	      PKPab 
    170.00       4.4292    1274.58 	      PKPab 
    175.00       4.4384    1296.75 	      PKPab 
     80.00      80.00 	 PKPab 	 depth
    145.00       3.7510    1166.72 	      PKPab 
    150.00       4.1367    1186.67 	      PKPab 
    155.00       4.2815    1207.75 	      PKPab 
    160.00       4.3606    1229.38 	      PKPab 
    165.00       4.4056    1251.31 	      PKPab 
    170.00       4.4293    1273.40 	      PKPab 
    175.00       4.4384    1295.57 	      PKPab 
     90.00      90.00 	 PKPab 	 depth
    145.00       3.7559    1165.53 	      PKPab 
    150.00       4.1379    1185.49 	      PKPab 
    155.00       4.2821    1206.57 	      PKPab 
    160.00       4.3610    1228.20 	      PKPab 
    165.00       4.4058    1250.13 	      PKPab 
    170.00       4.4294    1272.22 	      PKPab 
    175.00       4.4384    1294.40 	      PKPab 
    100.00     100.00 	 PKPab 	 depth
    145.00       3.7608    1164.33 	      PKPab 
    150.00       4.1391    1184.30 	      PKPab 
    155.00       4.2828    1205.40 	      PKPab 
    160.00       4.3614    1227.02 	      PKPab 
    165.00       4.4060    1248.95 	      PKPab 
    170.00       4.4294    1271.05 	      PKPab 
    175.00       4.4384    1293.22 	      PKPab 
    110.00     110.00 	 PKPab 	 depth
    145.00       3.7655    1163.14 	      PKPab 
    150.00       4.1402    1183.12 	      PKPab 
    155.00       4.2834    1204.22 	      PKPab 
    160.00       4.3617    1225.85 	      PKPab 
    165.00       4.4062    1247.78 	      PKPab 
    170.00       4.4295    1269.87 	      PKPab 
    175.00       4.4384    1292.05 	      PKPab 
    120.00     120.00 	 PKPab 	 depth
    145.00       3.7701    1161.94 	      PKPab 
    150.00       4.1414    1181.93 	      PKPab 
    155.00       4.2840    1203.04 	      PKPab 
    160.00       4.3621    1224.67 	      PKPab 
    165.00       4.4064    1246.60 	      PKPab 
    170.00       4.4296    1268.70 	      PKPab 
    175.00       4.4385    1290.88 	      PKPab 
    130.00     130.00 	 PKPab 	 depth
    145.00       3.7747    1160.75 	      PKPab 
    150.00       4.1426    1180.75 	      PKPab 
    155.00       4.2846    1201.86 	      PKPab 
    160.00       4.3625    1223.50 	      PKPab 
    165.00       4.4066    1245.43 	      PKPab 
    170.00       4.4297    1267.53 	      PKPab 
    175.00       4.4385    1289.70 	      PKPab 
    140.00     140.00 	 PKPab 	 depth
    145.00       3.7792    1159.57 	      PKPab 
    150.00       4.1437    1179.58 	      PKPab 
    155.00       4.2853    1200.69 	      PKPab 
    160.00       4.3628    1222.33 	      PKPab 
    165.00       4.4068    1244.26 	      PKPab 
    170.00       4.4298    1266.36 	      PKPab 
    175.00       4.4385    1288.54 	      PKPab 
    150.00     150.00 	 PKPab 	 depth
    145.00       3.7837    1158.39 	      PKPab 
    150.00       4.1449    1178.41 	      PKPab 
    155.00       4.2859    1199.52 	      PKPab 
    160.00       4.3632    1221.16 	      PKPab 
    165.00       4.4070    1243.10 	      PKPab 
    170.00       4.4299    1265.20 	      PKPab 
    175.00       4.4385    1287.38 	      PKPab 
    160.00     160.00 	 PKPab 	 depth
    145.00       3.7881    1157.21 	      PKPab 
    150.00       4.1461    1177.24 	      PKPab 
    155.00       4.2865    1198.36 	      PKPab 
    160.00       4.3636    1220.00 	      PKPab 
    165.00       4.4072    1241.94 	      PKPab 
    170.00       4.4300    1264.04 	      PKPab 
    175.00       4.4385    1286.22 	      PKPab 
    170.00     170.00 	 PKPab 	 depth
    145.00       3.7924    1156.04 	      PKPab 
    150.00       4.1473    1176.08 	      PKPab 
    155.00       4.2872    1197.20 	      PKPab 
    160.00       4.3639    1218.85 	      PKPab 
    165.00       4.4074    1240.79 	      PKPab 
    170.00       4.4301    1262.89 	      PKPab 
    175.00       4.4385    1285.07 	      PKPab 
    180.00     180.00 	 PKPab 	 depth
    145.00       3.7967    1154.87 	      PKPab 
    150.00       4.1484    1174.92 	      PKPab 
    155.00       4.2878    1196.05 	      PKPab 
    160.00       4.3643    1217.70 	      PKPab 
    165.00       4.4076    1239.64 	      PKPab 
    170.00       4.4302    1261.74 	      PKPab 
    175.00       4.4386    1283.92 	      PKPab 
    190.00     190.00 	 PKPab 	 depth
    145.00       3.8010    1153.71 	      PKPab 
    150.00       4.1496    1173.77 	      PKPab 
    155.00       4.2884    1194.90 	      PKPab 
    160.00       4.3647    1216.55 	      PKPab 
    165.00       4.4079    1238.49 	      PKPab 
    170.00       4.4303    1260.60 	      PKPab 
    175.00       4.4386    1282.77 	      PKPab 
    200.00     200.00 	 PKPab 	 depth
    145.00       3.8052    1152.55 	      PKPab 
    150.00       4.1508    1172.62 	      PKPab 
    155.00       4.2891    1193.76 	      PKPab 
    160.00       4.3650    1215.41 	      PKPab 
    165.00       4.4081    1237.35 	      PKPab 
    170.00       4.4304    1259.46 	      PKPab 
    175.00       4.4386    1281.64 	      PKPab 
    210.00     210.00 	 PKPab 	 depth
    145.00       3.8094    1151.39 	      PKPab 
    150.00       4.1520    1171.48 	      PKPab 
    155.00       4.2897    1192.62 	      PKPab 
    160.00       4.3654    1214.27 	      PKPab 
    165.00       4.4083    1236.22 	      PKPab 
    170.00       4.4305    1258.32 	      PKPab 
    175.00       4.4386    1280.50 	      PKPab 
    220.00     220.00 	 PKPab 	 depth
    145.00       3.8135    1150.24 	      PKPab 
    150.00       4.1532    1170.34 	      PKPab 
    155.00       4.2904    1191.49 	      PKPab 
    160.00       4.3658    1213.14 	      PKPab 
    165.00       4.4085    1235.09 	      PKPab 
    170.00       4.4306    1257.19 	      PKPab 
    175.00       4.4386    1279.37 	      PKPab 
    230.00     230.00 	 PKPab 	 depth
    145.00       3.8176    1149.10 	      PKPab 
    150.00       4.1544    1169.21 	      PKPab 
    155.00       4.2910    1190.36 	      PKPab 
    160.00       4.3662    1212.02 	      PKPab 
    165.00       4.4087    1233.97 	      PKPab 
    170.00       4.4307    1256.07 	      PKPab 
    175.00       4.4387    1278.25 	      PKPab 
    240.00     240.00 	 PKPab 	 depth
    145.00       3.8217    1147.96 	      PKPab 
    150.00       4.1556    1168.08 	      PKPab 
    155.00       4.2917    1189.23 	      PKPab 
    160.00       4.3666    1210.90 	      PKPab 
    165.00       4.4089    1232.85 	      PKPab 
    170.00       4.4308    1254.95 	      PKPab 
    175.00       4.4387    1277.13 	      PKPab 
    250.00     250.00 	 PKPab 	 depth
    145.00       3.8257    1146.83 	      PKPab 
    150.00       4.1569    1166.96 	      PKPab 
    155.00       4.2923    1188.12 	      PKPab 
    160.00       4.3669    1209.78 	      PKPab 
    165.00       4.4091    1231.73 	      PKPab 
    170.00       4.4309    1253.84 	      PKPab 
    175.00       4.4387    1276.02 	      PKPab 
    260.00     260.00 	 PKPab 	 depth
    145.00       3.8297    1145.71 	      PKPab 
    150.00       4.1581    1165.84 	      PKPab 
    155.00       4.2930    1187.01 	      PKPab 
    160.00       4.3673    1208.68 	      PKPab 
    165.00       4.4093    1230.63 	      PKPab 
    170.00       4.4310    1252.73 	      PKPab 
    175.00       4.4387    1274.91 	      PKPab 
    270.00     270.00 	 PKPab 	 depth
    145.00       3.8337    1144.59 	      PKPab 
    150.00       4.1593    1164.73 	      PKPab 
    155.00       4.2937    1185.90 	      PKPab 
    160.00       4.3677    1207.57 	      PKPab 
    165.00       4.4095    1229.53 	      PKPab 
    170.00       4.4311    1251.63 	      PKPab 
    175.00       4.4387    1273.81 	      PKPab 
    280.00     280.00 	 PKPab 	 depth
    145.00       3.8377    1143.47 	      PKPab 
    150.00       4.1605    1163.63 	      PKPab 
    155.00       4.2943    1184.80 	      PKPab 
    160.00       4.3681    1206.48 	      PKPab 
    165.00       4.4098    1228.43 	      PKPab 
    170.00       4.4312    1250.54 	      PKPab 
    175.00       4.4387    1272.72 	      PKPab 
    290.00     290.00 	 PKPab 	 depth
    145.00       3.8416    1142.36 	      PKPab 
    150.00       4.1618    1162.53 	      PKPab 
    155.00       4.2950    1183.71 	      PKPab 
    160.00       4.3685    1205.38 	      PKPab 
    165.00       4.4100    1227.34 	      PKPab 
    170.00       4.4313    1249.45 	      PKPab 
    175.00       4.4387    1271.63 	      PKPab 
    300.00     300.00 	 PKPab 	 depth
    145.00       3.8455    1141.26 	      PKPab 
    150.00       4.1630    1161.44 	      PKPab 
    155.00       4.2957    1182.62 	      PKPab 
    160.00       4.3689    1204.30 	      PKPab 
    165.00       4.4102    1226.26 	      PKPab 
    170.00       4.4314    1248.37 	      PKPab 
    175.00       4.4388    1270.55 	      PKPab 
    310.00     310.00 	 PKPab 	 depth
    145.00       3.8494    1140.16 	      PKPab 
    150.00       4.1642    1160.35 	      PKPab 
    155.00       4.2964    1181.54 	      PKPab 
    160.00       4.3693    1203.22 	      PKPab 
    165.00       4.4104    1225.18 	      PKPab 
    170.00       4.4315    1247.29 	      PKPab 
    175.00       4.4388    1269.47 	      PKPab 
    320.00     320.00 	 PKPab 	 depth
    145.00       3.8532    1139.07 	      PKPab 
    150.00       4.1655    1159.27 	      PKPab 
    155.00       4.2970    1180.46 	      PKPab 
    160.00       4.3697    1202.14 	      PKPab 
    165.00       4.4106    1224.10 	      PKPab 
    170.00       4.4316    1246.22 	      PKPab 
    175.00       4.4388    1268.40 	      PKPab 
    330.00     330.00 	 PKPab 	 depth
    145.00       3.8570    1137.98 	      PKPab 
    150.00       4.1668    1158.19 	      PKPab 
    155.00       4.2977    1179.39 	      PKPab 
    160.00       4.3701    1201.07 	      PKPab 
    165.00       4.4108    1223.04 	      PKPab 
    170.00       4.4317    1245.15 	      PKPab 
    175.00       4.4388    1267.33 	      PKPab 
    340.00     340.00 	 PKPab 	 depth
    145.00       3.8608    1136.90 	      PKPab 
    150.00       4.1680    1157.12 	      PKPab 
    155.00       4.2984    1178.32 	      PKPab 
    160.00       4.3705    1200.01 	      PKPab 
    165.00       4.4111    1221.97 	      PKPab 
    170.00       4.4318    1244.09 	      PKPab 
    175.00       4.4388    1266.27 	      PKPab 
    350.00     350.00 	 PKPab 	 depth
    145.00       3.8646    1135.82 	      PKPab 
    150.00       4.1693    1156.05 	      PKPab 
    155.00       4.2991    1177.26 	      PKPab 
    160.00       4.3709    1198.95 	      PKPab 
    165.00       4.4113    1220.92 	      PKPab 
    170.00       4.4319    1243.03 	      PKPab 
    175.00       4.4388    1265.21 	      PKPab 
    360.00     360.00 	 PKPab 	 depth
    145.00       3.8684    1134.75 	      PKPab 
    150.00       4.1705    1154.99 	      PKPab 
    155.00       4.2998    1176.20 	      PKPab 
    160.00       4.3713    1197.90 	      PKPab 
    165.00       4.4115    1219.86 	      PKPab 
    170.00       4.4320    1241.98 	      PKPab 
    175.00       4.4388    1264.16 	      PKPab 
    370.00     370.00 	 PKPab 	 depth
    145.00       3.8721    1133.69 	      PKPab 
    150.00       4.1718    1153.94 	      PKPab 
    155.00       4.3005    1175.15 	      PKPab 
    160.00       4.3717    1196.85 	      PKPab 
    165.00       4.4117    1218.82 	      PKPab 
    170.00       4.4321    1240.93 	      PKPab 
    175.00       4.4388    1263.12 	      PKPab 
    380.00     380.00 	 PKPab 	 depth
    145.00       3.8758    1132.63 	      PKPab 
    150.00       4.1731    1152.89 	      PKPab 
    155.00       4.3012    1174.11 	      PKPab 
    160.00       4.3721    1195.81 	      PKPab 
    165.00       4.4120    1217.78 	      PKPab 
    170.00       4.4322    1239.89 	      PKPab 
    175.00       4.4388    1262.08 	      PKPab 
    390.00     390.00 	 PKPab 	 depth
    145.00       3.8795    1131.57 	      PKPab 
    150.00       4.1744    1151.84 	      PKPab 
    155.00       4.3019    1173.07 	      PKPab 
    160.00       4.3725    1194.77 	      PKPab 
    165.00       4.4122    1216.74 	      PKPab 
    170.00       4.4323    1238.86 	      PKPab 
    175.00       4.4389    1261.04 	      PKPab 
    400.00     400.00 	 PKPab 	 depth
    145.00       3.8832    1130.52 	      PKPab 
    150.00       4.1756    1150.80 	      PKPab 
    155.00       4.3026    1172.03 	      PKPab 
    160.00       4.3729    1193.74 	      PKPab 
    165.00       4.4124    1215.71 	      PKPab 
    170.00       4.4324    1237.83 	      PKPab 
    175.00       4.4389    1260.01 	      PKPab 
    410.00     410.00 	 PKPab 	 depth
    145.00       3.8869    1129.48 	      PKPab 
    150.00       4.1769    1149.77 	      PKPab 
    155.00       4.3033    1171.00 	      PKPab 
    160.00       4.3733    1192.71 	      PKPab 
    165.00       4.4126    1214.68 	      PKPab 
    170.00       4.4325    1236.80 	      PKPab 
    175.00       4.4389    1258.99 	      PKPab 
    420.00     420.00 	 PKPab 	 depth
    145.00       3.8907    1128.48 	      PKPab 
    150.00       4.1783    1148.78 	      PKPab 
    155.00       4.3040    1170.02 	      PKPab 
    160.00       4.3737    1191.73 	      PKPab 
    165.00       4.4129    1213.71 	      PKPab 
    170.00       4.4326    1235.83 	      PKPab 
    175.00       4.4389    1258.01 	      PKPab 
    430.00     430.00 	 PKPab 	 depth
    145.00       3.8945    1127.48 	      PKPab 
    150.00       4.1796    1147.80 	      PKPab 
    155.00       4.3048    1169.04 	      PKPab 
    160.00       4.3742    1190.75 	      PKPab 
    165.00       4.4131    1212.73 	      PKPab 
    170.00       4.4327    1234.85 	      PKPab 
    175.00       4.4389    1257.04 	      PKPab 
    440.00     440.00 	 PKPab 	 depth
    145.00       3.8982    1126.49 	      PKPab 
    150.00       4.1810    1146.82 	      PKPab 
    155.00       4.3055    1168.07 	      PKPab 
    160.00       4.3746    1189.78 	      PKPab 
    165.00       4.4133    1211.76 	      PKPab 
    170.00       4.4328    1233.88 	      PKPab 
    175.00       4.4389    1256.07 	      PKPab 
    450.00     450.00 	 PKPab 	 depth
    145.00       3.9019    1125.51 	      PKPab 
    150.00       4.1824    1145.84 	      PKPab 
    155.00       4.3063    1167.10 	      PKPab 
    160.00       4.3750    1188.82 	      PKPab 
    165.00       4.4136    1210.80 	      PKPab 
    170.00       4.4329    1232.92 	      PKPab 
    175.00       4.4389    1255.10 	      PKPab 
    460.00     460.00 	 PKPab 	 depth
    145.00       3.9057    1124.53 	      PKPab 
    150.00       4.1837    1144.87 	      PKPab 
    155.00       4.3070    1166.13 	      PKPab 
    160.00       4.3755    1187.85 	      PKPab 
    165.00       4.4138    1209.84 	      PKPab 
    170.00       4.4330    1231.96 	      PKPab 
    175.00       4.4389    1254.14 	      PKPab 
    470.00     470.00 	 PKPab 	 depth
    145.00       3.9094    1123.55 	      PKPab 
    150.00       4.1851    1143.91 	      PKPab 
    155.00       4.3078    1165.17 	      PKPab 
    160.00       4.3759    1186.90 	      PKPab 
    165.00       4.4140    1208.88 	      PKPab 
    170.00       4.4331    1231.00 	      PKPab 
    175.00       4.4389    1253.19 	      PKPab 
    480.00     480.00 	 PKPab 	 depth
    145.00       3.9130    1122.58 	      PKPab 
    150.00       4.1865    1142.95 	      PKPab 
    155.00       4.3085    1164.21 	      PKPab 
    160.00       4.3763    1185.94 	      PKPab 
    165.00       4.4143    1207.93 	      PKPab 
    170.00       4.4332    1230.05 	      PKPab 
    175.00       4.4389    1252.24 	      PKPab 
    490.00     490.00 	 PKPab 	 depth
    145.00       3.9167    1121.61 	      PKPab 
    150.00       4.1878    1141.99 	      PKPab 
    155.00       4.3093    1163.26 	      PKPab 
    160.00       4.3768    1184.99 	      PKPab 
    165.00       4.4145    1206.98 	      PKPab 
    170.00       4.4333    1229.11 	      PKPab 
    175.00       4.4389    1251.29 	      PKPab 
    500.00     500.00 	 PKPab 	 depth
    145.00       3.9204    1120.65 	      PKPab 
    150.00       4.1892    1141.03 	      PKPab 
    155.00       4.3101    1162.31 	      PKPab 
    160.00       4.3772    1184.05 	      PKPab 
    165.00       4.4148    1206.04 	      PKPab 
    170.00       4.4334    1228.16 	      PKPab 
    175.00       4.4389    1250.35 	      PKPab 
    510.00     510.00 	 PKPab 	 depth
    145.00       3.9240    1119.69 	      PKPab 
    150.00       4.1906    1140.09 	      PKPab 
    155.00       4.3108    1161.37 	      PKPab 
    160.00       4.3777    1183.11 	      PKPab 
    165.00       4.4150    1205.10 	      PKPab 
    170.00       4.4335    1227.23 	      PKPab 
    175.00       4.4389    1249.41 	      PKPab 
    520.00     520.00 	 PKPab 	 depth
    145.00       3.9276    1118.73 	      PKPab 
    150.00       4.1920    1139.14 	      PKPab 
    155.00       4.3116    1160.43 	      PKPab 
    160.00       4.3781    1182.17 	      PKPab 
    165.00       4.4152    1204.16 	      PKPab 
    170.00       4.4336    1226.29 	      PKPab 
    175.00       4.4389    1248.48 	      PKPab 
    530.00     530.00 	 PKPab 	 depth
    145.00       3.9312    1117.78 	      PKPab 
    150.00       4.1934    1138.20 	      PKPab 
    155.00       4.3124    1159.50 	      PKPab 
    160.00       4.3785    1181.24 	      PKPab 
    165.00       4.4155    1203.23 	      PKPab 
    170.00       4.4337    1225.36 	      PKPab 
    540.00     540.00 	 PKPab 	 depth
    145.00       3.9348    1116.83 	      PKPab 
    150.00       4.1948    1137.27 	      PKPab 
    155.00       4.3131    1158.57 	      PKPab 
    160.00       4.3790    1180.31 	      PKPab 
    165.00       4.4157    1202.31 	      PKPab 
    170.00       4.4338    1224.44 	      PKPab 
    550.00     550.00 	 PKPab 	 depth
    145.00       3.9384    1115.89 	      PKPab 
    150.00       4.1962    1136.33 	      PKPab 
    155.00       4.3139    1157.64 	      PKPab 
    160.00       4.3794    1179.39 	      PKPab 
    165.00       4.4160    1201.39 	      PKPab 
    170.00       4.4339    1223.52 	      PKPab 
    560.00     560.00 	 PKPab 	 depth
    145.00       3.9419    1114.95 	      PKPab 
    150.00       4.1975    1135.41 	      PKPab 
    155.00       4.3147    1156.72 	      PKPab 
    160.00       4.3799    1178.47 	      PKPab 
    165.00       4.4162    1200.47 	      PKPab 
    170.00       4.4340    1222.60 	      PKPab 
    570.00     570.00 	 PKPab 	 depth
    145.00       3.9455    1114.02 	      PKPab 
    150.00       4.1990    1134.48 	      PKPab 
    155.00       4.3155    1155.80 	      PKPab 
    160.00       4.3803    1177.55 	      PKPab 
    165.00       4.4165    1199.55 	      PKPab 
    170.00       4.4341    1221.69 	      PKPab 
    580.00     580.00 	 PKPab 	 depth
    145.00       3.9490    1113.09 	      PKPab 
    150.00       4.2004    1133.56 	      PKPab 
    155.00       4.3162    1154.88 	      PKPab 
    160.00       4.3808    1176.64 	      PKPab 
    165.00       4.4167    1198.65 	      PKPab 
    170.00       4.4342    1220.78 	      PKPab 
    590.00     590.00 	 PKPab 	 depth
    145.00       3.9525    1112.16 	      PKPab 
    150.00       4.2018    1132.65 	      PKPab 
    155.00       4.3170    1153.97 	      PKPab 
    160.00       4.3812    1175.74 	      PKPab 
    165.00       4.4169    1197.74 	      PKPab 
    170.00       4.4343    1219.87 	      PKPab 
    600.00     600.00 	 PKPab 	 depth
    145.00       3.9560    1111.24 	      PKPab 
    150.00       4.2032    1131.74 	      PKPab 
    155.00       4.3178    1153.07 	      PKPab 
    160.00       4.3817    1174.83 	      PKPab 
    165.00       4.4172    1196.84 	      PKPab 
    170.00       4.4344    1218.97 	      PKPab 
    610.00     610.00 	 PKPab 	 depth
    145.00       3.9595    1110.32 	      PKPab 
    150.00       4.2046    1130.83 	      PKPab 
    155.00       4.3186    1152.17 	      PKPab 
    160.00       4.3821    1173.93 	      PKPab 
    165.00       4.4174    1195.94 	      PKPab 
    170.00       4.4345    1218.08 	      PKPab 
    620.00     620.00 	 PKPab 	 depth
    145.00       3.9630    1109.41 	      PKPab 
    150.00       4.2060    1129.93 	      PKPab 
    155.00       4.3194    1151.27 	      PKPab 
    160.00       4.3826    1173.04 	      PKPab 
    165.00       4.4177    1195.05 	      PKPab 
    170.00       4.4346    1217.19 	      PKPab 
    630.00     630.00 	 PKPab 	 depth
    145.00       3.9665    1108.50 	      PKPab 
    150.00       4.2074    1129.03 	      PKPab 
    155.00       4.3202    1150.38 	      PKPab 
    160.00       4.3831    1172.15 	      PKPab 
    165.00       4.4179    1194.16 	      PKPab 
    170.00       4.4347    1216.30 	      PKPab 
    640.00     640.00 	 PKPab 	 depth
    145.00       3.9700    1107.59 	      PKPab 
    150.00       4.2089    1128.13 	      PKPab 
    155.00       4.3210    1149.49 	      PKPab 
    160.00       4.3835    1171.26 	      PKPab 
    165.00       4.4182    1193.28 	      PKPab 
    170.00       4.4348    1215.41 	      PKPab 
    650.00     650.00 	 PKPab 	 depth
    145.00       3.9734    1106.69 	      PKPab 
    150.00       4.2103    1127.24 	      PKPab 
    155.00       4.3218    1148.60 	      PKPab 
    160.00       4.3840    1170.38 	      PKPab 
    165.00       4.4184    1192.40 	      PKPab 
    170.00       4.4349    1214.53 	      PKPab 
    660.00     660.00 	 PKPab 	 depth
    145.00       3.9769    1105.79 	      PKPab 
    150.00       4.2117    1126.36 	      PKPab 
    155.00       4.3226    1147.72 	      PKPab 
    160.00       4.3844    1169.50 	      PKPab 
    165.00       4.4187    1191.52 	      PKPab 
    170.00       4.4350    1213.66 	      PKPab 
    670.00     670.00 	 PKPab 	 depth
    145.00       3.9805    1104.96 	      PKPab 
    150.00       4.2133    1125.53 	      PKPab 
    155.00       4.3235    1146.90 	      PKPab 
    160.00       4.3849    1168.69 	      PKPab 
    165.00       4.4189    1190.71 	      PKPab 
    170.00       4.4351    1212.85 	      PKPab 
    680.00     680.00 	 PKPab 	 depth
    145.00       3.9842    1104.13 	      PKPab 
    150.00       4.2148    1124.71 	      PKPab 
    155.00       4.3243    1146.09 	      PKPab 
    160.00       4.3854    1167.88 	      PKPab 
    165.00       4.4192    1189.90 	      PKPab 
    170.00       4.4352    1212.04 	      PKPab 
    690.00     690.00 	 PKPab 	 depth
    145.00       3.9878    1103.30 	      PKPab 
    150.00       4.2163    1123.90 	      PKPab 
    155.00       4.3252    1145.28 	      PKPab 
    160.00       4.3859    1167.07 	      PKPab 
    165.00       4.4194    1189.09 	      PKPab 
    170.00       4.4353    1211.23 	      PKPab 
    700.00     700.00 	 PKPab 	 depth
    145.00       3.9915    1102.47 	      PKPab 
    150.00       4.2179    1123.08 	      PKPab 
    155.00       4.3260    1144.47 	      PKPab 
    160.00       4.3864    1166.26 	      PKPab 
    165.00       4.4197    1188.29 	      PKPab 
    170.00       4.4354    1210.43 	      PKPab 
