     10.00      10.00 	 pP 	 depth
     20.00      10.9056     275.52 	         pP 
     20.00       9.2265     281.06 	         pP 
     25.00       9.1012     326.95 	         pP 
     25.00      10.2907     328.66 	         pP 
     30.00       8.8476     371.80 	         pP 
     35.00       8.6184     415.52 	         pP 
     40.00       8.3071     457.86 	         pP 
     45.00       7.9638     498.54 	         pP 
     50.00       7.6054     537.47 	         pP 
     55.00       7.2434     574.59 	         pP 
     60.00       6.8805     609.90 	         pP 
     65.00       6.5168     643.39 	         pP 
     70.00       6.1521     675.07 	         pP 
     75.00       5.7829     704.91 	         pP 
     80.00       5.4060     732.88 	         pP 
     85.00       5.0151     758.95 	         pP 
     90.00       4.6630     783.02 	         pP 
     95.00       4.5505     806.05 	         pP 
     20.00      20.00 	 pP 	 depth
     20.00      10.9108     276.93 	         pP 
     20.00       9.2270     282.57 	         pP 
     25.00       9.1032     328.46 	         pP 
     25.00      10.2995     330.11 	         pP 
     30.00       8.8494     373.33 	         pP 
     35.00       8.6209     417.06 	         pP 
     40.00       8.3100     459.41 	         pP 
     45.00       7.9667     500.11 	         pP 
     50.00       7.6082     539.05 	         pP 
     55.00       7.2461     576.19 	         pP 
     60.00       6.8830     611.51 	         pP 
     65.00       6.5192     645.02 	         pP 
     70.00       6.1543     676.70 	         pP 
     75.00       5.7850     706.55 	         pP 
     80.00       5.4080     734.54 	         pP 
     85.00       5.0170     760.61 	         pP 
     90.00       4.6636     784.69 	         pP 
     95.00       4.5512     807.73 	         pP 
     30.00      30.00 	 pP 	 depth
     20.00      10.9169     278.11 	         pP 
     20.00       9.2276     283.86 	         pP 
     25.00       9.1055     329.76 	         pP 
     25.00      10.3100     331.34 	         pP 
     30.00       8.8514     374.65 	         pP 
     35.00       8.6239     418.39 	         pP 
     40.00       8.3134     460.75 	         pP 
     45.00       7.9700     501.47 	         pP 
     50.00       7.6115     540.43 	         pP 
     55.00       7.2492     577.58 	         pP 
     60.00       6.8859     612.92 	         pP 
     65.00       6.5219     646.44 	         pP 
     70.00       6.1569     678.13 	         pP 
     75.00       5.7874     708.00 	         pP 
     80.00       5.4104     736.00 	         pP 
     85.00       5.0191     762.08 	         pP 
     90.00       4.6644     786.17 	         pP 
     95.00       4.5519     809.21 	         pP 
     40.00      40.00 	 pP 	 depth
     20.00      10.9246     279.08 	         pP 
     20.00       9.2282     284.97 	         pP 
     25.00       9.1083     330.88 	         pP 
     25.00      10.3232     332.36 	         pP 
     30.00       8.8539     375.78 	         pP 
     35.00       8.6274     419.53 	         pP 
     40.00       8.3175     461.92 	         pP 
     45.00       7.9740     502.66 	         pP 
     50.00       7.6153     541.63 	         pP 
     55.00       7.2528     578.80 	         pP 
     60.00       6.8892     614.16 	         pP 
     65.00       6.5251     647.69 	         pP 
     70.00       6.1598     679.41 	         pP 
     75.00       5.7902     709.29 	         pP 
     80.00       5.4130     737.30 	         pP 
     85.00       5.0215     763.39 	         pP 
     90.00       4.6652     787.50 	         pP 
     95.00       4.5528     810.54 	         pP 
     50.00      50.00 	 pP 	 depth
     20.00      10.9339     279.83 	         pP 
     20.00       9.2290     285.89 	         pP 
     25.00       9.1115     331.81 	         pP 
     25.00      10.3391     333.18 	         pP 
     30.00       8.8567     376.73 	         pP 
     35.00       8.6314     420.50 	         pP 
     40.00       8.3222     462.91 	         pP 
     45.00       7.9786     503.67 	         pP 
     50.00       7.6197     542.67 	         pP 
     55.00       7.2569     579.86 	         pP 
     60.00       6.8931     615.23 	         pP 
     65.00       6.5287     648.79 	         pP 
     70.00       6.1632     680.52 	         pP 
     75.00       5.7934     710.41 	         pP 
     80.00       5.4160     738.44 	         pP 
     85.00       5.0242     764.55 	         pP 
     90.00       4.6661     788.67 	         pP 
     95.00       4.5538     811.71 	         pP 
     60.00      60.00 	 pP 	 depth
     20.00      10.9430     280.58 	         pP 
     20.00       9.2297     286.81 	         pP 
     25.00       9.1146     332.74 	         pP 
     25.00      10.3552     333.99 	         pP 
     30.00       8.8596     377.68 	         pP 
     35.00       8.6355     421.47 	         pP 
     40.00       8.3269     463.90 	         pP 
     45.00       7.9832     504.68 	         pP 
     50.00       7.6242     543.70 	         pP 
     55.00       7.2610     580.91 	         pP 
     60.00       6.8969     616.31 	         pP 
     65.00       6.5323     649.88 	         pP 
     70.00       6.1665     681.63 	         pP 
     75.00       5.7965     711.54 	         pP 
     80.00       5.4190     739.58 	         pP 
     85.00       5.0269     765.71 	         pP 
     90.00       4.6671     789.84 	         pP 
     95.00       4.5547     812.88 	         pP 
     70.00      70.00 	 pP 	 depth
     20.00      10.9520     281.33 	         pP 
     20.00       9.2304     287.73 	         pP 
     25.00       9.1178     333.66 	         pP 
     25.00      10.3713     334.81 	         pP 
     30.00       8.8625     378.63 	         pP 
     35.00       8.6395     422.43 	         pP 
     40.00       8.3316     464.88 	         pP 
     45.00       7.9878     505.69 	         pP 
     50.00       7.6286     544.73 	         pP 
     55.00       7.2652     581.97 	         pP 
     60.00       6.9008     617.38 	         pP 
     65.00       6.5359     650.97 	         pP 
     70.00       6.1699     682.74 	         pP 
     75.00       5.7997     712.67 	         pP 
     80.00       5.4220     740.72 	         pP 
     85.00       5.0297     766.86 	         pP 
     90.00       4.6681     791.00 	         pP 
     95.00       4.5556     814.06 	         pP 
     80.00      80.00 	 pP 	 depth
     20.00      10.9607     282.07 	         pP 
     20.00       9.2311     288.65 	         pP 
     25.00       9.1210     334.59 	         pP 
     25.00      10.3875     335.61 	         pP 
     30.00       8.8655     379.57 	         pP 
     35.00       8.6436     423.39 	         pP 
     40.00       8.3363     465.87 	         pP 
     45.00       7.9924     506.70 	         pP 
     50.00       7.6331     545.76 	         pP 
     55.00       7.2693     583.02 	         pP 
     60.00       6.9047     618.45 	         pP 
     65.00       6.5395     652.07 	         pP 
     70.00       6.1733     683.85 	         pP 
     75.00       5.8029     713.79 	         pP 
     80.00       5.4250     741.86 	         pP 
     85.00       5.0325     768.02 	         pP 
     90.00       4.6690     792.17 	         pP 
     95.00       4.5566     815.23 	         pP 
     90.00      90.00 	 pP 	 depth
     20.00      10.9693     282.81 	         pP 
     20.00       9.2317     289.56 	         pP 
     25.00       9.1241     335.51 	         pP 
     25.00      10.4038     336.42 	         pP 
     30.00       8.8685     380.52 	         pP 
     35.00       8.6476     424.35 	         pP 
     40.00       8.3411     466.85 	         pP 
     45.00       7.9971     507.70 	         pP 
     50.00       7.6376     546.79 	         pP 
     55.00       7.2735     584.07 	         pP 
     60.00       6.9086     619.53 	         pP 
     65.00       6.5432     653.16 	         pP 
     70.00       6.1767     684.96 	         pP 
     75.00       5.8061     714.92 	         pP 
     80.00       5.4281     743.01 	         pP 
     85.00       5.0353     769.17 	         pP 
     90.00       4.6700     793.34 	         pP 
     95.00       4.5575     816.40 	         pP 
    100.00     100.00 	 pP 	 depth
     20.00      10.9776     283.55 	         pP 
     20.00       9.2323     290.47 	         pP 
     25.00       9.1272     336.44 	         pP 
     25.00      10.4201     337.22 	         pP 
     30.00       8.8716     381.46 	         pP 
     35.00       8.6517     425.31 	         pP 
     40.00       8.3458     467.83 	         pP 
     45.00       8.0018     508.71 	         pP 
     50.00       7.6421     547.82 	         pP 
     55.00       7.2777     585.12 	         pP 
     60.00       6.9125     620.60 	         pP 
     65.00       6.5468     654.25 	         pP 
     70.00       6.1801     686.06 	         pP 
     75.00       5.8093     716.04 	         pP 
     80.00       5.4311     744.14 	         pP 
     85.00       5.0381     770.33 	         pP 
     90.00       4.6710     794.51 	         pP 
     95.00       4.5584     817.57 	         pP 
    110.00     110.00 	 pP 	 depth
     20.00      10.9858     284.28 	         pP 
     20.00       9.2329     291.39 	         pP 
     25.00       9.1303     337.36 	         pP 
     25.00      10.4366     338.02 	         pP 
     30.00       8.8748     382.40 	         pP 
     35.00       8.6557     426.27 	         pP 
     40.00       8.3506     468.81 	         pP 
     45.00       8.0065     509.71 	         pP 
     50.00       7.6467     548.85 	         pP 
     55.00       7.2820     586.17 	         pP 
     60.00       6.9164     621.67 	         pP 
     65.00       6.5505     655.33 	         pP 
     70.00       6.1836     687.17 	         pP 
     75.00       5.8126     717.16 	         pP 
     80.00       5.4342     745.28 	         pP 
     85.00       5.0410     771.48 	         pP 
     90.00       4.6720     795.67 	         pP 
     95.00       4.5593     818.74 	         pP 
    120.00     120.00 	 pP 	 depth
     20.00      10.9937     285.01 	         pP 
     20.00       9.2335     292.30 	         pP 
     25.00       9.1334     338.28 	         pP 
     25.00      10.4530     338.81 	         pP 
     30.00       8.8780     383.34 	         pP 
     35.00       8.6598     427.23 	         pP 
     40.00       8.3554     469.79 	         pP 
     45.00       8.0113     510.72 	         pP 
     50.00       7.6512     549.88 	         pP 
     55.00       7.2862     587.22 	         pP 
     60.00       6.9204     622.74 	         pP 
     65.00       6.5542     656.42 	         pP 
     70.00       6.1870     688.28 	         pP 
     75.00       5.8158     718.29 	         pP 
     80.00       5.4373     746.42 	         pP 
     85.00       5.0439     772.64 	         pP 
     90.00       4.6730     796.84 	         pP 
     95.00       4.5602     819.91 	         pP 
    130.00     130.00 	 pP 	 depth
     20.00      11.0014     285.73 	         pP 
     20.00       9.2340     293.20 	         pP 
     25.00       9.1364     339.19 	         pP 
     25.00      10.4697     339.59 	         pP 
     30.00       8.8813     384.27 	         pP 
     35.00       8.6639     428.18 	         pP 
     40.00       8.3603     470.77 	         pP 
     45.00       8.0160     511.71 	         pP 
     50.00       7.6558     550.90 	         pP 
     55.00       7.2905     588.26 	         pP 
     60.00       6.9244     623.80 	         pP 
     65.00       6.5580     657.51 	         pP 
     70.00       6.1905     689.38 	         pP 
     75.00       5.8191     719.40 	         pP 
     80.00       5.4404     747.56 	         pP 
     85.00       5.0468     773.79 	         pP 
     90.00       4.6741     798.00 	         pP 
     95.00       4.5611     821.08 	         pP 
    140.00     140.00 	 pP 	 depth
     20.00      11.0090     286.44 	         pP 
     20.00       9.2345     294.10 	         pP 
     25.00       9.1395     340.10 	         pP 
     25.00      10.4865     340.37 	         pP 
     30.00       8.8846     385.20 	         pP 
     35.00       8.6680     429.13 	         pP 
     40.00       8.3651     471.73 	         pP 
     45.00       8.0209     512.71 	         pP 
     50.00       7.6605     551.91 	         pP 
     55.00       7.2949     589.30 	         pP 
     60.00       6.9285     624.86 	         pP 
     65.00       6.5617     658.59 	         pP 
     70.00       6.1940     690.48 	         pP 
     75.00       5.8224     720.52 	         pP 
     80.00       5.4435     748.69 	         pP 
     85.00       5.0497     774.93 	         pP 
     90.00       4.6751     799.16 	         pP 
     95.00       4.5620     822.24 	         pP 
    150.00     150.00 	 pP 	 depth
     20.00      11.0164     287.14 	         pP 
     20.00       9.2349     294.99 	         pP 
     25.00       9.1425     341.00 	         pP 
     25.00      10.5035     341.13 	         pP 
     30.00       8.8881     386.12 	         pP 
     35.00       8.6721     430.06 	         pP 
     40.00       8.3701     472.70 	         pP 
     45.00       8.0258     513.69 	         pP 
     50.00       7.6652     552.92 	         pP 
     55.00       7.2992     590.33 	         pP 
     60.00       6.9325     625.91 	         pP 
     65.00       6.5655     659.66 	         pP 
     70.00       6.1976     691.57 	         pP 
     75.00       5.8258     721.63 	         pP 
     80.00       5.4467     749.81 	         pP 
     85.00       5.0527     776.07 	         pP 
     90.00       4.6762     800.32 	         pP 
     95.00       4.5629     823.40 	         pP 
    160.00     160.00 	 pP 	 depth
     20.00      11.0236     287.83 	         pP 
     20.00       9.2354     295.88 	         pP 
     25.00      10.5207     341.89 	         pP 
     30.00       8.8917     387.04 	         pP 
     35.00       8.6763     430.99 	         pP 
     40.00       8.3750     473.65 	         pP 
     45.00       8.0307     514.67 	         pP 
     50.00       7.6699     553.93 	         pP 
     55.00       7.3037     591.36 	         pP 
     60.00       6.9367     626.96 	         pP 
     65.00       6.5694     660.73 	         pP 
     70.00       6.2011     692.65 	         pP 
     75.00       5.8291     722.73 	         pP 
     80.00       5.4499     750.93 	         pP 
     85.00       5.0558     777.21 	         pP 
     90.00       4.6773     801.47 	         pP 
     95.00       4.5637     824.55 	         pP 
    170.00     170.00 	 pP 	 depth
     20.00      11.0307     288.51 	         pP 
     20.00       9.2357     296.75 	         pP 
     25.00      10.5381     342.63 	         pP 
     25.00       9.1484     342.77 	         pP 
     30.00       8.8954     387.94 	         pP 
     35.00       8.6805     431.92 	         pP 
     40.00       8.3800     474.60 	         pP 
     45.00       8.0357     515.64 	         pP 
     50.00       7.6747     554.93 	         pP 
     55.00       7.3081     592.38 	         pP 
     60.00       6.9408     628.00 	         pP 
     65.00       6.5733     661.79 	         pP 
     70.00       6.2048     693.73 	         pP 
     75.00       5.8325     723.83 	         pP 
     80.00       5.4531     752.05 	         pP 
     85.00       5.0588     778.34 	         pP 
     90.00       4.6784     802.61 	         pP 
     95.00       4.5646     825.70 	         pP 
    180.00     180.00 	 pP 	 depth
     20.00      11.0375     289.17 	         pP 
     20.00       9.2361     297.62 	         pP 
     25.00      10.5558     343.36 	         pP 
     25.00       9.1513     343.65 	         pP 
     30.00       8.8992     388.84 	         pP 
     35.00       8.6848     432.84 	         pP 
     40.00       8.3851     475.54 	         pP 
     45.00       8.0407     516.61 	         pP 
     50.00       7.6796     555.92 	         pP 
     55.00       7.3127     593.40 	         pP 
     60.00       6.9450     629.04 	         pP 
     65.00       6.5772     662.85 	         pP 
     70.00       6.2084     694.81 	         pP 
     75.00       5.8360     724.92 	         pP 
     80.00       5.4563     753.16 	         pP 
     85.00       5.0619     779.47 	         pP 
     90.00       4.6795     803.75 	         pP 
     95.00       4.5655     826.84 	         pP 
    190.00     190.00 	 pP 	 depth
     20.00      11.0442     289.83 	         pP 
     20.00       9.2364     298.49 	         pP 
     25.00      10.5736     344.08 	         pP 
     25.00       9.1542     344.52 	         pP 
     30.00       8.9031     389.74 	         pP 
     35.00       8.6892     433.75 	         pP 
     40.00       8.3901     476.47 	         pP 
     45.00       8.0458     517.57 	         pP 
     50.00       7.6845     556.90 	         pP 
     55.00       7.3172     594.40 	         pP 
     60.00       6.9493     630.07 	         pP 
     65.00       6.5812     663.90 	         pP 
     70.00       6.2121     695.88 	         pP 
     75.00       5.8394     726.01 	         pP 
     80.00       5.4596     754.26 	         pP 
     85.00       5.0651     780.59 	         pP 
     90.00       4.6806     804.89 	         pP 
     95.00       4.5663     827.98 	         pP 
    200.00     200.00 	 pP 	 depth
     20.00      11.0507     290.47 	         pP 
     20.00       9.2367     299.34 	         pP 
     25.00      10.5917     344.79 	         pP 
     25.00       9.1571     345.38 	         pP 
     30.00       8.9072     390.62 	         pP 
     35.00       8.6936     434.65 	         pP 
     40.00       8.3953     477.40 	         pP 
     45.00       8.0510     518.52 	         pP 
     50.00       7.6895     557.88 	         pP 
     55.00       7.3218     595.41 	         pP 
     60.00       6.9536     631.10 	         pP 
     65.00       6.5852     664.94 	         pP 
     70.00       6.2158     696.95 	         pP 
     75.00       5.8429     727.09 	         pP 
     80.00       5.4629     755.36 	         pP 
     85.00       5.0683     781.70 	         pP 
     90.00       4.6818     806.02 	         pP 
     95.00       4.5672     829.12 	         pP 
    210.00     210.00 	 pP 	 depth
     20.00      11.0569     291.11 	         pP 
     20.00       9.2370     300.19 	         pP 
     25.00      10.6100     345.49 	         pP 
     25.00       9.1600     346.24 	         pP 
     30.00       8.9114     391.50 	         pP 
     35.00       8.6981     435.55 	         pP 
     40.00       8.4005     478.32 	         pP 
     45.00       8.0562     519.47 	         pP 
     50.00       7.6945     558.85 	         pP 
     55.00       7.3265     596.40 	         pP 
     60.00       6.9579     632.11 	         pP 
     65.00       6.5892     665.98 	         pP 
     70.00       6.2196     698.01 	         pP 
     75.00       5.8465     728.17 	         pP 
     80.00       5.4662     756.46 	         pP 
     85.00       5.0715     782.81 	         pP 
     90.00       4.6830     807.14 	         pP 
     95.00       4.5681     830.25 	         pP 
    220.00     220.00 	 pP 	 depth
     20.00      11.0629     291.73 	         pP 
     20.00       9.2372     301.03 	         pP 
     25.00      10.6285     346.17 	         pP 
     25.00       9.1628     347.09 	         pP 
     30.00       8.9159     392.37 	         pP 
     30.00       9.7874     397.33 	         pP 
     35.00       8.7026     436.44 	         pP 
     40.00       8.4057     479.23 	         pP 
     45.00       8.0615     520.41 	         pP 
     50.00       7.6995     559.82 	         pP 
     55.00       7.3312     597.39 	         pP 
     60.00       6.9623     633.13 	         pP 
     65.00       6.5933     667.02 	         pP 
     70.00       6.2234     699.06 	         pP 
     75.00       5.8500     729.24 	         pP 
     80.00       5.4696     757.55 	         pP 
     85.00       5.0748     783.92 	         pP 
     90.00       4.6842     808.26 	         pP 
     95.00       4.5689     831.37 	         pP 
    230.00     230.00 	 pP 	 depth
     20.00      11.0686     292.34 	         pP 
     20.00       9.2374     301.86 	         pP 
     25.00      10.6472     346.84 	         pP 
     25.00       9.1656     347.93 	         pP 
     30.00       8.9205     393.23 	         pP 
     30.00       9.8111     398.11 	         pP 
     35.00       8.7072     437.32 	         pP 
     40.00       8.4110     480.14 	         pP 
     45.00       8.0669     521.34 	         pP 
     50.00       7.7047     560.78 	         pP 
     55.00       7.3360     598.38 	         pP 
     60.00       6.9668     634.13 	         pP 
     65.00       6.5974     668.04 	         pP 
     70.00       6.2272     700.11 	         pP 
     75.00       5.8536     730.31 	         pP 
     80.00       5.4730     758.63 	         pP 
     85.00       5.0781     785.02 	         pP 
     90.00       4.6854     809.38 	         pP 
     95.00       4.5698     832.49 	         pP 
    240.00     240.00 	 pP 	 depth
     20.00      11.0741     292.93 	         pP 
     20.00       9.2376     302.68 	         pP 
     25.00      10.6663     347.50 	         pP 
     25.00       9.1684     348.76 	         pP 
     30.00       8.9253     394.08 	         pP 
     30.00       9.8350     398.87 	         pP 
     35.00       8.7119     438.19 	         pP 
     40.00       8.4163     481.03 	         pP 
     45.00       8.0723     522.27 	         pP 
     50.00       7.7099     561.73 	         pP 
     55.00       7.3408     599.35 	         pP 
     60.00       6.9712     635.13 	         pP 
     65.00       6.6016     669.06 	         pP 
     70.00       6.2311     701.15 	         pP 
     75.00       5.8572     731.37 	         pP 
     80.00       5.4764     759.71 	         pP 
     85.00       5.0815     786.11 	         pP 
     90.00       4.6867     810.49 	         pP 
     95.00       4.5706     833.60 	         pP 
    250.00     250.00 	 pP 	 depth
     20.00      11.0794     293.51 	         pP 
     20.00       9.2377     303.50 	         pP 
     25.00      10.6855     348.14 	         pP 
     25.00       9.1711     349.58 	         pP 
     30.00       8.9304     394.93 	         pP 
     30.00       9.8590     399.62 	         pP 
     35.00       8.7167     439.05 	         pP 
     40.00       8.4217     481.92 	         pP 
     45.00       8.0778     523.18 	         pP 
     50.00       7.7151     562.67 	         pP 
     55.00       7.3457     600.32 	         pP 
     60.00       6.9758     636.12 	         pP 
     65.00       6.6058     670.08 	         pP 
     70.00       6.2350     702.18 	         pP 
     75.00       5.8609     732.42 	         pP 
     80.00       5.4798     760.78 	         pP 
     85.00       5.0849     787.20 	         pP 
     90.00       4.6879     811.59 	         pP 
     95.00       4.5715     834.71 	         pP 
    260.00     260.00 	 pP 	 depth
     20.00      11.0843     294.07 	         pP 
     20.00       9.2377     304.30 	         pP 
     25.00      10.7051     348.76 	         pP 
     25.00       9.1739     350.39 	         pP 
     30.00       8.9358     395.76 	         pP 
     30.00       9.8832     400.35 	         pP 
     35.00       8.7216     439.90 	         pP 
     40.00       8.4272     482.80 	         pP 
     45.00       8.0833     524.09 	         pP 
     50.00       7.7205     563.60 	         pP 
     55.00       7.3507     601.28 	         pP 
     60.00       6.9804     637.11 	         pP 
     65.00       6.6101     671.08 	         pP 
     70.00       6.2389     703.21 	         pP 
     75.00       5.8646     733.47 	         pP 
     80.00       5.4833     761.84 	         pP 
     85.00       5.0884     788.28 	         pP 
     90.00       4.6892     812.68 	         pP 
     95.00       4.5723     835.81 	         pP 
    270.00     270.00 	 pP 	 depth
     20.00      11.0890     294.62 	         pP 
     20.00       9.2378     305.10 	         pP 
     25.00      10.7249     349.37 	         pP 
     25.00       9.1766     351.19 	         pP 
     30.00       8.9416     396.59 	         pP 
     30.00       9.9076     401.07 	         pP 
     35.00       8.7265     440.75 	         pP 
     40.00       8.4327     483.67 	         pP 
     45.00       8.0890     524.99 	         pP 
     50.00       7.7259     564.53 	         pP 
     55.00       7.3557     602.23 	         pP 
     60.00       6.9851     638.08 	         pP 
     65.00       6.6144     672.08 	         pP 
     70.00       6.2430     704.23 	         pP 
     75.00       5.8684     734.51 	         pP 
     80.00       5.4869     762.90 	         pP 
     85.00       5.0919     789.35 	         pP 
     90.00       4.6906     813.78 	         pP 
     95.00       4.5732     836.91 	         pP 
    280.00     280.00 	 pP 	 depth
     20.00      11.0934     295.15 	         pP 
     25.00      10.7449     349.97 	         pP 
     25.00       9.1792     351.98 	         pP 
     30.00       8.9478     397.40 	         pP 
     30.00       9.9322     401.78 	         pP 
     35.00       8.7314     441.58 	         pP 
     40.00       8.4383     484.53 	         pP 
     45.00       8.0947     525.88 	         pP 
     50.00       7.7313     565.45 	         pP 
     55.00       7.3608     603.18 	         pP 
     60.00       6.9898     639.05 	         pP 
     65.00       6.6188     673.08 	         pP 
     70.00       6.2470     705.24 	         pP 
     75.00       5.8722     735.54 	         pP 
     80.00       5.4904     763.95 	         pP 
     85.00       5.0954     790.42 	         pP 
     90.00       4.6919     814.86 	         pP 
     95.00       4.5741     838.00 	         pP 
    290.00     290.00 	 pP 	 depth
     20.00      11.0974     295.67 	         pP 
     25.00      10.7653     350.55 	         pP 
     25.00       9.1819     352.76 	         pP 
     30.00       8.9545     398.21 	         pP 
     30.00       9.9570     402.48 	         pP 
     35.00       8.7362     442.41 	         pP 
     40.00       8.4440     485.39 	         pP 
     45.00       8.1005     526.76 	         pP 
     50.00       7.7369     566.36 	         pP 
     55.00       7.3660     604.12 	         pP 
     60.00       6.9946     640.02 	         pP 
     65.00       6.6232     674.06 	         pP 
     70.00       6.2511     706.25 	         pP 
     75.00       5.8760     736.57 	         pP 
     80.00       5.4940     764.99 	         pP 
     85.00       5.0989     791.49 	         pP 
     90.00       4.6933     815.94 	         pP 
     95.00       4.5749     839.08 	         pP 
    300.00     300.00 	 pP 	 depth
     20.00      11.1011     296.18 	         pP 
     25.00      10.7860     351.11 	         pP 
     25.00       9.1845     353.54 	         pP 
     30.00       8.9619     399.00 	         pP 
     30.00       9.9821     403.16 	         pP 
     35.00       8.7410     443.23 	         pP 
     40.00       8.4497     486.23 	         pP 
     45.00       8.1064     527.64 	         pP 
     50.00       7.7425     567.26 	         pP 
     55.00       7.3712     605.05 	         pP 
     60.00       6.9994     640.97 	         pP 
     65.00       6.6277     675.04 	         pP 
     70.00       6.2552     707.25 	         pP 
     75.00       5.8799     737.59 	         pP 
     80.00       5.4977     766.03 	         pP 
     85.00       5.1025     792.54 	         pP 
     90.00       4.6947     817.01 	         pP 
     95.00       4.5757     840.16 	         pP 
    310.00     310.00 	 pP 	 depth
     20.00      11.1044     296.66 	         pP 
     25.00      10.8069     351.66 	         pP 
     25.00       9.1871     354.30 	         pP 
     30.00       8.9702     399.79 	         pP 
     30.00      10.0074     403.83 	         pP 
     35.00       8.7458     444.04 	         pP 
     40.00       8.4555     487.07 	         pP 
     45.00       8.1124     528.50 	         pP 
     50.00       7.7482     568.16 	         pP 
     55.00       7.3765     605.97 	         pP 
     60.00       7.0043     641.92 	         pP 
     65.00       6.6322     676.01 	         pP 
     70.00       6.2594     708.24 	         pP 
     75.00       5.8838     738.60 	         pP 
     80.00       5.5014     767.07 	         pP 
     85.00       5.1061     793.60 	         pP 
     90.00       4.6962     818.08 	         pP 
     95.00       4.5766     841.23 	         pP 
    320.00     320.00 	 pP 	 depth
     20.00      11.1074     297.14 	         pP 
     25.00      10.8279     352.19 	         pP 
     25.00       9.1896     355.06 	         pP 
     30.00       8.9787     400.57 	         pP 
     30.00      10.0331     404.48 	         pP 
     35.00       8.7506     444.84 	         pP 
     40.00       8.4613     487.90 	         pP 
     45.00       8.1184     529.36 	         pP 
     50.00       7.7539     569.05 	         pP 
     55.00       7.3818     606.89 	         pP 
     60.00       7.0092     642.86 	         pP 
     65.00       6.6368     676.98 	         pP 
     70.00       6.2637     709.23 	         pP 
     75.00       5.8878     739.61 	         pP 
     80.00       5.5051     768.09 	         pP 
     85.00       5.1098     794.64 	         pP 
     90.00       4.6977     819.14 	         pP 
     95.00       4.5774     842.30 	         pP 
    330.00     330.00 	 pP 	 depth
     20.00      11.1099     297.59 	         pP 
     25.00      10.8490     352.70 	         pP 
     25.00       9.1922     355.80 	         pP 
     30.00       8.9869     401.34 	         pP 
     30.00      10.0590     405.12 	         pP 
     35.00       8.7553     445.63 	         pP 
     40.00       8.4673     488.72 	         pP 
     45.00       8.1245     530.21 	         pP 
     50.00       7.7598     569.93 	         pP 
     55.00       7.3872     607.79 	         pP 
     60.00       7.0143     643.80 	         pP 
     65.00       6.6415     677.94 	         pP 
     70.00       6.2680     710.21 	         pP 
     75.00       5.8918     740.61 	         pP 
     80.00       5.5088     769.12 	         pP 
     85.00       5.1135     795.68 	         pP 
     90.00       4.6992     820.20 	         pP 
     95.00       4.5783     843.36 	         pP 
    340.00     340.00 	 pP 	 depth
     20.00      11.1120     298.03 	         pP 
     25.00      10.8702     353.19 	         pP 
     25.00       9.1946     356.54 	         pP 
     30.00       8.9948     402.10 	         pP 
     30.00      10.0853     405.75 	         pP 
     35.00       8.7600     446.41 	         pP 
     40.00       8.4733     489.53 	         pP 
     45.00       8.1308     531.05 	         pP 
     50.00       7.7657     570.80 	         pP 
     55.00       7.3927     608.70 	         pP 
     60.00       7.0193     644.73 	         pP 
     65.00       6.6461     678.89 	         pP 
     70.00       6.2723     711.19 	         pP 
     75.00       5.8958     741.61 	         pP 
     80.00       5.5126     770.13 	         pP 
     85.00       5.1172     796.71 	         pP 
     90.00       4.7007     821.25 	         pP 
     95.00       4.5791     844.42 	         pP 
    350.00     350.00 	 pP 	 depth
     20.00      11.1136     298.45 	         pP 
     25.00      10.8915     353.66 	         pP 
     25.00       9.1971     357.27 	         pP 
     30.00       9.0024     402.85 	         pP 
     30.00      10.1128     406.36 	         pP 
     35.00       8.7646     447.19 	         pP 
     40.00       8.4794     490.33 	         pP 
     45.00       8.1371     531.89 	         pP 
     50.00       7.7717     571.66 	         pP 
     55.00       7.3983     609.59 	         pP 
     60.00       7.0245     645.65 	         pP 
     65.00       6.6509     679.83 	         pP 
     70.00       6.2767     712.15 	         pP 
     75.00       5.8999     742.60 	         pP 
     80.00       5.5165     771.14 	         pP 
     85.00       5.1209     797.74 	         pP 
     90.00       4.7023     822.30 	         pP 
     95.00       4.5800     845.47 	         pP 
    360.00     360.00 	 pP 	 depth
     20.00      11.1147     298.85 	         pP 
     25.00      10.9128     354.11 	         pP 
     25.00       9.1995     357.99 	         pP 
     30.00       9.0098     403.59 	         pP 
     30.00      10.1414     406.95 	         pP 
     35.00       8.7692     447.95 	         pP 
     40.00       8.4856     491.13 	         pP 
     45.00       8.1435     532.71 	         pP 
     50.00       7.7778     572.52 	         pP 
     55.00       7.4040     610.48 	         pP 
     60.00       7.0297     646.56 	         pP 
     65.00       6.6557     680.77 	         pP 
     70.00       6.2811     713.12 	         pP 
     75.00       5.9040     743.58 	         pP 
     80.00       5.5203     772.14 	         pP 
     85.00       5.1247     798.76 	         pP 
     90.00       4.7040     823.34 	         pP 
     95.00       4.5808     846.51 	         pP 
    370.00     370.00 	 pP 	 depth
     20.00      11.1152     299.24 	         pP 
     25.00      10.9341     354.54 	         pP 
     25.00       9.2019     358.69 	         pP 
     30.00       9.0170     404.32 	         pP 
     30.00      10.1713     407.53 	         pP 
     35.00       8.7739     448.71 	         pP 
     40.00       8.4918     491.91 	         pP 
     45.00       8.1499     533.53 	         pP 
     50.00       7.7840     573.37 	         pP 
     55.00       7.4097     611.35 	         pP 
     60.00       7.0350     647.47 	         pP 
     65.00       6.6606     681.71 	         pP 
     70.00       6.2856     714.07 	         pP 
     75.00       5.9082     744.56 	         pP 
     80.00       5.5242     773.14 	         pP 
     85.00       5.1285     799.78 	         pP 
     90.00       4.7056     824.37 	         pP 
     95.00       4.5817     847.55 	         pP 
    380.00     380.00 	 pP 	 depth
     25.00      10.9554     354.95 	         pP 
     25.00       9.2042     359.39 	         pP 
     30.00       9.0239     405.04 	         pP 
     30.00      10.2027     408.09 	         pP 
     35.00       8.7785     449.46 	         pP 
     40.00       8.4982     492.69 	         pP 
     45.00       8.1565     534.34 	         pP 
     50.00       7.7903     574.21 	         pP 
     55.00       7.4155     612.23 	         pP 
     60.00       7.0403     648.37 	         pP 
     65.00       6.6655     682.63 	         pP 
     70.00       6.2901     715.02 	         pP 
     75.00       5.9124     745.53 	         pP 
     80.00       5.5282     774.13 	         pP 
     85.00       5.1324     800.79 	         pP 
     90.00       4.7074     825.40 	         pP 
     95.00       4.5825     848.59 	         pP 
    390.00     390.00 	 pP 	 depth
     25.00      10.9765     355.34 	         pP 
     25.00       9.2065     360.08 	         pP 
     30.00       9.0306     405.75 	         pP 
     30.00      10.2358     408.63 	         pP 
     35.00       8.7830     450.20 	         pP 
     40.00       8.5046     493.46 	         pP 
     45.00       8.1632     535.14 	         pP 
     50.00       7.7967     575.05 	         pP 
     55.00       7.4214     613.09 	         pP 
     60.00       7.0457     649.26 	         pP 
     65.00       6.6705     683.55 	         pP 
     70.00       6.2947     715.96 	         pP 
     75.00       5.9167     746.49 	         pP 
     80.00       5.5322     775.12 	         pP 
     85.00       5.1362     801.80 	         pP 
     90.00       4.7091     826.43 	         pP 
     95.00       4.5833     849.62 	         pP 
    400.00     400.00 	 pP 	 depth
     25.00      10.9971     355.70 	         pP 
     25.00       9.2087     360.76 	         pP 
     30.00       9.0372     406.45 	         pP 
     30.00      10.2709     409.16 	         pP 
     35.00       8.7876     450.93 	         pP 
     40.00       8.5112     494.21 	         pP 
     45.00       8.1699     535.93 	         pP 
     50.00       7.8031     575.87 	         pP 
     55.00       7.4273     613.95 	         pP 
     60.00       7.0512     650.15 	         pP 
     65.00       6.6756     684.46 	         pP 
     70.00       6.2994     716.90 	         pP 
     75.00       5.9210     747.45 	         pP 
     80.00       5.5362     776.10 	         pP 
     85.00       5.1402     802.80 	         pP 
     90.00       4.7109     827.45 	         pP 
     95.00       4.5842     850.64 	         pP 
    410.00     410.00 	 pP 	 depth
     25.00      11.0172     356.04 	         pP 
     25.00       9.2109     361.43 	         pP 
     30.00       9.0436     407.14 	         pP 
     30.00      10.3083     409.66 	         pP 
     35.00       8.7922     451.65 	         pP 
     40.00       8.5178     494.96 	         pP 
     45.00       8.1767     536.72 	         pP 
     50.00       7.8097     576.69 	         pP 
     55.00       7.4334     614.80 	         pP 
     60.00       7.0568     651.02 	         pP 
     65.00       6.6807     685.37 	         pP 
     70.00       6.3041     717.83 	         pP 
     75.00       5.9254     748.41 	         pP 
     80.00       5.5403     777.07 	         pP 
     85.00       5.1441     803.79 	         pP 
     90.00       4.7128     828.46 	         pP 
     95.00       4.5850     851.66 	         pP 
    420.00     420.00 	 pP 	 depth
     25.00       9.2132     362.03 	         pP 
     30.00       9.0505     407.76 	         pP 
     30.00      10.3592     410.05 	         pP 
     35.00       8.7971     452.30 	         pP 
     40.00       8.5251     495.65 	         pP 
     45.00       8.1842     537.44 	         pP 
     50.00       7.8168     577.45 	         pP 
     55.00       7.4399     615.59 	         pP 
     60.00       7.0628     651.85 	         pP 
     65.00       6.6861     686.22 	         pP 
     70.00       6.3091     718.71 	         pP 
     75.00       5.9301     749.31 	         pP 
     80.00       5.5446     778.00 	         pP 
     85.00       5.1483     804.73 	         pP 
     90.00       4.7148     829.42 	         pP 
     95.00       4.5859     852.63 	         pP 
    430.00     430.00 	 pP 	 depth
     25.00       9.2155     362.61 	         pP 
     30.00       9.0572     408.36 	         pP 
     30.00      10.4162     410.40 	         pP 
     35.00       8.8021     452.94 	         pP 
     40.00       8.5325     496.32 	         pP 
     45.00       8.1918     538.15 	         pP 
     50.00       7.8241     578.20 	         pP 
     55.00       7.4465     616.37 	         pP 
     60.00       7.0688     652.66 	         pP 
     65.00       6.6917     687.06 	         pP 
     70.00       6.3141     719.58 	         pP 
     75.00       5.9347     750.20 	         pP 
     80.00       5.5490     778.91 	         pP 
     85.00       5.1525     805.67 	         pP 
     90.00       4.7169     830.39 	         pP 
     95.00       4.5868     853.60 	         pP 
    440.00     440.00 	 pP 	 depth
     25.00       9.2177     363.18 	         pP 
     30.00       9.0639     408.96 	         pP 
     30.00      10.4827     410.73 	         pP 
     35.00       8.8070     453.57 	         pP 
     40.00       8.5401     496.99 	         pP 
     45.00       8.1995     538.85 	         pP 
     50.00       7.8314     578.94 	         pP 
     55.00       7.4532     617.15 	         pP 
     60.00       7.0750     653.47 	         pP 
     65.00       6.6973     687.90 	         pP 
     70.00       6.3193     720.44 	         pP 
     75.00       5.9395     751.09 	         pP 
     80.00       5.5534     779.83 	         pP 
     85.00       5.1567     806.61 	         pP 
     90.00       4.7191     831.34 	         pP 
     95.00       4.5877     854.56 	         pP 
    450.00     450.00 	 pP 	 depth
     25.00       9.2199     363.75 	         pP 
     30.00       9.0706     409.55 	         pP 
     30.00      10.5671     411.01 	         pP 
     30.00      10.8831     411.15 	         pP 
     35.00       8.8119     454.19 	         pP 
     40.00       8.5478     497.64 	         pP 
     45.00       8.2073     539.55 	         pP 
     50.00       7.8389     579.67 	         pP 
     55.00       7.4601     617.92 	         pP 
     60.00       7.0812     654.28 	         pP 
     65.00       6.7030     688.74 	         pP 
     70.00       6.3245     721.30 	         pP 
     75.00       5.9443     751.98 	         pP 
     80.00       5.5579     780.74 	         pP 
     85.00       5.1610     807.54 	         pP 
     90.00       4.7213     832.29 	         pP 
     95.00       4.5885     855.51 	         pP 
    460.00     460.00 	 pP 	 depth
     25.00       9.2219     364.30 	         pP 
     30.00       9.0773     410.12 	         pP 
     35.00       8.8170     454.80 	         pP 
     40.00       8.5556     498.29 	         pP 
     45.00       8.2152     540.24 	         pP 
     50.00       7.8465     580.40 	         pP 
     55.00       7.4670     618.68 	         pP 
     60.00       7.0875     655.07 	         pP 
     65.00       6.7087     689.56 	         pP 
     70.00       6.3297     722.16 	         pP 
     75.00       5.9491     752.86 	         pP 
     80.00       5.5624     781.64 	         pP 
     85.00       5.1653     808.46 	         pP 
     90.00       4.7237     833.24 	         pP 
     95.00       4.5894     856.47 	         pP 
    470.00     470.00 	 pP 	 depth
     25.00       9.2238     364.85 	         pP 
     30.00       9.0841     410.69 	         pP 
     35.00       8.8221     455.41 	         pP 
     40.00       8.5635     498.93 	         pP 
     45.00       8.2233     540.92 	         pP 
     50.00       7.8543     581.12 	         pP 
     55.00       7.4740     619.44 	         pP 
     60.00       7.0940     655.86 	         pP 
     65.00       6.7146     690.38 	         pP 
     70.00       6.3350     723.01 	         pP 
     75.00       5.9540     753.73 	         pP 
     80.00       5.5669     782.54 	         pP 
     85.00       5.1697     809.38 	         pP 
     90.00       4.7261     834.18 	         pP 
     95.00       4.5903     857.42 	         pP 
    100.00       4.4399     880.03 	         pP 
    480.00     480.00 	 pP 	 depth
     25.00       9.2257     365.38 	         pP 
     30.00       9.0910     411.25 	         pP 
     35.00       8.8274     456.00 	         pP 
     40.00       8.5715     499.56 	         pP 
     45.00       8.2315     541.59 	         pP 
     50.00       7.8621     581.83 	         pP 
     55.00       7.4811     620.19 	         pP 
     60.00       7.1005     656.65 	         pP 
     65.00       6.7205     691.20 	         pP 
     70.00       6.3404     723.85 	         pP 
     75.00       5.9590     754.60 	         pP 
     80.00       5.5715     783.43 	         pP 
     85.00       5.1740     810.30 	         pP 
     90.00       4.7286     835.12 	         pP 
     95.00       4.5912     858.36 	         pP 
    100.00       4.4416     880.98 	         pP 
    490.00     490.00 	 pP 	 depth
     25.00       9.2274     365.91 	         pP 
     30.00       9.0979     411.79 	         pP 
     35.00       8.8329     456.59 	         pP 
     40.00       8.5797     500.18 	         pP 
     45.00       8.2398     542.25 	         pP 
     50.00       7.8701     582.53 	         pP 
     55.00       7.4884     620.93 	         pP 
     60.00       7.1070     657.42 	         pP 
     65.00       6.7265     692.01 	         pP 
     70.00       6.3459     724.69 	         pP 
     75.00       5.9640     755.46 	         pP 
     80.00       5.5762     784.32 	         pP 
     85.00       5.1785     811.21 	         pP 
     90.00       4.7312     836.05 	         pP 
     95.00       4.5921     859.30 	         pP 
    100.00       4.4433     881.92 	         pP 
    500.00     500.00 	 pP 	 depth
     25.00       9.2290     366.42 	         pP 
     30.00       9.1048     412.33 	         pP 
     35.00       8.8384     457.17 	         pP 
     40.00       8.5880     500.79 	         pP 
     45.00       8.2483     542.91 	         pP 
     50.00       7.8783     583.23 	         pP 
     55.00       7.4958     621.67 	         pP 
     60.00       7.1137     658.19 	         pP 
     65.00       6.7325     692.81 	         pP 
     70.00       6.3514     725.52 	         pP 
     75.00       5.9691     756.32 	         pP 
     80.00       5.5809     785.20 	         pP 
     85.00       5.1829     812.11 	         pP 
     90.00       4.7340     836.98 	         pP 
     95.00       4.5929     860.23 	         pP 
    100.00       4.4449     882.86 	         pP 
    510.00     510.00 	 pP 	 depth
     25.00       9.2306     366.93 	         pP 
     30.00       9.1118     412.86 	         pP 
     35.00       8.8442     457.73 	         pP 
     40.00       8.5964     501.39 	         pP 
     45.00       8.2570     543.55 	         pP 
     50.00       7.8866     583.92 	         pP 
     55.00       7.5033     622.40 	         pP 
     60.00       7.1205     658.96 	         pP 
     65.00       6.7387     693.61 	         pP 
     70.00       6.3570     726.34 	         pP 
     75.00       5.9742     757.17 	         pP 
     80.00       5.5856     786.08 	         pP 
     85.00       5.1874     813.01 	         pP 
     90.00       4.7369     837.90 	         pP 
     95.00       4.5938     861.16 	         pP 
    100.00       4.4466     883.80 	         pP 
    520.00     520.00 	 pP 	 depth
     25.00       9.2319     367.42 	         pP 
     30.00       9.1189     413.37 	         pP 
     35.00       8.8501     458.29 	         pP 
     35.00      10.4946     464.80 	         pP 
     40.00       8.6049     501.99 	         pP 
     45.00       8.2659     544.19 	         pP 
     50.00       7.8950     584.60 	         pP 
     55.00       7.5109     623.12 	         pP 
     60.00       7.1274     659.72 	         pP 
     65.00       6.7449     694.40 	         pP 
     70.00       6.3626     727.17 	         pP 
     75.00       5.9794     758.02 	         pP 
     80.00       5.5904     786.95 	         pP 
     85.00       5.1920     813.91 	         pP 
     90.00       4.7400     838.82 	         pP 
     95.00       4.5947     862.09 	         pP 
    100.00       4.4483     884.73 	         pP 
    530.00     530.00 	 pP 	 depth
     25.00       9.2332     367.91 	         pP 
     30.00       9.1259     413.87 	         pP 
     35.00       8.8561     458.84 	         pP 
     35.00       9.7990     464.49 	         pP 
     35.00      10.4270     464.83 	         pP 
     40.00       8.6135     502.57 	         pP 
     45.00       8.2751     544.82 	         pP 
     50.00       7.9036     585.28 	         pP 
     55.00       7.5187     623.83 	         pP 
     60.00       7.1344     660.47 	         pP 
     65.00       6.7512     695.18 	         pP 
     70.00       6.3684     727.98 	         pP 
     75.00       5.9847     758.86 	         pP 
     80.00       5.5953     787.82 	         pP 
     85.00       5.1966     814.80 	         pP 
     90.00       4.7433     839.74 	         pP 
     95.00       4.5956     863.01 	         pP 
    100.00       4.4500     885.66 	         pP 
    540.00     540.00 	 pP 	 depth
     25.00       9.2343     368.38 	         pP 
     30.00       9.1330     414.37 	         pP 
     35.00       8.8625     459.38 	         pP 
     35.00       9.9310     464.82 	         pP 
     35.00      10.3336     464.91 	         pP 
     40.00       8.6222     503.15 	         pP 
     45.00       8.2844     545.44 	         pP 
     50.00       7.9123     585.94 	         pP 
     55.00       7.5266     624.54 	         pP 
     60.00       7.1415     661.21 	         pP 
     65.00       6.7576     695.96 	         pP 
     70.00       6.3742     728.79 	         pP 
     75.00       5.9900     759.70 	         pP 
     80.00       5.6002     788.68 	         pP 
     85.00       5.2012     815.69 	         pP 
     90.00       4.7468     840.65 	         pP 
     95.00       4.5964     863.93 	         pP 
    100.00       4.4517     886.59 	         pP 
    550.00     550.00 	 pP 	 depth
     25.00       9.2353     368.84 	         pP 
     30.00       9.1400     414.85 	         pP 
     35.00       8.8691     459.90 	         pP 
     40.00       8.6310     503.71 	         pP 
     45.00       8.2940     546.05 	         pP 
     50.00       7.9212     586.60 	         pP 
     55.00       7.5346     625.24 	         pP 
     60.00       7.1488     661.95 	         pP 
     65.00       6.7641     696.73 	         pP 
     70.00       6.3800     729.59 	         pP 
     75.00       5.9954     760.53 	         pP 
     80.00       5.6051     789.54 	         pP 
     85.00       5.2059     816.57 	         pP 
     90.00       4.7506     841.55 	         pP 
     95.00       4.5973     864.84 	         pP 
    100.00       4.4534     887.51 	         pP 
    560.00     560.00 	 pP 	 depth
     25.00       9.2362     369.29 	         pP 
     30.00       9.1468     415.32 	         pP 
     35.00       8.8761     460.42 	         pP 
     40.00       8.6400     504.26 	         pP 
     45.00       8.3038     546.65 	         pP 
     50.00       7.9303     587.25 	         pP 
     55.00       7.5428     625.93 	         pP 
     60.00       7.1561     662.68 	         pP 
     65.00       6.7707     697.50 	         pP 
     70.00       6.3860     730.39 	         pP 
     75.00       6.0009     761.36 	         pP 
     80.00       5.6101     790.39 	         pP 
     85.00       5.2106     817.44 	         pP 
     90.00       4.7547     842.46 	         pP 
     95.00       4.5982     865.75 	         pP 
    100.00       4.4551     888.42 	         pP 
    570.00     570.00 	 pP 	 depth
     25.00       9.2368     369.73 	         pP 
     30.00       9.1536     415.77 	         pP 
     35.00       8.8836     460.93 	         pP 
     40.00       8.6490     504.81 	         pP 
     45.00       8.3138     547.25 	         pP 
     50.00       7.9395     587.89 	         pP 
     55.00       7.5512     626.62 	         pP 
     60.00       7.1635     663.41 	         pP 
     65.00       6.7774     698.26 	         pP 
     70.00       6.3920     731.18 	         pP 
     75.00       6.0064     762.18 	         pP 
     80.00       5.6152     791.24 	         pP 
     85.00       5.2153     818.32 	         pP 
     90.00       4.7593     843.35 	         pP 
     95.00       4.5991     866.66 	         pP 
    100.00       4.4568     889.34 	         pP 
    580.00     580.00 	 pP 	 depth
     25.00       9.2373     370.16 	         pP 
     30.00       9.1602     416.22 	         pP 
     35.00       8.8916     461.42 	         pP 
     40.00       8.6583     505.34 	         pP 
     45.00       8.3241     547.83 	         pP 
     50.00       7.9490     588.52 	         pP 
     55.00       7.5597     627.30 	         pP 
     60.00       7.1711     664.12 	         pP 
     65.00       6.7842     699.01 	         pP 
     70.00       6.3982     731.97 	         pP 
     75.00       6.0120     762.99 	         pP 
     80.00       5.6204     792.08 	         pP 
     85.00       5.2201     819.18 	         pP 
     90.00       4.7645     844.24 	         pP 
     95.00       4.6000     867.56 	         pP 
    100.00       4.4585     890.24 	         pP 
    590.00     590.00 	 pP 	 depth
     25.00       9.2377     370.58 	         pP 
     30.00       9.1668     416.65 	         pP 
     35.00       8.9003     461.91 	         pP 
     40.00       8.6676     505.87 	         pP 
     45.00       8.3347     548.41 	         pP 
     50.00       7.9586     589.15 	         pP 
     55.00       7.5684     627.97 	         pP 
     60.00       7.1788     664.84 	         pP 
     65.00       6.7911     699.76 	         pP 
     70.00       6.4044     732.75 	         pP 
     75.00       6.0176     763.80 	         pP 
     80.00       5.6256     792.92 	         pP 
     85.00       5.2249     820.05 	         pP 
     90.00       4.7707     845.13 	         pP 
     95.00       4.6010     868.45 	         pP 
    100.00       4.4602     891.15 	         pP 
    600.00     600.00 	 pP 	 depth
     25.00       9.2378     370.98 	         pP 
     30.00       9.1731     417.07 	         pP 
     35.00       8.9098     462.38 	         pP 
     40.00       8.6771     506.38 	         pP 
     45.00       8.3454     548.97 	         pP 
     50.00       7.9684     589.76 	         pP 
     55.00       7.5773     628.63 	         pP 
     60.00       7.1866     665.54 	         pP 
     65.00       6.7980     700.50 	         pP 
     70.00       6.4106     733.52 	         pP 
     75.00       6.0234     764.61 	         pP 
     80.00       5.6308     793.75 	         pP 
     85.00       5.2298     820.90 	         pP 
     90.00       4.7787     846.01 	         pP 
     95.00       4.6019     869.35 	         pP 
    100.00       4.4620     892.05 	         pP 
    610.00     610.00 	 pP 	 depth
     30.00       9.1794     417.48 	         pP 
     35.00       8.9203     462.84 	         pP 
     40.00       8.6870     506.88 	         pP 
     45.00       8.3564     549.53 	         pP 
     50.00       7.9784     590.37 	         pP 
     55.00       7.5863     629.29 	         pP 
     60.00       7.1946     666.24 	         pP 
     65.00       6.8051     701.24 	         pP 
     70.00       6.4170     734.29 	         pP 
     75.00       6.0292     765.41 	         pP 
     80.00       5.6361     794.57 	         pP 
     85.00       5.2347     821.76 	         pP 
     90.00       4.7908     846.89 	         pP 
     95.00       4.6029     870.23 	         pP 
    100.00       4.4637     892.94 	         pP 
    620.00     620.00 	 pP 	 depth
     30.00       9.1855     417.87 	         pP 
     35.00       8.9322     463.29 	         pP 
     40.00       8.6971     507.38 	         pP 
     40.00       9.9700     516.20 	         pP 
     45.00       8.3676     550.07 	         pP 
     50.00       7.9887     590.97 	         pP 
     55.00       7.5956     629.93 	         pP 
     60.00       7.2027     666.93 	         pP 
     65.00       6.8123     701.96 	         pP 
     70.00       6.4235     735.05 	         pP 
     75.00       6.0350     766.20 	         pP 
     80.00       5.6415     795.40 	         pP 
     85.00       5.2397     822.60 	         pP 
     90.00       4.8026     847.77 	         pP 
     95.00       4.6039     871.12 	         pP 
    100.00       4.4655     893.83 	         pP 
    630.00     630.00 	 pP 	 depth
     30.00       9.1914     418.25 	         pP 
     35.00       8.9461     463.73 	         pP 
     40.00       8.7077     507.86 	         pP 
     40.00       9.9097     516.24 	         pP 
     45.00       8.3790     550.61 	         pP 
     50.00       7.9991     591.56 	         pP 
     55.00       7.6050     630.57 	         pP 
     60.00       7.2110     667.61 	         pP 
     65.00       6.8196     702.69 	         pP 
     70.00       6.4300     735.81 	         pP 
     75.00       6.0410     766.99 	         pP 
     80.00       5.6470     796.21 	         pP 
     85.00       5.2447     823.45 	         pP 
     90.00       4.8128     848.63 	         pP 
     95.00       4.6049     872.00 	         pP 
    100.00       4.4672     894.72 	         pP 
    640.00     640.00 	 pP 	 depth
     30.00       9.1972     418.62 	         pP 
     35.00       8.9637     464.15 	         pP 
     40.00       8.7188     508.33 	         pP 
     40.00       9.8413     516.30 	         pP 
     45.00       8.3907     551.13 	         pP 
     50.00       8.0099     592.14 	         pP 
     55.00       7.6146     631.21 	         pP 
     60.00       7.2193     668.29 	         pP 
     65.00       6.8271     703.40 	         pP 
     70.00       6.4367     736.56 	         pP 
     75.00       6.0470     767.77 	         pP 
     80.00       5.6525     797.02 	         pP 
     85.00       5.2498     824.28 	         pP 
     90.00       4.8221     849.50 	         pP 
     95.00       4.6059     872.87 	         pP 
    100.00       4.4690     895.60 	         pP 
    650.00     650.00 	 pP 	 depth
     30.00       9.2028     418.97 	         pP 
     35.00       8.9854     464.55 	         pP 
     40.00       8.7301     508.78 	         pP 
     45.00       8.4026     551.65 	         pP 
     50.00       8.0208     592.71 	         pP 
     55.00       7.6244     631.83 	         pP 
     60.00       7.2279     668.96 	         pP 
     65.00       6.8346     704.11 	         pP 
     70.00       6.4434     737.31 	         pP 
     75.00       6.0531     768.55 	         pP 
     80.00       5.6581     797.83 	         pP 
     85.00       5.2549     825.12 	         pP 
     90.00       4.8307     850.36 	         pP 
     95.00       4.6069     873.74 	         pP 
    100.00       4.4708     896.48 	         pP 
    660.00     660.00 	 pP 	 depth
     30.00       9.2082     419.31 	         pP 
     35.00       9.0053     464.94 	         pP 
     40.00       8.7413     509.23 	         pP 
     45.00       8.4149     552.15 	         pP 
     50.00       8.0321     593.28 	         pP 
     55.00       7.6344     632.45 	         pP 
     60.00       7.2366     669.62 	         pP 
     65.00       6.8423     704.82 	         pP 
     70.00       6.4503     738.05 	         pP 
     75.00       6.0593     769.32 	         pP 
     80.00       5.6637     798.63 	         pP 
     85.00       5.2600     825.95 	         pP 
     90.00       4.8387     851.21 	         pP 
     95.00       4.6079     874.61 	         pP 
    100.00       4.4726     897.35 	         pP 
    670.00     670.00 	 pP 	 depth
     35.00       9.0402     465.13 	         pP 
     40.00       8.7575     509.52 	         pP 
     45.00       8.4313     552.53 	         pP 
     50.00       8.0462     593.73 	         pP 
     55.00       7.6464     632.96 	         pP 
     60.00       7.2467     670.19 	         pP 
     65.00       6.8510     705.44 	         pP 
     70.00       6.4580     738.71 	         pP 
     75.00       6.0662     770.02 	         pP 
     80.00       5.6700     799.36 	         pP 
     85.00       5.2657     826.71 	         pP 
     90.00       4.8468     852.00 	         pP 
     95.00       4.6091     875.41 	         pP 
    100.00       4.4745     898.16 	         pP 
    680.00     680.00 	 pP 	 depth
     35.00       9.0800     465.28 	         pP 
     40.00       8.7738     509.79 	         pP 
     45.00       8.4485     552.89 	         pP 
     50.00       8.0608     594.17 	         pP 
     55.00       7.6586     633.47 	         pP 
     60.00       7.2570     670.76 	         pP 
     65.00       6.8599     706.05 	         pP 
     70.00       6.4658     739.36 	         pP 
     75.00       6.0732     770.71 	         pP 
     80.00       5.6763     800.09 	         pP 
     85.00       5.2715     827.46 	         pP 
     90.00       4.8545     852.78 	         pP 
     95.00       4.6102     876.21 	         pP 
    100.00       4.4764     898.97 	         pP 
    690.00     690.00 	 pP 	 depth
     40.00       8.7903     510.05 	         pP 
     45.00       8.4665     553.24 	         pP 
     50.00       8.0759     594.61 	         pP 
     55.00       7.6712     633.98 	         pP 
     60.00       7.2676     671.32 	         pP 
     65.00       6.8690     706.66 	         pP 
     70.00       6.4738     740.01 	         pP 
     75.00       6.0802     771.40 	         pP 
     80.00       5.6827     800.81 	         pP 
     85.00       5.2773     828.22 	         pP 
     90.00       4.8618     853.56 	         pP 
     95.00       4.6114     877.01 	         pP 
    100.00       4.4784     899.77 	         pP 
    700.00     700.00 	 pP 	 depth
     40.00       8.8074     510.28 	         pP 
     45.00       8.4855     553.57 	         pP 
     50.00       8.0917     595.03 	         pP 
     55.00       7.6842     634.47 	         pP 
     60.00       7.2784     671.87 	         pP 
     65.00       6.8782     707.26 	         pP 
     70.00       6.4819     740.66 	         pP 
     75.00       6.0874     772.08 	         pP 
     80.00       5.6892     801.53 	         pP 
     85.00       5.2832     828.96 	         pP 
     90.00       4.8688     854.34 	         pP 
     95.00       4.6126     877.80 	         pP 
    100.00       4.4803     900.57 	         pP 
