      0.00       0.00 	 PKKPdf 	 depth
     20.00      -0.4532    1908.41 	     PKKPdf 
     25.00      -0.5649    1905.86 	     PKKPdf 
     30.00      -0.6754    1902.76 	     PKKPdf 
     35.00      -0.7844    1899.11 	     PKKPdf 
     40.00      -0.8915    1894.92 	     PKKPdf 
     45.00      -0.9963    1890.20 	     PKKPdf 
     50.00      -1.0982    1884.96 	     PKKPdf 
     55.00      -1.1965    1879.22 	     PKKPdf 
     60.00      -1.2906    1873.00 	     PKKPdf 
     65.00      -1.3796    1866.33 	     PKKPdf 
     70.00      -1.4626    1859.22 	     PKKPdf 
     75.00      -1.5386    1851.71 	     PKKPdf 
     80.00      -1.6070    1843.84 	     PKKPdf 
     85.00      -1.6671    1835.66 	     PKKPdf 
     90.00      -1.7188    1827.19 	     PKKPdf 
     95.00      -1.7623    1818.48 	     PKKPdf 
    100.00      -1.7980    1809.58 	     PKKPdf 
    105.00      -1.8269    1800.51 	     PKKPdf 
    110.00      -1.8500    1791.32 	     PKKPdf 
    115.00      -1.8681    1782.02 	     PKKPdf 
    120.00      -1.8822    1772.64 	     PKKPdf 
    125.00      -1.8930    1763.20 	     PKKPdf 
    130.00      -1.9011    1753.72 	     PKKPdf 
    135.00      -1.9070    1744.20 	     PKKPdf 
    140.00      -1.9110    1734.65 	     PKKPdf 
    145.00      -1.9136    1725.09 	     PKKPdf 
    150.00      -1.9149    1715.52 	     PKKPdf 
     10.00      10.00 	 PKKPdf 	 depth
     20.00      -0.4531    1906.68 	     PKKPdf 
     25.00      -0.5648    1904.14 	     PKKPdf 
     30.00      -0.6753    1901.04 	     PKKPdf 
     35.00      -0.7843    1897.39 	     PKKPdf 
     40.00      -0.8914    1893.20 	     PKKPdf 
     45.00      -0.9962    1888.48 	     PKKPdf 
     50.00      -1.0981    1883.24 	     PKKPdf 
     55.00      -1.1964    1877.50 	     PKKPdf 
     60.00      -1.2905    1871.28 	     PKKPdf 
     65.00      -1.3795    1864.61 	     PKKPdf 
     70.00      -1.4625    1857.50 	     PKKPdf 
     75.00      -1.5385    1849.99 	     PKKPdf 
     80.00      -1.6069    1842.13 	     PKKPdf 
     85.00      -1.6670    1833.94 	     PKKPdf 
     90.00      -1.7187    1825.47 	     PKKPdf 
     95.00      -1.7622    1816.76 	     PKKPdf 
    100.00      -1.7980    1807.86 	     PKKPdf 
    105.00      -1.8269    1798.80 	     PKKPdf 
    110.00      -1.8500    1789.60 	     PKKPdf 
    115.00      -1.8681    1780.30 	     PKKPdf 
    120.00      -1.8822    1770.93 	     PKKPdf 
    125.00      -1.8930    1761.49 	     PKKPdf 
    130.00      -1.9011    1752.00 	     PKKPdf 
    135.00      -1.9070    1742.48 	     PKKPdf 
    140.00      -1.9110    1732.94 	     PKKPdf 
    145.00      -1.9136    1723.37 	     PKKPdf 
    150.00      -1.9149    1713.80 	     PKKPdf 
     20.00      20.00 	 PKKPdf 	 depth
     20.00      -0.4531    1904.96 	     PKKPdf 
     25.00      -0.5647    1902.41 	     PKKPdf 
     30.00      -0.6752    1899.31 	     PKKPdf 
     35.00      -0.7842    1895.67 	     PKKPdf 
     40.00      -0.8913    1891.48 	     PKKPdf 
     45.00      -0.9961    1886.76 	     PKKPdf 
     50.00      -1.0980    1881.52 	     PKKPdf 
     55.00      -1.1963    1875.78 	     PKKPdf 
     60.00      -1.2904    1869.56 	     PKKPdf 
     65.00      -1.3794    1862.89 	     PKKPdf 
     70.00      -1.4623    1855.78 	     PKKPdf 
     75.00      -1.5384    1848.27 	     PKKPdf 
     80.00      -1.6068    1840.41 	     PKKPdf 
     85.00      -1.6670    1832.22 	     PKKPdf 
     90.00      -1.7187    1823.75 	     PKKPdf 
     95.00      -1.7621    1815.05 	     PKKPdf 
    100.00      -1.7979    1806.14 	     PKKPdf 
    105.00      -1.8269    1797.08 	     PKKPdf 
    110.00      -1.8499    1787.89 	     PKKPdf 
    115.00      -1.8681    1778.59 	     PKKPdf 
    120.00      -1.8822    1769.21 	     PKKPdf 
    125.00      -1.8930    1759.77 	     PKKPdf 
    130.00      -1.9011    1750.29 	     PKKPdf 
    135.00      -1.9069    1740.77 	     PKKPdf 
    140.00      -1.9110    1731.22 	     PKKPdf 
    145.00      -1.9136    1721.66 	     PKKPdf 
    150.00      -1.9149    1712.09 	     PKKPdf 
     30.00      30.00 	 PKKPdf 	 depth
     20.00      -0.4530    1903.42 	     PKKPdf 
     25.00      -0.5647    1900.88 	     PKKPdf 
     30.00      -0.6751    1897.78 	     PKKPdf 
     35.00      -0.7841    1894.13 	     PKKPdf 
     40.00      -0.8912    1889.94 	     PKKPdf 
     45.00      -0.9960    1885.22 	     PKKPdf 
     50.00      -1.0979    1879.98 	     PKKPdf 
     55.00      -1.1962    1874.25 	     PKKPdf 
     60.00      -1.2903    1868.03 	     PKKPdf 
     65.00      -1.3793    1861.35 	     PKKPdf 
     70.00      -1.4622    1854.25 	     PKKPdf 
     75.00      -1.5383    1846.74 	     PKKPdf 
     80.00      -1.6067    1838.88 	     PKKPdf 
     85.00      -1.6669    1830.69 	     PKKPdf 
     90.00      -1.7186    1822.22 	     PKKPdf 
     95.00      -1.7621    1813.52 	     PKKPdf 
    100.00      -1.7978    1804.61 	     PKKPdf 
    105.00      -1.8268    1795.55 	     PKKPdf 
    110.00      -1.8499    1786.36 	     PKKPdf 
    115.00      -1.8680    1777.06 	     PKKPdf 
    120.00      -1.8821    1767.68 	     PKKPdf 
    125.00      -1.8929    1758.24 	     PKKPdf 
    130.00      -1.9010    1748.76 	     PKKPdf 
    135.00      -1.9069    1739.24 	     PKKPdf 
    140.00      -1.9110    1729.69 	     PKKPdf 
    145.00      -1.9136    1720.13 	     PKKPdf 
    150.00      -1.9149    1710.56 	     PKKPdf 
     40.00      40.00 	 PKKPdf 	 depth
     20.00      -0.4530    1902.03 	     PKKPdf 
     25.00      -0.5646    1899.49 	     PKKPdf 
     30.00      -0.6751    1896.39 	     PKKPdf 
     35.00      -0.7840    1892.74 	     PKKPdf 
     40.00      -0.8911    1888.55 	     PKKPdf 
     45.00      -0.9959    1883.83 	     PKKPdf 
     50.00      -1.0977    1878.60 	     PKKPdf 
     55.00      -1.1961    1872.86 	     PKKPdf 
     60.00      -1.2901    1866.64 	     PKKPdf 
     65.00      -1.3791    1859.97 	     PKKPdf 
     70.00      -1.4621    1852.86 	     PKKPdf 
     75.00      -1.5382    1845.36 	     PKKPdf 
     80.00      -1.6066    1837.49 	     PKKPdf 
     85.00      -1.6667    1829.31 	     PKKPdf 
     90.00      -1.7185    1820.84 	     PKKPdf 
     95.00      -1.7620    1812.14 	     PKKPdf 
    100.00      -1.7978    1803.23 	     PKKPdf 
    105.00      -1.8268    1794.17 	     PKKPdf 
    110.00      -1.8498    1784.97 	     PKKPdf 
    115.00      -1.8680    1775.68 	     PKKPdf 
    120.00      -1.8821    1766.30 	     PKKPdf 
    125.00      -1.8929    1756.86 	     PKKPdf 
    130.00      -1.9010    1747.38 	     PKKPdf 
    135.00      -1.9069    1737.86 	     PKKPdf 
    140.00      -1.9110    1728.31 	     PKKPdf 
    145.00      -1.9136    1718.75 	     PKKPdf 
    150.00      -1.9149    1709.18 	     PKKPdf 
     50.00      50.00 	 PKKPdf 	 depth
     20.00      -0.4529    1900.79 	     PKKPdf 
     25.00      -0.5645    1898.24 	     PKKPdf 
     30.00      -0.6750    1895.15 	     PKKPdf 
     35.00      -0.7839    1891.50 	     PKKPdf 
     40.00      -0.8910    1887.31 	     PKKPdf 
     45.00      -0.9957    1882.59 	     PKKPdf 
     50.00      -1.0976    1877.36 	     PKKPdf 
     55.00      -1.1959    1871.62 	     PKKPdf 
     60.00      -1.2900    1865.40 	     PKKPdf 
     65.00      -1.3790    1858.73 	     PKKPdf 
     70.00      -1.4619    1851.63 	     PKKPdf 
     75.00      -1.5380    1844.12 	     PKKPdf 
     80.00      -1.6064    1836.26 	     PKKPdf 
     85.00      -1.6666    1828.07 	     PKKPdf 
     90.00      -1.7184    1819.61 	     PKKPdf 
     95.00      -1.7619    1810.90 	     PKKPdf 
    100.00      -1.7977    1802.00 	     PKKPdf 
    105.00      -1.8267    1792.94 	     PKKPdf 
    110.00      -1.8498    1783.74 	     PKKPdf 
    115.00      -1.8680    1774.45 	     PKKPdf 
    120.00      -1.8821    1765.07 	     PKKPdf 
    125.00      -1.8929    1755.63 	     PKKPdf 
    130.00      -1.9010    1746.15 	     PKKPdf 
    135.00      -1.9069    1736.62 	     PKKPdf 
    140.00      -1.9110    1727.08 	     PKKPdf 
    145.00      -1.9136    1717.52 	     PKKPdf 
    150.00      -1.9149    1707.95 	     PKKPdf 
     60.00      60.00 	 PKKPdf 	 depth
     20.00      -0.4528    1899.55 	     PKKPdf 
     25.00      -0.5644    1897.00 	     PKKPdf 
     30.00      -0.6749    1893.90 	     PKKPdf 
     35.00      -0.7838    1890.26 	     PKKPdf 
     40.00      -0.8909    1886.07 	     PKKPdf 
     45.00      -0.9956    1881.35 	     PKKPdf 
     50.00      -1.0974    1876.12 	     PKKPdf 
     55.00      -1.1958    1870.38 	     PKKPdf 
     60.00      -1.2898    1864.17 	     PKKPdf 
     65.00      -1.3788    1857.49 	     PKKPdf 
     70.00      -1.4618    1850.39 	     PKKPdf 
     75.00      -1.5379    1842.89 	     PKKPdf 
     80.00      -1.6063    1835.02 	     PKKPdf 
     85.00      -1.6665    1826.84 	     PKKPdf 
     90.00      -1.7183    1818.37 	     PKKPdf 
     95.00      -1.7618    1809.67 	     PKKPdf 
    100.00      -1.7976    1800.77 	     PKKPdf 
    105.00      -1.8266    1791.70 	     PKKPdf 
    110.00      -1.8497    1782.51 	     PKKPdf 
    115.00      -1.8679    1773.21 	     PKKPdf 
    120.00      -1.8821    1763.84 	     PKKPdf 
    125.00      -1.8929    1754.40 	     PKKPdf 
    130.00      -1.9010    1744.91 	     PKKPdf 
    135.00      -1.9069    1735.39 	     PKKPdf 
    140.00      -1.9110    1725.85 	     PKKPdf 
    145.00      -1.9136    1716.29 	     PKKPdf 
    150.00      -1.9149    1706.71 	     PKKPdf 
     70.00      70.00 	 PKKPdf 	 depth
     20.00      -0.4528    1898.30 	     PKKPdf 
     25.00      -0.5643    1895.76 	     PKKPdf 
     30.00      -0.6748    1892.66 	     PKKPdf 
     35.00      -0.7837    1889.01 	     PKKPdf 
     40.00      -0.8907    1884.83 	     PKKPdf 
     45.00      -0.9955    1880.11 	     PKKPdf 
     50.00      -1.0973    1874.88 	     PKKPdf 
     55.00      -1.1956    1869.14 	     PKKPdf 
     60.00      -1.2897    1862.93 	     PKKPdf 
     65.00      -1.3786    1856.26 	     PKKPdf 
     70.00      -1.4616    1849.15 	     PKKPdf 
     75.00      -1.5377    1841.65 	     PKKPdf 
     80.00      -1.6062    1833.79 	     PKKPdf 
     85.00      -1.6664    1825.60 	     PKKPdf 
     90.00      -1.7182    1817.14 	     PKKPdf 
     95.00      -1.7617    1808.44 	     PKKPdf 
    100.00      -1.7975    1799.53 	     PKKPdf 
    105.00      -1.8266    1790.47 	     PKKPdf 
    110.00      -1.8497    1781.28 	     PKKPdf 
    115.00      -1.8679    1771.98 	     PKKPdf 
    120.00      -1.8820    1762.61 	     PKKPdf 
    125.00      -1.8928    1753.17 	     PKKPdf 
    130.00      -1.9010    1743.68 	     PKKPdf 
    135.00      -1.9069    1734.16 	     PKKPdf 
    140.00      -1.9110    1724.62 	     PKKPdf 
    145.00      -1.9136    1715.05 	     PKKPdf 
    150.00      -1.9149    1705.48 	     PKKPdf 
     80.00      80.00 	 PKKPdf 	 depth
     20.00      -0.4527    1897.06 	     PKKPdf 
     25.00      -0.5643    1894.52 	     PKKPdf 
     30.00      -0.6747    1891.42 	     PKKPdf 
     35.00      -0.7836    1887.77 	     PKKPdf 
     40.00      -0.8906    1883.59 	     PKKPdf 
     45.00      -0.9953    1878.87 	     PKKPdf 
     50.00      -1.0971    1873.64 	     PKKPdf 
     55.00      -1.1955    1867.91 	     PKKPdf 
     60.00      -1.2895    1861.69 	     PKKPdf 
     65.00      -1.3785    1855.02 	     PKKPdf 
     70.00      -1.4615    1847.92 	     PKKPdf 
     75.00      -1.5376    1840.42 	     PKKPdf 
     80.00      -1.6060    1832.55 	     PKKPdf 
     85.00      -1.6662    1824.37 	     PKKPdf 
     90.00      -1.7180    1815.91 	     PKKPdf 
     95.00      -1.7616    1807.20 	     PKKPdf 
    100.00      -1.7975    1798.30 	     PKKPdf 
    105.00      -1.8265    1789.24 	     PKKPdf 
    110.00      -1.8496    1780.05 	     PKKPdf 
    115.00      -1.8678    1770.75 	     PKKPdf 
    120.00      -1.8820    1761.38 	     PKKPdf 
    125.00      -1.8928    1751.94 	     PKKPdf 
    130.00      -1.9010    1742.45 	     PKKPdf 
    135.00      -1.9069    1732.93 	     PKKPdf 
    140.00      -1.9110    1723.39 	     PKKPdf 
    145.00      -1.9136    1713.82 	     PKKPdf 
    150.00      -1.9149    1704.25 	     PKKPdf 
     90.00      90.00 	 PKKPdf 	 depth
     20.00      -0.4526    1895.82 	     PKKPdf 
     25.00      -0.5642    1893.28 	     PKKPdf 
     30.00      -0.6746    1890.18 	     PKKPdf 
     35.00      -0.7835    1886.53 	     PKKPdf 
     40.00      -0.8905    1882.35 	     PKKPdf 
     45.00      -0.9952    1877.63 	     PKKPdf 
     50.00      -1.0970    1872.40 	     PKKPdf 
     55.00      -1.1953    1866.67 	     PKKPdf 
     60.00      -1.2894    1860.45 	     PKKPdf 
     65.00      -1.3783    1853.78 	     PKKPdf 
     70.00      -1.4613    1846.68 	     PKKPdf 
     75.00      -1.5374    1839.18 	     PKKPdf 
     80.00      -1.6059    1831.32 	     PKKPdf 
     85.00      -1.6661    1823.14 	     PKKPdf 
     90.00      -1.7179    1814.67 	     PKKPdf 
     95.00      -1.7615    1805.97 	     PKKPdf 
    100.00      -1.7974    1797.07 	     PKKPdf 
    105.00      -1.8264    1788.01 	     PKKPdf 
    110.00      -1.8496    1778.82 	     PKKPdf 
    115.00      -1.8678    1769.52 	     PKKPdf 
    120.00      -1.8820    1760.14 	     PKKPdf 
    125.00      -1.8928    1750.71 	     PKKPdf 
    130.00      -1.9009    1741.22 	     PKKPdf 
    135.00      -1.9069    1731.70 	     PKKPdf 
    140.00      -1.9110    1722.16 	     PKKPdf 
    145.00      -1.9136    1712.59 	     PKKPdf 
    150.00      -1.9149    1703.02 	     PKKPdf 
    100.00     100.00 	 PKKPdf 	 depth
     20.00      -0.4526    1894.58 	     PKKPdf 
     25.00      -0.5641    1892.03 	     PKKPdf 
     30.00      -0.6745    1888.94 	     PKKPdf 
     35.00      -0.7834    1885.29 	     PKKPdf 
     40.00      -0.8904    1881.11 	     PKKPdf 
     45.00      -0.9950    1876.39 	     PKKPdf 
     50.00      -1.0968    1871.16 	     PKKPdf 
     55.00      -1.1951    1865.43 	     PKKPdf 
     60.00      -1.2892    1859.22 	     PKKPdf 
     65.00      -1.3782    1852.55 	     PKKPdf 
     70.00      -1.4611    1845.45 	     PKKPdf 
     75.00      -1.5373    1837.95 	     PKKPdf 
     80.00      -1.6057    1830.09 	     PKKPdf 
     85.00      -1.6660    1821.90 	     PKKPdf 
     90.00      -1.7178    1813.44 	     PKKPdf 
     95.00      -1.7614    1804.74 	     PKKPdf 
    100.00      -1.7973    1795.84 	     PKKPdf 
    105.00      -1.8264    1786.78 	     PKKPdf 
    110.00      -1.8495    1777.58 	     PKKPdf 
    115.00      -1.8678    1768.29 	     PKKPdf 
    120.00      -1.8819    1758.91 	     PKKPdf 
    125.00      -1.8928    1749.48 	     PKKPdf 
    130.00      -1.9009    1739.99 	     PKKPdf 
    135.00      -1.9069    1730.47 	     PKKPdf 
    140.00      -1.9110    1720.93 	     PKKPdf 
    145.00      -1.9136    1711.36 	     PKKPdf 
    150.00      -1.9149    1701.79 	     PKKPdf 
    110.00     110.00 	 PKKPdf 	 depth
     20.00      -0.4525    1893.33 	     PKKPdf 
     25.00      -0.5640    1890.79 	     PKKPdf 
     30.00      -0.6744    1887.70 	     PKKPdf 
     35.00      -0.7832    1884.05 	     PKKPdf 
     40.00      -0.8902    1879.87 	     PKKPdf 
     45.00      -0.9949    1875.15 	     PKKPdf 
     50.00      -1.0967    1869.92 	     PKKPdf 
     55.00      -1.1950    1864.19 	     PKKPdf 
     60.00      -1.2890    1857.98 	     PKKPdf 
     65.00      -1.3780    1851.31 	     PKKPdf 
     70.00      -1.4610    1844.21 	     PKKPdf 
     75.00      -1.5371    1836.71 	     PKKPdf 
     80.00      -1.6056    1828.85 	     PKKPdf 
     85.00      -1.6659    1820.67 	     PKKPdf 
     90.00      -1.7177    1812.21 	     PKKPdf 
     95.00      -1.7613    1803.51 	     PKKPdf 
    100.00      -1.7972    1794.61 	     PKKPdf 
    105.00      -1.8263    1785.55 	     PKKPdf 
    110.00      -1.8495    1776.35 	     PKKPdf 
    115.00      -1.8677    1767.06 	     PKKPdf 
    120.00      -1.8819    1757.68 	     PKKPdf 
    125.00      -1.8927    1748.25 	     PKKPdf 
    130.00      -1.9009    1738.76 	     PKKPdf 
    135.00      -1.9068    1729.24 	     PKKPdf 
    140.00      -1.9110    1719.69 	     PKKPdf 
    145.00      -1.9136    1710.13 	     PKKPdf 
    150.00      -1.9149    1700.56 	     PKKPdf 
    120.00     120.00 	 PKKPdf 	 depth
     20.00      -0.4524    1892.09 	     PKKPdf 
     25.00      -0.5639    1889.55 	     PKKPdf 
     30.00      -0.6743    1886.46 	     PKKPdf 
     35.00      -0.7831    1882.81 	     PKKPdf 
     40.00      -0.8901    1878.63 	     PKKPdf 
     45.00      -0.9948    1873.91 	     PKKPdf 
     50.00      -1.0965    1868.68 	     PKKPdf 
     55.00      -1.1948    1862.95 	     PKKPdf 
     60.00      -1.2889    1856.74 	     PKKPdf 
     65.00      -1.3778    1850.07 	     PKKPdf 
     70.00      -1.4608    1842.97 	     PKKPdf 
     75.00      -1.5370    1835.48 	     PKKPdf 
     80.00      -1.6055    1827.62 	     PKKPdf 
     85.00      -1.6657    1819.44 	     PKKPdf 
     90.00      -1.7176    1810.97 	     PKKPdf 
     95.00      -1.7612    1802.27 	     PKKPdf 
    100.00      -1.7972    1793.38 	     PKKPdf 
    105.00      -1.8262    1784.31 	     PKKPdf 
    110.00      -1.8494    1775.12 	     PKKPdf 
    115.00      -1.8677    1765.83 	     PKKPdf 
    120.00      -1.8819    1756.45 	     PKKPdf 
    125.00      -1.8927    1747.02 	     PKKPdf 
    130.00      -1.9009    1737.53 	     PKKPdf 
    135.00      -1.9068    1728.01 	     PKKPdf 
    140.00      -1.9110    1718.46 	     PKKPdf 
    145.00      -1.9136    1708.90 	     PKKPdf 
    150.00      -1.9149    1699.33 	     PKKPdf 
    130.00     130.00 	 PKKPdf 	 depth
     20.00      -0.4524    1890.85 	     PKKPdf 
     25.00      -0.5638    1888.31 	     PKKPdf 
     30.00      -0.6742    1885.22 	     PKKPdf 
     35.00      -0.7830    1881.57 	     PKKPdf 
     40.00      -0.8900    1877.39 	     PKKPdf 
     45.00      -0.9946    1872.68 	     PKKPdf 
     50.00      -1.0964    1867.45 	     PKKPdf 
     55.00      -1.1947    1861.72 	     PKKPdf 
     60.00      -1.2887    1855.51 	     PKKPdf 
     65.00      -1.3777    1848.84 	     PKKPdf 
     70.00      -1.4607    1841.74 	     PKKPdf 
     75.00      -1.5368    1834.25 	     PKKPdf 
     80.00      -1.6053    1826.39 	     PKKPdf 
     85.00      -1.6656    1818.21 	     PKKPdf 
     90.00      -1.7175    1809.74 	     PKKPdf 
     95.00      -1.7611    1801.04 	     PKKPdf 
    100.00      -1.7971    1792.15 	     PKKPdf 
    105.00      -1.8262    1783.09 	     PKKPdf 
    110.00      -1.8494    1773.89 	     PKKPdf 
    115.00      -1.8676    1764.60 	     PKKPdf 
    120.00      -1.8818    1755.22 	     PKKPdf 
    125.00      -1.8927    1745.79 	     PKKPdf 
    130.00      -1.9009    1736.30 	     PKKPdf 
    135.00      -1.9068    1726.78 	     PKKPdf 
    140.00      -1.9109    1717.24 	     PKKPdf 
    145.00      -1.9136    1707.68 	     PKKPdf 
    150.00      -1.9149    1698.10 	     PKKPdf 
    140.00     140.00 	 PKKPdf 	 depth
     20.00      -0.4523    1889.62 	     PKKPdf 
     25.00      -0.5638    1887.08 	     PKKPdf 
     30.00      -0.6741    1883.98 	     PKKPdf 
     35.00      -0.7829    1880.34 	     PKKPdf 
     40.00      -0.8899    1876.16 	     PKKPdf 
     45.00      -0.9945    1871.45 	     PKKPdf 
     50.00      -1.0962    1866.22 	     PKKPdf 
     55.00      -1.1945    1860.49 	     PKKPdf 
     60.00      -1.2885    1854.28 	     PKKPdf 
     65.00      -1.3775    1847.61 	     PKKPdf 
     70.00      -1.4605    1840.51 	     PKKPdf 
     75.00      -1.5367    1833.02 	     PKKPdf 
     80.00      -1.6052    1825.16 	     PKKPdf 
     85.00      -1.6655    1816.98 	     PKKPdf 
     90.00      -1.7174    1808.52 	     PKKPdf 
     95.00      -1.7610    1799.82 	     PKKPdf 
    100.00      -1.7970    1790.92 	     PKKPdf 
    105.00      -1.8261    1781.86 	     PKKPdf 
    110.00      -1.8493    1772.67 	     PKKPdf 
    115.00      -1.8676    1763.38 	     PKKPdf 
    120.00      -1.8818    1754.00 	     PKKPdf 
    125.00      -1.8927    1744.56 	     PKKPdf 
    130.00      -1.9008    1735.08 	     PKKPdf 
    135.00      -1.9068    1725.56 	     PKKPdf 
    140.00      -1.9109    1716.01 	     PKKPdf 
    145.00      -1.9136    1706.45 	     PKKPdf 
    150.00      -1.9149    1696.88 	     PKKPdf 
    150.00     150.00 	 PKKPdf 	 depth
     20.00      -0.4522    1888.39 	     PKKPdf 
     25.00      -0.5637    1885.85 	     PKKPdf 
     30.00      -0.6740    1882.75 	     PKKPdf 
     35.00      -0.7828    1879.11 	     PKKPdf 
     40.00      -0.8897    1874.93 	     PKKPdf 
     45.00      -0.9943    1870.22 	     PKKPdf 
     50.00      -1.0961    1864.99 	     PKKPdf 
     55.00      -1.1944    1859.26 	     PKKPdf 
     60.00      -1.2884    1853.05 	     PKKPdf 
     65.00      -1.3773    1846.39 	     PKKPdf 
     70.00      -1.4604    1839.29 	     PKKPdf 
     75.00      -1.5365    1831.79 	     PKKPdf 
     80.00      -1.6050    1823.94 	     PKKPdf 
     85.00      -1.6654    1815.76 	     PKKPdf 
     90.00      -1.7173    1807.30 	     PKKPdf 
     95.00      -1.7609    1798.60 	     PKKPdf 
    100.00      -1.7969    1789.70 	     PKKPdf 
    105.00      -1.8260    1780.64 	     PKKPdf 
    110.00      -1.8493    1771.45 	     PKKPdf 
    115.00      -1.8676    1762.16 	     PKKPdf 
    120.00      -1.8818    1752.78 	     PKKPdf 
    125.00      -1.8926    1743.34 	     PKKPdf 
    130.00      -1.9008    1733.86 	     PKKPdf 
    135.00      -1.9068    1724.34 	     PKKPdf 
    140.00      -1.9109    1714.80 	     PKKPdf 
    145.00      -1.9136    1705.23 	     PKKPdf 
    150.00      -1.9149    1695.66 	     PKKPdf 
    160.00     160.00 	 PKKPdf 	 depth
     20.00      -0.4521    1887.16 	     PKKPdf 
     25.00      -0.5636    1884.62 	     PKKPdf 
     30.00      -0.6739    1881.53 	     PKKPdf 
     35.00      -0.7827    1877.88 	     PKKPdf 
     40.00      -0.8896    1873.70 	     PKKPdf 
     45.00      -0.9942    1868.99 	     PKKPdf 
     50.00      -1.0959    1863.77 	     PKKPdf 
     55.00      -1.1942    1858.04 	     PKKPdf 
     60.00      -1.2882    1851.83 	     PKKPdf 
     65.00      -1.3772    1845.17 	     PKKPdf 
     70.00      -1.4602    1838.07 	     PKKPdf 
     75.00      -1.5364    1830.57 	     PKKPdf 
     80.00      -1.6049    1822.72 	     PKKPdf 
     85.00      -1.6652    1814.54 	     PKKPdf 
     90.00      -1.7171    1806.08 	     PKKPdf 
     95.00      -1.7608    1797.38 	     PKKPdf 
    100.00      -1.7968    1788.48 	     PKKPdf 
    105.00      -1.8260    1779.43 	     PKKPdf 
    110.00      -1.8492    1770.23 	     PKKPdf 
    115.00      -1.8675    1760.94 	     PKKPdf 
    120.00      -1.8817    1751.57 	     PKKPdf 
    125.00      -1.8926    1742.13 	     PKKPdf 
    130.00      -1.9008    1732.64 	     PKKPdf 
    135.00      -1.9068    1723.13 	     PKKPdf 
    140.00      -1.9109    1713.58 	     PKKPdf 
    145.00      -1.9135    1704.02 	     PKKPdf 
    150.00      -1.9149    1694.45 	     PKKPdf 
    170.00     170.00 	 PKKPdf 	 depth
     20.00      -0.4521    1885.94 	     PKKPdf 
     25.00      -0.5635    1883.40 	     PKKPdf 
     30.00      -0.6738    1880.31 	     PKKPdf 
     35.00      -0.7825    1876.66 	     PKKPdf 
     40.00      -0.8895    1872.48 	     PKKPdf 
     45.00      -0.9941    1867.77 	     PKKPdf 
     50.00      -1.0958    1862.55 	     PKKPdf 
     55.00      -1.1940    1856.82 	     PKKPdf 
     60.00      -1.2881    1850.61 	     PKKPdf 
     65.00      -1.3770    1843.95 	     PKKPdf 
     70.00      -1.4600    1836.85 	     PKKPdf 
     75.00      -1.5362    1829.36 	     PKKPdf 
     80.00      -1.6047    1821.50 	     PKKPdf 
     85.00      -1.6651    1813.33 	     PKKPdf 
     90.00      -1.7170    1804.87 	     PKKPdf 
     95.00      -1.7607    1796.17 	     PKKPdf 
    100.00      -1.7967    1787.27 	     PKKPdf 
    105.00      -1.8259    1778.21 	     PKKPdf 
    110.00      -1.8492    1769.02 	     PKKPdf 
    115.00      -1.8675    1759.73 	     PKKPdf 
    120.00      -1.8817    1750.36 	     PKKPdf 
    125.00      -1.8926    1740.92 	     PKKPdf 
    130.00      -1.9008    1731.43 	     PKKPdf 
    135.00      -1.9068    1721.91 	     PKKPdf 
    140.00      -1.9109    1712.37 	     PKKPdf 
    145.00      -1.9135    1702.81 	     PKKPdf 
    150.00      -1.9149    1693.24 	     PKKPdf 
    180.00     180.00 	 PKKPdf 	 depth
     20.00      -0.4520    1884.72 	     PKKPdf 
     25.00      -0.5634    1882.18 	     PKKPdf 
     30.00      -0.6737    1879.09 	     PKKPdf 
     35.00      -0.7824    1875.45 	     PKKPdf 
     40.00      -0.8893    1871.27 	     PKKPdf 
     45.00      -0.9939    1866.56 	     PKKPdf 
     50.00      -1.0956    1861.33 	     PKKPdf 
     55.00      -1.1939    1855.61 	     PKKPdf 
     60.00      -1.2879    1849.40 	     PKKPdf 
     65.00      -1.3768    1842.74 	     PKKPdf 
     70.00      -1.4599    1835.64 	     PKKPdf 
     75.00      -1.5360    1828.15 	     PKKPdf 
     80.00      -1.6046    1820.29 	     PKKPdf 
     85.00      -1.6650    1812.12 	     PKKPdf 
     90.00      -1.7169    1803.66 	     PKKPdf 
     95.00      -1.7606    1794.96 	     PKKPdf 
    100.00      -1.7967    1786.07 	     PKKPdf 
    105.00      -1.8258    1777.01 	     PKKPdf 
    110.00      -1.8491    1767.82 	     PKKPdf 
    115.00      -1.8674    1758.52 	     PKKPdf 
    120.00      -1.8817    1749.15 	     PKKPdf 
    125.00      -1.8926    1739.71 	     PKKPdf 
    130.00      -1.9008    1730.23 	     PKKPdf 
    135.00      -1.9067    1720.71 	     PKKPdf 
    140.00      -1.9109    1711.16 	     PKKPdf 
    145.00      -1.9135    1701.60 	     PKKPdf 
    150.00      -1.9149    1692.03 	     PKKPdf 
    190.00     190.00 	 PKKPdf 	 depth
     20.00      -0.4519    1883.51 	     PKKPdf 
     25.00      -0.5633    1880.97 	     PKKPdf 
     30.00      -0.6735    1877.87 	     PKKPdf 
     35.00      -0.7823    1874.23 	     PKKPdf 
     40.00      -0.8892    1870.05 	     PKKPdf 
     45.00      -0.9938    1865.35 	     PKKPdf 
     50.00      -1.0955    1860.12 	     PKKPdf 
     55.00      -1.1937    1854.40 	     PKKPdf 
     60.00      -1.2877    1848.19 	     PKKPdf 
     65.00      -1.3767    1841.53 	     PKKPdf 
     70.00      -1.4597    1834.43 	     PKKPdf 
     75.00      -1.5359    1826.94 	     PKKPdf 
     80.00      -1.6045    1819.09 	     PKKPdf 
     85.00      -1.6648    1810.91 	     PKKPdf 
     90.00      -1.7168    1802.45 	     PKKPdf 
     95.00      -1.7605    1793.76 	     PKKPdf 
    100.00      -1.7966    1784.86 	     PKKPdf 
    105.00      -1.8258    1775.80 	     PKKPdf 
    110.00      -1.8491    1766.61 	     PKKPdf 
    115.00      -1.8674    1757.32 	     PKKPdf 
    120.00      -1.8816    1747.95 	     PKKPdf 
    125.00      -1.8925    1738.51 	     PKKPdf 
    130.00      -1.9007    1729.03 	     PKKPdf 
    135.00      -1.9067    1719.51 	     PKKPdf 
    140.00      -1.9109    1709.96 	     PKKPdf 
    145.00      -1.9135    1700.40 	     PKKPdf 
    150.00      -1.9149    1690.83 	     PKKPdf 
    200.00     200.00 	 PKKPdf 	 depth
     20.00      -0.4519    1882.30 	     PKKPdf 
     25.00      -0.5632    1879.76 	     PKKPdf 
     30.00      -0.6734    1876.66 	     PKKPdf 
     35.00      -0.7822    1873.03 	     PKKPdf 
     40.00      -0.8891    1868.85 	     PKKPdf 
     45.00      -0.9936    1864.14 	     PKKPdf 
     50.00      -1.0953    1858.91 	     PKKPdf 
     55.00      -1.1936    1853.19 	     PKKPdf 
     60.00      -1.2876    1846.99 	     PKKPdf 
     65.00      -1.3765    1840.32 	     PKKPdf 
     70.00      -1.4595    1833.23 	     PKKPdf 
     75.00      -1.5357    1825.74 	     PKKPdf 
     80.00      -1.6043    1817.89 	     PKKPdf 
     85.00      -1.6647    1809.71 	     PKKPdf 
     90.00      -1.7167    1801.25 	     PKKPdf 
     95.00      -1.7604    1792.56 	     PKKPdf 
    100.00      -1.7965    1783.66 	     PKKPdf 
    105.00      -1.8257    1774.60 	     PKKPdf 
    110.00      -1.8490    1765.41 	     PKKPdf 
    115.00      -1.8673    1756.12 	     PKKPdf 
    120.00      -1.8816    1746.75 	     PKKPdf 
    125.00      -1.8925    1737.31 	     PKKPdf 
    130.00      -1.9007    1727.83 	     PKKPdf 
    135.00      -1.9067    1718.31 	     PKKPdf 
    140.00      -1.9109    1708.76 	     PKKPdf 
    145.00      -1.9135    1699.20 	     PKKPdf 
    150.00      -1.9149    1689.63 	     PKKPdf 
    210.00     210.00 	 PKKPdf 	 depth
     20.00      -0.4518    1881.09 	     PKKPdf 
     25.00      -0.5631    1878.55 	     PKKPdf 
     30.00      -0.6733    1875.46 	     PKKPdf 
     35.00      -0.7821    1871.82 	     PKKPdf 
     40.00      -0.8889    1867.64 	     PKKPdf 
     45.00      -0.9935    1862.93 	     PKKPdf 
     50.00      -1.0952    1857.71 	     PKKPdf 
     55.00      -1.1934    1851.99 	     PKKPdf 
     60.00      -1.2874    1845.78 	     PKKPdf 
     65.00      -1.3763    1839.12 	     PKKPdf 
     70.00      -1.4594    1832.03 	     PKKPdf 
     75.00      -1.5356    1824.54 	     PKKPdf 
     80.00      -1.6042    1816.69 	     PKKPdf 
     85.00      -1.6646    1808.51 	     PKKPdf 
     90.00      -1.7166    1800.06 	     PKKPdf 
     95.00      -1.7603    1791.36 	     PKKPdf 
    100.00      -1.7964    1782.47 	     PKKPdf 
    105.00      -1.8256    1773.41 	     PKKPdf 
    110.00      -1.8489    1764.22 	     PKKPdf 
    115.00      -1.8673    1754.93 	     PKKPdf 
    120.00      -1.8816    1745.55 	     PKKPdf 
    125.00      -1.8925    1736.12 	     PKKPdf 
    130.00      -1.9007    1726.63 	     PKKPdf 
    135.00      -1.9067    1717.11 	     PKKPdf 
    140.00      -1.9109    1707.57 	     PKKPdf 
    145.00      -1.9135    1698.01 	     PKKPdf 
    150.00      -1.9149    1688.44 	     PKKPdf 
    220.00     220.00 	 PKKPdf 	 depth
     20.00      -0.4517    1879.89 	     PKKPdf 
     25.00      -0.5630    1877.35 	     PKKPdf 
     30.00      -0.6732    1874.26 	     PKKPdf 
     35.00      -0.7819    1870.62 	     PKKPdf 
     40.00      -0.8888    1866.44 	     PKKPdf 
     45.00      -0.9933    1861.74 	     PKKPdf 
     50.00      -1.0950    1856.51 	     PKKPdf 
     55.00      -1.1932    1850.79 	     PKKPdf 
     60.00      -1.2872    1844.59 	     PKKPdf 
     65.00      -1.3762    1837.93 	     PKKPdf 
     70.00      -1.4592    1830.84 	     PKKPdf 
     75.00      -1.5354    1823.35 	     PKKPdf 
     80.00      -1.6040    1815.50 	     PKKPdf 
     85.00      -1.6644    1807.32 	     PKKPdf 
     90.00      -1.7164    1798.87 	     PKKPdf 
     95.00      -1.7602    1790.17 	     PKKPdf 
    100.00      -1.7963    1781.28 	     PKKPdf 
    105.00      -1.8256    1772.22 	     PKKPdf 
    110.00      -1.8489    1763.03 	     PKKPdf 
    115.00      -1.8673    1753.74 	     PKKPdf 
    120.00      -1.8815    1744.36 	     PKKPdf 
    125.00      -1.8925    1734.93 	     PKKPdf 
    130.00      -1.9007    1725.44 	     PKKPdf 
    135.00      -1.9067    1715.93 	     PKKPdf 
    140.00      -1.9109    1706.38 	     PKKPdf 
    145.00      -1.9135    1696.82 	     PKKPdf 
    150.00      -1.9149    1687.25 	     PKKPdf 
    230.00     230.00 	 PKKPdf 	 depth
     20.00      -0.4516    1878.69 	     PKKPdf 
     25.00      -0.5630    1876.15 	     PKKPdf 
     30.00      -0.6731    1873.06 	     PKKPdf 
     35.00      -0.7818    1869.43 	     PKKPdf 
     40.00      -0.8887    1865.25 	     PKKPdf 
     45.00      -0.9932    1860.54 	     PKKPdf 
     50.00      -1.0948    1855.32 	     PKKPdf 
     55.00      -1.1931    1849.60 	     PKKPdf 
     60.00      -1.2870    1843.40 	     PKKPdf 
     65.00      -1.3760    1836.74 	     PKKPdf 
     70.00      -1.4590    1829.65 	     PKKPdf 
     75.00      -1.5352    1822.16 	     PKKPdf 
     80.00      -1.6039    1814.31 	     PKKPdf 
     85.00      -1.6643    1806.13 	     PKKPdf 
     90.00      -1.7163    1797.68 	     PKKPdf 
     95.00      -1.7601    1788.99 	     PKKPdf 
    100.00      -1.7962    1780.09 	     PKKPdf 
    105.00      -1.8255    1771.03 	     PKKPdf 
    110.00      -1.8488    1761.85 	     PKKPdf 
    115.00      -1.8672    1752.55 	     PKKPdf 
    120.00      -1.8815    1743.18 	     PKKPdf 
    125.00      -1.8924    1733.74 	     PKKPdf 
    130.00      -1.9007    1724.26 	     PKKPdf 
    135.00      -1.9067    1714.74 	     PKKPdf 
    140.00      -1.9109    1705.20 	     PKKPdf 
    145.00      -1.9135    1695.64 	     PKKPdf 
    150.00      -1.9149    1686.06 	     PKKPdf 
    240.00     240.00 	 PKKPdf 	 depth
     20.00      -0.4516    1877.50 	     PKKPdf 
     25.00      -0.5629    1874.96 	     PKKPdf 
     30.00      -0.6730    1871.87 	     PKKPdf 
     35.00      -0.7817    1868.24 	     PKKPdf 
     40.00      -0.8885    1864.06 	     PKKPdf 
     45.00      -0.9930    1859.35 	     PKKPdf 
     50.00      -1.0947    1854.13 	     PKKPdf 
     55.00      -1.1929    1848.41 	     PKKPdf 
     60.00      -1.2869    1842.21 	     PKKPdf 
     65.00      -1.3758    1835.55 	     PKKPdf 
     70.00      -1.4589    1828.46 	     PKKPdf 
     75.00      -1.5351    1820.98 	     PKKPdf 
     80.00      -1.6037    1813.13 	     PKKPdf 
     85.00      -1.6641    1804.95 	     PKKPdf 
     90.00      -1.7162    1796.50 	     PKKPdf 
     95.00      -1.7600    1787.80 	     PKKPdf 
    100.00      -1.7962    1778.91 	     PKKPdf 
    105.00      -1.8254    1769.85 	     PKKPdf 
    110.00      -1.8488    1760.67 	     PKKPdf 
    115.00      -1.8672    1751.38 	     PKKPdf 
    120.00      -1.8815    1742.00 	     PKKPdf 
    125.00      -1.8924    1732.57 	     PKKPdf 
    130.00      -1.9007    1723.08 	     PKKPdf 
    135.00      -1.9067    1713.56 	     PKKPdf 
    140.00      -1.9108    1704.02 	     PKKPdf 
    145.00      -1.9135    1694.46 	     PKKPdf 
    150.00      -1.9149    1684.89 	     PKKPdf 
    250.00     250.00 	 PKKPdf 	 depth
     20.00      -0.4515    1876.31 	     PKKPdf 
     25.00      -0.5628    1873.78 	     PKKPdf 
     30.00      -0.6729    1870.69 	     PKKPdf 
     35.00      -0.7816    1867.05 	     PKKPdf 
     40.00      -0.8884    1862.88 	     PKKPdf 
     45.00      -0.9929    1858.17 	     PKKPdf 
     50.00      -1.0945    1852.95 	     PKKPdf 
     55.00      -1.1927    1847.23 	     PKKPdf 
     60.00      -1.2867    1841.03 	     PKKPdf 
     65.00      -1.3756    1834.37 	     PKKPdf 
     70.00      -1.4587    1827.29 	     PKKPdf 
     75.00      -1.5349    1819.80 	     PKKPdf 
     80.00      -1.6035    1811.95 	     PKKPdf 
     85.00      -1.6640    1803.78 	     PKKPdf 
     90.00      -1.7161    1795.32 	     PKKPdf 
     95.00      -1.7599    1786.63 	     PKKPdf 
    100.00      -1.7961    1777.74 	     PKKPdf 
    105.00      -1.8254    1768.68 	     PKKPdf 
    110.00      -1.8487    1759.49 	     PKKPdf 
    115.00      -1.8671    1750.20 	     PKKPdf 
    120.00      -1.8814    1740.83 	     PKKPdf 
    125.00      -1.8924    1731.39 	     PKKPdf 
    130.00      -1.9006    1721.91 	     PKKPdf 
    135.00      -1.9066    1712.39 	     PKKPdf 
    140.00      -1.9108    1702.85 	     PKKPdf 
    145.00      -1.9135    1693.28 	     PKKPdf 
    150.00      -1.9149    1683.71 	     PKKPdf 
    260.00     260.00 	 PKKPdf 	 depth
     20.00      -0.4514    1875.13 	     PKKPdf 
     25.00      -0.5627    1872.60 	     PKKPdf 
     30.00      -0.6728    1869.51 	     PKKPdf 
     35.00      -0.7814    1865.87 	     PKKPdf 
     40.00      -0.8882    1861.70 	     PKKPdf 
     45.00      -0.9927    1856.99 	     PKKPdf 
     50.00      -1.0944    1851.78 	     PKKPdf 
     55.00      -1.1925    1846.06 	     PKKPdf 
     60.00      -1.2865    1839.86 	     PKKPdf 
     65.00      -1.3755    1833.20 	     PKKPdf 
     70.00      -1.4585    1826.11 	     PKKPdf 
     75.00      -1.5347    1818.63 	     PKKPdf 
     80.00      -1.6034    1810.78 	     PKKPdf 
     85.00      -1.6639    1802.61 	     PKKPdf 
     90.00      -1.7160    1794.15 	     PKKPdf 
     95.00      -1.7598    1785.46 	     PKKPdf 
    100.00      -1.7960    1776.57 	     PKKPdf 
    105.00      -1.8253    1767.51 	     PKKPdf 
    110.00      -1.8487    1758.32 	     PKKPdf 
    115.00      -1.8671    1749.03 	     PKKPdf 
    120.00      -1.8814    1739.66 	     PKKPdf 
    125.00      -1.8924    1730.22 	     PKKPdf 
    130.00      -1.9006    1720.74 	     PKKPdf 
    135.00      -1.9066    1711.22 	     PKKPdf 
    140.00      -1.9108    1701.68 	     PKKPdf 
    145.00      -1.9135    1692.12 	     PKKPdf 
    150.00      -1.9149    1682.55 	     PKKPdf 
    270.00     270.00 	 PKKPdf 	 depth
     20.00      -0.4513    1873.96 	     PKKPdf 
     25.00      -0.5626    1871.42 	     PKKPdf 
     30.00      -0.6727    1868.33 	     PKKPdf 
     35.00      -0.7813    1864.70 	     PKKPdf 
     40.00      -0.8881    1860.52 	     PKKPdf 
     45.00      -0.9926    1855.82 	     PKKPdf 
     50.00      -1.0942    1850.60 	     PKKPdf 
     55.00      -1.1924    1844.89 	     PKKPdf 
     60.00      -1.2863    1838.69 	     PKKPdf 
     65.00      -1.3753    1832.03 	     PKKPdf 
     70.00      -1.4583    1824.94 	     PKKPdf 
     75.00      -1.5346    1817.46 	     PKKPdf 
     80.00      -1.6032    1809.61 	     PKKPdf 
     85.00      -1.6637    1801.44 	     PKKPdf 
     90.00      -1.7158    1792.99 	     PKKPdf 
     95.00      -1.7597    1784.30 	     PKKPdf 
    100.00      -1.7959    1775.40 	     PKKPdf 
    105.00      -1.8252    1766.35 	     PKKPdf 
    110.00      -1.8486    1757.16 	     PKKPdf 
    115.00      -1.8670    1747.87 	     PKKPdf 
    120.00      -1.8814    1738.50 	     PKKPdf 
    125.00      -1.8923    1729.06 	     PKKPdf 
    130.00      -1.9006    1719.58 	     PKKPdf 
    135.00      -1.9066    1710.06 	     PKKPdf 
    140.00      -1.9108    1700.52 	     PKKPdf 
    145.00      -1.9135    1690.95 	     PKKPdf 
    150.00      -1.9149    1681.38 	     PKKPdf 
    280.00     280.00 	 PKKPdf 	 depth
     20.00      -0.4513    1872.79 	     PKKPdf 
     25.00      -0.5625    1870.25 	     PKKPdf 
     30.00      -0.6726    1867.16 	     PKKPdf 
     35.00      -0.7812    1863.53 	     PKKPdf 
     40.00      -0.8880    1859.36 	     PKKPdf 
     45.00      -0.9924    1854.65 	     PKKPdf 
     50.00      -1.0940    1849.44 	     PKKPdf 
     55.00      -1.1922    1843.72 	     PKKPdf 
     60.00      -1.2862    1837.52 	     PKKPdf 
     65.00      -1.3751    1830.87 	     PKKPdf 
     70.00      -1.4582    1823.78 	     PKKPdf 
     75.00      -1.5344    1816.30 	     PKKPdf 
     80.00      -1.6031    1808.45 	     PKKPdf 
     85.00      -1.6636    1800.28 	     PKKPdf 
     90.00      -1.7157    1791.83 	     PKKPdf 
     95.00      -1.7596    1783.14 	     PKKPdf 
    100.00      -1.7958    1774.24 	     PKKPdf 
    105.00      -1.8251    1765.19 	     PKKPdf 
    110.00      -1.8485    1756.00 	     PKKPdf 
    115.00      -1.8670    1746.71 	     PKKPdf 
    120.00      -1.8813    1737.34 	     PKKPdf 
    125.00      -1.8923    1727.90 	     PKKPdf 
    130.00      -1.9006    1718.42 	     PKKPdf 
    135.00      -1.9066    1708.90 	     PKKPdf 
    140.00      -1.9108    1699.36 	     PKKPdf 
    145.00      -1.9135    1689.80 	     PKKPdf 
    150.00      -1.9149    1680.23 	     PKKPdf 
    290.00     290.00 	 PKKPdf 	 depth
     20.00      -0.4512    1871.62 	     PKKPdf 
     25.00      -0.5624    1869.09 	     PKKPdf 
     30.00      -0.6725    1866.00 	     PKKPdf 
     35.00      -0.7811    1862.37 	     PKKPdf 
     40.00      -0.8878    1858.19 	     PKKPdf 
     45.00      -0.9923    1853.49 	     PKKPdf 
     50.00      -1.0939    1848.27 	     PKKPdf 
     55.00      -1.1920    1842.56 	     PKKPdf 
     60.00      -1.2860    1836.36 	     PKKPdf 
     65.00      -1.3749    1829.71 	     PKKPdf 
     70.00      -1.4580    1822.62 	     PKKPdf 
     75.00      -1.5342    1815.14 	     PKKPdf 
     80.00      -1.6029    1807.29 	     PKKPdf 
     85.00      -1.6634    1799.12 	     PKKPdf 
     90.00      -1.7156    1790.67 	     PKKPdf 
     95.00      -1.7595    1781.98 	     PKKPdf 
    100.00      -1.7957    1773.09 	     PKKPdf 
    105.00      -1.8251    1764.04 	     PKKPdf 
    110.00      -1.8485    1754.85 	     PKKPdf 
    115.00      -1.8669    1745.56 	     PKKPdf 
    120.00      -1.8813    1736.19 	     PKKPdf 
    125.00      -1.8923    1726.75 	     PKKPdf 
    130.00      -1.9005    1717.27 	     PKKPdf 
    135.00      -1.9066    1707.75 	     PKKPdf 
    140.00      -1.9108    1698.21 	     PKKPdf 
    145.00      -1.9135    1688.64 	     PKKPdf 
    150.00      -1.9149    1679.07 	     PKKPdf 
    300.00     300.00 	 PKKPdf 	 depth
     20.00      -0.4511    1870.46 	     PKKPdf 
     25.00      -0.5623    1867.93 	     PKKPdf 
     30.00      -0.6724    1864.84 	     PKKPdf 
     35.00      -0.7809    1861.21 	     PKKPdf 
     40.00      -0.8877    1857.03 	     PKKPdf 
     45.00      -0.9921    1852.33 	     PKKPdf 
     50.00      -1.0937    1847.12 	     PKKPdf 
     55.00      -1.1918    1841.40 	     PKKPdf 
     60.00      -1.2858    1835.21 	     PKKPdf 
     65.00      -1.3747    1828.55 	     PKKPdf 
     70.00      -1.4578    1821.47 	     PKKPdf 
     75.00      -1.5341    1813.99 	     PKKPdf 
     80.00      -1.6028    1806.14 	     PKKPdf 
     85.00      -1.6633    1797.97 	     PKKPdf 
     90.00      -1.7155    1789.52 	     PKKPdf 
     95.00      -1.7594    1780.83 	     PKKPdf 
    100.00      -1.7956    1771.94 	     PKKPdf 
    105.00      -1.8250    1762.89 	     PKKPdf 
    110.00      -1.8484    1753.70 	     PKKPdf 
    115.00      -1.8669    1744.41 	     PKKPdf 
    120.00      -1.8812    1735.04 	     PKKPdf 
    125.00      -1.8923    1725.60 	     PKKPdf 
    130.00      -1.9005    1716.12 	     PKKPdf 
    135.00      -1.9066    1706.60 	     PKKPdf 
    140.00      -1.9108    1697.06 	     PKKPdf 
    145.00      -1.9135    1687.50 	     PKKPdf 
    150.00      -1.9149    1677.93 	     PKKPdf 
    310.00     310.00 	 PKKPdf 	 depth
     20.00      -0.4510    1869.31 	     PKKPdf 
     25.00      -0.5622    1866.77 	     PKKPdf 
     30.00      -0.6722    1863.69 	     PKKPdf 
     35.00      -0.7808    1860.05 	     PKKPdf 
     40.00      -0.8875    1855.88 	     PKKPdf 
     45.00      -0.9919    1851.18 	     PKKPdf 
     50.00      -1.0935    1845.97 	     PKKPdf 
     55.00      -1.1917    1840.25 	     PKKPdf 
     60.00      -1.2856    1834.06 	     PKKPdf 
     65.00      -1.3746    1827.40 	     PKKPdf 
     70.00      -1.4576    1820.32 	     PKKPdf 
     75.00      -1.5339    1812.84 	     PKKPdf 
     80.00      -1.6026    1804.99 	     PKKPdf 
     85.00      -1.6631    1796.83 	     PKKPdf 
     90.00      -1.7153    1788.38 	     PKKPdf 
     95.00      -1.7593    1779.69 	     PKKPdf 
    100.00      -1.7955    1770.80 	     PKKPdf 
    105.00      -1.8249    1761.74 	     PKKPdf 
    110.00      -1.8484    1752.56 	     PKKPdf 
    115.00      -1.8668    1743.27 	     PKKPdf 
    120.00      -1.8812    1733.90 	     PKKPdf 
    125.00      -1.8922    1724.46 	     PKKPdf 
    130.00      -1.9005    1714.98 	     PKKPdf 
    135.00      -1.9066    1705.46 	     PKKPdf 
    140.00      -1.9108    1695.92 	     PKKPdf 
    145.00      -1.9135    1686.35 	     PKKPdf 
    150.00      -1.9149    1676.78 	     PKKPdf 
    320.00     320.00 	 PKKPdf 	 depth
     20.00      -0.4510    1868.15 	     PKKPdf 
     25.00      -0.5621    1865.62 	     PKKPdf 
     30.00      -0.6721    1862.54 	     PKKPdf 
     35.00      -0.7807    1858.90 	     PKKPdf 
     40.00      -0.8874    1854.73 	     PKKPdf 
     45.00      -0.9918    1850.03 	     PKKPdf 
     50.00      -1.0934    1844.82 	     PKKPdf 
     55.00      -1.1915    1839.10 	     PKKPdf 
     60.00      -1.2854    1832.91 	     PKKPdf 
     65.00      -1.3744    1826.26 	     PKKPdf 
     70.00      -1.4574    1819.18 	     PKKPdf 
     75.00      -1.5337    1811.70 	     PKKPdf 
     80.00      -1.6024    1803.85 	     PKKPdf 
     85.00      -1.6630    1795.69 	     PKKPdf 
     90.00      -1.7152    1787.24 	     PKKPdf 
     95.00      -1.7592    1778.55 	     PKKPdf 
    100.00      -1.7954    1769.66 	     PKKPdf 
    105.00      -1.8248    1760.60 	     PKKPdf 
    110.00      -1.8483    1751.42 	     PKKPdf 
    115.00      -1.8668    1742.13 	     PKKPdf 
    120.00      -1.8812    1732.76 	     PKKPdf 
    125.00      -1.8922    1723.32 	     PKKPdf 
    130.00      -1.9005    1713.84 	     PKKPdf 
    135.00      -1.9065    1704.32 	     PKKPdf 
    140.00      -1.9108    1694.78 	     PKKPdf 
    145.00      -1.9135    1685.22 	     PKKPdf 
    150.00      -1.9149    1675.65 	     PKKPdf 
    330.00     330.00 	 PKKPdf 	 depth
     20.00      -0.4509    1867.01 	     PKKPdf 
     25.00      -0.5620    1864.48 	     PKKPdf 
     30.00      -0.6720    1861.39 	     PKKPdf 
     35.00      -0.7805    1857.76 	     PKKPdf 
     40.00      -0.8872    1853.59 	     PKKPdf 
     45.00      -0.9916    1848.89 	     PKKPdf 
     50.00      -1.0932    1843.68 	     PKKPdf 
     55.00      -1.1913    1837.96 	     PKKPdf 
     60.00      -1.2852    1831.77 	     PKKPdf 
     65.00      -1.3742    1825.12 	     PKKPdf 
     70.00      -1.4573    1818.04 	     PKKPdf 
     75.00      -1.5335    1810.56 	     PKKPdf 
     80.00      -1.6023    1802.72 	     PKKPdf 
     85.00      -1.6629    1794.55 	     PKKPdf 
     90.00      -1.7151    1786.10 	     PKKPdf 
     95.00      -1.7591    1777.41 	     PKKPdf 
    100.00      -1.7953    1768.52 	     PKKPdf 
    105.00      -1.8248    1759.47 	     PKKPdf 
    110.00      -1.8482    1750.29 	     PKKPdf 
    115.00      -1.8667    1741.00 	     PKKPdf 
    120.00      -1.8811    1731.63 	     PKKPdf 
    125.00      -1.8922    1722.19 	     PKKPdf 
    130.00      -1.9005    1712.71 	     PKKPdf 
    135.00      -1.9065    1703.19 	     PKKPdf 
    140.00      -1.9108    1693.65 	     PKKPdf 
    145.00      -1.9135    1684.08 	     PKKPdf 
    150.00      -1.9149    1674.51 	     PKKPdf 
    340.00     340.00 	 PKKPdf 	 depth
     20.00      -0.4508    1865.87 	     PKKPdf 
     25.00      -0.5619    1863.34 	     PKKPdf 
     30.00      -0.6719    1860.25 	     PKKPdf 
     35.00      -0.7804    1856.62 	     PKKPdf 
     40.00      -0.8871    1852.45 	     PKKPdf 
     45.00      -0.9915    1847.75 	     PKKPdf 
     50.00      -1.0930    1842.54 	     PKKPdf 
     55.00      -1.1911    1836.83 	     PKKPdf 
     60.00      -1.2851    1830.63 	     PKKPdf 
     65.00      -1.3740    1823.98 	     PKKPdf 
     70.00      -1.4571    1816.90 	     PKKPdf 
     75.00      -1.5334    1809.43 	     PKKPdf 
     80.00      -1.6021    1801.58 	     PKKPdf 
     85.00      -1.6627    1793.42 	     PKKPdf 
     90.00      -1.7149    1784.97 	     PKKPdf 
     95.00      -1.7589    1776.28 	     PKKPdf 
    100.00      -1.7953    1767.39 	     PKKPdf 
    105.00      -1.8247    1758.34 	     PKKPdf 
    110.00      -1.8482    1749.16 	     PKKPdf 
    115.00      -1.8667    1739.87 	     PKKPdf 
    120.00      -1.8811    1730.50 	     PKKPdf 
    125.00      -1.8921    1721.06 	     PKKPdf 
    130.00      -1.9004    1711.58 	     PKKPdf 
    135.00      -1.9065    1702.06 	     PKKPdf 
    140.00      -1.9107    1692.52 	     PKKPdf 
    145.00      -1.9134    1682.96 	     PKKPdf 
    150.00      -1.9149    1673.39 	     PKKPdf 
    350.00     350.00 	 PKKPdf 	 depth
     20.00      -0.4507    1864.73 	     PKKPdf 
     25.00      -0.5618    1862.20 	     PKKPdf 
     30.00      -0.6718    1859.11 	     PKKPdf 
     35.00      -0.7803    1855.48 	     PKKPdf 
     40.00      -0.8869    1851.31 	     PKKPdf 
     45.00      -0.9913    1846.62 	     PKKPdf 
     50.00      -1.0928    1841.41 	     PKKPdf 
     55.00      -1.1909    1835.70 	     PKKPdf 
     60.00      -1.2849    1829.50 	     PKKPdf 
     65.00      -1.3738    1822.86 	     PKKPdf 
     70.00      -1.4569    1815.78 	     PKKPdf 
     75.00      -1.5332    1808.30 	     PKKPdf 
     80.00      -1.6019    1800.46 	     PKKPdf 
     85.00      -1.6626    1792.29 	     PKKPdf 
     90.00      -1.7148    1783.84 	     PKKPdf 
     95.00      -1.7588    1775.16 	     PKKPdf 
    100.00      -1.7952    1766.27 	     PKKPdf 
    105.00      -1.8246    1757.22 	     PKKPdf 
    110.00      -1.8481    1748.03 	     PKKPdf 
    115.00      -1.8666    1738.74 	     PKKPdf 
    120.00      -1.8811    1729.37 	     PKKPdf 
    125.00      -1.8921    1719.94 	     PKKPdf 
    130.00      -1.9004    1710.46 	     PKKPdf 
    135.00      -1.9065    1700.94 	     PKKPdf 
    140.00      -1.9107    1691.40 	     PKKPdf 
    145.00      -1.9134    1681.83 	     PKKPdf 
    150.00      -1.9149    1672.26 	     PKKPdf 
    360.00     360.00 	 PKKPdf 	 depth
     20.00      -0.4506    1863.60 	     PKKPdf 
     25.00      -0.5617    1861.07 	     PKKPdf 
     30.00      -0.6717    1857.98 	     PKKPdf 
     35.00      -0.7801    1854.35 	     PKKPdf 
     40.00      -0.8868    1850.19 	     PKKPdf 
     45.00      -0.9911    1845.49 	     PKKPdf 
     50.00      -1.0927    1840.28 	     PKKPdf 
     55.00      -1.1908    1834.57 	     PKKPdf 
     60.00      -1.2847    1828.38 	     PKKPdf 
     65.00      -1.3736    1821.73 	     PKKPdf 
     70.00      -1.4567    1814.65 	     PKKPdf 
     75.00      -1.5330    1807.17 	     PKKPdf 
     80.00      -1.6018    1799.33 	     PKKPdf 
     85.00      -1.6624    1791.17 	     PKKPdf 
     90.00      -1.7147    1782.72 	     PKKPdf 
     95.00      -1.7587    1774.04 	     PKKPdf 
    100.00      -1.7951    1765.15 	     PKKPdf 
    105.00      -1.8245    1756.10 	     PKKPdf 
    110.00      -1.8481    1746.91 	     PKKPdf 
    115.00      -1.8666    1737.63 	     PKKPdf 
    120.00      -1.8810    1728.26 	     PKKPdf 
    125.00      -1.8921    1718.82 	     PKKPdf 
    130.00      -1.9004    1709.34 	     PKKPdf 
    135.00      -1.9065    1699.82 	     PKKPdf 
    140.00      -1.9107    1690.28 	     PKKPdf 
    145.00      -1.9134    1680.72 	     PKKPdf 
    150.00      -1.9149    1671.15 	     PKKPdf 
    370.00     370.00 	 PKKPdf 	 depth
     20.00      -0.4506    1862.47 	     PKKPdf 
     25.00      -0.5616    1859.94 	     PKKPdf 
     30.00      -0.6715    1856.86 	     PKKPdf 
     35.00      -0.7800    1853.23 	     PKKPdf 
     40.00      -0.8866    1849.06 	     PKKPdf 
     45.00      -0.9910    1844.37 	     PKKPdf 
     50.00      -1.0925    1839.16 	     PKKPdf 
     55.00      -1.1906    1833.45 	     PKKPdf 
     60.00      -1.2845    1827.26 	     PKKPdf 
     65.00      -1.3734    1820.61 	     PKKPdf 
     70.00      -1.4565    1813.53 	     PKKPdf 
     75.00      -1.5328    1806.06 	     PKKPdf 
     80.00      -1.6016    1798.22 	     PKKPdf 
     85.00      -1.6622    1790.05 	     PKKPdf 
     90.00      -1.7145    1781.61 	     PKKPdf 
     95.00      -1.7586    1772.92 	     PKKPdf 
    100.00      -1.7950    1764.04 	     PKKPdf 
    105.00      -1.8245    1754.98 	     PKKPdf 
    110.00      -1.8480    1745.80 	     PKKPdf 
    115.00      -1.8665    1736.51 	     PKKPdf 
    120.00      -1.8810    1727.14 	     PKKPdf 
    125.00      -1.8920    1717.71 	     PKKPdf 
    130.00      -1.9004    1708.23 	     PKKPdf 
    135.00      -1.9065    1698.71 	     PKKPdf 
    140.00      -1.9107    1689.16 	     PKKPdf 
    145.00      -1.9134    1679.60 	     PKKPdf 
    150.00      -1.9149    1670.03 	     PKKPdf 
    380.00     380.00 	 PKKPdf 	 depth
     20.00      -0.4505    1861.35 	     PKKPdf 
     25.00      -0.5615    1858.82 	     PKKPdf 
     30.00      -0.6714    1855.74 	     PKKPdf 
     35.00      -0.7799    1852.11 	     PKKPdf 
     40.00      -0.8865    1847.94 	     PKKPdf 
     45.00      -0.9908    1843.25 	     PKKPdf 
     50.00      -1.0923    1838.04 	     PKKPdf 
     55.00      -1.1904    1832.33 	     PKKPdf 
     60.00      -1.2843    1826.14 	     PKKPdf 
     65.00      -1.3732    1819.49 	     PKKPdf 
     70.00      -1.4563    1812.42 	     PKKPdf 
     75.00      -1.5326    1804.94 	     PKKPdf 
     80.00      -1.6014    1797.10 	     PKKPdf 
     85.00      -1.6621    1788.94 	     PKKPdf 
     90.00      -1.7144    1780.50 	     PKKPdf 
     95.00      -1.7585    1771.81 	     PKKPdf 
    100.00      -1.7949    1762.92 	     PKKPdf 
    105.00      -1.8244    1753.87 	     PKKPdf 
    110.00      -1.8479    1744.69 	     PKKPdf 
    115.00      -1.8665    1735.40 	     PKKPdf 
    120.00      -1.8809    1726.03 	     PKKPdf 
    125.00      -1.8920    1716.60 	     PKKPdf 
    130.00      -1.9004    1707.12 	     PKKPdf 
    135.00      -1.9064    1697.60 	     PKKPdf 
    140.00      -1.9107    1688.06 	     PKKPdf 
    145.00      -1.9134    1678.49 	     PKKPdf 
    150.00      -1.9149    1668.92 	     PKKPdf 
    390.00     390.00 	 PKKPdf 	 depth
     20.00      -0.4504    1860.23 	     PKKPdf 
     25.00      -0.5614    1857.70 	     PKKPdf 
     30.00      -0.6713    1854.62 	     PKKPdf 
     35.00      -0.7797    1850.99 	     PKKPdf 
     40.00      -0.8863    1846.82 	     PKKPdf 
     45.00      -0.9906    1842.13 	     PKKPdf 
     50.00      -1.0921    1836.92 	     PKKPdf 
     55.00      -1.1902    1831.22 	     PKKPdf 
     60.00      -1.2841    1825.03 	     PKKPdf 
     65.00      -1.3730    1818.38 	     PKKPdf 
     70.00      -1.4561    1811.31 	     PKKPdf 
     75.00      -1.5325    1803.83 	     PKKPdf 
     80.00      -1.6013    1796.00 	     PKKPdf 
     85.00      -1.6619    1787.83 	     PKKPdf 
     90.00      -1.7143    1779.39 	     PKKPdf 
     95.00      -1.7584    1770.71 	     PKKPdf 
    100.00      -1.7948    1761.82 	     PKKPdf 
    105.00      -1.8243    1752.77 	     PKKPdf 
    110.00      -1.8479    1743.59 	     PKKPdf 
    115.00      -1.8664    1734.30 	     PKKPdf 
    120.00      -1.8809    1724.93 	     PKKPdf 
    125.00      -1.8920    1715.50 	     PKKPdf 
    130.00      -1.9003    1706.01 	     PKKPdf 
    135.00      -1.9064    1696.50 	     PKKPdf 
    140.00      -1.9107    1686.95 	     PKKPdf 
    145.00      -1.9134    1677.39 	     PKKPdf 
    150.00      -1.9149    1667.82 	     PKKPdf 
    400.00     400.00 	 PKKPdf 	 depth
     20.00      -0.4503    1859.12 	     PKKPdf 
     25.00      -0.5613    1856.59 	     PKKPdf 
     30.00      -0.6712    1853.51 	     PKKPdf 
     35.00      -0.7796    1849.88 	     PKKPdf 
     40.00      -0.8862    1845.71 	     PKKPdf 
     45.00      -0.9905    1841.02 	     PKKPdf 
     50.00      -1.0919    1835.81 	     PKKPdf 
     55.00      -1.1900    1830.11 	     PKKPdf 
     60.00      -1.2839    1823.92 	     PKKPdf 
     65.00      -1.3728    1817.28 	     PKKPdf 
     70.00      -1.4559    1810.20 	     PKKPdf 
     75.00      -1.5323    1802.73 	     PKKPdf 
     80.00      -1.6011    1794.89 	     PKKPdf 
     85.00      -1.6618    1786.73 	     PKKPdf 
     90.00      -1.7141    1778.29 	     PKKPdf 
     95.00      -1.7582    1769.60 	     PKKPdf 
    100.00      -1.7947    1760.72 	     PKKPdf 
    105.00      -1.8242    1751.67 	     PKKPdf 
    110.00      -1.8478    1742.49 	     PKKPdf 
    115.00      -1.8664    1733.20 	     PKKPdf 
    120.00      -1.8809    1723.83 	     PKKPdf 
    125.00      -1.8920    1714.40 	     PKKPdf 
    130.00      -1.9003    1704.91 	     PKKPdf 
    135.00      -1.9064    1695.40 	     PKKPdf 
    140.00      -1.9107    1685.85 	     PKKPdf 
    145.00      -1.9134    1676.29 	     PKKPdf 
    150.00      -1.9149    1666.72 	     PKKPdf 
    410.00     410.00 	 PKKPdf 	 depth
     20.00      -0.4502    1858.01 	     PKKPdf 
     25.00      -0.5612    1855.48 	     PKKPdf 
     30.00      -0.6711    1852.40 	     PKKPdf 
     35.00      -0.7794    1848.77 	     PKKPdf 
     40.00      -0.8860    1844.61 	     PKKPdf 
     45.00      -0.9903    1839.92 	     PKKPdf 
     50.00      -1.0918    1834.71 	     PKKPdf 
     55.00      -1.1898    1829.00 	     PKKPdf 
     60.00      -1.2837    1822.82 	     PKKPdf 
     65.00      -1.3726    1816.17 	     PKKPdf 
     70.00      -1.4557    1809.10 	     PKKPdf 
     75.00      -1.5321    1801.63 	     PKKPdf 
     80.00      -1.6009    1793.79 	     PKKPdf 
     85.00      -1.6616    1785.63 	     PKKPdf 
     90.00      -1.7140    1777.19 	     PKKPdf 
     95.00      -1.7581    1768.51 	     PKKPdf 
    100.00      -1.7946    1759.62 	     PKKPdf 
    105.00      -1.8241    1750.57 	     PKKPdf 
    110.00      -1.8477    1741.39 	     PKKPdf 
    115.00      -1.8663    1732.10 	     PKKPdf 
    120.00      -1.8808    1722.73 	     PKKPdf 
    125.00      -1.8919    1713.30 	     PKKPdf 
    130.00      -1.9003    1703.82 	     PKKPdf 
    135.00      -1.9064    1694.30 	     PKKPdf 
    140.00      -1.9107    1684.76 	     PKKPdf 
    145.00      -1.9134    1675.20 	     PKKPdf 
    150.00      -1.9148    1665.63 	     PKKPdf 
    420.00     420.00 	 PKKPdf 	 depth
     20.00      -0.4501    1856.94 	     PKKPdf 
     25.00      -0.5611    1854.41 	     PKKPdf 
     30.00      -0.6709    1851.33 	     PKKPdf 
     35.00      -0.7793    1847.71 	     PKKPdf 
     40.00      -0.8858    1843.54 	     PKKPdf 
     45.00      -0.9901    1838.85 	     PKKPdf 
     50.00      -1.0916    1833.65 	     PKKPdf 
     55.00      -1.1896    1827.94 	     PKKPdf 
     60.00      -1.2835    1821.76 	     PKKPdf 
     65.00      -1.3724    1815.12 	     PKKPdf 
     70.00      -1.4555    1808.04 	     PKKPdf 
     75.00      -1.5319    1800.57 	     PKKPdf 
     80.00      -1.6007    1792.74 	     PKKPdf 
     85.00      -1.6615    1784.58 	     PKKPdf 
     90.00      -1.7138    1776.14 	     PKKPdf 
     95.00      -1.7580    1767.45 	     PKKPdf 
    100.00      -1.7945    1758.57 	     PKKPdf 
    105.00      -1.8241    1749.52 	     PKKPdf 
    110.00      -1.8477    1740.34 	     PKKPdf 
    115.00      -1.8663    1731.05 	     PKKPdf 
    120.00      -1.8808    1721.68 	     PKKPdf 
    125.00      -1.8919    1712.25 	     PKKPdf 
    130.00      -1.9003    1702.77 	     PKKPdf 
    135.00      -1.9064    1693.25 	     PKKPdf 
    140.00      -1.9107    1683.71 	     PKKPdf 
    145.00      -1.9134    1674.15 	     PKKPdf 
    150.00      -1.9148    1664.58 	     PKKPdf 
    430.00     430.00 	 PKKPdf 	 depth
     20.00      -0.4501    1855.88 	     PKKPdf 
     25.00      -0.5610    1853.35 	     PKKPdf 
     30.00      -0.6708    1850.27 	     PKKPdf 
     35.00      -0.7792    1846.65 	     PKKPdf 
     40.00      -0.8857    1842.49 	     PKKPdf 
     45.00      -0.9899    1837.80 	     PKKPdf 
     50.00      -1.0914    1832.59 	     PKKPdf 
     55.00      -1.1894    1826.89 	     PKKPdf 
     60.00      -1.2833    1820.70 	     PKKPdf 
     65.00      -1.3722    1814.06 	     PKKPdf 
     70.00      -1.4553    1806.99 	     PKKPdf 
     75.00      -1.5317    1799.52 	     PKKPdf 
     80.00      -1.6005    1791.69 	     PKKPdf 
     85.00      -1.6613    1783.53 	     PKKPdf 
     90.00      -1.7137    1775.09 	     PKKPdf 
     95.00      -1.7579    1766.41 	     PKKPdf 
    100.00      -1.7944    1757.52 	     PKKPdf 
    105.00      -1.8240    1748.47 	     PKKPdf 
    110.00      -1.8476    1739.29 	     PKKPdf 
    115.00      -1.8662    1730.01 	     PKKPdf 
    120.00      -1.8807    1720.64 	     PKKPdf 
    125.00      -1.8919    1711.20 	     PKKPdf 
    130.00      -1.9002    1701.72 	     PKKPdf 
    135.00      -1.9064    1692.20 	     PKKPdf 
    140.00      -1.9106    1682.66 	     PKKPdf 
    145.00      -1.9134    1673.10 	     PKKPdf 
    150.00      -1.9148    1663.53 	     PKKPdf 
    440.00     440.00 	 PKKPdf 	 depth
     20.00      -0.4500    1854.82 	     PKKPdf 
     25.00      -0.5609    1852.30 	     PKKPdf 
     30.00      -0.6707    1849.22 	     PKKPdf 
     35.00      -0.7790    1845.59 	     PKKPdf 
     40.00      -0.8855    1841.43 	     PKKPdf 
     45.00      -0.9898    1836.74 	     PKKPdf 
     50.00      -1.0912    1831.54 	     PKKPdf 
     55.00      -1.1892    1825.83 	     PKKPdf 
     60.00      -1.2831    1819.65 	     PKKPdf 
     65.00      -1.3720    1813.01 	     PKKPdf 
     70.00      -1.4551    1805.94 	     PKKPdf 
     75.00      -1.5315    1798.47 	     PKKPdf 
     80.00      -1.6004    1790.64 	     PKKPdf 
     85.00      -1.6611    1782.48 	     PKKPdf 
     90.00      -1.7135    1774.04 	     PKKPdf 
     95.00      -1.7578    1765.36 	     PKKPdf 
    100.00      -1.7943    1756.48 	     PKKPdf 
    105.00      -1.8239    1747.43 	     PKKPdf 
    110.00      -1.8475    1738.25 	     PKKPdf 
    115.00      -1.8662    1728.96 	     PKKPdf 
    120.00      -1.8807    1719.59 	     PKKPdf 
    125.00      -1.8918    1710.16 	     PKKPdf 
    130.00      -1.9002    1700.68 	     PKKPdf 
    135.00      -1.9063    1691.16 	     PKKPdf 
    140.00      -1.9106    1681.62 	     PKKPdf 
    145.00      -1.9134    1672.06 	     PKKPdf 
    150.00      -1.9148    1662.49 	     PKKPdf 
    450.00     450.00 	 PKKPdf 	 depth
     20.00      -0.4499    1853.77 	     PKKPdf 
     25.00      -0.5608    1851.24 	     PKKPdf 
     30.00      -0.6705    1848.16 	     PKKPdf 
     35.00      -0.7789    1844.54 	     PKKPdf 
     40.00      -0.8854    1840.38 	     PKKPdf 
     45.00      -0.9896    1835.69 	     PKKPdf 
     50.00      -1.0910    1830.49 	     PKKPdf 
     55.00      -1.1890    1824.79 	     PKKPdf 
     60.00      -1.2829    1818.60 	     PKKPdf 
     65.00      -1.3718    1811.96 	     PKKPdf 
     70.00      -1.4549    1804.90 	     PKKPdf 
     75.00      -1.5313    1797.43 	     PKKPdf 
     80.00      -1.6002    1789.59 	     PKKPdf 
     85.00      -1.6610    1781.44 	     PKKPdf 
     90.00      -1.7134    1773.00 	     PKKPdf 
     95.00      -1.7576    1764.32 	     PKKPdf 
    100.00      -1.7942    1755.44 	     PKKPdf 
    105.00      -1.8238    1746.39 	     PKKPdf 
    110.00      -1.8475    1737.21 	     PKKPdf 
    115.00      -1.8661    1727.92 	     PKKPdf 
    120.00      -1.8807    1718.55 	     PKKPdf 
    125.00      -1.8918    1709.12 	     PKKPdf 
    130.00      -1.9002    1699.64 	     PKKPdf 
    135.00      -1.9063    1690.12 	     PKKPdf 
    140.00      -1.9106    1680.58 	     PKKPdf 
    145.00      -1.9134    1671.02 	     PKKPdf 
    150.00      -1.9148    1661.45 	     PKKPdf 
    460.00     460.00 	 PKKPdf 	 depth
     20.00      -0.4498    1852.72 	     PKKPdf 
     25.00      -0.5607    1850.19 	     PKKPdf 
     30.00      -0.6704    1847.11 	     PKKPdf 
     35.00      -0.7787    1843.49 	     PKKPdf 
     40.00      -0.8852    1839.33 	     PKKPdf 
     45.00      -0.9894    1834.64 	     PKKPdf 
     50.00      -1.0908    1829.44 	     PKKPdf 
     55.00      -1.1888    1823.74 	     PKKPdf 
     60.00      -1.2827    1817.56 	     PKKPdf 
     65.00      -1.3716    1810.92 	     PKKPdf 
     70.00      -1.4547    1803.85 	     PKKPdf 
     75.00      -1.5311    1796.39 	     PKKPdf 
     80.00      -1.6000    1788.56 	     PKKPdf 
     85.00      -1.6608    1780.40 	     PKKPdf 
     90.00      -1.7132    1771.96 	     PKKPdf 
     95.00      -1.7575    1763.28 	     PKKPdf 
    100.00      -1.7940    1754.40 	     PKKPdf 
    105.00      -1.8237    1745.35 	     PKKPdf 
    110.00      -1.8474    1736.17 	     PKKPdf 
    115.00      -1.8661    1726.89 	     PKKPdf 
    120.00      -1.8806    1717.52 	     PKKPdf 
    125.00      -1.8918    1708.09 	     PKKPdf 
    130.00      -1.9002    1698.60 	     PKKPdf 
    135.00      -1.9063    1689.09 	     PKKPdf 
    140.00      -1.9106    1679.54 	     PKKPdf 
    145.00      -1.9134    1669.98 	     PKKPdf 
    150.00      -1.9148    1660.41 	     PKKPdf 
    470.00     470.00 	 PKKPdf 	 depth
     20.00      -0.4497    1851.67 	     PKKPdf 
     25.00      -0.5606    1849.15 	     PKKPdf 
     30.00      -0.6703    1846.07 	     PKKPdf 
     35.00      -0.7786    1842.45 	     PKKPdf 
     40.00      -0.8850    1838.29 	     PKKPdf 
     45.00      -0.9892    1833.60 	     PKKPdf 
     50.00      -1.0906    1828.40 	     PKKPdf 
     55.00      -1.1886    1822.70 	     PKKPdf 
     60.00      -1.2825    1816.52 	     PKKPdf 
     65.00      -1.3714    1809.88 	     PKKPdf 
     70.00      -1.4545    1802.82 	     PKKPdf 
     75.00      -1.5309    1795.35 	     PKKPdf 
     80.00      -1.5998    1787.52 	     PKKPdf 
     85.00      -1.6606    1779.36 	     PKKPdf 
     90.00      -1.7131    1770.93 	     PKKPdf 
     95.00      -1.7574    1762.25 	     PKKPdf 
    100.00      -1.7939    1753.37 	     PKKPdf 
    105.00      -1.8236    1744.32 	     PKKPdf 
    110.00      -1.8473    1735.14 	     PKKPdf 
    115.00      -1.8660    1725.85 	     PKKPdf 
    120.00      -1.8806    1716.49 	     PKKPdf 
    125.00      -1.8917    1707.05 	     PKKPdf 
    130.00      -1.9001    1697.57 	     PKKPdf 
    135.00      -1.9063    1688.06 	     PKKPdf 
    140.00      -1.9106    1678.51 	     PKKPdf 
    145.00      -1.9134    1668.95 	     PKKPdf 
    150.00      -1.9148    1659.38 	     PKKPdf 
    480.00     480.00 	 PKKPdf 	 depth
     20.00      -0.4496    1850.63 	     PKKPdf 
     25.00      -0.5604    1848.10 	     PKKPdf 
     30.00      -0.6701    1845.03 	     PKKPdf 
     35.00      -0.7784    1841.40 	     PKKPdf 
     40.00      -0.8848    1837.25 	     PKKPdf 
     45.00      -0.9890    1832.56 	     PKKPdf 
     50.00      -1.0904    1827.36 	     PKKPdf 
     55.00      -1.1884    1821.66 	     PKKPdf 
     60.00      -1.2822    1815.48 	     PKKPdf 
     65.00      -1.3712    1808.85 	     PKKPdf 
     70.00      -1.4543    1801.78 	     PKKPdf 
     75.00      -1.5307    1794.32 	     PKKPdf 
     80.00      -1.5996    1786.49 	     PKKPdf 
     85.00      -1.6604    1778.33 	     PKKPdf 
     90.00      -1.7129    1769.90 	     PKKPdf 
     95.00      -1.7572    1761.22 	     PKKPdf 
    100.00      -1.7938    1752.34 	     PKKPdf 
    105.00      -1.8235    1743.29 	     PKKPdf 
    110.00      -1.8473    1734.11 	     PKKPdf 
    115.00      -1.8660    1724.83 	     PKKPdf 
    120.00      -1.8805    1715.46 	     PKKPdf 
    125.00      -1.8917    1706.03 	     PKKPdf 
    130.00      -1.9001    1696.55 	     PKKPdf 
    135.00      -1.9063    1687.03 	     PKKPdf 
    140.00      -1.9106    1677.49 	     PKKPdf 
    145.00      -1.9134    1667.93 	     PKKPdf 
    150.00      -1.9148    1658.35 	     PKKPdf 
    490.00     490.00 	 PKKPdf 	 depth
     20.00      -0.4495    1849.59 	     PKKPdf 
     25.00      -0.5603    1847.06 	     PKKPdf 
     30.00      -0.6700    1843.99 	     PKKPdf 
     35.00      -0.7783    1840.37 	     PKKPdf 
     40.00      -0.8847    1836.21 	     PKKPdf 
     45.00      -0.9888    1831.52 	     PKKPdf 
     50.00      -1.0902    1826.32 	     PKKPdf 
     55.00      -1.1882    1820.63 	     PKKPdf 
     60.00      -1.2820    1814.45 	     PKKPdf 
     65.00      -1.3709    1807.82 	     PKKPdf 
     70.00      -1.4541    1800.75 	     PKKPdf 
     75.00      -1.5305    1793.29 	     PKKPdf 
     80.00      -1.5994    1785.46 	     PKKPdf 
     85.00      -1.6603    1777.31 	     PKKPdf 
     90.00      -1.7128    1768.87 	     PKKPdf 
     95.00      -1.7571    1760.19 	     PKKPdf 
    100.00      -1.7937    1751.31 	     PKKPdf 
    105.00      -1.8234    1742.27 	     PKKPdf 
    110.00      -1.8472    1733.09 	     PKKPdf 
    115.00      -1.8659    1723.80 	     PKKPdf 
    120.00      -1.8805    1714.43 	     PKKPdf 
    125.00      -1.8917    1705.00 	     PKKPdf 
    130.00      -1.9001    1695.52 	     PKKPdf 
    135.00      -1.9063    1686.01 	     PKKPdf 
    140.00      -1.9106    1676.46 	     PKKPdf 
    145.00      -1.9133    1666.90 	     PKKPdf 
    150.00      -1.9148    1657.33 	     PKKPdf 
    500.00     500.00 	 PKKPdf 	 depth
     20.00      -0.4494    1848.55 	     PKKPdf 
     25.00      -0.5602    1846.03 	     PKKPdf 
     30.00      -0.6699    1842.95 	     PKKPdf 
     35.00      -0.7781    1839.33 	     PKKPdf 
     40.00      -0.8845    1835.18 	     PKKPdf 
     45.00      -0.9886    1830.49 	     PKKPdf 
     50.00      -1.0900    1825.29 	     PKKPdf 
     55.00      -1.1880    1819.60 	     PKKPdf 
     60.00      -1.2818    1813.42 	     PKKPdf 
     65.00      -1.3707    1806.79 	     PKKPdf 
     70.00      -1.4538    1799.72 	     PKKPdf 
     75.00      -1.5303    1792.26 	     PKKPdf 
     80.00      -1.5992    1784.43 	     PKKPdf 
     85.00      -1.6601    1776.28 	     PKKPdf 
     90.00      -1.7126    1767.85 	     PKKPdf 
     95.00      -1.7570    1759.17 	     PKKPdf 
    100.00      -1.7936    1750.29 	     PKKPdf 
    105.00      -1.8233    1741.24 	     PKKPdf 
    110.00      -1.8471    1732.07 	     PKKPdf 
    115.00      -1.8658    1722.78 	     PKKPdf 
    120.00      -1.8804    1713.41 	     PKKPdf 
    125.00      -1.8916    1703.98 	     PKKPdf 
    130.00      -1.9001    1694.50 	     PKKPdf 
    135.00      -1.9062    1684.99 	     PKKPdf 
    140.00      -1.9106    1675.44 	     PKKPdf 
    145.00      -1.9133    1665.88 	     PKKPdf 
    150.00      -1.9148    1656.31 	     PKKPdf 
    510.00     510.00 	 PKKPdf 	 depth
     20.00      -0.4493    1847.52 	     PKKPdf 
     25.00      -0.5601    1845.00 	     PKKPdf 
     30.00      -0.6697    1841.92 	     PKKPdf 
     35.00      -0.7779    1838.30 	     PKKPdf 
     40.00      -0.8843    1834.15 	     PKKPdf 
     45.00      -0.9885    1829.46 	     PKKPdf 
     50.00      -1.0898    1824.27 	     PKKPdf 
     55.00      -1.1878    1818.57 	     PKKPdf 
     60.00      -1.2816    1812.40 	     PKKPdf 
     65.00      -1.3705    1805.76 	     PKKPdf 
     70.00      -1.4536    1798.70 	     PKKPdf 
     75.00      -1.5301    1791.24 	     PKKPdf 
     80.00      -1.5990    1783.41 	     PKKPdf 
     85.00      -1.6599    1775.26 	     PKKPdf 
     90.00      -1.7125    1766.83 	     PKKPdf 
     95.00      -1.7568    1758.15 	     PKKPdf 
    100.00      -1.7935    1749.27 	     PKKPdf 
    105.00      -1.8233    1740.23 	     PKKPdf 
    110.00      -1.8470    1731.05 	     PKKPdf 
    115.00      -1.8658    1721.76 	     PKKPdf 
    120.00      -1.8804    1712.40 	     PKKPdf 
    125.00      -1.8916    1702.97 	     PKKPdf 
    130.00      -1.9000    1693.49 	     PKKPdf 
    135.00      -1.9062    1683.97 	     PKKPdf 
    140.00      -1.9105    1674.43 	     PKKPdf 
    145.00      -1.9133    1664.87 	     PKKPdf 
    150.00      -1.9148    1655.30 	     PKKPdf 
    520.00     520.00 	 PKKPdf 	 depth
     20.00      -0.4492    1846.49 	     PKKPdf 
     25.00      -0.5600    1843.97 	     PKKPdf 
     30.00      -0.6696    1840.89 	     PKKPdf 
     35.00      -0.7778    1837.28 	     PKKPdf 
     40.00      -0.8842    1833.12 	     PKKPdf 
     45.00      -0.9883    1828.44 	     PKKPdf 
     50.00      -1.0896    1823.24 	     PKKPdf 
     55.00      -1.1875    1817.55 	     PKKPdf 
     60.00      -1.2814    1811.37 	     PKKPdf 
     65.00      -1.3703    1804.74 	     PKKPdf 
     70.00      -1.4534    1797.68 	     PKKPdf 
     75.00      -1.5299    1790.22 	     PKKPdf 
     80.00      -1.5988    1782.39 	     PKKPdf 
     85.00      -1.6597    1774.24 	     PKKPdf 
     90.00      -1.7123    1765.81 	     PKKPdf 
     95.00      -1.7567    1757.13 	     PKKPdf 
    100.00      -1.7934    1748.26 	     PKKPdf 
    105.00      -1.8232    1739.21 	     PKKPdf 
    110.00      -1.8470    1730.03 	     PKKPdf 
    115.00      -1.8657    1720.75 	     PKKPdf 
    120.00      -1.8803    1711.38 	     PKKPdf 
    125.00      -1.8916    1701.95 	     PKKPdf 
    130.00      -1.9000    1692.47 	     PKKPdf 
    135.00      -1.9062    1682.96 	     PKKPdf 
    140.00      -1.9105    1673.41 	     PKKPdf 
    145.00      -1.9133    1663.85 	     PKKPdf 
    150.00      -1.9148    1654.28 	     PKKPdf 
    530.00     530.00 	 PKKPdf 	 depth
     20.00      -0.4491    1845.47 	     PKKPdf 
     25.00      -0.5599    1842.94 	     PKKPdf 
     30.00      -0.6695    1839.87 	     PKKPdf 
     35.00      -0.7776    1836.25 	     PKKPdf 
     40.00      -0.8840    1832.10 	     PKKPdf 
     45.00      -0.9881    1827.42 	     PKKPdf 
     50.00      -1.0894    1822.22 	     PKKPdf 
     55.00      -1.1873    1816.53 	     PKKPdf 
     60.00      -1.2812    1810.35 	     PKKPdf 
     65.00      -1.3701    1803.72 	     PKKPdf 
     70.00      -1.4532    1796.66 	     PKKPdf 
     75.00      -1.5296    1789.20 	     PKKPdf 
     80.00      -1.5986    1781.38 	     PKKPdf 
     85.00      -1.6596    1773.23 	     PKKPdf 
     90.00      -1.7122    1764.80 	     PKKPdf 
     95.00      -1.7566    1756.12 	     PKKPdf 
    100.00      -1.7933    1747.25 	     PKKPdf 
    105.00      -1.8231    1738.20 	     PKKPdf 
    110.00      -1.8469    1729.02 	     PKKPdf 
    115.00      -1.8657    1719.74 	     PKKPdf 
    120.00      -1.8803    1710.37 	     PKKPdf 
    125.00      -1.8915    1700.94 	     PKKPdf 
    130.00      -1.9000    1691.46 	     PKKPdf 
    135.00      -1.9062    1681.95 	     PKKPdf 
    140.00      -1.9105    1672.41 	     PKKPdf 
    145.00      -1.9133    1662.84 	     PKKPdf 
    150.00      -1.9148    1653.27 	     PKKPdf 
    540.00     540.00 	 PKKPdf 	 depth
     20.00      -0.4490    1844.45 	     PKKPdf 
     25.00      -0.5598    1841.92 	     PKKPdf 
     30.00      -0.6693    1838.85 	     PKKPdf 
     35.00      -0.7775    1835.23 	     PKKPdf 
     40.00      -0.8838    1831.08 	     PKKPdf 
     45.00      -0.9879    1826.40 	     PKKPdf 
     50.00      -1.0892    1821.20 	     PKKPdf 
     55.00      -1.1871    1815.51 	     PKKPdf 
     60.00      -1.2809    1809.34 	     PKKPdf 
     65.00      -1.3698    1802.71 	     PKKPdf 
     70.00      -1.4530    1795.65 	     PKKPdf 
     75.00      -1.5294    1788.19 	     PKKPdf 
     80.00      -1.5984    1780.37 	     PKKPdf 
     85.00      -1.6594    1772.22 	     PKKPdf 
     90.00      -1.7120    1763.79 	     PKKPdf 
     95.00      -1.7564    1755.11 	     PKKPdf 
    100.00      -1.7932    1746.24 	     PKKPdf 
    105.00      -1.8230    1737.19 	     PKKPdf 
    110.00      -1.8468    1728.02 	     PKKPdf 
    115.00      -1.8656    1718.73 	     PKKPdf 
    120.00      -1.8802    1709.37 	     PKKPdf 
    125.00      -1.8915    1699.94 	     PKKPdf 
    130.00      -1.9000    1690.46 	     PKKPdf 
    135.00      -1.9062    1680.94 	     PKKPdf 
    140.00      -1.9105    1671.40 	     PKKPdf 
    145.00      -1.9133    1661.84 	     PKKPdf 
    150.00      -1.9148    1652.27 	     PKKPdf 
    550.00     550.00 	 PKKPdf 	 depth
     20.00      -0.4490    1843.43 	     PKKPdf 
     25.00      -0.5596    1840.91 	     PKKPdf 
     30.00      -0.6692    1837.83 	     PKKPdf 
     35.00      -0.7773    1834.22 	     PKKPdf 
     40.00      -0.8836    1830.06 	     PKKPdf 
     45.00      -0.9877    1825.38 	     PKKPdf 
     50.00      -1.0890    1820.19 	     PKKPdf 
     55.00      -1.1869    1814.50 	     PKKPdf 
     60.00      -1.2807    1808.33 	     PKKPdf 
     65.00      -1.3696    1801.70 	     PKKPdf 
     70.00      -1.4528    1794.64 	     PKKPdf 
     75.00      -1.5292    1787.18 	     PKKPdf 
     80.00      -1.5982    1779.36 	     PKKPdf 
     85.00      -1.6592    1771.22 	     PKKPdf 
     90.00      -1.7118    1762.78 	     PKKPdf 
     95.00      -1.7563    1754.11 	     PKKPdf 
    100.00      -1.7930    1745.23 	     PKKPdf 
    105.00      -1.8229    1736.19 	     PKKPdf 
    110.00      -1.8467    1727.02 	     PKKPdf 
    115.00      -1.8655    1717.73 	     PKKPdf 
    120.00      -1.8802    1708.37 	     PKKPdf 
    125.00      -1.8915    1698.94 	     PKKPdf 
    130.00      -1.8999    1689.46 	     PKKPdf 
    135.00      -1.9061    1679.94 	     PKKPdf 
    140.00      -1.9105    1670.40 	     PKKPdf 
    145.00      -1.9133    1660.84 	     PKKPdf 
    150.00      -1.9148    1651.27 	     PKKPdf 
    560.00     560.00 	 PKKPdf 	 depth
     20.00      -0.4489    1842.41 	     PKKPdf 
     25.00      -0.5595    1839.89 	     PKKPdf 
     30.00      -0.6691    1836.82 	     PKKPdf 
     35.00      -0.7772    1833.20 	     PKKPdf 
     40.00      -0.8835    1829.05 	     PKKPdf 
     45.00      -0.9875    1824.37 	     PKKPdf 
     50.00      -1.0888    1819.18 	     PKKPdf 
     55.00      -1.1867    1813.49 	     PKKPdf 
     60.00      -1.2805    1807.32 	     PKKPdf 
     65.00      -1.3694    1800.69 	     PKKPdf 
     70.00      -1.4525    1793.64 	     PKKPdf 
     75.00      -1.5290    1786.18 	     PKKPdf 
     80.00      -1.5980    1778.36 	     PKKPdf 
     85.00      -1.6590    1770.21 	     PKKPdf 
     90.00      -1.7117    1761.78 	     PKKPdf 
     95.00      -1.7562    1753.11 	     PKKPdf 
    100.00      -1.7929    1744.23 	     PKKPdf 
    105.00      -1.8228    1735.19 	     PKKPdf 
    110.00      -1.8467    1726.02 	     PKKPdf 
    115.00      -1.8655    1716.73 	     PKKPdf 
    120.00      -1.8802    1707.37 	     PKKPdf 
    125.00      -1.8914    1697.94 	     PKKPdf 
    130.00      -1.8999    1688.46 	     PKKPdf 
    135.00      -1.9061    1678.94 	     PKKPdf 
    140.00      -1.9105    1669.40 	     PKKPdf 
    145.00      -1.9133    1659.84 	     PKKPdf 
    150.00      -1.9148    1650.27 	     PKKPdf 
    570.00     570.00 	 PKKPdf 	 depth
     20.00      -0.4488    1841.40 	     PKKPdf 
     25.00      -0.5594    1838.88 	     PKKPdf 
     30.00      -0.6689    1835.81 	     PKKPdf 
     35.00      -0.7770    1832.19 	     PKKPdf 
     40.00      -0.8833    1828.04 	     PKKPdf 
     45.00      -0.9873    1823.37 	     PKKPdf 
     50.00      -1.0886    1818.17 	     PKKPdf 
     55.00      -1.1865    1812.49 	     PKKPdf 
     60.00      -1.2803    1806.32 	     PKKPdf 
     65.00      -1.3692    1799.69 	     PKKPdf 
     70.00      -1.4523    1792.63 	     PKKPdf 
     75.00      -1.5288    1785.18 	     PKKPdf 
     80.00      -1.5978    1777.36 	     PKKPdf 
     85.00      -1.6588    1769.21 	     PKKPdf 
     90.00      -1.7115    1760.78 	     PKKPdf 
     95.00      -1.7560    1752.11 	     PKKPdf 
    100.00      -1.7928    1743.24 	     PKKPdf 
    105.00      -1.8227    1734.20 	     PKKPdf 
    110.00      -1.8466    1725.02 	     PKKPdf 
    115.00      -1.8654    1715.74 	     PKKPdf 
    120.00      -1.8801    1706.37 	     PKKPdf 
    125.00      -1.8914    1696.94 	     PKKPdf 
    130.00      -1.8999    1687.46 	     PKKPdf 
    135.00      -1.9061    1677.95 	     PKKPdf 
    140.00      -1.9105    1668.41 	     PKKPdf 
    145.00      -1.9133    1658.85 	     PKKPdf 
    150.00      -1.9148    1649.28 	     PKKPdf 
    580.00     580.00 	 PKKPdf 	 depth
     20.00      -0.4487    1840.39 	     PKKPdf 
     25.00      -0.5593    1837.87 	     PKKPdf 
     30.00      -0.6688    1834.80 	     PKKPdf 
     35.00      -0.7768    1831.19 	     PKKPdf 
     40.00      -0.8831    1827.04 	     PKKPdf 
     45.00      -0.9871    1822.36 	     PKKPdf 
     50.00      -1.0884    1817.17 	     PKKPdf 
     55.00      -1.1862    1811.48 	     PKKPdf 
     60.00      -1.2800    1805.32 	     PKKPdf 
     65.00      -1.3689    1798.69 	     PKKPdf 
     70.00      -1.4521    1791.64 	     PKKPdf 
     75.00      -1.5286    1784.18 	     PKKPdf 
     80.00      -1.5976    1776.36 	     PKKPdf 
     85.00      -1.6587    1768.22 	     PKKPdf 
     90.00      -1.7114    1759.79 	     PKKPdf 
     95.00      -1.7559    1751.12 	     PKKPdf 
    100.00      -1.7927    1742.24 	     PKKPdf 
    105.00      -1.8226    1733.20 	     PKKPdf 
    110.00      -1.8465    1724.03 	     PKKPdf 
    115.00      -1.8654    1714.75 	     PKKPdf 
    120.00      -1.8801    1705.38 	     PKKPdf 
    125.00      -1.8913    1695.95 	     PKKPdf 
    130.00      -1.8999    1686.47 	     PKKPdf 
    135.00      -1.9061    1676.96 	     PKKPdf 
    140.00      -1.9105    1667.42 	     PKKPdf 
    145.00      -1.9133    1657.86 	     PKKPdf 
    150.00      -1.9148    1648.28 	     PKKPdf 
    590.00     590.00 	 PKKPdf 	 depth
     20.00      -0.4486    1839.39 	     PKKPdf 
     25.00      -0.5592    1836.87 	     PKKPdf 
     30.00      -0.6686    1833.80 	     PKKPdf 
     35.00      -0.7767    1830.19 	     PKKPdf 
     40.00      -0.8829    1826.04 	     PKKPdf 
     45.00      -0.9869    1821.36 	     PKKPdf 
     50.00      -1.0881    1816.17 	     PKKPdf 
     55.00      -1.1860    1810.49 	     PKKPdf 
     60.00      -1.2798    1804.32 	     PKKPdf 
     65.00      -1.3687    1797.70 	     PKKPdf 
     70.00      -1.4518    1790.64 	     PKKPdf 
     75.00      -1.5283    1783.19 	     PKKPdf 
     80.00      -1.5974    1775.37 	     PKKPdf 
     85.00      -1.6585    1767.23 	     PKKPdf 
     90.00      -1.7112    1758.80 	     PKKPdf 
     95.00      -1.7557    1750.13 	     PKKPdf 
    100.00      -1.7926    1741.25 	     PKKPdf 
    105.00      -1.8225    1732.21 	     PKKPdf 
    110.00      -1.8464    1723.04 	     PKKPdf 
    115.00      -1.8653    1713.76 	     PKKPdf 
    120.00      -1.8800    1704.39 	     PKKPdf 
    125.00      -1.8913    1694.96 	     PKKPdf 
    130.00      -1.8998    1685.49 	     PKKPdf 
    135.00      -1.9061    1675.97 	     PKKPdf 
    140.00      -1.9104    1666.43 	     PKKPdf 
    145.00      -1.9133    1656.87 	     PKKPdf 
    150.00      -1.9148    1647.30 	     PKKPdf 
    600.00     600.00 	 PKKPdf 	 depth
     20.00      -0.4485    1838.39 	     PKKPdf 
     25.00      -0.5590    1835.87 	     PKKPdf 
     30.00      -0.6685    1832.80 	     PKKPdf 
     35.00      -0.7765    1829.19 	     PKKPdf 
     40.00      -0.8827    1825.04 	     PKKPdf 
     45.00      -0.9867    1820.36 	     PKKPdf 
     50.00      -1.0879    1815.18 	     PKKPdf 
     55.00      -1.1858    1809.49 	     PKKPdf 
     60.00      -1.2796    1803.32 	     PKKPdf 
     65.00      -1.3685    1796.70 	     PKKPdf 
     70.00      -1.4516    1789.65 	     PKKPdf 
     75.00      -1.5281    1782.20 	     PKKPdf 
     80.00      -1.5972    1774.38 	     PKKPdf 
     85.00      -1.6583    1766.24 	     PKKPdf 
     90.00      -1.7110    1757.81 	     PKKPdf 
     95.00      -1.7556    1749.14 	     PKKPdf 
    100.00      -1.7925    1740.27 	     PKKPdf 
    105.00      -1.8224    1731.23 	     PKKPdf 
    110.00      -1.8464    1722.05 	     PKKPdf 
    115.00      -1.8652    1712.77 	     PKKPdf 
    120.00      -1.8800    1703.41 	     PKKPdf 
    125.00      -1.8913    1693.98 	     PKKPdf 
    130.00      -1.8998    1684.50 	     PKKPdf 
    135.00      -1.9060    1674.99 	     PKKPdf 
    140.00      -1.9104    1665.44 	     PKKPdf 
    145.00      -1.9133    1655.88 	     PKKPdf 
    150.00      -1.9148    1646.31 	     PKKPdf 
    610.00     610.00 	 PKKPdf 	 depth
     20.00      -0.4484    1837.39 	     PKKPdf 
     25.00      -0.5589    1834.87 	     PKKPdf 
     30.00      -0.6683    1831.80 	     PKKPdf 
     35.00      -0.7763    1828.19 	     PKKPdf 
     40.00      -0.8825    1824.04 	     PKKPdf 
     45.00      -0.9865    1819.37 	     PKKPdf 
     50.00      -1.0877    1814.18 	     PKKPdf 
     55.00      -1.1856    1808.50 	     PKKPdf 
     60.00      -1.2793    1802.33 	     PKKPdf 
     65.00      -1.3682    1795.71 	     PKKPdf 
     70.00      -1.4514    1788.66 	     PKKPdf 
     75.00      -1.5279    1781.21 	     PKKPdf 
     80.00      -1.5970    1773.40 	     PKKPdf 
     85.00      -1.6581    1765.25 	     PKKPdf 
     90.00      -1.7109    1756.83 	     PKKPdf 
     95.00      -1.7555    1748.16 	     PKKPdf 
    100.00      -1.7923    1739.29 	     PKKPdf 
    105.00      -1.8223    1730.25 	     PKKPdf 
    110.00      -1.8463    1721.07 	     PKKPdf 
    115.00      -1.8652    1711.79 	     PKKPdf 
    120.00      -1.8799    1702.43 	     PKKPdf 
    125.00      -1.8912    1693.00 	     PKKPdf 
    130.00      -1.8998    1683.52 	     PKKPdf 
    135.00      -1.9060    1674.01 	     PKKPdf 
    140.00      -1.9104    1664.46 	     PKKPdf 
    145.00      -1.9132    1654.90 	     PKKPdf 
    150.00      -1.9148    1645.33 	     PKKPdf 
    620.00     620.00 	 PKKPdf 	 depth
     20.00      -0.4483    1836.40 	     PKKPdf 
     25.00      -0.5588    1833.88 	     PKKPdf 
     30.00      -0.6682    1830.81 	     PKKPdf 
     35.00      -0.7762    1827.20 	     PKKPdf 
     40.00      -0.8824    1823.05 	     PKKPdf 
     45.00      -0.9863    1818.38 	     PKKPdf 
     50.00      -1.0875    1813.19 	     PKKPdf 
     55.00      -1.1853    1807.51 	     PKKPdf 
     60.00      -1.2791    1801.35 	     PKKPdf 
     65.00      -1.3680    1794.73 	     PKKPdf 
     70.00      -1.4511    1787.68 	     PKKPdf 
     75.00      -1.5277    1780.23 	     PKKPdf 
     80.00      -1.5968    1772.41 	     PKKPdf 
     85.00      -1.6579    1764.27 	     PKKPdf 
     90.00      -1.7107    1755.85 	     PKKPdf 
     95.00      -1.7553    1747.18 	     PKKPdf 
    100.00      -1.7922    1738.31 	     PKKPdf 
    105.00      -1.8222    1729.27 	     PKKPdf 
    110.00      -1.8462    1720.10 	     PKKPdf 
    115.00      -1.8651    1710.81 	     PKKPdf 
    120.00      -1.8799    1701.45 	     PKKPdf 
    125.00      -1.8912    1692.02 	     PKKPdf 
    130.00      -1.8997    1682.54 	     PKKPdf 
    135.00      -1.9060    1673.03 	     PKKPdf 
    140.00      -1.9104    1663.49 	     PKKPdf 
    145.00      -1.9132    1653.93 	     PKKPdf 
    150.00      -1.9148    1644.36 	     PKKPdf 
    630.00     630.00 	 PKKPdf 	 depth
     20.00      -0.4482    1835.41 	     PKKPdf 
     25.00      -0.5587    1832.89 	     PKKPdf 
     30.00      -0.6681    1829.82 	     PKKPdf 
     35.00      -0.7760    1826.21 	     PKKPdf 
     40.00      -0.8822    1822.06 	     PKKPdf 
     45.00      -0.9861    1817.39 	     PKKPdf 
     50.00      -1.0873    1812.21 	     PKKPdf 
     55.00      -1.1851    1806.53 	     PKKPdf 
     60.00      -1.2789    1800.36 	     PKKPdf 
     65.00      -1.3677    1793.74 	     PKKPdf 
     70.00      -1.4509    1786.70 	     PKKPdf 
     75.00      -1.5275    1779.25 	     PKKPdf 
     80.00      -1.5966    1771.43 	     PKKPdf 
     85.00      -1.6577    1763.29 	     PKKPdf 
     90.00      -1.7105    1754.87 	     PKKPdf 
     95.00      -1.7552    1746.20 	     PKKPdf 
    100.00      -1.7921    1737.33 	     PKKPdf 
    105.00      -1.8221    1728.29 	     PKKPdf 
    110.00      -1.8461    1719.12 	     PKKPdf 
    115.00      -1.8651    1709.84 	     PKKPdf 
    120.00      -1.8798    1700.48 	     PKKPdf 
    125.00      -1.8912    1691.05 	     PKKPdf 
    130.00      -1.8997    1681.57 	     PKKPdf 
    135.00      -1.9060    1672.05 	     PKKPdf 
    140.00      -1.9104    1662.51 	     PKKPdf 
    145.00      -1.9132    1652.95 	     PKKPdf 
    150.00      -1.9148    1643.38 	     PKKPdf 
    640.00     640.00 	 PKKPdf 	 depth
     20.00      -0.4481    1834.42 	     PKKPdf 
     25.00      -0.5585    1831.90 	     PKKPdf 
     30.00      -0.6679    1828.83 	     PKKPdf 
     35.00      -0.7758    1825.22 	     PKKPdf 
     40.00      -0.8820    1821.08 	     PKKPdf 
     45.00      -0.9859    1816.41 	     PKKPdf 
     50.00      -1.0871    1811.23 	     PKKPdf 
     55.00      -1.1849    1805.54 	     PKKPdf 
     60.00      -1.2786    1799.38 	     PKKPdf 
     65.00      -1.3675    1792.77 	     PKKPdf 
     70.00      -1.4507    1785.72 	     PKKPdf 
     75.00      -1.5272    1778.27 	     PKKPdf 
     80.00      -1.5964    1770.46 	     PKKPdf 
     85.00      -1.6575    1762.32 	     PKKPdf 
     90.00      -1.7104    1753.90 	     PKKPdf 
     95.00      -1.7550    1745.23 	     PKKPdf 
    100.00      -1.7920    1736.36 	     PKKPdf 
    105.00      -1.8220    1727.32 	     PKKPdf 
    110.00      -1.8460    1718.15 	     PKKPdf 
    115.00      -1.8650    1708.87 	     PKKPdf 
    120.00      -1.8798    1699.51 	     PKKPdf 
    125.00      -1.8911    1690.08 	     PKKPdf 
    130.00      -1.8997    1680.60 	     PKKPdf 
    135.00      -1.9060    1671.08 	     PKKPdf 
    140.00      -1.9104    1661.54 	     PKKPdf 
    145.00      -1.9132    1651.98 	     PKKPdf 
    150.00      -1.9148    1642.41 	     PKKPdf 
    650.00     650.00 	 PKKPdf 	 depth
     20.00      -0.4480    1833.43 	     PKKPdf 
     25.00      -0.5584    1830.92 	     PKKPdf 
     30.00      -0.6678    1827.85 	     PKKPdf 
     35.00      -0.7757    1824.24 	     PKKPdf 
     40.00      -0.8818    1820.10 	     PKKPdf 
     45.00      -0.9857    1815.43 	     PKKPdf 
     50.00      -1.0868    1810.25 	     PKKPdf 
     55.00      -1.1846    1804.57 	     PKKPdf 
     60.00      -1.2784    1798.41 	     PKKPdf 
     65.00      -1.3673    1791.79 	     PKKPdf 
     70.00      -1.4504    1784.74 	     PKKPdf 
     75.00      -1.5270    1777.30 	     PKKPdf 
     80.00      -1.5962    1769.49 	     PKKPdf 
     85.00      -1.6573    1761.35 	     PKKPdf 
     90.00      -1.7102    1752.93 	     PKKPdf 
     95.00      -1.7549    1744.26 	     PKKPdf 
    100.00      -1.7919    1735.39 	     PKKPdf 
    105.00      -1.8219    1726.35 	     PKKPdf 
    110.00      -1.8459    1717.18 	     PKKPdf 
    115.00      -1.8649    1707.90 	     PKKPdf 
    120.00      -1.8797    1698.54 	     PKKPdf 
    125.00      -1.8911    1689.11 	     PKKPdf 
    130.00      -1.8997    1679.63 	     PKKPdf 
    135.00      -1.9059    1670.12 	     PKKPdf 
    140.00      -1.9104    1660.58 	     PKKPdf 
    145.00      -1.9132    1651.02 	     PKKPdf 
    150.00      -1.9148    1641.45 	     PKKPdf 
    660.00     660.00 	 PKKPdf 	 depth
     20.00      -0.4479    1832.45 	     PKKPdf 
     25.00      -0.5583    1829.94 	     PKKPdf 
     30.00      -0.6676    1826.87 	     PKKPdf 
     35.00      -0.7755    1823.26 	     PKKPdf 
     40.00      -0.8816    1819.12 	     PKKPdf 
     45.00      -0.9855    1814.45 	     PKKPdf 
     50.00      -1.0866    1809.27 	     PKKPdf 
     55.00      -1.1844    1803.59 	     PKKPdf 
     60.00      -1.2781    1797.43 	     PKKPdf 
     65.00      -1.3670    1790.82 	     PKKPdf 
     70.00      -1.4502    1783.77 	     PKKPdf 
     75.00      -1.5268    1776.33 	     PKKPdf 
     80.00      -1.5959    1768.52 	     PKKPdf 
     85.00      -1.6571    1760.38 	     PKKPdf 
     90.00      -1.7100    1751.96 	     PKKPdf 
     95.00      -1.7547    1743.29 	     PKKPdf 
    100.00      -1.7917    1734.42 	     PKKPdf 
    105.00      -1.8218    1725.39 	     PKKPdf 
    110.00      -1.8459    1716.22 	     PKKPdf 
    115.00      -1.8649    1706.94 	     PKKPdf 
    120.00      -1.8797    1697.58 	     PKKPdf 
    125.00      -1.8910    1688.15 	     PKKPdf 
    130.00      -1.8996    1678.67 	     PKKPdf 
    135.00      -1.9059    1669.15 	     PKKPdf 
    140.00      -1.9103    1659.61 	     PKKPdf 
    145.00      -1.9132    1650.05 	     PKKPdf 
    150.00      -1.9148    1640.48 	     PKKPdf 
    670.00     670.00 	 PKKPdf 	 depth
     20.00      -0.4478    1831.53 	     PKKPdf 
     25.00      -0.5582    1829.01 	     PKKPdf 
     30.00      -0.6675    1825.95 	     PKKPdf 
     35.00      -0.7753    1822.34 	     PKKPdf 
     40.00      -0.8814    1818.20 	     PKKPdf 
     45.00      -0.9853    1813.53 	     PKKPdf 
     50.00      -1.0864    1808.35 	     PKKPdf 
     55.00      -1.1842    1802.67 	     PKKPdf 
     60.00      -1.2779    1796.52 	     PKKPdf 
     65.00      -1.3668    1789.90 	     PKKPdf 
     70.00      -1.4499    1782.86 	     PKKPdf 
     75.00      -1.5265    1775.41 	     PKKPdf 
     80.00      -1.5957    1767.60 	     PKKPdf 
     85.00      -1.6569    1759.47 	     PKKPdf 
     90.00      -1.7098    1751.05 	     PKKPdf 
     95.00      -1.7546    1742.39 	     PKKPdf 
    100.00      -1.7916    1733.52 	     PKKPdf 
    105.00      -1.8217    1724.48 	     PKKPdf 
    110.00      -1.8458    1715.31 	     PKKPdf 
    115.00      -1.8648    1706.03 	     PKKPdf 
    120.00      -1.8796    1696.67 	     PKKPdf 
    125.00      -1.8910    1687.24 	     PKKPdf 
    130.00      -1.8996    1677.76 	     PKKPdf 
    135.00      -1.9059    1668.25 	     PKKPdf 
    140.00      -1.9103    1658.71 	     PKKPdf 
    145.00      -1.9132    1649.15 	     PKKPdf 
    150.00      -1.9148    1639.58 	     PKKPdf 
    680.00     680.00 	 PKKPdf 	 depth
     20.00      -0.4477    1830.61 	     PKKPdf 
     25.00      -0.5580    1828.09 	     PKKPdf 
     30.00      -0.6673    1825.03 	     PKKPdf 
     35.00      -0.7751    1821.42 	     PKKPdf 
     40.00      -0.8812    1817.28 	     PKKPdf 
     45.00      -0.9850    1812.61 	     PKKPdf 
     50.00      -1.0861    1807.43 	     PKKPdf 
     55.00      -1.1839    1801.76 	     PKKPdf 
     60.00      -1.2776    1795.60 	     PKKPdf 
     65.00      -1.3665    1788.99 	     PKKPdf 
     70.00      -1.4497    1781.95 	     PKKPdf 
     75.00      -1.5263    1774.50 	     PKKPdf 
     80.00      -1.5955    1766.70 	     PKKPdf 
     85.00      -1.6567    1758.56 	     PKKPdf 
     90.00      -1.7096    1750.14 	     PKKPdf 
     95.00      -1.7544    1741.48 	     PKKPdf 
    100.00      -1.7915    1732.61 	     PKKPdf 
    105.00      -1.8216    1723.58 	     PKKPdf 
    110.00      -1.8457    1714.41 	     PKKPdf 
    115.00      -1.8647    1705.13 	     PKKPdf 
    120.00      -1.8796    1695.77 	     PKKPdf 
    125.00      -1.8910    1686.34 	     PKKPdf 
    130.00      -1.8996    1676.86 	     PKKPdf 
    135.00      -1.9059    1667.35 	     PKKPdf 
    140.00      -1.9103    1657.80 	     PKKPdf 
    145.00      -1.9132    1648.25 	     PKKPdf 
    150.00      -1.9148    1638.67 	     PKKPdf 
    690.00     690.00 	 PKKPdf 	 depth
     20.00      -0.4475    1829.69 	     PKKPdf 
     25.00      -0.5579    1827.17 	     PKKPdf 
     30.00      -0.6671    1824.11 	     PKKPdf 
     35.00      -0.7750    1820.50 	     PKKPdf 
     40.00      -0.8810    1816.36 	     PKKPdf 
     45.00      -0.9848    1811.70 	     PKKPdf 
     50.00      -1.0859    1806.52 	     PKKPdf 
     55.00      -1.1837    1800.84 	     PKKPdf 
     60.00      -1.2774    1794.69 	     PKKPdf 
     65.00      -1.3662    1788.08 	     PKKPdf 
     70.00      -1.4494    1781.04 	     PKKPdf 
     75.00      -1.5260    1773.59 	     PKKPdf 
     80.00      -1.5952    1765.79 	     PKKPdf 
     85.00      -1.6565    1757.66 	     PKKPdf 
     90.00      -1.7095    1749.24 	     PKKPdf 
     95.00      -1.7542    1740.57 	     PKKPdf 
    100.00      -1.7913    1731.71 	     PKKPdf 
    105.00      -1.8215    1722.67 	     PKKPdf 
    110.00      -1.8456    1713.50 	     PKKPdf 
    115.00      -1.8646    1704.23 	     PKKPdf 
    120.00      -1.8795    1694.86 	     PKKPdf 
    125.00      -1.8909    1685.44 	     PKKPdf 
    130.00      -1.8995    1675.96 	     PKKPdf 
    135.00      -1.9059    1666.44 	     PKKPdf 
    140.00      -1.9103    1656.90 	     PKKPdf 
    145.00      -1.9132    1647.34 	     PKKPdf 
    150.00      -1.9148    1637.77 	     PKKPdf 
    700.00     700.00 	 PKKPdf 	 depth
     20.00      -0.4474    1828.77 	     PKKPdf 
     25.00      -0.5578    1826.26 	     PKKPdf 
     30.00      -0.6670    1823.19 	     PKKPdf 
     35.00      -0.7748    1819.59 	     PKKPdf 
     40.00      -0.8808    1815.45 	     PKKPdf 
     45.00      -0.9846    1810.78 	     PKKPdf 
     50.00      -1.0857    1805.61 	     PKKPdf 
     55.00      -1.1834    1799.93 	     PKKPdf 
     60.00      -1.2771    1793.78 	     PKKPdf 
     65.00      -1.3660    1787.17 	     PKKPdf 
     70.00      -1.4492    1780.13 	     PKKPdf 
     75.00      -1.5258    1772.69 	     PKKPdf 
     80.00      -1.5950    1764.88 	     PKKPdf 
     85.00      -1.6563    1756.75 	     PKKPdf 
     90.00      -1.7093    1748.33 	     PKKPdf 
     95.00      -1.7541    1739.67 	     PKKPdf 
    100.00      -1.7912    1730.81 	     PKKPdf 
    105.00      -1.8214    1721.77 	     PKKPdf 
    110.00      -1.8455    1712.60 	     PKKPdf 
    115.00      -1.8646    1703.33 	     PKKPdf 
    120.00      -1.8794    1693.96 	     PKKPdf 
    125.00      -1.8909    1684.54 	     PKKPdf 
    130.00      -1.8995    1675.06 	     PKKPdf 
    135.00      -1.9058    1665.55 	     PKKPdf 
    140.00      -1.9103    1656.01 	     PKKPdf 
    145.00      -1.9132    1646.45 	     PKKPdf 
    150.00      -1.9147    1636.88 	     PKKPdf 
