      0.00       0.00 	 PcP 	 depth
     20.00       1.8291     530.04 	        PcP 
     25.00       2.2257     540.19 	        PcP 
     30.00       2.5877     552.24 	        PcP 
     35.00       2.9130     566.00 	        PcP 
     40.00       3.2009     581.30 	        PcP 
     45.00       3.4521     597.95 	        PcP 
     50.00       3.6680     615.76 	        PcP 
     55.00       3.8508     634.57 	        PcP 
     60.00       4.0030     654.22 	        PcP 
     65.00       4.1272     674.56 	        PcP 
     70.00       4.2263     695.45 	        PcP 
     75.00       4.3029     716.78 	        PcP 
     80.00       4.3597     738.45 	        PcP 
     85.00       4.3994     760.35 	        PcP 
     90.00       4.4243     782.42 	        PcP 
     95.00       4.4367     804.57 	        PcP 
     10.00      10.00 	 PcP 	 depth
     20.00       1.8298     528.32 	        PcP 
     25.00       2.2265     538.47 	        PcP 
     30.00       2.5885     550.53 	        PcP 
     35.00       2.9138     564.30 	        PcP 
     40.00       3.2017     579.60 	        PcP 
     45.00       3.4528     596.25 	        PcP 
     50.00       3.6687     614.07 	        PcP 
     55.00       3.8514     632.89 	        PcP 
     60.00       4.0035     652.54 	        PcP 
     65.00       4.1277     672.87 	        PcP 
     70.00       4.2266     693.77 	        PcP 
     75.00       4.3032     715.10 	        PcP 
     80.00       4.3599     736.77 	        PcP 
     85.00       4.3995     758.67 	        PcP 
     90.00       4.4243     780.74 	        PcP 
     95.00       4.4367     802.90 	        PcP 
     20.00      20.00 	 PcP 	 depth
     20.00       1.8306     526.60 	        PcP 
     25.00       2.2273     536.76 	        PcP 
     30.00       2.5894     548.82 	        PcP 
     35.00       2.9147     562.59 	        PcP 
     40.00       3.2025     577.90 	        PcP 
     45.00       3.4536     594.56 	        PcP 
     50.00       3.6694     612.38 	        PcP 
     55.00       3.8520     631.20 	        PcP 
     60.00       4.0040     650.85 	        PcP 
     65.00       4.1281     671.19 	        PcP 
     70.00       4.2270     692.09 	        PcP 
     75.00       4.3034     713.42 	        PcP 
     80.00       4.3601     735.09 	        PcP 
     85.00       4.3996     757.00 	        PcP 
     90.00       4.4244     779.06 	        PcP 
     95.00       4.4367     801.22 	        PcP 
     30.00      30.00 	 PcP 	 depth
     20.00       1.8314     525.07 	        PcP 
     25.00       2.2282     535.24 	        PcP 
     30.00       2.5903     547.30 	        PcP 
     35.00       2.9156     561.08 	        PcP 
     40.00       3.2035     576.39 	        PcP 
     45.00       3.4545     593.05 	        PcP 
     50.00       3.6702     610.88 	        PcP 
     55.00       3.8527     629.70 	        PcP 
     60.00       4.0046     649.35 	        PcP 
     65.00       4.1286     669.70 	        PcP 
     70.00       4.2274     690.60 	        PcP 
     75.00       4.3037     711.93 	        PcP 
     80.00       4.3603     733.60 	        PcP 
     85.00       4.3998     755.51 	        PcP 
     90.00       4.4245     777.58 	        PcP 
     95.00       4.4367     799.73 	        PcP 
     40.00      40.00 	 PcP 	 depth
     20.00       1.8323     523.69 	        PcP 
     25.00       2.2292     533.86 	        PcP 
     30.00       2.5914     545.93 	        PcP 
     35.00       2.9167     559.71 	        PcP 
     40.00       3.2045     575.03 	        PcP 
     45.00       3.4555     591.70 	        PcP 
     50.00       3.6711     609.53 	        PcP 
     55.00       3.8535     628.35 	        PcP 
     60.00       4.0053     648.01 	        PcP 
     65.00       4.1292     668.36 	        PcP 
     70.00       4.2279     689.26 	        PcP 
     75.00       4.3041     710.60 	        PcP 
     80.00       4.3606     732.27 	        PcP 
     85.00       4.4000     754.18 	        PcP 
     90.00       4.4246     776.24 	        PcP 
     95.00       4.4368     798.40 	        PcP 
     50.00      50.00 	 PcP 	 depth
     20.00       1.8333     522.46 	        PcP 
     25.00       2.2304     532.63 	        PcP 
     30.00       2.5926     544.71 	        PcP 
     35.00       2.9179     558.50 	        PcP 
     40.00       3.2057     573.82 	        PcP 
     45.00       3.4566     590.49 	        PcP 
     50.00       3.6721     608.33 	        PcP 
     55.00       3.8544     627.16 	        PcP 
     60.00       4.0061     646.82 	        PcP 
     65.00       4.1298     667.17 	        PcP 
     70.00       4.2284     688.08 	        PcP 
     75.00       4.3045     709.42 	        PcP 
     80.00       4.3609     731.09 	        PcP 
     85.00       4.4002     753.00 	        PcP 
     90.00       4.4247     775.07 	        PcP 
     95.00       4.4368     797.23 	        PcP 
     60.00      60.00 	 PcP 	 depth
     20.00       1.8343     521.23 	        PcP 
     25.00       2.2315     531.41 	        PcP 
     30.00       2.5938     543.48 	        PcP 
     35.00       2.9191     557.28 	        PcP 
     40.00       3.2069     572.61 	        PcP 
     45.00       3.4577     589.29 	        PcP 
     50.00       3.6731     607.13 	        PcP 
     55.00       3.8553     625.97 	        PcP 
     60.00       4.0068     645.63 	        PcP 
     65.00       4.1304     665.99 	        PcP 
     70.00       4.2289     686.90 	        PcP 
     75.00       4.3049     708.24 	        PcP 
     80.00       4.3612     729.91 	        PcP 
     85.00       4.4003     751.82 	        PcP 
     90.00       4.4248     773.89 	        PcP 
     95.00       4.4369     796.05 	        PcP 
     70.00      70.00 	 PcP 	 depth
     20.00       1.8353     520.00 	        PcP 
     25.00       2.2326     530.18 	        PcP 
     30.00       2.5950     542.26 	        PcP 
     35.00       2.9204     556.07 	        PcP 
     40.00       3.2080     571.40 	        PcP 
     45.00       3.4588     588.09 	        PcP 
     50.00       3.6741     605.93 	        PcP 
     55.00       3.8562     624.77 	        PcP 
     60.00       4.0076     644.44 	        PcP 
     65.00       4.1311     664.80 	        PcP 
     70.00       4.2294     685.71 	        PcP 
     75.00       4.3053     707.06 	        PcP 
     80.00       4.3615     728.73 	        PcP 
     85.00       4.4005     750.64 	        PcP 
     90.00       4.4249     772.71 	        PcP 
     95.00       4.4369     794.87 	        PcP 
     80.00      80.00 	 PcP 	 depth
     20.00       1.8363     518.76 	        PcP 
     25.00       2.2338     528.95 	        PcP 
     30.00       2.5962     541.04 	        PcP 
     35.00       2.9216     554.85 	        PcP 
     40.00       3.2092     570.20 	        PcP 
     45.00       3.4599     586.88 	        PcP 
     50.00       3.6751     604.74 	        PcP 
     55.00       3.8571     623.58 	        PcP 
     60.00       4.0084     643.26 	        PcP 
     65.00       4.1317     663.62 	        PcP 
     70.00       4.2299     684.53 	        PcP 
     75.00       4.3057     705.88 	        PcP 
     80.00       4.3618     727.56 	        PcP 
     85.00       4.4007     749.47 	        PcP 
     90.00       4.4251     771.54 	        PcP 
     95.00       4.4369     793.70 	        PcP 
     90.00      90.00 	 PcP 	 depth
     20.00       1.8374     517.53 	        PcP 
     25.00       2.2349     527.73 	        PcP 
     30.00       2.5975     539.82 	        PcP 
     35.00       2.9228     553.64 	        PcP 
     40.00       3.2104     568.99 	        PcP 
     45.00       3.4610     585.68 	        PcP 
     50.00       3.6761     603.54 	        PcP 
     55.00       3.8580     622.39 	        PcP 
     60.00       4.0091     642.07 	        PcP 
     65.00       4.1324     662.43 	        PcP 
     70.00       4.2304     683.35 	        PcP 
     75.00       4.3061     704.70 	        PcP 
     80.00       4.3620     726.38 	        PcP 
     85.00       4.4009     748.29 	        PcP 
     90.00       4.4252     770.36 	        PcP 
     95.00       4.4370     792.52 	        PcP 
    100.00     100.00 	 PcP 	 depth
     20.00       1.8384     516.30 	        PcP 
     25.00       2.2361     526.50 	        PcP 
     30.00       2.5987     538.60 	        PcP 
     35.00       2.9240     552.43 	        PcP 
     40.00       3.2116     567.78 	        PcP 
     45.00       3.4621     584.48 	        PcP 
     50.00       3.6771     602.34 	        PcP 
     55.00       3.8589     621.20 	        PcP 
     60.00       4.0099     640.88 	        PcP 
     65.00       4.1330     661.25 	        PcP 
     70.00       4.2309     682.17 	        PcP 
     75.00       4.3065     703.52 	        PcP 
     80.00       4.3623     725.20 	        PcP 
     85.00       4.4011     747.12 	        PcP 
     90.00       4.4253     769.19 	        PcP 
     95.00       4.4370     791.35 	        PcP 
    110.00     110.00 	 PcP 	 depth
     20.00       1.8394     515.07 	        PcP 
     25.00       2.2373     525.28 	        PcP 
     30.00       2.5999     537.38 	        PcP 
     35.00       2.9253     551.21 	        PcP 
     40.00       3.2128     566.57 	        PcP 
     45.00       3.4632     583.28 	        PcP 
     50.00       3.6781     601.15 	        PcP 
     55.00       3.8598     620.00 	        PcP 
     60.00       4.0107     639.69 	        PcP 
     65.00       4.1336     660.07 	        PcP 
     70.00       4.2314     680.99 	        PcP 
     75.00       4.3069     702.34 	        PcP 
     80.00       4.3626     724.02 	        PcP 
     85.00       4.4013     745.94 	        PcP 
     90.00       4.4254     768.01 	        PcP 
     95.00       4.4371     790.17 	        PcP 
    120.00     120.00 	 PcP 	 depth
     20.00       1.8405     513.84 	        PcP 
     25.00       2.2384     524.05 	        PcP 
     30.00       2.6011     536.16 	        PcP 
     35.00       2.9265     550.00 	        PcP 
     40.00       3.2140     565.37 	        PcP 
     45.00       3.4644     582.08 	        PcP 
     50.00       3.6792     599.95 	        PcP 
     55.00       3.8607     618.81 	        PcP 
     60.00       4.0115     638.51 	        PcP 
     65.00       4.1343     658.88 	        PcP 
     70.00       4.2320     679.81 	        PcP 
     75.00       4.3073     701.16 	        PcP 
     80.00       4.3629     722.85 	        PcP 
     85.00       4.4015     744.76 	        PcP 
     90.00       4.4255     766.84 	        PcP 
     95.00       4.4371     789.00 	        PcP 
    130.00     130.00 	 PcP 	 depth
     20.00       1.8415     512.61 	        PcP 
     25.00       2.2396     522.83 	        PcP 
     30.00       2.6024     534.95 	        PcP 
     35.00       2.9278     548.79 	        PcP 
     40.00       3.2152     564.16 	        PcP 
     45.00       3.4655     580.88 	        PcP 
     50.00       3.6802     598.76 	        PcP 
     55.00       3.8616     617.63 	        PcP 
     60.00       4.0122     637.32 	        PcP 
     65.00       4.1349     657.70 	        PcP 
     70.00       4.2325     678.63 	        PcP 
     75.00       4.3077     699.99 	        PcP 
     80.00       4.3632     721.67 	        PcP 
     85.00       4.4017     743.59 	        PcP 
     90.00       4.4256     765.67 	        PcP 
     95.00       4.4371     787.83 	        PcP 
    140.00     140.00 	 PcP 	 depth
     20.00       1.8426     511.39 	        PcP 
     25.00       2.2408     521.61 	        PcP 
     30.00       2.6036     533.74 	        PcP 
     35.00       2.9290     547.58 	        PcP 
     40.00       3.2164     562.96 	        PcP 
     45.00       3.4666     579.68 	        PcP 
     50.00       3.6812     597.57 	        PcP 
     55.00       3.8625     616.44 	        PcP 
     60.00       4.0130     636.14 	        PcP 
     65.00       4.1356     656.53 	        PcP 
     70.00       4.2330     677.46 	        PcP 
     75.00       4.3081     698.82 	        PcP 
     80.00       4.3635     720.50 	        PcP 
     85.00       4.4019     742.42 	        PcP 
     90.00       4.4257     764.50 	        PcP 
     95.00       4.4372     786.66 	        PcP 
    150.00     150.00 	 PcP 	 depth
     20.00       1.8436     510.17 	        PcP 
     25.00       2.2420     520.39 	        PcP 
     30.00       2.6049     532.53 	        PcP 
     35.00       2.9303     546.38 	        PcP 
     40.00       3.2177     561.77 	        PcP 
     45.00       3.4678     578.50 	        PcP 
     50.00       3.6823     596.38 	        PcP 
     55.00       3.8634     615.26 	        PcP 
     60.00       4.0138     634.97 	        PcP 
     65.00       4.1362     655.35 	        PcP 
     70.00       4.2335     676.29 	        PcP 
     75.00       4.3085     697.65 	        PcP 
     80.00       4.3638     719.34 	        PcP 
     85.00       4.4021     741.26 	        PcP 
     90.00       4.4258     763.34 	        PcP 
     95.00       4.4372     785.50 	        PcP 
    160.00     160.00 	 PcP 	 depth
     20.00       1.8447     508.95 	        PcP 
     25.00       2.2432     519.18 	        PcP 
     30.00       2.6061     531.32 	        PcP 
     35.00       2.9315     545.18 	        PcP 
     40.00       3.2189     560.58 	        PcP 
     45.00       3.4689     577.31 	        PcP 
     50.00       3.6833     595.21 	        PcP 
     55.00       3.8643     614.09 	        PcP 
     60.00       4.0146     633.80 	        PcP 
     65.00       4.1369     654.19 	        PcP 
     70.00       4.2341     675.12 	        PcP 
     75.00       4.3089     696.49 	        PcP 
     80.00       4.3641     718.18 	        PcP 
     85.00       4.4023     740.10 	        PcP 
     90.00       4.4259     762.18 	        PcP 
     95.00       4.4373     784.34 	        PcP 
    170.00     170.00 	 PcP 	 depth
     20.00       1.8458     507.74 	        PcP 
     25.00       2.2444     517.98 	        PcP 
     30.00       2.6074     530.12 	        PcP 
     35.00       2.9328     543.99 	        PcP 
     40.00       3.2201     559.39 	        PcP 
     45.00       3.4701     576.13 	        PcP 
     50.00       3.6844     594.03 	        PcP 
     55.00       3.8653     612.92 	        PcP 
     60.00       4.0154     632.63 	        PcP 
     65.00       4.1376     653.02 	        PcP 
     70.00       4.2346     673.97 	        PcP 
     75.00       4.3093     695.33 	        PcP 
     80.00       4.3644     717.03 	        PcP 
     85.00       4.4025     738.95 	        PcP 
     90.00       4.4261     761.03 	        PcP 
     95.00       4.4373     783.19 	        PcP 
    180.00     180.00 	 PcP 	 depth
     20.00       1.8469     506.53 	        PcP 
     25.00       2.2456     516.78 	        PcP 
     30.00       2.6087     528.93 	        PcP 
     35.00       2.9341     542.80 	        PcP 
     40.00       3.2214     558.21 	        PcP 
     45.00       3.4712     574.95 	        PcP 
     50.00       3.6854     592.86 	        PcP 
     55.00       3.8662     611.75 	        PcP 
     60.00       4.0162     631.47 	        PcP 
     65.00       4.1382     651.87 	        PcP 
     70.00       4.2351     672.81 	        PcP 
     75.00       4.3097     694.18 	        PcP 
     80.00       4.3647     715.88 	        PcP 
     85.00       4.4027     737.80 	        PcP 
     90.00       4.4262     759.88 	        PcP 
     95.00       4.4373     782.04 	        PcP 
    190.00     190.00 	 PcP 	 depth
     20.00       1.8480     505.33 	        PcP 
     25.00       2.2468     515.58 	        PcP 
     30.00       2.6100     527.74 	        PcP 
     35.00       2.9354     541.62 	        PcP 
     40.00       3.2226     557.03 	        PcP 
     45.00       3.4724     573.78 	        PcP 
     50.00       3.6865     591.69 	        PcP 
     55.00       3.8671     610.59 	        PcP 
     60.00       4.0170     630.31 	        PcP 
     65.00       4.1389     650.71 	        PcP 
     70.00       4.2357     671.66 	        PcP 
     75.00       4.3101     693.03 	        PcP 
     80.00       4.3650     714.73 	        PcP 
     85.00       4.4029     736.66 	        PcP 
     90.00       4.4263     758.73 	        PcP 
     95.00       4.4374     780.90 	        PcP 
    200.00     200.00 	 PcP 	 depth
     20.00       1.8491     504.13 	        PcP 
     25.00       2.2481     514.39 	        PcP 
     30.00       2.6113     526.55 	        PcP 
     35.00       2.9367     540.44 	        PcP 
     40.00       3.2239     555.86 	        PcP 
     45.00       3.4736     572.61 	        PcP 
     50.00       3.6876     590.53 	        PcP 
     55.00       3.8681     609.43 	        PcP 
     60.00       4.0178     629.16 	        PcP 
     65.00       4.1396     649.57 	        PcP 
     70.00       4.2362     670.52 	        PcP 
     75.00       4.3105     691.89 	        PcP 
     80.00       4.3653     713.59 	        PcP 
     85.00       4.4031     735.52 	        PcP 
     90.00       4.4264     757.59 	        PcP 
     95.00       4.4374     779.76 	        PcP 
    210.00     210.00 	 PcP 	 depth
     20.00       1.8502     502.94 	        PcP 
     25.00       2.2493     513.20 	        PcP 
     30.00       2.6126     525.37 	        PcP 
     35.00       2.9381     539.26 	        PcP 
     40.00       3.2252     554.69 	        PcP 
     45.00       3.4748     571.45 	        PcP 
     50.00       3.6887     589.37 	        PcP 
     55.00       3.8690     608.28 	        PcP 
     60.00       4.0186     628.01 	        PcP 
     65.00       4.1403     648.42 	        PcP 
     70.00       4.2368     669.37 	        PcP 
     75.00       4.3110     690.75 	        PcP 
     80.00       4.3656     712.45 	        PcP 
     85.00       4.4033     734.38 	        PcP 
     90.00       4.4265     756.46 	        PcP 
     95.00       4.4374     778.62 	        PcP 
    220.00     220.00 	 PcP 	 depth
     20.00       1.8513     501.75 	        PcP 
     25.00       2.2506     512.02 	        PcP 
     30.00       2.6139     524.19 	        PcP 
     35.00       2.9394     538.09 	        PcP 
     40.00       3.2265     553.52 	        PcP 
     45.00       3.4760     570.29 	        PcP 
     50.00       3.6897     588.22 	        PcP 
     55.00       3.8700     607.14 	        PcP 
     60.00       4.0195     626.87 	        PcP 
     65.00       4.1409     647.28 	        PcP 
     70.00       4.2373     668.24 	        PcP 
     75.00       4.3114     689.62 	        PcP 
     80.00       4.3659     711.32 	        PcP 
     85.00       4.4035     733.25 	        PcP 
     90.00       4.4266     755.33 	        PcP 
     95.00       4.4375     777.50 	        PcP 
    230.00     230.00 	 PcP 	 depth
     20.00       1.8524     500.56 	        PcP 
     25.00       2.2518     510.84 	        PcP 
     30.00       2.6153     523.02 	        PcP 
     35.00       2.9407     536.93 	        PcP 
     40.00       3.2278     552.36 	        PcP 
     45.00       3.4772     569.14 	        PcP 
     50.00       3.6908     587.08 	        PcP 
     55.00       3.8710     605.99 	        PcP 
     60.00       4.0203     625.73 	        PcP 
     65.00       4.1416     646.15 	        PcP 
     70.00       4.2379     667.11 	        PcP 
     75.00       4.3118     688.49 	        PcP 
     80.00       4.3662     710.19 	        PcP 
     85.00       4.4037     732.13 	        PcP 
     90.00       4.4267     754.21 	        PcP 
     95.00       4.4375     776.37 	        PcP 
    240.00     240.00 	 PcP 	 depth
     20.00       1.8536     499.38 	        PcP 
     25.00       2.2531     509.66 	        PcP 
     30.00       2.6166     521.85 	        PcP 
     35.00       2.9421     535.77 	        PcP 
     40.00       3.2291     551.21 	        PcP 
     45.00       3.4784     567.99 	        PcP 
     50.00       3.6920     585.94 	        PcP 
     55.00       3.8719     604.86 	        PcP 
     60.00       4.0211     624.60 	        PcP 
     65.00       4.1423     645.02 	        PcP 
     70.00       4.2384     665.98 	        PcP 
     75.00       4.3122     687.37 	        PcP 
     80.00       4.3665     709.07 	        PcP 
     85.00       4.4039     731.01 	        PcP 
     90.00       4.4269     753.09 	        PcP 
     95.00       4.4376     775.26 	        PcP 
    250.00     250.00 	 PcP 	 depth
     20.00       1.8547     498.21 	        PcP 
     25.00       2.2544     508.50 	        PcP 
     30.00       2.6180     520.69 	        PcP 
     35.00       2.9435     534.61 	        PcP 
     40.00       3.2304     550.06 	        PcP 
     45.00       3.4797     566.85 	        PcP 
     50.00       3.6931     584.80 	        PcP 
     55.00       3.8729     603.73 	        PcP 
     60.00       4.0220     623.48 	        PcP 
     65.00       4.1430     643.90 	        PcP 
     70.00       4.2390     664.87 	        PcP 
     75.00       4.3127     686.25 	        PcP 
     80.00       4.3668     707.96 	        PcP 
     85.00       4.4041     729.89 	        PcP 
     90.00       4.4270     751.98 	        PcP 
     95.00       4.4376     774.14 	        PcP 
    260.00     260.00 	 PcP 	 depth
     20.00       1.8559     497.04 	        PcP 
     25.00       2.2557     507.33 	        PcP 
     30.00       2.6194     519.54 	        PcP 
     35.00       2.9448     533.46 	        PcP 
     40.00       3.2317     548.92 	        PcP 
     45.00       3.4809     565.72 	        PcP 
     50.00       3.6942     583.67 	        PcP 
     55.00       3.8739     602.60 	        PcP 
     60.00       4.0228     622.36 	        PcP 
     65.00       4.1437     642.79 	        PcP 
     70.00       4.2395     663.75 	        PcP 
     75.00       4.3131     685.14 	        PcP 
     80.00       4.3671     706.85 	        PcP 
     85.00       4.4043     728.79 	        PcP 
     90.00       4.4271     750.87 	        PcP 
     95.00       4.4376     773.04 	        PcP 
    270.00     270.00 	 PcP 	 depth
     20.00       1.8570     495.88 	        PcP 
     25.00       2.2570     506.18 	        PcP 
     30.00       2.6207     518.39 	        PcP 
     35.00       2.9462     532.32 	        PcP 
     40.00       3.2331     547.78 	        PcP 
     45.00       3.4822     564.59 	        PcP 
     50.00       3.6953     582.55 	        PcP 
     55.00       3.8749     601.49 	        PcP 
     60.00       4.0237     621.24 	        PcP 
     65.00       4.1444     641.68 	        PcP 
     70.00       4.2401     662.65 	        PcP 
     75.00       4.3135     684.04 	        PcP 
     80.00       4.3675     705.75 	        PcP 
     85.00       4.4045     727.69 	        PcP 
     90.00       4.4272     749.77 	        PcP 
     95.00       4.4377     771.94 	        PcP 
    280.00     280.00 	 PcP 	 depth
     20.00       1.8582     494.72 	        PcP 
     25.00       2.2583     505.02 	        PcP 
     30.00       2.6221     517.24 	        PcP 
     35.00       2.9476     531.18 	        PcP 
     40.00       3.2344     546.65 	        PcP 
     45.00       3.4834     563.46 	        PcP 
     50.00       3.6965     581.43 	        PcP 
     55.00       3.8759     600.37 	        PcP 
     60.00       4.0245     620.14 	        PcP 
     65.00       4.1451     640.57 	        PcP 
     70.00       4.2407     661.55 	        PcP 
     75.00       4.3140     682.94 	        PcP 
     80.00       4.3678     704.65 	        PcP 
     85.00       4.4047     726.59 	        PcP 
     90.00       4.4273     748.68 	        PcP 
     95.00       4.4377     770.84 	        PcP 
    290.00     290.00 	 PcP 	 depth
     20.00       1.8594     493.57 	        PcP 
     25.00       2.2597     503.88 	        PcP 
     30.00       2.6235     516.10 	        PcP 
     35.00       2.9490     530.05 	        PcP 
     40.00       3.2358     545.53 	        PcP 
     45.00       3.4847     562.34 	        PcP 
     50.00       3.6976     580.31 	        PcP 
     55.00       3.8769     599.26 	        PcP 
     60.00       4.0254     619.03 	        PcP 
     65.00       4.1459     639.47 	        PcP 
     70.00       4.2412     660.45 	        PcP 
     75.00       4.3144     681.85 	        PcP 
     80.00       4.3681     703.56 	        PcP 
     85.00       4.4049     725.50 	        PcP 
     90.00       4.4274     747.59 	        PcP 
     95.00       4.4377     769.75 	        PcP 
    300.00     300.00 	 PcP 	 depth
     20.00       1.8606     492.42 	        PcP 
     25.00       2.2610     502.74 	        PcP 
     30.00       2.6250     514.97 	        PcP 
     35.00       2.9505     528.92 	        PcP 
     40.00       3.2372     544.41 	        PcP 
     45.00       3.4860     561.23 	        PcP 
     50.00       3.6988     579.21 	        PcP 
     55.00       3.8780     598.16 	        PcP 
     60.00       4.0263     617.93 	        PcP 
     65.00       4.1466     638.38 	        PcP 
     70.00       4.2418     659.36 	        PcP 
     75.00       4.3148     680.76 	        PcP 
     80.00       4.3684     702.47 	        PcP 
     85.00       4.4052     724.42 	        PcP 
     90.00       4.4275     746.50 	        PcP 
     95.00       4.4378     768.67 	        PcP 
    310.00     310.00 	 PcP 	 depth
     20.00       1.8618     491.27 	        PcP 
     25.00       2.2624     501.60 	        PcP 
     30.00       2.6264     513.84 	        PcP 
     35.00       2.9519     527.80 	        PcP 
     40.00       3.2385     543.29 	        PcP 
     45.00       3.4873     560.12 	        PcP 
     50.00       3.7000     578.10 	        PcP 
     55.00       3.8790     597.06 	        PcP 
     60.00       4.0271     616.84 	        PcP 
     65.00       4.1473     637.29 	        PcP 
     70.00       4.2424     658.27 	        PcP 
     75.00       4.3153     679.68 	        PcP 
     80.00       4.3687     701.39 	        PcP 
     85.00       4.4054     723.34 	        PcP 
     90.00       4.4277     745.42 	        PcP 
     95.00       4.4378     767.59 	        PcP 
    320.00     320.00 	 PcP 	 depth
     20.00       1.8631     490.14 	        PcP 
     25.00       2.2638     500.47 	        PcP 
     30.00       2.6278     512.71 	        PcP 
     35.00       2.9533     526.68 	        PcP 
     40.00       3.2399     542.18 	        PcP 
     45.00       3.4886     559.02 	        PcP 
     50.00       3.7011     577.01 	        PcP 
     55.00       3.8800     595.97 	        PcP 
     60.00       4.0280     615.76 	        PcP 
     65.00       4.1481     636.21 	        PcP 
     70.00       4.2430     657.19 	        PcP 
     75.00       4.3157     678.60 	        PcP 
     80.00       4.3691     700.32 	        PcP 
     85.00       4.4056     722.26 	        PcP 
     90.00       4.4278     744.35 	        PcP 
     95.00       4.4378     766.52 	        PcP 
    330.00     330.00 	 PcP 	 depth
     20.00       1.8643     489.00 	        PcP 
     25.00       2.2651     499.34 	        PcP 
     30.00       2.6293     511.59 	        PcP 
     35.00       2.9548     525.57 	        PcP 
     40.00       3.2413     541.08 	        PcP 
     45.00       3.4899     557.92 	        PcP 
     50.00       3.7023     575.91 	        PcP 
     55.00       3.8811     594.89 	        PcP 
     60.00       4.0289     614.67 	        PcP 
     65.00       4.1488     635.13 	        PcP 
     70.00       4.2436     656.12 	        PcP 
     75.00       4.3162     677.53 	        PcP 
     80.00       4.3694     699.25 	        PcP 
     85.00       4.4058     721.19 	        PcP 
     90.00       4.4279     743.28 	        PcP 
     95.00       4.4379     765.45 	        PcP 
    340.00     340.00 	 PcP 	 depth
     20.00       1.8655     487.87 	        PcP 
     25.00       2.2665     498.22 	        PcP 
     30.00       2.6308     510.48 	        PcP 
     35.00       2.9563     524.46 	        PcP 
     40.00       3.2428     539.98 	        PcP 
     45.00       3.4912     556.83 	        PcP 
     50.00       3.7035     574.83 	        PcP 
     55.00       3.8821     593.81 	        PcP 
     60.00       4.0298     613.60 	        PcP 
     65.00       4.1495     634.06 	        PcP 
     70.00       4.2442     655.05 	        PcP 
     75.00       4.3167     676.46 	        PcP 
     80.00       4.3697     698.19 	        PcP 
     85.00       4.4060     720.13 	        PcP 
     90.00       4.4280     742.22 	        PcP 
     95.00       4.4379     764.39 	        PcP 
    350.00     350.00 	 PcP 	 depth
     20.00       1.8668     486.75 	        PcP 
     25.00       2.2679     497.10 	        PcP 
     30.00       2.6322     509.37 	        PcP 
     35.00       2.9578     523.36 	        PcP 
     40.00       3.2442     538.88 	        PcP 
     45.00       3.4926     555.74 	        PcP 
     50.00       3.7047     573.75 	        PcP 
     55.00       3.8832     592.73 	        PcP 
     60.00       4.0307     612.53 	        PcP 
     65.00       4.1503     632.99 	        PcP 
     70.00       4.2448     653.99 	        PcP 
     75.00       4.3171     675.40 	        PcP 
     80.00       4.3700     697.13 	        PcP 
     85.00       4.4062     719.07 	        PcP 
     90.00       4.4281     741.17 	        PcP 
     95.00       4.4379     763.34 	        PcP 
    360.00     360.00 	 PcP 	 depth
     20.00       1.8681     485.63 	        PcP 
     25.00       2.2694     495.99 	        PcP 
     30.00       2.6337     508.26 	        PcP 
     35.00       2.9593     522.26 	        PcP 
     40.00       3.2456     537.79 	        PcP 
     45.00       3.4939     554.66 	        PcP 
     50.00       3.7059     572.67 	        PcP 
     55.00       3.8843     591.66 	        PcP 
     60.00       4.0316     611.46 	        PcP 
     65.00       4.1510     631.93 	        PcP 
     70.00       4.2454     652.93 	        PcP 
     75.00       4.3176     674.35 	        PcP 
     80.00       4.3704     696.07 	        PcP 
     85.00       4.4064     718.02 	        PcP 
     90.00       4.4282     740.11 	        PcP 
     95.00       4.4380     762.28 	        PcP 
    370.00     370.00 	 PcP 	 depth
     20.00       1.8693     484.52 	        PcP 
     25.00       2.2708     494.88 	        PcP 
     30.00       2.6352     507.17 	        PcP 
     35.00       2.9608     521.17 	        PcP 
     40.00       3.2471     536.71 	        PcP 
     45.00       3.4953     553.58 	        PcP 
     50.00       3.7072     571.60 	        PcP 
     55.00       3.8853     590.59 	        PcP 
     60.00       4.0326     610.40 	        PcP 
     65.00       4.1518     630.87 	        PcP 
     70.00       4.2460     651.88 	        PcP 
     75.00       4.3180     673.30 	        PcP 
     80.00       4.3707     695.03 	        PcP 
     85.00       4.4067     716.98 	        PcP 
     90.00       4.4284     739.07 	        PcP 
     95.00       4.4380     761.24 	        PcP 
    380.00     380.00 	 PcP 	 depth
     20.00       1.8706     483.41 	        PcP 
     25.00       2.2722     493.78 	        PcP 
     30.00       2.6368     506.07 	        PcP 
     35.00       2.9623     520.08 	        PcP 
     40.00       3.2486     535.63 	        PcP 
     45.00       3.4966     552.51 	        PcP 
     50.00       3.7084     570.53 	        PcP 
     55.00       3.8864     589.53 	        PcP 
     60.00       4.0335     609.35 	        PcP 
     65.00       4.1526     629.82 	        PcP 
     70.00       4.2466     650.83 	        PcP 
     75.00       4.3185     672.25 	        PcP 
     80.00       4.3710     693.98 	        PcP 
     85.00       4.4069     715.93 	        PcP 
     90.00       4.4285     738.03 	        PcP 
     95.00       4.4380     760.20 	        PcP 
    390.00     390.00 	 PcP 	 depth
     20.00       1.8719     482.31 	        PcP 
     25.00       2.2737     492.68 	        PcP 
     30.00       2.6383     504.98 	        PcP 
     35.00       2.9638     519.00 	        PcP 
     40.00       3.2500     534.55 	        PcP 
     45.00       3.4980     551.44 	        PcP 
     50.00       3.7097     569.47 	        PcP 
     55.00       3.8875     588.48 	        PcP 
     60.00       4.0344     608.30 	        PcP 
     65.00       4.1533     628.78 	        PcP 
     70.00       4.2472     649.79 	        PcP 
     75.00       4.3190     671.21 	        PcP 
     80.00       4.3714     692.95 	        PcP 
     85.00       4.4071     714.90 	        PcP 
     90.00       4.4286     736.99 	        PcP 
     95.00       4.4381     759.16 	        PcP 
    400.00     400.00 	 PcP 	 depth
     20.00       1.8732     481.21 	        PcP 
     25.00       2.2752     491.59 	        PcP 
     30.00       2.6398     503.90 	        PcP 
     35.00       2.9654     517.92 	        PcP 
     40.00       3.2515     533.48 	        PcP 
     45.00       3.4994     550.38 	        PcP 
     50.00       3.7109     568.42 	        PcP 
     55.00       3.8886     587.43 	        PcP 
     60.00       4.0354     607.25 	        PcP 
     65.00       4.1541     627.74 	        PcP 
     70.00       4.2478     648.75 	        PcP 
     75.00       4.3194     670.18 	        PcP 
     80.00       4.3717     691.91 	        PcP 
     85.00       4.4073     713.87 	        PcP 
     90.00       4.4287     735.96 	        PcP 
     95.00       4.4381     758.13 	        PcP 
    410.00     410.00 	 PcP 	 depth
     20.00       1.8746     480.11 	        PcP 
     25.00       2.2766     490.50 	        PcP 
     30.00       2.6414     502.82 	        PcP 
     35.00       2.9669     516.85 	        PcP 
     40.00       3.2530     532.42 	        PcP 
     45.00       3.5008     549.32 	        PcP 
     50.00       3.7122     567.37 	        PcP 
     55.00       3.8897     586.38 	        PcP 
     60.00       4.0363     606.21 	        PcP 
     65.00       4.1549     626.70 	        PcP 
     70.00       4.2485     647.72 	        PcP 
     75.00       4.3199     669.15 	        PcP 
     80.00       4.3721     690.89 	        PcP 
     85.00       4.4075     712.84 	        PcP 
     90.00       4.4288     734.94 	        PcP 
     95.00       4.4381     757.11 	        PcP 
    420.00     420.00 	 PcP 	 depth
     20.00       1.8760     479.06 	        PcP 
     25.00       2.2782     489.46 	        PcP 
     30.00       2.6430     501.78 	        PcP 
     35.00       2.9686     515.82 	        PcP 
     40.00       3.2546     531.40 	        PcP 
     45.00       3.5023     548.31 	        PcP 
     50.00       3.7135     566.36 	        PcP 
     55.00       3.8909     585.39 	        PcP 
     60.00       4.0373     605.22 	        PcP 
     65.00       4.1557     625.71 	        PcP 
     70.00       4.2491     646.73 	        PcP 
     75.00       4.3204     668.17 	        PcP 
     80.00       4.3724     689.91 	        PcP 
     85.00       4.4078     711.86 	        PcP 
     90.00       4.4290     733.96 	        PcP 
     95.00       4.4382     756.13 	        PcP 
    430.00     430.00 	 PcP 	 depth
     20.00       1.8774     478.01 	        PcP 
     25.00       2.2798     488.42 	        PcP 
     30.00       2.6447     500.75 	        PcP 
     35.00       2.9702     514.80 	        PcP 
     40.00       3.2562     530.38 	        PcP 
     45.00       3.5037     547.30 	        PcP 
     50.00       3.7148     565.36 	        PcP 
     55.00       3.8921     584.39 	        PcP 
     60.00       4.0383     604.23 	        PcP 
     65.00       4.1565     624.73 	        PcP 
     70.00       4.2498     645.75 	        PcP 
     75.00       4.3209     667.19 	        PcP 
     80.00       4.3728     688.93 	        PcP 
     85.00       4.4080     710.89 	        PcP 
     90.00       4.4291     732.99 	        PcP 
     95.00       4.4382     755.16 	        PcP 
    440.00     440.00 	 PcP 	 depth
     20.00       1.8788     476.97 	        PcP 
     25.00       2.2813     487.38 	        PcP 
     30.00       2.6463     499.72 	        PcP 
     35.00       2.9719     513.78 	        PcP 
     40.00       3.2578     529.37 	        PcP 
     45.00       3.5052     546.30 	        PcP 
     50.00       3.7162     564.36 	        PcP 
     55.00       3.8932     583.40 	        PcP 
     60.00       4.0393     603.24 	        PcP 
     65.00       4.1574     623.75 	        PcP 
     70.00       4.2504     644.78 	        PcP 
     75.00       4.3214     666.21 	        PcP 
     80.00       4.3731     687.96 	        PcP 
     85.00       4.4083     709.92 	        PcP 
     90.00       4.4292     732.02 	        PcP 
     95.00       4.4382     754.19 	        PcP 
    450.00     450.00 	 PcP 	 depth
     20.00       1.8802     475.93 	        PcP 
     25.00       2.2829     486.35 	        PcP 
     30.00       2.6480     498.70 	        PcP 
     35.00       2.9735     512.77 	        PcP 
     40.00       3.2594     528.37 	        PcP 
     45.00       3.5067     545.30 	        PcP 
     50.00       3.7175     563.37 	        PcP 
     55.00       3.8944     582.42 	        PcP 
     60.00       4.0403     602.26 	        PcP 
     65.00       4.1582     622.77 	        PcP 
     70.00       4.2511     643.80 	        PcP 
     75.00       4.3219     665.25 	        PcP 
     80.00       4.3735     686.99 	        PcP 
     85.00       4.4085     708.95 	        PcP 
     90.00       4.4293     731.05 	        PcP 
     95.00       4.4383     753.23 	        PcP 
    460.00     460.00 	 PcP 	 depth
     20.00       1.8816     474.89 	        PcP 
     25.00       2.2845     485.32 	        PcP 
     30.00       2.6497     497.68 	        PcP 
     35.00       2.9752     511.76 	        PcP 
     40.00       3.2610     527.36 	        PcP 
     45.00       3.5082     544.30 	        PcP 
     50.00       3.7189     562.38 	        PcP 
     55.00       3.8956     581.43 	        PcP 
     60.00       4.0413     601.29 	        PcP 
     65.00       4.1591     621.80 	        PcP 
     70.00       4.2518     642.84 	        PcP 
     75.00       4.3224     664.28 	        PcP 
     80.00       4.3739     686.03 	        PcP 
     85.00       4.4087     707.99 	        PcP 
     90.00       4.4295     730.09 	        PcP 
     95.00       4.4383     752.27 	        PcP 
    470.00     470.00 	 PcP 	 depth
     20.00       1.8831     473.86 	        PcP 
     25.00       2.2861     484.30 	        PcP 
     30.00       2.6514     496.66 	        PcP 
     35.00       2.9769     510.75 	        PcP 
     40.00       3.2627     526.36 	        PcP 
     45.00       3.5098     543.31 	        PcP 
     50.00       3.7203     561.40 	        PcP 
     55.00       3.8968     580.46 	        PcP 
     60.00       4.0424     600.32 	        PcP 
     65.00       4.1599     620.83 	        PcP 
     70.00       4.2524     641.87 	        PcP 
     75.00       4.3230     663.32 	        PcP 
     80.00       4.3742     685.07 	        PcP 
     85.00       4.4090     707.04 	        PcP 
     90.00       4.4296     729.14 	        PcP 
     95.00       4.4383     751.31 	        PcP 
    480.00     480.00 	 PcP 	 depth
     20.00       1.8845     472.83 	        PcP 
     25.00       2.2878     483.28 	        PcP 
     30.00       2.6531     495.65 	        PcP 
     35.00       2.9786     509.75 	        PcP 
     40.00       3.2643     525.37 	        PcP 
     45.00       3.5113     542.32 	        PcP 
     50.00       3.7217     560.42 	        PcP 
     55.00       3.8980     579.48 	        PcP 
     60.00       4.0434     599.35 	        PcP 
     65.00       4.1608     619.87 	        PcP 
     70.00       4.2531     640.92 	        PcP 
     75.00       4.3235     662.37 	        PcP 
     80.00       4.3746     684.12 	        PcP 
     85.00       4.4092     706.08 	        PcP 
     90.00       4.4297     728.19 	        PcP 
     95.00       4.4384     750.36 	        PcP 
    490.00     490.00 	 PcP 	 depth
     20.00       1.8860     471.81 	        PcP 
     25.00       2.2894     482.26 	        PcP 
     30.00       2.6548     494.64 	        PcP 
     35.00       2.9804     508.75 	        PcP 
     40.00       3.2660     524.38 	        PcP 
     45.00       3.5128     541.34 	        PcP 
     50.00       3.7231     559.45 	        PcP 
     55.00       3.8993     578.52 	        PcP 
     60.00       4.0444     598.39 	        PcP 
     65.00       4.1616     618.91 	        PcP 
     70.00       4.2538     639.96 	        PcP 
     75.00       4.3240     661.41 	        PcP 
     80.00       4.3750     683.17 	        PcP 
     85.00       4.4094     705.14 	        PcP 
     90.00       4.4298     727.24 	        PcP 
     95.00       4.4384     749.42 	        PcP 
    500.00     500.00 	 PcP 	 depth
     20.00       1.8875     470.79 	        PcP 
     25.00       2.2911     481.25 	        PcP 
     30.00       2.6565     493.64 	        PcP 
     35.00       2.9821     507.75 	        PcP 
     40.00       3.2677     523.39 	        PcP 
     45.00       3.5144     540.36 	        PcP 
     50.00       3.7245     558.47 	        PcP 
     55.00       3.9005     577.55 	        PcP 
     60.00       4.0455     597.43 	        PcP 
     65.00       4.1625     617.96 	        PcP 
     70.00       4.2545     639.01 	        PcP 
     75.00       4.3245     660.47 	        PcP 
     80.00       4.3753     682.22 	        PcP 
     85.00       4.4097     704.19 	        PcP 
     90.00       4.4300     726.30 	        PcP 
     95.00       4.4384     748.47 	        PcP 
    510.00     510.00 	 PcP 	 depth
     20.00       1.8890     469.77 	        PcP 
     25.00       2.2927     480.24 	        PcP 
     30.00       2.6583     492.64 	        PcP 
     35.00       2.9839     506.76 	        PcP 
     40.00       3.2693     522.41 	        PcP 
     45.00       3.5160     539.39 	        PcP 
     50.00       3.7259     557.51 	        PcP 
     55.00       3.9017     576.59 	        PcP 
     60.00       4.0465     596.47 	        PcP 
     65.00       4.1633     617.01 	        PcP 
     70.00       4.2552     638.07 	        PcP 
     75.00       4.3250     659.52 	        PcP 
     80.00       4.3757     681.28 	        PcP 
     85.00       4.4099     703.25 	        PcP 
     90.00       4.4301     725.36 	        PcP 
     95.00       4.4384     747.54 	        PcP 
    520.00     520.00 	 PcP 	 depth
     20.00       1.8905     468.76 	        PcP 
     25.00       2.2944     479.24 	        PcP 
     30.00       2.6601     491.64 	        PcP 
     35.00       2.9856     505.77 	        PcP 
     40.00       3.2710     521.43 	        PcP 
     45.00       3.5176     538.42 	        PcP 
     50.00       3.7273     556.54 	        PcP 
     55.00       3.9030     575.63 	        PcP 
     60.00       4.0476     595.52 	        PcP 
     65.00       4.1642     616.06 	        PcP 
     70.00       4.2559     637.12 	        PcP 
     75.00       4.3256     658.59 	        PcP 
     80.00       4.3761     680.35 	        PcP 
     85.00       4.4102     702.32 	        PcP 
     90.00       4.4302     724.43 	        PcP 
     95.00       4.4385     746.60 	        PcP 
    530.00     530.00 	 PcP 	 depth
     20.00       1.8920     467.75 	        PcP 
     25.00       2.2961     478.24 	        PcP 
     30.00       2.6618     490.65 	        PcP 
     35.00       2.9874     504.79 	        PcP 
     40.00       3.2728     520.46 	        PcP 
     45.00       3.5191     537.45 	        PcP 
     50.00       3.7287     555.59 	        PcP 
     55.00       3.9042     574.68 	        PcP 
     60.00       4.0487     594.58 	        PcP 
     65.00       4.1651     615.12 	        PcP 
     70.00       4.2566     636.19 	        PcP 
     75.00       4.3261     657.65 	        PcP 
     80.00       4.3765     679.41 	        PcP 
     85.00       4.4104     701.39 	        PcP 
     90.00       4.4303     723.50 	        PcP 
     95.00       4.4385     745.67 	        PcP 
    540.00     540.00 	 PcP 	 depth
     20.00       1.8935     466.75 	        PcP 
     25.00       2.2978     477.24 	        PcP 
     30.00       2.6636     489.66 	        PcP 
     35.00       2.9892     503.81 	        PcP 
     40.00       3.2745     519.48 	        PcP 
     45.00       3.5207     536.49 	        PcP 
     50.00       3.7302     554.63 	        PcP 
     55.00       3.9055     573.73 	        PcP 
     60.00       4.0497     593.63 	        PcP 
     65.00       4.1660     614.18 	        PcP 
     70.00       4.2573     635.25 	        PcP 
     75.00       4.3266     656.72 	        PcP 
     80.00       4.3768     678.49 	        PcP 
     85.00       4.4106     700.46 	        PcP 
     90.00       4.4305     722.57 	        PcP 
     95.00       4.4385     744.75 	        PcP 
    550.00     550.00 	 PcP 	 depth
     20.00       1.8951     465.74 	        PcP 
     25.00       2.2996     476.25 	        PcP 
     30.00       2.6654     488.68 	        PcP 
     35.00       2.9910     502.83 	        PcP 
     40.00       3.2762     518.52 	        PcP 
     45.00       3.5224     535.53 	        PcP 
     50.00       3.7316     553.68 	        PcP 
     55.00       3.9068     572.79 	        PcP 
     60.00       4.0508     592.70 	        PcP 
     65.00       4.1669     613.25 	        PcP 
     70.00       4.2580     634.32 	        PcP 
     75.00       4.3272     655.79 	        PcP 
     80.00       4.3772     677.56 	        PcP 
     85.00       4.4109     699.54 	        PcP 
     90.00       4.4306     721.65 	        PcP 
     95.00       4.4385     743.83 	        PcP 
    560.00     560.00 	 PcP 	 depth
     20.00       1.8966     464.75 	        PcP 
     25.00       2.3013     475.26 	        PcP 
     30.00       2.6673     487.69 	        PcP 
     35.00       2.9928     501.86 	        PcP 
     40.00       3.2780     517.56 	        PcP 
     45.00       3.5240     534.58 	        PcP 
     50.00       3.7331     552.73 	        PcP 
     55.00       3.9081     571.85 	        PcP 
     60.00       4.0519     591.76 	        PcP 
     65.00       4.1678     612.32 	        PcP 
     70.00       4.2587     633.40 	        PcP 
     75.00       4.3277     654.87 	        PcP 
     80.00       4.3776     676.64 	        PcP 
     85.00       4.4111     698.62 	        PcP 
     90.00       4.4307     720.73 	        PcP 
     95.00       4.4386     742.91 	        PcP 
    570.00     570.00 	 PcP 	 depth
     20.00       1.8982     463.75 	        PcP 
     25.00       2.3030     474.27 	        PcP 
     30.00       2.6691     486.72 	        PcP 
     35.00       2.9947     500.89 	        PcP 
     40.00       3.2797     516.60 	        PcP 
     45.00       3.5256     533.63 	        PcP 
     50.00       3.7346     551.79 	        PcP 
     55.00       3.9094     570.91 	        PcP 
     60.00       4.0530     590.83 	        PcP 
     65.00       4.1687     611.40 	        PcP 
     70.00       4.2594     632.48 	        PcP 
     75.00       4.3282     653.96 	        PcP 
     80.00       4.3780     675.73 	        PcP 
     85.00       4.4114     697.71 	        PcP 
     90.00       4.4309     719.82 	        PcP 
     95.00       4.4386     742.00 	        PcP 
    580.00     580.00 	 PcP 	 depth
     20.00       1.8998     462.76 	        PcP 
     25.00       2.3048     473.29 	        PcP 
     30.00       2.6710     485.74 	        PcP 
     35.00       2.9965     499.93 	        PcP 
     40.00       3.2815     515.64 	        PcP 
     45.00       3.5273     532.68 	        PcP 
     50.00       3.7361     550.85 	        PcP 
     55.00       3.9107     569.98 	        PcP 
     60.00       4.0541     589.91 	        PcP 
     65.00       4.1696     610.48 	        PcP 
     70.00       4.2601     631.56 	        PcP 
     75.00       4.3288     653.04 	        PcP 
     80.00       4.3784     674.82 	        PcP 
     85.00       4.4116     696.80 	        PcP 
     90.00       4.4310     718.91 	        PcP 
     95.00       4.4386     741.09 	        PcP 
    590.00     590.00 	 PcP 	 depth
     20.00       1.9014     461.77 	        PcP 
     25.00       2.3066     472.31 	        PcP 
     30.00       2.6728     484.77 	        PcP 
     35.00       2.9984     498.97 	        PcP 
     40.00       3.2833     514.69 	        PcP 
     45.00       3.5289     531.74 	        PcP 
     50.00       3.7376     549.92 	        PcP 
     55.00       3.9120     569.05 	        PcP 
     60.00       4.0552     588.99 	        PcP 
     65.00       4.1705     609.56 	        PcP 
     70.00       4.2609     630.65 	        PcP 
     75.00       4.3293     652.13 	        PcP 
     80.00       4.3788     673.91 	        PcP 
     85.00       4.4119     695.89 	        PcP 
     90.00       4.4311     718.01 	        PcP 
     95.00       4.4386     740.18 	        PcP 
    600.00     600.00 	 PcP 	 depth
     20.00       1.9030     460.79 	        PcP 
     25.00       2.3084     471.33 	        PcP 
     30.00       2.6747     483.81 	        PcP 
     35.00       3.0003     498.01 	        PcP 
     40.00       3.2851     513.74 	        PcP 
     45.00       3.5306     530.80 	        PcP 
     50.00       3.7391     548.99 	        PcP 
     55.00       3.9133     568.13 	        PcP 
     60.00       4.0564     588.07 	        PcP 
     65.00       4.1714     608.65 	        PcP 
     70.00       4.2616     629.74 	        PcP 
     75.00       4.3299     651.23 	        PcP 
     80.00       4.3792     673.01 	        PcP 
     85.00       4.4121     694.99 	        PcP 
     90.00       4.4312     717.11 	        PcP 
     95.00       4.4387     739.28 	        PcP 
    610.00     610.00 	 PcP 	 depth
     20.00       1.9046     459.81 	        PcP 
     25.00       2.3102     470.36 	        PcP 
     30.00       2.6766     482.84 	        PcP 
     35.00       3.0022     497.06 	        PcP 
     40.00       3.2869     512.80 	        PcP 
     45.00       3.5323     529.86 	        PcP 
     50.00       3.7406     548.06 	        PcP 
     55.00       3.9146     567.21 	        PcP 
     60.00       4.0575     587.15 	        PcP 
     65.00       4.1723     607.74 	        PcP 
     70.00       4.2623     628.84 	        PcP 
     75.00       4.3304     650.33 	        PcP 
     80.00       4.3795     672.11 	        PcP 
     85.00       4.4124     694.09 	        PcP 
     90.00       4.4314     716.21 	        PcP 
     95.00       4.4387     738.39 	        PcP 
    620.00     620.00 	 PcP 	 depth
     20.00       1.9063     458.83 	        PcP 
     25.00       2.3120     469.39 	        PcP 
     30.00       2.6785     481.89 	        PcP 
     35.00       3.0041     496.11 	        PcP 
     40.00       3.2888     511.86 	        PcP 
     45.00       3.5340     528.93 	        PcP 
     50.00       3.7421     547.14 	        PcP 
     55.00       3.9160     566.30 	        PcP 
     60.00       4.0586     586.24 	        PcP 
     65.00       4.1733     606.84 	        PcP 
     70.00       4.2631     627.94 	        PcP 
     75.00       4.3310     649.43 	        PcP 
     80.00       4.3799     671.21 	        PcP 
     85.00       4.4126     693.20 	        PcP 
     90.00       4.4315     715.32 	        PcP 
     95.00       4.4387     737.50 	        PcP 
    630.00     630.00 	 PcP 	 depth
     20.00       1.9079     457.86 	        PcP 
     25.00       2.3139     468.43 	        PcP 
     30.00       2.6805     480.93 	        PcP 
     35.00       3.0060     495.16 	        PcP 
     40.00       3.2906     510.92 	        PcP 
     45.00       3.5357     528.00 	        PcP 
     50.00       3.7437     546.22 	        PcP 
     55.00       3.9173     565.38 	        PcP 
     60.00       4.0598     585.34 	        PcP 
     65.00       4.1742     605.93 	        PcP 
     70.00       4.2638     627.04 	        PcP 
     75.00       4.3315     648.54 	        PcP 
     80.00       4.3803     670.32 	        PcP 
     85.00       4.4129     692.31 	        PcP 
     90.00       4.4316     714.43 	        PcP 
     95.00       4.4387     736.61 	        PcP 
    640.00     640.00 	 PcP 	 depth
     20.00       1.9096     456.89 	        PcP 
     25.00       2.3157     467.47 	        PcP 
     30.00       2.6824     479.98 	        PcP 
     35.00       3.0080     494.22 	        PcP 
     40.00       3.2925     509.99 	        PcP 
     45.00       3.5375     527.08 	        PcP 
     50.00       3.7452     545.30 	        PcP 
     55.00       3.9187     564.48 	        PcP 
     60.00       4.0609     584.44 	        PcP 
     65.00       4.1751     605.04 	        PcP 
     70.00       4.2645     626.15 	        PcP 
     75.00       4.3321     647.65 	        PcP 
     80.00       4.3807     669.44 	        PcP 
     85.00       4.4131     691.43 	        PcP 
     90.00       4.4317     713.55 	        PcP 
     95.00       4.4387     735.73 	        PcP 
    650.00     650.00 	 PcP 	 depth
     20.00       1.9113     455.92 	        PcP 
     25.00       2.3176     466.51 	        PcP 
     30.00       2.6844     479.03 	        PcP 
     35.00       3.0099     493.28 	        PcP 
     40.00       3.2944     509.06 	        PcP 
     45.00       3.5392     526.16 	        PcP 
     50.00       3.7468     544.39 	        PcP 
     55.00       3.9200     563.57 	        PcP 
     60.00       4.0621     583.54 	        PcP 
     65.00       4.1761     604.15 	        PcP 
     70.00       4.2653     625.26 	        PcP 
     75.00       4.3327     646.76 	        PcP 
     80.00       4.3811     668.55 	        PcP 
     85.00       4.4134     690.55 	        PcP 
     90.00       4.4319     712.67 	        PcP 
     95.00       4.4388     734.85 	        PcP 
    660.00     660.00 	 PcP 	 depth
     20.00       1.9130     454.96 	        PcP 
     25.00       2.3195     465.55 	        PcP 
     30.00       2.6864     478.09 	        PcP 
     35.00       3.0119     492.35 	        PcP 
     40.00       3.2963     508.14 	        PcP 
     45.00       3.5410     525.25 	        PcP 
     50.00       3.7484     543.48 	        PcP 
     55.00       3.9214     562.67 	        PcP 
     60.00       4.0632     582.65 	        PcP 
     65.00       4.1770     603.26 	        PcP 
     70.00       4.2660     624.38 	        PcP 
     75.00       4.3332     645.88 	        PcP 
     80.00       4.3815     667.68 	        PcP 
     85.00       4.4136     689.67 	        PcP 
     90.00       4.4320     711.79 	        PcP 
     95.00       4.4388     733.97 	        PcP 
    670.00     670.00 	 PcP 	 depth
     20.00       1.9148     454.05 	        PcP 
     25.00       2.3215     464.66 	        PcP 
     30.00       2.6885     477.20 	        PcP 
     35.00       3.0140     491.47 	        PcP 
     40.00       3.2983     507.27 	        PcP 
     45.00       3.5428     524.39 	        PcP 
     50.00       3.7501     542.64 	        PcP 
     55.00       3.9229     561.83 	        PcP 
     60.00       4.0645     581.82 	        PcP 
     65.00       4.1781     602.43 	        PcP 
     70.00       4.2669     623.55 	        PcP 
     75.00       4.3338     645.06 	        PcP 
     80.00       4.3820     666.86 	        PcP 
     85.00       4.4139     688.86 	        PcP 
     90.00       4.4321     710.98 	        PcP 
     95.00       4.4388     733.16 	        PcP 
    680.00     680.00 	 PcP 	 depth
     20.00       1.9166     453.15 	        PcP 
     25.00       2.3236     463.77 	        PcP 
     30.00       2.6906     476.32 	        PcP 
     35.00       3.0161     490.60 	        PcP 
     40.00       3.3003     506.41 	        PcP 
     45.00       3.5447     523.54 	        PcP 
     50.00       3.7518     541.80 	        PcP 
     55.00       3.9244     561.00 	        PcP 
     60.00       4.0657     580.99 	        PcP 
     65.00       4.1791     601.61 	        PcP 
     70.00       4.2677     622.74 	        PcP 
     75.00       4.3345     644.25 	        PcP 
     80.00       4.3824     666.05 	        PcP 
     85.00       4.4142     688.05 	        PcP 
     90.00       4.4323     710.17 	        PcP 
     95.00       4.4388     732.35 	        PcP 
    690.00     690.00 	 PcP 	 depth
     20.00       1.9184     452.25 	        PcP 
     25.00       2.3256     462.87 	        PcP 
     30.00       2.6928     475.44 	        PcP 
     35.00       3.0183     489.73 	        PcP 
     40.00       3.3024     505.55 	        PcP 
     45.00       3.5466     522.69 	        PcP 
     50.00       3.7535     540.96 	        PcP 
     55.00       3.9259     560.17 	        PcP 
     60.00       4.0670     580.16 	        PcP 
     65.00       4.1802     600.79 	        PcP 
     70.00       4.2685     621.92 	        PcP 
     75.00       4.3351     643.44 	        PcP 
     80.00       4.3828     665.24 	        PcP 
     85.00       4.4144     687.24 	        PcP 
     90.00       4.4324     709.36 	        PcP 
     95.00       4.4388     731.55 	        PcP 
    700.00     700.00 	 PcP 	 depth
     20.00       1.9203     451.35 	        PcP 
     25.00       2.3277     461.99 	        PcP 
     30.00       2.6949     474.56 	        PcP 
     35.00       3.0204     488.87 	        PcP 
     40.00       3.3045     504.70 	        PcP 
     45.00       3.5486     521.84 	        PcP 
     50.00       3.7552     540.12 	        PcP 
     55.00       3.9274     559.34 	        PcP 
     60.00       4.0683     579.34 	        PcP 
     65.00       4.1812     599.97 	        PcP 
     70.00       4.2693     621.11 	        PcP 
     75.00       4.3357     642.63 	        PcP 
     80.00       4.3833     664.44 	        PcP 
     85.00       4.4147     686.44 	        PcP 
     90.00       4.4325     708.56 	        PcP 
     95.00       4.4388     730.74 	        PcP 
