      0.00       0.00 	 SKSdf 	 depth
    105.00       1.9151    1537.07 	      SKSdf 
    110.00       1.9116    1546.63 	      SKSdf 
    115.00       1.9023    1556.17 	      SKSdf 
    120.00       1.8844    1565.64 	      SKSdf 
    125.00       1.8536    1574.99 	      SKSdf 
    130.00       1.8039    1584.15 	      SKSdf 
    135.00       1.7277    1592.99 	      SKSdf 
    140.00       1.6192    1601.37 	      SKSdf 
    145.00       1.4776    1609.13 	      SKSdf 
    150.00       1.3073    1616.10 	      SKSdf 
    155.00       1.1149    1622.16 	      SKSdf 
    160.00       0.9068    1627.22 	      SKSdf 
    165.00       0.6880    1631.21 	      SKSdf 
    170.00       0.4621    1634.09 	      SKSdf 
    175.00       0.2320    1635.83 	      SKSdf 
    180.00       0.0000    1636.41 	      SKSdf 
     10.00      10.00 	 SKSdf 	 depth
    105.00       1.9151    1534.09 	      SKSdf 
    110.00       1.9116    1543.66 	      SKSdf 
    115.00       1.9023    1553.20 	      SKSdf 
    120.00       1.8843    1562.67 	      SKSdf 
    125.00       1.8536    1572.02 	      SKSdf 
    130.00       1.8038    1581.18 	      SKSdf 
    135.00       1.7276    1590.02 	      SKSdf 
    140.00       1.6191    1598.40 	      SKSdf 
    145.00       1.4775    1606.15 	      SKSdf 
    150.00       1.3072    1613.12 	      SKSdf 
    155.00       1.1148    1619.19 	      SKSdf 
    160.00       0.9067    1624.25 	      SKSdf 
    165.00       0.6879    1628.24 	      SKSdf 
    170.00       0.4620    1631.11 	      SKSdf 
    175.00       0.2320    1632.85 	      SKSdf 
    180.00       0.0000    1633.43 	      SKSdf 
     20.00      20.00 	 SKSdf 	 depth
    105.00       1.9151    1531.12 	      SKSdf 
    110.00       1.9116    1540.69 	      SKSdf 
    115.00       1.9022    1550.23 	      SKSdf 
    120.00       1.8843    1559.70 	      SKSdf 
    125.00       1.8536    1569.05 	      SKSdf 
    130.00       1.8038    1578.20 	      SKSdf 
    135.00       1.7275    1587.05 	      SKSdf 
    140.00       1.6190    1595.43 	      SKSdf 
    145.00       1.4774    1603.18 	      SKSdf 
    150.00       1.3071    1610.15 	      SKSdf 
    155.00       1.1147    1616.21 	      SKSdf 
    160.00       0.9066    1621.27 	      SKSdf 
    165.00       0.6878    1625.26 	      SKSdf 
    170.00       0.4620    1628.14 	      SKSdf 
    175.00       0.2320    1629.87 	      SKSdf 
    180.00       0.0000    1630.45 	      SKSdf 
     30.00      30.00 	 SKSdf 	 depth
    105.00       1.9151    1528.46 	      SKSdf 
    110.00       1.9116    1538.03 	      SKSdf 
    115.00       1.9022    1547.57 	      SKSdf 
    120.00       1.8843    1557.04 	      SKSdf 
    125.00       1.8535    1566.39 	      SKSdf 
    130.00       1.8037    1575.54 	      SKSdf 
    135.00       1.7274    1584.38 	      SKSdf 
    140.00       1.6188    1592.76 	      SKSdf 
    145.00       1.4772    1600.52 	      SKSdf 
    150.00       1.3069    1607.49 	      SKSdf 
    155.00       1.1146    1613.55 	      SKSdf 
    160.00       0.9065    1618.61 	      SKSdf 
    165.00       0.6877    1622.60 	      SKSdf 
    170.00       0.4619    1625.47 	      SKSdf 
    175.00       0.2319    1627.21 	      SKSdf 
    180.00       0.0000    1627.79 	      SKSdf 
     40.00      40.00 	 SKSdf 	 depth
    105.00       1.9150    1526.02 	      SKSdf 
    110.00       1.9116    1535.59 	      SKSdf 
    115.00       1.9022    1545.12 	      SKSdf 
    120.00       1.8843    1554.59 	      SKSdf 
    125.00       1.8535    1563.94 	      SKSdf 
    130.00       1.8036    1573.10 	      SKSdf 
    135.00       1.7273    1581.94 	      SKSdf 
    140.00       1.6187    1590.32 	      SKSdf 
    145.00       1.4771    1598.07 	      SKSdf 
    150.00       1.3067    1605.04 	      SKSdf 
    155.00       1.1144    1611.10 	      SKSdf 
    160.00       0.9064    1616.16 	      SKSdf 
    165.00       0.6876    1620.14 	      SKSdf 
    170.00       0.4618    1623.02 	      SKSdf 
    175.00       0.2319    1624.76 	      SKSdf 
    180.00       0.0000    1625.34 	      SKSdf 
     50.00      50.00 	 SKSdf 	 depth
    105.00       1.9150    1523.79 	      SKSdf 
    110.00       1.9116    1533.36 	      SKSdf 
    115.00       1.9022    1542.89 	      SKSdf 
    120.00       1.8842    1552.36 	      SKSdf 
    125.00       1.8534    1561.72 	      SKSdf 
    130.00       1.8035    1570.87 	      SKSdf 
    135.00       1.7272    1579.71 	      SKSdf 
    140.00       1.6186    1588.08 	      SKSdf 
    145.00       1.4769    1595.84 	      SKSdf 
    150.00       1.3066    1602.81 	      SKSdf 
    155.00       1.1142    1608.87 	      SKSdf 
    160.00       0.9062    1613.92 	      SKSdf 
    165.00       0.6875    1617.91 	      SKSdf 
    170.00       0.4618    1620.79 	      SKSdf 
    175.00       0.2319    1622.52 	      SKSdf 
    180.00       0.0000    1623.10 	      SKSdf 
     60.00      60.00 	 SKSdf 	 depth
    105.00       1.9150    1521.56 	      SKSdf 
    110.00       1.9116    1531.13 	      SKSdf 
    115.00       1.9022    1540.67 	      SKSdf 
    120.00       1.8842    1550.14 	      SKSdf 
    125.00       1.8534    1559.49 	      SKSdf 
    130.00       1.8034    1568.64 	      SKSdf 
    135.00       1.7271    1577.48 	      SKSdf 
    140.00       1.6184    1585.86 	      SKSdf 
    145.00       1.4767    1593.61 	      SKSdf 
    150.00       1.3064    1600.58 	      SKSdf 
    155.00       1.1141    1606.63 	      SKSdf 
    160.00       0.9061    1611.69 	      SKSdf 
    165.00       0.6874    1615.68 	      SKSdf 
    170.00       0.4617    1618.55 	      SKSdf 
    175.00       0.2318    1620.29 	      SKSdf 
    180.00       0.0000    1620.87 	      SKSdf 
     70.00      70.00 	 SKSdf 	 depth
    105.00       1.9150    1519.34 	      SKSdf 
    110.00       1.9116    1528.91 	      SKSdf 
    115.00       1.9022    1538.44 	      SKSdf 
    120.00       1.8842    1547.91 	      SKSdf 
    125.00       1.8533    1557.26 	      SKSdf 
    130.00       1.8034    1566.41 	      SKSdf 
    135.00       1.7269    1575.25 	      SKSdf 
    140.00       1.6183    1583.63 	      SKSdf 
    145.00       1.4766    1591.38 	      SKSdf 
    150.00       1.3062    1598.35 	      SKSdf 
    155.00       1.1139    1604.40 	      SKSdf 
    160.00       0.9059    1609.46 	      SKSdf 
    165.00       0.6873    1613.45 	      SKSdf 
    170.00       0.4616    1616.32 	      SKSdf 
    175.00       0.2318    1618.06 	      SKSdf 
    180.00       0.0000    1618.64 	      SKSdf 
     80.00      80.00 	 SKSdf 	 depth
    105.00       1.9150    1517.11 	      SKSdf 
    110.00       1.9115    1526.68 	      SKSdf 
    115.00       1.9021    1536.22 	      SKSdf 
    120.00       1.8841    1545.69 	      SKSdf 
    125.00       1.8532    1555.04 	      SKSdf 
    130.00       1.8033    1564.19 	      SKSdf 
    135.00       1.7268    1573.03 	      SKSdf 
    140.00       1.6181    1581.40 	      SKSdf 
    145.00       1.4764    1589.15 	      SKSdf 
    150.00       1.3060    1596.12 	      SKSdf 
    155.00       1.1137    1602.18 	      SKSdf 
    160.00       0.9058    1607.23 	      SKSdf 
    165.00       0.6871    1611.22 	      SKSdf 
    170.00       0.4615    1614.09 	      SKSdf 
    175.00       0.2317    1615.83 	      SKSdf 
    180.00       0.0000    1616.41 	      SKSdf 
     90.00      90.00 	 SKSdf 	 depth
    105.00       1.9150    1514.89 	      SKSdf 
    110.00       1.9115    1524.46 	      SKSdf 
    115.00       1.9021    1534.00 	      SKSdf 
    120.00       1.8841    1543.47 	      SKSdf 
    125.00       1.8532    1552.82 	      SKSdf 
    130.00       1.8032    1561.97 	      SKSdf 
    135.00       1.7267    1570.80 	      SKSdf 
    140.00       1.6180    1579.18 	      SKSdf 
    145.00       1.4762    1586.93 	      SKSdf 
    150.00       1.3059    1593.89 	      SKSdf 
    155.00       1.1136    1599.95 	      SKSdf 
    160.00       0.9056    1605.00 	      SKSdf 
    165.00       0.6870    1608.99 	      SKSdf 
    170.00       0.4615    1611.86 	      SKSdf 
    175.00       0.2317    1613.60 	      SKSdf 
    180.00       0.0000    1614.18 	      SKSdf 
    100.00     100.00 	 SKSdf 	 depth
    105.00       1.9150    1512.67 	      SKSdf 
    110.00       1.9115    1522.24 	      SKSdf 
    115.00       1.9021    1531.78 	      SKSdf 
    120.00       1.8841    1541.25 	      SKSdf 
    125.00       1.8531    1550.60 	      SKSdf 
    130.00       1.8031    1559.75 	      SKSdf 
    135.00       1.7266    1568.58 	      SKSdf 
    140.00       1.6178    1576.96 	      SKSdf 
    145.00       1.4760    1584.71 	      SKSdf 
    150.00       1.3057    1591.67 	      SKSdf 
    155.00       1.1134    1597.73 	      SKSdf 
    160.00       0.9055    1602.78 	      SKSdf 
    165.00       0.6869    1606.76 	      SKSdf 
    170.00       0.4614    1609.64 	      SKSdf 
    175.00       0.2317    1611.37 	      SKSdf 
    180.00       0.0000    1611.95 	      SKSdf 
    110.00     110.00 	 SKSdf 	 depth
    105.00       1.9150    1510.45 	      SKSdf 
    110.00       1.9115    1520.02 	      SKSdf 
    115.00       1.9021    1529.56 	      SKSdf 
    120.00       1.8840    1539.03 	      SKSdf 
    125.00       1.8531    1548.38 	      SKSdf 
    130.00       1.8030    1557.53 	      SKSdf 
    135.00       1.7265    1566.36 	      SKSdf 
    140.00       1.6177    1574.74 	      SKSdf 
    145.00       1.4759    1582.49 	      SKSdf 
    150.00       1.3055    1589.45 	      SKSdf 
    155.00       1.1132    1595.50 	      SKSdf 
    160.00       0.9053    1600.56 	      SKSdf 
    165.00       0.6868    1604.54 	      SKSdf 
    170.00       0.4613    1607.41 	      SKSdf 
    175.00       0.2316    1609.15 	      SKSdf 
    180.00       0.0000    1609.73 	      SKSdf 
    120.00     120.00 	 SKSdf 	 depth
    105.00       1.9150    1508.24 	      SKSdf 
    110.00       1.9115    1517.81 	      SKSdf 
    115.00       1.9021    1527.34 	      SKSdf 
    120.00       1.8840    1536.81 	      SKSdf 
    125.00       1.8530    1546.16 	      SKSdf 
    130.00       1.8029    1555.31 	      SKSdf 
    135.00       1.7263    1564.15 	      SKSdf 
    140.00       1.6175    1572.52 	      SKSdf 
    145.00       1.4757    1580.27 	      SKSdf 
    150.00       1.3053    1587.23 	      SKSdf 
    155.00       1.1131    1593.28 	      SKSdf 
    160.00       0.9052    1598.33 	      SKSdf 
    165.00       0.6867    1602.32 	      SKSdf 
    170.00       0.4612    1605.19 	      SKSdf 
    175.00       0.2316    1606.92 	      SKSdf 
    180.00       0.0000    1607.50 	      SKSdf 
    130.00     130.00 	 SKSdf 	 depth
    105.00       1.9150    1506.02 	      SKSdf 
    110.00       1.9115    1515.59 	      SKSdf 
    115.00       1.9020    1525.13 	      SKSdf 
    120.00       1.8840    1534.60 	      SKSdf 
    125.00       1.8530    1543.95 	      SKSdf 
    130.00       1.8029    1553.10 	      SKSdf 
    135.00       1.7262    1561.93 	      SKSdf 
    140.00       1.6173    1570.30 	      SKSdf 
    145.00       1.4755    1578.05 	      SKSdf 
    150.00       1.3051    1585.01 	      SKSdf 
    155.00       1.1129    1591.06 	      SKSdf 
    160.00       0.9051    1596.11 	      SKSdf 
    165.00       0.6866    1600.10 	      SKSdf 
    170.00       0.4611    1602.97 	      SKSdf 
    175.00       0.2315    1604.70 	      SKSdf 
    180.00       0.0000    1605.28 	      SKSdf 
    140.00     140.00 	 SKSdf 	 depth
    105.00       1.9150    1503.81 	      SKSdf 
    110.00       1.9115    1513.38 	      SKSdf 
    115.00       1.9020    1522.91 	      SKSdf 
    120.00       1.8839    1532.38 	      SKSdf 
    125.00       1.8529    1541.73 	      SKSdf 
    130.00       1.8028    1550.88 	      SKSdf 
    135.00       1.7261    1559.72 	      SKSdf 
    140.00       1.6172    1568.09 	      SKSdf 
    145.00       1.4753    1575.83 	      SKSdf 
    150.00       1.3050    1582.79 	      SKSdf 
    155.00       1.1127    1588.85 	      SKSdf 
    160.00       0.9049    1593.90 	      SKSdf 
    165.00       0.6864    1597.88 	      SKSdf 
    170.00       0.4611    1600.75 	      SKSdf 
    175.00       0.2315    1602.48 	      SKSdf 
    180.00       0.0000    1603.06 	      SKSdf 
    150.00     150.00 	 SKSdf 	 depth
    105.00       1.9150    1501.60 	      SKSdf 
    110.00       1.9115    1511.16 	      SKSdf 
    115.00       1.9020    1520.70 	      SKSdf 
    120.00       1.8839    1530.17 	      SKSdf 
    125.00       1.8529    1539.52 	      SKSdf 
    130.00       1.8027    1548.67 	      SKSdf 
    135.00       1.7260    1557.50 	      SKSdf 
    140.00       1.6170    1565.87 	      SKSdf 
    145.00       1.4752    1573.62 	      SKSdf 
    150.00       1.3048    1580.58 	      SKSdf 
    155.00       1.1126    1586.63 	      SKSdf 
    160.00       0.9048    1591.68 	      SKSdf 
    165.00       0.6863    1595.66 	      SKSdf 
    170.00       0.4610    1598.53 	      SKSdf 
    175.00       0.2315    1600.26 	      SKSdf 
    180.00       0.0000    1600.84 	      SKSdf 
    160.00     160.00 	 SKSdf 	 depth
    105.00       1.9150    1499.38 	      SKSdf 
    110.00       1.9115    1508.95 	      SKSdf 
    115.00       1.9020    1518.49 	      SKSdf 
    120.00       1.8839    1527.96 	      SKSdf 
    125.00       1.8528    1537.31 	      SKSdf 
    130.00       1.8026    1546.45 	      SKSdf 
    135.00       1.7259    1555.29 	      SKSdf 
    140.00       1.6169    1563.66 	      SKSdf 
    145.00       1.4750    1571.40 	      SKSdf 
    150.00       1.3046    1578.36 	      SKSdf 
    155.00       1.1124    1584.41 	      SKSdf 
    160.00       0.9046    1589.46 	      SKSdf 
    165.00       0.6862    1593.44 	      SKSdf 
    170.00       0.4609    1596.31 	      SKSdf 
    175.00       0.2314    1598.04 	      SKSdf 
    180.00       0.0000    1598.62 	      SKSdf 
    170.00     170.00 	 SKSdf 	 depth
    105.00       1.9150    1497.17 	      SKSdf 
    110.00       1.9115    1506.74 	      SKSdf 
    115.00       1.9020    1516.28 	      SKSdf 
    120.00       1.8838    1525.75 	      SKSdf 
    125.00       1.8527    1535.10 	      SKSdf 
    130.00       1.8025    1544.24 	      SKSdf 
    135.00       1.7257    1553.08 	      SKSdf 
    140.00       1.6167    1561.45 	      SKSdf 
    145.00       1.4748    1569.19 	      SKSdf 
    150.00       1.3044    1576.15 	      SKSdf 
    155.00       1.1122    1582.20 	      SKSdf 
    160.00       0.9045    1587.24 	      SKSdf 
    165.00       0.6861    1591.22 	      SKSdf 
    170.00       0.4608    1594.09 	      SKSdf 
    175.00       0.2314    1595.82 	      SKSdf 
    180.00       0.0000    1596.40 	      SKSdf 
    180.00     180.00 	 SKSdf 	 depth
    105.00       1.9150    1494.96 	      SKSdf 
    110.00       1.9115    1504.53 	      SKSdf 
    115.00       1.9019    1514.07 	      SKSdf 
    120.00       1.8838    1523.54 	      SKSdf 
    125.00       1.8527    1532.89 	      SKSdf 
    130.00       1.8024    1542.03 	      SKSdf 
    135.00       1.7256    1550.87 	      SKSdf 
    140.00       1.6166    1559.23 	      SKSdf 
    145.00       1.4746    1566.98 	      SKSdf 
    150.00       1.3042    1573.93 	      SKSdf 
    155.00       1.1120    1579.98 	      SKSdf 
    160.00       0.9043    1585.03 	      SKSdf 
    165.00       0.6860    1589.01 	      SKSdf 
    170.00       0.4607    1591.88 	      SKSdf 
    175.00       0.2313    1593.61 	      SKSdf 
    180.00       0.0000    1594.19 	      SKSdf 
    190.00     190.00 	 SKSdf 	 depth
    105.00       1.9150    1492.76 	      SKSdf 
    110.00       1.9114    1502.32 	      SKSdf 
    115.00       1.9019    1511.86 	      SKSdf 
    120.00       1.8838    1521.33 	      SKSdf 
    125.00       1.8526    1530.68 	      SKSdf 
    130.00       1.8023    1539.82 	      SKSdf 
    135.00       1.7255    1548.66 	      SKSdf 
    140.00       1.6164    1557.02 	      SKSdf 
    145.00       1.4744    1564.76 	      SKSdf 
    150.00       1.3041    1571.72 	      SKSdf 
    155.00       1.1119    1577.77 	      SKSdf 
    160.00       0.9042    1582.81 	      SKSdf 
    165.00       0.6859    1586.79 	      SKSdf 
    170.00       0.4607    1589.66 	      SKSdf 
    175.00       0.2313    1591.39 	      SKSdf 
    180.00       0.0000    1591.97 	      SKSdf 
    200.00     200.00 	 SKSdf 	 depth
    105.00       1.9150    1490.55 	      SKSdf 
    110.00       1.9114    1500.12 	      SKSdf 
    115.00       1.9019    1509.65 	      SKSdf 
    120.00       1.8837    1519.12 	      SKSdf 
    125.00       1.8526    1528.47 	      SKSdf 
    130.00       1.8023    1537.61 	      SKSdf 
    135.00       1.7254    1546.45 	      SKSdf 
    140.00       1.6162    1554.81 	      SKSdf 
    145.00       1.4743    1562.55 	      SKSdf 
    150.00       1.3039    1569.51 	      SKSdf 
    155.00       1.1117    1575.56 	      SKSdf 
    160.00       0.9040    1580.60 	      SKSdf 
    165.00       0.6857    1584.58 	      SKSdf 
    170.00       0.4606    1587.45 	      SKSdf 
    175.00       0.2313    1589.18 	      SKSdf 
    180.00       0.0000    1589.76 	      SKSdf 
    210.00     210.00 	 SKSdf 	 depth
    105.00       1.9150    1488.34 	      SKSdf 
    110.00       1.9114    1497.91 	      SKSdf 
    115.00       1.9019    1507.45 	      SKSdf 
    120.00       1.8837    1516.91 	      SKSdf 
    125.00       1.8525    1526.26 	      SKSdf 
    130.00       1.8022    1535.41 	      SKSdf 
    135.00       1.7252    1544.24 	      SKSdf 
    140.00       1.6161    1552.61 	      SKSdf 
    145.00       1.4741    1560.34 	      SKSdf 
    150.00       1.3037    1567.30 	      SKSdf 
    155.00       1.1115    1573.34 	      SKSdf 
    160.00       0.9039    1578.39 	      SKSdf 
    165.00       0.6856    1582.37 	      SKSdf 
    170.00       0.4605    1585.23 	      SKSdf 
    175.00       0.2312    1586.96 	      SKSdf 
    180.00       0.0000    1587.54 	      SKSdf 
    220.00     220.00 	 SKSdf 	 depth
    105.00       1.9150    1486.14 	      SKSdf 
    110.00       1.9114    1495.71 	      SKSdf 
    115.00       1.9019    1505.25 	      SKSdf 
    120.00       1.8836    1514.71 	      SKSdf 
    125.00       1.8525    1524.06 	      SKSdf 
    130.00       1.8021    1533.21 	      SKSdf 
    135.00       1.7251    1542.04 	      SKSdf 
    140.00       1.6159    1550.40 	      SKSdf 
    145.00       1.4739    1558.14 	      SKSdf 
    150.00       1.3035    1565.10 	      SKSdf 
    155.00       1.1113    1571.14 	      SKSdf 
    160.00       0.9037    1576.18 	      SKSdf 
    165.00       0.6855    1580.16 	      SKSdf 
    170.00       0.4604    1583.03 	      SKSdf 
    175.00       0.2312    1584.76 	      SKSdf 
    180.00       0.0000    1585.34 	      SKSdf 
    230.00     230.00 	 SKSdf 	 depth
    105.00       1.9150    1483.95 	      SKSdf 
    110.00       1.9114    1493.52 	      SKSdf 
    115.00       1.9018    1503.05 	      SKSdf 
    120.00       1.8836    1512.52 	      SKSdf 
    125.00       1.8524    1521.87 	      SKSdf 
    130.00       1.8020    1531.01 	      SKSdf 
    135.00       1.7250    1539.84 	      SKSdf 
    140.00       1.6158    1548.21 	      SKSdf 
    145.00       1.4737    1555.95 	      SKSdf 
    150.00       1.3033    1562.90 	      SKSdf 
    155.00       1.1112    1568.94 	      SKSdf 
    160.00       0.9036    1573.99 	      SKSdf 
    165.00       0.6854    1577.96 	      SKSdf 
    170.00       0.4603    1580.83 	      SKSdf 
    175.00       0.2311    1582.56 	      SKSdf 
    180.00       0.0000    1583.14 	      SKSdf 
    240.00     240.00 	 SKSdf 	 depth
    105.00       1.9150    1481.77 	      SKSdf 
    110.00       1.9114    1491.33 	      SKSdf 
    115.00       1.9018    1500.87 	      SKSdf 
    120.00       1.8836    1510.34 	      SKSdf 
    125.00       1.8523    1519.69 	      SKSdf 
    130.00       1.8019    1528.83 	      SKSdf 
    135.00       1.7249    1537.66 	      SKSdf 
    140.00       1.6156    1546.02 	      SKSdf 
    145.00       1.4735    1553.76 	      SKSdf 
    150.00       1.3031    1560.71 	      SKSdf 
    155.00       1.1110    1566.76 	      SKSdf 
    160.00       0.9034    1571.80 	      SKSdf 
    165.00       0.6853    1575.77 	      SKSdf 
    170.00       0.4602    1578.64 	      SKSdf 
    175.00       0.2311    1580.37 	      SKSdf 
    180.00       0.0000    1580.95 	      SKSdf 
    250.00     250.00 	 SKSdf 	 depth
    105.00       1.9150    1479.59 	      SKSdf 
    110.00       1.9114    1489.16 	      SKSdf 
    115.00       1.9018    1498.70 	      SKSdf 
    120.00       1.8835    1508.16 	      SKSdf 
    125.00       1.8523    1517.51 	      SKSdf 
    130.00       1.8018    1526.65 	      SKSdf 
    135.00       1.7247    1535.48 	      SKSdf 
    140.00       1.6154    1543.85 	      SKSdf 
    145.00       1.4733    1551.58 	      SKSdf 
    150.00       1.3029    1558.53 	      SKSdf 
    155.00       1.1108    1564.58 	      SKSdf 
    160.00       0.9033    1569.62 	      SKSdf 
    165.00       0.6851    1573.59 	      SKSdf 
    170.00       0.4602    1576.46 	      SKSdf 
    175.00       0.2311    1578.19 	      SKSdf 
    180.00       0.0000    1578.76 	      SKSdf 
    260.00     260.00 	 SKSdf 	 depth
    105.00       1.9150    1477.43 	      SKSdf 
    110.00       1.9114    1486.99 	      SKSdf 
    115.00       1.9018    1496.53 	      SKSdf 
    120.00       1.8835    1506.00 	      SKSdf 
    125.00       1.8522    1515.34 	      SKSdf 
    130.00       1.8017    1524.49 	      SKSdf 
    135.00       1.7246    1533.32 	      SKSdf 
    140.00       1.6153    1541.68 	      SKSdf 
    145.00       1.4732    1549.41 	      SKSdf 
    150.00       1.3027    1556.36 	      SKSdf 
    155.00       1.1106    1562.40 	      SKSdf 
    160.00       0.9031    1567.44 	      SKSdf 
    165.00       0.6850    1571.42 	      SKSdf 
    170.00       0.4601    1574.28 	      SKSdf 
    175.00       0.2310    1576.01 	      SKSdf 
    180.00       0.0000    1576.59 	      SKSdf 
    270.00     270.00 	 SKSdf 	 depth
    105.00       1.9150    1475.27 	      SKSdf 
    110.00       1.9114    1484.84 	      SKSdf 
    115.00       1.9018    1494.37 	      SKSdf 
    120.00       1.8835    1503.84 	      SKSdf 
    125.00       1.8522    1513.18 	      SKSdf 
    130.00       1.8016    1522.33 	      SKSdf 
    135.00       1.7245    1531.16 	      SKSdf 
    140.00       1.6151    1539.52 	      SKSdf 
    145.00       1.4730    1547.25 	      SKSdf 
    150.00       1.3025    1554.20 	      SKSdf 
    155.00       1.1105    1560.24 	      SKSdf 
    160.00       0.9029    1565.28 	      SKSdf 
    165.00       0.6849    1569.25 	      SKSdf 
    170.00       0.4600    1572.12 	      SKSdf 
    175.00       0.2310    1573.85 	      SKSdf 
    180.00       0.0000    1574.42 	      SKSdf 
    280.00     280.00 	 SKSdf 	 depth
    105.00       1.9150    1473.12 	      SKSdf 
    110.00       1.9114    1482.69 	      SKSdf 
    115.00       1.9017    1492.22 	      SKSdf 
    120.00       1.8834    1501.69 	      SKSdf 
    125.00       1.8521    1511.03 	      SKSdf 
    130.00       1.8015    1520.18 	      SKSdf 
    135.00       1.7243    1529.00 	      SKSdf 
    140.00       1.6149    1537.37 	      SKSdf 
    145.00       1.4728    1545.10 	      SKSdf 
    150.00       1.3023    1552.05 	      SKSdf 
    155.00       1.1103    1558.09 	      SKSdf 
    160.00       0.9028    1563.12 	      SKSdf 
    165.00       0.6848    1567.10 	      SKSdf 
    170.00       0.4599    1569.96 	      SKSdf 
    175.00       0.2309    1571.69 	      SKSdf 
    180.00       0.0000    1572.27 	      SKSdf 
    290.00     290.00 	 SKSdf 	 depth
    105.00       1.9150    1470.98 	      SKSdf 
    110.00       1.9113    1480.54 	      SKSdf 
    115.00       1.9017    1490.08 	      SKSdf 
    120.00       1.8834    1499.55 	      SKSdf 
    125.00       1.8520    1508.89 	      SKSdf 
    130.00       1.8014    1518.03 	      SKSdf 
    135.00       1.7242    1526.86 	      SKSdf 
    140.00       1.6148    1535.22 	      SKSdf 
    145.00       1.4726    1542.95 	      SKSdf 
    150.00       1.3021    1549.90 	      SKSdf 
    155.00       1.1101    1555.94 	      SKSdf 
    160.00       0.9026    1560.98 	      SKSdf 
    165.00       0.6846    1564.95 	      SKSdf 
    170.00       0.4598    1567.81 	      SKSdf 
    175.00       0.2309    1569.54 	      SKSdf 
    180.00       0.0000    1570.12 	      SKSdf 
    300.00     300.00 	 SKSdf 	 depth
    105.00       1.9150    1468.84 	      SKSdf 
    110.00       1.9113    1478.41 	      SKSdf 
    115.00       1.9017    1487.95 	      SKSdf 
    120.00       1.8834    1497.41 	      SKSdf 
    125.00       1.8520    1506.76 	      SKSdf 
    130.00       1.8013    1515.90 	      SKSdf 
    135.00       1.7241    1524.73 	      SKSdf 
    140.00       1.6146    1533.09 	      SKSdf 
    145.00       1.4724    1540.82 	      SKSdf 
    150.00       1.3019    1547.76 	      SKSdf 
    155.00       1.1099    1553.80 	      SKSdf 
    160.00       0.9025    1558.84 	      SKSdf 
    165.00       0.6845    1562.81 	      SKSdf 
    170.00       0.4597    1565.67 	      SKSdf 
    175.00       0.2308    1567.40 	      SKSdf 
    180.00       0.0000    1567.98 	      SKSdf 
    310.00     310.00 	 SKSdf 	 depth
    105.00       1.9150    1466.72 	      SKSdf 
    110.00       1.9113    1476.28 	      SKSdf 
    115.00       1.9017    1485.82 	      SKSdf 
    120.00       1.8833    1495.29 	      SKSdf 
    125.00       1.8519    1504.63 	      SKSdf 
    130.00       1.8012    1513.77 	      SKSdf 
    135.00       1.7239    1522.60 	      SKSdf 
    140.00       1.6144    1530.96 	      SKSdf 
    145.00       1.4722    1538.69 	      SKSdf 
    150.00       1.3018    1545.63 	      SKSdf 
    155.00       1.1097    1551.67 	      SKSdf 
    160.00       0.9023    1556.71 	      SKSdf 
    165.00       0.6844    1560.68 	      SKSdf 
    170.00       0.4596    1563.54 	      SKSdf 
    175.00       0.2308    1565.27 	      SKSdf 
    180.00       0.0000    1565.84 	      SKSdf 
    320.00     320.00 	 SKSdf 	 depth
    105.00       1.9150    1464.60 	      SKSdf 
    110.00       1.9113    1474.17 	      SKSdf 
    115.00       1.9017    1483.70 	      SKSdf 
    120.00       1.8833    1493.17 	      SKSdf 
    125.00       1.8519    1502.51 	      SKSdf 
    130.00       1.8012    1511.65 	      SKSdf 
    135.00       1.7238    1520.48 	      SKSdf 
    140.00       1.6143    1528.84 	      SKSdf 
    145.00       1.4720    1536.57 	      SKSdf 
    150.00       1.3016    1543.51 	      SKSdf 
    155.00       1.1095    1549.55 	      SKSdf 
    160.00       0.9021    1554.58 	      SKSdf 
    165.00       0.6843    1558.55 	      SKSdf 
    170.00       0.4596    1561.41 	      SKSdf 
    175.00       0.2307    1563.14 	      SKSdf 
    180.00       0.0000    1563.72 	      SKSdf 
    330.00     330.00 	 SKSdf 	 depth
    105.00       1.9150    1462.49 	      SKSdf 
    110.00       1.9113    1472.06 	      SKSdf 
    115.00       1.9016    1481.59 	      SKSdf 
    120.00       1.8832    1491.06 	      SKSdf 
    125.00       1.8518    1500.40 	      SKSdf 
    130.00       1.8011    1509.54 	      SKSdf 
    135.00       1.7237    1518.37 	      SKSdf 
    140.00       1.6141    1526.73 	      SKSdf 
    145.00       1.4718    1534.45 	      SKSdf 
    150.00       1.3013    1541.40 	      SKSdf 
    155.00       1.1093    1547.43 	      SKSdf 
    160.00       0.9020    1552.47 	      SKSdf 
    165.00       0.6841    1556.43 	      SKSdf 
    170.00       0.4595    1559.30 	      SKSdf 
    175.00       0.2307    1561.02 	      SKSdf 
    180.00       0.0000    1561.60 	      SKSdf 
    340.00     340.00 	 SKSdf 	 depth
    105.00       1.9150    1460.39 	      SKSdf 
    110.00       1.9113    1469.95 	      SKSdf 
    115.00       1.9016    1479.49 	      SKSdf 
    120.00       1.8832    1488.96 	      SKSdf 
    125.00       1.8517    1498.30 	      SKSdf 
    130.00       1.8010    1507.44 	      SKSdf 
    135.00       1.7235    1516.26 	      SKSdf 
    140.00       1.6139    1524.62 	      SKSdf 
    145.00       1.4716    1532.35 	      SKSdf 
    150.00       1.3011    1539.29 	      SKSdf 
    155.00       1.1091    1545.32 	      SKSdf 
    160.00       0.9018    1550.36 	      SKSdf 
    165.00       0.6840    1554.33 	      SKSdf 
    170.00       0.4594    1557.19 	      SKSdf 
    175.00       0.2307    1558.91 	      SKSdf 
    180.00       0.0000    1559.49 	      SKSdf 
    350.00     350.00 	 SKSdf 	 depth
    105.00       1.9150    1458.29 	      SKSdf 
    110.00       1.9113    1467.86 	      SKSdf 
    115.00       1.9016    1477.39 	      SKSdf 
    120.00       1.8832    1486.86 	      SKSdf 
    125.00       1.8517    1496.20 	      SKSdf 
    130.00       1.8009    1505.35 	      SKSdf 
    135.00       1.7234    1514.17 	      SKSdf 
    140.00       1.6137    1522.53 	      SKSdf 
    145.00       1.4714    1530.25 	      SKSdf 
    150.00       1.3009    1537.19 	      SKSdf 
    155.00       1.1090    1543.22 	      SKSdf 
    160.00       0.9016    1548.26 	      SKSdf 
    165.00       0.6839    1552.22 	      SKSdf 
    170.00       0.4593    1555.08 	      SKSdf 
    175.00       0.2306    1556.81 	      SKSdf 
    180.00       0.0000    1557.39 	      SKSdf 
    360.00     360.00 	 SKSdf 	 depth
    105.00       1.9150    1456.21 	      SKSdf 
    110.00       1.9113    1465.77 	      SKSdf 
    115.00       1.9016    1475.31 	      SKSdf 
    120.00       1.8831    1484.77 	      SKSdf 
    125.00       1.8516    1494.12 	      SKSdf 
    130.00       1.8008    1503.26 	      SKSdf 
    135.00       1.7233    1512.08 	      SKSdf 
    140.00       1.6136    1520.44 	      SKSdf 
    145.00       1.4712    1528.16 	      SKSdf 
    150.00       1.3007    1535.10 	      SKSdf 
    155.00       1.1088    1541.13 	      SKSdf 
    160.00       0.9015    1546.16 	      SKSdf 
    165.00       0.6837    1550.13 	      SKSdf 
    170.00       0.4592    1552.99 	      SKSdf 
    175.00       0.2306    1554.72 	      SKSdf 
    180.00       0.0000    1555.29 	      SKSdf 
    370.00     370.00 	 SKSdf 	 depth
    105.00       1.9150    1454.13 	      SKSdf 
    110.00       1.9113    1463.69 	      SKSdf 
    115.00       1.9015    1473.23 	      SKSdf 
    120.00       1.8831    1482.69 	      SKSdf 
    125.00       1.8515    1492.04 	      SKSdf 
    130.00       1.8007    1501.18 	      SKSdf 
    135.00       1.7231    1510.00 	      SKSdf 
    140.00       1.6134    1518.36 	      SKSdf 
    145.00       1.4710    1526.08 	      SKSdf 
    150.00       1.3005    1533.02 	      SKSdf 
    155.00       1.1086    1539.05 	      SKSdf 
    160.00       0.9013    1544.08 	      SKSdf 
    165.00       0.6836    1548.04 	      SKSdf 
    170.00       0.4591    1550.90 	      SKSdf 
    175.00       0.2305    1552.63 	      SKSdf 
    180.00       0.0000    1553.21 	      SKSdf 
    380.00     380.00 	 SKSdf 	 depth
    105.00       1.9150    1452.05 	      SKSdf 
    110.00       1.9113    1461.62 	      SKSdf 
    115.00       1.9015    1471.16 	      SKSdf 
    120.00       1.8830    1480.62 	      SKSdf 
    125.00       1.8515    1489.97 	      SKSdf 
    130.00       1.8006    1499.11 	      SKSdf 
    135.00       1.7230    1507.93 	      SKSdf 
    140.00       1.6132    1516.28 	      SKSdf 
    145.00       1.4708    1524.00 	      SKSdf 
    150.00       1.3003    1530.94 	      SKSdf 
    155.00       1.1084    1536.97 	      SKSdf 
    160.00       0.9011    1542.00 	      SKSdf 
    165.00       0.6835    1545.97 	      SKSdf 
    170.00       0.4590    1548.82 	      SKSdf 
    175.00       0.2305    1550.55 	      SKSdf 
    180.00       0.0000    1551.13 	      SKSdf 
    390.00     390.00 	 SKSdf 	 depth
    105.00       1.9150    1449.99 	      SKSdf 
    110.00       1.9112    1459.56 	      SKSdf 
    115.00       1.9015    1469.09 	      SKSdf 
    120.00       1.8830    1478.56 	      SKSdf 
    125.00       1.8514    1487.90 	      SKSdf 
    130.00       1.8005    1497.04 	      SKSdf 
    135.00       1.7228    1505.86 	      SKSdf 
    140.00       1.6130    1514.22 	      SKSdf 
    145.00       1.4706    1521.94 	      SKSdf 
    150.00       1.3001    1528.87 	      SKSdf 
    155.00       1.1082    1534.90 	      SKSdf 
    160.00       0.9010    1539.93 	      SKSdf 
    165.00       0.6833    1543.90 	      SKSdf 
    170.00       0.4589    1546.75 	      SKSdf 
    175.00       0.2304    1548.48 	      SKSdf 
    180.00       0.0000    1549.05 	      SKSdf 
    400.00     400.00 	 SKSdf 	 depth
    105.00       1.9150    1447.93 	      SKSdf 
    110.00       1.9112    1457.50 	      SKSdf 
    115.00       1.9015    1467.04 	      SKSdf 
    120.00       1.8830    1476.50 	      SKSdf 
    125.00       1.8513    1485.84 	      SKSdf 
    130.00       1.8004    1494.98 	      SKSdf 
    135.00       1.7227    1503.80 	      SKSdf 
    140.00       1.6128    1512.16 	      SKSdf 
    145.00       1.4704    1519.88 	      SKSdf 
    150.00       1.2999    1526.81 	      SKSdf 
    155.00       1.1080    1532.84 	      SKSdf 
    160.00       0.9008    1537.87 	      SKSdf 
    165.00       0.6832    1541.83 	      SKSdf 
    170.00       0.4588    1544.69 	      SKSdf 
    175.00       0.2304    1546.41 	      SKSdf 
    180.00       0.0000    1546.99 	      SKSdf 
    410.00     410.00 	 SKSdf 	 depth
    105.00       1.9150    1445.89 	      SKSdf 
    110.00       1.9112    1455.45 	      SKSdf 
    115.00       1.9015    1464.99 	      SKSdf 
    120.00       1.8829    1474.45 	      SKSdf 
    125.00       1.8513    1483.80 	      SKSdf 
    130.00       1.8003    1492.93 	      SKSdf 
    135.00       1.7225    1501.75 	      SKSdf 
    140.00       1.6127    1510.11 	      SKSdf 
    145.00       1.4702    1517.83 	      SKSdf 
    150.00       1.2997    1524.76 	      SKSdf 
    155.00       1.1078    1530.79 	      SKSdf 
    160.00       0.9006    1535.81 	      SKSdf 
    165.00       0.6831    1539.78 	      SKSdf 
    170.00       0.4587    1542.63 	      SKSdf 
    175.00       0.2303    1544.36 	      SKSdf 
    180.00       0.0000    1544.93 	      SKSdf 
    420.00     420.00 	 SKSdf 	 depth
    105.00       1.9150    1443.93 	      SKSdf 
    110.00       1.9112    1453.49 	      SKSdf 
    115.00       1.9014    1463.03 	      SKSdf 
    120.00       1.8829    1472.49 	      SKSdf 
    125.00       1.8512    1481.84 	      SKSdf 
    130.00       1.8001    1490.97 	      SKSdf 
    135.00       1.7224    1499.79 	      SKSdf 
    140.00       1.6125    1508.14 	      SKSdf 
    145.00       1.4700    1515.86 	      SKSdf 
    150.00       1.2995    1522.80 	      SKSdf 
    155.00       1.1076    1528.82 	      SKSdf 
    160.00       0.9004    1533.85 	      SKSdf 
    165.00       0.6829    1537.81 	      SKSdf 
    170.00       0.4586    1540.66 	      SKSdf 
    175.00       0.2303    1542.39 	      SKSdf 
    180.00       0.0000    1542.96 	      SKSdf 
    430.00     430.00 	 SKSdf 	 depth
    105.00       1.9150    1441.97 	      SKSdf 
    110.00       1.9112    1451.54 	      SKSdf 
    115.00       1.9014    1461.08 	      SKSdf 
    120.00       1.8828    1470.54 	      SKSdf 
    125.00       1.8511    1479.88 	      SKSdf 
    130.00       1.8000    1489.02 	      SKSdf 
    135.00       1.7222    1497.84 	      SKSdf 
    140.00       1.6123    1506.19 	      SKSdf 
    145.00       1.4697    1513.91 	      SKSdf 
    150.00       1.2992    1520.84 	      SKSdf 
    155.00       1.1074    1526.86 	      SKSdf 
    160.00       0.9003    1531.89 	      SKSdf 
    165.00       0.6828    1535.85 	      SKSdf 
    170.00       0.4585    1538.70 	      SKSdf 
    175.00       0.2302    1540.43 	      SKSdf 
    180.00       0.0000    1541.00 	      SKSdf 
    440.00     440.00 	 SKSdf 	 depth
    105.00       1.9150    1440.03 	      SKSdf 
    110.00       1.9112    1449.60 	      SKSdf 
    115.00       1.9014    1459.13 	      SKSdf 
    120.00       1.8828    1468.60 	      SKSdf 
    125.00       1.8511    1477.94 	      SKSdf 
    130.00       1.7999    1487.08 	      SKSdf 
    135.00       1.7221    1495.89 	      SKSdf 
    140.00       1.6121    1504.24 	      SKSdf 
    145.00       1.4695    1511.96 	      SKSdf 
    150.00       1.2990    1518.89 	      SKSdf 
    155.00       1.1071    1524.91 	      SKSdf 
    160.00       0.9001    1529.94 	      SKSdf 
    165.00       0.6826    1533.90 	      SKSdf 
    170.00       0.4584    1536.75 	      SKSdf 
    175.00       0.2302    1538.48 	      SKSdf 
    180.00       0.0000    1539.05 	      SKSdf 
    450.00     450.00 	 SKSdf 	 depth
    105.00       1.9150    1438.10 	      SKSdf 
    110.00       1.9112    1447.66 	      SKSdf 
    115.00       1.9014    1457.20 	      SKSdf 
    120.00       1.8827    1466.66 	      SKSdf 
    125.00       1.8510    1476.00 	      SKSdf 
    130.00       1.7998    1485.14 	      SKSdf 
    135.00       1.7219    1493.96 	      SKSdf 
    140.00       1.6119    1502.31 	      SKSdf 
    145.00       1.4693    1510.02 	      SKSdf 
    150.00       1.2988    1516.95 	      SKSdf 
    155.00       1.1069    1522.97 	      SKSdf 
    160.00       0.8999    1528.00 	      SKSdf 
    165.00       0.6825    1531.96 	      SKSdf 
    170.00       0.4583    1534.81 	      SKSdf 
    175.00       0.2301    1536.53 	      SKSdf 
    180.00       0.0000    1537.11 	      SKSdf 
    460.00     460.00 	 SKSdf 	 depth
    105.00       1.9150    1436.17 	      SKSdf 
    110.00       1.9112    1445.74 	      SKSdf 
    115.00       1.9013    1455.27 	      SKSdf 
    120.00       1.8827    1464.74 	      SKSdf 
    125.00       1.8509    1474.08 	      SKSdf 
    130.00       1.7997    1483.21 	      SKSdf 
    135.00       1.7218    1492.03 	      SKSdf 
    140.00       1.6117    1500.38 	      SKSdf 
    145.00       1.4691    1508.09 	      SKSdf 
    150.00       1.2986    1515.02 	      SKSdf 
    155.00       1.1067    1521.04 	      SKSdf 
    160.00       0.8997    1526.06 	      SKSdf 
    165.00       0.6824    1530.02 	      SKSdf 
    170.00       0.4582    1532.87 	      SKSdf 
    175.00       0.2301    1534.60 	      SKSdf 
    180.00       0.0000    1535.17 	      SKSdf 
    470.00     470.00 	 SKSdf 	 depth
    105.00       1.9150    1434.25 	      SKSdf 
    110.00       1.9112    1443.82 	      SKSdf 
    115.00       1.9013    1453.35 	      SKSdf 
    120.00       1.8827    1462.82 	      SKSdf 
    125.00       1.8508    1472.16 	      SKSdf 
    130.00       1.7996    1481.29 	      SKSdf 
    135.00       1.7216    1490.11 	      SKSdf 
    140.00       1.6115    1498.45 	      SKSdf 
    145.00       1.4688    1506.17 	      SKSdf 
    150.00       1.2983    1513.10 	      SKSdf 
    155.00       1.1065    1519.12 	      SKSdf 
    160.00       0.8995    1524.14 	      SKSdf 
    165.00       0.6822    1528.09 	      SKSdf 
    170.00       0.4581    1530.95 	      SKSdf 
    175.00       0.2300    1532.67 	      SKSdf 
    180.00       0.0000    1533.24 	      SKSdf 
    480.00     480.00 	 SKSdf 	 depth
    105.00       1.9150    1432.34 	      SKSdf 
    110.00       1.9111    1441.91 	      SKSdf 
    115.00       1.9013    1451.44 	      SKSdf 
    120.00       1.8826    1460.90 	      SKSdf 
    125.00       1.8508    1470.24 	      SKSdf 
    130.00       1.7995    1479.38 	      SKSdf 
    135.00       1.7215    1488.19 	      SKSdf 
    140.00       1.6113    1496.54 	      SKSdf 
    145.00       1.4686    1504.25 	      SKSdf 
    150.00       1.2981    1511.18 	      SKSdf 
    155.00       1.1063    1517.20 	      SKSdf 
    160.00       0.8993    1522.22 	      SKSdf 
    165.00       0.6821    1526.17 	      SKSdf 
    170.00       0.4580    1529.03 	      SKSdf 
    175.00       0.2300    1530.75 	      SKSdf 
    180.00       0.0000    1531.32 	      SKSdf 
    490.00     490.00 	 SKSdf 	 depth
    105.00       1.9150    1430.44 	      SKSdf 
    110.00       1.9111    1440.00 	      SKSdf 
    115.00       1.9013    1449.54 	      SKSdf 
    120.00       1.8826    1459.00 	      SKSdf 
    125.00       1.8507    1468.34 	      SKSdf 
    130.00       1.7994    1477.48 	      SKSdf 
    135.00       1.7213    1486.29 	      SKSdf 
    140.00       1.6111    1494.63 	      SKSdf 
    145.00       1.4684    1502.35 	      SKSdf 
    150.00       1.2979    1509.27 	      SKSdf 
    155.00       1.1061    1515.29 	      SKSdf 
    160.00       0.8991    1520.31 	      SKSdf 
    165.00       0.6819    1524.26 	      SKSdf 
    170.00       0.4579    1527.12 	      SKSdf 
    175.00       0.2299    1528.84 	      SKSdf 
    180.00       0.0000    1529.41 	      SKSdf 
    500.00     500.00 	 SKSdf 	 depth
    105.00       1.9150    1428.54 	      SKSdf 
    110.00       1.9111    1438.11 	      SKSdf 
    115.00       1.9012    1447.64 	      SKSdf 
    120.00       1.8825    1457.10 	      SKSdf 
    125.00       1.8506    1466.44 	      SKSdf 
    130.00       1.7993    1475.58 	      SKSdf 
    135.00       1.7211    1484.39 	      SKSdf 
    140.00       1.6109    1492.74 	      SKSdf 
    145.00       1.4682    1500.45 	      SKSdf 
    150.00       1.2976    1507.37 	      SKSdf 
    155.00       1.1058    1513.39 	      SKSdf 
    160.00       0.8990    1518.40 	      SKSdf 
    165.00       0.6818    1522.36 	      SKSdf 
    170.00       0.4578    1525.21 	      SKSdf 
    175.00       0.2299    1526.93 	      SKSdf 
    180.00       0.0000    1527.51 	      SKSdf 
    510.00     510.00 	 SKSdf 	 depth
    105.00       1.9150    1426.65 	      SKSdf 
    110.00       1.9111    1436.22 	      SKSdf 
    115.00       1.9012    1445.75 	      SKSdf 
    120.00       1.8825    1455.22 	      SKSdf 
    125.00       1.8505    1464.56 	      SKSdf 
    130.00       1.7991    1473.69 	      SKSdf 
    135.00       1.7210    1482.50 	      SKSdf 
    140.00       1.6107    1490.85 	      SKSdf 
    145.00       1.4679    1498.55 	      SKSdf 
    150.00       1.2974    1505.48 	      SKSdf 
    155.00       1.1056    1511.49 	      SKSdf 
    160.00       0.8988    1516.51 	      SKSdf 
    165.00       0.6816    1520.46 	      SKSdf 
    170.00       0.4577    1523.31 	      SKSdf 
    175.00       0.2298    1525.03 	      SKSdf 
    180.00       0.0000    1525.61 	      SKSdf 
    520.00     520.00 	 SKSdf 	 depth
    105.00       1.9149    1424.77 	      SKSdf 
    110.00       1.9111    1434.34 	      SKSdf 
    115.00       1.9012    1443.87 	      SKSdf 
    120.00       1.8824    1453.34 	      SKSdf 
    125.00       1.8505    1462.68 	      SKSdf 
    130.00       1.7990    1471.81 	      SKSdf 
    135.00       1.7208    1480.62 	      SKSdf 
    140.00       1.6105    1488.96 	      SKSdf 
    145.00       1.4677    1496.67 	      SKSdf 
    150.00       1.2971    1503.59 	      SKSdf 
    155.00       1.1054    1509.61 	      SKSdf 
    160.00       0.8986    1514.62 	      SKSdf 
    165.00       0.6815    1518.58 	      SKSdf 
    170.00       0.4576    1521.43 	      SKSdf 
    175.00       0.2298    1523.15 	      SKSdf 
    180.00       0.0000    1523.72 	      SKSdf 
    530.00     530.00 	 SKSdf 	 depth
    105.00       1.9149    1422.90 	      SKSdf 
    110.00       1.9111    1432.47 	      SKSdf 
    115.00       1.9011    1442.00 	      SKSdf 
    120.00       1.8824    1451.46 	      SKSdf 
    125.00       1.8504    1460.80 	      SKSdf 
    130.00       1.7989    1469.93 	      SKSdf 
    135.00       1.7206    1478.75 	      SKSdf 
    140.00       1.6102    1487.09 	      SKSdf 
    145.00       1.4675    1494.79 	      SKSdf 
    150.00       1.2969    1501.72 	      SKSdf 
    155.00       1.1052    1507.73 	      SKSdf 
    160.00       0.8984    1512.74 	      SKSdf 
    165.00       0.6813    1516.69 	      SKSdf 
    170.00       0.4575    1519.54 	      SKSdf 
    175.00       0.2297    1521.26 	      SKSdf 
    180.00       0.0000    1521.84 	      SKSdf 
    540.00     540.00 	 SKSdf 	 depth
    105.00       1.9149    1421.03 	      SKSdf 
    110.00       1.9111    1430.60 	      SKSdf 
    115.00       1.9011    1440.14 	      SKSdf 
    120.00       1.8823    1449.60 	      SKSdf 
    125.00       1.8503    1458.94 	      SKSdf 
    130.00       1.7988    1468.07 	      SKSdf 
    135.00       1.7205    1476.88 	      SKSdf 
    140.00       1.6100    1485.22 	      SKSdf 
    145.00       1.4672    1492.93 	      SKSdf 
    150.00       1.2967    1499.85 	      SKSdf 
    155.00       1.1049    1505.86 	      SKSdf 
    160.00       0.8982    1510.87 	      SKSdf 
    165.00       0.6811    1514.82 	      SKSdf 
    170.00       0.4574    1517.67 	      SKSdf 
    175.00       0.2297    1519.39 	      SKSdf 
    180.00       0.0000    1519.96 	      SKSdf 
    550.00     550.00 	 SKSdf 	 depth
    105.00       1.9149    1419.18 	      SKSdf 
    110.00       1.9111    1428.74 	      SKSdf 
    115.00       1.9011    1438.28 	      SKSdf 
    120.00       1.8823    1447.74 	      SKSdf 
    125.00       1.8502    1457.08 	      SKSdf 
    130.00       1.7987    1466.21 	      SKSdf 
    135.00       1.7203    1475.02 	      SKSdf 
    140.00       1.6098    1483.36 	      SKSdf 
    145.00       1.4670    1491.06 	      SKSdf 
    150.00       1.2964    1497.98 	      SKSdf 
    155.00       1.1047    1503.99 	      SKSdf 
    160.00       0.8980    1509.00 	      SKSdf 
    165.00       0.6810    1512.96 	      SKSdf 
    170.00       0.4573    1515.80 	      SKSdf 
    175.00       0.2296    1517.52 	      SKSdf 
    180.00       0.0000    1518.10 	      SKSdf 
    560.00     560.00 	 SKSdf 	 depth
    105.00       1.9149    1417.33 	      SKSdf 
    110.00       1.9110    1426.89 	      SKSdf 
    115.00       1.9011    1436.43 	      SKSdf 
    120.00       1.8822    1445.89 	      SKSdf 
    125.00       1.8502    1455.23 	      SKSdf 
    130.00       1.7985    1464.36 	      SKSdf 
    135.00       1.7201    1473.17 	      SKSdf 
    140.00       1.6096    1481.51 	      SKSdf 
    145.00       1.4667    1489.21 	      SKSdf 
    150.00       1.2962    1496.13 	      SKSdf 
    155.00       1.1045    1502.14 	      SKSdf 
    160.00       0.8978    1507.15 	      SKSdf 
    165.00       0.6808    1511.10 	      SKSdf 
    170.00       0.4572    1513.94 	      SKSdf 
    175.00       0.2295    1515.66 	      SKSdf 
    180.00       0.0000    1516.24 	      SKSdf 
    570.00     570.00 	 SKSdf 	 depth
    105.00       1.9149    1415.48 	      SKSdf 
    110.00       1.9110    1425.05 	      SKSdf 
    115.00       1.9010    1434.58 	      SKSdf 
    120.00       1.8822    1444.05 	      SKSdf 
    125.00       1.8501    1453.38 	      SKSdf 
    130.00       1.7984    1462.52 	      SKSdf 
    135.00       1.7200    1471.32 	      SKSdf 
    140.00       1.6094    1479.66 	      SKSdf 
    145.00       1.4665    1487.36 	      SKSdf 
    150.00       1.2959    1494.28 	      SKSdf 
    155.00       1.1042    1500.29 	      SKSdf 
    160.00       0.8976    1505.30 	      SKSdf 
    165.00       0.6807    1509.25 	      SKSdf 
    170.00       0.4571    1512.09 	      SKSdf 
    175.00       0.2295    1513.81 	      SKSdf 
    180.00       0.0000    1514.38 	      SKSdf 
    580.00     580.00 	 SKSdf 	 depth
    105.00       1.9149    1413.65 	      SKSdf 
    110.00       1.9110    1423.22 	      SKSdf 
    115.00       1.9010    1432.75 	      SKSdf 
    120.00       1.8821    1442.21 	      SKSdf 
    125.00       1.8500    1451.55 	      SKSdf 
    130.00       1.7983    1460.68 	      SKSdf 
    135.00       1.7198    1469.49 	      SKSdf 
    140.00       1.6092    1477.82 	      SKSdf 
    145.00       1.4662    1485.52 	      SKSdf 
    150.00       1.2957    1492.44 	      SKSdf 
    155.00       1.1040    1498.45 	      SKSdf 
    160.00       0.8974    1503.45 	      SKSdf 
    165.00       0.6805    1507.40 	      SKSdf 
    170.00       0.4570    1510.25 	      SKSdf 
    175.00       0.2294    1511.97 	      SKSdf 
    180.00       0.0000    1512.54 	      SKSdf 
    590.00     590.00 	 SKSdf 	 depth
    105.00       1.9149    1411.82 	      SKSdf 
    110.00       1.9110    1421.39 	      SKSdf 
    115.00       1.9010    1430.92 	      SKSdf 
    120.00       1.8821    1440.38 	      SKSdf 
    125.00       1.8499    1449.72 	      SKSdf 
    130.00       1.7982    1458.85 	      SKSdf 
    135.00       1.7196    1467.66 	      SKSdf 
    140.00       1.6090    1475.99 	      SKSdf 
    145.00       1.4660    1483.69 	      SKSdf 
    150.00       1.2954    1490.61 	      SKSdf 
    155.00       1.1038    1496.61 	      SKSdf 
    160.00       0.8972    1501.62 	      SKSdf 
    165.00       0.6804    1505.57 	      SKSdf 
    170.00       0.4569    1508.41 	      SKSdf 
    175.00       0.2294    1510.13 	      SKSdf 
    180.00       0.0000    1510.70 	      SKSdf 
    600.00     600.00 	 SKSdf 	 depth
    105.00       1.9149    1410.00 	      SKSdf 
    110.00       1.9110    1419.57 	      SKSdf 
    115.00       1.9010    1429.10 	      SKSdf 
    120.00       1.8820    1438.56 	      SKSdf 
    125.00       1.8498    1447.90 	      SKSdf 
    130.00       1.7981    1457.03 	      SKSdf 
    135.00       1.7194    1465.83 	      SKSdf 
    140.00       1.6087    1474.17 	      SKSdf 
    145.00       1.4657    1481.87 	      SKSdf 
    150.00       1.2952    1488.78 	      SKSdf 
    155.00       1.1035    1494.78 	      SKSdf 
    160.00       0.8970    1499.79 	      SKSdf 
    165.00       0.6802    1503.74 	      SKSdf 
    170.00       0.4568    1506.58 	      SKSdf 
    175.00       0.2293    1508.30 	      SKSdf 
    180.00       0.0000    1508.87 	      SKSdf 
    610.00     610.00 	 SKSdf 	 depth
    105.00       1.9149    1408.19 	      SKSdf 
    110.00       1.9110    1417.75 	      SKSdf 
    115.00       1.9009    1427.29 	      SKSdf 
    120.00       1.8820    1436.75 	      SKSdf 
    125.00       1.8498    1446.08 	      SKSdf 
    130.00       1.7979    1455.21 	      SKSdf 
    135.00       1.7193    1464.02 	      SKSdf 
    140.00       1.6085    1472.35 	      SKSdf 
    145.00       1.4655    1480.05 	      SKSdf 
    150.00       1.2949    1486.96 	      SKSdf 
    155.00       1.1033    1492.96 	      SKSdf 
    160.00       0.8968    1497.97 	      SKSdf 
    165.00       0.6800    1501.91 	      SKSdf 
    170.00       0.4566    1504.76 	      SKSdf 
    175.00       0.2293    1506.47 	      SKSdf 
    180.00       0.0000    1507.05 	      SKSdf 
    620.00     620.00 	 SKSdf 	 depth
    105.00       1.9149    1406.38 	      SKSdf 
    110.00       1.9110    1415.95 	      SKSdf 
    115.00       1.9009    1425.48 	      SKSdf 
    120.00       1.8819    1434.94 	      SKSdf 
    125.00       1.8497    1444.28 	      SKSdf 
    130.00       1.7978    1453.40 	      SKSdf 
    135.00       1.7191    1462.21 	      SKSdf 
    140.00       1.6083    1470.54 	      SKSdf 
    145.00       1.4652    1478.24 	      SKSdf 
    150.00       1.2946    1485.15 	      SKSdf 
    155.00       1.1031    1491.15 	      SKSdf 
    160.00       0.8966    1496.15 	      SKSdf 
    165.00       0.6799    1500.10 	      SKSdf 
    170.00       0.4565    1502.94 	      SKSdf 
    175.00       0.2292    1504.66 	      SKSdf 
    180.00       0.0000    1505.23 	      SKSdf 
    630.00     630.00 	 SKSdf 	 depth
    105.00       1.9149    1404.58 	      SKSdf 
    110.00       1.9109    1414.15 	      SKSdf 
    115.00       1.9009    1423.68 	      SKSdf 
    120.00       1.8819    1433.14 	      SKSdf 
    125.00       1.8496    1442.48 	      SKSdf 
    130.00       1.7977    1451.60 	      SKSdf 
    135.00       1.7189    1460.41 	      SKSdf 
    140.00       1.6081    1468.74 	      SKSdf 
    145.00       1.4650    1476.43 	      SKSdf 
    150.00       1.2944    1483.34 	      SKSdf 
    155.00       1.1028    1489.34 	      SKSdf 
    160.00       0.8963    1494.35 	      SKSdf 
    165.00       0.6797    1498.29 	      SKSdf 
    170.00       0.4564    1501.13 	      SKSdf 
    175.00       0.2291    1502.85 	      SKSdf 
    180.00       0.0000    1503.42 	      SKSdf 
    640.00     640.00 	 SKSdf 	 depth
    105.00       1.9149    1402.79 	      SKSdf 
    110.00       1.9109    1412.35 	      SKSdf 
    115.00       1.9008    1421.89 	      SKSdf 
    120.00       1.8818    1431.35 	      SKSdf 
    125.00       1.8495    1440.68 	      SKSdf 
    130.00       1.7975    1449.81 	      SKSdf 
    135.00       1.7187    1458.61 	      SKSdf 
    140.00       1.6078    1466.94 	      SKSdf 
    145.00       1.4647    1474.64 	      SKSdf 
    150.00       1.2941    1481.54 	      SKSdf 
    155.00       1.1026    1487.54 	      SKSdf 
    160.00       0.8961    1492.55 	      SKSdf 
    165.00       0.6795    1496.49 	      SKSdf 
    170.00       0.4563    1499.33 	      SKSdf 
    175.00       0.2291    1501.04 	      SKSdf 
    180.00       0.0000    1501.62 	      SKSdf 
    650.00     650.00 	 SKSdf 	 depth
    105.00       1.9149    1401.00 	      SKSdf 
    110.00       1.9109    1410.57 	      SKSdf 
    115.00       1.9008    1420.10 	      SKSdf 
    120.00       1.8818    1429.56 	      SKSdf 
    125.00       1.8494    1438.90 	      SKSdf 
    130.00       1.7974    1448.02 	      SKSdf 
    135.00       1.7185    1456.83 	      SKSdf 
    140.00       1.6076    1465.15 	      SKSdf 
    145.00       1.4645    1472.85 	      SKSdf 
    150.00       1.2939    1479.75 	      SKSdf 
    155.00       1.1023    1485.75 	      SKSdf 
    160.00       0.8959    1490.75 	      SKSdf 
    165.00       0.6794    1494.69 	      SKSdf 
    170.00       0.4562    1497.53 	      SKSdf 
    175.00       0.2290    1499.25 	      SKSdf 
    180.00       0.0000    1499.82 	      SKSdf 
    660.00     660.00 	 SKSdf 	 depth
    105.00       1.9149    1399.22 	      SKSdf 
    110.00       1.9109    1408.79 	      SKSdf 
    115.00       1.9008    1418.32 	      SKSdf 
    120.00       1.8817    1427.78 	      SKSdf 
    125.00       1.8493    1437.12 	      SKSdf 
    130.00       1.7973    1446.24 	      SKSdf 
    135.00       1.7184    1455.04 	      SKSdf 
    140.00       1.6074    1463.37 	      SKSdf 
    145.00       1.4642    1471.06 	      SKSdf 
    150.00       1.2936    1477.97 	      SKSdf 
    155.00       1.1021    1483.97 	      SKSdf 
    160.00       0.8957    1488.96 	      SKSdf 
    165.00       0.6792    1492.91 	      SKSdf 
    170.00       0.4561    1495.75 	      SKSdf 
    175.00       0.2290    1497.46 	      SKSdf 
    180.00       0.0000    1498.03 	      SKSdf 
    670.00     670.00 	 SKSdf 	 depth
    105.00       1.9149    1397.56 	      SKSdf 
    110.00       1.9109    1407.12 	      SKSdf 
    115.00       1.9007    1416.65 	      SKSdf 
    120.00       1.8817    1426.12 	      SKSdf 
    125.00       1.8492    1435.45 	      SKSdf 
    130.00       1.7971    1444.58 	      SKSdf 
    135.00       1.7182    1453.38 	      SKSdf 
    140.00       1.6071    1461.70 	      SKSdf 
    145.00       1.4639    1469.39 	      SKSdf 
    150.00       1.2933    1476.30 	      SKSdf 
    155.00       1.1018    1482.29 	      SKSdf 
    160.00       0.8955    1487.29 	      SKSdf 
    165.00       0.6790    1491.23 	      SKSdf 
    170.00       0.4559    1494.07 	      SKSdf 
    175.00       0.2289    1495.78 	      SKSdf 
    180.00       0.0000    1496.36 	      SKSdf 
    680.00     680.00 	 SKSdf 	 depth
    105.00       1.9149    1395.90 	      SKSdf 
    110.00       1.9109    1405.46 	      SKSdf 
    115.00       1.9007    1415.00 	      SKSdf 
    120.00       1.8816    1424.46 	      SKSdf 
    125.00       1.8492    1433.79 	      SKSdf 
    130.00       1.7970    1442.92 	      SKSdf 
    135.00       1.7180    1451.72 	      SKSdf 
    140.00       1.6069    1460.04 	      SKSdf 
    145.00       1.4636    1467.73 	      SKSdf 
    150.00       1.2930    1474.63 	      SKSdf 
    155.00       1.1015    1480.63 	      SKSdf 
    160.00       0.8952    1485.62 	      SKSdf 
    165.00       0.6788    1489.56 	      SKSdf 
    170.00       0.4558    1492.40 	      SKSdf 
    175.00       0.2288    1494.11 	      SKSdf 
    180.00       0.0000    1494.69 	      SKSdf 
    690.00     690.00 	 SKSdf 	 depth
    105.00       1.9149    1394.25 	      SKSdf 
    110.00       1.9109    1403.81 	      SKSdf 
    115.00       1.9007    1413.34 	      SKSdf 
    120.00       1.8816    1422.80 	      SKSdf 
    125.00       1.8491    1432.14 	      SKSdf 
    130.00       1.7969    1441.26 	      SKSdf 
    135.00       1.7178    1450.06 	      SKSdf 
    140.00       1.6066    1458.39 	      SKSdf 
    145.00       1.4634    1466.07 	      SKSdf 
    150.00       1.2927    1472.97 	      SKSdf 
    155.00       1.1013    1478.97 	      SKSdf 
    160.00       0.8950    1483.96 	      SKSdf 
    165.00       0.6787    1487.90 	      SKSdf 
    170.00       0.4557    1490.74 	      SKSdf 
    175.00       0.2288    1492.45 	      SKSdf 
    180.00       0.0000    1493.02 	      SKSdf 
    700.00     700.00 	 SKSdf 	 depth
    105.00       1.9149    1392.60 	      SKSdf 
    110.00       1.9108    1402.17 	      SKSdf 
    115.00       1.9006    1411.70 	      SKSdf 
    120.00       1.8815    1421.16 	      SKSdf 
    125.00       1.8490    1430.49 	      SKSdf 
    130.00       1.7967    1439.62 	      SKSdf 
    135.00       1.7176    1448.42 	      SKSdf 
    140.00       1.6064    1456.74 	      SKSdf 
    145.00       1.4631    1464.43 	      SKSdf 
    150.00       1.2924    1471.32 	      SKSdf 
    155.00       1.1010    1477.32 	      SKSdf 
    160.00       0.8948    1482.31 	      SKSdf 
    165.00       0.6785    1486.25 	      SKSdf 
    170.00       0.4556    1489.08 	      SKSdf 
    175.00       0.2287    1490.80 	      SKSdf 
    180.00       0.0000    1491.37 	      SKSdf 
