      0.00       0.00 	 PKPcd 	 depth
     20.00       0.4435     999.05 	      PKiKP 
     25.00       0.5515    1001.54 	      PKiKP 
     30.00       0.6576    1004.57 	      PKiKP 
     35.00       0.7615    1008.11 	      PKiKP 
     40.00       0.8629    1012.18 	      PKiKP 
     45.00       0.9615    1016.74 	      PKiKP 
     50.00       1.0569    1021.79 	      PKiKP 
     55.00       1.1489    1027.30 	      PKiKP 
     60.00       1.2373    1033.27 	      PKiKP 
     65.00       1.3218    1039.67 	      PKiKP 
     70.00       1.4024    1046.48 	      PKiKP 
     75.00       1.4787    1053.68 	      PKiKP 
     80.00       1.5507    1061.26 	      PKiKP 
     85.00       1.6182    1069.18 	      PKiKP 
     90.00       1.6811    1077.43 	      PKiKP 
     95.00       1.7394    1085.99 	      PKiKP 
    100.00       1.7930    1094.82 	      PKiKP 
    105.00       1.8418    1103.91 	      PKiKP 
    110.00       1.8858    1113.23 	      PKiKP 
    115.00       1.9251    1122.76 	      PKiKP 
    120.00       1.9595    1132.47 	      PKiKP 
    125.00       1.9892    1142.35 	      PKiKP 
    130.00       2.0142    1152.36 	      PKiKP 
    135.00       2.0345    1162.48 	      PKiKP 
    140.00       2.0503    1172.70 	      PKiKP 
    145.00       2.0615    1182.98 	      PKiKP 
    150.00       2.0683    1193.30 	      PKiKP 
    155.00       2.0708    1203.65 	      PKiKP 
     10.00      10.00 	 PKPcd 	 depth
     20.00       0.4435     997.33 	      PKiKP 
     25.00       0.5516     999.82 	      PKiKP 
     30.00       0.6577    1002.84 	      PKiKP 
     35.00       0.7616    1006.39 	      PKiKP 
     40.00       0.8630    1010.45 	      PKiKP 
     45.00       0.9615    1015.02 	      PKiKP 
     50.00       1.0570    1020.06 	      PKiKP 
     55.00       1.1490    1025.58 	      PKiKP 
     60.00       1.2374    1031.55 	      PKiKP 
     65.00       1.3219    1037.95 	      PKiKP 
     70.00       1.4025    1044.76 	      PKiKP 
     75.00       1.4788    1051.97 	      PKiKP 
     80.00       1.5508    1059.54 	      PKiKP 
     85.00       1.6183    1067.47 	      PKiKP 
     90.00       1.6812    1075.72 	      PKiKP 
     95.00       1.7395    1084.27 	      PKiKP 
    100.00       1.7931    1093.10 	      PKiKP 
    105.00       1.8419    1102.19 	      PKiKP 
    110.00       1.8859    1111.52 	      PKiKP 
    115.00       1.9251    1121.04 	      PKiKP 
    120.00       1.9596    1130.76 	      PKiKP 
    125.00       1.9893    1140.63 	      PKiKP 
    130.00       2.0143    1150.64 	      PKiKP 
    135.00       2.0346    1160.77 	      PKiKP 
    140.00       2.0503    1170.98 	      PKiKP 
    145.00       2.0615    1181.26 	      PKiKP 
    150.00       2.0683    1191.59 	      PKiKP 
    155.00       2.0708    1201.94 	      PKiKP 
     20.00      20.00 	 PKPcd 	 depth
     20.00       0.4436     995.61 	      PKiKP 
     25.00       0.5516     998.09 	      PKiKP 
     30.00       0.6578    1001.12 	      PKiKP 
     35.00       0.7617    1004.67 	      PKiKP 
     40.00       0.8631    1008.73 	      PKiKP 
     45.00       0.9616    1013.29 	      PKiKP 
     50.00       1.0571    1018.34 	      PKiKP 
     55.00       1.1491    1023.86 	      PKiKP 
     60.00       1.2375    1029.83 	      PKiKP 
     65.00       1.3221    1036.23 	      PKiKP 
     70.00       1.4026    1043.04 	      PKiKP 
     75.00       1.4789    1050.25 	      PKiKP 
     80.00       1.5509    1057.82 	      PKiKP 
     85.00       1.6184    1065.75 	      PKiKP 
     90.00       1.6813    1074.00 	      PKiKP 
     95.00       1.7396    1082.55 	      PKiKP 
    100.00       1.7932    1091.39 	      PKiKP 
    105.00       1.8420    1100.48 	      PKiKP 
    110.00       1.8860    1109.80 	      PKiKP 
    115.00       1.9252    1119.33 	      PKiKP 
    120.00       1.9596    1129.04 	      PKiKP 
    125.00       1.9893    1138.92 	      PKiKP 
    130.00       2.0143    1148.93 	      PKiKP 
    135.00       2.0346    1159.05 	      PKiKP 
    140.00       2.0503    1169.27 	      PKiKP 
    145.00       2.0616    1179.55 	      PKiKP 
    150.00       2.0684    1189.88 	      PKiKP 
    155.00       2.0708    1200.23 	      PKiKP 
     30.00      30.00 	 PKPcd 	 depth
     20.00       0.4436     994.07 	      PKiKP 
     25.00       0.5517     996.56 	      PKiKP 
     30.00       0.6578     999.58 	      PKiKP 
     35.00       0.7618    1003.13 	      PKiKP 
     40.00       0.8632    1007.20 	      PKiKP 
     45.00       0.9617    1011.76 	      PKiKP 
     50.00       1.0572    1016.81 	      PKiKP 
     55.00       1.1492    1022.32 	      PKiKP 
     60.00       1.2376    1028.29 	      PKiKP 
     65.00       1.3222    1034.69 	      PKiKP 
     70.00       1.4027    1041.51 	      PKiKP 
     75.00       1.4790    1048.71 	      PKiKP 
     80.00       1.5510    1056.29 	      PKiKP 
     85.00       1.6185    1064.22 	      PKiKP 
     90.00       1.6814    1072.47 	      PKiKP 
     95.00       1.7397    1081.02 	      PKiKP 
    100.00       1.7933    1089.86 	      PKiKP 
    105.00       1.8421    1098.95 	      PKiKP 
    110.00       1.8861    1108.27 	      PKiKP 
    115.00       1.9253    1117.80 	      PKiKP 
    120.00       1.9597    1127.52 	      PKiKP 
    125.00       1.9894    1137.39 	      PKiKP 
    130.00       2.0144    1147.40 	      PKiKP 
    135.00       2.0347    1157.53 	      PKiKP 
    140.00       2.0504    1167.74 	      PKiKP 
    145.00       2.0616    1178.02 	      PKiKP 
    150.00       2.0684    1188.35 	      PKiKP 
    155.00       2.0708    1198.70 	      PKiKP 
     40.00      40.00 	 PKPcd 	 depth
     20.00       0.4437     992.68 	      PKiKP 
     25.00       0.5517     995.17 	      PKiKP 
     30.00       0.6579     998.19 	      PKiKP 
     35.00       0.7619    1001.74 	      PKiKP 
     40.00       0.8633    1005.81 	      PKiKP 
     45.00       0.9618    1010.37 	      PKiKP 
     50.00       1.0573    1015.42 	      PKiKP 
     55.00       1.1493    1020.94 	      PKiKP 
     60.00       1.2377    1026.91 	      PKiKP 
     65.00       1.3223    1033.31 	      PKiKP 
     70.00       1.4028    1040.12 	      PKiKP 
     75.00       1.4792    1047.33 	      PKiKP 
     80.00       1.5511    1054.91 	      PKiKP 
     85.00       1.6186    1062.83 	      PKiKP 
     90.00       1.6816    1071.09 	      PKiKP 
     95.00       1.7398    1079.64 	      PKiKP 
    100.00       1.7934    1088.48 	      PKiKP 
    105.00       1.8422    1097.57 	      PKiKP 
    110.00       1.8862    1106.89 	      PKiKP 
    115.00       1.9254    1116.42 	      PKiKP 
    120.00       1.9598    1126.14 	      PKiKP 
    125.00       1.9895    1136.01 	      PKiKP 
    130.00       2.0144    1146.02 	      PKiKP 
    135.00       2.0347    1156.15 	      PKiKP 
    140.00       2.0504    1166.36 	      PKiKP 
    145.00       2.0616    1176.64 	      PKiKP 
    150.00       2.0684    1186.97 	      PKiKP 
    155.00       2.0708    1197.32 	      PKiKP 
     50.00      50.00 	 PKPcd 	 depth
     20.00       0.4438     991.43 	      PKiKP 
     25.00       0.5518     993.92 	      PKiKP 
     30.00       0.6580     996.95 	      PKiKP 
     35.00       0.7620    1000.50 	      PKiKP 
     40.00       0.8634    1004.57 	      PKiKP 
     45.00       0.9620    1009.13 	      PKiKP 
     50.00       1.0574    1014.18 	      PKiKP 
     55.00       1.1495    1019.70 	      PKiKP 
     60.00       1.2379    1025.67 	      PKiKP 
     65.00       1.3224    1032.07 	      PKiKP 
     70.00       1.4030    1038.89 	      PKiKP 
     75.00       1.4793    1046.09 	      PKiKP 
     80.00       1.5513    1053.67 	      PKiKP 
     85.00       1.6188    1061.60 	      PKiKP 
     90.00       1.6817    1069.85 	      PKiKP 
     95.00       1.7400    1078.41 	      PKiKP 
    100.00       1.7935    1087.24 	      PKiKP 
    105.00       1.8423    1096.33 	      PKiKP 
    110.00       1.8863    1105.66 	      PKiKP 
    115.00       1.9255    1115.19 	      PKiKP 
    120.00       1.9599    1124.90 	      PKiKP 
    125.00       1.9895    1134.78 	      PKiKP 
    130.00       2.0145    1144.79 	      PKiKP 
    135.00       2.0347    1154.92 	      PKiKP 
    140.00       2.0504    1165.13 	      PKiKP 
    145.00       2.0616    1175.41 	      PKiKP 
    150.00       2.0684    1185.74 	      PKiKP 
    155.00       2.0708    1196.09 	      PKiKP 
     60.00      60.00 	 PKPcd 	 depth
     20.00       0.4438     990.19 	      PKiKP 
     25.00       0.5519     992.68 	      PKiKP 
     30.00       0.6581     995.71 	      PKiKP 
     35.00       0.7621     999.26 	      PKiKP 
     40.00       0.8635    1003.32 	      PKiKP 
     45.00       0.9621    1007.89 	      PKiKP 
     50.00       1.0575    1012.94 	      PKiKP 
     55.00       1.1496    1018.46 	      PKiKP 
     60.00       1.2380    1024.43 	      PKiKP 
     65.00       1.3226    1030.83 	      PKiKP 
     70.00       1.4031    1037.65 	      PKiKP 
     75.00       1.4794    1044.86 	      PKiKP 
     80.00       1.5514    1052.44 	      PKiKP 
     85.00       1.6189    1060.36 	      PKiKP 
     90.00       1.6818    1068.62 	      PKiKP 
     95.00       1.7401    1077.17 	      PKiKP 
    100.00       1.7936    1086.01 	      PKiKP 
    105.00       1.8424    1095.10 	      PKiKP 
    110.00       1.8864    1104.43 	      PKiKP 
    115.00       1.9256    1113.96 	      PKiKP 
    120.00       1.9600    1123.67 	      PKiKP 
    125.00       1.9896    1133.55 	      PKiKP 
    130.00       2.0145    1143.56 	      PKiKP 
    135.00       2.0348    1153.69 	      PKiKP 
    140.00       2.0505    1163.90 	      PKiKP 
    145.00       2.0616    1174.18 	      PKiKP 
    150.00       2.0684    1184.51 	      PKiKP 
    155.00       2.0708    1194.86 	      PKiKP 
     70.00      70.00 	 PKPcd 	 depth
     20.00       0.4439     988.95 	      PKiKP 
     25.00       0.5520     991.44 	      PKiKP 
     30.00       0.6582     994.47 	      PKiKP 
     35.00       0.7622     998.02 	      PKiKP 
     40.00       0.8636    1002.08 	      PKiKP 
     45.00       0.9622    1006.65 	      PKiKP 
     50.00       1.0577    1011.70 	      PKiKP 
     55.00       1.1497    1017.22 	      PKiKP 
     60.00       1.2382    1023.19 	      PKiKP 
     65.00       1.3227    1029.60 	      PKiKP 
     70.00       1.4033    1036.41 	      PKiKP 
     75.00       1.4796    1043.62 	      PKiKP 
     80.00       1.5516    1051.20 	      PKiKP 
     85.00       1.6191    1059.13 	      PKiKP 
     90.00       1.6820    1067.38 	      PKiKP 
     95.00       1.7402    1075.94 	      PKiKP 
    100.00       1.7937    1084.78 	      PKiKP 
    105.00       1.8425    1093.87 	      PKiKP 
    110.00       1.8865    1103.20 	      PKiKP 
    115.00       1.9257    1112.73 	      PKiKP 
    120.00       1.9600    1122.44 	      PKiKP 
    125.00       1.9897    1132.32 	      PKiKP 
    130.00       2.0146    1142.33 	      PKiKP 
    135.00       2.0348    1152.46 	      PKiKP 
    140.00       2.0505    1162.67 	      PKiKP 
    145.00       2.0617    1172.96 	      PKiKP 
    150.00       2.0684    1183.28 	      PKiKP 
    155.00       2.0708    1193.63 	      PKiKP 
     80.00      80.00 	 PKPcd 	 depth
     20.00       0.4439     987.71 	      PKiKP 
     25.00       0.5521     990.20 	      PKiKP 
     30.00       0.6583     993.22 	      PKiKP 
     35.00       0.7623     996.78 	      PKiKP 
     40.00       0.8637    1000.84 	      PKiKP 
     45.00       0.9623    1005.41 	      PKiKP 
     50.00       1.0578    1010.46 	      PKiKP 
     55.00       1.1499    1015.98 	      PKiKP 
     60.00       1.2383    1021.95 	      PKiKP 
     65.00       1.3229    1028.36 	      PKiKP 
     70.00       1.4034    1035.18 	      PKiKP 
     75.00       1.4797    1042.39 	      PKiKP 
     80.00       1.5517    1049.97 	      PKiKP 
     85.00       1.6192    1057.90 	      PKiKP 
     90.00       1.6821    1066.15 	      PKiKP 
     95.00       1.7403    1074.71 	      PKiKP 
    100.00       1.7939    1083.55 	      PKiKP 
    105.00       1.8426    1092.64 	      PKiKP 
    110.00       1.8866    1101.96 	      PKiKP 
    115.00       1.9257    1111.50 	      PKiKP 
    120.00       1.9601    1121.21 	      PKiKP 
    125.00       1.9897    1131.09 	      PKiKP 
    130.00       2.0147    1141.10 	      PKiKP 
    135.00       2.0349    1151.23 	      PKiKP 
    140.00       2.0505    1161.44 	      PKiKP 
    145.00       2.0617    1171.73 	      PKiKP 
    150.00       2.0684    1182.05 	      PKiKP 
    155.00       2.0708    1192.40 	      PKiKP 
     90.00      90.00 	 PKPcd 	 depth
     20.00       0.4440     986.46 	      PKiKP 
     25.00       0.5521     988.96 	      PKiKP 
     30.00       0.6584     991.98 	      PKiKP 
     35.00       0.7624     995.54 	      PKiKP 
     40.00       0.8639     999.60 	      PKiKP 
     45.00       0.9625    1004.17 	      PKiKP 
     50.00       1.0579    1009.22 	      PKiKP 
     55.00       1.1500    1014.74 	      PKiKP 
     60.00       1.2384    1020.72 	      PKiKP 
     65.00       1.3230    1027.12 	      PKiKP 
     70.00       1.4036    1033.94 	      PKiKP 
     75.00       1.4799    1041.15 	      PKiKP 
     80.00       1.5519    1048.73 	      PKiKP 
     85.00       1.6193    1056.66 	      PKiKP 
     90.00       1.6822    1064.92 	      PKiKP 
     95.00       1.7405    1073.48 	      PKiKP 
    100.00       1.7940    1082.31 	      PKiKP 
    105.00       1.8427    1091.41 	      PKiKP 
    110.00       1.8867    1100.73 	      PKiKP 
    115.00       1.9258    1110.27 	      PKiKP 
    120.00       1.9602    1119.98 	      PKiKP 
    125.00       1.9898    1129.86 	      PKiKP 
    130.00       2.0147    1139.87 	      PKiKP 
    135.00       2.0349    1150.00 	      PKiKP 
    140.00       2.0506    1160.22 	      PKiKP 
    145.00       2.0617    1170.50 	      PKiKP 
    150.00       2.0684    1180.83 	      PKiKP 
    155.00       2.0708    1191.18 	      PKiKP 
    100.00     100.00 	 PKPcd 	 depth
     20.00       0.4441     985.22 	      PKiKP 
     25.00       0.5522     987.71 	      PKiKP 
     30.00       0.6585     990.74 	      PKiKP 
     35.00       0.7625     994.30 	      PKiKP 
     40.00       0.8640     998.36 	      PKiKP 
     45.00       0.9626    1002.93 	      PKiKP 
     50.00       1.0581    1007.98 	      PKiKP 
     55.00       1.1501    1013.51 	      PKiKP 
     60.00       1.2386    1019.48 	      PKiKP 
     65.00       1.3232    1025.88 	      PKiKP 
     70.00       1.4037    1032.70 	      PKiKP 
     75.00       1.4800    1039.91 	      PKiKP 
     80.00       1.5520    1047.50 	      PKiKP 
     85.00       1.6195    1055.43 	      PKiKP 
     90.00       1.6824    1063.68 	      PKiKP 
     95.00       1.7406    1072.24 	      PKiKP 
    100.00       1.7941    1081.08 	      PKiKP 
    105.00       1.8429    1090.18 	      PKiKP 
    110.00       1.8868    1099.50 	      PKiKP 
    115.00       1.9259    1109.04 	      PKiKP 
    120.00       1.9603    1118.75 	      PKiKP 
    125.00       1.9899    1128.63 	      PKiKP 
    130.00       2.0148    1138.65 	      PKiKP 
    135.00       2.0350    1148.77 	      PKiKP 
    140.00       2.0506    1158.99 	      PKiKP 
    145.00       2.0617    1169.27 	      PKiKP 
    150.00       2.0684    1179.60 	      PKiKP 
    155.00       2.0708    1189.95 	      PKiKP 
    110.00     110.00 	 PKPcd 	 depth
     20.00       0.4441     983.98 	      PKiKP 
     25.00       0.5523     986.47 	      PKiKP 
     30.00       0.6586     989.50 	      PKiKP 
     35.00       0.7626     993.05 	      PKiKP 
     40.00       0.8641     997.12 	      PKiKP 
     45.00       0.9627    1001.69 	      PKiKP 
     50.00       1.0582    1006.74 	      PKiKP 
     55.00       1.1503    1012.27 	      PKiKP 
     60.00       1.2387    1018.24 	      PKiKP 
     65.00       1.3233    1024.65 	      PKiKP 
     70.00       1.4039    1031.47 	      PKiKP 
     75.00       1.4802    1038.68 	      PKiKP 
     80.00       1.5521    1046.26 	      PKiKP 
     85.00       1.6196    1054.19 	      PKiKP 
     90.00       1.6825    1062.45 	      PKiKP 
     95.00       1.7407    1071.01 	      PKiKP 
    100.00       1.7942    1079.85 	      PKiKP 
    105.00       1.8430    1088.95 	      PKiKP 
    110.00       1.8869    1098.27 	      PKiKP 
    115.00       1.9260    1107.81 	      PKiKP 
    120.00       1.9604    1117.52 	      PKiKP 
    125.00       1.9900    1127.40 	      PKiKP 
    130.00       2.0148    1137.42 	      PKiKP 
    135.00       2.0350    1147.54 	      PKiKP 
    140.00       2.0507    1157.76 	      PKiKP 
    145.00       2.0618    1168.04 	      PKiKP 
    150.00       2.0685    1178.37 	      PKiKP 
    155.00       2.0708    1188.72 	      PKiKP 
    120.00     120.00 	 PKPcd 	 depth
     20.00       0.4442     982.74 	      PKiKP 
     25.00       0.5524     985.23 	      PKiKP 
     30.00       0.6587     988.26 	      PKiKP 
     35.00       0.7627     991.81 	      PKiKP 
     40.00       0.8642     995.88 	      PKiKP 
     45.00       0.9628    1000.45 	      PKiKP 
     50.00       1.0583    1005.51 	      PKiKP 
     55.00       1.1504    1011.03 	      PKiKP 
     60.00       1.2389    1017.00 	      PKiKP 
     65.00       1.3235    1023.41 	      PKiKP 
     70.00       1.4040    1030.23 	      PKiKP 
     75.00       1.4803    1037.44 	      PKiKP 
     80.00       1.5523    1045.03 	      PKiKP 
     85.00       1.6198    1052.96 	      PKiKP 
     90.00       1.6827    1061.22 	      PKiKP 
     95.00       1.7409    1069.78 	      PKiKP 
    100.00       1.7944    1078.62 	      PKiKP 
    105.00       1.8431    1087.71 	      PKiKP 
    110.00       1.8870    1097.04 	      PKiKP 
    115.00       1.9261    1106.58 	      PKiKP 
    120.00       1.9605    1116.29 	      PKiKP 
    125.00       1.9900    1126.17 	      PKiKP 
    130.00       2.0149    1136.19 	      PKiKP 
    135.00       2.0351    1146.31 	      PKiKP 
    140.00       2.0507    1156.53 	      PKiKP 
    145.00       2.0618    1166.81 	      PKiKP 
    150.00       2.0685    1177.14 	      PKiKP 
    155.00       2.0708    1187.49 	      PKiKP 
    130.00     130.00 	 PKPcd 	 depth
     20.00       0.4443     981.50 	      PKiKP 
     25.00       0.5525     983.99 	      PKiKP 
     30.00       0.6587     987.02 	      PKiKP 
     35.00       0.7628     990.58 	      PKiKP 
     40.00       0.8643     994.64 	      PKiKP 
     45.00       0.9630     999.21 	      PKiKP 
     50.00       1.0585    1004.27 	      PKiKP 
     55.00       1.1506    1009.79 	      PKiKP 
     60.00       1.2390    1015.77 	      PKiKP 
     65.00       1.3236    1022.18 	      PKiKP 
     70.00       1.4042    1029.00 	      PKiKP 
     75.00       1.4805    1036.21 	      PKiKP 
     80.00       1.5524    1043.80 	      PKiKP 
     85.00       1.6199    1051.73 	      PKiKP 
     90.00       1.6828    1059.99 	      PKiKP 
     95.00       1.7410    1068.55 	      PKiKP 
    100.00       1.7945    1077.39 	      PKiKP 
    105.00       1.8432    1086.49 	      PKiKP 
    110.00       1.8871    1095.81 	      PKiKP 
    115.00       1.9262    1105.35 	      PKiKP 
    120.00       1.9606    1115.07 	      PKiKP 
    125.00       1.9901    1124.95 	      PKiKP 
    130.00       2.0150    1134.96 	      PKiKP 
    135.00       2.0351    1145.09 	      PKiKP 
    140.00       2.0507    1155.31 	      PKiKP 
    145.00       2.0618    1165.59 	      PKiKP 
    150.00       2.0685    1175.92 	      PKiKP 
    155.00       2.0708    1186.27 	      PKiKP 
    140.00     140.00 	 PKPcd 	 depth
     20.00       0.4443     980.26 	      PKiKP 
     25.00       0.5525     982.76 	      PKiKP 
     30.00       0.6588     985.79 	      PKiKP 
     35.00       0.7629     989.34 	      PKiKP 
     40.00       0.8644     993.41 	      PKiKP 
     45.00       0.9631     997.98 	      PKiKP 
     50.00       1.0586    1003.04 	      PKiKP 
     55.00       1.1507    1008.56 	      PKiKP 
     60.00       1.2392    1014.54 	      PKiKP 
     65.00       1.3238    1020.95 	      PKiKP 
     70.00       1.4043    1027.77 	      PKiKP 
     75.00       1.4806    1034.98 	      PKiKP 
     80.00       1.5526    1042.57 	      PKiKP 
     85.00       1.6201    1050.50 	      PKiKP 
     90.00       1.6829    1058.76 	      PKiKP 
     95.00       1.7411    1067.32 	      PKiKP 
    100.00       1.7946    1076.17 	      PKiKP 
    105.00       1.8433    1085.26 	      PKiKP 
    110.00       1.8872    1094.59 	      PKiKP 
    115.00       1.9263    1104.13 	      PKiKP 
    120.00       1.9606    1113.85 	      PKiKP 
    125.00       1.9902    1123.72 	      PKiKP 
    130.00       2.0150    1133.74 	      PKiKP 
    135.00       2.0352    1143.87 	      PKiKP 
    140.00       2.0508    1154.08 	      PKiKP 
    145.00       2.0618    1164.37 	      PKiKP 
    150.00       2.0685    1174.69 	      PKiKP 
    155.00       2.0708    1185.05 	      PKiKP 
    150.00     150.00 	 PKPcd 	 depth
     20.00       0.4444     979.03 	      PKiKP 
     25.00       0.5526     981.53 	      PKiKP 
     30.00       0.6589     984.56 	      PKiKP 
     35.00       0.7630     988.11 	      PKiKP 
     40.00       0.8646     992.18 	      PKiKP 
     45.00       0.9632     996.75 	      PKiKP 
     50.00       1.0587    1001.81 	      PKiKP 
     55.00       1.1509    1007.34 	      PKiKP 
     60.00       1.2393    1013.31 	      PKiKP 
     65.00       1.3239    1019.72 	      PKiKP 
     70.00       1.4045    1026.54 	      PKiKP 
     75.00       1.4808    1033.76 	      PKiKP 
     80.00       1.5527    1041.35 	      PKiKP 
     85.00       1.6202    1049.28 	      PKiKP 
     90.00       1.6831    1057.54 	      PKiKP 
     95.00       1.7413    1066.10 	      PKiKP 
    100.00       1.7947    1074.94 	      PKiKP 
    105.00       1.8434    1084.04 	      PKiKP 
    110.00       1.8873    1093.37 	      PKiKP 
    115.00       1.9264    1102.91 	      PKiKP 
    120.00       1.9607    1112.63 	      PKiKP 
    125.00       1.9903    1122.51 	      PKiKP 
    130.00       2.0151    1132.52 	      PKiKP 
    135.00       2.0352    1142.65 	      PKiKP 
    140.00       2.0508    1152.87 	      PKiKP 
    145.00       2.0619    1163.15 	      PKiKP 
    150.00       2.0685    1173.48 	      PKiKP 
    155.00       2.0708    1183.83 	      PKiKP 
    160.00     160.00 	 PKPcd 	 depth
     20.00       0.4445     977.81 	      PKiKP 
     25.00       0.5527     980.30 	      PKiKP 
     30.00       0.6590     983.33 	      PKiKP 
     35.00       0.7631     986.89 	      PKiKP 
     40.00       0.8647     990.96 	      PKiKP 
     45.00       0.9634     995.53 	      PKiKP 
     50.00       1.0589    1000.59 	      PKiKP 
     55.00       1.1510    1006.11 	      PKiKP 
     60.00       1.2395    1012.09 	      PKiKP 
     65.00       1.3241    1018.50 	      PKiKP 
     70.00       1.4046    1025.32 	      PKiKP 
     75.00       1.4809    1032.54 	      PKiKP 
     80.00       1.5529    1040.13 	      PKiKP 
     85.00       1.6204    1048.06 	      PKiKP 
     90.00       1.6832    1056.32 	      PKiKP 
     95.00       1.7414    1064.89 	      PKiKP 
    100.00       1.7949    1073.73 	      PKiKP 
    105.00       1.8436    1082.83 	      PKiKP 
    110.00       1.8874    1092.16 	      PKiKP 
    115.00       1.9265    1101.69 	      PKiKP 
    120.00       1.9608    1111.41 	      PKiKP 
    125.00       1.9903    1121.29 	      PKiKP 
    130.00       2.0151    1131.31 	      PKiKP 
    135.00       2.0353    1141.44 	      PKiKP 
    140.00       2.0508    1151.65 	      PKiKP 
    145.00       2.0619    1161.94 	      PKiKP 
    150.00       2.0685    1172.27 	      PKiKP 
    155.00       2.0709    1182.62 	      PKiKP 
    170.00     170.00 	 PKPcd 	 depth
     20.00       0.4445     976.58 	      PKiKP 
     25.00       0.5528     979.08 	      PKiKP 
     30.00       0.6591     982.11 	      PKiKP 
     35.00       0.7632     985.67 	      PKiKP 
     40.00       0.8648     989.74 	      PKiKP 
     45.00       0.9635     994.31 	      PKiKP 
     50.00       1.0590     999.37 	      PKiKP 
     55.00       1.1511    1004.89 	      PKiKP 
     60.00       1.2396    1010.87 	      PKiKP 
     65.00       1.3242    1017.28 	      PKiKP 
     70.00       1.4048    1024.11 	      PKiKP 
     75.00       1.4811    1031.32 	      PKiKP 
     80.00       1.5530    1038.91 	      PKiKP 
     85.00       1.6205    1046.85 	      PKiKP 
     90.00       1.6834    1055.11 	      PKiKP 
     95.00       1.7416    1063.67 	      PKiKP 
    100.00       1.7950    1072.52 	      PKiKP 
    105.00       1.8437    1081.61 	      PKiKP 
    110.00       1.8876    1090.94 	      PKiKP 
    115.00       1.9266    1100.48 	      PKiKP 
    120.00       1.9609    1110.20 	      PKiKP 
    125.00       1.9904    1120.08 	      PKiKP 
    130.00       2.0152    1130.10 	      PKiKP 
    135.00       2.0353    1140.23 	      PKiKP 
    140.00       2.0509    1150.45 	      PKiKP 
    145.00       2.0619    1160.73 	      PKiKP 
    150.00       2.0685    1171.06 	      PKiKP 
    155.00       2.0709    1181.41 	      PKiKP 
    180.00     180.00 	 PKPcd 	 depth
     20.00       0.4446     975.37 	      PKiKP 
     25.00       0.5529     977.86 	      PKiKP 
     30.00       0.6592     980.89 	      PKiKP 
     35.00       0.7634     984.45 	      PKiKP 
     40.00       0.8649     988.52 	      PKiKP 
     45.00       0.9636     993.09 	      PKiKP 
     50.00       1.0592     998.15 	      PKiKP 
     55.00       1.1513    1003.68 	      PKiKP 
     60.00       1.2398    1009.66 	      PKiKP 
     65.00       1.3244    1016.07 	      PKiKP 
     70.00       1.4049    1022.90 	      PKiKP 
     75.00       1.4813    1030.11 	      PKiKP 
     80.00       1.5532    1037.70 	      PKiKP 
     85.00       1.6207    1045.64 	      PKiKP 
     90.00       1.6835    1053.90 	      PKiKP 
     95.00       1.7417    1062.46 	      PKiKP 
    100.00       1.7951    1071.31 	      PKiKP 
    105.00       1.8438    1080.41 	      PKiKP 
    110.00       1.8877    1089.74 	      PKiKP 
    115.00       1.9267    1099.28 	      PKiKP 
    120.00       1.9610    1109.00 	      PKiKP 
    125.00       1.9905    1118.88 	      PKiKP 
    130.00       2.0153    1128.89 	      PKiKP 
    135.00       2.0354    1139.02 	      PKiKP 
    140.00       2.0509    1149.24 	      PKiKP 
    145.00       2.0619    1159.53 	      PKiKP 
    150.00       2.0686    1169.85 	      PKiKP 
    155.00       2.0709    1180.20 	      PKiKP 
    190.00     190.00 	 PKPcd 	 depth
     20.00       0.4447     974.15 	      PKiKP 
     25.00       0.5529     976.65 	      PKiKP 
     30.00       0.6593     979.68 	      PKiKP 
     35.00       0.7635     983.24 	      PKiKP 
     40.00       0.8650     987.31 	      PKiKP 
     45.00       0.9638     991.88 	      PKiKP 
     50.00       1.0593     996.94 	      PKiKP 
     55.00       1.1514    1002.47 	      PKiKP 
     60.00       1.2399    1008.45 	      PKiKP 
     65.00       1.3245    1014.86 	      PKiKP 
     70.00       1.4051    1021.69 	      PKiKP 
     75.00       1.4814    1028.91 	      PKiKP 
     80.00       1.5534    1036.49 	      PKiKP 
     85.00       1.6208    1044.43 	      PKiKP 
     90.00       1.6837    1052.69 	      PKiKP 
     95.00       1.7418    1061.26 	      PKiKP 
    100.00       1.7953    1070.10 	      PKiKP 
    105.00       1.8439    1079.20 	      PKiKP 
    110.00       1.8878    1088.54 	      PKiKP 
    115.00       1.9268    1098.07 	      PKiKP 
    120.00       1.9611    1107.80 	      PKiKP 
    125.00       1.9906    1117.68 	      PKiKP 
    130.00       2.0153    1127.69 	      PKiKP 
    135.00       2.0354    1137.82 	      PKiKP 
    140.00       2.0510    1148.04 	      PKiKP 
    145.00       2.0620    1158.33 	      PKiKP 
    150.00       2.0686    1168.65 	      PKiKP 
    155.00       2.0709    1179.00 	      PKiKP 
    200.00     200.00 	 PKPcd 	 depth
     20.00       0.4447     972.94 	      PKiKP 
     25.00       0.5530     975.44 	      PKiKP 
     30.00       0.6594     978.47 	      PKiKP 
     35.00       0.7636     982.03 	      PKiKP 
     40.00       0.8652     986.10 	      PKiKP 
     45.00       0.9639     990.67 	      PKiKP 
     50.00       1.0594     995.73 	      PKiKP 
     55.00       1.1516    1001.26 	      PKiKP 
     60.00       1.2401    1007.24 	      PKiKP 
     65.00       1.3247    1013.66 	      PKiKP 
     70.00       1.4052    1020.48 	      PKiKP 
     75.00       1.4816    1027.70 	      PKiKP 
     80.00       1.5535    1035.29 	      PKiKP 
     85.00       1.6210    1043.23 	      PKiKP 
     90.00       1.6838    1051.49 	      PKiKP 
     95.00       1.7420    1060.06 	      PKiKP 
    100.00       1.7954    1068.91 	      PKiKP 
    105.00       1.8440    1078.01 	      PKiKP 
    110.00       1.8879    1087.34 	      PKiKP 
    115.00       1.9269    1096.88 	      PKiKP 
    120.00       1.9612    1106.60 	      PKiKP 
    125.00       1.9907    1116.48 	      PKiKP 
    130.00       2.0154    1126.50 	      PKiKP 
    135.00       2.0355    1136.63 	      PKiKP 
    140.00       2.0510    1146.85 	      PKiKP 
    145.00       2.0620    1157.13 	      PKiKP 
    150.00       2.0686    1167.46 	      PKiKP 
    155.00       2.0709    1177.81 	      PKiKP 
    210.00     210.00 	 PKPcd 	 depth
     20.00       0.4448     971.73 	      PKiKP 
     25.00       0.5531     974.23 	      PKiKP 
     30.00       0.6595     977.26 	      PKiKP 
     35.00       0.7637     980.82 	      PKiKP 
     40.00       0.8653     984.90 	      PKiKP 
     45.00       0.9640     989.47 	      PKiKP 
     50.00       1.0596     994.53 	      PKiKP 
     55.00       1.1517    1000.06 	      PKiKP 
     60.00       1.2402    1006.04 	      PKiKP 
     65.00       1.3249    1012.46 	      PKiKP 
     70.00       1.4054    1019.28 	      PKiKP 
     75.00       1.4817    1026.50 	      PKiKP 
     80.00       1.5537    1034.09 	      PKiKP 
     85.00       1.6211    1042.03 	      PKiKP 
     90.00       1.6839    1050.30 	      PKiKP 
     95.00       1.7421    1058.86 	      PKiKP 
    100.00       1.7955    1067.71 	      PKiKP 
    105.00       1.8442    1076.81 	      PKiKP 
    110.00       1.8880    1086.14 	      PKiKP 
    115.00       1.9270    1095.68 	      PKiKP 
    120.00       1.9613    1105.41 	      PKiKP 
    125.00       1.9907    1115.29 	      PKiKP 
    130.00       2.0155    1125.31 	      PKiKP 
    135.00       2.0356    1135.43 	      PKiKP 
    140.00       2.0510    1145.65 	      PKiKP 
    145.00       2.0620    1155.94 	      PKiKP 
    150.00       2.0686    1166.27 	      PKiKP 
    155.00       2.0709    1176.62 	      PKiKP 
    220.00     220.00 	 PKPcd 	 depth
     20.00       0.4449     970.53 	      PKiKP 
     25.00       0.5532     973.03 	      PKiKP 
     30.00       0.6596     976.06 	      PKiKP 
     35.00       0.7638     979.62 	      PKiKP 
     40.00       0.8654     983.70 	      PKiKP 
     45.00       0.9642     988.27 	      PKiKP 
     50.00       1.0597     993.33 	      PKiKP 
     55.00       1.1519     998.86 	      PKiKP 
     60.00       1.2404    1004.85 	      PKiKP 
     65.00       1.3250    1011.26 	      PKiKP 
     70.00       1.4056    1018.09 	      PKiKP 
     75.00       1.4819    1025.31 	      PKiKP 
     80.00       1.5538    1032.90 	      PKiKP 
     85.00       1.6213    1040.84 	      PKiKP 
     90.00       1.6841    1049.10 	      PKiKP 
     95.00       1.7422    1057.67 	      PKiKP 
    100.00       1.7957    1066.52 	      PKiKP 
    105.00       1.8443    1075.62 	      PKiKP 
    110.00       1.8881    1084.95 	      PKiKP 
    115.00       1.9271    1094.49 	      PKiKP 
    120.00       1.9614    1104.22 	      PKiKP 
    125.00       1.9908    1114.10 	      PKiKP 
    130.00       2.0155    1124.12 	      PKiKP 
    135.00       2.0356    1134.25 	      PKiKP 
    140.00       2.0511    1144.47 	      PKiKP 
    145.00       2.0620    1154.75 	      PKiKP 
    150.00       2.0686    1165.08 	      PKiKP 
    155.00       2.0709    1175.43 	      PKiKP 
    230.00     230.00 	 PKPcd 	 depth
     20.00       0.4450     969.34 	      PKiKP 
     25.00       0.5533     971.83 	      PKiKP 
     30.00       0.6597     974.87 	      PKiKP 
     35.00       0.7639     978.43 	      PKiKP 
     40.00       0.8655     982.50 	      PKiKP 
     45.00       0.9643     987.08 	      PKiKP 
     50.00       1.0599     992.14 	      PKiKP 
     55.00       1.1520     997.67 	      PKiKP 
     60.00       1.2405    1003.65 	      PKiKP 
     65.00       1.3252    1010.07 	      PKiKP 
     70.00       1.4057    1016.90 	      PKiKP 
     75.00       1.4820    1024.12 	      PKiKP 
     80.00       1.5540    1031.71 	      PKiKP 
     85.00       1.6214    1039.65 	      PKiKP 
     90.00       1.6842    1047.92 	      PKiKP 
     95.00       1.7424    1056.49 	      PKiKP 
    100.00       1.7958    1065.33 	      PKiKP 
    105.00       1.8444    1074.44 	      PKiKP 
    110.00       1.8882    1083.77 	      PKiKP 
    115.00       1.9272    1093.31 	      PKiKP 
    120.00       1.9614    1103.03 	      PKiKP 
    125.00       1.9909    1112.92 	      PKiKP 
    130.00       2.0156    1122.94 	      PKiKP 
    135.00       2.0357    1133.07 	      PKiKP 
    140.00       2.0511    1143.28 	      PKiKP 
    145.00       2.0621    1153.57 	      PKiKP 
    150.00       2.0686    1163.90 	      PKiKP 
    155.00       2.0709    1174.25 	      PKiKP 
    240.00     240.00 	 PKPcd 	 depth
     20.00       0.4450     968.15 	      PKiKP 
     25.00       0.5534     970.64 	      PKiKP 
     30.00       0.6598     973.68 	      PKiKP 
     35.00       0.7640     977.24 	      PKiKP 
     40.00       0.8657     981.31 	      PKiKP 
     45.00       0.9644     985.89 	      PKiKP 
     50.00       1.0600     990.95 	      PKiKP 
     55.00       1.1522     996.48 	      PKiKP 
     60.00       1.2407    1002.47 	      PKiKP 
     65.00       1.3253    1008.88 	      PKiKP 
     70.00       1.4059    1015.71 	      PKiKP 
     75.00       1.4822    1022.94 	      PKiKP 
     80.00       1.5541    1030.53 	      PKiKP 
     85.00       1.6216    1038.47 	      PKiKP 
     90.00       1.6844    1046.74 	      PKiKP 
     95.00       1.7425    1055.31 	      PKiKP 
    100.00       1.7959    1064.15 	      PKiKP 
    105.00       1.8445    1073.26 	      PKiKP 
    110.00       1.8883    1082.59 	      PKiKP 
    115.00       1.9273    1092.13 	      PKiKP 
    120.00       1.9615    1101.86 	      PKiKP 
    125.00       1.9910    1111.74 	      PKiKP 
    130.00       2.0157    1121.76 	      PKiKP 
    135.00       2.0357    1131.89 	      PKiKP 
    140.00       2.0512    1142.11 	      PKiKP 
    145.00       2.0621    1152.39 	      PKiKP 
    150.00       2.0686    1162.72 	      PKiKP 
    155.00       2.0709    1173.07 	      PKiKP 
    250.00     250.00 	 PKPcd 	 depth
     20.00       0.4451     966.96 	      PKiKP 
     25.00       0.5535     969.46 	      PKiKP 
     30.00       0.6599     972.49 	      PKiKP 
     35.00       0.7642     976.05 	      PKiKP 
     40.00       0.8658     980.13 	      PKiKP 
     45.00       0.9646     984.71 	      PKiKP 
     50.00       1.0602     989.77 	      PKiKP 
     55.00       1.1523     995.30 	      PKiKP 
     60.00       1.2409    1001.29 	      PKiKP 
     65.00       1.3255    1007.70 	      PKiKP 
     70.00       1.4060    1014.54 	      PKiKP 
     75.00       1.4824    1021.76 	      PKiKP 
     80.00       1.5543    1029.35 	      PKiKP 
     85.00       1.6217    1037.29 	      PKiKP 
     90.00       1.6845    1045.56 	      PKiKP 
     95.00       1.7427    1054.13 	      PKiKP 
    100.00       1.7961    1062.98 	      PKiKP 
    105.00       1.8447    1072.08 	      PKiKP 
    110.00       1.8885    1081.42 	      PKiKP 
    115.00       1.9274    1090.96 	      PKiKP 
    120.00       1.9616    1100.68 	      PKiKP 
    125.00       1.9910    1110.57 	      PKiKP 
    130.00       2.0157    1120.59 	      PKiKP 
    135.00       2.0358    1130.72 	      PKiKP 
    140.00       2.0512    1140.94 	      PKiKP 
    145.00       2.0621    1151.22 	      PKiKP 
    150.00       2.0686    1161.55 	      PKiKP 
    155.00       2.0709    1171.90 	      PKiKP 
    260.00     260.00 	 PKPcd 	 depth
     20.00       0.4452     965.78 	      PKiKP 
     25.00       0.5536     968.28 	      PKiKP 
     30.00       0.6600     971.31 	      PKiKP 
     35.00       0.7643     974.87 	      PKiKP 
     40.00       0.8659     978.95 	      PKiKP 
     45.00       0.9647     983.53 	      PKiKP 
     50.00       1.0603     988.59 	      PKiKP 
     55.00       1.1525     994.13 	      PKiKP 
     60.00       1.2410    1000.11 	      PKiKP 
     65.00       1.3257    1006.53 	      PKiKP 
     70.00       1.4062    1013.36 	      PKiKP 
     75.00       1.4825    1020.58 	      PKiKP 
     80.00       1.5545    1028.18 	      PKiKP 
     85.00       1.6219    1036.12 	      PKiKP 
     90.00       1.6847    1044.39 	      PKiKP 
     95.00       1.7428    1052.96 	      PKiKP 
    100.00       1.7962    1061.81 	      PKiKP 
    105.00       1.8448    1070.91 	      PKiKP 
    110.00       1.8886    1080.25 	      PKiKP 
    115.00       1.9276    1089.79 	      PKiKP 
    120.00       1.9617    1099.52 	      PKiKP 
    125.00       1.9911    1109.40 	      PKiKP 
    130.00       2.0158    1119.42 	      PKiKP 
    135.00       2.0358    1129.55 	      PKiKP 
    140.00       2.0512    1139.77 	      PKiKP 
    145.00       2.0622    1150.06 	      PKiKP 
    150.00       2.0687    1160.39 	      PKiKP 
    155.00       2.0709    1170.74 	      PKiKP 
    270.00     270.00 	 PKPcd 	 depth
     20.00       0.4452     964.60 	      PKiKP 
     25.00       0.5536     967.10 	      PKiKP 
     30.00       0.6601     970.14 	      PKiKP 
     35.00       0.7644     973.70 	      PKiKP 
     40.00       0.8661     977.78 	      PKiKP 
     45.00       0.9648     982.36 	      PKiKP 
     50.00       1.0605     987.42 	      PKiKP 
     55.00       1.1527     992.95 	      PKiKP 
     60.00       1.2412     998.94 	      PKiKP 
     65.00       1.3258    1005.36 	      PKiKP 
     70.00       1.4064    1012.19 	      PKiKP 
     75.00       1.4827    1019.42 	      PKiKP 
     80.00       1.5546    1027.01 	      PKiKP 
     85.00       1.6220    1034.96 	      PKiKP 
     90.00       1.6849    1043.22 	      PKiKP 
     95.00       1.7430    1051.80 	      PKiKP 
    100.00       1.7963    1060.65 	      PKiKP 
    105.00       1.8449    1069.75 	      PKiKP 
    110.00       1.8887    1079.09 	      PKiKP 
    115.00       1.9277    1088.63 	      PKiKP 
    120.00       1.9618    1098.36 	      PKiKP 
    125.00       1.9912    1108.24 	      PKiKP 
    130.00       2.0159    1118.26 	      PKiKP 
    135.00       2.0359    1128.39 	      PKiKP 
    140.00       2.0513    1138.61 	      PKiKP 
    145.00       2.0622    1148.90 	      PKiKP 
    150.00       2.0687    1159.23 	      PKiKP 
    155.00       2.0709    1169.58 	      PKiKP 
    280.00     280.00 	 PKPcd 	 depth
     20.00       0.4453     963.43 	      PKiKP 
     25.00       0.5537     965.93 	      PKiKP 
     30.00       0.6602     968.97 	      PKiKP 
     35.00       0.7645     972.53 	      PKiKP 
     40.00       0.8662     976.61 	      PKiKP 
     45.00       0.9650     981.19 	      PKiKP 
     50.00       1.0606     986.25 	      PKiKP 
     55.00       1.1528     991.79 	      PKiKP 
     60.00       1.2413     997.77 	      PKiKP 
     65.00       1.3260    1004.19 	      PKiKP 
     70.00       1.4065    1011.03 	      PKiKP 
     75.00       1.4829    1018.25 	      PKiKP 
     80.00       1.5548    1025.85 	      PKiKP 
     85.00       1.6222    1033.79 	      PKiKP 
     90.00       1.6850    1042.06 	      PKiKP 
     95.00       1.7431    1050.64 	      PKiKP 
    100.00       1.7965    1059.49 	      PKiKP 
    105.00       1.8451    1068.59 	      PKiKP 
    110.00       1.8888    1077.93 	      PKiKP 
    115.00       1.9278    1087.47 	      PKiKP 
    120.00       1.9619    1097.20 	      PKiKP 
    125.00       1.9913    1107.08 	      PKiKP 
    130.00       2.0159    1117.10 	      PKiKP 
    135.00       2.0359    1127.24 	      PKiKP 
    140.00       2.0513    1137.46 	      PKiKP 
    145.00       2.0622    1147.74 	      PKiKP 
    150.00       2.0687    1158.07 	      PKiKP 
    155.00       2.0709    1168.42 	      PKiKP 
    290.00     290.00 	 PKPcd 	 depth
     20.00       0.4454     962.27 	      PKiKP 
     25.00       0.5538     964.77 	      PKiKP 
     30.00       0.6604     967.80 	      PKiKP 
     35.00       0.7646     971.37 	      PKiKP 
     40.00       0.8663     975.44 	      PKiKP 
     45.00       0.9651     980.02 	      PKiKP 
     50.00       1.0608     985.09 	      PKiKP 
     55.00       1.1530     990.63 	      PKiKP 
     60.00       1.2415     996.61 	      PKiKP 
     65.00       1.3262    1003.04 	      PKiKP 
     70.00       1.4067    1009.87 	      PKiKP 
     75.00       1.4830    1017.10 	      PKiKP 
     80.00       1.5550    1024.69 	      PKiKP 
     85.00       1.6224    1032.64 	      PKiKP 
     90.00       1.6852    1040.91 	      PKiKP 
     95.00       1.7433    1049.48 	      PKiKP 
    100.00       1.7966    1058.33 	      PKiKP 
    105.00       1.8452    1067.44 	      PKiKP 
    110.00       1.8889    1076.78 	      PKiKP 
    115.00       1.9279    1086.32 	      PKiKP 
    120.00       1.9620    1096.05 	      PKiKP 
    125.00       1.9914    1105.93 	      PKiKP 
    130.00       2.0160    1115.95 	      PKiKP 
    135.00       2.0360    1126.09 	      PKiKP 
    140.00       2.0514    1136.31 	      PKiKP 
    145.00       2.0622    1146.59 	      PKiKP 
    150.00       2.0687    1156.92 	      PKiKP 
    155.00       2.0709    1167.27 	      PKiKP 
    300.00     300.00 	 PKPcd 	 depth
     20.00       0.4455     961.11 	      PKiKP 
     25.00       0.5539     963.61 	      PKiKP 
     30.00       0.6605     966.64 	      PKiKP 
     35.00       0.7647     970.21 	      PKiKP 
     40.00       0.8665     974.29 	      PKiKP 
     45.00       0.9653     978.87 	      PKiKP 
     50.00       1.0609     983.93 	      PKiKP 
     55.00       1.1531     989.47 	      PKiKP 
     60.00       1.2417     995.46 	      PKiKP 
     65.00       1.3263    1001.88 	      PKiKP 
     70.00       1.4069    1008.72 	      PKiKP 
     75.00       1.4832    1015.94 	      PKiKP 
     80.00       1.5551    1023.54 	      PKiKP 
     85.00       1.6225    1031.49 	      PKiKP 
     90.00       1.6853    1039.76 	      PKiKP 
     95.00       1.7434    1048.33 	      PKiKP 
    100.00       1.7968    1057.18 	      PKiKP 
    105.00       1.8453    1066.29 	      PKiKP 
    110.00       1.8891    1075.63 	      PKiKP 
    115.00       1.9280    1085.17 	      PKiKP 
    120.00       1.9621    1094.90 	      PKiKP 
    125.00       1.9915    1104.79 	      PKiKP 
    130.00       2.0161    1114.81 	      PKiKP 
    135.00       2.0360    1124.94 	      PKiKP 
    140.00       2.0514    1135.16 	      PKiKP 
    145.00       2.0623    1145.45 	      PKiKP 
    150.00       2.0687    1155.78 	      PKiKP 
    155.00       2.0709    1166.13 	      PKiKP 
    310.00     310.00 	 PKPcd 	 depth
     20.00       0.4455     959.95 	      PKiKP 
     25.00       0.5540     962.45 	      PKiKP 
     30.00       0.6606     965.49 	      PKiKP 
     35.00       0.7649     969.05 	      PKiKP 
     40.00       0.8666     973.13 	      PKiKP 
     45.00       0.9654     977.71 	      PKiKP 
     50.00       1.0611     982.78 	      PKiKP 
     55.00       1.1533     988.32 	      PKiKP 
     60.00       1.2418     994.31 	      PKiKP 
     65.00       1.3265    1000.73 	      PKiKP 
     70.00       1.4071    1007.57 	      PKiKP 
     75.00       1.4834    1014.79 	      PKiKP 
     80.00       1.5553    1022.39 	      PKiKP 
     85.00       1.6227    1030.34 	      PKiKP 
     90.00       1.6855    1038.61 	      PKiKP 
     95.00       1.7436    1047.19 	      PKiKP 
    100.00       1.7969    1056.04 	      PKiKP 
    105.00       1.8454    1065.15 	      PKiKP 
    110.00       1.8892    1074.49 	      PKiKP 
    115.00       1.9281    1084.03 	      PKiKP 
    120.00       1.9622    1093.76 	      PKiKP 
    125.00       1.9915    1103.65 	      PKiKP 
    130.00       2.0162    1113.67 	      PKiKP 
    135.00       2.0361    1123.80 	      PKiKP 
    140.00       2.0514    1134.02 	      PKiKP 
    145.00       2.0623    1144.31 	      PKiKP 
    150.00       2.0687    1154.64 	      PKiKP 
    155.00       2.0709    1164.99 	      PKiKP 
    320.00     320.00 	 PKPcd 	 depth
     20.00       0.4456     958.80 	      PKiKP 
     25.00       0.5541     961.30 	      PKiKP 
     30.00       0.6607     964.34 	      PKiKP 
     35.00       0.7650     967.90 	      PKiKP 
     40.00       0.8667     971.98 	      PKiKP 
     45.00       0.9656     976.57 	      PKiKP 
     50.00       1.0612     981.63 	      PKiKP 
     55.00       1.1535     987.17 	      PKiKP 
     60.00       1.2420     993.16 	      PKiKP 
     65.00       1.3267     999.59 	      PKiKP 
     70.00       1.4072    1006.42 	      PKiKP 
     75.00       1.4835    1013.65 	      PKiKP 
     80.00       1.5555    1021.25 	      PKiKP 
     85.00       1.6229    1029.20 	      PKiKP 
     90.00       1.6856    1037.47 	      PKiKP 
     95.00       1.7437    1046.05 	      PKiKP 
    100.00       1.7971    1054.90 	      PKiKP 
    105.00       1.8456    1064.01 	      PKiKP 
    110.00       1.8893    1073.35 	      PKiKP 
    115.00       1.9282    1082.89 	      PKiKP 
    120.00       1.9623    1092.62 	      PKiKP 
    125.00       1.9916    1102.51 	      PKiKP 
    130.00       2.0162    1112.53 	      PKiKP 
    135.00       2.0362    1122.66 	      PKiKP 
    140.00       2.0515    1132.88 	      PKiKP 
    145.00       2.0623    1143.17 	      PKiKP 
    150.00       2.0687    1153.50 	      PKiKP 
    330.00     330.00 	 PKPcd 	 depth
     20.00       0.4457     957.65 	      PKiKP 
     25.00       0.5542     960.15 	      PKiKP 
     30.00       0.6608     963.19 	      PKiKP 
     35.00       0.7651     966.76 	      PKiKP 
     40.00       0.8669     970.84 	      PKiKP 
     45.00       0.9657     975.42 	      PKiKP 
     50.00       1.0614     980.49 	      PKiKP 
     55.00       1.1536     986.03 	      PKiKP 
     60.00       1.2422     992.02 	      PKiKP 
     65.00       1.3268     998.45 	      PKiKP 
     70.00       1.4074    1005.28 	      PKiKP 
     75.00       1.4837    1012.51 	      PKiKP 
     80.00       1.5556    1020.11 	      PKiKP 
     85.00       1.6230    1028.06 	      PKiKP 
     90.00       1.6858    1036.34 	      PKiKP 
     95.00       1.7439    1044.91 	      PKiKP 
    100.00       1.7972    1053.77 	      PKiKP 
    105.00       1.8457    1062.88 	      PKiKP 
    110.00       1.8894    1072.22 	      PKiKP 
    115.00       1.9283    1081.76 	      PKiKP 
    120.00       1.9624    1091.49 	      PKiKP 
    125.00       1.9917    1101.38 	      PKiKP 
    130.00       2.0163    1111.40 	      PKiKP 
    135.00       2.0362    1121.53 	      PKiKP 
    140.00       2.0515    1131.75 	      PKiKP 
    145.00       2.0623    1142.04 	      PKiKP 
    150.00       2.0688    1152.37 	      PKiKP 
    340.00     340.00 	 PKPcd 	 depth
     20.00       0.4458     956.51 	      PKiKP 
     25.00       0.5543     959.01 	      PKiKP 
     30.00       0.6609     962.05 	      PKiKP 
     35.00       0.7652     965.62 	      PKiKP 
     40.00       0.8670     969.70 	      PKiKP 
     45.00       0.9659     974.28 	      PKiKP 
     50.00       1.0616     979.35 	      PKiKP 
     55.00       1.1538     984.89 	      PKiKP 
     60.00       1.2424     990.89 	      PKiKP 
     65.00       1.3270     997.31 	      PKiKP 
     70.00       1.4076    1004.15 	      PKiKP 
     75.00       1.4839    1011.38 	      PKiKP 
     80.00       1.5558    1018.98 	      PKiKP 
     85.00       1.6232    1026.93 	      PKiKP 
     90.00       1.6860    1035.21 	      PKiKP 
     95.00       1.7440    1043.78 	      PKiKP 
    100.00       1.7973    1052.64 	      PKiKP 
    105.00       1.8459    1061.75 	      PKiKP 
    110.00       1.8896    1071.09 	      PKiKP 
    115.00       1.9284    1080.63 	      PKiKP 
    120.00       1.9625    1090.36 	      PKiKP 
    125.00       1.9918    1100.25 	      PKiKP 
    130.00       2.0164    1110.27 	      PKiKP 
    135.00       2.0363    1120.41 	      PKiKP 
    140.00       2.0516    1130.63 	      PKiKP 
    145.00       2.0624    1140.92 	      PKiKP 
    150.00       2.0688    1151.25 	      PKiKP 
    350.00     350.00 	 PKPcd 	 depth
     20.00       0.4458     955.38 	      PKiKP 
     25.00       0.5544     957.88 	      PKiKP 
     30.00       0.6610     960.92 	      PKiKP 
     35.00       0.7654     964.48 	      PKiKP 
     40.00       0.8671     968.57 	      PKiKP 
     45.00       0.9660     973.15 	      PKiKP 
     50.00       1.0617     978.22 	      PKiKP 
     55.00       1.1540     983.76 	      PKiKP 
     60.00       1.2425     989.75 	      PKiKP 
     65.00       1.3272     996.18 	      PKiKP 
     70.00       1.4078    1003.02 	      PKiKP 
     75.00       1.4841    1010.25 	      PKiKP 
     80.00       1.5560    1017.85 	      PKiKP 
     85.00       1.6234    1025.80 	      PKiKP 
     90.00       1.6861    1034.08 	      PKiKP 
     95.00       1.7442    1042.66 	      PKiKP 
    100.00       1.7975    1051.51 	      PKiKP 
    105.00       1.8460    1060.62 	      PKiKP 
    110.00       1.8897    1069.96 	      PKiKP 
    115.00       1.9285    1079.51 	      PKiKP 
    120.00       1.9626    1089.24 	      PKiKP 
    125.00       1.9919    1099.13 	      PKiKP 
    130.00       2.0164    1109.15 	      PKiKP 
    135.00       2.0363    1119.29 	      PKiKP 
    140.00       2.0516    1129.51 	      PKiKP 
    145.00       2.0624    1139.80 	      PKiKP 
    150.00       2.0688    1150.13 	      PKiKP 
    360.00     360.00 	 PKPcd 	 depth
     20.00       0.4459     954.24 	      PKiKP 
     25.00       0.5545     956.75 	      PKiKP 
     30.00       0.6611     959.79 	      PKiKP 
     35.00       0.7655     963.35 	      PKiKP 
     40.00       0.8673     967.44 	      PKiKP 
     45.00       0.9662     972.02 	      PKiKP 
     50.00       1.0619     977.09 	      PKiKP 
     55.00       1.1541     982.63 	      PKiKP 
     60.00       1.2427     988.63 	      PKiKP 
     65.00       1.3274     995.06 	      PKiKP 
     70.00       1.4079    1001.90 	      PKiKP 
     75.00       1.4842    1009.13 	      PKiKP 
     80.00       1.5562    1016.73 	      PKiKP 
     85.00       1.6235    1024.68 	      PKiKP 
     90.00       1.6863    1032.96 	      PKiKP 
     95.00       1.7443    1041.54 	      PKiKP 
    100.00       1.7976    1050.39 	      PKiKP 
    105.00       1.8461    1059.50 	      PKiKP 
    110.00       1.8898    1068.85 	      PKiKP 
    115.00       1.9287    1078.39 	      PKiKP 
    120.00       1.9627    1088.13 	      PKiKP 
    125.00       1.9920    1098.01 	      PKiKP 
    130.00       2.0165    1108.04 	      PKiKP 
    135.00       2.0364    1118.17 	      PKiKP 
    140.00       2.0517    1128.39 	      PKiKP 
    145.00       2.0624    1138.68 	      PKiKP 
    150.00       2.0688    1149.01 	      PKiKP 
    370.00     370.00 	 PKPcd 	 depth
     20.00       0.4460     953.12 	      PKiKP 
     25.00       0.5546     955.62 	      PKiKP 
     30.00       0.6612     958.66 	      PKiKP 
     35.00       0.7656     962.23 	      PKiKP 
     40.00       0.8674     966.31 	      PKiKP 
     45.00       0.9663     970.90 	      PKiKP 
     50.00       1.0620     975.97 	      PKiKP 
     55.00       1.1543     981.51 	      PKiKP 
     60.00       1.2429     987.51 	      PKiKP 
     65.00       1.3275     993.93 	      PKiKP 
     70.00       1.4081    1000.78 	      PKiKP 
     75.00       1.4844    1008.01 	      PKiKP 
     80.00       1.5563    1015.61 	      PKiKP 
     85.00       1.6237    1023.56 	      PKiKP 
     90.00       1.6865    1031.84 	      PKiKP 
     95.00       1.7445    1040.42 	      PKiKP 
    100.00       1.7978    1049.28 	      PKiKP 
    105.00       1.8463    1058.39 	      PKiKP 
    110.00       1.8899    1067.73 	      PKiKP 
    115.00       1.9288    1077.28 	      PKiKP 
    120.00       1.9628    1087.01 	      PKiKP 
    125.00       1.9921    1096.90 	      PKiKP 
    130.00       2.0166    1106.93 	      PKiKP 
    135.00       2.0364    1117.06 	      PKiKP 
    140.00       2.0517    1127.28 	      PKiKP 
    145.00       2.0625    1137.57 	      PKiKP 
    150.00       2.0688    1147.90 	      PKiKP 
    380.00     380.00 	 PKPcd 	 depth
     20.00       0.4461     951.99 	      PKiKP 
     25.00       0.5547     954.50 	      PKiKP 
     30.00       0.6613     957.54 	      PKiKP 
     35.00       0.7657     961.11 	      PKiKP 
     40.00       0.8676     965.19 	      PKiKP 
     45.00       0.9665     969.78 	      PKiKP 
     50.00       1.0622     974.85 	      PKiKP 
     55.00       1.1545     980.39 	      PKiKP 
     60.00       1.2430     986.39 	      PKiKP 
     65.00       1.3277     992.82 	      PKiKP 
     70.00       1.4083     999.66 	      PKiKP 
     75.00       1.4846    1006.89 	      PKiKP 
     80.00       1.5565    1014.50 	      PKiKP 
     85.00       1.6239    1022.45 	      PKiKP 
     90.00       1.6866    1030.73 	      PKiKP 
     95.00       1.7447    1039.31 	      PKiKP 
    100.00       1.7979    1048.17 	      PKiKP 
    105.00       1.8464    1057.28 	      PKiKP 
    110.00       1.8901    1066.62 	      PKiKP 
    115.00       1.9289    1076.17 	      PKiKP 
    120.00       1.9629    1085.91 	      PKiKP 
    125.00       1.9921    1095.79 	      PKiKP 
    130.00       2.0167    1105.82 	      PKiKP 
    135.00       2.0365    1115.95 	      PKiKP 
    140.00       2.0517    1126.18 	      PKiKP 
    145.00       2.0625    1136.46 	      PKiKP 
    150.00       2.0688    1146.79 	      PKiKP 
    390.00     390.00 	 PKPcd 	 depth
     20.00       0.4462     950.88 	      PKiKP 
     25.00       0.5548     953.38 	      PKiKP 
     30.00       0.6615     956.42 	      PKiKP 
     35.00       0.7659     959.99 	      PKiKP 
     40.00       0.8677     964.08 	      PKiKP 
     45.00       0.9666     968.66 	      PKiKP 
     50.00       1.0624     973.74 	      PKiKP 
     55.00       1.1546     979.28 	      PKiKP 
     60.00       1.2432     985.28 	      PKiKP 
     65.00       1.3279     991.71 	      PKiKP 
     70.00       1.4085     998.55 	      PKiKP 
     75.00       1.4848    1005.78 	      PKiKP 
     80.00       1.5567    1013.39 	      PKiKP 
     85.00       1.6241    1021.34 	      PKiKP 
     90.00       1.6868    1029.62 	      PKiKP 
     95.00       1.7448    1038.20 	      PKiKP 
    100.00       1.7981    1047.06 	      PKiKP 
    105.00       1.8465    1056.18 	      PKiKP 
    110.00       1.8902    1065.52 	      PKiKP 
    115.00       1.9290    1075.07 	      PKiKP 
    120.00       1.9630    1084.80 	      PKiKP 
    125.00       1.9922    1094.69 	      PKiKP 
    130.00       2.0167    1104.72 	      PKiKP 
    135.00       2.0366    1114.85 	      PKiKP 
    140.00       2.0518    1125.07 	      PKiKP 
    145.00       2.0625    1135.36 	      PKiKP 
    150.00       2.0688    1145.69 	      PKiKP 
    400.00     400.00 	 PKPcd 	 depth
     20.00       0.4462     949.76 	      PKiKP 
     25.00       0.5549     952.27 	      PKiKP 
     30.00       0.6616     955.31 	      PKiKP 
     35.00       0.7660     958.88 	      PKiKP 
     40.00       0.8678     962.96 	      PKiKP 
     45.00       0.9668     967.55 	      PKiKP 
     50.00       1.0625     972.63 	      PKiKP 
     55.00       1.1548     978.17 	      PKiKP 
     60.00       1.2434     984.17 	      PKiKP 
     65.00       1.3281     990.60 	      PKiKP 
     70.00       1.4087     997.44 	      PKiKP 
     75.00       1.4850    1004.68 	      PKiKP 
     80.00       1.5569    1012.29 	      PKiKP 
     85.00       1.6242    1020.24 	      PKiKP 
     90.00       1.6870    1028.52 	      PKiKP 
     95.00       1.7450    1037.10 	      PKiKP 
    100.00       1.7982    1045.96 	      PKiKP 
    105.00       1.8467    1055.08 	      PKiKP 
    110.00       1.8903    1064.42 	      PKiKP 
    115.00       1.9291    1073.97 	      PKiKP 
    120.00       1.9631    1083.70 	      PKiKP 
    125.00       1.9923    1093.59 	      PKiKP 
    130.00       2.0168    1103.62 	      PKiKP 
    135.00       2.0366    1113.76 	      PKiKP 
    140.00       2.0518    1123.98 	      PKiKP 
    145.00       2.0626    1134.27 	      PKiKP 
    150.00       2.0689    1144.60 	      PKiKP 
    410.00     410.00 	 PKPcd 	 depth
     20.00       0.4463     948.65 	      PKiKP 
     25.00       0.5550     951.16 	      PKiKP 
     30.00       0.6617     954.20 	      PKiKP 
     35.00       0.7661     957.77 	      PKiKP 
     40.00       0.8680     961.86 	      PKiKP 
     45.00       0.9669     966.45 	      PKiKP 
     50.00       1.0627     971.52 	      PKiKP 
     55.00       1.1550     977.07 	      PKiKP 
     60.00       1.2436     983.07 	      PKiKP 
     65.00       1.3283     989.50 	      PKiKP 
     70.00       1.4088     996.34 	      PKiKP 
     75.00       1.4852    1003.58 	      PKiKP 
     80.00       1.5571    1011.19 	      PKiKP 
     85.00       1.6244    1019.14 	      PKiKP 
     90.00       1.6871    1027.42 	      PKiKP 
     95.00       1.7451    1036.01 	      PKiKP 
    100.00       1.7984    1044.87 	      PKiKP 
    105.00       1.8468    1053.98 	      PKiKP 
    110.00       1.8904    1063.33 	      PKiKP 
    115.00       1.9292    1072.88 	      PKiKP 
    120.00       1.9632    1082.61 	      PKiKP 
    125.00       1.9924    1092.50 	      PKiKP 
    130.00       2.0169    1102.53 	      PKiKP 
    135.00       2.0367    1112.66 	      PKiKP 
    140.00       2.0519    1122.89 	      PKiKP 
    145.00       2.0626    1133.17 	      PKiKP 
    150.00       2.0689    1143.50 	      PKiKP 
    420.00     420.00 	 PKPcd 	 depth
     20.00       0.4464     947.59 	      PKiKP 
     25.00       0.5551     950.09 	      PKiKP 
     30.00       0.6618     953.14 	      PKiKP 
     35.00       0.7663     956.71 	      PKiKP 
     40.00       0.8681     960.79 	      PKiKP 
     45.00       0.9671     965.38 	      PKiKP 
     50.00       1.0629     970.46 	      PKiKP 
     55.00       1.1552     976.01 	      PKiKP 
     60.00       1.2438     982.01 	      PKiKP 
     65.00       1.3285     988.44 	      PKiKP 
     70.00       1.4090     995.28 	      PKiKP 
     75.00       1.4853    1002.52 	      PKiKP 
     80.00       1.5572    1010.13 	      PKiKP 
     85.00       1.6246    1018.09 	      PKiKP 
     90.00       1.6873    1026.37 	      PKiKP 
     95.00       1.7453    1034.95 	      PKiKP 
    100.00       1.7986    1043.81 	      PKiKP 
    105.00       1.8470    1052.93 	      PKiKP 
    110.00       1.8906    1062.28 	      PKiKP 
    115.00       1.9294    1071.83 	      PKiKP 
    120.00       1.9633    1081.56 	      PKiKP 
    125.00       1.9925    1091.45 	      PKiKP 
    130.00       2.0170    1101.48 	      PKiKP 
    135.00       2.0367    1111.61 	      PKiKP 
    140.00       2.0519    1121.84 	      PKiKP 
    145.00       2.0626    1132.13 	      PKiKP 
    150.00       2.0689    1142.46 	      PKiKP 
    430.00     430.00 	 PKPcd 	 depth
     20.00       0.4465     946.53 	      PKiKP 
     25.00       0.5552     949.03 	      PKiKP 
     30.00       0.6619     952.08 	      PKiKP 
     35.00       0.7664     955.65 	      PKiKP 
     40.00       0.8683     959.74 	      PKiKP 
     45.00       0.9673     964.33 	      PKiKP 
     50.00       1.0630     969.40 	      PKiKP 
     55.00       1.1554     974.95 	      PKiKP 
     60.00       1.2440     980.95 	      PKiKP 
     65.00       1.3287     987.38 	      PKiKP 
     70.00       1.4092     994.23 	      PKiKP 
     75.00       1.4855    1001.47 	      PKiKP 
     80.00       1.5574    1009.08 	      PKiKP 
     85.00       1.6248    1017.04 	      PKiKP 
     90.00       1.6875    1025.32 	      PKiKP 
     95.00       1.7455    1033.90 	      PKiKP 
    100.00       1.7987    1042.77 	      PKiKP 
    105.00       1.8471    1051.88 	      PKiKP 
    110.00       1.8907    1061.23 	      PKiKP 
    115.00       1.9295    1070.78 	      PKiKP 
    120.00       1.9634    1080.52 	      PKiKP 
    125.00       1.9926    1090.41 	      PKiKP 
    130.00       2.0170    1100.43 	      PKiKP 
    135.00       2.0368    1110.57 	      PKiKP 
    140.00       2.0520    1120.79 	      PKiKP 
    145.00       2.0626    1131.08 	      PKiKP 
    150.00       2.0689    1141.41 	      PKiKP 
    440.00     440.00 	 PKPcd 	 depth
     20.00       0.4466     945.47 	      PKiKP 
     25.00       0.5553     947.97 	      PKiKP 
     30.00       0.6621     951.02 	      PKiKP 
     35.00       0.7666     954.59 	      PKiKP 
     40.00       0.8685     958.68 	      PKiKP 
     45.00       0.9674     963.27 	      PKiKP 
     50.00       1.0632     968.35 	      PKiKP 
     55.00       1.1555     973.90 	      PKiKP 
     60.00       1.2442     979.90 	      PKiKP 
     65.00       1.3288     986.33 	      PKiKP 
     70.00       1.4094     993.18 	      PKiKP 
     75.00       1.4857    1000.42 	      PKiKP 
     80.00       1.5576    1008.03 	      PKiKP 
     85.00       1.6250    1015.99 	      PKiKP 
     90.00       1.6877    1024.27 	      PKiKP 
     95.00       1.7457    1032.86 	      PKiKP 
    100.00       1.7989    1041.72 	      PKiKP 
    105.00       1.8473    1050.84 	      PKiKP 
    110.00       1.8909    1060.19 	      PKiKP 
    115.00       1.9296    1069.74 	      PKiKP 
    120.00       1.9635    1079.47 	      PKiKP 
    125.00       1.9927    1089.37 	      PKiKP 
    130.00       2.0171    1099.39 	      PKiKP 
    135.00       2.0369    1109.53 	      PKiKP 
    140.00       2.0520    1119.75 	      PKiKP 
    145.00       2.0627    1130.04 	      PKiKP 
    150.00       2.0689    1140.37 	      PKiKP 
    450.00     450.00 	 PKPcd 	 depth
     20.00       0.4467     944.41 	      PKiKP 
     25.00       0.5554     946.92 	      PKiKP 
     30.00       0.6622     949.97 	      PKiKP 
     35.00       0.7667     953.54 	      PKiKP 
     40.00       0.8686     957.63 	      PKiKP 
     45.00       0.9676     962.22 	      PKiKP 
     50.00       1.0634     967.30 	      PKiKP 
     55.00       1.1557     972.85 	      PKiKP 
     60.00       1.2443     978.85 	      PKiKP 
     65.00       1.3290     985.29 	      PKiKP 
     70.00       1.4096     992.13 	      PKiKP 
     75.00       1.4859     999.37 	      PKiKP 
     80.00       1.5578    1006.99 	      PKiKP 
     85.00       1.6252    1014.94 	      PKiKP 
     90.00       1.6879    1023.23 	      PKiKP 
     95.00       1.7458    1031.82 	      PKiKP 
    100.00       1.7990    1040.68 	      PKiKP 
    105.00       1.8474    1049.80 	      PKiKP 
    110.00       1.8910    1059.15 	      PKiKP 
    115.00       1.9297    1068.70 	      PKiKP 
    120.00       1.9637    1078.44 	      PKiKP 
    125.00       1.9928    1088.33 	      PKiKP 
    130.00       2.0172    1098.36 	      PKiKP 
    135.00       2.0369    1108.49 	      PKiKP 
    140.00       2.0521    1118.72 	      PKiKP 
    145.00       2.0627    1129.01 	      PKiKP 
    150.00       2.0689    1139.34 	      PKiKP 
    460.00     460.00 	 PKPcd 	 depth
     20.00       0.4468     943.36 	      PKiKP 
     25.00       0.5555     945.87 	      PKiKP 
     30.00       0.6623     948.92 	      PKiKP 
     35.00       0.7668     952.49 	      PKiKP 
     40.00       0.8688     956.58 	      PKiKP 
     45.00       0.9678     961.17 	      PKiKP 
     50.00       1.0636     966.25 	      PKiKP 
     55.00       1.1559     971.80 	      PKiKP 
     60.00       1.2445     977.81 	      PKiKP 
     65.00       1.3292     984.24 	      PKiKP 
     70.00       1.4098     991.09 	      PKiKP 
     75.00       1.4861     998.33 	      PKiKP 
     80.00       1.5580    1005.95 	      PKiKP 
     85.00       1.6253    1013.91 	      PKiKP 
     90.00       1.6880    1022.19 	      PKiKP 
     95.00       1.7460    1030.78 	      PKiKP 
    100.00       1.7992    1039.64 	      PKiKP 
    105.00       1.8476    1048.76 	      PKiKP 
    110.00       1.8911    1058.11 	      PKiKP 
    115.00       1.9299    1067.67 	      PKiKP 
    120.00       1.9638    1077.40 	      PKiKP 
    125.00       1.9929    1087.30 	      PKiKP 
    130.00       2.0173    1097.32 	      PKiKP 
    135.00       2.0370    1107.46 	      PKiKP 
    140.00       2.0521    1117.68 	      PKiKP 
    145.00       2.0627    1127.97 	      PKiKP 
    150.00       2.0689    1138.30 	      PKiKP 
    470.00     470.00 	 PKPcd 	 depth
     20.00       0.4468     942.32 	      PKiKP 
     25.00       0.5556     944.82 	      PKiKP 
     30.00       0.6624     947.87 	      PKiKP 
     35.00       0.7670     951.44 	      PKiKP 
     40.00       0.8689     955.54 	      PKiKP 
     45.00       0.9679     960.13 	      PKiKP 
     50.00       1.0638     965.21 	      PKiKP 
     55.00       1.1561     970.76 	      PKiKP 
     60.00       1.2447     976.76 	      PKiKP 
     65.00       1.3294     983.20 	      PKiKP 
     70.00       1.4100     990.05 	      PKiKP 
     75.00       1.4863     997.30 	      PKiKP 
     80.00       1.5582    1004.91 	      PKiKP 
     85.00       1.6255    1012.87 	      PKiKP 
     90.00       1.6882    1021.16 	      PKiKP 
     95.00       1.7462    1029.74 	      PKiKP 
    100.00       1.7994    1038.61 	      PKiKP 
    105.00       1.8477    1047.73 	      PKiKP 
    110.00       1.8913    1057.08 	      PKiKP 
    115.00       1.9300    1066.63 	      PKiKP 
    120.00       1.9639    1076.37 	      PKiKP 
    125.00       1.9930    1086.27 	      PKiKP 
    130.00       2.0174    1096.29 	      PKiKP 
    135.00       2.0371    1106.43 	      PKiKP 
    140.00       2.0522    1116.66 	      PKiKP 
    145.00       2.0628    1126.95 	      PKiKP 
    150.00       2.0690    1137.28 	      PKiKP 
    480.00     480.00 	 PKPcd 	 depth
     20.00       0.4469     941.27 	      PKiKP 
     25.00       0.5557     943.78 	      PKiKP 
     30.00       0.6626     946.83 	      PKiKP 
     35.00       0.7671     950.40 	      PKiKP 
     40.00       0.8691     954.50 	      PKiKP 
     45.00       0.9681     959.09 	      PKiKP 
     50.00       1.0639     964.17 	      PKiKP 
     55.00       1.1563     969.72 	      PKiKP 
     60.00       1.2449     975.73 	      PKiKP 
     65.00       1.3296     982.17 	      PKiKP 
     70.00       1.4102     989.02 	      PKiKP 
     75.00       1.4865     996.26 	      PKiKP 
     80.00       1.5584    1003.88 	      PKiKP 
     85.00       1.6257    1011.84 	      PKiKP 
     90.00       1.6884    1020.12 	      PKiKP 
     95.00       1.7464    1028.71 	      PKiKP 
    100.00       1.7995    1037.58 	      PKiKP 
    105.00       1.8479    1046.70 	      PKiKP 
    110.00       1.8914    1056.05 	      PKiKP 
    115.00       1.9301    1065.61 	      PKiKP 
    120.00       1.9640    1075.34 	      PKiKP 
    125.00       1.9931    1085.24 	      PKiKP 
    130.00       2.0174    1095.27 	      PKiKP 
    135.00       2.0371    1105.41 	      PKiKP 
    140.00       2.0522    1115.63 	      PKiKP 
    145.00       2.0628    1125.92 	      PKiKP 
    150.00       2.0690    1136.25 	      PKiKP 
    490.00     490.00 	 PKPcd 	 depth
     20.00       0.4470     940.23 	      PKiKP 
     25.00       0.5558     942.74 	      PKiKP 
     30.00       0.6627     945.79 	      PKiKP 
     35.00       0.7673     949.37 	      PKiKP 
     40.00       0.8692     953.46 	      PKiKP 
     45.00       0.9683     958.05 	      PKiKP 
     50.00       1.0641     963.14 	      PKiKP 
     55.00       1.1565     968.69 	      PKiKP 
     60.00       1.2451     974.69 	      PKiKP 
     65.00       1.3298     981.13 	      PKiKP 
     70.00       1.4104     987.99 	      PKiKP 
     75.00       1.4867     995.23 	      PKiKP 
     80.00       1.5586    1002.85 	      PKiKP 
     85.00       1.6259    1010.81 	      PKiKP 
     90.00       1.6886    1019.10 	      PKiKP 
     95.00       1.7465    1027.69 	      PKiKP 
    100.00       1.7997    1036.56 	      PKiKP 
    105.00       1.8481    1045.68 	      PKiKP 
    110.00       1.8916    1055.03 	      PKiKP 
    115.00       1.9303    1064.58 	      PKiKP 
    120.00       1.9641    1074.32 	      PKiKP 
    125.00       1.9932    1084.22 	      PKiKP 
    130.00       2.0175    1094.25 	      PKiKP 
    135.00       2.0372    1104.38 	      PKiKP 
    140.00       2.0523    1114.61 	      PKiKP 
    145.00       2.0628    1124.90 	      PKiKP 
    150.00       2.0690    1135.23 	      PKiKP 
    500.00     500.00 	 PKPcd 	 depth
     20.00       0.4471     939.20 	      PKiKP 
     25.00       0.5559     941.71 	      PKiKP 
     30.00       0.6628     944.76 	      PKiKP 
     35.00       0.7674     948.33 	      PKiKP 
     40.00       0.8694     952.42 	      PKiKP 
     45.00       0.9685     957.02 	      PKiKP 
     50.00       1.0643     962.10 	      PKiKP 
     55.00       1.1567     967.66 	      PKiKP 
     60.00       1.2453     973.66 	      PKiKP 
     65.00       1.3300     980.10 	      PKiKP 
     70.00       1.4106     986.96 	      PKiKP 
     75.00       1.4869     994.20 	      PKiKP 
     80.00       1.5588    1001.82 	      PKiKP 
     85.00       1.6261    1009.78 	      PKiKP 
     90.00       1.6888    1018.07 	      PKiKP 
     95.00       1.7467    1026.66 	      PKiKP 
    100.00       1.7999    1035.53 	      PKiKP 
    105.00       1.8482    1044.66 	      PKiKP 
    110.00       1.8917    1054.01 	      PKiKP 
    115.00       1.9304    1063.56 	      PKiKP 
    120.00       1.9642    1073.30 	      PKiKP 
    125.00       1.9933    1083.20 	      PKiKP 
    130.00       2.0176    1093.23 	      PKiKP 
    135.00       2.0373    1103.37 	      PKiKP 
    140.00       2.0523    1113.59 	      PKiKP 
    145.00       2.0629    1123.88 	      PKiKP 
    150.00       2.0690    1134.21 	      PKiKP 
    510.00     510.00 	 PKPcd 	 depth
     20.00       0.4472     938.17 	      PKiKP 
     25.00       0.5560     940.68 	      PKiKP 
     30.00       0.6629     943.72 	      PKiKP 
     35.00       0.7676     947.30 	      PKiKP 
     40.00       0.8696     951.40 	      PKiKP 
     45.00       0.9686     955.99 	      PKiKP 
     50.00       1.0645     961.08 	      PKiKP 
     55.00       1.1569     966.63 	      PKiKP 
     60.00       1.2455     972.64 	      PKiKP 
     65.00       1.3303     979.08 	      PKiKP 
     70.00       1.4108     985.93 	      PKiKP 
     75.00       1.4871     993.18 	      PKiKP 
     80.00       1.5590    1000.80 	      PKiKP 
     85.00       1.6263    1008.76 	      PKiKP 
     90.00       1.6890    1017.05 	      PKiKP 
     95.00       1.7469    1025.65 	      PKiKP 
    100.00       1.8001    1034.52 	      PKiKP 
    105.00       1.8484    1043.64 	      PKiKP 
    110.00       1.8919    1052.99 	      PKiKP 
    115.00       1.9305    1062.55 	      PKiKP 
    120.00       1.9643    1072.29 	      PKiKP 
    125.00       1.9934    1082.18 	      PKiKP 
    130.00       2.0177    1092.21 	      PKiKP 
    135.00       2.0373    1102.35 	      PKiKP 
    140.00       2.0524    1112.58 	      PKiKP 
    145.00       2.0629    1122.87 	      PKiKP 
    150.00       2.0690    1133.20 	      PKiKP 
    520.00     520.00 	 PKPcd 	 depth
     20.00       0.4473     937.14 	      PKiKP 
     25.00       0.5562     939.65 	      PKiKP 
     30.00       0.6631     942.70 	      PKiKP 
     35.00       0.7677     946.27 	      PKiKP 
     40.00       0.8697     950.37 	      PKiKP 
     45.00       0.9688     954.97 	      PKiKP 
     50.00       1.0647     960.05 	      PKiKP 
     55.00       1.1571     965.61 	      PKiKP 
     60.00       1.2457     971.62 	      PKiKP 
     65.00       1.3305     978.06 	      PKiKP 
     70.00       1.4111     984.91 	      PKiKP 
     75.00       1.4874     992.16 	      PKiKP 
     80.00       1.5592     999.78 	      PKiKP 
     85.00       1.6265    1007.75 	      PKiKP 
     90.00       1.6892    1016.04 	      PKiKP 
     95.00       1.7471    1024.63 	      PKiKP 
    100.00       1.8002    1033.50 	      PKiKP 
    105.00       1.8485    1042.62 	      PKiKP 
    110.00       1.8920    1051.98 	      PKiKP 
    115.00       1.9306    1061.54 	      PKiKP 
    120.00       1.9645    1071.28 	      PKiKP 
    125.00       1.9935    1081.17 	      PKiKP 
    130.00       2.0178    1091.20 	      PKiKP 
    135.00       2.0374    1101.34 	      PKiKP 
    140.00       2.0524    1111.57 	      PKiKP 
    145.00       2.0629    1121.86 	      PKiKP 
    150.00       2.0690    1132.19 	      PKiKP 
    530.00     530.00 	 PKPcd 	 depth
     20.00       0.4474     936.11 	      PKiKP 
     25.00       0.5563     938.62 	      PKiKP 
     30.00       0.6632     941.67 	      PKiKP 
     35.00       0.7679     945.25 	      PKiKP 
     40.00       0.8699     949.35 	      PKiKP 
     45.00       0.9690     953.95 	      PKiKP 
     50.00       1.0649     959.03 	      PKiKP 
     55.00       1.1573     964.59 	      PKiKP 
     60.00       1.2459     970.60 	      PKiKP 
     65.00       1.3307     977.04 	      PKiKP 
     70.00       1.4113     983.90 	      PKiKP 
     75.00       1.4876     991.15 	      PKiKP 
     80.00       1.5594     998.77 	      PKiKP 
     85.00       1.6267    1006.73 	      PKiKP 
     90.00       1.6894    1015.03 	      PKiKP 
     95.00       1.7473    1023.62 	      PKiKP 
    100.00       1.8004    1032.49 	      PKiKP 
    105.00       1.8487    1041.61 	      PKiKP 
    110.00       1.8922    1050.97 	      PKiKP 
    115.00       1.9308    1060.53 	      PKiKP 
    120.00       1.9646    1070.27 	      PKiKP 
    125.00       1.9936    1080.17 	      PKiKP 
    130.00       2.0179    1090.20 	      PKiKP 
    135.00       2.0375    1100.34 	      PKiKP 
    140.00       2.0525    1110.56 	      PKiKP 
    145.00       2.0630    1120.85 	      PKiKP 
    150.00       2.0691    1131.19 	      PKiKP 
    540.00     540.00 	 PKPcd 	 depth
     20.00       0.4475     935.09 	      PKiKP 
     25.00       0.5564     937.60 	      PKiKP 
     30.00       0.6633     940.65 	      PKiKP 
     35.00       0.7680     944.23 	      PKiKP 
     40.00       0.8701     948.33 	      PKiKP 
     45.00       0.9692     952.93 	      PKiKP 
     50.00       1.0651     958.01 	      PKiKP 
     55.00       1.1575     963.57 	      PKiKP 
     60.00       1.2461     969.58 	      PKiKP 
     65.00       1.3309     976.03 	      PKiKP 
     70.00       1.4115     982.88 	      PKiKP 
     75.00       1.4878     990.13 	      PKiKP 
     80.00       1.5596     997.75 	      PKiKP 
     85.00       1.6269    1005.72 	      PKiKP 
     90.00       1.6896    1014.02 	      PKiKP 
     95.00       1.7475    1022.61 	      PKiKP 
    100.00       1.8006    1031.48 	      PKiKP 
    105.00       1.8489    1040.61 	      PKiKP 
    110.00       1.8923    1049.96 	      PKiKP 
    115.00       1.9309    1059.52 	      PKiKP 
    120.00       1.9647    1069.26 	      PKiKP 
    125.00       1.9937    1079.16 	      PKiKP 
    130.00       2.0179    1089.19 	      PKiKP 
    135.00       2.0375    1099.33 	      PKiKP 
    140.00       2.0525    1109.56 	      PKiKP 
    145.00       2.0630    1119.85 	      PKiKP 
    150.00       2.0691    1130.18 	      PKiKP 
    550.00     550.00 	 PKPcd 	 depth
     20.00       0.4476     934.07 	      PKiKP 
     25.00       0.5565     936.58 	      PKiKP 
     30.00       0.6635     939.63 	      PKiKP 
     35.00       0.7682     943.22 	      PKiKP 
     40.00       0.8702     947.31 	      PKiKP 
     45.00       0.9694     951.91 	      PKiKP 
     50.00       1.0653     957.00 	      PKiKP 
     55.00       1.1577     962.56 	      PKiKP 
     60.00       1.2463     968.57 	      PKiKP 
     65.00       1.3311     975.02 	      PKiKP 
     70.00       1.4117     981.87 	      PKiKP 
     75.00       1.4880     989.13 	      PKiKP 
     80.00       1.5598     996.75 	      PKiKP 
     85.00       1.6271    1004.72 	      PKiKP 
     90.00       1.6898    1013.01 	      PKiKP 
     95.00       1.7476    1021.61 	      PKiKP 
    100.00       1.8008    1030.48 	      PKiKP 
    105.00       1.8490    1039.61 	      PKiKP 
    110.00       1.8925    1048.96 	      PKiKP 
    115.00       1.9310    1058.52 	      PKiKP 
    120.00       1.9648    1068.26 	      PKiKP 
    125.00       1.9938    1078.16 	      PKiKP 
    130.00       2.0180    1088.19 	      PKiKP 
    135.00       2.0376    1098.33 	      PKiKP 
    140.00       2.0526    1108.56 	      PKiKP 
    145.00       2.0630    1118.85 	      PKiKP 
    150.00       2.0691    1129.18 	      PKiKP 
    560.00     560.00 	 PKPcd 	 depth
     20.00       0.4477     933.06 	      PKiKP 
     25.00       0.5566     935.57 	      PKiKP 
     30.00       0.6636     938.62 	      PKiKP 
     35.00       0.7683     942.20 	      PKiKP 
     40.00       0.8704     946.30 	      PKiKP 
     45.00       0.9695     950.90 	      PKiKP 
     50.00       1.0654     955.99 	      PKiKP 
     55.00       1.1579     961.55 	      PKiKP 
     60.00       1.2466     967.56 	      PKiKP 
     65.00       1.3313     974.01 	      PKiKP 
     70.00       1.4119     980.87 	      PKiKP 
     75.00       1.4882     988.12 	      PKiKP 
     80.00       1.5600     995.74 	      PKiKP 
     85.00       1.6273    1003.71 	      PKiKP 
     90.00       1.6900    1012.01 	      PKiKP 
     95.00       1.7478    1020.61 	      PKiKP 
    100.00       1.8009    1029.48 	      PKiKP 
    105.00       1.8492    1038.61 	      PKiKP 
    110.00       1.8926    1047.96 	      PKiKP 
    115.00       1.9312    1057.52 	      PKiKP 
    120.00       1.9649    1067.27 	      PKiKP 
    125.00       1.9939    1077.17 	      PKiKP 
    130.00       2.0181    1087.20 	      PKiKP 
    135.00       2.0377    1097.34 	      PKiKP 
    140.00       2.0526    1107.57 	      PKiKP 
    145.00       2.0631    1117.86 	      PKiKP 
    150.00       2.0691    1128.19 	      PKiKP 
    570.00     570.00 	 PKPcd 	 depth
     20.00       0.4478     932.05 	      PKiKP 
     25.00       0.5567     934.56 	      PKiKP 
     30.00       0.6637     937.61 	      PKiKP 
     35.00       0.7685     941.19 	      PKiKP 
     40.00       0.8706     945.29 	      PKiKP 
     45.00       0.9697     949.89 	      PKiKP 
     50.00       1.0656     954.98 	      PKiKP 
     55.00       1.1581     960.54 	      PKiKP 
     60.00       1.2468     966.56 	      PKiKP 
     65.00       1.3315     973.01 	      PKiKP 
     70.00       1.4121     979.87 	      PKiKP 
     75.00       1.4884     987.12 	      PKiKP 
     80.00       1.5603     994.74 	      PKiKP 
     85.00       1.6275    1002.71 	      PKiKP 
     90.00       1.6902    1011.01 	      PKiKP 
     95.00       1.7480    1019.61 	      PKiKP 
    100.00       1.8011    1028.48 	      PKiKP 
    105.00       1.8494    1037.61 	      PKiKP 
    110.00       1.8928    1046.97 	      PKiKP 
    115.00       1.9313    1056.53 	      PKiKP 
    120.00       1.9651    1066.27 	      PKiKP 
    125.00       1.9940    1076.17 	      PKiKP 
    130.00       2.0182    1086.21 	      PKiKP 
    135.00       2.0377    1096.35 	      PKiKP 
    140.00       2.0527    1106.58 	      PKiKP 
    145.00       2.0631    1116.87 	      PKiKP 
    150.00       2.0691    1127.20 	      PKiKP 
    580.00     580.00 	 PKPcd 	 depth
     20.00       0.4479     931.04 	      PKiKP 
     25.00       0.5568     933.55 	      PKiKP 
     30.00       0.6639     936.60 	      PKiKP 
     35.00       0.7686     940.19 	      PKiKP 
     40.00       0.8707     944.29 	      PKiKP 
     45.00       0.9699     948.89 	      PKiKP 
     50.00       1.0658     953.98 	      PKiKP 
     55.00       1.1583     959.54 	      PKiKP 
     60.00       1.2470     965.56 	      PKiKP 
     65.00       1.3317     972.01 	      PKiKP 
     70.00       1.4123     978.87 	      PKiKP 
     75.00       1.4886     986.12 	      PKiKP 
     80.00       1.5605     993.75 	      PKiKP 
     85.00       1.6277    1001.72 	      PKiKP 
     90.00       1.6904    1010.02 	      PKiKP 
     95.00       1.7482    1018.61 	      PKiKP 
    100.00       1.8013    1027.49 	      PKiKP 
    105.00       1.8495    1036.62 	      PKiKP 
    110.00       1.8929    1045.98 	      PKiKP 
    115.00       1.9315    1055.54 	      PKiKP 
    120.00       1.9652    1065.28 	      PKiKP 
    125.00       1.9941    1075.18 	      PKiKP 
    130.00       2.0183    1085.22 	      PKiKP 
    135.00       2.0378    1095.36 	      PKiKP 
    140.00       2.0527    1105.59 	      PKiKP 
    145.00       2.0631    1115.88 	      PKiKP 
    150.00       2.0691    1126.21 	      PKiKP 
    590.00     590.00 	 PKPcd 	 depth
     20.00       0.4480     930.04 	      PKiKP 
     25.00       0.5570     932.55 	      PKiKP 
     30.00       0.6640     935.60 	      PKiKP 
     35.00       0.7688     939.18 	      PKiKP 
     40.00       0.8709     943.28 	      PKiKP 
     45.00       0.9701     947.89 	      PKiKP 
     50.00       1.0660     952.98 	      PKiKP 
     55.00       1.1585     958.54 	      PKiKP 
     60.00       1.2472     964.56 	      PKiKP 
     65.00       1.3319     971.01 	      PKiKP 
     70.00       1.4126     977.87 	      PKiKP 
     75.00       1.4888     985.13 	      PKiKP 
     80.00       1.5607     992.75 	      PKiKP 
     85.00       1.6280    1000.73 	      PKiKP 
     90.00       1.6906    1009.02 	      PKiKP 
     95.00       1.7484    1017.62 	      PKiKP 
    100.00       1.8015    1026.50 	      PKiKP 
    105.00       1.8497    1035.63 	      PKiKP 
    110.00       1.8931    1044.99 	      PKiKP 
    115.00       1.9316    1054.55 	      PKiKP 
    120.00       1.9653    1064.30 	      PKiKP 
    125.00       1.9942    1074.20 	      PKiKP 
    130.00       2.0184    1084.23 	      PKiKP 
    135.00       2.0379    1094.37 	      PKiKP 
    140.00       2.0528    1104.60 	      PKiKP 
    145.00       2.0632    1114.89 	      PKiKP 
    150.00       2.0691    1125.23 	      PKiKP 
    600.00     600.00 	 PKPcd 	 depth
     20.00       0.4480     929.03 	      PKiKP 
     25.00       0.5571     931.55 	      PKiKP 
     30.00       0.6642     934.60 	      PKiKP 
     35.00       0.7689     938.19 	      PKiKP 
     40.00       0.8711     942.29 	      PKiKP 
     45.00       0.9703     946.89 	      PKiKP 
     50.00       1.0662     951.98 	      PKiKP 
     55.00       1.1587     957.55 	      PKiKP 
     60.00       1.2474     963.56 	      PKiKP 
     65.00       1.3322     970.02 	      PKiKP 
     70.00       1.4128     976.88 	      PKiKP 
     75.00       1.4891     984.14 	      PKiKP 
     80.00       1.5609     991.76 	      PKiKP 
     85.00       1.6282     999.74 	      PKiKP 
     90.00       1.6908    1008.04 	      PKiKP 
     95.00       1.7486    1016.64 	      PKiKP 
    100.00       1.8016    1025.51 	      PKiKP 
    105.00       1.8499    1034.65 	      PKiKP 
    110.00       1.8932    1044.01 	      PKiKP 
    115.00       1.9317    1053.57 	      PKiKP 
    120.00       1.9654    1063.31 	      PKiKP 
    125.00       1.9943    1073.22 	      PKiKP 
    130.00       2.0185    1083.25 	      PKiKP 
    135.00       2.0379    1093.39 	      PKiKP 
    140.00       2.0528    1103.62 	      PKiKP 
    145.00       2.0632    1113.91 	      PKiKP 
    150.00       2.0692    1124.25 	      PKiKP 
    610.00     610.00 	 PKPcd 	 depth
     20.00       0.4481     928.04 	      PKiKP 
     25.00       0.5572     930.55 	      PKiKP 
     30.00       0.6643     933.61 	      PKiKP 
     35.00       0.7691     937.19 	      PKiKP 
     40.00       0.8712     941.29 	      PKiKP 
     45.00       0.9705     945.90 	      PKiKP 
     50.00       1.0664     950.99 	      PKiKP 
     55.00       1.1589     956.56 	      PKiKP 
     60.00       1.2476     962.57 	      PKiKP 
     65.00       1.3324     969.03 	      PKiKP 
     70.00       1.4130     975.89 	      PKiKP 
     75.00       1.4893     983.15 	      PKiKP 
     80.00       1.5611     990.78 	      PKiKP 
     85.00       1.6284     998.75 	      PKiKP 
     90.00       1.6910    1007.05 	      PKiKP 
     95.00       1.7488    1015.65 	      PKiKP 
    100.00       1.8018    1024.53 	      PKiKP 
    105.00       1.8500    1033.66 	      PKiKP 
    110.00       1.8934    1043.02 	      PKiKP 
    115.00       1.9319    1052.59 	      PKiKP 
    120.00       1.9655    1062.34 	      PKiKP 
    125.00       1.9944    1072.24 	      PKiKP 
    130.00       2.0186    1082.27 	      PKiKP 
    135.00       2.0380    1092.41 	      PKiKP 
    140.00       2.0529    1102.64 	      PKiKP 
    145.00       2.0632    1112.94 	      PKiKP 
    150.00       2.0692    1123.27 	      PKiKP 
    620.00     620.00 	 PKPcd 	 depth
     20.00       0.4482     927.04 	      PKiKP 
     25.00       0.5573     929.56 	      PKiKP 
     30.00       0.6644     932.61 	      PKiKP 
     35.00       0.7693     936.20 	      PKiKP 
     40.00       0.8714     940.30 	      PKiKP 
     45.00       0.9706     944.91 	      PKiKP 
     50.00       1.0666     950.00 	      PKiKP 
     55.00       1.1591     955.57 	      PKiKP 
     60.00       1.2478     961.59 	      PKiKP 
     65.00       1.3326     968.04 	      PKiKP 
     70.00       1.4132     974.91 	      PKiKP 
     75.00       1.4895     982.16 	      PKiKP 
     80.00       1.5613     989.79 	      PKiKP 
     85.00       1.6286     997.77 	      PKiKP 
     90.00       1.6912    1006.07 	      PKiKP 
     95.00       1.7490    1014.67 	      PKiKP 
    100.00       1.8020    1023.55 	      PKiKP 
    105.00       1.8502    1032.69 	      PKiKP 
    110.00       1.8935    1042.05 	      PKiKP 
    115.00       1.9320    1051.61 	      PKiKP 
    120.00       1.9657    1061.36 	      PKiKP 
    125.00       1.9945    1071.26 	      PKiKP 
    130.00       2.0186    1081.30 	      PKiKP 
    135.00       2.0381    1091.44 	      PKiKP 
    140.00       2.0529    1101.67 	      PKiKP 
    145.00       2.0633    1111.96 	      PKiKP 
    150.00       2.0692    1122.30 	      PKiKP 
    630.00     630.00 	 PKPcd 	 depth
     20.00       0.4483     926.05 	      PKiKP 
     25.00       0.5574     928.57 	      PKiKP 
     30.00       0.6646     931.62 	      PKiKP 
     35.00       0.7694     935.21 	      PKiKP 
     40.00       0.8716     939.31 	      PKiKP 
     45.00       0.9708     943.92 	      PKiKP 
     50.00       1.0668     949.02 	      PKiKP 
     55.00       1.1593     954.58 	      PKiKP 
     60.00       1.2481     960.60 	      PKiKP 
     65.00       1.3328     967.06 	      PKiKP 
     70.00       1.4134     973.92 	      PKiKP 
     75.00       1.4897     981.18 	      PKiKP 
     80.00       1.5616     988.81 	      PKiKP 
     85.00       1.6288     996.79 	      PKiKP 
     90.00       1.6914    1005.09 	      PKiKP 
     95.00       1.7492    1013.70 	      PKiKP 
    100.00       1.8022    1022.58 	      PKiKP 
    105.00       1.8504    1031.71 	      PKiKP 
    110.00       1.8937    1041.07 	      PKiKP 
    115.00       1.9322    1050.64 	      PKiKP 
    120.00       1.9658    1060.39 	      PKiKP 
    125.00       1.9946    1070.29 	      PKiKP 
    130.00       2.0187    1080.33 	      PKiKP 
    135.00       2.0382    1090.47 	      PKiKP 
    140.00       2.0530    1100.70 	      PKiKP 
    145.00       2.0633    1110.99 	      PKiKP 
    150.00       2.0692    1121.32 	      PKiKP 
    640.00     640.00 	 PKPcd 	 depth
     20.00       0.4484     925.06 	      PKiKP 
     25.00       0.5576     927.58 	      PKiKP 
     30.00       0.6647     930.64 	      PKiKP 
     35.00       0.7696     934.22 	      PKiKP 
     40.00       0.8718     938.33 	      PKiKP 
     45.00       0.9710     942.94 	      PKiKP 
     50.00       1.0670     948.03 	      PKiKP 
     55.00       1.1595     953.60 	      PKiKP 
     60.00       1.2483     959.62 	      PKiKP 
     65.00       1.3331     966.08 	      PKiKP 
     70.00       1.4137     972.95 	      PKiKP 
     75.00       1.4900     980.21 	      PKiKP 
     80.00       1.5618     987.84 	      PKiKP 
     85.00       1.6290     995.82 	      PKiKP 
     90.00       1.6916    1004.12 	      PKiKP 
     95.00       1.7494    1012.72 	      PKiKP 
    100.00       1.8024    1021.61 	      PKiKP 
    105.00       1.8505    1030.74 	      PKiKP 
    110.00       1.8939    1040.10 	      PKiKP 
    115.00       1.9323    1049.67 	      PKiKP 
    120.00       1.9659    1059.42 	      PKiKP 
    125.00       1.9947    1069.32 	      PKiKP 
    130.00       2.0188    1079.36 	      PKiKP 
    135.00       2.0382    1089.50 	      PKiKP 
    140.00       2.0530    1099.73 	      PKiKP 
    145.00       2.0633    1110.02 	      PKiKP 
    150.00       2.0692    1120.36 	      PKiKP 
    650.00     650.00 	 PKPcd 	 depth
     20.00       0.4485     924.08 	      PKiKP 
     25.00       0.5577     926.60 	      PKiKP 
     30.00       0.6649     929.65 	      PKiKP 
     35.00       0.7697     933.24 	      PKiKP 
     40.00       0.8720     937.35 	      PKiKP 
     45.00       0.9712     941.96 	      PKiKP 
     50.00       1.0672     947.05 	      PKiKP 
     55.00       1.1597     952.62 	      PKiKP 
     60.00       1.2485     958.64 	      PKiKP 
     65.00       1.3333     965.10 	      PKiKP 
     70.00       1.4139     971.97 	      PKiKP 
     75.00       1.4902     979.23 	      PKiKP 
     80.00       1.5620     986.86 	      PKiKP 
     85.00       1.6292     994.84 	      PKiKP 
     90.00       1.6918    1003.15 	      PKiKP 
     95.00       1.7496    1011.75 	      PKiKP 
    100.00       1.8026    1020.64 	      PKiKP 
    105.00       1.8507    1029.77 	      PKiKP 
    110.00       1.8940    1039.14 	      PKiKP 
    115.00       1.9324    1048.70 	      PKiKP 
    120.00       1.9661    1058.45 	      PKiKP 
    125.00       1.9949    1068.36 	      PKiKP 
    130.00       2.0189    1078.39 	      PKiKP 
    135.00       2.0383    1088.54 	      PKiKP 
    140.00       2.0531    1098.77 	      PKiKP 
    145.00       2.0634    1109.06 	      PKiKP 
    150.00       2.0692    1119.39 	      PKiKP 
    660.00     660.00 	 PKPcd 	 depth
     20.00       0.4486     923.10 	      PKiKP 
     25.00       0.5578     925.62 	      PKiKP 
     30.00       0.6650     928.67 	      PKiKP 
     35.00       0.7699     932.26 	      PKiKP 
     40.00       0.8721     936.37 	      PKiKP 
     45.00       0.9714     940.98 	      PKiKP 
     50.00       1.0675     946.08 	      PKiKP 
     55.00       1.1600     951.65 	      PKiKP 
     60.00       1.2487     957.67 	      PKiKP 
     65.00       1.3335     964.13 	      PKiKP 
     70.00       1.4141     971.00 	      PKiKP 
     75.00       1.4904     978.26 	      PKiKP 
     80.00       1.5622     985.89 	      PKiKP 
     85.00       1.6295     993.88 	      PKiKP 
     90.00       1.6920    1002.18 	      PKiKP 
     95.00       1.7498    1010.79 	      PKiKP 
    100.00       1.8028    1019.67 	      PKiKP 
    105.00       1.8509    1028.81 	      PKiKP 
    110.00       1.8942    1038.17 	      PKiKP 
    115.00       1.9326    1047.74 	      PKiKP 
    120.00       1.9662    1057.49 	      PKiKP 
    125.00       1.9950    1067.40 	      PKiKP 
    130.00       2.0190    1077.43 	      PKiKP 
    135.00       2.0384    1087.58 	      PKiKP 
    140.00       2.0531    1097.81 	      PKiKP 
    145.00       2.0634    1108.10 	      PKiKP 
    150.00       2.0693    1118.43 	      PKiKP 
    670.00     670.00 	 PKPcd 	 depth
     20.00       0.4488     922.17 	      PKiKP 
     25.00       0.5579     924.69 	      PKiKP 
     30.00       0.6652     927.75 	      PKiKP 
     35.00       0.7701     931.34 	      PKiKP 
     40.00       0.8723     935.45 	      PKiKP 
     45.00       0.9716     940.06 	      PKiKP 
     50.00       1.0677     945.16 	      PKiKP 
     55.00       1.1602     950.73 	      PKiKP 
     60.00       1.2490     956.75 	      PKiKP 
     65.00       1.3337     963.21 	      PKiKP 
     70.00       1.4144     970.08 	      PKiKP 
     75.00       1.4907     977.35 	      PKiKP 
     80.00       1.5625     984.98 	      PKiKP 
     85.00       1.6297     992.96 	      PKiKP 
     90.00       1.6922    1001.27 	      PKiKP 
     95.00       1.7500    1009.88 	      PKiKP 
    100.00       1.8030    1018.76 	      PKiKP 
    105.00       1.8511    1027.90 	      PKiKP 
    110.00       1.8943    1037.27 	      PKiKP 
    115.00       1.9327    1046.84 	      PKiKP 
    120.00       1.9663    1056.59 	      PKiKP 
    125.00       1.9951    1066.49 	      PKiKP 
    130.00       2.0191    1076.53 	      PKiKP 
    135.00       2.0385    1086.67 	      PKiKP 
    140.00       2.0532    1096.91 	      PKiKP 
    145.00       2.0634    1107.20 	      PKiKP 
    150.00       2.0693    1117.53 	      PKiKP 
    680.00     680.00 	 PKPcd 	 depth
     20.00       0.4489     921.25 	      PKiKP 
     25.00       0.5581     923.77 	      PKiKP 
     30.00       0.6653     926.83 	      PKiKP 
     35.00       0.7702     930.42 	      PKiKP 
     40.00       0.8725     934.53 	      PKiKP 
     45.00       0.9718     939.14 	      PKiKP 
     50.00       1.0679     944.24 	      PKiKP 
     55.00       1.1604     949.81 	      PKiKP 
     60.00       1.2492     955.84 	      PKiKP 
     65.00       1.3340     962.30 	      PKiKP 
     70.00       1.4146     969.17 	      PKiKP 
     75.00       1.4909     976.44 	      PKiKP 
     80.00       1.5627     984.07 	      PKiKP 
     85.00       1.6299     992.06 	      PKiKP 
     90.00       1.6925    1000.36 	      PKiKP 
     95.00       1.7502    1008.97 	      PKiKP 
    100.00       1.8032    1017.86 	      PKiKP 
    105.00       1.8513    1027.00 	      PKiKP 
    110.00       1.8945    1036.36 	      PKiKP 
    115.00       1.9329    1045.93 	      PKiKP 
    120.00       1.9665    1055.68 	      PKiKP 
    125.00       1.9952    1065.59 	      PKiKP 
    130.00       2.0192    1075.63 	      PKiKP 
    135.00       2.0385    1085.77 	      PKiKP 
    140.00       2.0533    1096.01 	      PKiKP 
    145.00       2.0635    1106.30 	      PKiKP 
    150.00       2.0693    1116.63 	      PKiKP 
    690.00     690.00 	 PKPcd 	 depth
     20.00       0.4490     920.33 	      PKiKP 
     25.00       0.5582     922.85 	      PKiKP 
     30.00       0.6655     925.91 	      PKiKP 
     35.00       0.7704     929.50 	      PKiKP 
     40.00       0.8727     933.61 	      PKiKP 
     45.00       0.9720     938.22 	      PKiKP 
     50.00       1.0681     943.33 	      PKiKP 
     55.00       1.1607     948.90 	      PKiKP 
     60.00       1.2494     954.93 	      PKiKP 
     65.00       1.3342     961.39 	      PKiKP 
     70.00       1.4149     968.26 	      PKiKP 
     75.00       1.4911     975.53 	      PKiKP 
     80.00       1.5630     983.17 	      PKiKP 
     85.00       1.6302     991.15 	      PKiKP 
     90.00       1.6927     999.46 	      PKiKP 
     95.00       1.7504    1008.07 	      PKiKP 
    100.00       1.8034    1016.96 	      PKiKP 
    105.00       1.8515    1026.09 	      PKiKP 
    110.00       1.8947    1035.46 	      PKiKP 
    115.00       1.9331    1045.03 	      PKiKP 
    120.00       1.9666    1054.78 	      PKiKP 
    125.00       1.9953    1064.69 	      PKiKP 
    130.00       2.0193    1074.73 	      PKiKP 
    135.00       2.0386    1084.88 	      PKiKP 
    140.00       2.0533    1095.11 	      PKiKP 
    145.00       2.0635    1105.40 	      PKiKP 
    150.00       2.0693    1115.74 	      PKiKP 
    700.00     700.00 	 PKPcd 	 depth
     20.00       0.4491     919.41 	      PKiKP 
     25.00       0.5583     921.93 	      PKiKP 
     30.00       0.6656     924.99 	      PKiKP 
     35.00       0.7706     928.59 	      PKiKP 
     40.00       0.8729     932.70 	      PKiKP 
     45.00       0.9723     937.31 	      PKiKP 
     50.00       1.0683     942.41 	      PKiKP 
     55.00       1.1609     947.99 	      PKiKP 
     60.00       1.2497     954.02 	      PKiKP 
     65.00       1.3345     960.48 	      PKiKP 
     70.00       1.4151     967.35 	      PKiKP 
     75.00       1.4914     974.62 	      PKiKP 
     80.00       1.5632     982.26 	      PKiKP 
     85.00       1.6304     990.25 	      PKiKP 
     90.00       1.6929     998.56 	      PKiKP 
     95.00       1.7507    1007.17 	      PKiKP 
    100.00       1.8036    1016.05 	      PKiKP 
    105.00       1.8517    1025.19 	      PKiKP 
    110.00       1.8949    1034.56 	      PKiKP 
    115.00       1.9332    1044.14 	      PKiKP 
    120.00       1.9667    1053.89 	      PKiKP 
    125.00       1.9954    1063.79 	      PKiKP 
    130.00       2.0194    1073.83 	      PKiKP 
    135.00       2.0387    1083.98 	      PKiKP 
    140.00       2.0534    1094.21 	      PKiKP 
    145.00       2.0635    1104.51 	      PKiKP 
    150.00       2.0693    1114.84 	      PKiKP 
