      0.00       0.00 	 S 	 depth
     20.00      20.0491     500.86 	 S 
     20.00      22.6070     502.51 	 S 
     20.00      23.6409     503.08 	 S 
     20.00      16.6734     509.52 	 S 
     25.00      15.8872     591.46 	 S 
     25.00      18.5667     597.71 	 S 
     30.00      15.6689     670.27 	 S 
     35.00      15.3698     747.93 	 S 
     40.00      14.9587     823.79 	 S 
     45.00      14.4808     897.41 	 S 
     50.00      13.9639     968.53 	 S 
     55.00      13.4240    1037.00 	 S 
     60.00      12.8687    1102.74 	 S 
     65.00      12.3031    1165.67 	 S 
     70.00      11.7260    1225.75 	 S 
     75.00      11.1335    1282.91 	 S 
     80.00      10.5211    1337.05 	 S 
     85.00       9.8798    1388.07 	 S 
     90.00       9.1984    1435.78 	 S 
     95.00       8.6551    1480.15 	 S 
    100.00       8.3233    1522.52 	 Sdiff 
    105.00       8.3233    1564.14 	 Sdiff 
    110.00       8.3233    1605.76 	 Sdiff 
    115.00       8.3233    1647.37 	 Sdiff 
    120.00       8.3233    1688.99 	 Sdiff 
    125.00       8.3233    1730.61 	 Sdiff 
    130.00       8.3233    1772.22 	 Sdiff 
    135.00       8.3233    1813.84 	 Sdiff 
    140.00       8.3233    1855.45 	 Sdiff 
     10.00      10.00 	 S 	 depth
     20.00      20.0350     498.49 	 S 
     20.00      22.5644     500.33 	 S 
     20.00      23.6619     501.00 	 S 
     20.00      16.6703     506.95 	 S 
     25.00      15.8827     588.85 	 S 
     25.00      18.5453     595.24 	 S 
     30.00      15.6670     667.65 	 S 
     35.00      15.3663     745.29 	 S 
     40.00      14.9546     821.13 	 S 
     45.00      14.4764     894.73 	 S 
     50.00      13.9594     965.83 	 S 
     55.00      13.4196    1034.28 	 S 
     60.00      12.8645    1100.00 	 S 
     65.00      12.2990    1162.91 	 S 
     70.00      11.7220    1222.97 	 S 
     75.00      11.1296    1280.10 	 S 
     80.00      10.5174    1334.23 	 S 
     85.00       9.8761    1385.23 	 S 
     90.00       9.1947    1432.92 	 S 
     95.00       8.6539    1477.27 	 S 
    100.00       8.3233    1519.64 	 Sdiff 
    105.00       8.3233    1561.26 	 Sdiff 
    110.00       8.3233    1602.88 	 Sdiff 
    115.00       8.3233    1644.49 	 Sdiff 
    120.00       8.3233    1686.11 	 Sdiff 
    125.00       8.3233    1727.72 	 Sdiff 
    130.00       8.3233    1769.34 	 Sdiff 
    135.00       8.3233    1810.96 	 Sdiff 
    140.00       8.3233    1852.57 	 Sdiff 
     20.00      20.00 	 S 	 depth
     20.00      20.0207     496.12 	 S 
     20.00      22.5228     498.16 	 S 
     20.00      23.6819     498.92 	 S 
     20.00      16.6671     504.39 	 S 
     25.00      15.8784     586.24 	 S 
     25.00      18.5238     592.78 	 S 
     30.00      15.6651     665.03 	 S 
     35.00      15.3628     742.66 	 S 
     40.00      14.9504     818.48 	 S 
     45.00      14.4720     892.05 	 S 
     50.00      13.9550     963.13 	 S 
     55.00      13.4153    1031.56 	 S 
     60.00      12.8602    1097.26 	 S 
     65.00      12.2949    1160.15 	 S 
     70.00      11.7180    1220.19 	 S 
     75.00      11.1257    1277.30 	 S 
     80.00      10.5136    1331.41 	 S 
     85.00       9.8723    1382.39 	 S 
     90.00       9.1910    1430.06 	 S 
     95.00       8.6527    1474.40 	 S 
    100.00       8.3233    1516.76 	 Sdiff 
    105.00       8.3233    1558.38 	 Sdiff 
    110.00       8.3233    1600.00 	 Sdiff 
    115.00       8.3233    1641.61 	 Sdiff 
    120.00       8.3233    1683.23 	 Sdiff 
    125.00       8.3233    1724.84 	 Sdiff 
    130.00       8.3233    1766.46 	 Sdiff 
    135.00       8.3233    1808.08 	 Sdiff 
    140.00       8.3233    1849.69 	 Sdiff 
     30.00      30.00 	 S 	 depth
     20.00      20.0031     494.16 	 S 
     20.00      22.4715     496.43 	 S 
     20.00      23.7061     497.33 	 S 
     20.00      16.6632     502.18 	 S 
     25.00      15.8737     583.99 	 S 
     25.00      18.4984     590.70 	 S 
     30.00      15.6629     662.77 	 S 
     35.00      15.3588     740.38 	 S 
     40.00      14.9457     816.18 	 S 
     45.00      14.4669     889.73 	 S 
     50.00      13.9499     960.78 	 S 
     55.00      13.4103    1029.19 	 S 
     60.00      12.8553    1094.86 	 S 
     65.00      12.2901    1157.73 	 S 
     70.00      11.7135    1217.74 	 S 
     75.00      11.1213    1274.83 	 S 
     80.00      10.5093    1328.92 	 S 
     85.00       9.8681    1379.87 	 S 
     90.00       9.1868    1427.53 	 S 
     95.00       8.6514    1471.85 	 S 
    100.00       8.3233    1514.20 	 Sdiff 
    105.00       8.3233    1555.82 	 Sdiff 
    110.00       8.3233    1597.44 	 Sdiff 
    115.00       8.3233    1639.05 	 Sdiff 
    120.00       8.3233    1680.67 	 Sdiff 
    125.00       8.3233    1722.29 	 Sdiff 
    130.00       8.3233    1763.90 	 Sdiff 
    135.00       8.3233    1805.52 	 Sdiff 
    140.00       8.3233    1847.14 	 Sdiff 
     40.00      40.00 	 S 	 depth
     20.00      19.9808     492.52 	 S 
     20.00      22.4011     495.09 	 S 
     20.00      23.7425     496.22 	 S 
     20.00      16.6586     500.26 	 S 
     25.00      15.8685     582.01 	 S 
     25.00      18.4678     588.92 	 S 
     30.00      15.6603     660.77 	 S 
     35.00      15.3541     738.37 	 S 
     40.00      14.9402     814.14 	 S 
     45.00      14.4611     887.66 	 S 
     50.00      13.9441     958.69 	 S 
     55.00      13.4046    1027.06 	 S 
     60.00      12.8498    1092.70 	 S 
     65.00      12.2848    1155.54 	 S 
     70.00      11.7083    1215.53 	 S 
     75.00      11.1164    1272.60 	 S 
     80.00      10.5045    1326.66 	 S 
     85.00       9.8633    1377.59 	 S 
     90.00       9.1822    1425.22 	 S 
     95.00       8.6498    1469.53 	 S 
    100.00       8.3233    1511.87 	 Sdiff 
    105.00       8.3233    1553.49 	 Sdiff 
    110.00       8.3233    1595.10 	 Sdiff 
    115.00       8.3233    1636.72 	 Sdiff 
    120.00       8.3233    1678.34 	 Sdiff 
    125.00       8.3233    1719.95 	 Sdiff 
    130.00       8.3233    1761.57 	 Sdiff 
    135.00       8.3233    1803.19 	 Sdiff 
    140.00       8.3233    1844.80 	 Sdiff 
     50.00      50.00 	 S 	 depth
     20.00      19.9534     491.21 	 S 
     20.00      22.3142     494.15 	 S 
     20.00      23.7759     495.62 	 S 
     20.00      16.6531     498.61 	 S 
     25.00      15.8628     580.30 	 S 
     25.00      18.4321     587.43 	 S 
     30.00      15.6572     659.05 	 S 
     35.00      15.3488     736.62 	 S 
     40.00      14.9339     812.36 	 S 
     45.00      14.4546     885.85 	 S 
     50.00      13.9375     956.84 	 S 
     55.00      13.3982    1025.18 	 S 
     60.00      12.8436    1090.79 	 S 
     65.00      12.2789    1153.60 	 S 
     70.00      11.7027    1213.56 	 S 
     75.00      11.1109    1270.60 	 S 
     80.00      10.4991    1324.63 	 S 
     85.00       9.8580    1375.54 	 S 
     90.00       9.1771    1423.15 	 S 
     95.00       8.6481    1467.44 	 S 
    100.00       8.3233    1509.77 	 Sdiff 
    105.00       8.3233    1551.38 	 Sdiff 
    110.00       8.3233    1593.00 	 Sdiff 
    115.00       8.3233    1634.62 	 Sdiff 
    120.00       8.3233    1676.23 	 Sdiff 
    125.00       8.3233    1717.85 	 Sdiff 
    130.00       8.3233    1759.47 	 Sdiff 
    135.00       8.3233    1801.08 	 Sdiff 
    140.00       8.3233    1842.70 	 Sdiff 
     60.00      60.00 	 S 	 depth
     20.00      19.9253     489.90 	 S 
     20.00      22.2316     493.20 	 S 
     20.00      16.6475     496.96 	 S 
     25.00      15.8574     578.59 	 S 
     25.00      18.3964     585.95 	 S 
     30.00      15.6541     657.32 	 S 
     35.00      15.3434     734.87 	 S 
     40.00      14.9277     810.58 	 S 
     45.00      14.4480     884.04 	 S 
     50.00      13.9309     955.00 	 S 
     55.00      13.3918    1023.31 	 S 
     60.00      12.8374    1088.89 	 S 
     65.00      12.2729    1151.67 	 S 
     70.00      11.6970    1211.60 	 S 
     75.00      11.1053    1268.61 	 S 
     80.00      10.4938    1322.61 	 S 
     85.00       9.8528    1373.50 	 S 
     90.00       9.1720    1421.08 	 S 
     95.00       8.6464    1465.35 	 S 
    100.00       8.3233    1507.67 	 Sdiff 
    105.00       8.3233    1549.28 	 Sdiff 
    110.00       8.3233    1590.90 	 Sdiff 
    115.00       8.3233    1632.51 	 Sdiff 
    120.00       8.3233    1674.13 	 Sdiff 
    125.00       8.3233    1715.75 	 Sdiff 
    130.00       8.3233    1757.36 	 Sdiff 
    135.00       8.3233    1798.98 	 Sdiff 
    140.00       8.3233    1840.60 	 Sdiff 
     70.00      70.00 	 S 	 depth
     20.00      19.8965     488.59 	 S 
     20.00      22.1525     492.24 	 S 
     20.00      16.6416     495.32 	 S 
     25.00      15.8523     576.89 	 S 
     25.00      18.3607     584.47 	 S 
     30.00      15.6509     655.60 	 S 
     35.00      15.3380     733.13 	 S 
     40.00      14.9214     808.81 	 S 
     45.00      14.4413     882.24 	 S 
     50.00      13.9243     953.16 	 S 
     55.00      13.3854    1021.44 	 S 
     60.00      12.8312    1086.98 	 S 
     65.00      12.2670    1149.73 	 S 
     70.00      11.6912    1209.63 	 S 
     75.00      11.0998    1266.62 	 S 
     80.00      10.4884    1320.60 	 S 
     85.00       9.8475    1371.45 	 S 
     90.00       9.1669    1419.00 	 S 
     95.00       8.6446    1463.26 	 S 
    100.00       8.3233    1505.57 	 Sdiff 
    105.00       8.3233    1547.18 	 Sdiff 
    110.00       8.3233    1588.80 	 Sdiff 
    115.00       8.3233    1630.41 	 Sdiff 
    120.00       8.3233    1672.03 	 Sdiff 
    125.00       8.3233    1713.65 	 Sdiff 
    130.00       8.3233    1755.26 	 Sdiff 
    135.00       8.3233    1796.88 	 Sdiff 
    140.00       8.3233    1838.50 	 Sdiff 
     80.00      80.00 	 S 	 depth
     20.00      19.8669     487.29 	 S 
     20.00      22.0763     491.28 	 S 
     20.00      16.6355     493.68 	 S 
     25.00      15.8473     575.19 	 S 
     25.00      18.3248     582.99 	 S 
     30.00      15.6475     653.89 	 S 
     35.00      15.3325     731.39 	 S 
     40.00      14.9150     807.04 	 S 
     45.00      14.4347     880.43 	 S 
     50.00      13.9177     951.33 	 S 
     55.00      13.3790    1019.57 	 S 
     60.00      12.8249    1085.08 	 S 
     65.00      12.2610    1147.80 	 S 
     70.00      11.6855    1207.67 	 S 
     75.00      11.0942    1264.63 	 S 
     80.00      10.4830    1318.58 	 S 
     85.00       9.8422    1369.41 	 S 
     90.00       9.1618    1416.94 	 S 
     95.00       8.6429    1461.17 	 S 
    100.00       8.3233    1503.47 	 Sdiff 
    105.00       8.3233    1545.08 	 Sdiff 
    110.00       8.3233    1586.70 	 Sdiff 
    115.00       8.3233    1628.32 	 Sdiff 
    120.00       8.3233    1669.93 	 Sdiff 
    125.00       8.3233    1711.55 	 Sdiff 
    130.00       8.3233    1753.17 	 Sdiff 
    135.00       8.3233    1794.78 	 Sdiff 
    140.00       8.3233    1836.40 	 Sdiff 
     90.00      90.00 	 S 	 depth
     20.00      19.8367     485.99 	 S 
     20.00      22.0027     490.31 	 S 
     20.00      16.6291     492.05 	 S 
     25.00      15.8425     573.49 	 S 
     25.00      18.2888     581.52 	 S 
     30.00      15.6441     652.17 	 S 
     35.00      15.3270     729.65 	 S 
     40.00      14.9087     805.27 	 S 
     45.00      14.4280     878.63 	 S 
     50.00      13.9110     949.49 	 S 
     55.00      13.3725    1017.70 	 S 
     60.00      12.8186    1083.19 	 S 
     65.00      12.2550    1145.88 	 S 
     70.00      11.6797    1205.72 	 S 
     75.00      11.0887    1262.64 	 S 
     80.00      10.4776    1316.57 	 S 
     85.00       9.8368    1367.37 	 S 
     90.00       9.1566    1414.87 	 S 
     95.00       8.6410    1459.09 	 S 
    100.00       8.3233    1501.37 	 Sdiff 
    105.00       8.3233    1542.99 	 Sdiff 
    110.00       8.3233    1584.61 	 Sdiff 
    115.00       8.3233    1626.22 	 Sdiff 
    120.00       8.3233    1667.84 	 Sdiff 
    125.00       8.3233    1709.45 	 Sdiff 
    130.00       8.3233    1751.07 	 Sdiff 
    135.00       8.3233    1792.69 	 Sdiff 
    140.00       8.3233    1834.30 	 Sdiff 
    100.00     100.00 	 S 	 depth
     20.00      19.8058     484.69 	 S 
     20.00      21.9312     489.35 	 S 
     20.00      16.6225     490.42 	 S 
     25.00      15.8378     571.80 	 S 
     25.00      18.2525     580.04 	 S 
     30.00      15.6406     650.46 	 S 
     35.00      15.3215     727.92 	 S 
     40.00      14.9023     803.51 	 S 
     45.00      14.4212     876.84 	 S 
     50.00      13.9043     947.66 	 S 
     55.00      13.3660    1015.84 	 S 
     60.00      12.8124    1081.29 	 S 
     65.00      12.2489    1143.95 	 S 
     70.00      11.6739    1203.76 	 S 
     75.00      11.0830    1260.66 	 S 
     80.00      10.4722    1314.56 	 S 
     85.00       9.8315    1365.33 	 S 
     90.00       9.1515    1412.81 	 S 
     95.00       8.6392    1457.00 	 S 
    100.00       8.3233    1499.28 	 Sdiff 
    105.00       8.3233    1540.90 	 Sdiff 
    110.00       8.3233    1582.51 	 Sdiff 
    115.00       8.3233    1624.13 	 Sdiff 
    120.00       8.3233    1665.75 	 Sdiff 
    125.00       8.3233    1707.36 	 Sdiff 
    130.00       8.3233    1748.98 	 Sdiff 
    135.00       8.3233    1790.59 	 Sdiff 
    140.00       8.3233    1832.21 	 Sdiff 
    110.00     110.00 	 S 	 depth
     20.00      19.7742     483.40 	 S 
     20.00      21.8607     488.38 	 S 
     20.00      16.6157     488.80 	 S 
     25.00      15.8333     570.11 	 S 
     25.00      18.2161     578.57 	 S 
     30.00      15.6369     648.76 	 S 
     35.00      15.3159     726.19 	 S 
     40.00      14.8958     801.75 	 S 
     45.00      14.4145     875.05 	 S 
     50.00      13.8975     945.84 	 S 
     55.00      13.3595    1013.98 	 S 
     60.00      12.8060    1079.40 	 S 
     65.00      12.2429    1142.03 	 S 
     70.00      11.6681    1201.81 	 S 
     75.00      11.0774    1258.68 	 S 
     80.00      10.4668    1312.55 	 S 
     85.00       9.8261    1363.30 	 S 
     90.00       9.1463    1410.75 	 S 
     95.00       8.6374    1454.92 	 S 
    100.00       8.3233    1497.19 	 Sdiff 
    105.00       8.3233    1538.81 	 Sdiff 
    110.00       8.3233    1580.42 	 Sdiff 
    115.00       8.3233    1622.04 	 Sdiff 
    120.00       8.3233    1663.65 	 Sdiff 
    125.00       8.3233    1705.27 	 Sdiff 
    130.00       8.3233    1746.89 	 Sdiff 
    135.00       8.3233    1788.50 	 Sdiff 
    140.00       8.3233    1830.12 	 Sdiff 
    120.00     120.00 	 S 	 depth
     20.00      19.7420     482.11 	 S 
     20.00      16.6085     487.18 	 S 
     20.00      21.7912     487.40 	 S 
     25.00      15.8288     568.42 	 S 
     25.00      18.1796     577.10 	 S 
     30.00      15.6331     647.06 	 S 
     35.00      15.3103     724.47 	 S 
     40.00      14.8893     800.00 	 S 
     45.00      14.4077     873.26 	 S 
     50.00      13.8907     944.02 	 S 
     55.00      13.3529    1012.13 	 S 
     60.00      12.7997    1077.51 	 S 
     65.00      12.2368    1140.11 	 S 
     70.00      11.6622    1199.86 	 S 
     75.00      11.0718    1256.70 	 S 
     80.00      10.4613    1310.54 	 S 
     85.00       9.8207    1361.26 	 S 
     90.00       9.1411    1408.69 	 S 
     95.00       8.6355    1452.85 	 S 
    100.00       8.3233    1495.10 	 Sdiff 
    105.00       8.3233    1536.72 	 Sdiff 
    110.00       8.3233    1578.33 	 Sdiff 
    115.00       8.3233    1619.95 	 Sdiff 
    120.00       8.3233    1661.57 	 Sdiff 
    125.00       8.3233    1703.18 	 Sdiff 
    130.00       8.3233    1744.80 	 Sdiff 
    135.00       8.3233    1786.42 	 Sdiff 
    140.00       8.3233    1828.03 	 Sdiff 
    130.00     130.00 	 S 	 depth
     20.00      19.7093     480.82 	 S 
     20.00      16.6011     485.56 	 S 
     20.00      21.7226     486.43 	 S 
     25.00      15.8245     566.74 	 S 
     25.00      18.1429     575.63 	 S 
     30.00      15.6291     645.36 	 S 
     35.00      15.3046     722.74 	 S 
     40.00      14.8828     798.24 	 S 
     45.00      14.4009     871.47 	 S 
     50.00      13.8839     942.19 	 S 
     55.00      13.3463    1010.27 	 S 
     60.00      12.7933    1075.63 	 S 
     65.00      12.2307    1138.19 	 S 
     70.00      11.6563    1197.91 	 S 
     75.00      11.0661    1254.72 	 S 
     80.00      10.4558    1308.54 	 S 
     85.00       9.8153    1359.23 	 S 
     90.00       9.1360    1406.63 	 S 
     95.00       8.6336    1450.77 	 S 
    100.00       8.3233    1493.01 	 Sdiff 
    105.00       8.3233    1534.63 	 Sdiff 
    110.00       8.3233    1576.25 	 Sdiff 
    115.00       8.3233    1617.86 	 Sdiff 
    120.00       8.3233    1659.48 	 Sdiff 
    125.00       8.3233    1701.10 	 Sdiff 
    130.00       8.3233    1742.71 	 Sdiff 
    135.00       8.3233    1784.33 	 Sdiff 
    140.00       8.3233    1825.95 	 Sdiff 
    140.00     140.00 	 S 	 depth
     20.00      19.6760     479.53 	 S 
     20.00      16.5934     483.94 	 S 
     20.00      21.6550     485.45 	 S 
     25.00      15.8203     565.06 	 S 
     25.00      18.1060     574.16 	 S 
     30.00      15.6250     643.67 	 S 
     35.00      15.2989     721.02 	 S 
     40.00      14.8762     796.49 	 S 
     45.00      14.3940     869.69 	 S 
     50.00      13.8771     940.38 	 S 
     55.00      13.3397    1008.42 	 S 
     60.00      12.7870    1073.74 	 S 
     65.00      12.2246    1136.27 	 S 
     70.00      11.6504    1195.97 	 S 
     75.00      11.0604    1252.75 	 S 
     80.00      10.4503    1306.54 	 S 
     85.00       9.8098    1357.20 	 S 
     90.00       9.1308    1404.57 	 S 
     95.00       8.6316    1448.70 	 S 
    100.00       8.3233    1490.93 	 Sdiff 
    105.00       8.3233    1532.55 	 Sdiff 
    110.00       8.3233    1574.16 	 Sdiff 
    115.00       8.3233    1615.78 	 Sdiff 
    120.00       8.3233    1657.40 	 Sdiff 
    125.00       8.3233    1699.01 	 Sdiff 
    130.00       8.3233    1740.63 	 Sdiff 
    135.00       8.3233    1782.24 	 Sdiff 
    140.00       8.3233    1823.86 	 Sdiff 
    150.00     150.00 	 S 	 depth
     20.00      19.6423     478.24 	 S 
     20.00      16.5855     482.33 	 S 
     20.00      21.5882     484.46 	 S 
     25.00      15.8162     563.39 	 S 
     25.00      18.0690     572.69 	 S 
     30.00      15.6207     641.98 	 S 
     35.00      15.2931     719.31 	 S 
     40.00      14.8696     794.75 	 S 
     45.00      14.3872     867.91 	 S 
     50.00      13.8702     938.56 	 S 
     55.00      13.3331    1006.57 	 S 
     60.00      12.7806    1071.86 	 S 
     65.00      12.2184    1134.36 	 S 
     70.00      11.6445    1194.02 	 S 
     75.00      11.0547    1250.78 	 S 
     80.00      10.4448    1304.54 	 S 
     85.00       9.8044    1355.17 	 S 
     90.00       9.1256    1402.52 	 S 
     95.00       8.6297    1446.62 	 S 
    100.00       8.3233    1488.85 	 Sdiff 
    105.00       8.3233    1530.46 	 Sdiff 
    110.00       8.3233    1572.08 	 Sdiff 
    115.00       8.3233    1613.70 	 Sdiff 
    120.00       8.3233    1655.31 	 Sdiff 
    125.00       8.3233    1696.93 	 Sdiff 
    130.00       8.3233    1738.54 	 Sdiff 
    135.00       8.3233    1780.16 	 Sdiff 
    140.00       8.3233    1821.78 	 Sdiff 
    160.00     160.00 	 S 	 depth
     20.00      19.6081     476.96 	 S 
     20.00      16.5772     480.72 	 S 
     20.00      21.5222     483.48 	 S 
     25.00      15.8121     561.71 	 S 
     25.00      18.0320     571.22 	 S 
     30.00      15.6163     640.29 	 S 
     35.00      15.2873     717.59 	 S 
     40.00      14.8630     793.00 	 S 
     45.00      14.3802     866.13 	 S 
     50.00      13.8633     936.75 	 S 
     55.00      13.3264    1004.72 	 S 
     60.00      12.7741    1069.98 	 S 
     65.00      12.2123    1132.45 	 S 
     70.00      11.6386    1192.08 	 S 
     75.00      11.0490    1248.81 	 S 
     80.00      10.4392    1302.54 	 S 
     85.00       9.7989    1353.15 	 S 
     90.00       9.1203    1400.46 	 S 
     95.00       8.6277    1444.55 	 S 
    100.00       8.3233    1486.76 	 Sdiff 
    105.00       8.3233    1528.38 	 Sdiff 
    110.00       8.3233    1570.00 	 Sdiff 
    115.00       8.3233    1611.61 	 Sdiff 
    120.00       8.3233    1653.23 	 Sdiff 
    125.00       8.3233    1694.85 	 Sdiff 
    130.00       8.3233    1736.46 	 Sdiff 
    135.00       8.3233    1778.08 	 Sdiff 
    140.00       8.3233    1819.70 	 Sdiff 
    170.00     170.00 	 S 	 depth
     20.00      19.5734     475.67 	 S 
     20.00      16.5686     479.12 	 S 
     20.00      21.4570     482.48 	 S 
     25.00      15.8082     560.04 	 S 
     25.00      17.9947     569.75 	 S 
     30.00      15.6118     638.60 	 S 
     35.00      15.2815     715.88 	 S 
     40.00      14.8563     791.26 	 S 
     45.00      14.3733     864.35 	 S 
     50.00      13.8564     934.94 	 S 
     55.00      13.3197    1002.88 	 S 
     60.00      12.7677    1068.10 	 S 
     65.00      12.2061    1130.54 	 S 
     70.00      11.6326    1190.14 	 S 
     75.00      11.0432    1246.84 	 S 
     80.00      10.4337    1300.54 	 S 
     85.00       9.7934    1351.12 	 S 
     90.00       9.1151    1398.41 	 S 
     95.00       8.6256    1442.48 	 S 
    100.00       8.3233    1484.68 	 Sdiff 
    105.00       8.3233    1526.30 	 Sdiff 
    110.00       8.3233    1567.92 	 Sdiff 
    115.00       8.3233    1609.53 	 Sdiff 
    120.00       8.3233    1651.15 	 Sdiff 
    125.00       8.3233    1692.77 	 Sdiff 
    130.00       8.3233    1734.38 	 Sdiff 
    135.00       8.3233    1776.00 	 Sdiff 
    140.00       8.3233    1817.61 	 Sdiff 
    180.00     180.00 	 S 	 depth
     20.00      19.5383     474.39 	 S 
     20.00      16.5597     477.52 	 S 
     20.00      21.3925     481.49 	 S 
     25.00      15.8043     558.38 	 S 
     25.00      17.9574     568.29 	 S 
     30.00      15.6073     636.92 	 S 
     35.00      15.2756     714.18 	 S 
     40.00      14.8496     789.52 	 S 
     45.00      14.3663     862.58 	 S 
     50.00      13.8494     933.13 	 S 
     55.00      13.3130    1001.03 	 S 
     60.00      12.7612    1066.22 	 S 
     65.00      12.1999    1128.63 	 S 
     70.00      11.6266    1188.20 	 S 
     75.00      11.0375    1244.87 	 S 
     80.00      10.4281    1298.54 	 S 
     85.00       9.7878    1349.10 	 S 
     90.00       9.1099    1396.36 	 S 
     95.00       8.6236    1440.41 	 S 
    100.00       8.3233    1482.61 	 Sdiff 
    105.00       8.3233    1524.22 	 Sdiff 
    110.00       8.3233    1565.84 	 Sdiff 
    115.00       8.3233    1607.45 	 Sdiff 
    120.00       8.3233    1649.07 	 Sdiff 
    125.00       8.3233    1690.69 	 Sdiff 
    130.00       8.3233    1732.30 	 Sdiff 
    135.00       8.3233    1773.92 	 Sdiff 
    140.00       8.3233    1815.54 	 Sdiff 
    190.00     190.00 	 S 	 depth
     20.00      19.5027     473.11 	 S 
     20.00      16.5504     475.92 	 S 
     25.00      15.8004     556.71 	 S 
     25.00      17.9200     566.82 	 S 
     30.00      15.6028     635.24 	 S 
     35.00      15.2696     712.47 	 S 
     40.00      14.8429     787.78 	 S 
     45.00      14.3594     860.80 	 S 
     50.00      13.8424     931.32 	 S 
     55.00      13.3063     999.19 	 S 
     60.00      12.7548    1064.35 	 S 
     65.00      12.1937    1126.72 	 S 
     70.00      11.6206    1186.27 	 S 
     75.00      11.0317    1242.90 	 S 
     80.00      10.4225    1296.55 	 S 
     85.00       9.7823    1347.08 	 S 
     90.00       9.1047    1394.31 	 S 
     95.00       8.6215    1438.35 	 S 
    100.00       8.3233    1480.53 	 Sdiff 
    105.00       8.3233    1522.14 	 Sdiff 
    110.00       8.3233    1563.76 	 Sdiff 
    115.00       8.3233    1605.38 	 Sdiff 
    120.00       8.3233    1646.99 	 Sdiff 
    125.00       8.3233    1688.61 	 Sdiff 
    130.00       8.3233    1730.23 	 Sdiff 
    135.00       8.3233    1771.84 	 Sdiff 
    140.00       8.3233    1813.46 	 Sdiff 
    200.00     200.00 	 S 	 depth
     20.00      19.4667     471.83 	 S 
     20.00      16.5408     474.32 	 S 
     25.00      15.7967     555.05 	 S 
     25.00      17.8825     565.36 	 S 
     30.00      15.5983     633.56 	 S 
     35.00      15.2636     710.77 	 S 
     40.00      14.8361     786.05 	 S 
     45.00      14.3523     859.04 	 S 
     50.00      13.8354     929.52 	 S 
     55.00      13.2995     997.35 	 S 
     60.00      12.7483    1062.48 	 S 
     65.00      12.1874    1124.82 	 S 
     70.00      11.6146    1184.33 	 S 
     75.00      11.0259    1240.94 	 S 
     80.00      10.4169    1294.56 	 S 
     85.00       9.7767    1345.06 	 S 
     90.00       9.0994    1392.27 	 S 
     95.00       8.6193    1436.28 	 S 
    100.00       8.3233    1478.45 	 Sdiff 
    105.00       8.3233    1520.07 	 Sdiff 
    110.00       8.3233    1561.68 	 Sdiff 
    115.00       8.3233    1603.30 	 Sdiff 
    120.00       8.3233    1644.92 	 Sdiff 
    125.00       8.3233    1686.53 	 Sdiff 
    130.00       8.3233    1728.15 	 Sdiff 
    135.00       8.3233    1769.77 	 Sdiff 
    140.00       8.3233    1811.38 	 Sdiff 
    210.00     210.00 	 S 	 depth
     20.00      19.4305     470.55 	 S 
     20.00      16.5308     472.73 	 S 
     25.00      15.7929     553.40 	 S 
     25.00      17.8448     563.89 	 S 
     30.00      15.5937     631.89 	 S 
     35.00      15.2576     709.07 	 S 
     40.00      14.8293     784.31 	 S 
     45.00      14.3453     857.27 	 S 
     50.00      13.8283     927.71 	 S 
     55.00      13.2927     995.52 	 S 
     60.00      12.7417    1060.61 	 S 
     65.00      12.1812    1122.92 	 S 
     70.00      11.6086    1182.40 	 S 
     75.00      11.0201    1238.97 	 S 
     80.00      10.4113    1292.56 	 S 
     85.00       9.7712    1343.04 	 S 
     90.00       9.0942    1390.22 	 S 
     95.00       8.6172    1434.22 	 S 
    100.00       8.3233    1476.38 	 Sdiff 
    105.00       8.3233    1517.99 	 Sdiff 
    110.00       8.3233    1559.61 	 Sdiff 
    115.00       8.3233    1601.23 	 Sdiff 
    120.00       8.3233    1642.84 	 Sdiff 
    125.00       8.3233    1684.46 	 Sdiff 
    130.00       8.3233    1726.08 	 Sdiff 
    135.00       8.3233    1767.69 	 Sdiff 
    140.00       8.3233    1809.31 	 Sdiff 
    220.00     220.00 	 S 	 depth
     20.00      19.3937     469.28 	 S 
     20.00      16.5205     471.14 	 S 
     25.00      15.7893     551.75 	 S 
     25.00      17.8068     562.43 	 S 
     30.00      15.5890     630.23 	 S 
     35.00      15.2515     707.38 	 S 
     40.00      14.8224     782.59 	 S 
     45.00      14.3382     855.51 	 S 
     50.00      13.8212     925.92 	 S 
     55.00      13.2859     993.69 	 S 
     60.00      12.7352    1058.74 	 S 
     65.00      12.1749    1121.02 	 S 
     70.00      11.6025    1180.47 	 S 
     75.00      11.0142    1237.02 	 S 
     80.00      10.4056    1290.58 	 S 
     85.00       9.7655    1341.03 	 S 
     90.00       9.0889    1388.18 	 S 
     95.00       8.6150    1432.16 	 S 
    100.00       8.3233    1474.31 	 Sdiff 
    105.00       8.3233    1515.93 	 Sdiff 
    110.00       8.3233    1557.54 	 Sdiff 
    115.00       8.3233    1599.16 	 Sdiff 
    120.00       8.3233    1640.78 	 Sdiff 
    125.00       8.3233    1682.39 	 Sdiff 
    130.00       8.3233    1724.01 	 Sdiff 
    135.00       8.3233    1765.63 	 Sdiff 
    140.00       8.3233    1807.24 	 Sdiff 
    230.00     230.00 	 S 	 depth
     20.00      19.3563     468.03 	 S 
     20.00      16.5096     469.57 	 S 
     25.00      15.7856     550.11 	 S 
     30.00      15.5843     628.58 	 S 
     35.00      15.2453     705.70 	 S 
     40.00      14.8155     780.88 	 S 
     45.00      14.3310     853.76 	 S 
     50.00      13.8140     924.14 	 S 
     55.00      13.2790     991.87 	 S 
     60.00      12.7285    1056.89 	 S 
     65.00      12.1685    1119.14 	 S 
     70.00      11.5963    1178.56 	 S 
     75.00      11.0083    1235.08 	 S 
     80.00      10.3999    1288.61 	 S 
     85.00       9.7599    1339.03 	 S 
     90.00       9.0836    1386.15 	 S 
     95.00       8.6127    1430.11 	 S 
    100.00       8.3233    1472.25 	 Sdiff 
    105.00       8.3233    1513.87 	 Sdiff 
    110.00       8.3233    1555.49 	 Sdiff 
    115.00       8.3233    1597.10 	 Sdiff 
    120.00       8.3233    1638.72 	 Sdiff 
    125.00       8.3233    1680.34 	 Sdiff 
    130.00       8.3233    1721.95 	 Sdiff 
    135.00       8.3233    1763.57 	 Sdiff 
    140.00       8.3233    1805.18 	 Sdiff 
    240.00     240.00 	 S 	 depth
     20.00      19.3182     466.79 	 S 
     20.00      16.4983     468.02 	 S 
     25.00      15.7820     548.49 	 S 
     30.00      15.5795     626.94 	 S 
     35.00      15.2391     704.03 	 S 
     40.00      14.8085     779.18 	 S 
     45.00      14.3237     852.03 	 S 
     50.00      13.8067     922.37 	 S 
     55.00      13.2720     990.07 	 S 
     60.00      12.7219    1055.05 	 S 
     65.00      12.1621    1117.27 	 S 
     70.00      11.5902    1176.65 	 S 
     75.00      11.0024    1233.14 	 S 
     80.00      10.3942    1286.64 	 S 
     85.00       9.7542    1337.03 	 S 
     90.00       9.0782    1384.13 	 S 
     95.00       8.6104    1428.08 	 S 
    100.00       8.3233    1470.21 	 Sdiff 
    105.00       8.3233    1511.82 	 Sdiff 
    110.00       8.3233    1553.44 	 Sdiff 
    115.00       8.3233    1595.05 	 Sdiff 
    120.00       8.3233    1636.67 	 Sdiff 
    125.00       8.3233    1678.29 	 Sdiff 
    130.00       8.3233    1719.90 	 Sdiff 
    135.00       8.3233    1761.52 	 Sdiff 
    140.00       8.3233    1803.14 	 Sdiff 
    250.00     250.00 	 S 	 depth
     20.00      19.2796     465.56 	 S 
     20.00      16.4865     466.47 	 S 
     25.00      15.7784     546.89 	 S 
     30.00      15.5747     625.32 	 S 
     35.00      15.2327     702.38 	 S 
     40.00      14.8014     777.50 	 S 
     45.00      14.3164     850.31 	 S 
     50.00      13.7994     920.61 	 S 
     55.00      13.2650     988.27 	 S 
     60.00      12.7151    1053.22 	 S 
     65.00      12.1556    1115.41 	 S 
     70.00      11.5839    1174.76 	 S 
     75.00      10.9964    1231.22 	 S 
     80.00      10.3884    1284.69 	 S 
     85.00       9.7485    1335.05 	 S 
     90.00       9.0728    1382.12 	 S 
     95.00       8.6080    1426.05 	 S 
    100.00       8.3233    1468.17 	 Sdiff 
    105.00       8.3233    1509.78 	 Sdiff 
    110.00       8.3233    1551.40 	 Sdiff 
    115.00       8.3233    1593.02 	 Sdiff 
    120.00       8.3233    1634.63 	 Sdiff 
    125.00       8.3233    1676.25 	 Sdiff 
    130.00       8.3233    1717.87 	 Sdiff 
    135.00       8.3233    1759.48 	 Sdiff 
    140.00       8.3233    1801.10 	 Sdiff 
    260.00     260.00 	 S 	 depth
     20.00      19.2403     464.35 	 S 
     20.00      16.4741     464.94 	 S 
     25.00      15.7748     545.29 	 S 
     30.00      15.5697     623.70 	 S 
     35.00      15.2263     700.74 	 S 
     40.00      14.7942     775.82 	 S 
     45.00      14.3090     848.60 	 S 
     50.00      13.7920     918.86 	 S 
     55.00      13.2579     986.49 	 S 
     60.00      12.7083    1051.41 	 S 
     65.00      12.1491    1113.55 	 S 
     70.00      11.5776    1172.88 	 S 
     75.00      10.9903    1229.30 	 S 
     80.00      10.3825    1282.75 	 S 
     85.00       9.7427    1333.08 	 S 
     90.00       9.0674    1380.12 	 S 
     95.00       8.6056    1424.03 	 S 
    100.00       8.3233    1466.14 	 Sdiff 
    105.00       8.3233    1507.75 	 Sdiff 
    110.00       8.3233    1549.37 	 Sdiff 
    115.00       8.3233    1590.99 	 Sdiff 
    120.00       8.3233    1632.60 	 Sdiff 
    125.00       8.3233    1674.22 	 Sdiff 
    130.00       8.3233    1715.84 	 Sdiff 
    135.00       8.3233    1757.45 	 Sdiff 
    140.00       8.3233    1799.07 	 Sdiff 
    270.00     270.00 	 S 	 depth
     20.00      19.2005     463.15 	 S 
     20.00      16.4612     463.43 	 S 
     25.00      15.7712     543.71 	 S 
     30.00      15.5648     622.11 	 S 
     35.00      15.2198     699.11 	 S 
     40.00      14.7869     774.16 	 S 
     45.00      14.3015     846.90 	 S 
     50.00      13.7845     917.12 	 S 
     55.00      13.2508     984.71 	 S 
     60.00      12.7015    1049.60 	 S 
     65.00      12.1426    1111.71 	 S 
     70.00      11.5713    1171.00 	 S 
     75.00      10.9843    1227.40 	 S 
     80.00      10.3767    1280.81 	 S 
     85.00       9.7369    1331.11 	 S 
     90.00       9.0620    1378.13 	 S 
     95.00       8.6031    1422.02 	 S 
    100.00       8.3233    1464.12 	 Sdiff 
    105.00       8.3233    1505.73 	 Sdiff 
    110.00       8.3233    1547.35 	 Sdiff 
    115.00       8.3233    1588.97 	 Sdiff 
    120.00       8.3233    1630.58 	 Sdiff 
    125.00       8.3233    1672.20 	 Sdiff 
    130.00       8.3233    1713.82 	 Sdiff 
    135.00       8.3233    1755.43 	 Sdiff 
    140.00       8.3233    1797.05 	 Sdiff 
    280.00     280.00 	 S 	 depth
     20.00      16.4478     461.92 	 S 
     20.00      19.1600     461.97 	 S 
     25.00      15.7677     542.14 	 S 
     30.00      15.5597     620.52 	 S 
     35.00      15.2132     697.50 	 S 
     40.00      14.7796     772.51 	 S 
     45.00      14.2940     845.21 	 S 
     50.00      13.7770     915.40 	 S 
     55.00      13.2436     982.95 	 S 
     60.00      12.6946    1047.80 	 S 
     65.00      12.1360    1109.88 	 S 
     70.00      11.5649    1169.14 	 S 
     75.00      10.9782    1225.50 	 S 
     80.00      10.3707    1278.89 	 S 
     85.00       9.7311    1329.16 	 S 
     90.00       9.0565    1376.15 	 S 
     95.00       8.6006    1420.02 	 S 
    100.00       8.3233    1462.11 	 Sdiff 
    105.00       8.3233    1503.72 	 Sdiff 
    110.00       8.3233    1545.34 	 Sdiff 
    115.00       8.3233    1586.96 	 Sdiff 
    120.00       8.3233    1628.57 	 Sdiff 
    125.00       8.3233    1670.19 	 Sdiff 
    130.00       8.3233    1711.81 	 Sdiff 
    135.00       8.3233    1753.42 	 Sdiff 
    140.00       8.3233    1795.04 	 Sdiff 
    290.00     290.00 	 S 	 depth
     20.00      16.4342     460.43 	 S 
     20.00      19.1190     460.80 	 S 
     25.00      15.7641     540.59 	 S 
     30.00      15.5546     618.95 	 S 
     35.00      15.2065     695.90 	 S 
     40.00      14.7722     770.87 	 S 
     45.00      14.2864     843.53 	 S 
     50.00      13.7693     913.68 	 S 
     55.00      13.2363     981.20 	 S 
     60.00      12.6876    1046.01 	 S 
     65.00      12.1293    1108.06 	 S 
     70.00      11.5584    1167.29 	 S 
     75.00      10.9720    1223.62 	 S 
     80.00      10.3648    1276.97 	 S 
     85.00       9.7252    1327.22 	 S 
     90.00       9.0510    1374.17 	 S 
     95.00       8.5980    1418.03 	 S 
    100.00       8.3233    1460.11 	 Sdiff 
    105.00       8.3233    1501.72 	 Sdiff 
    110.00       8.3233    1543.34 	 Sdiff 
    115.00       8.3233    1584.95 	 Sdiff 
    120.00       8.3233    1626.57 	 Sdiff 
    125.00       8.3233    1668.19 	 Sdiff 
    130.00       8.3233    1709.80 	 Sdiff 
    135.00       8.3233    1751.42 	 Sdiff 
    140.00       8.3233    1793.04 	 Sdiff 
    300.00     300.00 	 S 	 depth
     20.00      16.4204     458.95 	 S 
     20.00      19.0774     459.64 	 S 
     25.00      15.7606     539.05 	 S 
     30.00      15.5494     617.39 	 S 
     35.00      15.1997     694.31 	 S 
     40.00      14.7647     769.24 	 S 
     45.00      14.2787     841.87 	 S 
     50.00      13.7616     911.98 	 S 
     55.00      13.2289     979.46 	 S 
     60.00      12.6806    1044.24 	 S 
     65.00      12.1226    1106.25 	 S 
     70.00      11.5519    1165.44 	 S 
     75.00      10.9658    1221.74 	 S 
     80.00      10.3588    1275.07 	 S 
     85.00       9.7193    1325.28 	 S 
     90.00       9.0455    1372.21 	 S 
     95.00       8.5953    1416.05 	 S 
    100.00       8.3233    1458.11 	 Sdiff 
    105.00       8.3233    1499.73 	 Sdiff 
    110.00       8.3233    1541.35 	 Sdiff 
    115.00       8.3233    1582.96 	 Sdiff 
    120.00       8.3233    1624.58 	 Sdiff 
    125.00       8.3233    1666.20 	 Sdiff 
    130.00       8.3233    1707.81 	 Sdiff 
    135.00       8.3233    1749.43 	 Sdiff 
    140.00       8.3233    1791.04 	 Sdiff 
    310.00     310.00 	 S 	 depth
     20.00      16.4064     457.49 	 S 
     20.00      19.0352     458.49 	 S 
     25.00      15.7571     537.52 	 S 
     30.00      15.5441     615.84 	 S 
     35.00      15.1928     692.73 	 S 
     40.00      14.7571     767.63 	 S 
     45.00      14.2710     840.21 	 S 
     50.00      13.7539     910.29 	 S 
     55.00      13.2215     977.73 	 S 
     60.00      12.6735    1042.47 	 S 
     65.00      12.1158    1104.45 	 S 
     70.00      11.5454    1163.61 	 S 
     75.00      10.9595    1219.88 	 S 
     80.00      10.3527    1273.17 	 S 
     85.00       9.7134    1323.36 	 S 
     90.00       9.0398    1370.25 	 S 
     95.00       8.5925    1414.07 	 S 
    100.00       8.3233    1456.13 	 Sdiff 
    105.00       8.3233    1497.75 	 Sdiff 
    110.00       8.3233    1539.36 	 Sdiff 
    115.00       8.3233    1580.98 	 Sdiff 
    120.00       8.3233    1622.60 	 Sdiff 
    125.00       8.3233    1664.21 	 Sdiff 
    130.00       8.3233    1705.83 	 Sdiff 
    135.00       8.3233    1747.44 	 Sdiff 
    140.00       8.3233    1789.06 	 Sdiff 
    320.00     320.00 	 S 	 depth
     20.00      16.3922     456.03 	 S 
     20.00      18.9924     457.36 	 S 
     25.00      15.7536     536.00 	 S 
     30.00      15.5387     614.30 	 S 
     35.00      15.1859     691.16 	 S 
     40.00      14.7494     766.02 	 S 
     45.00      14.2631     838.57 	 S 
     50.00      13.7460     908.61 	 S 
     55.00      13.2141     976.01 	 S 
     60.00      12.6664    1040.72 	 S 
     65.00      12.1090    1102.66 	 S 
     70.00      11.5388    1161.79 	 S 
     75.00      10.9532    1218.02 	 S 
     80.00      10.3466    1271.28 	 S 
     85.00       9.7074    1321.44 	 S 
     90.00       9.0342    1368.31 	 S 
     95.00       8.5897    1412.11 	 S 
    100.00       8.3233    1454.16 	 Sdiff 
    105.00       8.3233    1495.77 	 Sdiff 
    110.00       8.3233    1537.39 	 Sdiff 
    115.00       8.3233    1579.00 	 Sdiff 
    120.00       8.3233    1620.62 	 Sdiff 
    125.00       8.3233    1662.24 	 Sdiff 
    130.00       8.3233    1703.85 	 Sdiff 
    135.00       8.3233    1745.47 	 Sdiff 
    140.00       8.3233    1787.09 	 Sdiff 
    330.00     330.00 	 S 	 depth
     20.00      16.3778     454.59 	 S 
     20.00      18.9491     456.24 	 S 
     25.00      15.7501     534.50 	 S 
     30.00      15.5333     612.78 	 S 
     35.00      15.1788     689.61 	 S 
     40.00      14.7417     764.43 	 S 
     45.00      14.2552     836.94 	 S 
     50.00      13.7381     906.94 	 S 
     55.00      13.2065     974.30 	 S 
     60.00      12.6592    1038.97 	 S 
     65.00      12.1021    1100.88 	 S 
     70.00      11.5321    1159.97 	 S 
     75.00      10.9469    1216.18 	 S 
     80.00      10.3405    1269.41 	 S 
     85.00       9.7014    1319.53 	 S 
     90.00       9.0284    1366.37 	 S 
     95.00       8.5867    1410.15 	 S 
    100.00       8.3233    1452.19 	 Sdiff 
    105.00       8.3233    1493.81 	 Sdiff 
    110.00       8.3233    1535.42 	 Sdiff 
    115.00       8.3233    1577.04 	 Sdiff 
    120.00       8.3233    1618.66 	 Sdiff 
    125.00       8.3233    1660.27 	 Sdiff 
    130.00       8.3233    1701.89 	 Sdiff 
    135.00       8.3233    1743.50 	 Sdiff 
    140.00       8.3233    1785.12 	 Sdiff 
    340.00     340.00 	 S 	 depth
     20.00      16.3632     453.17 	 S 
     20.00      18.9052     455.13 	 S 
     25.00      15.7466     533.01 	 S 
     30.00      15.5278     611.27 	 S 
     35.00      15.1717     688.06 	 S 
     40.00      14.7338     762.85 	 S 
     45.00      14.2472     835.32 	 S 
     50.00      13.7302     905.28 	 S 
     55.00      13.1989     972.61 	 S 
     60.00      12.6520    1037.24 	 S 
     65.00      12.0952    1099.11 	 S 
     70.00      11.5254    1158.17 	 S 
     75.00      10.9405    1214.34 	 S 
     80.00      10.3343    1267.54 	 S 
     85.00       9.6953    1317.63 	 S 
     90.00       9.0226    1364.44 	 S 
     95.00       8.5837    1408.21 	 S 
    100.00       8.3233    1450.23 	 Sdiff 
    105.00       8.3233    1491.85 	 Sdiff 
    110.00       8.3233    1533.47 	 Sdiff 
    115.00       8.3233    1575.08 	 Sdiff 
    120.00       8.3233    1616.70 	 Sdiff 
    125.00       8.3233    1658.32 	 Sdiff 
    130.00       8.3233    1699.93 	 Sdiff 
    135.00       8.3233    1741.55 	 Sdiff 
    140.00       8.3233    1783.16 	 Sdiff 
    350.00     350.00 	 S 	 depth
     20.00      16.3484     451.75 	 S 
     20.00      18.8610     454.04 	 S 
     25.00      15.7432     531.54 	 S 
     30.00      15.5222     609.77 	 S 
     35.00      15.1644     686.54 	 S 
     40.00      14.7259     761.29 	 S 
     45.00      14.2392     833.71 	 S 
     50.00      13.7222     903.63 	 S 
     55.00      13.1912     970.92 	 S 
     60.00      12.6447    1035.51 	 S 
     65.00      12.0882    1097.35 	 S 
     70.00      11.5187    1156.37 	 S 
     75.00      10.9341    1212.51 	 S 
     80.00      10.3280    1265.68 	 S 
     85.00       9.6892    1315.74 	 S 
     90.00       9.0168    1362.52 	 S 
     95.00       8.5806    1406.27 	 S 
    100.00       8.3233    1448.29 	 Sdiff 
    105.00       8.3233    1489.90 	 Sdiff 
    110.00       8.3233    1531.52 	 Sdiff 
    115.00       8.3233    1573.14 	 Sdiff 
    120.00       8.3233    1614.75 	 Sdiff 
    125.00       8.3233    1656.37 	 Sdiff 
    130.00       8.3233    1697.98 	 Sdiff 
    135.00       8.3233    1739.60 	 Sdiff 
    140.00       8.3233    1781.22 	 Sdiff 
    360.00     360.00 	 S 	 depth
     20.00      16.3334     450.35 	 S 
     20.00      18.8163     452.96 	 S 
     25.00      15.7397     530.07 	 S 
     30.00      15.5165     608.29 	 S 
     35.00      15.1570     685.02 	 S 
     40.00      14.7179     759.73 	 S 
     45.00      14.2310     832.12 	 S 
     50.00      13.7141     901.99 	 S 
     55.00      13.1835     969.24 	 S 
     60.00      12.6373    1033.80 	 S 
     65.00      12.0812    1095.60 	 S 
     70.00      11.5118    1154.59 	 S 
     75.00      10.9276    1210.70 	 S 
     80.00      10.3217    1263.83 	 S 
     85.00       9.6831    1313.86 	 S 
     90.00       9.0108    1360.61 	 S 
     95.00       8.5774    1404.34 	 S 
    100.00       8.3233    1446.35 	 Sdiff 
    105.00       8.3233    1487.96 	 Sdiff 
    110.00       8.3233    1529.58 	 Sdiff 
    115.00       8.3233    1571.20 	 Sdiff 
    120.00       8.3233    1612.81 	 Sdiff 
    125.00       8.3233    1654.43 	 Sdiff 
    130.00       8.3233    1696.05 	 Sdiff 
    135.00       8.3233    1737.66 	 Sdiff 
    140.00       8.3233    1779.28 	 Sdiff 
    370.00     370.00 	 S 	 depth
     20.00      16.3182     448.96 	 S 
     20.00      18.7712     451.89 	 S 
     25.00      15.7362     528.63 	 S 
     30.00      15.5107     606.82 	 S 
     35.00      15.1496     683.51 	 S 
     40.00      14.7098     758.19 	 S 
     45.00      14.2228     830.53 	 S 
     50.00      13.7059     900.37 	 S 
     55.00      13.1757     967.58 	 S 
     60.00      12.6299    1032.09 	 S 
     65.00      12.0741    1093.86 	 S 
     70.00      11.5050    1152.81 	 S 
     75.00      10.9210    1208.89 	 S 
     80.00      10.3154    1261.99 	 S 
     85.00       9.6769    1311.99 	 S 
     90.00       9.0049    1358.71 	 S 
     95.00       8.5741    1402.42 	 S 
    100.00       8.3233    1444.42 	 Sdiff 
    105.00       8.3233    1486.03 	 Sdiff 
    110.00       8.3233    1527.65 	 Sdiff 
    115.00       8.3233    1569.27 	 Sdiff 
    120.00       8.3233    1610.88 	 Sdiff 
    125.00       8.3233    1652.50 	 Sdiff 
    130.00       8.3233    1694.12 	 Sdiff 
    135.00       8.3233    1735.73 	 Sdiff 
    140.00       8.3233    1777.35 	 Sdiff 
    380.00     380.00 	 S 	 depth
     20.00      16.3028     447.58 	 S 
     20.00      18.7256     450.84 	 S 
     25.00      15.7328     527.19 	 S 
     30.00      15.5048     605.36 	 S 
     35.00      15.1420     682.02 	 S 
     40.00      14.7016     756.65 	 S 
     45.00      14.2145     828.96 	 S 
     50.00      13.6977     898.75 	 S 
     55.00      13.1678     965.92 	 S 
     60.00      12.6224    1030.40 	 S 
     65.00      12.0669    1092.13 	 S 
     70.00      11.4981    1151.05 	 S 
     75.00      10.9145    1207.09 	 S 
     80.00      10.3090    1260.16 	 S 
     85.00       9.6707    1310.13 	 S 
     90.00       8.9988    1356.82 	 S 
     95.00       8.5706    1400.51 	 S 
    100.00       8.3233    1442.50 	 Sdiff 
    105.00       8.3233    1484.11 	 Sdiff 
    110.00       8.3233    1525.73 	 Sdiff 
    115.00       8.3233    1567.35 	 Sdiff 
    120.00       8.3233    1608.96 	 Sdiff 
    125.00       8.3233    1650.58 	 Sdiff 
    130.00       8.3233    1692.19 	 Sdiff 
    135.00       8.3233    1733.81 	 Sdiff 
    140.00       8.3233    1775.43 	 Sdiff 
    390.00     390.00 	 S 	 depth
     20.00      16.2872     446.22 	 S 
     20.00      18.6797     449.79 	 S 
     25.00      15.7293     525.77 	 S 
     30.00      15.4988     603.91 	 S 
     35.00      15.1343     680.54 	 S 
     40.00      14.6933     755.13 	 S 
     45.00      14.2061     827.39 	 S 
     50.00      13.6895     897.15 	 S 
     55.00      13.1599     964.28 	 S 
     60.00      12.6148    1028.72 	 S 
     65.00      12.0597    1090.41 	 S 
     70.00      11.4911    1149.29 	 S 
     75.00      10.9078    1205.30 	 S 
     80.00      10.3026    1258.34 	 S 
     85.00       9.6645    1308.27 	 S 
     90.00       8.9927    1354.93 	 S 
     95.00       8.5672    1398.61 	 S 
    100.00       8.3233    1440.58 	 Sdiff 
    105.00       8.3233    1482.20 	 Sdiff 
    110.00       8.3233    1523.82 	 Sdiff 
    115.00       8.3233    1565.43 	 Sdiff 
    120.00       8.3233    1607.05 	 Sdiff 
    125.00       8.3233    1648.67 	 Sdiff 
    130.00       8.3233    1690.28 	 Sdiff 
    135.00       8.3233    1731.90 	 Sdiff 
    140.00       8.3233    1773.51 	 Sdiff 
    400.00     400.00 	 S 	 depth
     20.00      16.2714     444.87 	 S 
     20.00      18.6333     448.76 	 S 
     25.00      15.7259     524.36 	 S 
     30.00      15.4927     602.48 	 S 
     35.00      15.1266     679.07 	 S 
     40.00      14.6849     753.62 	 S 
     45.00      14.1976     825.84 	 S 
     50.00      13.6812     895.55 	 S 
     55.00      13.1518     962.64 	 S 
     60.00      12.6072    1027.04 	 S 
     65.00      12.0524    1088.70 	 S 
     70.00      11.4841    1147.55 	 S 
     75.00      10.9011    1203.52 	 S 
     80.00      10.2961    1256.52 	 S 
     85.00       9.6582    1306.43 	 S 
     90.00       8.9866    1353.06 	 S 
     95.00       8.5637    1396.71 	 S 
    100.00       8.3233    1438.68 	 Sdiff 
    105.00       8.3233    1480.30 	 Sdiff 
    110.00       8.3233    1521.91 	 Sdiff 
    115.00       8.3233    1563.53 	 Sdiff 
    120.00       8.3233    1605.14 	 Sdiff 
    125.00       8.3233    1646.76 	 Sdiff 
    130.00       8.3233    1688.38 	 Sdiff 
    135.00       8.3233    1729.99 	 Sdiff 
    140.00       8.3233    1771.61 	 Sdiff 
    410.00     410.00 	 S 	 depth
     20.00      16.2553     443.53 	 S 
     20.00      18.5866     447.74 	 S 
     25.00      15.7224     522.96 	 S 
     30.00      15.4864     601.06 	 S 
     35.00      15.1187     677.61 	 S 
     40.00      14.6765     752.12 	 S 
     45.00      14.1891     824.30 	 S 
     50.00      13.6728     893.97 	 S 
     55.00      13.1438     961.02 	 S 
     60.00      12.5995    1025.38 	 S 
     65.00      12.0451    1087.00 	 S 
     70.00      11.4770    1145.81 	 S 
     75.00      10.8944    1201.75 	 S 
     80.00      10.2896    1254.72 	 S 
     85.00       9.6519    1304.59 	 S 
     90.00       8.9803    1351.19 	 S 
     95.00       8.5603    1394.83 	 S 
    100.00       8.3233    1436.78 	 Sdiff 
    105.00       8.3233    1478.40 	 Sdiff 
    110.00       8.3233    1520.02 	 Sdiff 
    115.00       8.3233    1561.63 	 Sdiff 
    120.00       8.3233    1603.25 	 Sdiff 
    125.00       8.3233    1644.87 	 Sdiff 
    130.00       8.3233    1686.48 	 Sdiff 
    135.00       8.3233    1728.10 	 Sdiff 
    140.00       8.3233    1769.71 	 Sdiff 
    420.00     420.00 	 S 	 depth
     20.00      16.2374     442.33 	 S 
     20.00      18.5295     446.91 	 S 
     25.00      15.7186     521.70 	 S 
     30.00      15.4794     599.77 	 S 
     35.00      15.1100     676.29 	 S 
     40.00      14.6672     750.75 	 S 
     45.00      14.1798     822.88 	 S 
     50.00      13.6637     892.50 	 S 
     55.00      13.1350     959.51 	 S 
     60.00      12.5913    1023.83 	 S 
     65.00      12.0373    1085.41 	 S 
     70.00      11.4695    1144.18 	 S 
     75.00      10.8873    1200.08 	 S 
     80.00      10.2827    1253.02 	 S 
     85.00       9.6452    1302.86 	 S 
     90.00       8.9737    1349.42 	 S 
     95.00       8.5566    1393.04 	 S 
    100.00       8.3233    1434.99 	 Sdiff 
    105.00       8.3233    1476.60 	 Sdiff 
    110.00       8.3233    1518.22 	 Sdiff 
    115.00       8.3233    1559.83 	 Sdiff 
    120.00       8.3233    1601.45 	 Sdiff 
    125.00       8.3233    1643.07 	 Sdiff 
    130.00       8.3233    1684.68 	 Sdiff 
    135.00       8.3233    1726.30 	 Sdiff 
    140.00       8.3233    1767.92 	 Sdiff 
    430.00     430.00 	 S 	 depth
     20.00      16.2191     441.15 	 S 
     20.00      18.4720     446.10 	 S 
     25.00      15.7148     520.45 	 S 
     30.00      15.4723     598.50 	 S 
     35.00      15.1012     674.97 	 S 
     40.00      14.6578     749.39 	 S 
     45.00      14.1703     821.48 	 S 
     50.00      13.6546     891.05 	 S 
     55.00      13.1263     958.01 	 S 
     60.00      12.5830    1022.29 	 S 
     65.00      12.0294    1083.83 	 S 
     70.00      11.4619    1142.56 	 S 
     75.00      10.8800    1198.43 	 S 
     80.00      10.2757    1251.33 	 S 
     85.00       9.6384    1301.13 	 S 
     90.00       8.9670    1347.66 	 S 
     95.00       8.5529    1391.26 	 S 
    100.00       8.3233    1433.20 	 Sdiff 
    105.00       8.3233    1474.81 	 Sdiff 
    110.00       8.3233    1516.43 	 Sdiff 
    115.00       8.3233    1558.05 	 Sdiff 
    120.00       8.3233    1599.66 	 Sdiff 
    125.00       8.3233    1641.28 	 Sdiff 
    130.00       8.3233    1682.90 	 Sdiff 
    135.00       8.3233    1724.51 	 Sdiff 
    140.00       8.3233    1766.13 	 Sdiff 
    440.00     440.00 	 S 	 depth
     20.00      16.2006     439.98 	 S 
     20.00      18.4141     445.30 	 S 
     25.00      15.7110     519.23 	 S 
     30.00      15.4650     597.24 	 S 
     35.00      15.0922     673.67 	 S 
     40.00      14.6482     748.05 	 S 
     45.00      14.1608     820.08 	 S 
     50.00      13.6454     889.61 	 S 
     55.00      13.1174     956.53 	 S 
     60.00      12.5746    1020.76 	 S 
     65.00      12.0214    1082.26 	 S 
     70.00      11.4543    1140.95 	 S 
     75.00      10.8728    1196.78 	 S 
     80.00      10.2687    1249.65 	 S 
     85.00       9.6316    1299.41 	 S 
     90.00       8.9602    1345.91 	 S 
     95.00       8.5492    1389.49 	 S 
    100.00       8.3233    1431.42 	 Sdiff 
    105.00       8.3233    1473.03 	 Sdiff 
    110.00       8.3233    1514.65 	 Sdiff 
    115.00       8.3233    1556.27 	 Sdiff 
    120.00       8.3233    1597.88 	 Sdiff 
    125.00       8.3233    1639.50 	 Sdiff 
    130.00       8.3233    1681.12 	 Sdiff 
    135.00       8.3233    1722.73 	 Sdiff 
    140.00       8.3233    1764.35 	 Sdiff 
    450.00     450.00 	 S 	 depth
     20.00      16.1818     438.83 	 S 
     20.00      18.3558     444.51 	 S 
     25.00      15.7071     518.01 	 S 
     30.00      15.4575     596.00 	 S 
     35.00      15.0831     672.39 	 S 
     40.00      14.6386     746.72 	 S 
     45.00      14.1512     818.70 	 S 
     50.00      13.6361     888.18 	 S 
     55.00      13.1084     955.05 	 S 
     60.00      12.5661    1019.24 	 S 
     65.00      12.0133    1080.70 	 S 
     70.00      11.4466    1139.36 	 S 
     75.00      10.8654    1195.14 	 S 
     80.00      10.2616    1247.97 	 S 
     85.00       9.6248    1297.71 	 S 
     90.00       8.9534    1344.17 	 S 
     95.00       8.5454    1387.73 	 S 
    100.00       8.3233    1429.65 	 Sdiff 
    105.00       8.3233    1471.27 	 Sdiff 
    110.00       8.3233    1512.88 	 Sdiff 
    115.00       8.3233    1554.50 	 Sdiff 
    120.00       8.3233    1596.11 	 Sdiff 
    125.00       8.3233    1637.73 	 Sdiff 
    130.00       8.3233    1679.35 	 Sdiff 
    135.00       8.3233    1720.96 	 Sdiff 
    140.00       8.3233    1762.58 	 Sdiff 
    460.00     460.00 	 S 	 depth
     20.00      16.1623     437.69 	 S 
     20.00      18.2968     443.74 	 S 
     25.00      15.7033     516.81 	 S 
     30.00      15.4499     594.77 	 S 
     35.00      15.0738     671.12 	 S 
     40.00      14.6288     745.40 	 S 
     45.00      14.1414     817.34 	 S 
     50.00      13.6267     886.77 	 S 
     55.00      13.0994     953.59 	 S 
     60.00      12.5575    1017.74 	 S 
     65.00      12.0052    1079.15 	 S 
     70.00      11.4388    1137.77 	 S 
     75.00      10.8580    1193.52 	 S 
     80.00      10.2544    1246.31 	 S 
     85.00       9.6179    1296.01 	 S 
     90.00       8.9465    1342.44 	 S 
     95.00       8.5416    1385.98 	 S 
    100.00       8.3233    1427.89 	 Sdiff 
    105.00       8.3233    1469.50 	 Sdiff 
    110.00       8.3233    1511.12 	 Sdiff 
    115.00       8.3233    1552.74 	 Sdiff 
    120.00       8.3233    1594.35 	 Sdiff 
    125.00       8.3233    1635.97 	 Sdiff 
    130.00       8.3233    1677.59 	 Sdiff 
    135.00       8.3233    1719.20 	 Sdiff 
    140.00       8.3233    1760.82 	 Sdiff 
    470.00     470.00 	 S 	 depth
     20.00      16.1395     436.57 	 S 
     20.00      18.2371     442.98 	 S 
     25.00      15.6994     515.63 	 S 
     30.00      15.4420     593.56 	 S 
     35.00      15.0644     669.86 	 S 
     40.00      14.6189     744.09 	 S 
     45.00      14.1315     815.98 	 S 
     50.00      13.6172     885.36 	 S 
     55.00      13.0902     952.14 	 S 
     60.00      12.5489    1016.24 	 S 
     65.00      11.9970    1077.61 	 S 
     70.00      11.4310    1136.19 	 S 
     75.00      10.8506    1191.90 	 S 
     80.00      10.2472    1244.66 	 S 
     85.00       9.6109    1294.32 	 S 
     90.00       8.9395    1340.72 	 S 
     95.00       8.5378    1384.24 	 S 
    100.00       8.3233    1426.14 	 Sdiff 
    105.00       8.3233    1467.75 	 Sdiff 
    110.00       8.3233    1509.37 	 Sdiff 
    115.00       8.3233    1550.99 	 Sdiff 
    120.00       8.3233    1592.60 	 Sdiff 
    125.00       8.3233    1634.22 	 Sdiff 
    130.00       8.3233    1675.84 	 Sdiff 
    135.00       8.3233    1717.45 	 Sdiff 
    140.00       8.3233    1759.07 	 Sdiff 
    480.00     480.00 	 S 	 depth
     20.00      16.1109     435.46 	 S 
     20.00      18.1765     442.23 	 S 
     25.00      15.6955     514.47 	 S 
     30.00      15.4340     592.36 	 S 
     35.00      15.0549     668.62 	 S 
     40.00      14.6088     742.80 	 S 
     45.00      14.1215     814.64 	 S 
     50.00      13.6076     883.97 	 S 
     55.00      13.0810     950.70 	 S 
     60.00      12.5401    1014.76 	 S 
     65.00      11.9887    1076.09 	 S 
     70.00      11.4231    1134.62 	 S 
     75.00      10.8430    1190.30 	 S 
     80.00      10.2400    1243.02 	 S 
     85.00       9.6040    1292.65 	 S 
     90.00       8.9324    1339.01 	 S 
     95.00       8.5340    1382.51 	 S 
    100.00       8.3233    1424.40 	 Sdiff 
    105.00       8.3233    1466.01 	 Sdiff 
    110.00       8.3233    1507.63 	 Sdiff 
    115.00       8.3233    1549.25 	 Sdiff 
    120.00       8.3233    1590.86 	 Sdiff 
    125.00       8.3233    1632.48 	 Sdiff 
    130.00       8.3233    1674.09 	 Sdiff 
    135.00       8.3233    1715.71 	 Sdiff 
    140.00       8.3233    1757.33 	 Sdiff 
    490.00     490.00 	 S 	 depth
     20.00      16.0693     434.36 	 S 
     20.00      18.1154     441.50 	 S 
     25.00      15.6914     513.32 	 S 
     30.00      15.4258     591.18 	 S 
     35.00      15.0452     667.39 	 S 
     40.00      14.5987     741.52 	 S 
     45.00      14.1114     813.31 	 S 
     50.00      13.5980     882.59 	 S 
     55.00      13.0717     949.28 	 S 
     60.00      12.5313    1013.29 	 S 
     65.00      11.9803    1074.57 	 S 
     70.00      11.4151    1133.07 	 S 
     75.00      10.8355    1188.70 	 S 
     80.00      10.2326    1241.39 	 S 
     85.00       9.5969    1290.98 	 S 
     90.00       8.9252    1337.30 	 S 
     95.00       8.5302    1380.79 	 S 
    100.00       8.3233    1422.66 	 Sdiff 
    105.00       8.3233    1464.28 	 Sdiff 
    110.00       8.3233    1505.90 	 Sdiff 
    115.00       8.3233    1547.51 	 Sdiff 
    120.00       8.3233    1589.13 	 Sdiff 
    125.00       8.3233    1630.75 	 Sdiff 
    130.00       8.3233    1672.36 	 Sdiff 
    135.00       8.3233    1713.98 	 Sdiff 
    140.00       8.3233    1755.59 	 Sdiff 
    500.00     500.00 	 S 	 depth
     20.00      15.9366     433.27 	 S 
     20.00      18.0534     440.78 	 S 
     25.00      15.6871     512.18 	 S 
     30.00      15.4173     590.01 	 S 
     35.00      15.0353     666.17 	 S 
     40.00      14.5884     740.25 	 S 
     45.00      14.1012     811.99 	 S 
     50.00      13.5883     881.22 	 S 
     55.00      13.0622     947.86 	 S 
     60.00      12.5224    1011.83 	 S 
     65.00      11.9719    1073.07 	 S 
     70.00      11.4071    1131.52 	 S 
     75.00      10.8278    1187.12 	 S 
     80.00      10.2252    1239.76 	 S 
     85.00       9.5899    1289.32 	 S 
     90.00       8.9180    1335.61 	 S 
     95.00       8.5263    1379.07 	 S 
    100.00       8.3233    1420.94 	 Sdiff 
    105.00       8.3233    1462.56 	 Sdiff 
    110.00       8.3233    1504.17 	 Sdiff 
    115.00       8.3233    1545.79 	 Sdiff 
    120.00       8.3233    1587.41 	 Sdiff 
    125.00       8.3233    1629.02 	 Sdiff 
    130.00       8.3233    1670.64 	 Sdiff 
    135.00       8.3233    1712.26 	 Sdiff 
    140.00       8.3233    1753.87 	 Sdiff 
    510.00     510.00 	 S 	 depth
     20.00      15.9136     432.18 	 S 
     20.00      17.9908     440.07 	 S 
     25.00      15.6826     511.06 	 S 
     30.00      15.4087     588.85 	 S 
     35.00      15.0253     664.97 	 S 
     40.00      14.5779     739.00 	 S 
     45.00      14.0909     810.69 	 S 
     50.00      13.5784     879.87 	 S 
     55.00      13.0527     946.46 	 S 
     60.00      12.5135    1010.37 	 S 
     65.00      11.9634    1071.57 	 S 
     70.00      11.3990    1129.99 	 S 
     75.00      10.8201    1185.54 	 S 
     80.00      10.2178    1238.15 	 S 
     85.00       9.5827    1287.67 	 S 
     90.00       8.9106    1333.92 	 S 
     95.00       8.5224    1377.37 	 S 
    100.00       8.3233    1419.23 	 Sdiff 
    105.00       8.3233    1460.84 	 Sdiff 
    110.00       8.3233    1502.46 	 Sdiff 
    115.00       8.3233    1544.08 	 Sdiff 
    120.00       8.3233    1585.69 	 Sdiff 
    125.00       8.3233    1627.31 	 Sdiff 
    130.00       8.3233    1668.92 	 Sdiff 
    135.00       8.3233    1710.54 	 Sdiff 
    140.00       8.3233    1752.16 	 Sdiff 
    520.00     520.00 	 S 	 depth
     20.00      15.8975     431.11 	 S 
     20.00      17.9276     439.38 	 S 
     25.00      15.6779     509.96 	 S 
     30.00      15.3998     587.71 	 S 
     35.00      15.0151     663.78 	 S 
     40.00      14.5673     737.76 	 S 
     45.00      14.0804     809.39 	 S 
     50.00      13.5685     878.52 	 S 
     55.00      13.0431     945.06 	 S 
     60.00      12.5044    1008.94 	 S 
     65.00      11.9548    1070.09 	 S 
     70.00      11.3909    1128.46 	 S 
     75.00      10.8123    1183.98 	 S 
     80.00      10.2103    1236.55 	 S 
     85.00       9.5755    1286.03 	 S 
     90.00       8.9032    1332.25 	 S 
     95.00       8.5185    1375.67 	 S 
    100.00       8.3233    1417.52 	 Sdiff 
    105.00       8.3233    1459.14 	 Sdiff 
    110.00       8.3233    1500.75 	 Sdiff 
    115.00       8.3233    1542.37 	 Sdiff 
    120.00       8.3233    1583.99 	 Sdiff 
    125.00       8.3233    1625.60 	 Sdiff 
    130.00       8.3233    1667.22 	 Sdiff 
    135.00       8.3233    1708.84 	 Sdiff 
    140.00       8.3233    1750.45 	 Sdiff 
    530.00     530.00 	 S 	 depth
     20.00      15.8842     430.06 	 S 
     20.00      17.8639     438.70 	 S 
     25.00      15.6730     508.87 	 S 
     30.00      15.3907     586.59 	 S 
     35.00      15.0048     662.61 	 S 
     40.00      14.5566     736.53 	 S 
     45.00      14.0699     808.11 	 S 
     50.00      13.5585     877.19 	 S 
     55.00      13.0335     943.68 	 S 
     60.00      12.4953    1007.51 	 S 
     65.00      11.9461    1068.62 	 S 
     70.00      11.3827    1126.95 	 S 
     75.00      10.8045    1182.42 	 S 
     80.00      10.2027    1234.95 	 S 
     85.00       9.5683    1284.40 	 S 
     90.00       8.8957    1330.58 	 S 
     95.00       8.5145    1373.99 	 S 
    100.00       8.3233    1415.83 	 Sdiff 
    105.00       8.3233    1457.44 	 Sdiff 
    110.00       8.3233    1499.06 	 Sdiff 
    115.00       8.3233    1540.67 	 Sdiff 
    120.00       8.3233    1582.29 	 Sdiff 
    125.00       8.3233    1623.91 	 Sdiff 
    130.00       8.3233    1665.52 	 Sdiff 
    135.00       8.3233    1707.14 	 Sdiff 
    140.00       8.3233    1748.76 	 Sdiff 
    540.00     540.00 	 S 	 depth
     20.00      15.8725     429.02 	 S 
     20.00      17.7995     438.03 	 S 
     25.00      15.6678     507.80 	 S 
     30.00      15.3815     585.48 	 S 
     35.00      14.9942     661.45 	 S 
     40.00      14.5457     735.32 	 S 
     45.00      14.0592     806.85 	 S 
     50.00      13.5483     875.87 	 S 
     55.00      13.0237     942.31 	 S 
     60.00      12.4860    1006.09 	 S 
     65.00      11.9374    1067.15 	 S 
     70.00      11.3744    1125.44 	 S 
     75.00      10.7966    1180.88 	 S 
     80.00      10.1951    1233.37 	 S 
     85.00       9.5610    1282.77 	 S 
     90.00       8.8881    1328.92 	 S 
     95.00       8.5105    1372.31 	 S 
    100.00       8.3233    1414.14 	 Sdiff 
    105.00       8.3233    1455.76 	 Sdiff 
    110.00       8.3233    1497.37 	 Sdiff 
    115.00       8.3233    1538.99 	 Sdiff 
    120.00       8.3233    1580.60 	 Sdiff 
    125.00       8.3233    1622.22 	 Sdiff 
    130.00       8.3233    1663.84 	 Sdiff 
    135.00       8.3233    1705.45 	 Sdiff 
    140.00       8.3233    1747.07 	 Sdiff 
    550.00     550.00 	 S 	 depth
     20.00      15.8618     427.99 	 S 
     25.00      15.6623     506.75 	 S 
     30.00      15.3720     584.38 	 S 
     35.00      14.9835     660.30 	 S 
     40.00      14.5347     734.12 	 S 
     45.00      14.0484     805.59 	 S 
     50.00      13.5380     874.56 	 S 
     55.00      13.0138     940.95 	 S 
     60.00      12.4767    1004.68 	 S 
     65.00      11.9286    1065.70 	 S 
     70.00      11.3660    1123.95 	 S 
     75.00      10.7886    1179.34 	 S 
     80.00      10.1874    1231.79 	 S 
     85.00       9.5537    1281.16 	 S 
     90.00       8.8804    1327.27 	 S 
     95.00       8.5065    1370.64 	 S 
    100.00       8.3233    1412.46 	 Sdiff 
    105.00       8.3233    1454.08 	 Sdiff 
    110.00       8.3233    1495.69 	 Sdiff 
    115.00       8.3233    1537.31 	 Sdiff 
    120.00       8.3233    1578.93 	 Sdiff 
    125.00       8.3233    1620.54 	 Sdiff 
    130.00       8.3233    1662.16 	 Sdiff 
    135.00       8.3233    1703.78 	 Sdiff 
    140.00       8.3233    1745.39 	 Sdiff 
    560.00     560.00 	 S 	 depth
     20.00      15.8518     426.98 	 S 
     25.00      15.6565     505.71 	 S 
     30.00      15.3623     583.30 	 S 
     35.00      14.9726     659.17 	 S 
     40.00      14.5235     732.93 	 S 
     45.00      14.0374     804.35 	 S 
     50.00      13.5277     873.27 	 S 
     55.00      13.0038     939.60 	 S 
     60.00      12.4673    1003.29 	 S 
     65.00      11.9197    1064.26 	 S 
     70.00      11.3576    1122.46 	 S 
     75.00      10.7806    1177.82 	 S 
     80.00      10.1796    1230.23 	 S 
     85.00       9.5463    1279.56 	 S 
     90.00       8.8726    1325.63 	 S 
     95.00       8.5025    1368.98 	 S 
    100.00       8.3233    1410.79 	 Sdiff 
    105.00       8.3233    1452.41 	 Sdiff 
    110.00       8.3233    1494.02 	 Sdiff 
    115.00       8.3233    1535.64 	 Sdiff 
    120.00       8.3233    1577.26 	 Sdiff 
    125.00       8.3233    1618.87 	 Sdiff 
    130.00       8.3233    1660.49 	 Sdiff 
    135.00       8.3233    1702.11 	 Sdiff 
    140.00       8.3233    1743.72 	 Sdiff 
    570.00     570.00 	 S 	 depth
     20.00      15.8424     425.99 	 S 
     25.00      15.6503     504.69 	 S 
     30.00      15.3525     582.24 	 S 
     35.00      14.9616     658.06 	 S 
     40.00      14.5122     731.76 	 S 
     45.00      14.0264     803.12 	 S 
     50.00      13.5172     871.98 	 S 
     55.00      12.9937     938.27 	 S 
     60.00      12.4578    1001.90 	 S 
     65.00      11.9107    1062.83 	 S 
     70.00      11.3492    1120.98 	 S 
     75.00      10.7725    1176.30 	 S 
     80.00      10.1718    1228.67 	 S 
     85.00       9.5388    1277.96 	 S 
     90.00       8.8648    1324.00 	 S 
     95.00       8.4984    1367.33 	 S 
    100.00       8.3233    1409.13 	 Sdiff 
    105.00       8.3233    1450.75 	 Sdiff 
    110.00       8.3233    1492.36 	 Sdiff 
    115.00       8.3233    1533.98 	 Sdiff 
    120.00       8.3233    1575.60 	 Sdiff 
    125.00       8.3233    1617.21 	 Sdiff 
    130.00       8.3233    1658.83 	 Sdiff 
    135.00       8.3233    1700.45 	 Sdiff 
    140.00       8.3233    1742.06 	 Sdiff 
    580.00     580.00 	 S 	 depth
     20.00      15.8335     425.01 	 S 
     25.00      15.6437     503.68 	 S 
     30.00      15.3424     581.19 	 S 
     35.00      14.9503     656.95 	 S 
     40.00      14.5007     730.60 	 S 
     45.00      14.0152     801.90 	 S 
     50.00      13.5065     870.71 	 S 
     55.00      12.9835     936.94 	 S 
     60.00      12.4482    1000.53 	 S 
     65.00      11.9017    1061.41 	 S 
     70.00      11.3406    1119.52 	 S 
     75.00      10.7643    1174.79 	 S 
     80.00      10.1639    1227.12 	 S 
     85.00       9.5312    1276.38 	 S 
     90.00       8.8568    1322.37 	 S 
     95.00       8.4943    1365.69 	 S 
    100.00       8.3233    1407.48 	 Sdiff 
    105.00       8.3233    1449.10 	 Sdiff 
    110.00       8.3233    1490.71 	 Sdiff 
    115.00       8.3233    1532.33 	 Sdiff 
    120.00       8.3233    1573.94 	 Sdiff 
    125.00       8.3233    1615.56 	 Sdiff 
    130.00       8.3233    1657.18 	 Sdiff 
    135.00       8.3233    1698.79 	 Sdiff 
    140.00       8.3233    1740.41 	 Sdiff 
    590.00     590.00 	 S 	 depth
     20.00      15.8249     424.05 	 S 
     25.00      15.6367     502.69 	 S 
     30.00      15.3321     580.15 	 S 
     35.00      14.9389     655.86 	 S 
     40.00      14.4890     729.45 	 S 
     45.00      14.0038     800.69 	 S 
     50.00      13.4958     869.45 	 S 
     55.00      12.9733     935.63 	 S 
     60.00      12.4386     999.16 	 S 
     65.00      11.8925    1060.00 	 S 
     70.00      11.3320    1118.06 	 S 
     75.00      10.7561    1173.29 	 S 
     80.00      10.1560    1225.59 	 S 
     85.00       9.5236    1274.80 	 S 
     90.00       8.8487    1320.76 	 S 
     95.00       8.4902    1364.05 	 S 
    100.00       8.3233    1405.84 	 Sdiff 
    105.00       8.3233    1447.45 	 Sdiff 
    110.00       8.3233    1489.07 	 Sdiff 
    115.00       8.3233    1530.69 	 Sdiff 
    120.00       8.3233    1572.30 	 Sdiff 
    125.00       8.3233    1613.92 	 Sdiff 
    130.00       8.3233    1655.53 	 Sdiff 
    135.00       8.3233    1697.15 	 Sdiff 
    140.00       8.3233    1738.77 	 Sdiff 
    600.00     600.00 	 S 	 depth
     20.00      15.8166     423.11 	 S 
     25.00      15.6290     501.72 	 S 
     30.00      15.3216     579.13 	 S 
     35.00      14.9273     654.79 	 S 
     40.00      14.4772     728.31 	 S 
     45.00      13.9924     799.50 	 S 
     50.00      13.4850     868.20 	 S 
     55.00      12.9629     934.33 	 S 
     60.00      12.4288     997.81 	 S 
     65.00      11.8833    1058.60 	 S 
     70.00      11.3233    1116.62 	 S 
     75.00      10.7478    1171.81 	 S 
     80.00      10.1480    1224.06 	 S 
     85.00       9.5159    1273.23 	 S 
     90.00       8.8406    1319.15 	 S 
     95.00       8.4861    1362.43 	 S 
    100.00       8.3233    1404.20 	 Sdiff 
    105.00       8.3233    1445.82 	 Sdiff 
    110.00       8.3233    1487.44 	 Sdiff 
    115.00       8.3233    1529.05 	 Sdiff 
    120.00       8.3233    1570.67 	 Sdiff 
    125.00       8.3233    1612.28 	 Sdiff 
    130.00       8.3233    1653.90 	 Sdiff 
    135.00       8.3233    1695.52 	 Sdiff 
    140.00       8.3233    1737.13 	 Sdiff 
    610.00     610.00 	 S 	 depth
     20.00      15.8085     422.18 	 S 
     25.00      15.6206     500.76 	 S 
     30.00      15.3108     578.13 	 S 
     35.00      14.9154     653.72 	 S 
     40.00      14.4653     727.19 	 S 
     45.00      13.9808     798.32 	 S 
     50.00      13.4740     866.96 	 S 
     55.00      12.9524     933.03 	 S 
     60.00      12.4189     996.47 	 S 
     65.00      11.8740    1057.21 	 S 
     70.00      11.3146    1115.18 	 S 
     75.00      10.7394    1170.33 	 S 
     80.00      10.1399    1222.54 	 S 
     85.00       9.5082    1271.67 	 S 
     90.00       8.8323    1317.55 	 S 
     95.00       8.4819    1360.81 	 S 
    100.00       8.3233    1402.58 	 Sdiff 
    105.00       8.3233    1444.19 	 Sdiff 
    110.00       8.3233    1485.81 	 Sdiff 
    115.00       8.3233    1527.43 	 Sdiff 
    120.00       8.3233    1569.04 	 Sdiff 
    125.00       8.3233    1610.66 	 Sdiff 
    130.00       8.3233    1652.28 	 Sdiff 
    135.00       8.3233    1693.89 	 Sdiff 
    140.00       8.3233    1735.51 	 Sdiff 
    620.00     620.00 	 S 	 depth
     20.00      15.8006     421.28 	 S 
     25.00      15.6118     499.82 	 S 
     30.00      15.2998     577.14 	 S 
     35.00      14.9034     652.68 	 S 
     40.00      14.4531     726.08 	 S 
     45.00      13.9690     797.15 	 S 
     50.00      13.4629     865.73 	 S 
     55.00      12.9418     931.75 	 S 
     60.00      12.4090     995.14 	 S 
     65.00      11.8646    1055.83 	 S 
     70.00      11.3058    1113.76 	 S 
     75.00      10.7309    1168.86 	 S 
     80.00      10.1318    1221.03 	 S 
     85.00       9.5004    1270.12 	 S 
     90.00       8.8239    1315.96 	 S 
     95.00       8.4777    1359.20 	 S 
    100.00       8.3233    1400.96 	 Sdiff 
    105.00       8.3233    1442.58 	 Sdiff 
    110.00       8.3233    1484.19 	 Sdiff 
    115.00       8.3233    1525.81 	 Sdiff 
    120.00       8.3233    1567.43 	 Sdiff 
    125.00       8.3233    1609.04 	 Sdiff 
    130.00       8.3233    1650.66 	 Sdiff 
    135.00       8.3233    1692.27 	 Sdiff 
    140.00       8.3233    1733.89 	 Sdiff 
    630.00     630.00 	 S 	 depth
     20.00      15.7929     420.38 	 S 
     25.00      15.6027     498.90 	 S 
     30.00      15.2885     576.17 	 S 
     35.00      14.8911     651.64 	 S 
     40.00      14.4408     724.99 	 S 
     45.00      13.9571     795.99 	 S 
     50.00      13.4517     864.52 	 S 
     55.00      12.9311     930.48 	 S 
     60.00      12.3990     993.81 	 S 
     65.00      11.8551    1054.46 	 S 
     70.00      11.2969    1112.34 	 S 
     75.00      10.7224    1167.40 	 S 
     80.00      10.1236    1219.52 	 S 
     85.00       9.4925    1268.58 	 S 
     90.00       8.8155    1314.38 	 S 
     95.00       8.4735    1357.60 	 S 
    100.00       8.3233    1399.35 	 Sdiff 
    105.00       8.3233    1440.97 	 Sdiff 
    110.00       8.3233    1482.58 	 Sdiff 
    115.00       8.3233    1524.20 	 Sdiff 
    120.00       8.3233    1565.82 	 Sdiff 
    125.00       8.3233    1607.43 	 Sdiff 
    130.00       8.3233    1649.05 	 Sdiff 
    135.00       8.3233    1690.67 	 Sdiff 
    140.00       8.3233    1732.28 	 Sdiff 
    640.00     640.00 	 S 	 depth
     20.00      15.7852     419.51 	 S 
     25.00      15.5933     497.99 	 S 
     30.00      15.2770     575.21 	 S 
     35.00      14.8787     650.62 	 S 
     40.00      14.4283     723.91 	 S 
     45.00      13.9451     794.85 	 S 
     50.00      13.4403     863.32 	 S 
     55.00      12.9203     929.23 	 S 
     60.00      12.3888     992.50 	 S 
     65.00      11.8456    1053.10 	 S 
     70.00      11.2879    1110.94 	 S 
     75.00      10.7138    1165.95 	 S 
     80.00      10.1153    1218.03 	 S 
     85.00       9.4846    1267.04 	 S 
     90.00       8.8070    1312.81 	 S 
     95.00       8.4693    1356.01 	 S 
    100.00       8.3233    1397.75 	 Sdiff 
    105.00       8.3233    1439.37 	 Sdiff 
    110.00       8.3233    1480.99 	 Sdiff 
    115.00       8.3233    1522.60 	 Sdiff 
    120.00       8.3233    1564.22 	 Sdiff 
    125.00       8.3233    1605.83 	 Sdiff 
    130.00       8.3233    1647.45 	 Sdiff 
    135.00       8.3233    1689.07 	 Sdiff 
    140.00       8.3233    1730.68 	 Sdiff 
    650.00     650.00 	 S 	 depth
     20.00      15.7777     418.66 	 S 
     25.00      15.5837     497.10 	 S 
     30.00      15.2652     574.26 	 S 
     35.00      14.8660     649.62 	 S 
     40.00      14.4156     722.84 	 S 
     45.00      13.9329     793.72 	 S 
     50.00      13.4288     862.13 	 S 
     55.00      12.9094     927.98 	 S 
     60.00      12.3786     991.20 	 S 
     65.00      11.8359    1051.75 	 S 
     70.00      11.2788    1109.54 	 S 
     75.00      10.7051    1164.51 	 S 
     80.00      10.1070    1216.55 	 S 
     85.00       9.4765    1265.52 	 S 
     90.00       8.7993    1311.24 	 S 
     95.00       8.4650    1354.42 	 S 
    100.00       8.3233    1396.16 	 Sdiff 
    105.00       8.3233    1437.78 	 Sdiff 
    110.00       8.3233    1479.39 	 Sdiff 
    115.00       8.3233    1521.01 	 Sdiff 
    120.00       8.3233    1562.63 	 Sdiff 
    125.00       8.3233    1604.24 	 Sdiff 
    130.00       8.3233    1645.86 	 Sdiff 
    135.00       8.3233    1687.48 	 Sdiff 
    140.00       8.3233    1729.09 	 Sdiff 
    660.00     660.00 	 S 	 depth
     20.00      15.7703     417.82 	 S 
     25.00      15.5739     496.23 	 S 
     30.00      15.2531     573.33 	 S 
     35.00      14.8531     648.63 	 S 
     40.00      14.4028     721.78 	 S 
     45.00      13.9206     792.60 	 S 
     50.00      13.4172     860.95 	 S 
     55.00      12.8983     926.74 	 S 
     60.00      12.3682     989.91 	 S 
     65.00      11.8262    1050.41 	 S 
     70.00      11.2697    1108.15 	 S 
     75.00      10.6963    1163.07 	 S 
     80.00      10.0986    1215.07 	 S 
     85.00       9.4685    1264.00 	 S 
     90.00       8.7924    1309.68 	 S 
     95.00       8.4607    1352.85 	 S 
    100.00       8.3233    1394.58 	 Sdiff 
    105.00       8.3233    1436.20 	 Sdiff 
    110.00       8.3233    1477.81 	 Sdiff 
    115.00       8.3233    1519.43 	 Sdiff 
    120.00       8.3233    1561.04 	 Sdiff 
    125.00       8.3233    1602.66 	 Sdiff 
    130.00       8.3233    1644.28 	 Sdiff 
    135.00       8.3233    1685.89 	 Sdiff 
    140.00       8.3233    1727.51 	 Sdiff 
    670.00     670.00 	 S 	 depth
     20.00      15.7595     417.26 	 S 
     25.00      15.5597     495.62 	 S 
     30.00      15.2366     572.65 	 S 
     35.00      14.8364     647.86 	 S 
     40.00      14.3868     720.93 	 S 
     45.00      13.9057     791.67 	 S 
     50.00      13.4035     859.95 	 S 
     55.00      12.8856     925.68 	 S 
     60.00      12.3564     988.79 	 S 
     65.00      11.8152    1049.22 	 S 
     70.00      11.2594    1106.91 	 S 
     75.00      10.6865    1161.79 	 S 
     80.00      10.0893    1213.74 	 S 
     85.00       9.4596    1262.62 	 S 
     90.00       8.7855    1308.26 	 S 
     95.00       8.4560    1351.40 	 S 
    100.00       8.3233    1393.12 	 Sdiff 
    105.00       8.3233    1434.74 	 Sdiff 
    110.00       8.3233    1476.36 	 Sdiff 
    115.00       8.3233    1517.97 	 Sdiff 
    120.00       8.3233    1559.59 	 Sdiff 
    125.00       8.3233    1601.21 	 Sdiff 
    130.00       8.3233    1642.82 	 Sdiff 
    135.00       8.3233    1684.44 	 Sdiff 
    140.00       8.3233    1726.06 	 Sdiff 
    680.00     680.00 	 S 	 depth
     20.00      15.7486     416.74 	 S 
     25.00      15.5447     495.03 	 S 
     30.00      15.2196     571.99 	 S 
     35.00      14.8193     647.11 	 S 
     40.00      14.3705     720.10 	 S 
     45.00      13.8905     790.76 	 S 
     50.00      13.3896     858.96 	 S 
     55.00      12.8726     924.62 	 S 
     60.00      12.3444     987.67 	 S 
     65.00      11.8041    1048.05 	 S 
     70.00      11.2490    1105.69 	 S 
     75.00      10.6767    1160.51 	 S 
     80.00      10.0799    1212.41 	 S 
     85.00       9.4506    1261.25 	 S 
     90.00       8.7791    1306.84 	 S 
     95.00       8.4513    1349.97 	 S 
    100.00       8.3233    1391.68 	 Sdiff 
    105.00       8.3233    1433.30 	 Sdiff 
    110.00       8.3233    1474.91 	 Sdiff 
    115.00       8.3233    1516.53 	 Sdiff 
    120.00       8.3233    1558.15 	 Sdiff 
    125.00       8.3233    1599.76 	 Sdiff 
    130.00       8.3233    1641.38 	 Sdiff 
    135.00       8.3233    1682.99 	 Sdiff 
    140.00       8.3233    1724.61 	 Sdiff 
    690.00     690.00 	 S 	 depth
     20.00      15.7376     416.24 	 S 
     25.00      15.5291     494.47 	 S 
     30.00      15.2019     571.34 	 S 
     35.00      14.8017     646.37 	 S 
     40.00      14.3539     719.28 	 S 
     45.00      13.8750     789.86 	 S 
     50.00      13.3754     857.99 	 S 
     55.00      12.8595     923.58 	 S 
     60.00      12.3323     986.57 	 S 
     65.00      11.7928    1046.89 	 S 
     70.00      11.2385    1104.47 	 S 
     75.00      10.6667    1159.24 	 S 
     80.00      10.0704    1211.09 	 S 
     85.00       9.4415    1259.88 	 S 
     90.00       8.7731    1305.43 	 S 
     95.00       8.4465    1348.54 	 S 
    100.00       8.3233    1390.24 	 Sdiff 
    105.00       8.3233    1431.86 	 Sdiff 
    110.00       8.3233    1473.48 	 Sdiff 
    115.00       8.3233    1515.09 	 Sdiff 
    120.00       8.3233    1556.71 	 Sdiff 
    125.00       8.3233    1598.33 	 Sdiff 
    130.00       8.3233    1639.94 	 Sdiff 
    135.00       8.3233    1681.56 	 Sdiff 
    140.00       8.3233    1723.18 	 Sdiff 
    700.00     700.00 	 S 	 depth
     20.00      15.7263     415.77 	 S 
     25.00      15.5127     493.94 	 S 
     30.00      15.1836     570.72 	 S 
     35.00      14.7837     645.66 	 S 
     40.00      14.3370     718.48 	 S 
     45.00      13.8593     788.98 	 S 
     50.00      13.3611     857.03 	 S 
     55.00      12.8462     922.55 	 S 
     60.00      12.3201     985.48 	 S 
     65.00      11.7814    1045.73 	 S 
     70.00      11.2279    1103.26 	 S 
     75.00      10.6567    1157.98 	 S 
     80.00      10.0609    1209.79 	 S 
     85.00       9.4323    1258.53 	 S 
     90.00       8.7674    1304.03 	 S 
     95.00       8.4416    1347.12 	 S 
    100.00       8.3233    1388.82 	 Sdiff 
    105.00       8.3233    1430.43 	 Sdiff 
    110.00       8.3233    1472.05 	 Sdiff 
    115.00       8.3233    1513.67 	 Sdiff 
    120.00       8.3233    1555.28 	 Sdiff 
    125.00       8.3233    1596.90 	 Sdiff 
    130.00       8.3233    1638.52 	 Sdiff 
    135.00       8.3233    1680.13 	 Sdiff 
    140.00       8.3233    1721.75 	 Sdiff 
