     10.00      10.00 	 sSS 	 depth
     20.00      20.00 	 sSS 	 depth
     30.00      30.00 	 sSS 	 depth
     40.00      40.00 	 sSS 	 depth
     50.00      50.00 	 sSS 	 depth
     60.00      60.00 	 sSS 	 depth
     70.00      70.00 	 sSS 	 depth
     80.00      80.00 	 sSS 	 depth
     90.00      90.00 	 sSS 	 depth
    100.00     100.00 	 sSS 	 depth
    110.00     110.00 	 sSS 	 depth
    120.00     120.00 	 sSS 	 depth
    130.00     130.00 	 sSS 	 depth
    140.00     140.00 	 sSS 	 depth
    150.00     150.00 	 sSS 	 depth
    160.00     160.00 	 sSS 	 depth
    170.00     170.00 	 sSS 	 depth
    180.00     180.00 	 sSS 	 depth
    190.00     190.00 	 sSS 	 depth
    200.00     200.00 	 sSS 	 depth
    210.00     210.00 	 sSS 	 depth
    220.00     220.00 	 sSS 	 depth
    230.00     230.00 	 sSS 	 depth
    240.00     240.00 	 sSS 	 depth
    250.00     250.00 	 sSS 	 depth
    260.00     260.00 	 sSS 	 depth
    270.00     270.00 	 sSS 	 depth
    280.00     280.00 	 sSS 	 depth
    290.00     290.00 	 sSS 	 depth
    300.00     300.00 	 sSS 	 depth
    310.00     310.00 	 sSS 	 depth
    320.00     320.00 	 sSS 	 depth
    330.00     330.00 	 sSS 	 depth
    340.00     340.00 	 sSS 	 depth
    350.00     350.00 	 sSS 	 depth
    360.00     360.00 	 sSS 	 depth
    370.00     370.00 	 sSS 	 depth
    380.00     380.00 	 sSS 	 depth
    390.00     390.00 	 sSS 	 depth
    400.00     400.00 	 sSS 	 depth
    410.00     410.00 	 sSS 	 depth
    420.00     420.00 	 sSS 	 depth
    430.00     430.00 	 sSS 	 depth
    440.00     440.00 	 sSS 	 depth
    450.00     450.00 	 sSS 	 depth
    460.00     460.00 	 sSS 	 depth
    470.00     470.00 	 sSS 	 depth
    480.00     480.00 	 sSS 	 depth
    490.00     490.00 	 sSS 	 depth
    500.00     500.00 	 sSS 	 depth
    510.00     510.00 	 sSS 	 depth
    520.00     520.00 	 sSS 	 depth
    530.00     530.00 	 sSS 	 depth
    540.00     540.00 	 sSS 	 depth
    550.00     550.00 	 sSS 	 depth
    560.00     560.00 	 sSS 	 depth
    570.00     570.00 	 sSS 	 depth
    580.00     580.00 	 sSS 	 depth
    590.00     590.00 	 sSS 	 depth
    600.00     600.00 	 sSS 	 depth
    610.00     610.00 	 sSS 	 depth
    620.00     620.00 	 sSS 	 depth
    630.00     630.00 	 sSS 	 depth
    640.00     640.00 	 sSS 	 depth
    650.00     650.00 	 sSS 	 depth
    660.00     660.00 	 sSS 	 depth
    670.00     670.00 	 sSS 	 depth
    680.00     680.00 	 sSS 	 depth
    690.00     690.00 	 sSS 	 depth
    700.00     700.00 	 sSS 	 depth
