      0.00       0.00 	 PKKPbc 	 depth
     75.00      -2.1546    1867.15 	     PKKPbc 
     80.00      -2.2904    1856.04 	     PKKPbc 
     85.00      -2.4315    1844.24 	     PKKPbc 
     90.00      -2.5761    1831.72 	     PKKPbc 
     95.00      -2.7259    1818.47 	     PKKPbc 
    100.00      -2.8820    1804.45 	     PKKPbc 
    105.00      -3.0477    1789.63 	     PKKPbc 
    110.00      -3.2246    1773.96 	     PKKPbc 
    115.00      -3.4201    1757.35 	     PKKPbc 
    120.00      -3.6504    1739.70 	     PKKPbc 
    125.00      -4.0455    1720.66 	     PKKPbc 
     10.00      10.00 	 PKKPbc 	 depth
     75.00      -2.1543    1865.44 	     PKKPbc 
     80.00      -2.2901    1854.33 	     PKKPbc 
     85.00      -2.4312    1842.53 	     PKKPbc 
     90.00      -2.5757    1830.01 	     PKKPbc 
     95.00      -2.7255    1816.76 	     PKKPbc 
    100.00      -2.8815    1802.75 	     PKKPbc 
    105.00      -3.0472    1787.93 	     PKKPbc 
    110.00      -3.2240    1772.26 	     PKKPbc 
    115.00      -3.4195    1755.66 	     PKKPbc 
    120.00      -3.6494    1738.01 	     PKKPbc 
    125.00      -4.0406    1718.97 	     PKKPbc 
     20.00      20.00 	 PKKPbc 	 depth
     75.00      -2.1540    1863.73 	     PKKPbc 
     80.00      -2.2898    1852.62 	     PKKPbc 
     85.00      -2.4308    1840.82 	     PKKPbc 
     90.00      -2.5754    1828.30 	     PKKPbc 
     95.00      -2.7251    1815.06 	     PKKPbc 
    100.00      -2.8811    1801.04 	     PKKPbc 
    105.00      -3.0467    1786.23 	     PKKPbc 
    110.00      -3.2235    1770.56 	     PKKPbc 
    115.00      -3.4188    1753.96 	     PKKPbc 
    120.00      -3.6485    1736.31 	     PKKPbc 
    125.00      -4.0361    1717.29 	     PKKPbc 
     30.00      30.00 	 PKKPbc 	 depth
     75.00      -2.1537    1862.20 	     PKKPbc 
     80.00      -2.2894    1851.09 	     PKKPbc 
     85.00      -2.4305    1839.30 	     PKKPbc 
     90.00      -2.5750    1826.78 	     PKKPbc 
     95.00      -2.7247    1813.54 	     PKKPbc 
    100.00      -2.8806    1799.53 	     PKKPbc 
    105.00      -3.0462    1784.71 	     PKKPbc 
    110.00      -3.2228    1769.05 	     PKKPbc 
    115.00      -3.4180    1752.45 	     PKKPbc 
    120.00      -3.6475    1734.81 	     PKKPbc 
    125.00      -4.0313    1715.79 	     PKKPbc 
     40.00      40.00 	 PKKPbc 	 depth
     75.00      -2.1533    1860.82 	     PKKPbc 
     80.00      -2.2890    1849.72 	     PKKPbc 
     85.00      -2.4301    1837.92 	     PKKPbc 
     90.00      -2.5745    1825.41 	     PKKPbc 
     95.00      -2.7242    1812.17 	     PKKPbc 
    100.00      -2.8800    1798.16 	     PKKPbc 
    105.00      -3.0456    1783.35 	     PKKPbc 
    110.00      -3.2221    1767.69 	     PKKPbc 
    115.00      -3.4171    1751.10 	     PKKPbc 
    120.00      -3.6463    1733.46 	     PKKPbc 
    125.00      -4.0263    1714.45 	     PKKPbc 
     50.00      50.00 	 PKKPbc 	 depth
     75.00      -2.1529    1859.59 	     PKKPbc 
     80.00      -2.2886    1848.49 	     PKKPbc 
     85.00      -2.4296    1836.70 	     PKKPbc 
     90.00      -2.5740    1824.19 	     PKKPbc 
     95.00      -2.7236    1810.95 	     PKKPbc 
    100.00      -2.8794    1796.94 	     PKKPbc 
    105.00      -3.0449    1782.14 	     PKKPbc 
    110.00      -3.2213    1766.48 	     PKKPbc 
    115.00      -3.4162    1749.89 	     PKKPbc 
    120.00      -3.6451    1732.26 	     PKKPbc 
    125.00      -4.0210    1713.26 	     PKKPbc 
     60.00      60.00 	 PKKPbc 	 depth
     75.00      -2.1525    1858.37 	     PKKPbc 
     80.00      -2.2882    1847.27 	     PKKPbc 
     85.00      -2.4291    1835.47 	     PKKPbc 
     90.00      -2.5735    1822.97 	     PKKPbc 
     95.00      -2.7231    1809.73 	     PKKPbc 
    100.00      -2.8788    1795.73 	     PKKPbc 
    105.00      -3.0442    1780.93 	     PKKPbc 
    110.00      -3.2205    1765.27 	     PKKPbc 
    115.00      -3.4152    1748.69 	     PKKPbc 
    120.00      -3.6438    1731.06 	     PKKPbc 
    125.00      -4.0159    1712.07 	     PKKPbc 
     70.00      70.00 	 PKKPbc 	 depth
     75.00      -2.1521    1857.14 	     PKKPbc 
     80.00      -2.2878    1846.04 	     PKKPbc 
     85.00      -2.4287    1834.25 	     PKKPbc 
     90.00      -2.5730    1821.75 	     PKKPbc 
     95.00      -2.7225    1808.51 	     PKKPbc 
    100.00      -2.8782    1794.51 	     PKKPbc 
    105.00      -3.0435    1779.71 	     PKKPbc 
    110.00      -3.2197    1764.06 	     PKKPbc 
    115.00      -3.4142    1747.49 	     PKKPbc 
    120.00      -3.6425    1729.87 	     PKKPbc 
    125.00      -4.0111    1710.88 	     PKKPbc 
     80.00      80.00 	 PKKPbc 	 depth
     75.00      -2.1517    1855.91 	     PKKPbc 
     80.00      -2.2873    1844.82 	     PKKPbc 
     85.00      -2.4282    1833.03 	     PKKPbc 
     90.00      -2.5725    1820.53 	     PKKPbc 
     95.00      -2.7219    1807.29 	     PKKPbc 
    100.00      -2.8775    1793.30 	     PKKPbc 
    105.00      -3.0427    1778.50 	     PKKPbc 
    110.00      -3.2189    1762.85 	     PKKPbc 
    115.00      -3.4133    1746.28 	     PKKPbc 
    120.00      -3.6412    1728.67 	     PKKPbc 
    125.00      -4.0065    1709.69 	     PKKPbc 
     90.00      90.00 	 PKKPbc 	 depth
     75.00      -2.1513    1854.68 	     PKKPbc 
     80.00      -2.2869    1843.59 	     PKKPbc 
     85.00      -2.4277    1831.80 	     PKKPbc 
     90.00      -2.5719    1819.31 	     PKKPbc 
     95.00      -2.7214    1806.08 	     PKKPbc 
    100.00      -2.8769    1792.08 	     PKKPbc 
    105.00      -3.0420    1777.29 	     PKKPbc 
    110.00      -3.2181    1761.65 	     PKKPbc 
    115.00      -3.4123    1745.08 	     PKKPbc 
    120.00      -3.6399    1727.47 	     PKKPbc 
    125.00      -4.0021    1708.51 	     PKKPbc 
    100.00     100.00 	 PKKPbc 	 depth
     75.00      -2.1509    1853.46 	     PKKPbc 
     80.00      -2.2865    1842.36 	     PKKPbc 
     85.00      -2.4273    1830.58 	     PKKPbc 
     90.00      -2.5714    1818.09 	     PKKPbc 
     95.00      -2.7208    1804.86 	     PKKPbc 
    100.00      -2.8763    1790.87 	     PKKPbc 
    105.00      -3.0413    1776.08 	     PKKPbc 
    110.00      -3.2172    1760.44 	     PKKPbc 
    115.00      -3.4113    1743.88 	     PKKPbc 
    120.00      -3.6386    1726.27 	     PKKPbc 
    125.00      -3.9978    1707.32 	     PKKPbc 
    110.00     110.00 	 PKKPbc 	 depth
     75.00      -2.1505    1852.23 	     PKKPbc 
     80.00      -2.2860    1841.14 	     PKKPbc 
     85.00      -2.4268    1829.36 	     PKKPbc 
     90.00      -2.5709    1816.87 	     PKKPbc 
     95.00      -2.7202    1803.64 	     PKKPbc 
    100.00      -2.8756    1789.65 	     PKKPbc 
    105.00      -3.0406    1774.87 	     PKKPbc 
    110.00      -3.2164    1759.23 	     PKKPbc 
    115.00      -3.4103    1742.67 	     PKKPbc 
    120.00      -3.6373    1725.07 	     PKKPbc 
    125.00      -3.9937    1706.13 	     PKKPbc 
    120.00     120.00 	 PKKPbc 	 depth
     75.00      -2.1501    1851.00 	     PKKPbc 
     80.00      -2.2856    1839.92 	     PKKPbc 
     85.00      -2.4263    1828.14 	     PKKPbc 
     90.00      -2.5704    1815.65 	     PKKPbc 
     95.00      -2.7197    1802.42 	     PKKPbc 
    100.00      -2.8750    1788.44 	     PKKPbc 
    105.00      -3.0399    1773.66 	     PKKPbc 
    110.00      -3.2156    1758.02 	     PKKPbc 
    115.00      -3.4094    1741.47 	     PKKPbc 
    120.00      -3.6360    1723.88 	     PKKPbc 
    125.00      -3.9897    1704.94 	     PKKPbc 
    130.00     130.00 	 PKKPbc 	 depth
     75.00      -2.1497    1849.78 	     PKKPbc 
     80.00      -2.2852    1838.69 	     PKKPbc 
     85.00      -2.4258    1826.92 	     PKKPbc 
     90.00      -2.5699    1814.43 	     PKKPbc 
     95.00      -2.7191    1801.21 	     PKKPbc 
    100.00      -2.8744    1787.23 	     PKKPbc 
    105.00      -3.0392    1772.45 	     PKKPbc 
    110.00      -3.2148    1756.82 	     PKKPbc 
    115.00      -3.4084    1740.27 	     PKKPbc 
    120.00      -3.6347    1722.68 	     PKKPbc 
    125.00      -3.9858    1703.76 	     PKKPbc 
    140.00     140.00 	 PKKPbc 	 depth
     75.00      -2.1493    1848.56 	     PKKPbc 
     80.00      -2.2847    1837.48 	     PKKPbc 
     85.00      -2.4254    1825.70 	     PKKPbc 
     90.00      -2.5693    1813.22 	     PKKPbc 
     95.00      -2.7185    1800.00 	     PKKPbc 
    100.00      -2.8737    1786.02 	     PKKPbc 
    105.00      -3.0385    1771.24 	     PKKPbc 
    110.00      -3.2139    1755.62 	     PKKPbc 
    115.00      -3.4074    1739.08 	     PKKPbc 
    120.00      -3.6334    1721.49 	     PKKPbc 
    125.00      -3.9819    1702.58 	     PKKPbc 
    150.00     150.00 	 PKKPbc 	 depth
     75.00      -2.1489    1847.34 	     PKKPbc 
     80.00      -2.2843    1836.26 	     PKKPbc 
     85.00      -2.4249    1824.49 	     PKKPbc 
     90.00      -2.5688    1812.01 	     PKKPbc 
     95.00      -2.7179    1798.79 	     PKKPbc 
    100.00      -2.8731    1784.82 	     PKKPbc 
    105.00      -3.0377    1770.05 	     PKKPbc 
    110.00      -3.2131    1754.42 	     PKKPbc 
    115.00      -3.4064    1737.88 	     PKKPbc 
    120.00      -3.6320    1720.31 	     PKKPbc 
    125.00      -3.9782    1701.40 	     PKKPbc 
    160.00     160.00 	 PKKPbc 	 depth
     75.00      -2.1485    1846.13 	     PKKPbc 
     80.00      -2.2839    1835.05 	     PKKPbc 
     85.00      -2.4244    1823.28 	     PKKPbc 
     90.00      -2.5683    1810.80 	     PKKPbc 
     95.00      -2.7174    1797.59 	     PKKPbc 
    100.00      -2.8724    1783.62 	     PKKPbc 
    105.00      -3.0370    1768.85 	     PKKPbc 
    110.00      -3.2123    1753.23 	     PKKPbc 
    115.00      -3.4054    1736.70 	     PKKPbc 
    120.00      -3.6307    1719.13 	     PKKPbc 
    125.00      -3.9745    1700.23 	     PKKPbc 
    170.00     170.00 	 PKKPbc 	 depth
     75.00      -2.1480    1844.93 	     PKKPbc 
     80.00      -2.2834    1833.85 	     PKKPbc 
     85.00      -2.4239    1822.08 	     PKKPbc 
     90.00      -2.5678    1809.60 	     PKKPbc 
     95.00      -2.7168    1796.39 	     PKKPbc 
    100.00      -2.8718    1782.43 	     PKKPbc 
    105.00      -3.0363    1767.66 	     PKKPbc 
    110.00      -3.2114    1752.05 	     PKKPbc 
    115.00      -3.4044    1735.52 	     PKKPbc 
    120.00      -3.6294    1717.95 	     PKKPbc 
    125.00      -3.9709    1699.06 	     PKKPbc 
    180.00     180.00 	 PKKPbc 	 depth
     75.00      -2.1476    1843.72 	     PKKPbc 
     80.00      -2.2830    1832.65 	     PKKPbc 
     85.00      -2.4234    1820.88 	     PKKPbc 
     90.00      -2.5672    1808.41 	     PKKPbc 
     95.00      -2.7162    1795.20 	     PKKPbc 
    100.00      -2.8711    1781.24 	     PKKPbc 
    105.00      -3.0355    1766.47 	     PKKPbc 
    110.00      -3.2106    1750.86 	     PKKPbc 
    115.00      -3.4034    1734.34 	     PKKPbc 
    120.00      -3.6281    1716.78 	     PKKPbc 
    125.00      -3.9673    1697.90 	     PKKPbc 
    190.00     190.00 	 PKKPbc 	 depth
     75.00      -2.1472    1842.52 	     PKKPbc 
     80.00      -2.2825    1831.45 	     PKKPbc 
     85.00      -2.4229    1819.69 	     PKKPbc 
     90.00      -2.5667    1807.22 	     PKKPbc 
     95.00      -2.7156    1794.01 	     PKKPbc 
    100.00      -2.8704    1780.05 	     PKKPbc 
    105.00      -3.0348    1765.29 	     PKKPbc 
    110.00      -3.2097    1749.69 	     PKKPbc 
    115.00      -3.4023    1733.16 	     PKKPbc 
    120.00      -3.6267    1715.61 	     PKKPbc 
    125.00      -3.9638    1696.74 	     PKKPbc 
    200.00     200.00 	 PKKPbc 	 depth
     75.00      -2.1468    1841.33 	     PKKPbc 
     80.00      -2.2820    1830.26 	     PKKPbc 
     85.00      -2.4224    1818.50 	     PKKPbc 
     90.00      -2.5661    1806.03 	     PKKPbc 
     95.00      -2.7150    1792.83 	     PKKPbc 
    100.00      -2.8698    1778.87 	     PKKPbc 
    105.00      -3.0341    1764.11 	     PKKPbc 
    110.00      -3.2089    1748.51 	     PKKPbc 
    115.00      -3.4013    1732.00 	     PKKPbc 
    120.00      -3.6254    1714.45 	     PKKPbc 
    125.00      -3.9603    1695.59 	     PKKPbc 
    210.00     210.00 	 PKKPbc 	 depth
     75.00      -2.1463    1840.14 	     PKKPbc 
     80.00      -2.2816    1829.07 	     PKKPbc 
     85.00      -2.4219    1817.31 	     PKKPbc 
     90.00      -2.5656    1804.84 	     PKKPbc 
     95.00      -2.7144    1791.65 	     PKKPbc 
    100.00      -2.8691    1777.69 	     PKKPbc 
    105.00      -3.0333    1762.94 	     PKKPbc 
    110.00      -3.2080    1747.34 	     PKKPbc 
    115.00      -3.4003    1730.83 	     PKKPbc 
    120.00      -3.6240    1713.29 	     PKKPbc 
    125.00      -3.9569    1694.44 	     PKKPbc 
    220.00     220.00 	 PKKPbc 	 depth
     75.00      -2.1459    1838.95 	     PKKPbc 
     80.00      -2.2811    1827.89 	     PKKPbc 
     85.00      -2.4214    1816.13 	     PKKPbc 
     90.00      -2.5650    1803.67 	     PKKPbc 
     95.00      -2.7138    1790.47 	     PKKPbc 
    100.00      -2.8684    1776.52 	     PKKPbc 
    105.00      -3.0325    1761.77 	     PKKPbc 
    110.00      -3.2071    1746.18 	     PKKPbc 
    115.00      -3.3992    1729.67 	     PKKPbc 
    120.00      -3.6226    1712.14 	     PKKPbc 
    125.00      -3.9535    1693.29 	     PKKPbc 
    230.00     230.00 	 PKKPbc 	 depth
     75.00      -2.1455    1837.77 	     PKKPbc 
     80.00      -2.2807    1826.71 	     PKKPbc 
     85.00      -2.4209    1814.96 	     PKKPbc 
     90.00      -2.5645    1802.49 	     PKKPbc 
     95.00      -2.7132    1789.30 	     PKKPbc 
    100.00      -2.8678    1775.35 	     PKKPbc 
    105.00      -3.0318    1760.61 	     PKKPbc 
    110.00      -3.2063    1745.02 	     PKKPbc 
    115.00      -3.3982    1728.52 	     PKKPbc 
    120.00      -3.6213    1710.99 	     PKKPbc 
    125.00      -3.9502    1692.16 	     PKKPbc 
    240.00     240.00 	 PKKPbc 	 depth
     75.00      -2.1450    1836.60 	     PKKPbc 
     80.00      -2.2802    1825.54 	     PKKPbc 
     85.00      -2.4204    1813.79 	     PKKPbc 
     90.00      -2.5639    1801.33 	     PKKPbc 
     95.00      -2.7126    1788.14 	     PKKPbc 
    100.00      -2.8671    1774.19 	     PKKPbc 
    105.00      -3.0310    1759.45 	     PKKPbc 
    110.00      -3.2054    1743.87 	     PKKPbc 
    115.00      -3.3972    1727.37 	     PKKPbc 
    120.00      -3.6199    1709.84 	     PKKPbc 
    125.00      -3.9469    1691.02 	     PKKPbc 
    250.00     250.00 	 PKKPbc 	 depth
     75.00      -2.1446    1835.43 	     PKKPbc 
     80.00      -2.2797    1824.37 	     PKKPbc 
     85.00      -2.4199    1812.62 	     PKKPbc 
     90.00      -2.5634    1800.16 	     PKKPbc 
     95.00      -2.7119    1786.98 	     PKKPbc 
    100.00      -2.8664    1773.04 	     PKKPbc 
    105.00      -3.0302    1758.30 	     PKKPbc 
    110.00      -3.2045    1742.72 	     PKKPbc 
    115.00      -3.3961    1726.22 	     PKKPbc 
    120.00      -3.6185    1708.71 	     PKKPbc 
    125.00      -3.9436    1689.89 	     PKKPbc 
    260.00     260.00 	 PKKPbc 	 depth
     75.00      -2.1441    1834.26 	     PKKPbc 
     80.00      -2.2793    1823.21 	     PKKPbc 
     85.00      -2.4194    1811.46 	     PKKPbc 
     90.00      -2.5628    1799.01 	     PKKPbc 
     95.00      -2.7113    1785.82 	     PKKPbc 
    100.00      -2.8657    1771.89 	     PKKPbc 
    105.00      -3.0295    1757.15 	     PKKPbc 
    110.00      -3.2036    1741.57 	     PKKPbc 
    115.00      -3.3950    1725.09 	     PKKPbc 
    120.00      -3.6171    1707.57 	     PKKPbc 
    125.00      -3.9404    1688.77 	     PKKPbc 
    270.00     270.00 	 PKKPbc 	 depth
     75.00      -2.1437    1833.11 	     PKKPbc 
     80.00      -2.2788    1822.05 	     PKKPbc 
     85.00      -2.4189    1810.31 	     PKKPbc 
     90.00      -2.5622    1797.86 	     PKKPbc 
     95.00      -2.7107    1784.68 	     PKKPbc 
    100.00      -2.8650    1770.74 	     PKKPbc 
    105.00      -3.0287    1756.01 	     PKKPbc 
    110.00      -3.2027    1740.44 	     PKKPbc 
    115.00      -3.3940    1723.95 	     PKKPbc 
    120.00      -3.6157    1706.45 	     PKKPbc 
    125.00      -3.9372    1687.66 	     PKKPbc 
    280.00     280.00 	 PKKPbc 	 depth
     75.00      -2.1432    1831.95 	     PKKPbc 
     80.00      -2.2783    1820.90 	     PKKPbc 
     85.00      -2.4183    1809.16 	     PKKPbc 
     90.00      -2.5616    1796.71 	     PKKPbc 
     95.00      -2.7101    1783.53 	     PKKPbc 
    100.00      -2.8643    1769.60 	     PKKPbc 
    105.00      -3.0279    1754.87 	     PKKPbc 
    110.00      -3.2018    1739.31 	     PKKPbc 
    115.00      -3.3929    1722.83 	     PKKPbc 
    120.00      -3.6143    1705.33 	     PKKPbc 
    125.00      -3.9340    1686.54 	     PKKPbc 
    290.00     290.00 	 PKKPbc 	 depth
     75.00      -2.1428    1830.80 	     PKKPbc 
     80.00      -2.2778    1819.75 	     PKKPbc 
     85.00      -2.4178    1808.01 	     PKKPbc 
     90.00      -2.5611    1795.57 	     PKKPbc 
     95.00      -2.7094    1782.39 	     PKKPbc 
    100.00      -2.8636    1768.47 	     PKKPbc 
    105.00      -3.0271    1753.74 	     PKKPbc 
    110.00      -3.2009    1738.18 	     PKKPbc 
    115.00      -3.3918    1721.71 	     PKKPbc 
    120.00      -3.6129    1704.21 	     PKKPbc 
    125.00      -3.9308    1685.44 	     PKKPbc 
    300.00     300.00 	 PKKPbc 	 depth
     75.00      -2.1423    1829.66 	     PKKPbc 
     80.00      -2.2773    1818.61 	     PKKPbc 
     85.00      -2.4173    1806.88 	     PKKPbc 
     90.00      -2.5605    1794.43 	     PKKPbc 
     95.00      -2.7088    1781.26 	     PKKPbc 
    100.00      -2.8629    1767.34 	     PKKPbc 
    105.00      -3.0263    1752.62 	     PKKPbc 
    110.00      -3.1999    1737.06 	     PKKPbc 
    115.00      -3.3907    1720.59 	     PKKPbc 
    120.00      -3.6115    1703.10 	     PKKPbc 
    125.00      -3.9277    1684.34 	     PKKPbc 
    310.00     310.00 	 PKKPbc 	 depth
     75.00      -2.1418    1828.52 	     PKKPbc 
     80.00      -2.2768    1817.47 	     PKKPbc 
     85.00      -2.4167    1805.74 	     PKKPbc 
     90.00      -2.5599    1793.30 	     PKKPbc 
     95.00      -2.7081    1780.13 	     PKKPbc 
    100.00      -2.8621    1766.21 	     PKKPbc 
    105.00      -3.0255    1751.50 	     PKKPbc 
    110.00      -3.1990    1735.94 	     PKKPbc 
    115.00      -3.3896    1719.48 	     PKKPbc 
    120.00      -3.6100    1702.00 	     PKKPbc 
    125.00      -3.9245    1683.24 	     PKKPbc 
    320.00     320.00 	 PKKPbc 	 depth
     75.00      -2.1414    1827.39 	     PKKPbc 
     80.00      -2.2763    1816.34 	     PKKPbc 
     85.00      -2.4162    1804.61 	     PKKPbc 
     90.00      -2.5593    1792.18 	     PKKPbc 
     95.00      -2.7075    1779.01 	     PKKPbc 
    100.00      -2.8614    1765.09 	     PKKPbc 
    105.00      -3.0247    1750.38 	     PKKPbc 
    110.00      -3.1981    1734.83 	     PKKPbc 
    115.00      -3.3885    1718.37 	     PKKPbc 
    120.00      -3.6086    1700.90 	     PKKPbc 
    125.00      -3.9214    1682.15 	     PKKPbc 
    330.00     330.00 	 PKKPbc 	 depth
     75.00      -2.1409    1826.26 	     PKKPbc 
     80.00      -2.2758    1815.22 	     PKKPbc 
     85.00      -2.4157    1803.49 	     PKKPbc 
     90.00      -2.5587    1791.05 	     PKKPbc 
     95.00      -2.7068    1777.89 	     PKKPbc 
    100.00      -2.8607    1763.98 	     PKKPbc 
    105.00      -3.0238    1749.27 	     PKKPbc 
    110.00      -3.1972    1733.72 	     PKKPbc 
    115.00      -3.3874    1717.27 	     PKKPbc 
    120.00      -3.6071    1699.80 	     PKKPbc 
    125.00      -3.9183    1681.07 	     PKKPbc 
    340.00     340.00 	 PKKPbc 	 depth
     75.00      -2.1404    1825.13 	     PKKPbc 
     80.00      -2.2753    1814.09 	     PKKPbc 
     85.00      -2.4151    1802.37 	     PKKPbc 
     90.00      -2.5581    1789.94 	     PKKPbc 
     95.00      -2.7062    1776.78 	     PKKPbc 
    100.00      -2.8599    1762.87 	     PKKPbc 
    105.00      -3.0230    1748.16 	     PKKPbc 
    110.00      -3.1962    1732.62 	     PKKPbc 
    115.00      -3.3863    1716.17 	     PKKPbc 
    120.00      -3.6057    1698.71 	     PKKPbc 
    125.00      -3.9153    1679.99 	     PKKPbc 
    350.00     350.00 	 PKKPbc 	 depth
     75.00      -2.1400    1824.02 	     PKKPbc 
     80.00      -2.2748    1812.98 	     PKKPbc 
     85.00      -2.4146    1801.26 	     PKKPbc 
     90.00      -2.5575    1788.83 	     PKKPbc 
     95.00      -2.7055    1775.67 	     PKKPbc 
    100.00      -2.8592    1761.76 	     PKKPbc 
    105.00      -3.0222    1747.06 	     PKKPbc 
    110.00      -3.1953    1731.53 	     PKKPbc 
    115.00      -3.3851    1715.08 	     PKKPbc 
    120.00      -3.6042    1697.63 	     PKKPbc 
    125.00      -3.9122    1678.91 	     PKKPbc 
    360.00     360.00 	 PKKPbc 	 depth
     75.00      -2.1395    1822.90 	     PKKPbc 
     80.00      -2.2743    1811.87 	     PKKPbc 
     85.00      -2.4140    1800.15 	     PKKPbc 
     90.00      -2.5569    1787.72 	     PKKPbc 
     95.00      -2.7048    1774.57 	     PKKPbc 
    100.00      -2.8585    1760.66 	     PKKPbc 
    105.00      -3.0214    1745.97 	     PKKPbc 
    110.00      -3.1943    1730.44 	     PKKPbc 
    115.00      -3.3840    1714.00 	     PKKPbc 
    120.00      -3.6028    1696.55 	     PKKPbc 
    125.00      -3.9092    1677.84 	     PKKPbc 
    370.00     370.00 	 PKKPbc 	 depth
     75.00      -2.1390    1821.79 	     PKKPbc 
     80.00      -2.2738    1810.76 	     PKKPbc 
     85.00      -2.4134    1799.04 	     PKKPbc 
     90.00      -2.5563    1786.62 	     PKKPbc 
     95.00      -2.7042    1773.47 	     PKKPbc 
    100.00      -2.8577    1759.57 	     PKKPbc 
    105.00      -3.0205    1744.88 	     PKKPbc 
    110.00      -3.1933    1729.35 	     PKKPbc 
    115.00      -3.3828    1712.92 	     PKKPbc 
    120.00      -3.6013    1695.47 	     PKKPbc 
    125.00      -3.9062    1676.78 	     PKKPbc 
    380.00     380.00 	 PKKPbc 	 depth
     75.00      -2.1385    1820.69 	     PKKPbc 
     80.00      -2.2733    1809.66 	     PKKPbc 
     85.00      -2.4129    1797.94 	     PKKPbc 
     90.00      -2.5556    1785.52 	     PKKPbc 
     95.00      -2.7035    1772.38 	     PKKPbc 
    100.00      -2.8570    1758.48 	     PKKPbc 
    105.00      -3.0197    1743.79 	     PKKPbc 
    110.00      -3.1924    1728.27 	     PKKPbc 
    115.00      -3.3817    1711.84 	     PKKPbc 
    120.00      -3.5998    1694.40 	     PKKPbc 
    125.00      -3.9032    1675.72 	     PKKPbc 
    390.00     390.00 	 PKKPbc 	 depth
     75.00      -2.1380    1819.59 	     PKKPbc 
     80.00      -2.2728    1808.56 	     PKKPbc 
     85.00      -2.4123    1796.85 	     PKKPbc 
     90.00      -2.5550    1784.43 	     PKKPbc 
     95.00      -2.7028    1771.29 	     PKKPbc 
    100.00      -2.8562    1757.40 	     PKKPbc 
    105.00      -3.0188    1742.71 	     PKKPbc 
    110.00      -3.1914    1727.19 	     PKKPbc 
    115.00      -3.3805    1710.77 	     PKKPbc 
    120.00      -3.5983    1693.34 	     PKKPbc 
    125.00      -3.9002    1674.66 	     PKKPbc 
    400.00     400.00 	 PKKPbc 	 depth
     75.00      -2.1375    1818.49 	     PKKPbc 
     80.00      -2.2722    1807.47 	     PKKPbc 
     85.00      -2.4117    1795.76 	     PKKPbc 
     90.00      -2.5544    1783.35 	     PKKPbc 
     95.00      -2.7021    1770.21 	     PKKPbc 
    100.00      -2.8554    1756.32 	     PKKPbc 
    105.00      -3.0179    1741.64 	     PKKPbc 
    110.00      -3.1904    1726.12 	     PKKPbc 
    115.00      -3.3794    1709.70 	     PKKPbc 
    120.00      -3.5968    1692.28 	     PKKPbc 
    125.00      -3.8972    1673.61 	     PKKPbc 
    410.00     410.00 	 PKKPbc 	 depth
     75.00      -2.1370    1817.40 	     PKKPbc 
     80.00      -2.2717    1806.38 	     PKKPbc 
     85.00      -2.4112    1794.67 	     PKKPbc 
     90.00      -2.5538    1782.26 	     PKKPbc 
     95.00      -2.7014    1769.13 	     PKKPbc 
    100.00      -2.8547    1755.24 	     PKKPbc 
    105.00      -3.0171    1740.56 	     PKKPbc 
    110.00      -3.1894    1725.05 	     PKKPbc 
    115.00      -3.3782    1708.64 	     PKKPbc 
    120.00      -3.5953    1691.23 	     PKKPbc 
    125.00      -3.8942    1672.57 	     PKKPbc 
    420.00     420.00 	 PKKPbc 	 depth
     75.00      -2.1365    1816.35 	     PKKPbc 
     80.00      -2.2712    1805.34 	     PKKPbc 
     85.00      -2.4106    1793.63 	     PKKPbc 
     90.00      -2.5531    1781.23 	     PKKPbc 
     95.00      -2.7007    1768.09 	     PKKPbc 
    100.00      -2.8539    1754.21 	     PKKPbc 
    105.00      -3.0162    1739.54 	     PKKPbc 
    110.00      -3.1884    1724.03 	     PKKPbc 
    115.00      -3.3770    1707.63 	     PKKPbc 
    120.00      -3.5937    1690.22 	     PKKPbc 
    125.00      -3.8911    1671.57 	     PKKPbc 
    430.00     430.00 	 PKKPbc 	 depth
     75.00      -2.1359    1815.31 	     PKKPbc 
     80.00      -2.2706    1804.30 	     PKKPbc 
     85.00      -2.4099    1792.60 	     PKKPbc 
     90.00      -2.5524    1780.19 	     PKKPbc 
     95.00      -2.6999    1767.06 	     PKKPbc 
    100.00      -2.8530    1753.18 	     PKKPbc 
    105.00      -3.0153    1738.52 	     PKKPbc 
    110.00      -3.1873    1723.02 	     PKKPbc 
    115.00      -3.3757    1706.62 	     PKKPbc 
    120.00      -3.5921    1689.21 	     PKKPbc 
    125.00      -3.8881    1670.58 	     PKKPbc 
    440.00     440.00 	 PKKPbc 	 depth
     75.00      -2.1354    1814.27 	     PKKPbc 
     80.00      -2.2701    1803.26 	     PKKPbc 
     85.00      -2.4093    1791.56 	     PKKPbc 
     90.00      -2.5518    1779.16 	     PKKPbc 
     95.00      -2.6992    1766.04 	     PKKPbc 
    100.00      -2.8522    1752.16 	     PKKPbc 
    105.00      -3.0143    1737.50 	     PKKPbc 
    110.00      -3.1863    1722.00 	     PKKPbc 
    115.00      -3.3745    1705.61 	     PKKPbc 
    120.00      -3.5905    1688.21 	     PKKPbc 
    125.00      -3.8850    1669.59 	     PKKPbc 
    450.00     450.00 	 PKKPbc 	 depth
     75.00      -2.1349    1813.24 	     PKKPbc 
     80.00      -2.2695    1802.23 	     PKKPbc 
     85.00      -2.4087    1790.53 	     PKKPbc 
     90.00      -2.5511    1778.14 	     PKKPbc 
     95.00      -2.6985    1765.01 	     PKKPbc 
    100.00      -2.8514    1751.14 	     PKKPbc 
    105.00      -3.0134    1736.48 	     PKKPbc 
    110.00      -3.1852    1720.99 	     PKKPbc 
    115.00      -3.3732    1704.60 	     PKKPbc 
    120.00      -3.5889    1687.22 	     PKKPbc 
    125.00      -3.8820    1668.60 	     PKKPbc 
    460.00     460.00 	 PKKPbc 	 depth
     75.00      -2.1343    1812.21 	     PKKPbc 
     80.00      -2.2689    1801.20 	     PKKPbc 
     85.00      -2.4081    1789.51 	     PKKPbc 
     90.00      -2.5504    1777.11 	     PKKPbc 
     95.00      -2.6977    1764.00 	     PKKPbc 
    100.00      -2.8506    1750.13 	     PKKPbc 
    105.00      -3.0125    1735.47 	     PKKPbc 
    110.00      -3.1842    1719.99 	     PKKPbc 
    115.00      -3.3720    1703.61 	     PKKPbc 
    120.00      -3.5873    1686.22 	     PKKPbc 
    125.00      -3.8790    1667.62 	     PKKPbc 
    470.00     470.00 	 PKKPbc 	 depth
     75.00      -2.1338    1811.18 	     PKKPbc 
     80.00      -2.2684    1800.18 	     PKKPbc 
     85.00      -2.4075    1788.49 	     PKKPbc 
     90.00      -2.5497    1776.10 	     PKKPbc 
     95.00      -2.6970    1762.98 	     PKKPbc 
    100.00      -2.8497    1749.12 	     PKKPbc 
    105.00      -3.0116    1734.47 	     PKKPbc 
    110.00      -3.1831    1718.99 	     PKKPbc 
    115.00      -3.3707    1702.61 	     PKKPbc 
    120.00      -3.5857    1685.23 	     PKKPbc 
    125.00      -3.8760    1666.64 	     PKKPbc 
    480.00     480.00 	 PKKPbc 	 depth
     75.00      -2.1332    1810.16 	     PKKPbc 
     80.00      -2.2678    1799.15 	     PKKPbc 
     85.00      -2.4069    1787.47 	     PKKPbc 
     90.00      -2.5491    1775.08 	     PKKPbc 
     95.00      -2.6962    1761.97 	     PKKPbc 
    100.00      -2.8489    1748.11 	     PKKPbc 
    105.00      -3.0106    1733.47 	     PKKPbc 
    110.00      -3.1820    1717.99 	     PKKPbc 
    115.00      -3.3694    1701.62 	     PKKPbc 
    120.00      -3.5840    1684.25 	     PKKPbc 
    125.00      -3.8730    1665.67 	     PKKPbc 
    490.00     490.00 	 PKKPbc 	 depth
     75.00      -2.1327    1809.14 	     PKKPbc 
     80.00      -2.2672    1798.14 	     PKKPbc 
     85.00      -2.4062    1786.46 	     PKKPbc 
     90.00      -2.5484    1774.07 	     PKKPbc 
     95.00      -2.6955    1760.96 	     PKKPbc 
    100.00      -2.8481    1747.11 	     PKKPbc 
    105.00      -3.0097    1732.47 	     PKKPbc 
    110.00      -3.1809    1717.00 	     PKKPbc 
    115.00      -3.3682    1700.63 	     PKKPbc 
    120.00      -3.5824    1683.27 	     PKKPbc 
    125.00      -3.8700    1664.70 	     PKKPbc 
    500.00     500.00 	 PKKPbc 	 depth
     75.00      -2.1321    1808.12 	     PKKPbc 
     80.00      -2.2666    1797.12 	     PKKPbc 
     85.00      -2.4056    1785.45 	     PKKPbc 
     90.00      -2.5477    1773.06 	     PKKPbc 
     95.00      -2.6947    1759.96 	     PKKPbc 
    100.00      -2.8472    1746.11 	     PKKPbc 
    105.00      -3.0087    1731.47 	     PKKPbc 
    110.00      -3.1798    1716.01 	     PKKPbc 
    115.00      -3.3669    1699.65 	     PKKPbc 
    120.00      -3.5808    1682.29 	     PKKPbc 
    125.00      -3.8671    1663.73 	     PKKPbc 
    510.00     510.00 	 PKKPbc 	 depth
     75.00      -2.1316    1807.11 	     PKKPbc 
     80.00      -2.2661    1796.12 	     PKKPbc 
     85.00      -2.4049    1784.44 	     PKKPbc 
     90.00      -2.5470    1772.06 	     PKKPbc 
     95.00      -2.6939    1758.96 	     PKKPbc 
    100.00      -2.8464    1745.11 	     PKKPbc 
    105.00      -3.0077    1730.48 	     PKKPbc 
    110.00      -3.1788    1715.02 	     PKKPbc 
    115.00      -3.3656    1698.67 	     PKKPbc 
    120.00      -3.5791    1681.32 	     PKKPbc 
    125.00      -3.8641    1662.77 	     PKKPbc 
    520.00     520.00 	 PKKPbc 	 depth
     75.00      -2.1310    1806.10 	     PKKPbc 
     80.00      -2.2655    1795.11 	     PKKPbc 
     85.00      -2.4043    1783.44 	     PKKPbc 
     90.00      -2.5463    1771.06 	     PKKPbc 
     95.00      -2.6932    1757.97 	     PKKPbc 
    100.00      -2.8455    1744.12 	     PKKPbc 
    105.00      -3.0068    1729.50 	     PKKPbc 
    110.00      -3.1777    1714.04 	     PKKPbc 
    115.00      -3.3643    1697.69 	     PKKPbc 
    120.00      -3.5774    1680.35 	     PKKPbc 
    125.00      -3.8611    1661.81 	     PKKPbc 
    530.00     530.00 	 PKKPbc 	 depth
     75.00      -2.1304    1805.10 	     PKKPbc 
     80.00      -2.2649    1794.11 	     PKKPbc 
     85.00      -2.4037    1782.44 	     PKKPbc 
     90.00      -2.5455    1770.07 	     PKKPbc 
     95.00      -2.6924    1756.97 	     PKKPbc 
    100.00      -2.8446    1743.13 	     PKKPbc 
    105.00      -3.0058    1728.51 	     PKKPbc 
    110.00      -3.1765    1713.06 	     PKKPbc 
    115.00      -3.3630    1696.72 	     PKKPbc 
    120.00      -3.5758    1679.39 	     PKKPbc 
    125.00      -3.8582    1660.86 	     PKKPbc 
    540.00     540.00 	 PKKPbc 	 depth
     75.00      -2.1299    1804.10 	     PKKPbc 
     80.00      -2.2643    1793.11 	     PKKPbc 
     85.00      -2.4030    1781.44 	     PKKPbc 
     90.00      -2.5448    1769.08 	     PKKPbc 
     95.00      -2.6916    1755.99 	     PKKPbc 
    100.00      -2.8438    1742.15 	     PKKPbc 
    105.00      -3.0048    1727.53 	     PKKPbc 
    110.00      -3.1754    1712.09 	     PKKPbc 
    115.00      -3.3616    1695.75 	     PKKPbc 
    120.00      -3.5741    1678.43 	     PKKPbc 
    125.00      -3.8553    1659.91 	     PKKPbc 
    550.00     550.00 	 PKKPbc 	 depth
     75.00      -2.1293    1803.10 	     PKKPbc 
     80.00      -2.2637    1792.12 	     PKKPbc 
     85.00      -2.4023    1780.45 	     PKKPbc 
     90.00      -2.5441    1768.09 	     PKKPbc 
     95.00      -2.6908    1755.00 	     PKKPbc 
    100.00      -2.8429    1741.17 	     PKKPbc 
    105.00      -3.0038    1726.56 	     PKKPbc 
    110.00      -3.1743    1711.12 	     PKKPbc 
    115.00      -3.3603    1694.79 	     PKKPbc 
    120.00      -3.5724    1677.47 	     PKKPbc 
    125.00      -3.8523    1658.96 	     PKKPbc 
    560.00     560.00 	 PKKPbc 	 depth
     75.00      -2.1287    1802.11 	     PKKPbc 
     80.00      -2.2631    1791.13 	     PKKPbc 
     85.00      -2.4017    1779.46 	     PKKPbc 
     90.00      -2.5434    1767.10 	     PKKPbc 
     95.00      -2.6900    1754.02 	     PKKPbc 
    100.00      -2.8420    1740.19 	     PKKPbc 
    105.00      -3.0029    1725.59 	     PKKPbc 
    110.00      -3.1732    1710.15 	     PKKPbc 
    115.00      -3.3590    1693.83 	     PKKPbc 
    120.00      -3.5707    1676.52 	     PKKPbc 
    125.00      -3.8494    1658.02 	     PKKPbc 
    570.00     570.00 	 PKKPbc 	 depth
     75.00      -2.1281    1801.12 	     PKKPbc 
     80.00      -2.2625    1790.14 	     PKKPbc 
     85.00      -2.4010    1778.48 	     PKKPbc 
     90.00      -2.5427    1766.12 	     PKKPbc 
     95.00      -2.6892    1753.05 	     PKKPbc 
    100.00      -2.8411    1739.22 	     PKKPbc 
    105.00      -3.0019    1724.62 	     PKKPbc 
    110.00      -3.1720    1709.19 	     PKKPbc 
    115.00      -3.3576    1692.87 	     PKKPbc 
    120.00      -3.5690    1675.57 	     PKKPbc 
    125.00      -3.8465    1657.08 	     PKKPbc 
    580.00     580.00 	 PKKPbc 	 depth
     75.00      -2.1275    1800.13 	     PKKPbc 
     80.00      -2.2619    1789.15 	     PKKPbc 
     85.00      -2.4004    1777.50 	     PKKPbc 
     90.00      -2.5419    1765.15 	     PKKPbc 
     95.00      -2.6884    1752.07 	     PKKPbc 
    100.00      -2.8402    1738.25 	     PKKPbc 
    105.00      -3.0009    1723.65 	     PKKPbc 
    110.00      -3.1709    1708.23 	     PKKPbc 
    115.00      -3.3563    1691.92 	     PKKPbc 
    120.00      -3.5673    1674.63 	     PKKPbc 
    125.00      -3.8436    1656.15 	     PKKPbc 
    590.00     590.00 	 PKKPbc 	 depth
     75.00      -2.1269    1799.15 	     PKKPbc 
     80.00      -2.2613    1788.17 	     PKKPbc 
     85.00      -2.3997    1776.52 	     PKKPbc 
     90.00      -2.5412    1764.17 	     PKKPbc 
     95.00      -2.6876    1751.10 	     PKKPbc 
    100.00      -2.8393    1737.29 	     PKKPbc 
    105.00      -2.9998    1722.69 	     PKKPbc 
    110.00      -3.1697    1707.28 	     PKKPbc 
    115.00      -3.3549    1690.97 	     PKKPbc 
    120.00      -3.5656    1673.68 	     PKKPbc 
    125.00      -3.8407    1655.22 	     PKKPbc 
    600.00     600.00 	 PKKPbc 	 depth
     75.00      -2.1263    1798.17 	     PKKPbc 
     80.00      -2.2606    1787.20 	     PKKPbc 
     85.00      -2.3990    1775.55 	     PKKPbc 
     90.00      -2.5405    1763.20 	     PKKPbc 
     95.00      -2.6868    1750.14 	     PKKPbc 
    100.00      -2.8384    1736.33 	     PKKPbc 
    105.00      -2.9988    1721.74 	     PKKPbc 
    110.00      -3.1686    1706.32 	     PKKPbc 
    115.00      -3.3536    1690.03 	     PKKPbc 
    120.00      -3.5639    1672.75 	     PKKPbc 
    125.00      -3.8378    1654.29 	     PKKPbc 
    610.00     610.00 	 PKKPbc 	 depth
     75.00      -2.1257    1797.19 	     PKKPbc 
     80.00      -2.2600    1786.22 	     PKKPbc 
     85.00      -2.3983    1774.58 	     PKKPbc 
     90.00      -2.5397    1762.24 	     PKKPbc 
     95.00      -2.6859    1749.18 	     PKKPbc 
    100.00      -2.8375    1735.37 	     PKKPbc 
    105.00      -2.9978    1720.78 	     PKKPbc 
    110.00      -3.1674    1705.38 	     PKKPbc 
    115.00      -3.3522    1689.08 	     PKKPbc 
    120.00      -3.5621    1671.81 	     PKKPbc 
    125.00      -3.8349    1653.37 	     PKKPbc 
    620.00     620.00 	 PKKPbc 	 depth
     75.00      -2.1251    1796.22 	     PKKPbc 
     80.00      -2.2594    1785.26 	     PKKPbc 
     85.00      -2.3976    1773.61 	     PKKPbc 
     90.00      -2.5390    1761.27 	     PKKPbc 
     95.00      -2.6851    1748.22 	     PKKPbc 
    100.00      -2.8366    1734.41 	     PKKPbc 
    105.00      -2.9968    1719.84 	     PKKPbc 
    110.00      -3.1663    1704.43 	     PKKPbc 
    115.00      -3.3508    1688.15 	     PKKPbc 
    120.00      -3.5604    1670.88 	     PKKPbc 
    125.00      -3.8320    1652.45 	     PKKPbc 
    630.00     630.00 	 PKKPbc 	 depth
     75.00      -2.1245    1795.25 	     PKKPbc 
     80.00      -2.2588    1784.29 	     PKKPbc 
     85.00      -2.3969    1772.65 	     PKKPbc 
     90.00      -2.5382    1760.32 	     PKKPbc 
     95.00      -2.6843    1747.26 	     PKKPbc 
    100.00      -2.8357    1733.46 	     PKKPbc 
    105.00      -2.9957    1718.89 	     PKKPbc 
    110.00      -3.1651    1703.49 	     PKKPbc 
    115.00      -3.3494    1687.21 	     PKKPbc 
    120.00      -3.5587    1669.96 	     PKKPbc 
    125.00      -3.8291    1651.53 	     PKKPbc 
    640.00     640.00 	 PKKPbc 	 depth
     75.00      -2.1239    1794.28 	     PKKPbc 
     80.00      -2.2581    1783.33 	     PKKPbc 
     85.00      -2.3962    1771.69 	     PKKPbc 
     90.00      -2.5374    1759.36 	     PKKPbc 
     95.00      -2.6835    1746.31 	     PKKPbc 
    100.00      -2.8348    1732.52 	     PKKPbc 
    105.00      -2.9947    1717.95 	     PKKPbc 
    110.00      -3.1639    1702.56 	     PKKPbc 
    115.00      -3.3480    1686.28 	     PKKPbc 
    120.00      -3.5569    1669.03 	     PKKPbc 
    125.00      -3.8262    1650.62 	     PKKPbc 
    650.00     650.00 	 PKKPbc 	 depth
     75.00      -2.1233    1793.32 	     PKKPbc 
     80.00      -2.2575    1782.37 	     PKKPbc 
     85.00      -2.3955    1770.74 	     PKKPbc 
     90.00      -2.5367    1758.41 	     PKKPbc 
     95.00      -2.6826    1745.36 	     PKKPbc 
    100.00      -2.8338    1731.57 	     PKKPbc 
    105.00      -2.9936    1717.01 	     PKKPbc 
    110.00      -3.1627    1701.62 	     PKKPbc 
    115.00      -3.3466    1685.36 	     PKKPbc 
    120.00      -3.5551    1668.12 	     PKKPbc 
    125.00      -3.8234    1649.71 	     PKKPbc 
    660.00     660.00 	 PKKPbc 	 depth
     75.00      -2.1227    1792.36 	     PKKPbc 
     80.00      -2.2568    1781.41 	     PKKPbc 
     85.00      -2.3948    1769.78 	     PKKPbc 
     90.00      -2.5359    1757.46 	     PKKPbc 
     95.00      -2.6818    1744.42 	     PKKPbc 
    100.00      -2.8329    1730.63 	     PKKPbc 
    105.00      -2.9926    1716.07 	     PKKPbc 
    110.00      -3.1615    1700.69 	     PKKPbc 
    115.00      -3.3452    1684.43 	     PKKPbc 
    120.00      -3.5534    1667.20 	     PKKPbc 
    125.00      -3.8205    1648.81 	     PKKPbc 
    670.00     670.00 	 PKKPbc 	 depth
     75.00      -2.1220    1791.46 	     PKKPbc 
     80.00      -2.2562    1780.51 	     PKKPbc 
     85.00      -2.3941    1768.89 	     PKKPbc 
     90.00      -2.5351    1756.57 	     PKKPbc 
     95.00      -2.6809    1743.53 	     PKKPbc 
    100.00      -2.8319    1729.75 	     PKKPbc 
    105.00      -2.9915    1715.20 	     PKKPbc 
    110.00      -3.1602    1699.82 	     PKKPbc 
    115.00      -3.3437    1683.57 	     PKKPbc 
    120.00      -3.5515    1666.35 	     PKKPbc 
    125.00      -3.8174    1647.97 	     PKKPbc 
    680.00     680.00 	 PKKPbc 	 depth
     75.00      -2.1213    1790.56 	     PKKPbc 
     80.00      -2.2555    1779.62 	     PKKPbc 
     85.00      -2.3933    1768.00 	     PKKPbc 
     90.00      -2.5343    1755.68 	     PKKPbc 
     95.00      -2.6799    1742.65 	     PKKPbc 
    100.00      -2.8309    1728.87 	     PKKPbc 
    105.00      -2.9903    1714.32 	     PKKPbc 
    110.00      -3.1589    1698.96 	     PKKPbc 
    115.00      -3.3422    1682.71 	     PKKPbc 
    120.00      -3.5495    1665.49 	     PKKPbc 
    125.00      -3.8143    1647.13 	     PKKPbc 
    690.00     690.00 	 PKKPbc 	 depth
     75.00      -2.1207    1789.67 	     PKKPbc 
     80.00      -2.2548    1778.73 	     PKKPbc 
     85.00      -2.3926    1767.11 	     PKKPbc 
     90.00      -2.5334    1754.80 	     PKKPbc 
     95.00      -2.6790    1741.77 	     PKKPbc 
    100.00      -2.8299    1728.00 	     PKKPbc 
    105.00      -2.9892    1713.45 	     PKKPbc 
    110.00      -3.1576    1698.09 	     PKKPbc 
    115.00      -3.3407    1681.85 	     PKKPbc 
    120.00      -3.5476    1664.65 	     PKKPbc 
    125.00      -3.8113    1646.29 	     PKKPbc 
    700.00     700.00 	 PKKPbc 	 depth
     75.00      -2.1200    1788.77 	     PKKPbc 
     80.00      -2.2541    1777.84 	     PKKPbc 
     85.00      -2.3918    1766.22 	     PKKPbc 
     90.00      -2.5326    1753.91 	     PKKPbc 
     95.00      -2.6781    1740.89 	     PKKPbc 
    100.00      -2.8289    1727.12 	     PKKPbc 
    105.00      -2.9880    1712.59 	     PKKPbc 
    110.00      -3.1563    1697.23 	     PKKPbc 
    115.00      -3.3391    1681.00 	     PKKPbc 
    120.00      -3.5457    1663.80 	     PKKPbc 
    125.00      -3.8082    1645.45 	     PKKPbc 
