     10.00      10.00 	 sP 	 depth
     20.00      10.9031     276.91 	         sP 
     20.00       9.2262     282.41 	         sP 
     25.00       9.1003     328.29 	         sP 
     25.00      10.2864     330.03 	         sP 
     30.00       8.8468     373.14 	         sP 
     35.00       8.6172     416.85 	         sP 
     40.00       8.3057     459.18 	         sP 
     45.00       7.9624     499.86 	         sP 
     50.00       7.6041     538.78 	         sP 
     55.00       7.2422     575.90 	         sP 
     60.00       6.8793     611.20 	         sP 
     65.00       6.5158     644.69 	         sP 
     70.00       6.1511     676.36 	         sP 
     75.00       5.7819     706.19 	         sP 
     80.00       5.4051     734.17 	         sP 
     85.00       5.0143     760.22 	         sP 
     90.00       4.6627     784.29 	         sP 
     95.00       4.5502     807.33 	         sP 
     20.00      20.00 	 sP 	 depth
     20.00      10.9057     279.72 	         sP 
     20.00       9.2265     285.27 	         sP 
     25.00       9.1013     331.15 	         sP 
     25.00      10.2910     332.86 	         sP 
     30.00       8.8478     376.01 	         sP 
     35.00       8.6186     419.73 	         sP 
     40.00       8.3073     462.06 	         sP 
     45.00       7.9640     502.75 	         sP 
     50.00       7.6056     541.68 	         sP 
     55.00       7.2437     578.80 	         sP 
     60.00       6.8807     614.11 	         sP 
     65.00       6.5171     647.61 	         sP 
     70.00       6.1523     679.28 	         sP 
     75.00       5.7831     709.12 	         sP 
     80.00       5.4063     737.10 	         sP 
     85.00       5.0154     763.16 	         sP 
     90.00       4.6631     787.24 	         sP 
     95.00       4.5506     810.27 	         sP 
     30.00      30.00 	 sP 	 depth
     20.00      10.9086     282.20 	         sP 
     20.00       9.2268     287.80 	         sP 
     25.00       9.1025     333.69 	         sP 
     25.00      10.2961     335.36 	         sP 
     30.00       8.8488     378.55 	         sP 
     35.00       8.6201     422.28 	         sP 
     40.00       8.3091     464.62 	         sP 
     45.00       7.9658     505.32 	         sP 
     50.00       7.6074     544.26 	         sP 
     55.00       7.2454     581.39 	         sP 
     60.00       6.8823     616.71 	         sP 
     65.00       6.5186     650.21 	         sP 
     70.00       6.1538     681.89 	         sP 
     75.00       5.7845     711.74 	         sP 
     80.00       5.4076     739.72 	         sP 
     85.00       5.0165     765.79 	         sP 
     90.00       4.6635     789.87 	         sP 
     95.00       4.5510     812.91 	         sP 
     40.00      40.00 	 sP 	 depth
     20.00      10.9119     284.44 	         sP 
     20.00       9.2272     290.10 	         sP 
     25.00       9.1039     336.00 	         sP 
     25.00      10.3019     337.63 	         sP 
     30.00       8.8500     380.87 	         sP 
     35.00       8.6218     424.60 	         sP 
     40.00       8.3111     466.96 	         sP 
     45.00       7.9678     507.66 	         sP 
     50.00       7.6093     546.61 	         sP 
     55.00       7.2472     583.75 	         sP 
     60.00       6.8840     619.08 	         sP 
     65.00       6.5202     652.59 	         sP 
     70.00       6.1553     684.28 	         sP 
     75.00       5.7860     714.13 	         sP 
     80.00       5.4090     742.13 	         sP 
     85.00       5.0178     768.20 	         sP 
     90.00       4.6639     792.29 	         sP 
     95.00       4.5515     815.32 	         sP 
     50.00      50.00 	 sP 	 depth
     20.00      10.9156     286.44 	         sP 
     20.00       9.2275     292.18 	         sP 
     25.00       9.1053     338.07 	         sP 
     25.00      10.3082     339.66 	         sP 
     30.00       8.8513     382.96 	         sP 
     35.00       8.6237     426.69 	         sP 
     40.00       8.3133     469.06 	         sP 
     45.00       7.9700     509.78 	         sP 
     50.00       7.6115     548.73 	         sP 
     55.00       7.2492     585.89 	         sP 
     60.00       6.8860     621.22 	         sP 
     65.00       6.5220     654.74 	         sP 
     70.00       6.1570     686.44 	         sP 
     75.00       5.7876     716.31 	         sP 
     80.00       5.4105     744.31 	         sP 
     85.00       5.0193     770.39 	         sP 
     90.00       4.6644     794.48 	         sP 
     95.00       4.5520     817.52 	         sP 
     60.00      60.00 	 sP 	 depth
     20.00      10.9192     288.45 	         sP 
     20.00       9.2279     294.25 	         sP 
     25.00       9.1068     340.15 	         sP 
     25.00      10.3146     341.69 	         sP 
     30.00       8.8526     385.04 	         sP 
     35.00       8.6256     428.79 	         sP 
     40.00       8.3155     471.16 	         sP 
     45.00       7.9722     511.89 	         sP 
     50.00       7.6136     550.86 	         sP 
     55.00       7.2513     588.02 	         sP 
     60.00       6.8879     623.37 	         sP 
     65.00       6.5239     656.90 	         sP 
     70.00       6.1587     688.61 	         sP 
     75.00       5.7892     718.48 	         sP 
     80.00       5.4121     746.49 	         sP 
     85.00       5.0207     772.58 	         sP 
     90.00       4.6649     796.68 	         sP 
     95.00       4.5525     819.72 	         sP 
     70.00      70.00 	 sP 	 depth
     20.00      10.9227     290.44 	         sP 
     20.00       9.2282     296.32 	         sP 
     25.00       9.1082     342.22 	         sP 
     25.00      10.3211     343.71 	         sP 
     30.00       8.8539     387.12 	         sP 
     35.00       8.6275     430.88 	         sP 
     40.00       8.3177     473.26 	         sP 
     45.00       7.9744     514.00 	         sP 
     50.00       7.6158     552.98 	         sP 
     55.00       7.2533     590.15 	         sP 
     60.00       6.8898     625.51 	         sP 
     65.00       6.5257     659.05 	         sP 
     70.00       6.1605     690.77 	         sP 
     75.00       5.7909     720.65 	         sP 
     80.00       5.4137     748.66 	         sP 
     85.00       5.0221     774.76 	         sP 
     90.00       4.6654     798.87 	         sP 
     95.00       4.5531     821.91 	         sP 
     80.00      80.00 	 sP 	 depth
     20.00      10.9263     292.44 	         sP 
     20.00       9.2286     298.38 	         sP 
     25.00       9.1097     344.29 	         sP 
     25.00      10.3276     345.73 	         sP 
     30.00       8.8552     389.20 	         sP 
     35.00       8.6294     432.96 	         sP 
     40.00       8.3199     475.36 	         sP 
     45.00       7.9766     516.11 	         sP 
     50.00       7.6179     555.10 	         sP 
     55.00       7.2553     592.28 	         sP 
     60.00       6.8917     627.65 	         sP 
     65.00       6.5275     661.20 	         sP 
     70.00       6.1622     692.92 	         sP 
     75.00       5.7925     722.81 	         sP 
     80.00       5.4153     750.84 	         sP 
     85.00       5.0236     776.94 	         sP 
     90.00       4.6659     801.06 	         sP 
     95.00       4.5536     824.10 	         sP 
     90.00      90.00 	 sP 	 depth
     20.00      10.9299     294.43 	         sP 
     20.00       9.2289     300.44 	         sP 
     25.00       9.1111     346.36 	         sP 
     25.00      10.3341     347.75 	         sP 
     30.00       8.8565     391.28 	         sP 
     35.00       8.6313     435.05 	         sP 
     40.00       8.3222     477.46 	         sP 
     45.00       7.9788     518.22 	         sP 
     50.00       7.6201     557.22 	         sP 
     55.00       7.2574     594.41 	         sP 
     60.00       6.8937     629.79 	         sP 
     65.00       6.5294     663.35 	         sP 
     70.00       6.1639     695.08 	         sP 
     75.00       5.7942     724.98 	         sP 
     80.00       5.4169     753.01 	         sP 
     85.00       5.0251     779.13 	         sP 
     90.00       4.6665     803.25 	         sP 
     95.00       4.5541     826.29 	         sP 
    100.00     100.00 	 sP 	 depth
     20.00      10.9334     296.42 	         sP 
     20.00       9.2292     302.51 	         sP 
     25.00       9.1126     348.43 	         sP 
     25.00      10.3406     349.77 	         sP 
     30.00       8.8578     393.35 	         sP 
     35.00       8.6332     437.13 	         sP 
     40.00       8.3244     479.55 	         sP 
     45.00       7.9810     520.32 	         sP 
     50.00       7.6223     559.33 	         sP 
     55.00       7.2595     596.54 	         sP 
     60.00       6.8957     631.92 	         sP 
     65.00       6.5312     665.49 	         sP 
     70.00       6.1657     697.24 	         sP 
     75.00       5.7959     727.14 	         sP 
     80.00       5.4185     755.18 	         sP 
     85.00       5.0265     781.30 	         sP 
     90.00       4.6670     805.43 	         sP 
     95.00       4.5546     828.48 	         sP 
    110.00     110.00 	 sP 	 depth
     20.00      10.9369     298.41 	         sP 
     20.00       9.2296     304.56 	         sP 
     25.00       9.1140     350.49 	         sP 
     25.00      10.3472     351.78 	         sP 
     30.00       8.8592     395.43 	         sP 
     35.00       8.6351     439.21 	         sP 
     40.00       8.3267     481.64 	         sP 
     45.00       7.9833     522.42 	         sP 
     50.00       7.6245     561.45 	         sP 
     55.00       7.2616     598.66 	         sP 
     60.00       6.8976     634.06 	         sP 
     65.00       6.5331     667.64 	         sP 
     70.00       6.1675     699.39 	         sP 
     75.00       5.7975     729.30 	         sP 
     80.00       5.4201     757.35 	         sP 
     85.00       5.0280     783.48 	         sP 
     90.00       4.6675     807.61 	         sP 
     95.00       4.5551     830.66 	         sP 
    120.00     120.00 	 sP 	 depth
     20.00      10.9404     300.40 	         sP 
     20.00       9.2299     306.62 	         sP 
     25.00       9.1155     352.55 	         sP 
     25.00      10.3538     353.79 	         sP 
     30.00       8.8605     397.50 	         sP 
     35.00       8.6370     441.29 	         sP 
     40.00       8.3289     483.73 	         sP 
     45.00       7.9855     524.52 	         sP 
     50.00       7.6267     563.56 	         sP 
     55.00       7.2636     600.78 	         sP 
     60.00       6.8996     636.19 	         sP 
     65.00       6.5350     669.78 	         sP 
     70.00       6.1692     701.54 	         sP 
     75.00       5.7992     731.46 	         sP 
     80.00       5.4217     759.52 	         sP 
     85.00       5.0295     785.66 	         sP 
     90.00       4.6680     809.80 	         sP 
     95.00       4.5556     832.85 	         sP 
    130.00     130.00 	 sP 	 depth
     20.00      10.9439     302.38 	         sP 
     20.00       9.2302     308.67 	         sP 
     25.00       9.1169     354.61 	         sP 
     25.00      10.3605     355.80 	         sP 
     30.00       8.8619     399.56 	         sP 
     35.00       8.6389     443.36 	         sP 
     40.00       8.3312     485.81 	         sP 
     45.00       7.9878     526.62 	         sP 
     50.00       7.6289     565.67 	         sP 
     55.00       7.2657     602.90 	         sP 
     60.00       6.9016     638.32 	         sP 
     65.00       6.5368     671.92 	         sP 
     70.00       6.1710     703.69 	         sP 
     75.00       5.8009     733.62 	         sP 
     80.00       5.4233     761.68 	         sP 
     85.00       5.0310     787.83 	         sP 
     90.00       4.6685     811.98 	         sP 
     95.00       4.5561     835.03 	         sP 
    140.00     140.00 	 sP 	 depth
     20.00      10.9473     304.36 	         sP 
     20.00       9.2305     310.73 	         sP 
     25.00       9.1184     356.66 	         sP 
     25.00      10.3671     357.81 	         sP 
     30.00       8.8633     401.63 	         sP 
     35.00       8.6408     445.44 	         sP 
     40.00       8.3335     487.90 	         sP 
     45.00       7.9901     528.72 	         sP 
     50.00       7.6312     567.77 	         sP 
     55.00       7.2679     605.02 	         sP 
     60.00       6.9036     640.45 	         sP 
     65.00       6.5387     674.05 	         sP 
     70.00       6.1728     705.83 	         sP 
     75.00       5.8026     735.77 	         sP 
     80.00       5.4249     763.85 	         sP 
     85.00       5.0325     790.00 	         sP 
     90.00       4.6691     814.15 	         sP 
     95.00       4.5566     837.21 	         sP 
    150.00     150.00 	 sP 	 depth
     20.00      10.9508     306.34 	         sP 
     20.00       9.2308     312.78 	         sP 
     25.00       9.1198     358.72 	         sP 
     25.00      10.3737     359.81 	         sP 
     30.00       8.8647     403.69 	         sP 
     35.00       8.6427     447.51 	         sP 
     40.00       8.3358     489.98 	         sP 
     45.00       7.9923     530.81 	         sP 
     50.00       7.6334     569.88 	         sP 
     55.00       7.2700     607.14 	         sP 
     60.00       6.9056     642.57 	         sP 
     65.00       6.5406     676.19 	         sP 
     70.00       6.1746     707.98 	         sP 
     75.00       5.8043     737.93 	         sP 
     80.00       5.4266     766.01 	         sP 
     85.00       5.0340     792.17 	         sP 
     90.00       4.6696     816.33 	         sP 
     95.00       4.5571     839.39 	         sP 
    160.00     160.00 	 sP 	 depth
     20.00      10.9542     308.31 	         sP 
     20.00       9.2311     314.83 	         sP 
     25.00       9.1213     360.77 	         sP 
     25.00      10.3804     361.81 	         sP 
     30.00       8.8661     405.76 	         sP 
     35.00       8.6447     449.58 	         sP 
     40.00       8.3381     492.06 	         sP 
     45.00       7.9946     532.90 	         sP 
     50.00       7.6357     571.98 	         sP 
     55.00       7.2721     609.25 	         sP 
     60.00       6.9076     644.70 	         sP 
     65.00       6.5425     678.33 	         sP 
     70.00       6.1764     710.12 	         sP 
     75.00       5.8060     740.08 	         sP 
     80.00       5.4282     768.17 	         sP 
     85.00       5.0356     794.34 	         sP 
     90.00       4.6702     818.51 	         sP 
     95.00       4.5576     841.57 	         sP 
    170.00     170.00 	 sP 	 depth
     20.00      10.9576     310.29 	         sP 
     20.00       9.2314     316.87 	         sP 
     25.00       9.1227     362.82 	         sP 
     25.00      10.3871     363.81 	         sP 
     30.00       8.8675     407.82 	         sP 
     35.00       8.6466     451.65 	         sP 
     40.00       8.3404     494.14 	         sP 
     45.00       7.9969     534.99 	         sP 
     50.00       7.6379     574.08 	         sP 
     55.00       7.2742     611.36 	         sP 
     60.00       6.9096     646.82 	         sP 
     65.00       6.5444     680.46 	         sP 
     70.00       6.1782     712.27 	         sP 
     75.00       5.8078     742.23 	         sP 
     80.00       5.4298     770.33 	         sP 
     85.00       5.0371     796.51 	         sP 
     90.00       4.6707     820.68 	         sP 
     95.00       4.5581     843.75 	         sP 
    180.00     180.00 	 sP 	 depth
     20.00      10.9609     312.26 	         sP 
     20.00       9.2317     318.92 	         sP 
     25.00       9.1242     364.87 	         sP 
     25.00      10.3938     365.81 	         sP 
     30.00       8.8689     409.88 	         sP 
     35.00       8.6485     453.72 	         sP 
     40.00       8.3427     496.22 	         sP 
     45.00       7.9992     537.08 	         sP 
     50.00       7.6402     576.19 	         sP 
     55.00       7.2764     613.48 	         sP 
     60.00       6.9116     648.95 	         sP 
     65.00       6.5464     682.59 	         sP 
     70.00       6.1800     714.41 	         sP 
     75.00       5.8095     744.38 	         sP 
     80.00       5.4315     772.49 	         sP 
     85.00       5.0387     798.68 	         sP 
     90.00       4.6713     822.86 	         sP 
     95.00       4.5586     845.92 	         sP 
    190.00     190.00 	 sP 	 depth
     20.00      10.9643     314.23 	         sP 
     20.00       9.2320     320.96 	         sP 
     25.00       9.1256     366.92 	         sP 
     25.00      10.4005     367.81 	         sP 
     30.00       8.8704     411.94 	         sP 
     35.00       8.6505     455.78 	         sP 
     40.00       8.3450     498.30 	         sP 
     45.00       8.0016     539.17 	         sP 
     50.00       7.6425     578.29 	         sP 
     55.00       7.2785     615.59 	         sP 
     60.00       6.9137     651.07 	         sP 
     65.00       6.5483     684.72 	         sP 
     70.00       6.1818     716.55 	         sP 
     75.00       5.8112     746.53 	         sP 
     80.00       5.4332     774.65 	         sP 
     85.00       5.0402     800.84 	         sP 
     90.00       4.6718     825.03 	         sP 
     95.00       4.5591     848.10 	         sP 
    200.00     200.00 	 sP 	 depth
     20.00      10.9676     316.19 	         sP 
     20.00       9.2323     323.01 	         sP 
     25.00       9.1271     368.97 	         sP 
     25.00      10.4072     369.80 	         sP 
     30.00       8.8719     413.99 	         sP 
     35.00       8.6524     457.85 	         sP 
     40.00       8.3473     500.37 	         sP 
     45.00       8.0039     541.26 	         sP 
     50.00       7.6447     580.38 	         sP 
     55.00       7.2807     617.70 	         sP 
     60.00       6.9157     653.19 	         sP 
     65.00       6.5502     686.85 	         sP 
     70.00       6.1836     718.69 	         sP 
     75.00       5.8130     748.68 	         sP 
     80.00       5.4348     776.81 	         sP 
     85.00       5.0418     803.01 	         sP 
     90.00       4.6724     827.20 	         sP 
     95.00       4.5596     850.27 	         sP 
    210.00     210.00 	 sP 	 depth
     20.00      10.9708     318.16 	         sP 
     20.00       9.2326     325.05 	         sP 
     25.00       9.1285     371.01 	         sP 
     25.00      10.4139     371.79 	         sP 
     30.00       8.8733     416.05 	         sP 
     35.00       8.6544     459.91 	         sP 
     40.00       8.3497     502.45 	         sP 
     45.00       8.0062     543.34 	         sP 
     50.00       7.6470     582.48 	         sP 
     55.00       7.2829     619.80 	         sP 
     60.00       6.9178     655.31 	         sP 
     65.00       6.5522     688.98 	         sP 
     70.00       6.1855     720.83 	         sP 
     75.00       5.8147     750.83 	         sP 
     80.00       5.4365     778.96 	         sP 
     85.00       5.0434     805.17 	         sP 
     90.00       4.6729     829.37 	         sP 
     95.00       4.5601     852.44 	         sP 
    220.00     220.00 	 sP 	 depth
     20.00      10.9741     320.12 	         sP 
     20.00       9.2328     327.08 	         sP 
     25.00       9.1300     373.05 	         sP 
     25.00      10.4207     373.78 	         sP 
     30.00       8.8748     418.09 	         sP 
     35.00       8.6563     461.97 	         sP 
     40.00       8.3520     504.51 	         sP 
     45.00       8.0086     545.42 	         sP 
     50.00       7.6494     584.57 	         sP 
     55.00       7.2851     621.91 	         sP 
     60.00       6.9199     657.42 	         sP 
     65.00       6.5542     691.10 	         sP 
     70.00       6.1873     722.96 	         sP 
     75.00       5.8165     752.97 	         sP 
     80.00       5.4382     781.11 	         sP 
     85.00       5.0450     807.33 	         sP 
     90.00       4.6735     831.54 	         sP 
     95.00       4.5606     854.61 	         sP 
    230.00     230.00 	 sP 	 depth
     20.00      10.9773     322.06 	         sP 
     20.00       9.2331     329.10 	         sP 
     25.00       9.1314     375.08 	         sP 
     25.00      10.4275     375.75 	         sP 
     30.00       8.8764     420.13 	         sP 
     35.00       8.6583     464.01 	         sP 
     40.00       8.3544     506.57 	         sP 
     45.00       8.0110     547.49 	         sP 
     50.00       7.6517     586.65 	         sP 
     55.00       7.2873     624.00 	         sP 
     60.00       6.9220     659.52 	         sP 
     65.00       6.5561     693.22 	         sP 
     70.00       6.1892     725.08 	         sP 
     75.00       5.8183     755.10 	         sP 
     80.00       5.4399     783.25 	         sP 
     85.00       5.0466     809.48 	         sP 
     90.00       4.6741     833.69 	         sP 
     95.00       4.5611     856.77 	         sP 
    240.00     240.00 	 sP 	 depth
     20.00      10.9805     324.00 	         sP 
     20.00       9.2333     331.12 	         sP 
     25.00       9.1329     377.10 	         sP 
     25.00      10.4344     377.71 	         sP 
     30.00       8.8779     422.16 	         sP 
     35.00       8.6603     466.05 	         sP 
     40.00       8.3568     508.61 	         sP 
     45.00       8.0134     549.55 	         sP 
     50.00       7.6540     588.72 	         sP 
     55.00       7.2895     626.08 	         sP 
     60.00       6.9241     661.61 	         sP 
     65.00       6.5581     695.32 	         sP 
     70.00       6.1911     727.19 	         sP 
     75.00       5.8201     757.22 	         sP 
     80.00       5.4416     785.38 	         sP 
     85.00       5.0482     811.62 	         sP 
     90.00       4.6747     835.84 	         sP 
     95.00       4.5616     858.92 	         sP 
    250.00     250.00 	 sP 	 depth
     20.00      10.9837     325.92 	         sP 
     20.00       9.2336     333.12 	         sP 
     25.00       9.1343     379.10 	         sP 
     25.00      10.4412     379.66 	         sP 
     30.00       8.8795     424.18 	         sP 
     35.00       8.6622     468.07 	         sP 
     40.00       8.3591     510.65 	         sP 
     45.00       8.0158     551.60 	         sP 
     50.00       7.6564     590.78 	         sP 
     55.00       7.2918     628.15 	         sP 
     60.00       6.9262     663.70 	         sP 
     65.00       6.5601     697.41 	         sP 
     70.00       6.1930     729.30 	         sP 
     75.00       5.8219     759.33 	         sP 
     80.00       5.4433     787.50 	         sP 
     85.00       5.0499     813.75 	         sP 
     90.00       4.6753     837.98 	         sP 
     95.00       4.5621     861.06 	         sP 
    260.00     260.00 	 sP 	 depth
     20.00      10.9869     327.84 	         sP 
     20.00       9.2338     335.12 	         sP 
     25.00       9.1358     381.10 	         sP 
     25.00      10.4482     381.60 	         sP 
     30.00       8.8811     426.18 	         sP 
     35.00       8.6642     470.09 	         sP 
     40.00       8.3616     512.68 	         sP 
     45.00       8.0182     553.64 	         sP 
     50.00       7.6588     592.83 	         sP 
     55.00       7.2940     630.21 	         sP 
     60.00       6.9283     665.77 	         sP 
     65.00       6.5622     699.50 	         sP 
     70.00       6.1949     731.39 	         sP 
     75.00       5.8237     761.44 	         sP 
     80.00       5.4451     789.61 	         sP 
     85.00       5.0515     815.87 	         sP 
     90.00       4.6759     840.11 	         sP 
     95.00       4.5626     863.19 	         sP 
    270.00     270.00 	 sP 	 depth
     20.00      10.9901     329.74 	         sP 
     20.00       9.2341     337.10 	         sP 
     25.00       9.1372     383.09 	         sP 
     25.00      10.4552     383.53 	         sP 
     30.00       8.8827     428.18 	         sP 
     35.00       8.6663     472.10 	         sP 
     40.00       8.3640     514.70 	         sP 
     45.00       8.0207     555.67 	         sP 
     50.00       7.6612     594.88 	         sP 
     55.00       7.2963     632.27 	         sP 
     60.00       6.9305     667.84 	         sP 
     65.00       6.5642     701.57 	         sP 
     70.00       6.1968     733.48 	         sP 
     75.00       5.8255     763.53 	         sP 
     80.00       5.4468     791.72 	         sP 
     85.00       5.0532     817.98 	         sP 
     90.00       4.6765     842.23 	         sP 
     95.00       4.5631     865.31 	         sP 
    280.00     280.00 	 sP 	 depth
     20.00      10.9932     331.64 	         sP 
     20.00       9.2343     339.08 	         sP 
     25.00       9.1387     385.07 	         sP 
     25.00      10.4622     385.45 	         sP 
     30.00       8.8844     430.17 	         sP 
     35.00       8.6683     474.09 	         sP 
     40.00       8.3664     516.71 	         sP 
     45.00       8.0232     557.69 	         sP 
     50.00       7.6636     596.91 	         sP 
     55.00       7.2986     634.32 	         sP 
     60.00       6.9327     669.89 	         sP 
     65.00       6.5663     703.64 	         sP 
     70.00       6.1988     735.55 	         sP 
     75.00       5.8274     765.62 	         sP 
     80.00       5.4486     793.81 	         sP 
     85.00       5.0549     820.09 	         sP 
     90.00       4.6771     844.34 	         sP 
     95.00       4.5636     867.42 	         sP 
    290.00     290.00 	 sP 	 depth
     20.00      10.9963     333.52 	         sP 
     20.00       9.2345     341.04 	         sP 
     25.00       9.1401     387.04 	         sP 
     25.00      10.4692     387.36 	         sP 
     30.00       8.8860     432.15 	         sP 
     35.00       8.6703     476.08 	         sP 
     40.00       8.3689     518.71 	         sP 
     45.00       8.0257     559.70 	         sP 
     50.00       7.6661     598.94 	         sP 
     55.00       7.3009     636.35 	         sP 
     60.00       6.9349     671.94 	         sP 
     65.00       6.5684     705.70 	         sP 
     70.00       6.2007     737.62 	         sP 
     75.00       5.8292     767.70 	         sP 
     80.00       5.4504     795.90 	         sP 
     85.00       5.0566     822.18 	         sP 
     90.00       4.6777     846.44 	         sP 
     95.00       4.5641     869.53 	         sP 
    300.00     300.00 	 sP 	 depth
     20.00      10.9994     335.39 	         sP 
     20.00       9.2348     343.00 	         sP 
     25.00       9.1415     389.00 	         sP 
     25.00      10.4763     389.26 	         sP 
     30.00       8.8877     434.12 	         sP 
     35.00       8.6724     478.06 	         sP 
     40.00       8.3714     520.70 	         sP 
     45.00       8.0282     561.70 	         sP 
     50.00       7.6686     600.95 	         sP 
     55.00       7.3033     638.38 	         sP 
     60.00       6.9371     673.98 	         sP 
     65.00       6.5704     707.75 	         sP 
     70.00       6.2027     739.68 	         sP 
     75.00       5.8311     769.77 	         sP 
     80.00       5.4522     797.98 	         sP 
     85.00       5.0583     824.27 	         sP 
     90.00       4.6783     848.54 	         sP 
     95.00       4.5646     871.63 	         sP 
    310.00     310.00 	 sP 	 depth
     20.00      11.0025     337.26 	         sP 
     20.00       9.2350     344.94 	         sP 
     25.00       9.1430     390.95 	         sP 
     25.00      10.4835     391.15 	         sP 
     30.00       8.8895     436.08 	         sP 
     35.00       8.6744     480.03 	         sP 
     40.00       8.3739     522.68 	         sP 
     45.00       8.0307     563.70 	         sP 
     50.00       7.6711     602.96 	         sP 
     55.00       7.3056     640.40 	         sP 
     60.00       6.9393     676.01 	         sP 
     65.00       6.5726     709.79 	         sP 
     70.00       6.2047     741.73 	         sP 
     75.00       5.8330     771.83 	         sP 
     80.00       5.4540     800.05 	         sP 
     85.00       5.0601     826.35 	         sP 
     90.00       4.6790     850.63 	         sP 
     95.00       4.5651     873.72 	         sP 
    320.00     320.00 	 sP 	 depth
     20.00      11.0056     339.11 	         sP 
     20.00       9.2352     346.88 	         sP 
     25.00       9.1444     392.89 	         sP 
     25.00      10.4907     393.03 	         sP 
     30.00       8.8912     438.04 	         sP 
     35.00       8.6765     481.99 	         sP 
     40.00       8.3764     524.65 	         sP 
     45.00       8.0333     565.68 	         sP 
     50.00       7.6736     604.96 	         sP 
     55.00       7.3080     642.41 	         sP 
     60.00       6.9416     678.03 	         sP 
     65.00       6.5747     711.82 	         sP 
     70.00       6.2067     743.78 	         sP 
     75.00       5.8349     773.88 	         sP 
     80.00       5.4558     802.11 	         sP 
     85.00       5.0619     828.42 	         sP 
     90.00       4.6796     852.71 	         sP 
     95.00       4.5656     875.80 	         sP 
    330.00     330.00 	 sP 	 depth
     20.00      11.0086     340.95 	         sP 
     20.00       9.2354     348.81 	         sP 
     25.00       9.1459     394.82 	         sP 
     25.00      10.4979     394.90 	         sP 
     30.00       8.8930     439.98 	         sP 
     35.00       8.6786     483.94 	         sP 
     40.00       8.3789     526.61 	         sP 
     45.00       8.0359     567.66 	         sP 
     50.00       7.6761     606.94 	         sP 
     55.00       7.3104     644.41 	         sP 
     60.00       6.9438     680.04 	         sP 
     65.00       6.5768     713.85 	         sP 
     70.00       6.2087     745.81 	         sP 
     75.00       5.8368     775.93 	         sP 
     80.00       5.4576     804.17 	         sP 
     85.00       5.0637     830.48 	         sP 
     90.00       4.6803     854.78 	         sP 
     95.00       4.5661     877.87 	         sP 
    340.00     340.00 	 sP 	 depth
     20.00      11.0116     342.79 	         sP 
     20.00       9.2356     350.73 	         sP 
     25.00       9.1473     396.75 	         sP 
     25.00      10.5051     396.76 	         sP 
     30.00       8.8949     441.91 	         sP 
     35.00       8.6807     485.89 	         sP 
     40.00       8.3815     528.57 	         sP 
     45.00       8.0385     569.63 	         sP 
     50.00       7.6786     608.92 	         sP 
     55.00       7.3128     646.40 	         sP 
     60.00       6.9461     682.05 	         sP 
     65.00       6.5790     715.86 	         sP 
     70.00       6.2108     747.84 	         sP 
     75.00       5.8388     777.96 	         sP 
     80.00       5.4595     806.21 	         sP 
     85.00       5.0655     832.54 	         sP 
     90.00       4.6809     856.84 	         sP 
     95.00       4.5666     879.94 	         sP 
    350.00     350.00 	 sP 	 depth
     20.00      11.0146     344.61 	         sP 
     20.00       9.2358     352.64 	         sP 
     25.00      10.5124     398.61 	         sP 
     25.00       9.1487     398.66 	         sP 
     30.00       8.8967     443.84 	         sP 
     35.00       8.6829     487.82 	         sP 
     40.00       8.3841     530.51 	         sP 
     45.00       8.0411     571.59 	         sP 
     50.00       7.6812     610.90 	         sP 
     55.00       7.3153     648.39 	         sP 
     60.00       6.9484     684.05 	         sP 
     65.00       6.5812     717.87 	         sP 
     70.00       6.2128     749.85 	         sP 
     75.00       5.8407     779.99 	         sP 
     80.00       5.4614     808.25 	         sP 
     85.00       5.0673     834.58 	         sP 
     90.00       4.6816     858.89 	         sP 
     95.00       4.5671     881.99 	         sP 
    360.00     360.00 	 sP 	 depth
     20.00      11.0176     346.42 	         sP 
     20.00       9.2359     354.54 	         sP 
     25.00      10.5198     400.45 	         sP 
     25.00       9.1502     400.57 	         sP 
     30.00       8.8986     445.75 	         sP 
     35.00       8.6851     489.74 	         sP 
     40.00       8.3866     532.45 	         sP 
     45.00       8.0437     573.54 	         sP 
     50.00       7.6838     612.86 	         sP 
     55.00       7.3177     650.36 	         sP 
     60.00       6.9508     686.03 	         sP 
     65.00       6.5834     719.87 	         sP 
     70.00       6.2149     751.86 	         sP 
     75.00       5.8427     782.01 	         sP 
     80.00       5.4632     810.28 	         sP 
     85.00       5.0691     836.62 	         sP 
     90.00       4.6823     860.94 	         sP 
     95.00       4.5676     884.04 	         sP 
    370.00     370.00 	 sP 	 depth
     20.00      11.0205     348.23 	         sP 
     20.00       9.2361     356.43 	         sP 
     25.00      10.5272     402.28 	         sP 
     25.00       9.1516     402.46 	         sP 
     30.00       8.9005     447.66 	         sP 
     35.00       8.6872     491.66 	         sP 
     40.00       8.3892     534.38 	         sP 
     45.00       8.0464     575.48 	         sP 
     50.00       7.6864     614.81 	         sP 
     55.00       7.3202     652.33 	         sP 
     60.00       6.9531     688.01 	         sP 
     65.00       6.5856     721.86 	         sP 
     70.00       6.2170     753.86 	         sP 
     75.00       5.8447     784.02 	         sP 
     80.00       5.4651     812.30 	         sP 
     85.00       5.0710     838.65 	         sP 
     90.00       4.6830     862.98 	         sP 
     95.00       4.5681     886.08 	         sP 
    380.00     380.00 	 sP 	 depth
     20.00      11.0235     350.02 	         sP 
     20.00       9.2363     358.32 	         sP 
     25.00      10.5346     404.10 	         sP 
     25.00       9.1530     404.35 	         sP 
     30.00       8.9025     449.56 	         sP 
     35.00       8.6894     493.57 	         sP 
     40.00       8.3919     536.30 	         sP 
     45.00       8.0491     577.41 	         sP 
     50.00       7.6891     616.76 	         sP 
     55.00       7.3227     654.29 	         sP 
     60.00       6.9555     689.98 	         sP 
     65.00       6.5878     723.84 	         sP 
     70.00       6.2191     755.86 	         sP 
     75.00       5.8467     786.02 	         sP 
     80.00       5.4670     814.31 	         sP 
     85.00       5.0729     840.67 	         sP 
     90.00       4.6837     865.01 	         sP 
     95.00       4.5686     888.12 	         sP 
    390.00     390.00 	 sP 	 depth
     20.00      11.0263     351.80 	         sP 
     20.00       9.2364     360.19 	         sP 
     25.00      10.5420     405.91 	         sP 
     25.00       9.1544     406.23 	         sP 
     30.00       8.9045     451.45 	         sP 
     35.00       8.6917     495.46 	         sP 
     40.00       8.3945     538.21 	         sP 
     45.00       8.0518     579.33 	         sP 
     50.00       7.6917     618.69 	         sP 
     55.00       7.3252     656.24 	         sP 
     60.00       6.9579     691.94 	         sP 
     65.00       6.5901     725.81 	         sP 
     70.00       6.2212     757.84 	         sP 
     75.00       5.8487     788.02 	         sP 
     80.00       5.4690     816.32 	         sP 
     85.00       5.0748     842.69 	         sP 
     90.00       4.6844     867.03 	         sP 
     95.00       4.5691     890.14 	         sP 
    400.00     400.00 	 sP 	 depth
     20.00      11.0292     353.57 	         sP 
     20.00       9.2366     362.05 	         sP 
     25.00      10.5495     407.71 	         sP 
     25.00       9.1559     408.09 	         sP 
     30.00       8.9066     453.33 	         sP 
     35.00       8.6939     497.35 	         sP 
     40.00       8.3972     540.11 	         sP 
     45.00       8.0546     581.25 	         sP 
     50.00       7.6944     620.62 	         sP 
     55.00       7.3278     658.18 	         sP 
     60.00       6.9603     693.90 	         sP 
     65.00       6.5924     727.78 	         sP 
     70.00       6.2234     759.82 	         sP 
     75.00       5.8508     790.01 	         sP 
     80.00       5.4709     818.31 	         sP 
     85.00       5.0767     844.69 	         sP 
     90.00       4.6851     869.05 	         sP 
     95.00       4.5696     892.16 	         sP 
    410.00     410.00 	 sP 	 depth
     20.00      11.0320     355.34 	         sP 
     20.00       9.2367     363.91 	         sP 
     25.00      10.5571     409.50 	         sP 
     25.00       9.1573     409.95 	         sP 
     30.00       8.9087     455.20 	         sP 
     35.00       8.6962     499.23 	         sP 
     40.00       8.3999     542.00 	         sP 
     45.00       8.0573     583.15 	         sP 
     50.00       7.6971     622.54 	         sP 
     55.00       7.3304     660.11 	         sP 
     60.00       6.9627     695.84 	         sP 
     65.00       6.5947     729.74 	         sP 
     70.00       6.2255     761.79 	         sP 
     75.00       5.8528     791.99 	         sP 
     80.00       5.4729     820.30 	         sP 
     85.00       5.0787     846.69 	         sP 
     90.00       4.6858     871.06 	         sP 
     95.00       4.5701     894.17 	         sP 
    420.00     420.00 	 sP 	 depth
     20.00      11.0350     357.00 	         sP 
     20.00       9.2369     365.67 	         sP 
     25.00      10.5651     411.19 	         sP 
     25.00       9.1588     411.71 	         sP 
     30.00       8.9109     456.97 	         sP 
     35.00       8.6986     501.01 	         sP 
     40.00       8.4027     543.80 	         sP 
     45.00       8.0602     584.96 	         sP 
     50.00       7.7000     624.37 	         sP 
     55.00       7.3331     661.95 	         sP 
     60.00       6.9653     697.69 	         sP 
     65.00       6.5971     731.60 	         sP 
     70.00       6.2278     763.66 	         sP 
     75.00       5.8550     793.87 	         sP 
     80.00       5.4749     822.20 	         sP 
     85.00       5.0807     848.60 	         sP 
     90.00       4.6866     872.97 	         sP 
     95.00       4.5706     896.09 	         sP 
    430.00     430.00 	 sP 	 depth
     20.00      11.0379     358.64 	         sP 
     20.00       9.2370     367.41 	         sP 
     25.00      10.5731     412.86 	         sP 
     25.00       9.1603     413.46 	         sP 
     30.00       8.9132     458.73 	         sP 
     35.00       8.7010     502.79 	         sP 
     40.00       8.4055     545.58 	         sP 
     45.00       8.0632     586.76 	         sP 
     50.00       7.7028     626.18 	         sP 
     55.00       7.3358     663.78 	         sP 
     60.00       6.9678     699.54 	         sP 
     65.00       6.5995     733.45 	         sP 
     70.00       6.2301     765.53 	         sP 
     75.00       5.8571     795.75 	         sP 
     80.00       5.4770     824.09 	         sP 
     85.00       5.0828     850.50 	         sP 
     90.00       4.6874     874.88 	         sP 
     95.00       4.5712     898.00 	         sP 
    440.00     440.00 	 sP 	 depth
     20.00      11.0408     360.28 	         sP 
     20.00       9.2371     369.15 	         sP 
     25.00      10.5812     414.53 	         sP 
     25.00       9.1617     415.20 	         sP 
     30.00       8.9156     460.48 	         sP 
     35.00       8.7035     504.55 	         sP 
     40.00       8.4084     547.36 	         sP 
     45.00       8.0661     588.55 	         sP 
     50.00       7.7057     627.99 	         sP 
     55.00       7.3386     665.60 	         sP 
     60.00       6.9704     701.37 	         sP 
     65.00       6.6020     735.30 	         sP 
     70.00       6.2324     767.38 	         sP 
     75.00       5.8593     797.62 	         sP 
     80.00       5.4791     825.97 	         sP 
     85.00       5.0849     852.39 	         sP 
     90.00       4.6882     876.78 	         sP 
     95.00       4.5717     899.90 	         sP 
    450.00     450.00 	 sP 	 depth
     20.00      11.0437     361.90 	         sP 
     20.00       9.2372     370.88 	         sP 
     25.00      10.5893     416.18 	         sP 
     25.00       9.1632     416.93 	         sP 
     30.00       8.9180     462.22 	         sP 
     35.00       8.7059     506.30 	         sP 
     40.00       8.4113     549.12 	         sP 
     45.00       8.0691     590.33 	         sP 
     50.00       7.7087     629.78 	         sP 
     55.00       7.3413     667.40 	         sP 
     60.00       6.9731     703.19 	         sP 
     65.00       6.6045     737.14 	         sP 
     70.00       6.2347     769.23 	         sP 
     75.00       5.8616     799.48 	         sP 
     80.00       5.4812     827.84 	         sP 
     85.00       5.0870     854.27 	         sP 
     90.00       4.6890     878.67 	         sP 
     95.00       4.5722     901.79 	         sP 
    460.00     460.00 	 sP 	 depth
     20.00      11.0465     363.52 	         sP 
     20.00       9.2373     372.59 	         sP 
     25.00      10.5975     417.82 	         sP 
     25.00       9.1647     418.66 	         sP 
     30.00       8.9205     463.96 	         sP 
     30.00       9.7820     468.89 	         sP 
     35.00       8.7085     508.04 	         sP 
     40.00       8.4142     550.88 	         sP 
     45.00       8.0722     592.10 	         sP 
     50.00       7.7116     631.57 	         sP 
     55.00       7.3441     669.21 	         sP 
     60.00       6.9757     705.01 	         sP 
     65.00       6.6070     738.96 	         sP 
     70.00       6.2371     771.07 	         sP 
     75.00       5.8638     801.33 	         sP 
     80.00       5.4833     829.70 	         sP 
     85.00       5.0891     856.14 	         sP 
     90.00       4.6898     880.55 	         sP 
     95.00       4.5727     903.68 	         sP 
    470.00     470.00 	 sP 	 depth
     20.00      11.0493     365.12 	         sP 
     20.00       9.2374     374.30 	         sP 
     25.00      10.6057     419.45 	         sP 
     25.00       9.1662     420.37 	         sP 
     30.00       8.9230     465.68 	         sP 
     30.00       9.7935     470.57 	         sP 
     35.00       8.7110     509.78 	         sP 
     40.00       8.4172     552.62 	         sP 
     45.00       8.0752     593.86 	         sP 
     50.00       7.7146     633.34 	         sP 
     55.00       7.3470     671.00 	         sP 
     60.00       6.9784     706.81 	         sP 
     65.00       6.6095     740.78 	         sP 
     70.00       6.2395     772.90 	         sP 
     75.00       5.8661     803.17 	         sP 
     80.00       5.4855     831.55 	         sP 
     85.00       5.0913     858.00 	         sP 
     90.00       4.6906     882.42 	         sP 
     95.00       4.5733     905.55 	         sP 
    480.00     480.00 	 sP 	 depth
     20.00      11.0521     366.71 	         sP 
     20.00       9.2375     376.00 	         sP 
     25.00      10.6139     421.07 	         sP 
     25.00       9.1676     422.07 	         sP 
     30.00       8.9256     467.39 	         sP 
     30.00       9.8050     472.23 	         sP 
     35.00       8.7135     511.50 	         sP 
     40.00       8.4201     554.36 	         sP 
     45.00       8.0783     595.62 	         sP 
     50.00       7.7176     635.11 	         sP 
     55.00       7.3498     672.78 	         sP 
     60.00       6.9811     708.61 	         sP 
     65.00       6.6121     742.59 	         sP 
     70.00       6.2419     774.73 	         sP 
     75.00       5.8683     805.00 	         sP 
     80.00       5.4877     833.40 	         sP 
     85.00       5.0934     859.86 	         sP 
     90.00       4.6914     884.29 	         sP 
     95.00       4.5738     907.42 	         sP 
    490.00     490.00 	 sP 	 depth
     20.00      11.0548     368.29 	         sP 
     20.00       9.2376     377.69 	         sP 
     25.00      10.6222     422.68 	         sP 
     25.00       9.1691     423.76 	         sP 
     30.00       8.9283     469.10 	         sP 
     30.00       9.8165     473.89 	         sP 
     35.00       8.7161     513.21 	         sP 
     40.00       8.4231     556.09 	         sP 
     45.00       8.0814     597.36 	         sP 
     50.00       7.7207     636.87 	         sP 
     55.00       7.3527     674.55 	         sP 
     60.00       6.9838     710.39 	         sP 
     65.00       6.6146     744.39 	         sP 
     70.00       6.2443     776.54 	         sP 
     75.00       5.8706     806.83 	         sP 
     80.00       5.4898     835.23 	         sP 
     85.00       5.0956     861.71 	         sP 
     90.00       4.6923     886.15 	         sP 
     95.00       4.5743     909.28 	         sP 
    500.00     500.00 	 sP 	 depth
     20.00      11.0574     369.86 	         sP 
     20.00       9.2376     379.36 	         sP 
     25.00      10.6305     424.28 	         sP 
     25.00       9.1705     425.44 	         sP 
     30.00       8.9311     470.79 	         sP 
     30.00       9.8280     475.54 	         sP 
     35.00       8.7188     514.92 	         sP 
     40.00       8.4261     557.81 	         sP 
     45.00       8.0845     599.09 	         sP 
     50.00       7.7238     638.62 	         sP 
     55.00       7.3556     676.32 	         sP 
     60.00       6.9866     712.17 	         sP 
     65.00       6.6172     746.18 	         sP 
     70.00       6.2467     778.34 	         sP 
     75.00       5.8730     808.64 	         sP 
     80.00       5.4921     837.06 	         sP 
     85.00       5.0978     863.54 	         sP 
     90.00       4.6932     887.99 	         sP 
     95.00       4.5749     911.13 	         sP 
    510.00     510.00 	 sP 	 depth
     20.00      11.0601     371.42 	         sP 
     20.00       9.2377     381.03 	         sP 
     25.00      10.6389     425.87 	         sP 
     25.00       9.1720     427.11 	         sP 
     30.00       8.9340     472.48 	         sP 
     30.00       9.8396     477.17 	         sP 
     35.00       8.7214     516.61 	         sP 
     40.00       8.4292     559.52 	         sP 
     45.00       8.0877     600.82 	         sP 
     50.00       7.7269     640.36 	         sP 
     55.00       7.3586     678.07 	         sP 
     60.00       6.9894     713.94 	         sP 
     65.00       6.6198     747.97 	         sP 
     70.00       6.2492     780.14 	         sP 
     75.00       5.8753     810.45 	         sP 
     80.00       5.4943     838.88 	         sP 
     85.00       5.1000     865.38 	         sP 
     90.00       4.6941     889.84 	         sP 
     95.00       4.5754     912.98 	         sP 
    520.00     520.00 	 sP 	 depth
     20.00      11.0626     372.97 	         sP 
     20.00       9.2377     382.69 	         sP 
     25.00      10.6473     427.44 	         sP 
     25.00       9.1734     428.78 	         sP 
     30.00       8.9370     474.15 	         sP 
     30.00       9.8512     478.80 	         sP 
     35.00       8.7241     518.30 	         sP 
     40.00       8.4322     561.22 	         sP 
     45.00       8.0909     602.54 	         sP 
     50.00       7.7300     642.09 	         sP 
     55.00       7.3616     679.82 	         sP 
     60.00       6.9922     715.70 	         sP 
     65.00       6.6225     749.74 	         sP 
     70.00       6.2517     781.93 	         sP 
     75.00       5.8776     812.25 	         sP 
     80.00       5.4965     840.69 	         sP 
     85.00       5.1023     867.20 	         sP 
     90.00       4.6950     891.67 	         sP 
     95.00       4.5759     914.81 	         sP 
    530.00     530.00 	 sP 	 depth
     20.00      11.0651     374.51 	         sP 
     20.00       9.2378     384.34 	         sP 
     25.00      10.6557     429.01 	         sP 
     25.00       9.1749     430.43 	         sP 
     30.00       8.9400     475.82 	         sP 
     30.00       9.8628     480.41 	         sP 
     35.00       8.7267     519.98 	         sP 
     40.00       8.4353     562.91 	         sP 
     45.00       8.0941     604.24 	         sP 
     50.00       7.7331     643.81 	         sP 
     55.00       7.3646     681.56 	         sP 
     60.00       6.9950     717.46 	         sP 
     65.00       6.6252     751.51 	         sP 
     70.00       6.2542     783.71 	         sP 
     75.00       5.8800     814.04 	         sP 
     80.00       5.4988     842.49 	         sP 
     85.00       5.1045     869.01 	         sP 
     90.00       4.6959     893.49 	         sP 
     95.00       4.5765     916.64 	         sP 
    540.00     540.00 	 sP 	 depth
     20.00      11.0676     376.04 	         sP 
     20.00       9.2378     385.98 	         sP 
     25.00      10.6641     430.56 	         sP 
     25.00       9.1763     432.07 	         sP 
     30.00       8.9432     477.47 	         sP 
     30.00       9.8744     482.02 	         sP 
     35.00       8.7294     521.64 	         sP 
     40.00       8.4384     564.59 	         sP 
     45.00       8.0974     605.94 	         sP 
     50.00       7.7363     645.53 	         sP 
     55.00       7.3676     683.29 	         sP 
     60.00       6.9979     719.20 	         sP 
     65.00       6.6279     753.27 	         sP 
     70.00       6.2567     785.48 	         sP 
     75.00       5.8824     815.83 	         sP 
     80.00       5.5011     844.29 	         sP 
     85.00       5.1068     870.82 	         sP 
     90.00       4.6968     895.31 	         sP 
     95.00       4.5770     918.46 	         sP 
    550.00     550.00 	 sP 	 depth
     20.00      11.0701     377.55 	         sP 
     25.00      10.6726     432.11 	         sP 
     25.00       9.1777     433.71 	         sP 
     30.00       8.9466     479.12 	         sP 
     30.00       9.8861     483.61 	         sP 
     35.00       8.7321     523.30 	         sP 
     40.00       8.4415     566.26 	         sP 
     45.00       8.1007     607.63 	         sP 
     50.00       7.7395     647.23 	         sP 
     55.00       7.3706     685.01 	         sP 
     60.00       7.0008     720.94 	         sP 
     65.00       6.6306     755.02 	         sP 
     70.00       6.2593     787.24 	         sP 
     75.00       5.8848     817.60 	         sP 
     80.00       5.5034     846.08 	         sP 
     85.00       5.1091     872.62 	         sP 
     90.00       4.6977     897.12 	         sP 
     95.00       4.5775     920.27 	         sP 
    560.00     560.00 	 sP 	 depth
     20.00      11.0724     379.06 	         sP 
     25.00      10.6811     433.64 	         sP 
     25.00       9.1791     435.33 	         sP 
     30.00       8.9500     480.76 	         sP 
     30.00       9.8978     485.20 	         sP 
     35.00       8.7347     524.95 	         sP 
     40.00       8.4447     567.92 	         sP 
     45.00       8.1040     609.31 	         sP 
     50.00       7.7428     648.93 	         sP 
     55.00       7.3737     686.72 	         sP 
     60.00       7.0037     722.66 	         sP 
     65.00       6.6333     756.76 	         sP 
     70.00       6.2619     788.99 	         sP 
     75.00       5.8873     819.37 	         sP 
     80.00       5.5057     847.86 	         sP 
     85.00       5.1114     874.41 	         sP 
     90.00       4.6987     898.92 	         sP 
     95.00       4.5781     922.08 	         sP 
    570.00     570.00 	 sP 	 depth
     20.00      11.0748     380.55 	         sP 
     25.00      10.6897     435.17 	         sP 
     25.00       9.1805     436.95 	         sP 
     30.00       8.9537     482.38 	         sP 
     30.00       9.9096     486.77 	         sP 
     35.00       8.7374     526.59 	         sP 
     40.00       8.4478     569.58 	         sP 
     45.00       8.1073     610.98 	         sP 
     50.00       7.7460     650.62 	         sP 
     55.00       7.3768     688.42 	         sP 
     60.00       7.0066     724.38 	         sP 
     65.00       6.6361     758.49 	         sP 
     70.00       6.2645     790.74 	         sP 
     75.00       5.8897     821.13 	         sP 
     80.00       5.5080     849.63 	         sP 
     85.00       5.1137     876.19 	         sP 
     90.00       4.6997     900.71 	         sP 
     95.00       4.5786     923.87 	         sP 
    580.00     580.00 	 sP 	 depth
     20.00      11.0770     382.04 	         sP 
     25.00      10.6982     436.68 	         sP 
     25.00       9.1820     438.55 	         sP 
     30.00       8.9575     484.00 	         sP 
     30.00       9.9213     488.33 	         sP 
     35.00       8.7400     528.22 	         sP 
     40.00       8.4510     571.22 	         sP 
     45.00       8.1107     612.64 	         sP 
     50.00       7.7493     652.30 	         sP 
     55.00       7.3800     690.12 	         sP 
     60.00       7.0096     726.09 	         sP 
     65.00       6.6389     760.21 	         sP 
     70.00       6.2671     792.48 	         sP 
     75.00       5.8922     822.88 	         sP 
     80.00       5.5104     851.39 	         sP 
     85.00       5.1160     877.96 	         sP 
     90.00       4.7007     902.50 	         sP 
     95.00       4.5792     925.66 	         sP 
    590.00     590.00 	 sP 	 depth
     20.00      11.0792     383.51 	         sP 
     25.00      10.7068     438.18 	         sP 
     25.00       9.1834     440.15 	         sP 
     30.00       8.9615     485.61 	         sP 
     30.00       9.9331     489.89 	         sP 
     35.00       8.7426     529.84 	         sP 
     40.00       8.4543     572.86 	         sP 
     45.00       8.1141     614.29 	         sP 
     50.00       7.7527     653.97 	         sP 
     55.00       7.3831     691.81 	         sP 
     60.00       7.0126     727.79 	         sP 
     65.00       6.6417     761.93 	         sP 
     70.00       6.2697     794.21 	         sP 
     75.00       5.8947     824.62 	         sP 
     80.00       5.5128     853.14 	         sP 
     85.00       5.1184     879.73 	         sP 
     90.00       4.7017     904.28 	         sP 
     95.00       4.5797     927.44 	         sP 
    600.00     600.00 	 sP 	 depth
     20.00      11.0814     384.98 	         sP 
     25.00      10.7154     439.67 	         sP 
     25.00       9.1847     441.74 	         sP 
     30.00       8.9659     487.21 	         sP 
     30.00       9.9449     491.43 	         sP 
     35.00       8.7452     531.45 	         sP 
     40.00       8.4575     574.49 	         sP 
     45.00       8.1176     615.94 	         sP 
     50.00       7.7560     655.63 	         sP 
     55.00       7.3863     693.48 	         sP 
     60.00       7.0156     729.49 	         sP 
     65.00       6.6445     763.64 	         sP 
     70.00       6.2724     795.93 	         sP 
     75.00       5.8973     826.36 	         sP 
     80.00       5.5152     854.89 	         sP 
     85.00       5.1208     881.49 	         sP 
     90.00       4.7027     906.05 	         sP 
     95.00       4.5802     929.22 	         sP 
    610.00     610.00 	 sP 	 depth
     20.00      11.0835     386.43 	         sP 
     25.00      10.7241     441.15 	         sP 
     25.00       9.1861     443.32 	         sP 
     30.00       8.9705     488.80 	         sP 
     30.00       9.9567     492.96 	         sP 
     35.00       8.7478     533.06 	         sP 
     40.00       8.4608     576.11 	         sP 
     45.00       8.1210     617.57 	         sP 
     50.00       7.7594     657.28 	         sP 
     55.00       7.3896     695.15 	         sP 
     60.00       7.0186     731.17 	         sP 
     65.00       6.6474     765.34 	         sP 
     70.00       6.2751     797.64 	         sP 
     75.00       5.8998     828.08 	         sP 
     80.00       5.5176     856.63 	         sP 
     85.00       5.1232     883.24 	         sP 
     90.00       4.7038     907.81 	         sP 
     95.00       4.5808     930.98 	         sP 
    620.00     620.00 	 sP 	 depth
     20.00      11.0856     387.88 	         sP 
     25.00      10.7327     442.62 	         sP 
     25.00       9.1875     444.89 	         sP 
     30.00       8.9751     490.39 	         sP 
     30.00       9.9686     494.48 	         sP 
     35.00       8.7505     534.65 	         sP 
     40.00       8.4641     577.72 	         sP 
     45.00       8.1245     619.20 	         sP 
     50.00       7.7629     658.92 	         sP 
     55.00       7.3928     696.81 	         sP 
     60.00       7.0217     732.85 	         sP 
     65.00       6.6503     767.03 	         sP 
     70.00       6.2778     799.35 	         sP 
     75.00       5.9024     829.80 	         sP 
     80.00       5.5200     858.36 	         sP 
     85.00       5.1256     884.98 	         sP 
     90.00       4.7048     909.57 	         sP 
     95.00       4.5813     932.74 	         sP 
    630.00     630.00 	 sP 	 depth
     20.00      11.0876     389.31 	         sP 
     25.00      10.7414     444.08 	         sP 
     25.00       9.1889     446.45 	         sP 
     30.00       8.9796     491.96 	         sP 
     30.00       9.9805     496.00 	         sP 
     35.00       8.7531     536.24 	         sP 
     40.00       8.4674     579.32 	         sP 
     45.00       8.1281     620.82 	         sP 
     50.00       7.7663     660.56 	         sP 
     55.00       7.3961     698.47 	         sP 
     60.00       7.0248     734.52 	         sP 
     65.00       6.6532     768.71 	         sP 
     70.00       6.2805     801.05 	         sP 
     75.00       5.9050     831.51 	         sP 
     80.00       5.5225     860.09 	         sP 
     85.00       5.1280     886.72 	         sP 
     90.00       4.7059     911.31 	         sP 
     95.00       4.5819     934.49 	         sP 
    640.00     640.00 	 sP 	 depth
     20.00      11.0895     390.73 	         sP 
     25.00      10.7501     445.53 	         sP 
     25.00       9.1902     448.00 	         sP 
     30.00       8.9841     493.52 	         sP 
     30.00       9.9924     497.50 	         sP 
     35.00       8.7556     537.81 	         sP 
     40.00       8.4708     580.91 	         sP 
     45.00       8.1316     622.43 	         sP 
     50.00       7.7698     662.19 	         sP 
     55.00       7.3994     700.11 	         sP 
     60.00       7.0280     736.18 	         sP 
     65.00       6.6562     770.39 	         sP 
     70.00       6.2833     802.74 	         sP 
     75.00       5.9076     833.22 	         sP 
     80.00       5.5250     861.80 	         sP 
     85.00       5.1305     888.45 	         sP 
     90.00       4.7070     913.05 	         sP 
     95.00       4.5824     936.24 	         sP 
    650.00     650.00 	 sP 	 depth
     20.00      11.0914     392.14 	         sP 
     25.00      10.7588     446.97 	         sP 
     25.00       9.1916     449.54 	         sP 
     30.00       8.9884     495.08 	         sP 
     30.00      10.0043     498.99 	         sP 
     35.00       8.7582     539.38 	         sP 
     40.00       8.4742     582.49 	         sP 
     45.00       8.1353     624.03 	         sP 
     50.00       7.7734     663.81 	         sP 
     55.00       7.4028     701.75 	         sP 
     60.00       7.0311     737.83 	         sP 
     65.00       6.6592     772.06 	         sP 
     70.00       6.2861     804.42 	         sP 
     75.00       5.9103     834.91 	         sP 
     80.00       5.5275     863.51 	         sP 
     85.00       5.1329     890.17 	         sP 
     90.00       4.7082     914.79 	         sP 
     95.00       4.5830     937.97 	         sP 
    660.00     660.00 	 sP 	 depth
     20.00      11.0932     393.54 	         sP 
     25.00      10.7675     448.39 	         sP 
     25.00       9.1929     451.08 	         sP 
     30.00       8.9927     496.62 	         sP 
     30.00      10.0163     500.47 	         sP 
     35.00       8.7608     540.94 	         sP 
     40.00       8.4776     584.07 	         sP 
     45.00       8.1389     625.62 	         sP 
     50.00       7.7769     665.42 	         sP 
     55.00       7.4062     703.37 	         sP 
     60.00       7.0343     739.48 	         sP 
     65.00       6.6622     773.72 	         sP 
     70.00       6.2889     806.10 	         sP 
     75.00       5.9129     836.60 	         sP 
     80.00       5.5300     865.21 	         sP 
     85.00       5.1354     891.88 	         sP 
     90.00       4.7093     916.51 	         sP 
     95.00       4.5835     939.70 	         sP 
    670.00     670.00 	 sP 	 depth
     20.00      11.0951     394.80 	         sP 
     25.00      10.7771     449.67 	         sP 
     25.00       9.1944     452.48 	         sP 
     30.00       8.9972     498.04 	         sP 
     30.00      10.0294     501.81 	         sP 
     35.00       8.7636     542.37 	         sP 
     40.00       8.4813     585.51 	         sP 
     45.00       8.1429     627.09 	         sP 
     50.00       7.7808     666.90 	         sP 
     55.00       7.4098     704.88 	         sP 
     60.00       7.0378     741.00 	         sP 
     65.00       6.6654     775.26 	         sP 
     70.00       6.2920     807.65 	         sP 
     75.00       5.9158     838.17 	         sP 
     80.00       5.5328     866.79 	         sP 
     85.00       5.1381     893.48 	         sP 
     90.00       4.7106     918.12 	         sP 
     95.00       4.5841     941.31 	         sP 
    680.00     680.00 	 sP 	 depth
     20.00      11.0970     396.04 	         sP 
     25.00      10.7868     450.94 	         sP 
     25.00       9.1958     453.87 	         sP 
     30.00       9.0017     499.44 	         sP 
     30.00      10.0426     503.14 	         sP 
     35.00       8.7664     543.79 	         sP 
     40.00       8.4851     586.95 	         sP 
     45.00       8.1469     628.54 	         sP 
     50.00       7.7847     668.38 	         sP 
     55.00       7.4136     706.37 	         sP 
     60.00       7.0413     742.51 	         sP 
     65.00       6.6687     776.78 	         sP 
     70.00       6.2950     809.19 	         sP 
     75.00       5.9187     839.73 	         sP 
     80.00       5.5355     868.37 	         sP 
     85.00       5.1408     895.07 	         sP 
     90.00       4.7119     919.72 	         sP 
     95.00       4.5847     942.92 	         sP 
    690.00     690.00 	 sP 	 depth
     20.00      11.0988     397.27 	         sP 
     25.00      10.7964     452.20 	         sP 
     25.00       9.1973     455.25 	         sP 
     30.00       9.0061     500.83 	         sP 
     30.00      10.0558     504.46 	         sP 
     35.00       8.7692     545.19 	         sP 
     40.00       8.4889     588.37 	         sP 
     45.00       8.1509     629.99 	         sP 
     50.00       7.7887     669.84 	         sP 
     55.00       7.4173     707.86 	         sP 
     60.00       7.0448     744.01 	         sP 
     65.00       6.6720     778.31 	         sP 
     70.00       6.2982     810.73 	         sP 
     75.00       5.9216     841.28 	         sP 
     80.00       5.5383     869.94 	         sP 
     85.00       5.1435     896.65 	         sP 
     90.00       4.7132     921.32 	         sP 
     95.00       4.5853     944.52 	         sP 
    700.00     700.00 	 sP 	 depth
     20.00      11.1005     398.49 	         sP 
     25.00      10.8061     453.45 	         sP 
     25.00       9.1987     456.62 	         sP 
     30.00       9.0104     502.22 	         sP 
     30.00      10.0690     505.77 	         sP 
     35.00       8.7720     546.59 	         sP 
     40.00       8.4927     589.79 	         sP 
     45.00       8.1550     631.42 	         sP 
     50.00       7.7927     671.30 	         sP 
     55.00       7.4211     709.33 	         sP 
     60.00       7.0484     745.51 	         sP 
     65.00       6.6754     779.82 	         sP 
     70.00       6.3013     812.26 	         sP 
     75.00       5.9246     842.83 	         sP 
     80.00       5.5411     871.49 	         sP 
     85.00       5.1463     898.22 	         sP 
     90.00       4.7145     922.90 	         sP 
     95.00       4.5859     946.11 	         sP 
