      0.00       0.00 	 PnS 	 depth
     55.00      13.7509    1045.02 	        PnS 
     60.00      13.7233    1113.72 	        PnS 
     65.00      13.6714    1182.21 	        PnS 
     70.00      13.3411    1250.38 	        PnS 
     70.00      13.5987    1250.39 	        PnS 
     70.00      13.5212    1250.46 	        PnS 
     70.00      13.5381    1250.46 	        PnS 
     70.00      13.5551    1250.46 	        PnS 
     75.00      12.9840    1316.20 	        PnS 
     80.00      12.5454    1379.97 	        PnS 
     85.00      12.1568    1441.72 	        PnS 
     90.00      11.7695    1501.54 	        PnS 
     10.00      10.00 	 PnS 	 depth
     55.00      13.7507    1043.82 	        PnS 
     60.00      13.7225    1112.52 	        PnS 
     65.00      13.6702    1181.01 	        PnS 
     70.00      13.3323    1249.14 	        PnS 
     70.00      13.5975    1249.18 	        PnS 
     70.00      13.5199    1249.24 	        PnS 
     70.00      13.5613    1249.25 	        PnS 
     75.00      12.9760    1314.93 	        PnS 
     80.00      12.5394    1378.66 	        PnS 
     85.00      12.1511    1440.39 	        PnS 
     90.00      11.7642    1500.18 	        PnS 
     20.00      20.00 	 PnS 	 depth
     55.00      13.7504    1042.62 	        PnS 
     60.00      13.7217    1111.31 	        PnS 
     65.00      13.6690    1179.80 	        PnS 
     70.00      13.3240    1247.90 	        PnS 
     70.00      13.5963    1247.96 	        PnS 
     70.00      13.5188    1248.02 	        PnS 
     70.00      13.5403    1248.02 	        PnS 
     75.00      12.9678    1313.66 	        PnS 
     80.00      12.5334    1377.36 	        PnS 
     85.00      12.1453    1439.06 	        PnS 
     90.00      11.7589    1498.82 	        PnS 
     30.00      30.00 	 PnS 	 depth
     55.00      13.7500    1041.71 	        PnS 
     60.00      13.7207    1110.40 	        PnS 
     65.00      13.6675    1178.88 	        PnS 
     70.00      13.3138    1246.94 	        PnS 
     70.00      13.5948    1247.04 	        PnS 
     70.00      13.5175    1247.08 	        PnS 
     70.00      13.5416    1247.09 	        PnS 
     75.00      12.9571    1312.66 	        PnS 
     80.00      12.5258    1376.32 	        PnS 
     85.00      12.1383    1437.98 	        PnS 
     90.00      11.7523    1497.70 	        PnS 
     40.00      40.00 	 PnS 	 depth
     55.00      13.7421    1041.25 	        PnS 
     60.00      13.7144    1109.91 	        PnS 
     65.00      13.6614    1178.35 	        PnS 
     70.00      13.2951    1246.30 	        PnS 
     70.00      13.5904    1246.48 	        PnS 
     70.00      13.5146    1246.50 	        PnS 
     70.00      13.5444    1246.52 	        PnS 
     70.00      13.5301    1246.53 	        PnS 
     75.00      12.9388    1311.96 	        PnS 
     80.00      12.5144    1375.54 	        PnS 
     85.00      12.1282    1437.15 	        PnS 
     90.00      11.7435    1496.82 	        PnS 
     50.00      50.00 	 PnS 	 depth
     60.00      13.7015    1109.84 	        PnS 
     65.00      13.6500    1178.23 	        PnS 
     70.00      13.2705    1245.99 	        PnS 
     70.00      13.5104    1246.28 	        PnS 
     70.00      13.5812    1246.30 	        PnS 
     70.00      13.5483    1246.31 	        PnS 
     75.00      12.9138    1311.54 	        PnS 
     80.00      12.4990    1375.03 	        PnS 
     85.00      12.1152    1436.56 	        PnS 
     90.00      11.7322    1496.18 	        PnS 
     60.00      60.00 	 PnS 	 depth
     60.00      13.6865    1109.78 	        PnS 
     65.00      13.6374    1178.11 	        PnS 
     70.00      13.2485    1245.67 	        PnS 
     75.00      12.8898    1311.12 	        PnS 
     80.00      12.4837    1374.52 	        PnS 
     85.00      12.1021    1435.98 	        PnS 
     90.00      11.7209    1495.53 	        PnS 
     70.00      70.00 	 PnS 	 depth
     60.00      13.6689    1109.75 	        PnS 
     65.00      13.6239    1178.00 	        PnS 
     70.00      13.2284    1245.36 	        PnS 
     75.00      12.8668    1310.70 	        PnS 
     80.00      12.4684    1374.01 	        PnS 
     85.00      12.0890    1435.40 	        PnS 
     90.00      11.7096    1494.89 	        PnS 
     80.00      80.00 	 PnS 	 depth
     60.00      13.6475    1109.73 	        PnS 
     65.00      13.6108    1177.90 	        PnS 
     70.00      13.2094    1245.04 	        PnS 
     75.00      12.8446    1310.27 	        PnS 
     80.00      12.4531    1373.50 	        PnS 
     85.00      12.0759    1434.82 	        PnS 
     90.00      11.6981    1494.25 	        PnS 
     90.00      90.00 	 PnS 	 depth
     65.00      13.5984    1177.82 	        PnS 
     70.00      13.1913    1244.73 	        PnS 
     75.00      12.8230    1309.85 	        PnS 
     80.00      12.4379    1372.99 	        PnS 
     85.00      12.0628    1434.24 	        PnS 
     90.00      11.6865    1493.61 	        PnS 
    100.00     100.00 	 PnS 	 depth
     65.00      13.5849    1177.75 	        PnS 
     70.00      13.1735    1244.42 	        PnS 
     75.00      12.8021    1309.43 	        PnS 
     80.00      12.4226    1372.48 	        PnS 
     85.00      12.0497    1433.66 	        PnS 
     90.00      11.6749    1492.97 	        PnS 
    110.00     110.00 	 PnS 	 depth
     65.00      13.4469    1177.65 	        PnS 
     65.00      13.5123    1177.68 	        PnS 
     65.00      13.5658    1177.69 	        PnS 
     65.00      13.5242    1177.70 	        PnS 
     70.00      13.1550    1244.11 	        PnS 
     75.00      12.7817    1309.01 	        PnS 
     80.00      12.4073    1371.98 	        PnS 
     85.00      12.0366    1433.09 	        PnS 
     90.00      11.6631    1492.34 	        PnS 
    120.00     120.00 	 PnS 	 depth
     65.00      13.4041    1177.46 	        PnS 
     70.00      13.1355    1243.81 	        PnS 
     75.00      12.7619    1308.60 	        PnS 
     80.00      12.3921    1371.47 	        PnS 
     85.00      12.0235    1432.51 	        PnS 
     90.00      11.6513    1491.70 	        PnS 
    130.00     130.00 	 PnS 	 depth
     65.00      13.3702    1177.28 	        PnS 
     70.00      13.1143    1243.51 	        PnS 
     75.00      12.7422    1308.18 	        PnS 
     80.00      12.3767    1370.98 	        PnS 
     85.00      12.0102    1431.95 	        PnS 
     90.00      11.6393    1491.07 	        PnS 
    140.00     140.00 	 PnS 	 depth
     65.00      13.3347    1177.14 	        PnS 
     70.00      13.0903    1243.23 	        PnS 
     75.00      12.7222    1307.78 	        PnS 
     80.00      12.3611    1370.49 	        PnS 
     85.00      11.9968    1431.39 	        PnS 
     90.00      11.6270    1490.45 	        PnS 
    150.00     150.00 	 PnS 	 depth
     65.00      13.2969    1177.02 	        PnS 
     70.00      13.0645    1242.97 	        PnS 
     75.00      12.7018    1307.40 	        PnS 
     80.00      12.3452    1370.02 	        PnS 
     85.00      11.9831    1430.84 	        PnS 
     90.00      11.6145    1489.84 	        PnS 
    160.00     160.00 	 PnS 	 depth
     65.00      13.2552    1176.93 	        PnS 
     70.00      13.0366    1242.73 	        PnS 
     75.00      12.6812    1307.03 	        PnS 
     80.00      12.3290    1369.55 	        PnS 
     85.00      11.9692    1430.30 	        PnS 
     90.00      11.6017    1489.24 	        PnS 
    170.00     170.00 	 PnS 	 depth
     65.00      13.2079    1176.87 	        PnS 
     70.00      13.0058    1242.50 	        PnS 
     75.00      12.6602    1306.67 	        PnS 
     80.00      12.3125    1369.10 	        PnS 
     85.00      11.9550    1429.78 	        PnS 
     90.00      11.5886    1488.65 	        PnS 
    180.00     180.00 	 PnS 	 depth
     70.00      12.9715    1242.29 	        PnS 
     75.00      12.6390    1306.33 	        PnS 
     80.00      12.2956    1368.67 	        PnS 
     85.00      11.9406    1429.26 	        PnS 
     90.00      11.5752    1488.06 	        PnS 
    190.00     190.00 	 PnS 	 depth
     70.00      12.9383    1242.10 	        PnS 
     75.00      12.6164    1306.00 	        PnS 
     80.00      12.2784    1368.24 	        PnS 
     85.00      11.9260    1428.76 	        PnS 
     90.00      11.5616    1487.49 	        PnS 
    200.00     200.00 	 PnS 	 depth
     70.00      12.9018    1241.93 	        PnS 
     75.00      12.5934    1305.68 	        PnS 
     80.00      12.2608    1367.83 	        PnS 
     85.00      11.9111    1428.26 	        PnS 
     90.00      11.5476    1486.93 	        PnS 
    210.00     210.00 	 PnS 	 depth
     70.00      12.8615    1241.78 	        PnS 
     75.00      12.5711    1305.38 	        PnS 
     80.00      12.2429    1367.43 	        PnS 
     85.00      11.8960    1427.78 	        PnS 
     90.00      11.5333    1486.37 	        PnS 
    220.00     220.00 	 PnS 	 depth
     70.00      12.8204    1241.65 	        PnS 
     75.00      12.5468    1305.10 	        PnS 
     80.00      12.2244    1367.04 	        PnS 
     85.00      11.8806    1427.31 	        PnS 
    230.00     230.00 	 PnS 	 depth
     70.00      12.7744    1241.55 	        PnS 
     75.00      12.5214    1304.84 	        PnS 
     80.00      12.2053    1366.67 	        PnS 
     85.00      11.8649    1426.86 	        PnS 
    240.00     240.00 	 PnS 	 depth
     70.00      12.7203    1241.50 	        PnS 
     75.00      12.4944    1304.61 	        PnS 
     80.00      12.1854    1366.32 	        PnS 
     85.00      11.8487    1426.41 	        PnS 
    250.00     250.00 	 PnS 	 depth
     75.00      12.4658    1304.39 	        PnS 
     80.00      12.1648    1365.99 	        PnS 
     85.00      11.8321    1425.99 	        PnS 
    260.00     260.00 	 PnS 	 depth
     75.00      12.4353    1304.20 	        PnS 
     80.00      12.1433    1365.67 	        PnS 
     85.00      11.8151    1425.58 	        PnS 
    270.00     270.00 	 PnS 	 depth
     75.00      12.4007    1304.04 	        PnS 
     80.00      12.1210    1365.38 	        PnS 
     85.00      11.7977    1425.18 	        PnS 
    280.00     280.00 	 PnS 	 depth
     75.00      12.3626    1303.91 	        PnS 
     80.00      12.0975    1365.10 	        PnS 
     85.00      11.7797    1424.80 	        PnS 
    290.00     290.00 	 PnS 	 depth
     75.00      12.3209    1303.81 	        PnS 
     80.00      12.0727    1364.84 	        PnS 
     85.00      11.7612    1424.44 	        PnS 
    300.00     300.00 	 PnS 	 depth
     75.00      12.2719    1303.75 	        PnS 
     80.00      12.0466    1364.61 	        PnS 
     85.00      11.7420    1424.09 	        PnS 
    310.00     310.00 	 PnS 	 depth
     80.00      12.0190    1364.39 	        PnS 
     85.00      11.7221    1423.76 	        PnS 
    320.00     320.00 	 PnS 	 depth
     80.00      11.9889    1364.20 	        PnS 
     85.00      11.7013    1423.45 	        PnS 
    330.00     330.00 	 PnS 	 depth
     80.00      11.9560    1364.03 	        PnS 
     85.00      11.6794    1423.15 	        PnS 
    340.00     340.00 	 PnS 	 depth
     80.00      11.9207    1363.89 	        PnS 
     85.00      11.6562    1422.87 	        PnS 
    350.00     350.00 	 PnS 	 depth
     80.00      11.8826    1363.78 	        PnS 
     85.00      11.6316    1422.61 	        PnS 
    360.00     360.00 	 PnS 	 depth
     80.00      11.8384    1363.70 	        PnS 
     85.00      11.6057    1422.37 	        PnS 
    370.00     370.00 	 PnS 	 depth
     80.00      11.7862    1363.66 	        PnS 
     85.00      11.5783    1422.15 	        PnS 
    380.00     380.00 	 PnS 	 depth
     85.00      11.5485    1421.94 	        PnS 
    390.00     390.00 	 PnS 	 depth
    400.00     400.00 	 PnS 	 depth
    410.00     410.00 	 PnS 	 depth
    420.00     420.00 	 PnS 	 depth
    430.00     430.00 	 PnS 	 depth
    440.00     440.00 	 PnS 	 depth
    450.00     450.00 	 PnS 	 depth
    460.00     460.00 	 PnS 	 depth
    470.00     470.00 	 PnS 	 depth
    480.00     480.00 	 PnS 	 depth
    490.00     490.00 	 PnS 	 depth
    500.00     500.00 	 PnS 	 depth
    510.00     510.00 	 PnS 	 depth
    520.00     520.00 	 PnS 	 depth
    530.00     530.00 	 PnS 	 depth
    540.00     540.00 	 PnS 	 depth
    550.00     550.00 	 PnS 	 depth
    560.00     560.00 	 PnS 	 depth
    570.00     570.00 	 PnS 	 depth
    580.00     580.00 	 PnS 	 depth
    590.00     590.00 	 PnS 	 depth
    600.00     600.00 	 PnS 	 depth
    610.00     610.00 	 PnS 	 depth
    620.00     620.00 	 PnS 	 depth
    630.00     630.00 	 PnS 	 depth
    640.00     640.00 	 PnS 	 depth
    650.00     650.00 	 PnS 	 depth
    660.00     660.00 	 PnS 	 depth
    670.00     670.00 	 PnS 	 depth
    680.00     680.00 	 PnS 	 depth
    690.00     690.00 	 PnS 	 depth
    700.00     700.00 	 PnS 	 depth
