      0.00       0.00 	 PKPbc 	 depth
    145.00       3.2832    1177.62 	      PKPbc 
    150.00       2.5675    1191.98 	      PKPbc 
    155.00       2.1136    1203.64 	      PKPbc 
     10.00      10.00 	 PKPbc 	 depth
    145.00       3.2787    1175.92 	      PKPbc 
    150.00       2.5662    1190.27 	      PKPbc 
    155.00       2.1127    1201.93 	      PKPbc 
     20.00      20.00 	 PKPbc 	 depth
    145.00       3.2742    1174.22 	      PKPbc 
    150.00       2.5650    1188.56 	      PKPbc 
    155.00       2.1118    1200.22 	      PKPbc 
     30.00      30.00 	 PKPbc 	 depth
    145.00       3.2693    1172.71 	      PKPbc 
    150.00       2.5636    1187.04 	      PKPbc 
    155.00       2.1108    1198.69 	      PKPbc 
     40.00      40.00 	 PKPbc 	 depth
    145.00       3.2638    1171.35 	      PKPbc 
    150.00       2.5620    1185.67 	      PKPbc 
    155.00       2.1096    1197.31 	      PKPbc 
     50.00      50.00 	 PKPbc 	 depth
    145.00       3.2579    1170.15 	      PKPbc 
    150.00       2.5603    1184.45 	      PKPbc 
    155.00       2.1083    1196.08 	      PKPbc 
     60.00      60.00 	 PKPbc 	 depth
    145.00       3.2521    1168.94 	      PKPbc 
    150.00       2.5586    1183.22 	      PKPbc 
    155.00       2.1071    1194.85 	      PKPbc 
     70.00      70.00 	 PKPbc 	 depth
    145.00       3.2464    1167.73 	      PKPbc 
    150.00       2.5568    1182.00 	      PKPbc 
    155.00       2.1058    1193.63 	      PKPbc 
     80.00      80.00 	 PKPbc 	 depth
    145.00       3.2408    1166.52 	      PKPbc 
    150.00       2.5551    1180.78 	      PKPbc 
    155.00       2.1045    1192.40 	      PKPbc 
     90.00      90.00 	 PKPbc 	 depth
    145.00       3.2352    1165.32 	      PKPbc 
    150.00       2.5533    1179.56 	      PKPbc 
    155.00       2.1032    1191.17 	      PKPbc 
    100.00     100.00 	 PKPbc 	 depth
    145.00       3.2298    1164.11 	      PKPbc 
    150.00       2.5516    1178.34 	      PKPbc 
    155.00       2.1018    1189.94 	      PKPbc 
    110.00     110.00 	 PKPbc 	 depth
    145.00       3.2245    1162.90 	      PKPbc 
    150.00       2.5498    1177.12 	      PKPbc 
    155.00       2.1005    1188.71 	      PKPbc 
    120.00     120.00 	 PKPbc 	 depth
    145.00       3.2192    1161.70 	      PKPbc 
    150.00       2.5481    1175.90 	      PKPbc 
    155.00       2.0992    1187.49 	      PKPbc 
    130.00     130.00 	 PKPbc 	 depth
    145.00       3.2140    1160.49 	      PKPbc 
    150.00       2.5463    1174.68 	      PKPbc 
    155.00       2.0979    1186.26 	      PKPbc 
    140.00     140.00 	 PKPbc 	 depth
    145.00       3.2089    1159.29 	      PKPbc 
    150.00       2.5446    1173.47 	      PKPbc 
    155.00       2.0965    1185.04 	      PKPbc 
    150.00     150.00 	 PKPbc 	 depth
    145.00       3.2038    1158.10 	      PKPbc 
    150.00       2.5428    1172.26 	      PKPbc 
    155.00       2.0952    1183.83 	      PKPbc 
    160.00     160.00 	 PKPbc 	 depth
    145.00       3.1988    1156.90 	      PKPbc 
    150.00       2.5410    1171.05 	      PKPbc 
    155.00       2.0938    1182.61 	      PKPbc 
    170.00     170.00 	 PKPbc 	 depth
    145.00       3.1938    1155.72 	      PKPbc 
    150.00       2.5392    1169.85 	      PKPbc 
    155.00       2.0925    1181.40 	      PKPbc 
    180.00     180.00 	 PKPbc 	 depth
    145.00       3.1889    1154.53 	      PKPbc 
    150.00       2.5375    1168.66 	      PKPbc 
    155.00       2.0911    1180.20 	      PKPbc 
    190.00     190.00 	 PKPbc 	 depth
    145.00       3.1839    1153.35 	      PKPbc 
    150.00       2.5357    1167.47 	      PKPbc 
    155.00       2.0897    1179.00 	      PKPbc 
    200.00     200.00 	 PKPbc 	 depth
    145.00       3.1791    1152.18 	      PKPbc 
    150.00       2.5338    1166.28 	      PKPbc 
    155.00       2.0883    1177.81 	      PKPbc 
    210.00     210.00 	 PKPbc 	 depth
    145.00       3.1742    1151.01 	      PKPbc 
    150.00       2.5320    1165.09 	      PKPbc 
    155.00       2.0869    1176.61 	      PKPbc 
    220.00     220.00 	 PKPbc 	 depth
    145.00       3.1694    1149.84 	      PKPbc 
    150.00       2.5302    1163.91 	      PKPbc 
    155.00       2.0855    1175.43 	      PKPbc 
    230.00     230.00 	 PKPbc 	 depth
    145.00       3.1647    1148.68 	      PKPbc 
    150.00       2.5284    1162.74 	      PKPbc 
    155.00       2.0840    1174.25 	      PKPbc 
    240.00     240.00 	 PKPbc 	 depth
    145.00       3.1599    1147.53 	      PKPbc 
    150.00       2.5265    1161.57 	      PKPbc 
    155.00       2.0826    1173.07 	      PKPbc 
    250.00     250.00 	 PKPbc 	 depth
    145.00       3.1552    1146.38 	      PKPbc 
    150.00       2.5247    1160.41 	      PKPbc 
    155.00       2.0811    1171.90 	      PKPbc 
    260.00     260.00 	 PKPbc 	 depth
    145.00       3.1505    1145.24 	      PKPbc 
    150.00       2.5228    1159.25 	      PKPbc 
    155.00       2.0797    1170.74 	      PKPbc 
    270.00     270.00 	 PKPbc 	 depth
    145.00       3.1458    1144.10 	      PKPbc 
    150.00       2.5209    1158.10 	      PKPbc 
    155.00       2.0782    1169.58 	      PKPbc 
    280.00     280.00 	 PKPbc 	 depth
    145.00       3.1412    1142.96 	      PKPbc 
    150.00       2.5191    1156.95 	      PKPbc 
    155.00       2.0767    1168.42 	      PKPbc 
    290.00     290.00 	 PKPbc 	 depth
    145.00       3.1365    1141.84 	      PKPbc 
    150.00       2.5172    1155.81 	      PKPbc 
    155.00       2.0752    1167.27 	      PKPbc 
    300.00     300.00 	 PKPbc 	 depth
    145.00       3.1319    1140.71 	      PKPbc 
    150.00       2.5153    1154.67 	      PKPbc 
    155.00       2.0737    1166.13 	      PKPbc 
    310.00     310.00 	 PKPbc 	 depth
    145.00       3.1273    1139.60 	      PKPbc 
    150.00       2.5134    1153.54 	      PKPbc 
    155.00       2.0721    1164.99 	      PKPbc 
    320.00     320.00 	 PKPbc 	 depth
    145.00       3.1228    1138.48 	      PKPbc 
    150.00       2.5114    1152.42 	      PKPbc 
    330.00     330.00 	 PKPbc 	 depth
    145.00       3.1182    1137.37 	      PKPbc 
    150.00       2.5095    1151.29 	      PKPbc 
    340.00     340.00 	 PKPbc 	 depth
    145.00       3.1137    1136.27 	      PKPbc 
    150.00       2.5076    1150.18 	      PKPbc 
    350.00     350.00 	 PKPbc 	 depth
    145.00       3.1091    1135.17 	      PKPbc 
    150.00       2.5056    1149.06 	      PKPbc 
    360.00     360.00 	 PKPbc 	 depth
    145.00       3.1046    1134.08 	      PKPbc 
    150.00       2.5036    1147.96 	      PKPbc 
    370.00     370.00 	 PKPbc 	 depth
    145.00       3.1001    1132.99 	      PKPbc 
    150.00       2.5017    1146.85 	      PKPbc 
    380.00     380.00 	 PKPbc 	 depth
    145.00       3.0956    1131.91 	      PKPbc 
    150.00       2.4997    1145.76 	      PKPbc 
    390.00     390.00 	 PKPbc 	 depth
    145.00       3.0912    1130.83 	      PKPbc 
    150.00       2.4977    1144.66 	      PKPbc 
    400.00     400.00 	 PKPbc 	 depth
    145.00       3.0867    1129.75 	      PKPbc 
    150.00       2.4957    1143.58 	      PKPbc 
    410.00     410.00 	 PKPbc 	 depth
    145.00       3.0823    1128.68 	      PKPbc 
    150.00       2.4937    1142.49 	      PKPbc 
    420.00     420.00 	 PKPbc 	 depth
    145.00       3.0777    1127.66 	      PKPbc 
    150.00       2.4916    1141.45 	      PKPbc 
    430.00     430.00 	 PKPbc 	 depth
    145.00       3.0731    1126.64 	      PKPbc 
    150.00       2.4895    1140.42 	      PKPbc 
    440.00     440.00 	 PKPbc 	 depth
    145.00       3.0685    1125.62 	      PKPbc 
    150.00       2.4874    1139.39 	      PKPbc 
    450.00     450.00 	 PKPbc 	 depth
    145.00       3.0639    1124.61 	      PKPbc 
    150.00       2.4853    1138.36 	      PKPbc 
    460.00     460.00 	 PKPbc 	 depth
    145.00       3.0594    1123.60 	      PKPbc 
    150.00       2.4831    1137.34 	      PKPbc 
    470.00     470.00 	 PKPbc 	 depth
    145.00       3.0549    1122.60 	      PKPbc 
    150.00       2.4810    1136.32 	      PKPbc 
    480.00     480.00 	 PKPbc 	 depth
    145.00       3.0503    1121.60 	      PKPbc 
    150.00       2.4788    1135.30 	      PKPbc 
    490.00     490.00 	 PKPbc 	 depth
    145.00       3.0458    1120.60 	      PKPbc 
    150.00       2.4767    1134.29 	      PKPbc 
    500.00     500.00 	 PKPbc 	 depth
    145.00       3.0413    1119.61 	      PKPbc 
    150.00       2.4745    1133.28 	      PKPbc 
    510.00     510.00 	 PKPbc 	 depth
    145.00       3.0368    1118.62 	      PKPbc 
    150.00       2.4723    1132.28 	      PKPbc 
    520.00     520.00 	 PKPbc 	 depth
    145.00       3.0323    1117.63 	      PKPbc 
    150.00       2.4701    1131.27 	      PKPbc 
    530.00     530.00 	 PKPbc 	 depth
    145.00       3.0279    1116.65 	      PKPbc 
    150.00       2.4679    1130.28 	      PKPbc 
    540.00     540.00 	 PKPbc 	 depth
    145.00       3.0234    1115.67 	      PKPbc 
    150.00       2.4657    1129.28 	      PKPbc 
    550.00     550.00 	 PKPbc 	 depth
    145.00       3.0190    1114.69 	      PKPbc 
    150.00       2.4635    1128.29 	      PKPbc 
    560.00     560.00 	 PKPbc 	 depth
    145.00       3.0145    1113.72 	      PKPbc 
    150.00       2.4613    1127.31 	      PKPbc 
    570.00     570.00 	 PKPbc 	 depth
    145.00       3.0101    1112.76 	      PKPbc 
    150.00       2.4591    1126.33 	      PKPbc 
    580.00     580.00 	 PKPbc 	 depth
    145.00       3.0057    1111.79 	      PKPbc 
    150.00       2.4568    1125.35 	      PKPbc 
    590.00     590.00 	 PKPbc 	 depth
    145.00       3.0012    1110.83 	      PKPbc 
    150.00       2.4546    1124.37 	      PKPbc 
    600.00     600.00 	 PKPbc 	 depth
    145.00       2.9968    1109.87 	      PKPbc 
    150.00       2.4523    1123.40 	      PKPbc 
    610.00     610.00 	 PKPbc 	 depth
    145.00       2.9924    1108.92 	      PKPbc 
    150.00       2.4501    1122.43 	      PKPbc 
    620.00     620.00 	 PKPbc 	 depth
    145.00       2.9880    1107.97 	      PKPbc 
    150.00       2.4478    1121.47 	      PKPbc 
    630.00     630.00 	 PKPbc 	 depth
    145.00       2.9836    1107.03 	      PKPbc 
    150.00       2.4455    1120.50 	      PKPbc 
    640.00     640.00 	 PKPbc 	 depth
    145.00       2.9793    1106.08 	      PKPbc 
    150.00       2.4432    1119.55 	      PKPbc 
    650.00     650.00 	 PKPbc 	 depth
    145.00       2.9749    1105.14 	      PKPbc 
    150.00       2.4409    1118.59 	      PKPbc 
    660.00     660.00 	 PKPbc 	 depth
    145.00       2.9705    1104.21 	      PKPbc 
    150.00       2.4386    1117.64 	      PKPbc 
    670.00     670.00 	 PKPbc 	 depth
    145.00       2.9659    1103.33 	      PKPbc 
    150.00       2.4361    1116.75 	      PKPbc 
    680.00     680.00 	 PKPbc 	 depth
    145.00       2.9612    1102.46 	      PKPbc 
    150.00       2.4336    1115.86 	      PKPbc 
    690.00     690.00 	 PKPbc 	 depth
    145.00       2.9566    1101.59 	      PKPbc 
    150.00       2.4312    1114.97 	      PKPbc 
    700.00     700.00 	 PKPbc 	 depth
    145.00       2.9520    1100.72 	      PKPbc 
    150.00       2.4287    1114.08 	      PKPbc 
