      0.00       0.00 	 PKKPab 	 depth
    105.00      -4.4389    1808.33 	     PKKPab 
    110.00      -4.4324    1786.14 	     PKKPab 
    115.00      -4.4099    1764.03 	     PKKPab 
    120.00      -4.3553    1742.10 	     PKKPab 
    125.00      -4.1426    1720.66 	     PKKPab 
     10.00      10.00 	 PKKPab 	 depth
    105.00      -4.4389    1806.65 	     PKKPab 
    110.00      -4.4325    1784.47 	     PKKPab 
    115.00      -4.4100    1762.35 	     PKKPab 
    120.00      -4.3556    1740.42 	     PKKPab 
    125.00      -4.1469    1718.98 	     PKKPab 
     20.00      20.00 	 PKKPab 	 depth
    105.00      -4.4389    1804.97 	     PKKPab 
    110.00      -4.4326    1782.79 	     PKKPab 
    115.00      -4.4101    1760.67 	     PKKPab 
    120.00      -4.3560    1738.74 	     PKKPab 
    125.00      -4.1509    1717.30 	     PKKPab 
     30.00      30.00 	 PKKPab 	 depth
    105.00      -4.4389    1803.49 	     PKKPab 
    110.00      -4.4326    1781.30 	     PKKPab 
    115.00      -4.4103    1759.19 	     PKKPab 
    120.00      -4.3564    1737.25 	     PKKPab 
    125.00      -4.1550    1715.80 	     PKKPab 
     40.00      40.00 	 PKKPab 	 depth
    105.00      -4.4389    1802.16 	     PKKPab 
    110.00      -4.4327    1779.97 	     PKKPab 
    115.00      -4.4105    1757.85 	     PKKPab 
    120.00      -4.3568    1735.92 	     PKKPab 
    125.00      -4.1593    1714.46 	     PKKPab 
     50.00      50.00 	 PKKPab 	 depth
    105.00      -4.4389    1800.98 	     PKKPab 
    110.00      -4.4328    1778.79 	     PKKPab 
    115.00      -4.4107    1756.68 	     PKKPab 
    120.00      -4.3573    1734.74 	     PKKPab 
    125.00      -4.1637    1713.28 	     PKKPab 
     60.00      60.00 	 PKKPab 	 depth
    105.00      -4.4389    1799.80 	     PKKPab 
    110.00      -4.4329    1777.62 	     PKKPab 
    115.00      -4.4109    1755.50 	     PKKPab 
    120.00      -4.3578    1733.56 	     PKKPab 
    125.00      -4.1679    1712.10 	     PKKPab 
     70.00      70.00 	 PKKPab 	 depth
    105.00      -4.4389    1798.63 	     PKKPab 
    110.00      -4.4329    1776.44 	     PKKPab 
    115.00      -4.4111    1754.32 	     PKKPab 
    120.00      -4.3583    1732.38 	     PKKPab 
    125.00      -4.1718    1710.91 	     PKKPab 
     80.00      80.00 	 PKKPab 	 depth
    105.00      -4.4389    1797.45 	     PKKPab 
    110.00      -4.4330    1775.27 	     PKKPab 
    115.00      -4.4113    1753.15 	     PKKPab 
    120.00      -4.3588    1731.20 	     PKKPab 
    125.00      -4.1755    1709.73 	     PKKPab 
     90.00      90.00 	 PKKPab 	 depth
    105.00      -4.4389    1796.28 	     PKKPab 
    110.00      -4.4331    1774.09 	     PKKPab 
    115.00      -4.4115    1751.97 	     PKKPab 
    120.00      -4.3593    1730.02 	     PKKPab 
    125.00      -4.1790    1708.54 	     PKKPab 
    100.00     100.00 	 PKKPab 	 depth
    105.00      -4.4389    1795.10 	     PKKPab 
    110.00      -4.4332    1772.92 	     PKKPab 
    115.00      -4.4117    1750.79 	     PKKPab 
    120.00      -4.3598    1728.85 	     PKKPab 
    125.00      -4.1823    1707.36 	     PKKPab 
    110.00     110.00 	 PKKPab 	 depth
    105.00      -4.4389    1793.93 	     PKKPab 
    110.00      -4.4332    1771.74 	     PKKPab 
    115.00      -4.4119    1749.62 	     PKKPab 
    120.00      -4.3603    1727.67 	     PKKPab 
    125.00      -4.1855    1706.18 	     PKKPab 
    120.00     120.00 	 PKKPab 	 depth
    105.00      -4.4389    1792.75 	     PKKPab 
    110.00      -4.4333    1770.57 	     PKKPab 
    115.00      -4.4121    1748.44 	     PKKPab 
    120.00      -4.3608    1726.49 	     PKKPab 
    125.00      -4.1886    1705.00 	     PKKPab 
    130.00     130.00 	 PKKPab 	 depth
    110.00      -4.4334    1769.40 	     PKKPab 
    115.00      -4.4123    1747.27 	     PKKPab 
    120.00      -4.3612    1725.32 	     PKKPab 
    125.00      -4.1916    1703.82 	     PKKPab 
    140.00     140.00 	 PKKPab 	 depth
    110.00      -4.4335    1768.23 	     PKKPab 
    115.00      -4.4126    1746.11 	     PKKPab 
    120.00      -4.3617    1724.15 	     PKKPab 
    125.00      -4.1945    1702.64 	     PKKPab 
    150.00     150.00 	 PKKPab 	 depth
    110.00      -4.4335    1767.07 	     PKKPab 
    115.00      -4.4128    1744.94 	     PKKPab 
    120.00      -4.3622    1722.99 	     PKKPab 
    125.00      -4.1973    1701.48 	     PKKPab 
    160.00     160.00 	 PKKPab 	 depth
    110.00      -4.4336    1765.91 	     PKKPab 
    115.00      -4.4130    1743.78 	     PKKPab 
    120.00      -4.3627    1721.83 	     PKKPab 
    125.00      -4.2000    1700.31 	     PKKPab 
    170.00     170.00 	 PKKPab 	 depth
    110.00      -4.4337    1764.76 	     PKKPab 
    115.00      -4.4132    1742.63 	     PKKPab 
    120.00      -4.3632    1720.67 	     PKKPab 
    125.00      -4.2027    1699.15 	     PKKPab 
    180.00     180.00 	 PKKPab 	 depth
    110.00      -4.4338    1763.61 	     PKKPab 
    115.00      -4.4134    1741.48 	     PKKPab 
    120.00      -4.3637    1719.52 	     PKKPab 
    125.00      -4.2053    1697.99 	     PKKPab 
    190.00     190.00 	 PKKPab 	 depth
    110.00      -4.4338    1762.46 	     PKKPab 
    115.00      -4.4136    1740.34 	     PKKPab 
    120.00      -4.3642    1718.38 	     PKKPab 
    125.00      -4.2079    1696.84 	     PKKPab 
    200.00     200.00 	 PKKPab 	 depth
    110.00      -4.4339    1761.33 	     PKKPab 
    115.00      -4.4138    1739.20 	     PKKPab 
    120.00      -4.3647    1717.23 	     PKKPab 
    125.00      -4.2104    1695.70 	     PKKPab 
    210.00     210.00 	 PKKPab 	 depth
    110.00      -4.4340    1760.19 	     PKKPab 
    115.00      -4.4140    1738.06 	     PKKPab 
    120.00      -4.3651    1716.10 	     PKKPab 
    125.00      -4.2128    1694.56 	     PKKPab 
    220.00     220.00 	 PKKPab 	 depth
    110.00      -4.4341    1759.06 	     PKKPab 
    115.00      -4.4142    1736.93 	     PKKPab 
    120.00      -4.3656    1714.97 	     PKKPab 
    125.00      -4.2152    1693.42 	     PKKPab 
    230.00     230.00 	 PKKPab 	 depth
    110.00      -4.4342    1757.94 	     PKKPab 
    115.00      -4.4144    1735.81 	     PKKPab 
    120.00      -4.3661    1713.84 	     PKKPab 
    125.00      -4.2176    1692.29 	     PKKPab 
    240.00     240.00 	 PKKPab 	 depth
    110.00      -4.4342    1756.82 	     PKKPab 
    115.00      -4.4146    1734.69 	     PKKPab 
    120.00      -4.3666    1712.72 	     PKKPab 
    125.00      -4.2199    1691.16 	     PKKPab 
    250.00     250.00 	 PKKPab 	 depth
    110.00      -4.4343    1755.71 	     PKKPab 
    115.00      -4.4148    1733.58 	     PKKPab 
    120.00      -4.3671    1711.61 	     PKKPab 
    125.00      -4.2221    1690.05 	     PKKPab 
    260.00     260.00 	 PKKPab 	 depth
    110.00      -4.4344    1754.60 	     PKKPab 
    115.00      -4.4150    1732.47 	     PKKPab 
    120.00      -4.3676    1710.50 	     PKKPab 
    125.00      -4.2244    1688.93 	     PKKPab 
    270.00     270.00 	 PKKPab 	 depth
    110.00      -4.4345    1753.50 	     PKKPab 
    115.00      -4.4153    1731.37 	     PKKPab 
    120.00      -4.3681    1709.40 	     PKKPab 
    125.00      -4.2266    1687.82 	     PKKPab 
    280.00     280.00 	 PKKPab 	 depth
    110.00      -4.4345    1752.41 	     PKKPab 
    115.00      -4.4155    1730.28 	     PKKPab 
    120.00      -4.3686    1708.30 	     PKKPab 
    125.00      -4.2288    1686.72 	     PKKPab 
    290.00     290.00 	 PKKPab 	 depth
    110.00      -4.4346    1751.32 	     PKKPab 
    115.00      -4.4157    1729.19 	     PKKPab 
    120.00      -4.3691    1707.21 	     PKKPab 
    125.00      -4.2309    1685.63 	     PKKPab 
    300.00     300.00 	 PKKPab 	 depth
    110.00      -4.4347    1750.24 	     PKKPab 
    115.00      -4.4159    1728.10 	     PKKPab 
    120.00      -4.3696    1706.12 	     PKKPab 
    125.00      -4.2330    1684.54 	     PKKPab 
    310.00     310.00 	 PKKPab 	 depth
    110.00      -4.4348    1749.16 	     PKKPab 
    115.00      -4.4161    1727.02 	     PKKPab 
    120.00      -4.3701    1705.04 	     PKKPab 
    125.00      -4.2351    1683.45 	     PKKPab 
    320.00     320.00 	 PKKPab 	 depth
    110.00      -4.4348    1748.09 	     PKKPab 
    115.00      -4.4163    1725.95 	     PKKPab 
    120.00      -4.3706    1703.97 	     PKKPab 
    125.00      -4.2372    1682.37 	     PKKPab 
    330.00     330.00 	 PKKPab 	 depth
    110.00      -4.4349    1747.02 	     PKKPab 
    115.00      -4.4165    1724.88 	     PKKPab 
    120.00      -4.3711    1702.90 	     PKKPab 
    125.00      -4.2392    1681.30 	     PKKPab 
    340.00     340.00 	 PKKPab 	 depth
    110.00      -4.4350    1745.96 	     PKKPab 
    115.00      -4.4167    1723.82 	     PKKPab 
    120.00      -4.3716    1701.83 	     PKKPab 
    125.00      -4.2412    1680.23 	     PKKPab 
    350.00     350.00 	 PKKPab 	 depth
    110.00      -4.4351    1744.90 	     PKKPab 
    115.00      -4.4170    1722.76 	     PKKPab 
    120.00      -4.3721    1700.77 	     PKKPab 
    125.00      -4.2432    1679.16 	     PKKPab 
    360.00     360.00 	 PKKPab 	 depth
    110.00      -4.4351    1743.85 	     PKKPab 
    115.00      -4.4172    1721.71 	     PKKPab 
    120.00      -4.3726    1699.72 	     PKKPab 
    125.00      -4.2452    1678.11 	     PKKPab 
    370.00     370.00 	 PKKPab 	 depth
    110.00      -4.4352    1742.80 	     PKKPab 
    115.00      -4.4174    1720.66 	     PKKPab 
    120.00      -4.3731    1698.67 	     PKKPab 
    125.00      -4.2471    1677.05 	     PKKPab 
    380.00     380.00 	 PKKPab 	 depth
    110.00      -4.4353    1741.76 	     PKKPab 
    115.00      -4.4176    1719.62 	     PKKPab 
    120.00      -4.3736    1697.63 	     PKKPab 
    125.00      -4.2491    1676.01 	     PKKPab 
    390.00     390.00 	 PKKPab 	 depth
    110.00      -4.4353    1740.73 	     PKKPab 
    115.00      -4.4178    1718.59 	     PKKPab 
    120.00      -4.3741    1696.59 	     PKKPab 
    125.00      -4.2510    1674.96 	     PKKPab 
    400.00     400.00 	 PKKPab 	 depth
    110.00      -4.4354    1739.70 	     PKKPab 
    115.00      -4.4180    1717.56 	     PKKPab 
    120.00      -4.3747    1695.56 	     PKKPab 
    125.00      -4.2528    1673.93 	     PKKPab 
    410.00     410.00 	 PKKPab 	 depth
    110.00      -4.4355    1738.67 	     PKKPab 
    115.00      -4.4182    1716.53 	     PKKPab 
    120.00      -4.3752    1694.53 	     PKKPab 
    125.00      -4.2547    1672.89 	     PKKPab 
    420.00     420.00 	 PKKPab 	 depth
    110.00      -4.4356    1737.70 	     PKKPab 
    115.00      -4.4185    1715.55 	     PKKPab 
    120.00      -4.3757    1693.55 	     PKKPab 
    125.00      -4.2566    1671.91 	     PKKPab 
    430.00     430.00 	 PKKPab 	 depth
    110.00      -4.4356    1736.72 	     PKKPab 
    115.00      -4.4187    1714.58 	     PKKPab 
    120.00      -4.3762    1692.58 	     PKKPab 
    125.00      -4.2585    1670.93 	     PKKPab 
    440.00     440.00 	 PKKPab 	 depth
    110.00      -4.4357    1735.76 	     PKKPab 
    115.00      -4.4189    1713.61 	     PKKPab 
    120.00      -4.3768    1691.61 	     PKKPab 
    125.00      -4.2604    1669.95 	     PKKPab 
    450.00     450.00 	 PKKPab 	 depth
    110.00      -4.4358    1734.79 	     PKKPab 
    115.00      -4.4192    1712.65 	     PKKPab 
    120.00      -4.3773    1690.64 	     PKKPab 
    125.00      -4.2622    1668.98 	     PKKPab 
    460.00     460.00 	 PKKPab 	 depth
    110.00      -4.4359    1733.83 	     PKKPab 
    115.00      -4.4194    1711.69 	     PKKPab 
    120.00      -4.3778    1689.68 	     PKKPab 
    125.00      -4.2641    1668.02 	     PKKPab 
    470.00     470.00 	 PKKPab 	 depth
    110.00      -4.4359    1732.88 	     PKKPab 
    115.00      -4.4196    1710.73 	     PKKPab 
    120.00      -4.3784    1688.72 	     PKKPab 
    125.00      -4.2659    1667.05 	     PKKPab 
    480.00     480.00 	 PKKPab 	 depth
    110.00      -4.4360    1731.93 	     PKKPab 
    115.00      -4.4198    1709.78 	     PKKPab 
    120.00      -4.3789    1687.77 	     PKKPab 
    125.00      -4.2677    1666.09 	     PKKPab 
    490.00     490.00 	 PKKPab 	 depth
    110.00      -4.4361    1730.98 	     PKKPab 
    115.00      -4.4201    1708.83 	     PKKPab 
    120.00      -4.3794    1686.82 	     PKKPab 
    125.00      -4.2695    1665.14 	     PKKPab 
    500.00     500.00 	 PKKPab 	 depth
    110.00      -4.4362    1730.04 	     PKKPab 
    115.00      -4.4203    1707.89 	     PKKPab 
    120.00      -4.3800    1685.87 	     PKKPab 
    125.00      -4.2713    1664.19 	     PKKPab 
    510.00     510.00 	 PKKPab 	 depth
    110.00      -4.4362    1729.10 	     PKKPab 
    115.00      -4.4205    1706.95 	     PKKPab 
    120.00      -4.3805    1684.93 	     PKKPab 
    125.00      -4.2730    1663.25 	     PKKPab 
    520.00     520.00 	 PKKPab 	 depth
    110.00      -4.4363    1728.16 	     PKKPab 
    115.00      -4.4207    1706.02 	     PKKPab 
    120.00      -4.3810    1684.00 	     PKKPab 
    125.00      -4.2748    1662.31 	     PKKPab 
    530.00     530.00 	 PKKPab 	 depth
    110.00      -4.4364    1727.24 	     PKKPab 
    115.00      -4.4210    1705.08 	     PKKPab 
    120.00      -4.3816    1683.06 	     PKKPab 
    125.00      -4.2765    1661.37 	     PKKPab 
    540.00     540.00 	 PKKPab 	 depth
    110.00      -4.4364    1726.31 	     PKKPab 
    115.00      -4.4212    1704.16 	     PKKPab 
    120.00      -4.3821    1682.14 	     PKKPab 
    125.00      -4.2782    1660.44 	     PKKPab 
    550.00     550.00 	 PKKPab 	 depth
    110.00      -4.4365    1725.39 	     PKKPab 
    115.00      -4.4214    1703.24 	     PKKPab 
    120.00      -4.3826    1681.21 	     PKKPab 
    125.00      -4.2799    1659.51 	     PKKPab 
    560.00     560.00 	 PKKPab 	 depth
    110.00      -4.4366    1724.47 	     PKKPab 
    115.00      -4.4216    1702.32 	     PKKPab 
    120.00      -4.3832    1680.29 	     PKKPab 
    125.00      -4.2815    1658.58 	     PKKPab 
    570.00     570.00 	 PKKPab 	 depth
    110.00      -4.4367    1723.56 	     PKKPab 
    115.00      -4.4219    1701.41 	     PKKPab 
    120.00      -4.3837    1679.38 	     PKKPab 
    125.00      -4.2832    1657.66 	     PKKPab 
    580.00     580.00 	 PKKPab 	 depth
    110.00      -4.4367    1722.65 	     PKKPab 
    115.00      -4.4221    1700.50 	     PKKPab 
    120.00      -4.3842    1678.47 	     PKKPab 
    125.00      -4.2849    1656.75 	     PKKPab 
    590.00     590.00 	 PKKPab 	 depth
    110.00      -4.4368    1721.75 	     PKKPab 
    115.00      -4.4223    1699.59 	     PKKPab 
    120.00      -4.3848    1677.56 	     PKKPab 
    125.00      -4.2865    1655.84 	     PKKPab 
    600.00     600.00 	 PKKPab 	 depth
    110.00      -4.4369    1720.85 	     PKKPab 
    115.00      -4.4225    1698.69 	     PKKPab 
    120.00      -4.3853    1676.66 	     PKKPab 
    125.00      -4.2881    1654.93 	     PKKPab 
    610.00     610.00 	 PKKPab 	 depth
    110.00      -4.4369    1719.95 	     PKKPab 
    115.00      -4.4228    1697.80 	     PKKPab 
    120.00      -4.3858    1675.76 	     PKKPab 
    125.00      -4.2897    1654.03 	     PKKPab 
    620.00     620.00 	 PKKPab 	 depth
    110.00      -4.4370    1719.06 	     PKKPab 
    115.00      -4.4230    1696.90 	     PKKPab 
    120.00      -4.3864    1674.87 	     PKKPab 
    125.00      -4.2913    1653.13 	     PKKPab 
    630.00     630.00 	 PKKPab 	 depth
    110.00      -4.4371    1718.17 	     PKKPab 
    115.00      -4.4232    1696.01 	     PKKPab 
    120.00      -4.3869    1673.98 	     PKKPab 
    125.00      -4.2929    1652.23 	     PKKPab 
    640.00     640.00 	 PKKPab 	 depth
    110.00      -4.4371    1717.29 	     PKKPab 
    115.00      -4.4234    1695.13 	     PKKPab 
    120.00      -4.3874    1673.09 	     PKKPab 
    125.00      -4.2945    1651.34 	     PKKPab 
    650.00     650.00 	 PKKPab 	 depth
    110.00      -4.4372    1716.41 	     PKKPab 
    115.00      -4.4237    1694.25 	     PKKPab 
    120.00      -4.3880    1672.21 	     PKKPab 
    125.00      -4.2961    1650.46 	     PKKPab 
    660.00     660.00 	 PKKPab 	 depth
    110.00      -4.4373    1715.53 	     PKKPab 
    115.00      -4.4239    1693.37 	     PKKPab 
    120.00      -4.3885    1671.33 	     PKKPab 
    125.00      -4.2976    1649.57 	     PKKPab 
    670.00     670.00 	 PKKPab 	 depth
    110.00      -4.4373    1714.72 	     PKKPab 
    115.00      -4.4241    1692.56 	     PKKPab 
    120.00      -4.3891    1670.52 	     PKKPab 
    125.00      -4.2993    1648.75 	     PKKPab 
    680.00     680.00 	 PKKPab 	 depth
    110.00      -4.4374    1713.91 	     PKKPab 
    115.00      -4.4244    1691.75 	     PKKPab 
    120.00      -4.3896    1669.70 	     PKKPab 
    125.00      -4.3009    1647.94 	     PKKPab 
    690.00     690.00 	 PKKPab 	 depth
    110.00      -4.4374    1713.11 	     PKKPab 
    115.00      -4.4246    1690.95 	     PKKPab 
    120.00      -4.3902    1668.90 	     PKKPab 
    125.00      -4.3025    1647.13 	     PKKPab 
    700.00     700.00 	 PKKPab 	 depth
    110.00      -4.4375    1712.31 	     PKKPab 
    115.00      -4.4249    1690.14 	     PKKPab 
    120.00      -4.3908    1668.09 	     PKKPab 
    125.00      -4.3042    1646.32 	     PKKPab 
