     10.00      10.00 	 pS 	 depth
     20.00      16.6825     510.37 	         pS 
     25.00      15.9010     592.43 	         pS 
     25.00      18.6225     598.16 	         pS 
     25.00      19.0702     598.28 	         pS 
     30.00      15.6737     671.26 	         pS 
     35.00      15.3786     748.96 	         pS 
     40.00      14.9688     824.86 	         pS 
     45.00      14.4913     898.53 	         pS 
     50.00      13.9740     969.71 	         pS 
     55.00      13.4336    1038.23 	         pS 
     60.00      12.8779    1104.02 	         pS 
     65.00      12.3117    1167.00 	         pS 
     70.00      11.7341    1227.12 	         pS 
     75.00      11.1412    1284.31 	         pS 
     80.00      10.5285    1338.49 	         pS 
     85.00       9.8870    1389.54 	         pS 
     90.00       9.2053    1437.29 	         pS 
     95.00       8.6573    1481.69 	         pS 
     20.00      20.00 	 pS 	 depth
     20.00      16.6911     511.22 	         pS 
     25.00      15.9189     593.38 	         pS 
     25.00      16.0042     593.39 	         pS 
     30.00      15.6783     672.25 	         pS 
     35.00      15.3875     749.98 	         pS 
     40.00      14.9790     825.93 	         pS 
     45.00      14.5018     899.66 	         pS 
     50.00      13.9842     970.89 	         pS 
     55.00      13.4433    1039.46 	         pS 
     60.00      12.8871    1105.29 	         pS 
     65.00      12.3204    1168.31 	         pS 
     70.00      11.7423    1228.48 	         pS 
     75.00      11.1490    1285.71 	         pS 
     80.00      10.5360    1339.93 	         pS 
     85.00       9.8943    1391.02 	         pS 
     90.00       9.2123    1438.80 	         pS 
     95.00       8.6595    1483.22 	         pS 
     30.00      30.00 	 pS 	 depth
     20.00      16.7119     511.52 	         pS 
     25.00      16.1138     593.91 	         pS 
     30.00      15.6858     672.85 	         pS 
     35.00      15.4013     750.64 	         pS 
     40.00      14.9940     826.67 	         pS 
     45.00      14.5165     900.46 	         pS 
     50.00      13.9980     971.76 	         pS 
     55.00      13.4559    1040.40 	         pS 
     60.00      12.8989    1106.30 	         pS 
     65.00      12.3312    1169.38 	         pS 
     70.00      11.7523    1229.59 	         pS 
     75.00      11.1584    1286.87 	         pS 
     80.00      10.5449    1341.14 	         pS 
     85.00       9.9028    1392.27 	         pS 
     90.00       9.2206    1440.10 	         pS 
     95.00       8.6621    1484.55 	         pS 
     40.00      40.00 	 pS 	 depth
     55.00      13.4891    1040.99 	         pS 
     60.00      12.9189    1107.01 	         pS 
     65.00      12.3473    1170.18 	         pS 
     70.00      11.7661    1230.47 	         pS 
     75.00      11.1707    1287.82 	         pS 
     80.00      10.5562    1342.14 	         pS 
     85.00       9.9134    1393.33 	         pS 
     90.00       9.2305    1441.21 	         pS 
     95.00       8.6651    1485.69 	         pS 
     50.00      50.00 	 pS 	 depth
     55.00      13.5496    1041.21 	         pS 
     55.00      13.7038    1041.27 	         pS 
     60.00      12.9481    1107.43 	         pS 
     65.00      12.3689    1170.72 	         pS 
     70.00      11.7838    1231.11 	         pS 
     75.00      11.1861    1288.54 	         pS 
     80.00      10.5699    1342.94 	         pS 
     85.00       9.9260    1394.19 	         pS 
     90.00       9.2423    1442.13 	         pS 
     95.00       8.6685    1486.66 	         pS 
     60.00      60.00 	 pS 	 depth
     60.00      12.9791    1107.83 	         pS 
     65.00      12.3912    1171.26 	         pS 
     70.00      11.8019    1231.74 	         pS 
     75.00      11.2016    1289.26 	         pS 
     80.00      10.5837    1343.73 	         pS 
     85.00       9.9387    1395.05 	         pS 
     90.00       9.2542    1443.04 	         pS 
     95.00       8.6718    1487.62 	         pS 
     70.00      70.00 	 pS 	 depth
     60.00      13.0124    1108.22 	         pS 
     65.00      12.4142    1171.78 	         pS 
     70.00      11.8204    1232.37 	         pS 
     75.00      11.2173    1289.97 	         pS 
     80.00      10.5978    1344.51 	         pS 
     85.00       9.9515    1395.90 	         pS 
     90.00       9.2661    1443.96 	         pS 
     95.00       8.6752    1488.58 	         pS 
     80.00      80.00 	 pS 	 depth
     60.00      13.0486    1108.60 	         pS 
     65.00      12.4379    1172.30 	         pS 
     70.00      11.8392    1232.99 	         pS 
     75.00      11.2333    1290.68 	         pS 
     80.00      10.6119    1345.30 	         pS 
     85.00       9.9644    1396.75 	         pS 
     90.00       9.2782    1444.87 	         pS 
     95.00       8.6787    1489.54 	         pS 
     90.00      90.00 	 pS 	 depth
     60.00      13.0887    1108.95 	         pS 
     60.00      13.6223    1109.74 	         pS 
     65.00      12.4625    1172.81 	         pS 
     70.00      11.8585    1233.61 	         pS 
     75.00      11.2495    1291.38 	         pS 
     80.00      10.6263    1346.08 	         pS 
     85.00       9.9774    1397.60 	         pS 
     90.00       9.2903    1445.78 	         pS 
     95.00       8.6822    1490.50 	         pS 
    100.00     100.00 	 pS 	 depth
     60.00      13.1346    1109.29 	         pS 
     60.00      13.5910    1109.77 	         pS 
     65.00      12.4881    1173.30 	         pS 
     70.00      11.8782    1234.22 	         pS 
     75.00      11.2660    1292.08 	         pS 
     80.00      10.6408    1346.85 	         pS 
     85.00       9.9906    1398.44 	         pS 
     90.00       9.3025    1446.69 	         pS 
     95.00       8.6858    1491.46 	         pS 
    110.00     110.00 	 pS 	 depth
     60.00      13.1897    1109.59 	         pS 
     60.00      13.5488    1109.83 	         pS 
     65.00      12.5148    1173.79 	         pS 
     70.00      11.8984    1234.82 	         pS 
     75.00      11.2826    1292.77 	         pS 
     80.00      10.6555    1347.62 	         pS 
     85.00      10.0038    1399.28 	         pS 
     90.00       9.3149    1447.59 	         pS 
     95.00       8.6895    1492.41 	         pS 
    120.00     120.00 	 pS 	 depth
     60.00      13.2645    1109.87 	         pS 
     60.00      13.4909    1109.93 	         pS 
     65.00      12.5426    1174.27 	         pS 
     70.00      11.9190    1235.41 	         pS 
     75.00      11.2996    1293.46 	         pS 
     80.00      10.6704    1348.39 	         pS 
     85.00      10.0172    1400.12 	         pS 
     90.00       9.3273    1448.50 	         pS 
     95.00       8.6934    1493.37 	         pS 
    130.00     130.00 	 pS 	 depth
     65.00      12.5723    1174.72 	         pS 
     70.00      11.9404    1236.00 	         pS 
     75.00      11.3169    1294.14 	         pS 
     80.00      10.6855    1349.15 	         pS 
     85.00      10.0308    1400.95 	         pS 
     90.00       9.3398    1449.39 	         pS 
     95.00       8.6973    1494.32 	         pS 
    100.00       8.3288    1536.99 	         pS 
    140.00     140.00 	 pS 	 depth
     65.00      12.6044    1175.16 	         pS 
     70.00      11.9626    1236.56 	         pS 
     75.00      11.3347    1294.81 	         pS 
     80.00      10.7009    1349.90 	         pS 
     85.00      10.0446    1401.78 	         pS 
     90.00       9.3525    1450.28 	         pS 
     95.00       8.7014    1495.26 	         pS 
    100.00       8.3358    1537.96 	         pS 
    150.00     150.00 	 pS 	 depth
     65.00      12.6399    1175.57 	         pS 
     70.00      11.9860    1237.11 	         pS 
     75.00      11.3531    1295.46 	         pS 
     80.00      10.7167    1350.64 	         pS 
     85.00      10.0586    1402.59 	         pS 
     90.00       9.3654    1451.16 	         pS 
     95.00       8.7057    1496.19 	         pS 
    100.00       8.3428    1538.93 	         pS 
    160.00     160.00 	 pS 	 depth
     65.00      12.6799    1175.95 	         pS 
     70.00      12.0104    1237.65 	         pS 
     75.00      11.3721    1296.10 	         pS 
     80.00      10.7329    1351.37 	         pS 
     85.00      10.0729    1403.39 	         pS 
     90.00       9.3785    1452.04 	         pS 
     95.00       8.7101    1497.12 	         pS 
    100.00       8.3499    1539.88 	         pS 
    170.00     170.00 	 pS 	 depth
     65.00      12.7265    1176.30 	         pS 
     70.00      12.0363    1238.16 	         pS 
     75.00      11.3918    1296.73 	         pS 
     80.00      10.7494    1352.09 	         pS 
     85.00      10.0875    1404.19 	         pS 
     90.00       9.3918    1452.90 	         pS 
     95.00       8.7147    1498.04 	         pS 
    100.00       8.3569    1540.83 	         pS 
    180.00     180.00 	 pS 	 depth
     65.00      12.7849    1176.61 	         pS 
     65.00      13.1505    1176.85 	         pS 
     70.00      12.0637    1238.65 	         pS 
     75.00      11.4122    1297.34 	         pS 
     80.00      10.7663    1352.79 	         pS 
     85.00      10.1023    1404.97 	         pS 
     90.00       9.4053    1453.75 	         pS 
     95.00       8.7196    1498.96 	         pS 
    100.00       8.3640    1541.78 	         pS 
    190.00     190.00 	 pS 	 depth
     65.00      12.8756    1176.86 	         pS 
     65.00      13.0603    1176.89 	         pS 
     70.00      12.0929    1239.13 	         pS 
     75.00      11.4334    1297.94 	         pS 
     80.00      10.7837    1353.48 	         pS 
     85.00      10.1175    1405.75 	         pS 
     90.00       9.4190    1454.60 	         pS 
     95.00       8.7246    1499.87 	         pS 
    100.00       8.3711    1542.71 	         pS 
    200.00     200.00 	 pS 	 depth
     70.00      12.1244    1239.58 	         pS 
     75.00      11.4556    1298.52 	         pS 
     80.00      10.8015    1354.16 	         pS 
     85.00      10.1329    1406.51 	         pS 
     90.00       9.4329    1455.44 	         pS 
     95.00       8.7300    1500.77 	         pS 
    100.00       8.3783    1543.64 	         pS 
    210.00     210.00 	 pS 	 depth
     70.00      12.1587    1240.01 	         pS 
     75.00      11.4787    1299.09 	         pS 
     80.00      10.8199    1354.83 	         pS 
     85.00      10.1488    1407.27 	         pS 
     90.00       9.4470    1456.27 	         pS 
     95.00       8.7356    1501.66 	         pS 
    100.00       8.3855    1544.56 	         pS 
    220.00     220.00 	 pS 	 depth
     70.00      12.1969    1240.41 	         pS 
     75.00      11.5031    1299.63 	         pS 
     80.00      10.8388    1355.49 	         pS 
     85.00      10.1649    1408.01 	         pS 
     90.00       9.4614    1457.09 	         pS 
     95.00       8.7416    1502.55 	         pS 
    100.00       8.3927    1545.48 	         pS 
    230.00     230.00 	 pS 	 depth
     70.00      12.2410    1240.78 	         pS 
     75.00      11.5288    1300.16 	         pS 
     80.00      10.8584    1356.13 	         pS 
     85.00      10.1815    1408.74 	         pS 
     90.00       9.4760    1457.89 	         pS 
     95.00       8.7479    1503.42 	         pS 
    100.00       8.4000    1546.38 	         pS 
    240.00     240.00 	 pS 	 depth
     70.00      12.2944    1241.11 	         pS 
     75.00      11.5562    1300.67 	         pS 
     80.00      10.8787    1356.75 	         pS 
     85.00      10.1986    1409.46 	         pS 
     90.00       9.4909    1458.69 	         pS 
     95.00       8.7548    1504.29 	         pS 
    100.00       8.4073    1547.28 	         pS 
    250.00     250.00 	 pS 	 depth
     70.00      12.3681    1241.39 	         pS 
     70.00      12.6459    1241.50 	         pS 
     75.00      11.5853    1301.16 	         pS 
     80.00      10.8999    1357.36 	         pS 
     85.00      10.2161    1410.16 	         pS 
     90.00       9.5062    1459.48 	         pS 
     95.00       8.7623    1505.15 	         pS 
    100.00       8.4146    1548.17 	         pS 
    260.00     260.00 	 pS 	 depth
     75.00      11.6167    1301.62 	         pS 
     80.00      10.9219    1357.95 	         pS 
     85.00      10.2341    1410.85 	         pS 
     90.00       9.5217    1460.25 	         pS 
     95.00       8.7706    1506.00 	         pS 
    100.00       8.4220    1549.05 	         pS 
    270.00     270.00 	 pS 	 depth
     75.00      11.6507    1302.06 	         pS 
     80.00      10.9449    1358.53 	         pS 
     85.00      10.2527    1411.53 	         pS 
     90.00       9.5375    1461.02 	         pS 
     95.00       8.7799    1506.84 	         pS 
    100.00       8.4295    1549.92 	         pS 
    280.00     280.00 	 pS 	 depth
     75.00      11.6883    1302.47 	         pS 
     80.00      10.9690    1359.09 	         pS 
     85.00      10.2718    1412.19 	         pS 
     90.00       9.5537    1461.77 	         pS 
     95.00       8.7907    1507.67 	         pS 
    100.00       8.4370    1550.78 	         pS 
    290.00     290.00 	 pS 	 depth
     75.00      11.7307    1302.85 	         pS 
     80.00      10.9944    1359.63 	         pS 
     85.00      10.2915    1412.85 	         pS 
     90.00       9.5702    1462.51 	         pS 
     95.00       8.8039    1508.49 	         pS 
    100.00       8.4445    1551.64 	         pS 
    300.00     300.00 	 pS 	 depth
     75.00      11.7804    1303.20 	         pS 
     80.00      11.0212    1360.15 	         pS 
     85.00      10.3120    1413.48 	         pS 
     90.00       9.5871    1463.24 	         pS 
     95.00       8.8205    1509.30 	         pS 
    100.00       8.4521    1552.48 	         pS 
    310.00     310.00 	 pS 	 depth
     75.00      11.8437    1303.50 	         pS 
     75.00      12.2086    1303.73 	         pS 
     80.00      11.0497    1360.65 	         pS 
     85.00      10.3331    1414.10 	         pS 
     90.00       9.6045    1463.96 	         pS 
     95.00       8.8377    1510.10 	         pS 
    100.00       8.4598    1553.32 	         pS 
    320.00     320.00 	 pS 	 depth
     75.00      11.9491    1303.75 	         pS 
     75.00      12.1025    1303.77 	         pS 
     80.00      11.0801    1361.13 	         pS 
     85.00      10.3550    1414.71 	         pS 
     90.00       9.6224    1464.67 	         pS 
     95.00       8.8551    1510.89 	         pS 
    100.00       8.4677    1554.14 	         pS 
    330.00     330.00 	 pS 	 depth
     80.00      11.1128    1361.59 	         pS 
     85.00      10.3778    1415.30 	         pS 
     90.00       9.6408    1465.36 	         pS 
     95.00       8.8726    1511.67 	         pS 
    100.00       8.4756    1554.96 	         pS 
    340.00     340.00 	 pS 	 depth
     80.00      11.1484    1362.02 	         pS 
     85.00      10.4016    1415.88 	         pS 
     90.00       9.6598    1466.04 	         pS 
     95.00       8.8903    1512.45 	         pS 
    100.00       8.4838    1555.77 	         pS 
    350.00     350.00 	 pS 	 depth
     80.00      11.1879    1362.43 	         pS 
     85.00      10.4264    1416.44 	         pS 
     90.00       9.6794    1466.71 	         pS 
     95.00       8.9082    1513.21 	         pS 
    100.00       8.4920    1556.58 	         pS 
    360.00     360.00 	 pS 	 depth
     80.00      11.2324    1362.81 	         pS 
     85.00      10.4525    1416.98 	         pS 
     90.00       9.6997    1467.37 	         pS 
     95.00       8.9263    1513.95 	         pS 
    100.00       8.5005    1557.37 	         pS 
    370.00     370.00 	 pS 	 depth
     80.00      11.2848    1363.15 	         pS 
     85.00      10.4799    1417.51 	         pS 
     90.00       9.7208    1468.01 	         pS 
     95.00       8.9446    1514.69 	         pS 
    100.00       8.5091    1558.15 	         pS 
    380.00     380.00 	 pS 	 depth
     80.00      11.3516    1363.46 	         pS 
     80.00      11.7192    1363.65 	         pS 
     85.00      10.5089    1418.01 	         pS 
     90.00       9.7426    1468.64 	         pS 
     95.00       8.9631    1515.42 	         pS 
    100.00       8.5179    1558.93 	         pS 
    390.00     390.00 	 pS 	 depth
     80.00      11.4684    1363.70 	         pS 
     80.00      11.6017    1363.71 	         pS 
     85.00      10.5398    1418.50 	         pS 
     90.00       9.7652    1469.26 	         pS 
     95.00       8.9819    1516.14 	         pS 
    100.00       8.5269    1559.69 	         pS 
    400.00     400.00 	 pS 	 depth
     85.00      10.5729    1418.96 	         pS 
     90.00       9.7888    1469.86 	         pS 
     95.00       9.0009    1516.84 	         pS 
    100.00       8.5361    1560.45 	         pS 
    410.00     410.00 	 pS 	 depth
     85.00      10.6086    1419.41 	         pS 
     90.00       9.8133    1470.45 	         pS 
     95.00       9.0201    1517.54 	         pS 
    100.00       8.5455    1561.20 	         pS 
    420.00     420.00 	 pS 	 depth
     85.00      10.6656    1419.71 	         pS 
     90.00       9.8428    1470.94 	         pS 
     95.00       9.0417    1518.16 	         pS 
    100.00       8.5559    1561.87 	         pS 
    430.00     430.00 	 pS 	 depth
     85.00      10.7405    1419.97 	         pS 
     85.00      10.9945    1420.06 	         pS 
     90.00       9.8741    1471.42 	         pS 
     95.00       9.0635    1518.76 	         pS 
    100.00       8.5666    1562.54 	         pS 
    440.00     440.00 	 pS 	 depth
     90.00       9.9074    1471.88 	         pS 
     95.00       9.0862    1519.36 	         pS 
    100.00       8.5775    1563.20 	         pS 
    450.00     450.00 	 pS 	 depth
     90.00       9.9430    1472.32 	         pS 
     95.00       9.1097    1519.94 	         pS 
    100.00       8.5878    1563.86 	         pS 
    460.00     460.00 	 pS 	 depth
     90.00       9.9815    1472.74 	         pS 
     95.00       9.1344    1520.51 	         pS 
    100.00       8.5975    1564.50 	         pS 
    470.00     470.00 	 pS 	 depth
     90.00      10.0238    1473.13 	         pS 
     95.00       9.1601    1521.07 	         pS 
    100.00       8.6068    1565.13 	         pS 
    480.00     480.00 	 pS 	 depth
     90.00      10.0711    1473.50 	         pS 
     95.00       9.1873    1521.61 	         pS 
    100.00       8.6156    1565.76 	         pS 
    490.00     490.00 	 pS 	 depth
     90.00      10.1262    1473.84 	         pS 
     90.00      10.6606    1474.33 	         pS 
     95.00       9.2159    1522.14 	         pS 
    100.00       8.6241    1566.37 	         pS 
    500.00     500.00 	 pS 	 depth
     90.00      10.1960    1474.15 	         pS 
     90.00      10.5965    1474.35 	         pS 
     95.00       9.2462    1522.66 	         pS 
    100.00       8.6323    1566.98 	         pS 
    510.00     510.00 	 pS 	 depth
     90.00      10.3078    1474.40 	         pS 
     90.00      10.4869    1474.42 	         pS 
     95.00       9.2782    1523.16 	         pS 
    100.00       8.6403    1567.57 	         pS 
    520.00     520.00 	 pS 	 depth
     95.00       9.3119    1523.64 	         pS 
    100.00       8.6482    1568.16 	         pS 
    530.00     530.00 	 pS 	 depth
     95.00       9.3478    1524.10 	         pS 
    100.00       8.6558    1568.74 	         pS 
    540.00     540.00 	 pS 	 depth
     95.00       9.3863    1524.55 	         pS 
    100.00       8.6633    1569.31 	         pS 
    550.00     550.00 	 pS 	 depth
     95.00       9.4279    1524.98 	         pS 
    100.00       8.6707    1569.87 	         pS 
    560.00     560.00 	 pS 	 depth
     95.00       9.4734    1525.38 	         pS 
    100.00       8.6782    1570.42 	         pS 
    570.00     570.00 	 pS 	 depth
     95.00       9.5243    1525.77 	         pS 
    100.00       8.6862    1570.95 	         pS 
    580.00     580.00 	 pS 	 depth
     95.00       9.5830    1526.12 	         pS 
     95.00      10.1737    1526.59 	         pS 
    100.00       8.6948    1571.48 	         pS 
    590.00     590.00 	 pS 	 depth
     95.00       9.6569    1526.44 	         pS 
     95.00      10.1026    1526.64 	         pS 
    100.00       8.7042    1572.00 	         pS 
    600.00     600.00 	 pS 	 depth
     95.00       9.7791    1526.72 	         pS 
     95.00       9.9776    1526.73 	         pS 
    100.00       8.7145    1572.51 	         pS 
    610.00     610.00 	 pS 	 depth
    100.00       8.7260    1573.00 	         pS 
    620.00     620.00 	 pS 	 depth
    100.00       8.7392    1573.49 	         pS 
    105.00       8.3349    1616.30 	         pS 
    630.00     630.00 	 pS 	 depth
    100.00       8.7548    1573.96 	         pS 
    105.00       8.3518    1616.84 	         pS 
    640.00     640.00 	 pS 	 depth
    100.00       8.7747    1574.42 	         pS 
    105.00       8.3689    1617.37 	         pS 
    650.00     650.00 	 pS 	 depth
    100.00       8.8064    1574.87 	         pS 
    105.00       8.3862    1617.89 	         pS 
    660.00     660.00 	 pS 	 depth
    100.00       8.8599    1575.29 	         pS 
    105.00       8.4037    1618.40 	         pS 
    670.00     670.00 	 pS 	 depth
    100.00       8.9768    1575.52 	         pS 
    100.00       9.1815    1575.57 	         pS 
    105.00       8.4270    1618.77 	         pS 
    680.00     680.00 	 pS 	 depth
    105.00       8.4512    1619.14 	         pS 
    690.00     690.00 	 pS 	 depth
    105.00       8.4766    1619.49 	         pS 
    700.00     700.00 	 pS 	 depth
    105.00       8.5044    1619.82 	         pS 
