     10.00      10.00 	 pPKPab 	 depth
    145.00       3.7087    1179.43 	     pPKPab 
    150.00       4.1276    1199.29 	     pPKPab 
    155.00       4.2766    1220.35 	     pPKPab 
    160.00       4.3578    1241.95 	     pPKPab 
    165.00       4.4040    1263.87 	     pPKPab 
    170.00       4.4285    1285.95 	     pPKPab 
    175.00       4.4382    1308.13 	     pPKPab 
     20.00      20.00 	 pPKPab 	 depth
    145.00       3.7044    1181.12 	     pPKPab 
    150.00       4.1267    1200.98 	     pPKPab 
    155.00       4.2762    1222.03 	     pPKPab 
    160.00       4.3576    1243.63 	     pPKPab 
    165.00       4.4039    1265.54 	     pPKPab 
    170.00       4.4284    1287.63 	     pPKPab 
    175.00       4.4382    1309.80 	     pPKPab 
     30.00      30.00 	 pPKPab 	 depth
    145.00       3.6994    1182.62 	     pPKPab 
    150.00       4.1258    1202.47 	     pPKPab 
    155.00       4.2757    1223.52 	     pPKPab 
    160.00       4.3573    1245.12 	     pPKPab 
    165.00       4.4037    1267.03 	     pPKPab 
    170.00       4.4283    1289.12 	     pPKPab 
    175.00       4.4382    1311.29 	     pPKPab 
     40.00      40.00 	 pPKPab 	 depth
    145.00       3.6936    1183.97 	     pPKPab 
    150.00       4.1247    1203.81 	     pPKPab 
    155.00       4.2751    1224.85 	     pPKPab 
    160.00       4.3569    1246.45 	     pPKPab 
    165.00       4.4035    1268.36 	     pPKPab 
    170.00       4.4282    1290.45 	     pPKPab 
    175.00       4.4381    1312.62 	     pPKPab 
     50.00      50.00 	 pPKPab 	 depth
    145.00       3.6869    1185.17 	     pPKPab 
    150.00       4.1235    1205.00 	     pPKPab 
    155.00       4.2745    1226.03 	     pPKPab 
    160.00       4.3566    1247.63 	     pPKPab 
    165.00       4.4033    1269.54 	     pPKPab 
    170.00       4.4281    1291.63 	     pPKPab 
    175.00       4.4381    1313.80 	     pPKPab 
     60.00      60.00 	 pPKPab 	 depth
    145.00       3.6798    1186.37 	     pPKPab 
    150.00       4.1223    1206.18 	     pPKPab 
    155.00       4.2739    1227.21 	     pPKPab 
    160.00       4.3562    1248.81 	     pPKPab 
    165.00       4.4031    1270.72 	     pPKPab 
    170.00       4.4280    1292.80 	     pPKPab 
    175.00       4.4381    1314.97 	     pPKPab 
     70.00      70.00 	 pPKPab 	 depth
    145.00       3.6724    1187.57 	     pPKPab 
    150.00       4.1211    1207.37 	     pPKPab 
    155.00       4.2732    1228.40 	     pPKPab 
    160.00       4.3558    1249.99 	     pPKPab 
    165.00       4.4029    1271.89 	     pPKPab 
    170.00       4.4279    1293.98 	     pPKPab 
    175.00       4.4381    1316.15 	     pPKPab 
     80.00      80.00 	 pPKPab 	 depth
    145.00       3.6646    1188.76 	     pPKPab 
    150.00       4.1198    1208.55 	     pPKPab 
    155.00       4.2726    1229.58 	     pPKPab 
    160.00       4.3554    1251.17 	     pPKPab 
    165.00       4.4027    1273.07 	     pPKPab 
    170.00       4.4278    1295.16 	     pPKPab 
    175.00       4.4380    1317.33 	     pPKPab 
     90.00      90.00 	 pPKPab 	 depth
    145.00       3.6564    1189.96 	     pPKPab 
    150.00       4.1186    1209.74 	     pPKPab 
    155.00       4.2719    1230.76 	     pPKPab 
    160.00       4.3551    1252.34 	     pPKPab 
    165.00       4.4024    1274.25 	     pPKPab 
    170.00       4.4277    1296.33 	     pPKPab 
    175.00       4.4380    1318.50 	     pPKPab 
    100.00     100.00 	 pPKPab 	 depth
    145.00       3.6476    1191.16 	     pPKPab 
    150.00       4.1173    1210.92 	     pPKPab 
    155.00       4.2712    1231.94 	     pPKPab 
    160.00       4.3547    1253.52 	     pPKPab 
    165.00       4.4022    1275.42 	     pPKPab 
    170.00       4.4276    1297.51 	     pPKPab 
    175.00       4.4380    1319.68 	     pPKPab 
    110.00     110.00 	 pPKPab 	 depth
    145.00       3.6382    1192.35 	     pPKPab 
    150.00       4.1161    1212.11 	     pPKPab 
    155.00       4.2706    1233.12 	     pPKPab 
    160.00       4.3543    1254.70 	     pPKPab 
    165.00       4.4020    1276.60 	     pPKPab 
    170.00       4.4275    1298.68 	     pPKPab 
    175.00       4.4380    1320.85 	     pPKPab 
    120.00     120.00 	 pPKPab 	 depth
    145.00       3.6279    1193.55 	     pPKPab 
    150.00       4.1148    1213.29 	     pPKPab 
    155.00       4.2699    1234.29 	     pPKPab 
    160.00       4.3539    1255.87 	     pPKPab 
    165.00       4.4018    1277.77 	     pPKPab 
    170.00       4.4274    1299.86 	     pPKPab 
    175.00       4.4379    1322.02 	     pPKPab 
    130.00     130.00 	 pPKPab 	 depth
    145.00       3.6166    1194.75 	     pPKPab 
    150.00       4.1135    1214.47 	     pPKPab 
    155.00       4.2692    1235.47 	     pPKPab 
    160.00       4.3535    1257.05 	     pPKPab 
    165.00       4.4016    1278.95 	     pPKPab 
    170.00       4.4273    1301.03 	     pPKPab 
    175.00       4.4379    1323.19 	     pPKPab 
    140.00     140.00 	 pPKPab 	 depth
    145.00       3.6039    1195.94 	     pPKPab 
    150.00       4.1122    1215.65 	     pPKPab 
    155.00       4.2686    1236.64 	     pPKPab 
    160.00       4.3531    1258.22 	     pPKPab 
    165.00       4.4013    1280.11 	     pPKPab 
    170.00       4.4272    1302.19 	     pPKPab 
    175.00       4.4379    1324.36 	     pPKPab 
    150.00     150.00 	 pPKPab 	 depth
    145.00       3.5891    1197.12 	     pPKPab 
    150.00       4.1109    1216.82 	     pPKPab 
    155.00       4.2679    1237.81 	     pPKPab 
    160.00       4.3527    1259.38 	     pPKPab 
    165.00       4.4011    1281.28 	     pPKPab 
    170.00       4.4271    1303.36 	     pPKPab 
    175.00       4.4378    1325.52 	     pPKPab 
    160.00     160.00 	 pPKPab 	 depth
    145.00       3.5709    1198.30 	     pPKPab 
    150.00       4.1096    1217.99 	     pPKPab 
    155.00       4.2672    1238.97 	     pPKPab 
    160.00       4.3523    1260.54 	     pPKPab 
    165.00       4.4009    1282.44 	     pPKPab 
    170.00       4.4270    1304.51 	     pPKPab 
    175.00       4.4378    1326.68 	     pPKPab 
    170.00     170.00 	 pPKPab 	 depth
    145.00       3.5447    1199.48 	     pPKPab 
    150.00       4.1082    1219.15 	     pPKPab 
    155.00       4.2665    1240.13 	     pPKPab 
    160.00       4.3519    1261.70 	     pPKPab 
    165.00       4.4006    1283.59 	     pPKPab 
    170.00       4.4268    1305.67 	     pPKPab 
    175.00       4.4378    1327.83 	     pPKPab 
    180.00     180.00 	 pPKPab 	 depth
    150.00       4.1069    1220.31 	     pPKPab 
    155.00       4.2658    1241.28 	     pPKPab 
    160.00       4.3515    1262.85 	     pPKPab 
    165.00       4.4004    1284.74 	     pPKPab 
    170.00       4.4267    1306.81 	     pPKPab 
    175.00       4.4377    1328.98 	     pPKPab 
    190.00     190.00 	 pPKPab 	 depth
    150.00       4.1055    1221.46 	     pPKPab 
    155.00       4.2650    1242.43 	     pPKPab 
    160.00       4.3511    1263.99 	     pPKPab 
    165.00       4.4002    1285.88 	     pPKPab 
    170.00       4.4266    1307.96 	     pPKPab 
    175.00       4.4377    1330.12 	     pPKPab 
    200.00     200.00 	 pPKPab 	 depth
    150.00       4.1041    1222.61 	     pPKPab 
    155.00       4.2643    1243.58 	     pPKPab 
    160.00       4.3507    1265.14 	     pPKPab 
    165.00       4.3999    1287.02 	     pPKPab 
    170.00       4.4265    1309.10 	     pPKPab 
    175.00       4.4377    1331.26 	     pPKPab 
    210.00     210.00 	 pPKPab 	 depth
    150.00       4.1027    1223.76 	     pPKPab 
    155.00       4.2636    1244.72 	     pPKPab 
    160.00       4.3502    1266.27 	     pPKPab 
    165.00       4.3997    1288.16 	     pPKPab 
    170.00       4.4264    1310.23 	     pPKPab 
    175.00       4.4376    1332.40 	     pPKPab 
    220.00     220.00 	 pPKPab 	 depth
    150.00       4.1013    1224.90 	     pPKPab 
    155.00       4.2628    1245.85 	     pPKPab 
    160.00       4.3498    1267.41 	     pPKPab 
    165.00       4.3994    1289.29 	     pPKPab 
    170.00       4.4262    1311.36 	     pPKPab 
    175.00       4.4376    1333.53 	     pPKPab 
    230.00     230.00 	 pPKPab 	 depth
    150.00       4.0998    1226.03 	     pPKPab 
    155.00       4.2621    1246.98 	     pPKPab 
    160.00       4.3494    1268.53 	     pPKPab 
    165.00       4.3992    1290.41 	     pPKPab 
    170.00       4.4261    1312.49 	     pPKPab 
    175.00       4.4376    1334.65 	     pPKPab 
    240.00     240.00 	 pPKPab 	 depth
    150.00       4.0983    1227.16 	     pPKPab 
    155.00       4.2613    1248.11 	     pPKPab 
    160.00       4.3489    1269.65 	     pPKPab 
    165.00       4.3989    1291.53 	     pPKPab 
    170.00       4.4260    1313.60 	     pPKPab 
    175.00       4.4375    1335.77 	     pPKPab 
    250.00     250.00 	 pPKPab 	 depth
    150.00       4.0969    1228.28 	     pPKPab 
    155.00       4.2606    1249.22 	     pPKPab 
    160.00       4.3485    1270.77 	     pPKPab 
    165.00       4.3987    1292.65 	     pPKPab 
    170.00       4.4259    1314.72 	     pPKPab 
    175.00       4.4375    1336.88 	     pPKPab 
    260.00     260.00 	 pPKPab 	 depth
    150.00       4.0954    1229.40 	     pPKPab 
    155.00       4.2598    1250.34 	     pPKPab 
    160.00       4.3480    1271.88 	     pPKPab 
    165.00       4.3984    1293.75 	     pPKPab 
    170.00       4.4257    1315.82 	     pPKPab 
    175.00       4.4375    1337.98 	     pPKPab 
    270.00     270.00 	 pPKPab 	 depth
    150.00       4.0938    1230.51 	     pPKPab 
    155.00       4.2590    1251.44 	     pPKPab 
    160.00       4.3476    1272.98 	     pPKPab 
    165.00       4.3982    1294.86 	     pPKPab 
    170.00       4.4256    1316.92 	     pPKPab 
    175.00       4.4374    1339.09 	     pPKPab 
    280.00     280.00 	 pPKPab 	 depth
    150.00       4.0923    1231.62 	     pPKPab 
    155.00       4.2582    1252.54 	     pPKPab 
    160.00       4.3471    1274.08 	     pPKPab 
    165.00       4.3979    1295.95 	     pPKPab 
    170.00       4.4255    1318.02 	     pPKPab 
    175.00       4.4374    1340.18 	     pPKPab 
    290.00     290.00 	 pPKPab 	 depth
    150.00       4.0907    1232.72 	     pPKPab 
    155.00       4.2574    1253.64 	     pPKPab 
    160.00       4.3466    1275.17 	     pPKPab 
    165.00       4.3976    1297.04 	     pPKPab 
    170.00       4.4253    1319.11 	     pPKPab 
    175.00       4.4373    1341.27 	     pPKPab 
    300.00     300.00 	 pPKPab 	 depth
    150.00       4.0891    1233.81 	     pPKPab 
    155.00       4.2566    1254.73 	     pPKPab 
    160.00       4.3461    1276.26 	     pPKPab 
    165.00       4.3974    1298.13 	     pPKPab 
    170.00       4.4252    1320.19 	     pPKPab 
    175.00       4.4373    1342.35 	     pPKPab 
    310.00     310.00 	 pPKPab 	 depth
    150.00       4.0875    1234.90 	     pPKPab 
    155.00       4.2557    1255.81 	     pPKPab 
    160.00       4.3457    1277.34 	     pPKPab 
    165.00       4.3971    1299.21 	     pPKPab 
    170.00       4.4251    1321.27 	     pPKPab 
    175.00       4.4373    1343.43 	     pPKPab 
    320.00     320.00 	 pPKPab 	 depth
    150.00       4.0859    1235.99 	     pPKPab 
    155.00       4.2549    1256.89 	     pPKPab 
    160.00       4.3452    1278.41 	     pPKPab 
    165.00       4.3968    1300.28 	     pPKPab 
    170.00       4.4249    1322.34 	     pPKPab 
    175.00       4.4372    1344.50 	     pPKPab 
    330.00     330.00 	 pPKPab 	 depth
    150.00       4.0842    1237.07 	     pPKPab 
    155.00       4.2541    1257.96 	     pPKPab 
    160.00       4.3447    1279.48 	     pPKPab 
    165.00       4.3965    1301.35 	     pPKPab 
    170.00       4.4248    1323.41 	     pPKPab 
    175.00       4.4372    1345.57 	     pPKPab 
    340.00     340.00 	 pPKPab 	 depth
    150.00       4.0826    1238.14 	     pPKPab 
    155.00       4.2532    1259.03 	     pPKPab 
    160.00       4.3442    1280.55 	     pPKPab 
    165.00       4.3962    1302.41 	     pPKPab 
    170.00       4.4246    1324.47 	     pPKPab 
    175.00       4.4371    1346.63 	     pPKPab 
    350.00     350.00 	 pPKPab 	 depth
    150.00       4.0809    1239.21 	     pPKPab 
    155.00       4.2523    1260.10 	     pPKPab 
    160.00       4.3437    1281.61 	     pPKPab 
    165.00       4.3959    1303.47 	     pPKPab 
    170.00       4.4245    1325.53 	     pPKPab 
    175.00       4.4371    1347.69 	     pPKPab 
    360.00     360.00 	 pPKPab 	 depth
    150.00       4.0791    1240.28 	     pPKPab 
    155.00       4.2515    1261.15 	     pPKPab 
    160.00       4.3432    1282.66 	     pPKPab 
    165.00       4.3956    1304.52 	     pPKPab 
    170.00       4.4243    1326.58 	     pPKPab 
    175.00       4.4370    1348.74 	     pPKPab 
    370.00     370.00 	 pPKPab 	 depth
    150.00       4.0774    1241.34 	     pPKPab 
    155.00       4.2506    1262.21 	     pPKPab 
    160.00       4.3427    1283.71 	     pPKPab 
    165.00       4.3954    1305.57 	     pPKPab 
    170.00       4.4242    1327.63 	     pPKPab 
    175.00       4.4370    1349.78 	     pPKPab 
    380.00     380.00 	 pPKPab 	 depth
    150.00       4.0756    1242.39 	     pPKPab 
    155.00       4.2497    1263.25 	     pPKPab 
    160.00       4.3421    1284.76 	     pPKPab 
    165.00       4.3950    1306.61 	     pPKPab 
    170.00       4.4240    1328.67 	     pPKPab 
    175.00       4.4369    1350.82 	     pPKPab 
    390.00     390.00 	 pPKPab 	 depth
    150.00       4.0738    1243.44 	     pPKPab 
    155.00       4.2487    1264.30 	     pPKPab 
    160.00       4.3416    1285.79 	     pPKPab 
    165.00       4.3947    1307.65 	     pPKPab 
    170.00       4.4239    1329.70 	     pPKPab 
    175.00       4.4369    1351.86 	     pPKPab 
    400.00     400.00 	 pPKPab 	 depth
    150.00       4.0720    1244.48 	     pPKPab 
    155.00       4.2478    1265.33 	     pPKPab 
    160.00       4.3411    1286.83 	     pPKPab 
    165.00       4.3944    1308.68 	     pPKPab 
    170.00       4.4237    1330.73 	     pPKPab 
    175.00       4.4368    1352.89 	     pPKPab 
    410.00     410.00 	 pPKPab 	 depth
    150.00       4.0702    1245.52 	     pPKPab 
    155.00       4.2469    1266.37 	     pPKPab 
    160.00       4.3405    1287.86 	     pPKPab 
    165.00       4.3941    1309.71 	     pPKPab 
    170.00       4.4235    1331.76 	     pPKPab 
    175.00       4.4368    1353.91 	     pPKPab 
    420.00     420.00 	 pPKPab 	 depth
    150.00       4.0682    1246.51 	     pPKPab 
    155.00       4.2459    1267.35 	     pPKPab 
    160.00       4.3400    1288.84 	     pPKPab 
    165.00       4.3938    1310.68 	     pPKPab 
    170.00       4.4234    1332.74 	     pPKPab 
    175.00       4.4367    1354.89 	     pPKPab 
    430.00     430.00 	 pPKPab 	 depth
    150.00       4.0662    1247.50 	     pPKPab 
    155.00       4.2449    1268.33 	     pPKPab 
    160.00       4.3394    1289.81 	     pPKPab 
    165.00       4.3935    1311.66 	     pPKPab 
    170.00       4.4232    1333.71 	     pPKPab 
    175.00       4.4366    1355.86 	     pPKPab 
    440.00     440.00 	 pPKPab 	 depth
    150.00       4.0642    1248.48 	     pPKPab 
    155.00       4.2439    1269.31 	     pPKPab 
    160.00       4.3388    1290.79 	     pPKPab 
    165.00       4.3931    1312.63 	     pPKPab 
    170.00       4.4230    1334.68 	     pPKPab 
    175.00       4.4366    1356.83 	     pPKPab 
    450.00     450.00 	 pPKPab 	 depth
    150.00       4.0622    1249.46 	     pPKPab 
    155.00       4.2429    1270.28 	     pPKPab 
    160.00       4.3382    1291.76 	     pPKPab 
    165.00       4.3928    1313.60 	     pPKPab 
    170.00       4.4228    1335.64 	     pPKPab 
    175.00       4.4365    1357.80 	     pPKPab 
    460.00     460.00 	 pPKPab 	 depth
    150.00       4.0601    1250.44 	     pPKPab 
    155.00       4.2418    1271.25 	     pPKPab 
    160.00       4.3376    1292.72 	     pPKPab 
    165.00       4.3924    1314.56 	     pPKPab 
    170.00       4.4227    1336.60 	     pPKPab 
    175.00       4.4365    1358.76 	     pPKPab 
    470.00     470.00 	 pPKPab 	 depth
    150.00       4.0580    1251.41 	     pPKPab 
    155.00       4.2408    1272.21 	     pPKPab 
    160.00       4.3370    1293.68 	     pPKPab 
    165.00       4.3921    1315.51 	     pPKPab 
    170.00       4.4225    1337.56 	     pPKPab 
    175.00       4.4364    1359.71 	     pPKPab 
    480.00     480.00 	 pPKPab 	 depth
    150.00       4.0559    1252.37 	     pPKPab 
    155.00       4.2397    1273.17 	     pPKPab 
    160.00       4.3364    1294.63 	     pPKPab 
    165.00       4.3917    1316.47 	     pPKPab 
    170.00       4.4223    1338.51 	     pPKPab 
    175.00       4.4363    1360.66 	     pPKPab 
    490.00     490.00 	 pPKPab 	 depth
    150.00       4.0538    1253.34 	     pPKPab 
    155.00       4.2386    1274.13 	     pPKPab 
    160.00       4.3357    1295.58 	     pPKPab 
    165.00       4.3914    1317.42 	     pPKPab 
    170.00       4.4221    1339.46 	     pPKPab 
    175.00       4.4363    1361.61 	     pPKPab 
    500.00     500.00 	 pPKPab 	 depth
    150.00       4.0516    1254.30 	     pPKPab 
    155.00       4.2376    1275.08 	     pPKPab 
    160.00       4.3351    1296.53 	     pPKPab 
    165.00       4.3910    1318.36 	     pPKPab 
    170.00       4.4219    1340.40 	     pPKPab 
    175.00       4.4362    1362.55 	     pPKPab 
    510.00     510.00 	 pPKPab 	 depth
    150.00       4.0493    1255.25 	     pPKPab 
    155.00       4.2364    1276.02 	     pPKPab 
    160.00       4.3345    1297.47 	     pPKPab 
    165.00       4.3906    1319.30 	     pPKPab 
    170.00       4.4217    1341.34 	     pPKPab 
    175.00       4.4361    1363.49 	     pPKPab 
    520.00     520.00 	 pPKPab 	 depth
    150.00       4.0471    1256.20 	     pPKPab 
    155.00       4.2353    1276.97 	     pPKPab 
    160.00       4.3338    1298.41 	     pPKPab 
    165.00       4.3902    1320.24 	     pPKPab 
    170.00       4.4215    1342.27 	     pPKPab 
    175.00       4.4361    1364.42 	     pPKPab 
    530.00     530.00 	 pPKPab 	 depth
    150.00       4.0448    1257.15 	     pPKPab 
    155.00       4.2342    1277.90 	     pPKPab 
    160.00       4.3332    1299.35 	     pPKPab 
    165.00       4.3899    1321.17 	     pPKPab 
    170.00       4.4213    1343.20 	     pPKPab 
    175.00       4.4360    1365.35 	     pPKPab 
    540.00     540.00 	 pPKPab 	 depth
    150.00       4.0425    1258.09 	     pPKPab 
    155.00       4.2331    1278.84 	     pPKPab 
    160.00       4.3325    1300.28 	     pPKPab 
    165.00       4.3895    1322.09 	     pPKPab 
    170.00       4.4211    1344.13 	     pPKPab 
    175.00       4.4359    1366.28 	     pPKPab 
    550.00     550.00 	 pPKPab 	 depth
    150.00       4.0401    1259.03 	     pPKPab 
    155.00       4.2319    1279.77 	     pPKPab 
    160.00       4.3318    1301.20 	     pPKPab 
    165.00       4.3891    1323.02 	     pPKPab 
    170.00       4.4209    1345.05 	     pPKPab 
    175.00       4.4358    1367.20 	     pPKPab 
    560.00     560.00 	 pPKPab 	 depth
    150.00       4.0377    1259.96 	     pPKPab 
    155.00       4.2307    1280.69 	     pPKPab 
    160.00       4.3311    1302.12 	     pPKPab 
    165.00       4.3887    1323.94 	     pPKPab 
    170.00       4.4207    1345.97 	     pPKPab 
    175.00       4.4357    1368.11 	     pPKPab 
    570.00     570.00 	 pPKPab 	 depth
    150.00       4.0353    1260.89 	     pPKPab 
    155.00       4.2295    1281.62 	     pPKPab 
    160.00       4.3305    1303.04 	     pPKPab 
    165.00       4.3883    1324.85 	     pPKPab 
    170.00       4.4205    1346.88 	     pPKPab 
    175.00       4.4357    1369.03 	     pPKPab 
    580.00     580.00 	 pPKPab 	 depth
    150.00       4.0328    1261.82 	     pPKPab 
    155.00       4.2283    1282.53 	     pPKPab 
    160.00       4.3298    1303.95 	     pPKPab 
    165.00       4.3879    1325.76 	     pPKPab 
    170.00       4.4203    1347.79 	     pPKPab 
    175.00       4.4356    1369.94 	     pPKPab 
    590.00     590.00 	 pPKPab 	 depth
    150.00       4.0303    1262.74 	     pPKPab 
    155.00       4.2271    1283.45 	     pPKPab 
    160.00       4.3290    1304.86 	     pPKPab 
    165.00       4.3875    1326.67 	     pPKPab 
    170.00       4.4200    1348.70 	     pPKPab 
    175.00       4.4355    1370.84 	     pPKPab 
    600.00     600.00 	 pPKPab 	 depth
    150.00       4.0278    1263.66 	     pPKPab 
    155.00       4.2259    1284.36 	     pPKPab 
    160.00       4.3283    1305.77 	     pPKPab 
    165.00       4.3870    1327.57 	     pPKPab 
    170.00       4.4198    1349.60 	     pPKPab 
    175.00       4.4354    1371.74 	     pPKPab 
    610.00     610.00 	 pPKPab 	 depth
    150.00       4.0252    1264.58 	     pPKPab 
    155.00       4.2246    1285.26 	     pPKPab 
    160.00       4.3276    1306.67 	     pPKPab 
    165.00       4.3866    1328.47 	     pPKPab 
    170.00       4.4196    1350.49 	     pPKPab 
    175.00       4.4353    1372.64 	     pPKPab 
    620.00     620.00 	 pPKPab 	 depth
    150.00       4.0226    1265.49 	     pPKPab 
    155.00       4.2234    1286.17 	     pPKPab 
    160.00       4.3269    1307.57 	     pPKPab 
    165.00       4.3862    1329.36 	     pPKPab 
    170.00       4.4194    1351.39 	     pPKPab 
    175.00       4.4352    1373.53 	     pPKPab 
    630.00     630.00 	 pPKPab 	 depth
    150.00       4.0200    1266.39 	     pPKPab 
    155.00       4.2221    1287.06 	     pPKPab 
    160.00       4.3261    1308.46 	     pPKPab 
    165.00       4.3858    1330.25 	     pPKPab 
    170.00       4.4191    1352.27 	     pPKPab 
    175.00       4.4352    1374.42 	     pPKPab 
    640.00     640.00 	 pPKPab 	 depth
    150.00       4.0173    1267.30 	     pPKPab 
    155.00       4.2208    1287.96 	     pPKPab 
    160.00       4.3254    1309.35 	     pPKPab 
    165.00       4.3853    1331.14 	     pPKPab 
    170.00       4.4189    1353.16 	     pPKPab 
    175.00       4.4351    1375.30 	     pPKPab 
    650.00     650.00 	 pPKPab 	 depth
    150.00       4.0145    1268.20 	     pPKPab 
    155.00       4.2195    1288.85 	     pPKPab 
    160.00       4.3246    1310.23 	     pPKPab 
    165.00       4.3849    1332.02 	     pPKPab 
    170.00       4.4187    1354.04 	     pPKPab 
    175.00       4.4350    1376.18 	     pPKPab 
    660.00     660.00 	 pPKPab 	 depth
    150.00       4.0117    1269.09 	     pPKPab 
    155.00       4.2181    1289.74 	     pPKPab 
    160.00       4.3238    1311.12 	     pPKPab 
    165.00       4.3844    1332.90 	     pPKPab 
    170.00       4.4184    1354.92 	     pPKPab 
    175.00       4.4349    1377.06 	     pPKPab 
    670.00     670.00 	 pPKPab 	 depth
    150.00       4.0087    1269.93 	     pPKPab 
    155.00       4.2167    1290.56 	     pPKPab 
    160.00       4.3230    1311.93 	     pPKPab 
    165.00       4.3839    1333.71 	     pPKPab 
    170.00       4.4182    1355.73 	     pPKPab 
    175.00       4.4348    1377.87 	     pPKPab 
    680.00     680.00 	 pPKPab 	 depth
    150.00       4.0056    1270.76 	     pPKPab 
    155.00       4.2152    1291.38 	     pPKPab 
    160.00       4.3221    1312.75 	     pPKPab 
    165.00       4.3834    1334.53 	     pPKPab 
    170.00       4.4179    1356.54 	     pPKPab 
    175.00       4.4347    1378.68 	     pPKPab 
    690.00     690.00 	 pPKPab 	 depth
    150.00       4.0025    1271.59 	     pPKPab 
    155.00       4.2137    1292.20 	     pPKPab 
    160.00       4.3213    1313.56 	     pPKPab 
    165.00       4.3829    1335.33 	     pPKPab 
    170.00       4.4176    1357.34 	     pPKPab 
    175.00       4.4345    1379.48 	     pPKPab 
    700.00     700.00 	 pPKPab 	 depth
    150.00       3.9993    1272.41 	     pPKPab 
    155.00       4.2122    1293.01 	     pPKPab 
    160.00       4.3204    1314.37 	     pPKPab 
    165.00       4.3824    1336.14 	     pPKPab 
    170.00       4.4173    1358.15 	     pPKPab 
    175.00       4.4344    1380.28 	     pPKPab 
