     10.00      10.00 	 pPdiff 	 depth
    100.00       4.4389     828.44 	     pPdiff 
    105.00       4.4389     850.64 	     pPdiff 
    110.00       4.4389     872.83 	     pPdiff 
    115.00       4.4389     895.03 	     pPdiff 
    120.00       4.4389     917.22 	     pPdiff 
    125.00       4.4389     939.42 	     pPdiff 
    130.00       4.4389     961.61 	     pPdiff 
    135.00       4.4389     983.81 	     pPdiff 
    140.00       4.4389    1006.00 	     pPdiff 
     20.00      20.00 	 pPdiff 	 depth
    100.00       4.4389     830.12 	     pPdiff 
    105.00       4.4389     852.31 	     pPdiff 
    110.00       4.4389     874.51 	     pPdiff 
    115.00       4.4389     896.70 	     pPdiff 
    120.00       4.4389     918.90 	     pPdiff 
    125.00       4.4389     941.09 	     pPdiff 
    130.00       4.4389     963.29 	     pPdiff 
    135.00       4.4389     985.48 	     pPdiff 
    140.00       4.4389    1007.68 	     pPdiff 
     30.00      30.00 	 pPdiff 	 depth
    100.00       4.4389     831.61 	     pPdiff 
    105.00       4.4389     853.80 	     pPdiff 
    110.00       4.4389     875.99 	     pPdiff 
    115.00       4.4389     898.19 	     pPdiff 
    120.00       4.4389     920.38 	     pPdiff 
    125.00       4.4389     942.58 	     pPdiff 
    130.00       4.4389     964.77 	     pPdiff 
    135.00       4.4389     986.97 	     pPdiff 
    140.00       4.4389    1009.16 	     pPdiff 
     40.00      40.00 	 pPdiff 	 depth
    100.00       4.4389     832.94 	     pPdiff 
    105.00       4.4389     855.13 	     pPdiff 
    110.00       4.4389     877.33 	     pPdiff 
    115.00       4.4389     899.52 	     pPdiff 
    120.00       4.4389     921.72 	     pPdiff 
    125.00       4.4389     943.91 	     pPdiff 
    130.00       4.4389     966.10 	     pPdiff 
    135.00       4.4389     988.30 	     pPdiff 
    140.00       4.4389    1010.49 	     pPdiff 
     50.00      50.00 	 pPdiff 	 depth
    100.00       4.4389     834.11 	     pPdiff 
    105.00       4.4389     856.31 	     pPdiff 
    110.00       4.4389     878.50 	     pPdiff 
    115.00       4.4389     900.70 	     pPdiff 
    120.00       4.4389     922.89 	     pPdiff 
    125.00       4.4389     945.09 	     pPdiff 
    130.00       4.4389     967.28 	     pPdiff 
    135.00       4.4389     989.48 	     pPdiff 
    140.00       4.4389    1011.67 	     pPdiff 
     60.00      60.00 	 pPdiff 	 depth
    100.00       4.4389     835.29 	     pPdiff 
    105.00       4.4389     857.48 	     pPdiff 
    110.00       4.4389     879.68 	     pPdiff 
    115.00       4.4389     901.87 	     pPdiff 
    120.00       4.4389     924.07 	     pPdiff 
    125.00       4.4389     946.26 	     pPdiff 
    130.00       4.4389     968.46 	     pPdiff 
    135.00       4.4389     990.65 	     pPdiff 
    140.00       4.4389    1012.85 	     pPdiff 
     70.00      70.00 	 pPdiff 	 depth
    100.00       4.4389     836.47 	     pPdiff 
    105.00       4.4389     858.66 	     pPdiff 
    110.00       4.4389     880.86 	     pPdiff 
    115.00       4.4389     903.05 	     pPdiff 
    120.00       4.4389     925.24 	     pPdiff 
    125.00       4.4389     947.44 	     pPdiff 
    130.00       4.4389     969.63 	     pPdiff 
    135.00       4.4389     991.83 	     pPdiff 
    140.00       4.4389    1014.02 	     pPdiff 
     80.00      80.00 	 pPdiff 	 depth
    100.00       4.4389     837.64 	     pPdiff 
    105.00       4.4389     859.84 	     pPdiff 
    110.00       4.4389     882.03 	     pPdiff 
    115.00       4.4389     904.23 	     pPdiff 
    120.00       4.4389     926.42 	     pPdiff 
    125.00       4.4389     948.61 	     pPdiff 
    130.00       4.4389     970.81 	     pPdiff 
    135.00       4.4389     993.00 	     pPdiff 
    140.00       4.4389    1015.20 	     pPdiff 
     90.00      90.00 	 pPdiff 	 depth
    100.00       4.4389     838.82 	     pPdiff 
    105.00       4.4389     861.01 	     pPdiff 
    110.00       4.4389     883.21 	     pPdiff 
    115.00       4.4389     905.40 	     pPdiff 
    120.00       4.4389     927.60 	     pPdiff 
    125.00       4.4389     949.79 	     pPdiff 
    130.00       4.4389     971.98 	     pPdiff 
    135.00       4.4389     994.18 	     pPdiff 
    140.00       4.4389    1016.37 	     pPdiff 
    100.00     100.00 	 pPdiff 	 depth
    100.00       4.4389     839.99 	     pPdiff 
    105.00       4.4389     862.19 	     pPdiff 
    110.00       4.4389     884.38 	     pPdiff 
    115.00       4.4389     906.58 	     pPdiff 
    120.00       4.4389     928.77 	     pPdiff 
    125.00       4.4389     950.96 	     pPdiff 
    130.00       4.4389     973.16 	     pPdiff 
    135.00       4.4389     995.35 	     pPdiff 
    140.00       4.4389    1017.55 	     pPdiff 
    110.00     110.00 	 pPdiff 	 depth
    100.00       4.4389     841.17 	     pPdiff 
    105.00       4.4389     863.36 	     pPdiff 
    110.00       4.4389     885.56 	     pPdiff 
    115.00       4.4389     907.75 	     pPdiff 
    120.00       4.4389     929.94 	     pPdiff 
    125.00       4.4389     952.14 	     pPdiff 
    130.00       4.4389     974.33 	     pPdiff 
    135.00       4.4389     996.53 	     pPdiff 
    140.00       4.4389    1018.72 	     pPdiff 
    120.00     120.00 	 pPdiff 	 depth
    100.00       4.4389     842.34 	     pPdiff 
    105.00       4.4389     864.53 	     pPdiff 
    110.00       4.4389     886.73 	     pPdiff 
    115.00       4.4389     908.92 	     pPdiff 
    120.00       4.4389     931.12 	     pPdiff 
    125.00       4.4389     953.31 	     pPdiff 
    130.00       4.4389     975.51 	     pPdiff 
    135.00       4.4389     997.70 	     pPdiff 
    140.00       4.4389    1019.90 	     pPdiff 
    130.00     130.00 	 pPdiff 	 depth
    100.00       4.4389     843.51 	     pPdiff 
    105.00       4.4389     865.71 	     pPdiff 
    110.00       4.4389     887.90 	     pPdiff 
    115.00       4.4389     910.09 	     pPdiff 
    120.00       4.4389     932.29 	     pPdiff 
    125.00       4.4389     954.48 	     pPdiff 
    130.00       4.4389     976.68 	     pPdiff 
    135.00       4.4389     998.87 	     pPdiff 
    140.00       4.4389    1021.07 	     pPdiff 
    140.00     140.00 	 pPdiff 	 depth
    100.00       4.4389     844.68 	     pPdiff 
    105.00       4.4389     866.87 	     pPdiff 
    110.00       4.4389     889.07 	     pPdiff 
    115.00       4.4389     911.26 	     pPdiff 
    120.00       4.4389     933.46 	     pPdiff 
    125.00       4.4389     955.65 	     pPdiff 
    130.00       4.4389     977.85 	     pPdiff 
    135.00       4.4389    1000.04 	     pPdiff 
    140.00       4.4389    1022.23 	     pPdiff 
    150.00     150.00 	 pPdiff 	 depth
    100.00       4.4389     845.84 	     pPdiff 
    105.00       4.4389     868.03 	     pPdiff 
    110.00       4.4389     890.23 	     pPdiff 
    115.00       4.4389     912.42 	     pPdiff 
    120.00       4.4389     934.62 	     pPdiff 
    125.00       4.4389     956.81 	     pPdiff 
    130.00       4.4389     979.01 	     pPdiff 
    135.00       4.4389    1001.20 	     pPdiff 
    140.00       4.4389    1023.40 	     pPdiff 
    160.00     160.00 	 pPdiff 	 depth
    100.00       4.4389     847.00 	     pPdiff 
    105.00       4.4389     869.19 	     pPdiff 
    110.00       4.4389     891.39 	     pPdiff 
    115.00       4.4389     913.58 	     pPdiff 
    120.00       4.4389     935.78 	     pPdiff 
    125.00       4.4389     957.97 	     pPdiff 
    130.00       4.4389     980.16 	     pPdiff 
    135.00       4.4389    1002.36 	     pPdiff 
    140.00       4.4389    1024.55 	     pPdiff 
    170.00     170.00 	 pPdiff 	 depth
    100.00       4.4389     848.15 	     pPdiff 
    105.00       4.4389     870.34 	     pPdiff 
    110.00       4.4389     892.54 	     pPdiff 
    115.00       4.4389     914.73 	     pPdiff 
    120.00       4.4389     936.93 	     pPdiff 
    125.00       4.4389     959.12 	     pPdiff 
    130.00       4.4389     981.32 	     pPdiff 
    135.00       4.4389    1003.51 	     pPdiff 
    140.00       4.4389    1025.71 	     pPdiff 
    180.00     180.00 	 pPdiff 	 depth
    100.00       4.4389     849.30 	     pPdiff 
    105.00       4.4389     871.49 	     pPdiff 
    110.00       4.4389     893.69 	     pPdiff 
    115.00       4.4389     915.88 	     pPdiff 
    120.00       4.4389     938.08 	     pPdiff 
    125.00       4.4389     960.27 	     pPdiff 
    130.00       4.4389     982.47 	     pPdiff 
    135.00       4.4389    1004.66 	     pPdiff 
    140.00       4.4389    1026.85 	     pPdiff 
    190.00     190.00 	 pPdiff 	 depth
    100.00       4.4389     850.44 	     pPdiff 
    105.00       4.4389     872.64 	     pPdiff 
    110.00       4.4389     894.83 	     pPdiff 
    115.00       4.4389     917.02 	     pPdiff 
    120.00       4.4389     939.22 	     pPdiff 
    125.00       4.4389     961.41 	     pPdiff 
    130.00       4.4389     983.61 	     pPdiff 
    135.00       4.4389    1005.80 	     pPdiff 
    140.00       4.4389    1028.00 	     pPdiff 
    200.00     200.00 	 pPdiff 	 depth
    100.00       4.4389     851.58 	     pPdiff 
    105.00       4.4389     873.77 	     pPdiff 
    110.00       4.4389     895.97 	     pPdiff 
    115.00       4.4389     918.16 	     pPdiff 
    120.00       4.4389     940.36 	     pPdiff 
    125.00       4.4389     962.55 	     pPdiff 
    130.00       4.4389     984.75 	     pPdiff 
    135.00       4.4389    1006.94 	     pPdiff 
    140.00       4.4389    1029.14 	     pPdiff 
    210.00     210.00 	 pPdiff 	 depth
    100.00       4.4389     852.71 	     pPdiff 
    105.00       4.4389     874.91 	     pPdiff 
    110.00       4.4389     897.10 	     pPdiff 
    115.00       4.4389     919.30 	     pPdiff 
    120.00       4.4389     941.49 	     pPdiff 
    125.00       4.4389     963.69 	     pPdiff 
    130.00       4.4389     985.88 	     pPdiff 
    135.00       4.4389    1008.08 	     pPdiff 
    140.00       4.4389    1030.27 	     pPdiff 
    220.00     220.00 	 pPdiff 	 depth
    100.00       4.4389     853.84 	     pPdiff 
    105.00       4.4389     876.04 	     pPdiff 
    110.00       4.4389     898.23 	     pPdiff 
    115.00       4.4389     920.43 	     pPdiff 
    120.00       4.4389     942.62 	     pPdiff 
    125.00       4.4389     964.82 	     pPdiff 
    130.00       4.4389     987.01 	     pPdiff 
    135.00       4.4389    1009.21 	     pPdiff 
    140.00       4.4389    1031.40 	     pPdiff 
    230.00     230.00 	 pPdiff 	 depth
    100.00       4.4389     854.97 	     pPdiff 
    105.00       4.4389     877.16 	     pPdiff 
    110.00       4.4389     899.36 	     pPdiff 
    115.00       4.4389     921.55 	     pPdiff 
    120.00       4.4389     943.74 	     pPdiff 
    125.00       4.4389     965.94 	     pPdiff 
    130.00       4.4389     988.13 	     pPdiff 
    135.00       4.4389    1010.33 	     pPdiff 
    140.00       4.4389    1032.52 	     pPdiff 
    240.00     240.00 	 pPdiff 	 depth
    100.00       4.4389     856.08 	     pPdiff 
    105.00       4.4389     878.28 	     pPdiff 
    110.00       4.4389     900.47 	     pPdiff 
    115.00       4.4389     922.67 	     pPdiff 
    120.00       4.4389     944.86 	     pPdiff 
    125.00       4.4389     967.06 	     pPdiff 
    130.00       4.4389     989.25 	     pPdiff 
    135.00       4.4389    1011.45 	     pPdiff 
    140.00       4.4389    1033.64 	     pPdiff 
    250.00     250.00 	 pPdiff 	 depth
    100.00       4.4389     857.19 	     pPdiff 
    105.00       4.4389     879.39 	     pPdiff 
    110.00       4.4389     901.58 	     pPdiff 
    115.00       4.4389     923.78 	     pPdiff 
    120.00       4.4389     945.97 	     pPdiff 
    125.00       4.4389     968.17 	     pPdiff 
    130.00       4.4389     990.36 	     pPdiff 
    135.00       4.4389    1012.56 	     pPdiff 
    140.00       4.4389    1034.75 	     pPdiff 
    260.00     260.00 	 pPdiff 	 depth
    100.00       4.4389     858.30 	     pPdiff 
    105.00       4.4389     880.50 	     pPdiff 
    110.00       4.4389     902.69 	     pPdiff 
    115.00       4.4389     924.88 	     pPdiff 
    120.00       4.4389     947.08 	     pPdiff 
    125.00       4.4389     969.27 	     pPdiff 
    130.00       4.4389     991.47 	     pPdiff 
    135.00       4.4389    1013.66 	     pPdiff 
    140.00       4.4389    1035.86 	     pPdiff 
    270.00     270.00 	 pPdiff 	 depth
    100.00       4.4389     859.40 	     pPdiff 
    105.00       4.4389     881.60 	     pPdiff 
    110.00       4.4389     903.79 	     pPdiff 
    115.00       4.4389     925.98 	     pPdiff 
    120.00       4.4389     948.18 	     pPdiff 
    125.00       4.4389     970.37 	     pPdiff 
    130.00       4.4389     992.57 	     pPdiff 
    135.00       4.4389    1014.76 	     pPdiff 
    140.00       4.4389    1036.96 	     pPdiff 
    280.00     280.00 	 pPdiff 	 depth
    100.00       4.4389     860.50 	     pPdiff 
    105.00       4.4389     882.69 	     pPdiff 
    110.00       4.4389     904.88 	     pPdiff 
    115.00       4.4389     927.08 	     pPdiff 
    120.00       4.4389     949.27 	     pPdiff 
    125.00       4.4389     971.47 	     pPdiff 
    130.00       4.4389     993.66 	     pPdiff 
    135.00       4.4389    1015.86 	     pPdiff 
    140.00       4.4389    1038.05 	     pPdiff 
    290.00     290.00 	 pPdiff 	 depth
    100.00       4.4389     861.58 	     pPdiff 
    105.00       4.4389     883.78 	     pPdiff 
    110.00       4.4389     905.97 	     pPdiff 
    115.00       4.4389     928.17 	     pPdiff 
    120.00       4.4389     950.36 	     pPdiff 
    125.00       4.4389     972.56 	     pPdiff 
    130.00       4.4389     994.75 	     pPdiff 
    135.00       4.4389    1016.95 	     pPdiff 
    140.00       4.4389    1039.14 	     pPdiff 
    300.00     300.00 	 pPdiff 	 depth
    100.00       4.4389     862.67 	     pPdiff 
    105.00       4.4389     884.86 	     pPdiff 
    110.00       4.4389     907.06 	     pPdiff 
    115.00       4.4389     929.25 	     pPdiff 
    120.00       4.4389     951.45 	     pPdiff 
    125.00       4.4389     973.64 	     pPdiff 
    130.00       4.4389     995.84 	     pPdiff 
    135.00       4.4389    1018.03 	     pPdiff 
    140.00       4.4389    1040.22 	     pPdiff 
    310.00     310.00 	 pPdiff 	 depth
    100.00       4.4389     863.75 	     pPdiff 
    105.00       4.4389     885.94 	     pPdiff 
    110.00       4.4389     908.13 	     pPdiff 
    115.00       4.4389     930.33 	     pPdiff 
    120.00       4.4389     952.52 	     pPdiff 
    125.00       4.4389     974.72 	     pPdiff 
    130.00       4.4389     996.91 	     pPdiff 
    135.00       4.4389    1019.11 	     pPdiff 
    140.00       4.4389    1041.30 	     pPdiff 
    320.00     320.00 	 pPdiff 	 depth
    100.00       4.4389     864.82 	     pPdiff 
    105.00       4.4389     887.01 	     pPdiff 
    110.00       4.4389     909.21 	     pPdiff 
    115.00       4.4389     931.40 	     pPdiff 
    120.00       4.4389     953.60 	     pPdiff 
    125.00       4.4389     975.79 	     pPdiff 
    130.00       4.4389     997.99 	     pPdiff 
    135.00       4.4389    1020.18 	     pPdiff 
    140.00       4.4389    1042.37 	     pPdiff 
    330.00     330.00 	 pPdiff 	 depth
    100.00       4.4389     865.89 	     pPdiff 
    105.00       4.4389     888.08 	     pPdiff 
    110.00       4.4389     910.27 	     pPdiff 
    115.00       4.4389     932.47 	     pPdiff 
    120.00       4.4389     954.66 	     pPdiff 
    125.00       4.4389     976.86 	     pPdiff 
    130.00       4.4389     999.05 	     pPdiff 
    135.00       4.4389    1021.25 	     pPdiff 
    140.00       4.4389    1043.44 	     pPdiff 
    340.00     340.00 	 pPdiff 	 depth
    100.00       4.4389     866.95 	     pPdiff 
    105.00       4.4389     889.14 	     pPdiff 
    110.00       4.4389     911.34 	     pPdiff 
    115.00       4.4389     933.53 	     pPdiff 
    120.00       4.4389     955.72 	     pPdiff 
    125.00       4.4389     977.92 	     pPdiff 
    130.00       4.4389    1000.11 	     pPdiff 
    135.00       4.4389    1022.31 	     pPdiff 
    140.00       4.4389    1044.50 	     pPdiff 
    350.00     350.00 	 pPdiff 	 depth
    100.00       4.4389     868.00 	     pPdiff 
    105.00       4.4389     890.20 	     pPdiff 
    110.00       4.4389     912.39 	     pPdiff 
    115.00       4.4389     934.59 	     pPdiff 
    120.00       4.4389     956.78 	     pPdiff 
    125.00       4.4389     978.98 	     pPdiff 
    130.00       4.4389    1001.17 	     pPdiff 
    135.00       4.4389    1023.36 	     pPdiff 
    140.00       4.4389    1045.56 	     pPdiff 
    360.00     360.00 	 pPdiff 	 depth
    100.00       4.4389     869.05 	     pPdiff 
    105.00       4.4389     891.25 	     pPdiff 
    110.00       4.4389     913.44 	     pPdiff 
    115.00       4.4389     935.64 	     pPdiff 
    120.00       4.4389     957.83 	     pPdiff 
    125.00       4.4389     980.03 	     pPdiff 
    130.00       4.4389    1002.22 	     pPdiff 
    135.00       4.4389    1024.42 	     pPdiff 
    140.00       4.4389    1046.61 	     pPdiff 
    370.00     370.00 	 pPdiff 	 depth
    100.00       4.4389     870.10 	     pPdiff 
    105.00       4.4389     892.29 	     pPdiff 
    110.00       4.4389     914.49 	     pPdiff 
    115.00       4.4389     936.68 	     pPdiff 
    120.00       4.4389     958.88 	     pPdiff 
    125.00       4.4389     981.07 	     pPdiff 
    130.00       4.4389    1003.27 	     pPdiff 
    135.00       4.4389    1025.46 	     pPdiff 
    140.00       4.4389    1047.66 	     pPdiff 
    380.00     380.00 	 pPdiff 	 depth
    100.00       4.4389     871.14 	     pPdiff 
    105.00       4.4389     893.33 	     pPdiff 
    110.00       4.4389     915.53 	     pPdiff 
    115.00       4.4389     937.72 	     pPdiff 
    120.00       4.4389     959.92 	     pPdiff 
    125.00       4.4389     982.11 	     pPdiff 
    130.00       4.4389    1004.31 	     pPdiff 
    135.00       4.4389    1026.50 	     pPdiff 
    140.00       4.4389    1048.70 	     pPdiff 
    390.00     390.00 	 pPdiff 	 depth
    100.00       4.4389     872.17 	     pPdiff 
    105.00       4.4389     894.37 	     pPdiff 
    110.00       4.4389     916.56 	     pPdiff 
    115.00       4.4389     938.76 	     pPdiff 
    120.00       4.4389     960.95 	     pPdiff 
    125.00       4.4389     983.15 	     pPdiff 
    130.00       4.4389    1005.34 	     pPdiff 
    135.00       4.4389    1027.54 	     pPdiff 
    140.00       4.4389    1049.73 	     pPdiff 
    400.00     400.00 	 pPdiff 	 depth
    100.00       4.4389     873.20 	     pPdiff 
    105.00       4.4389     895.40 	     pPdiff 
    110.00       4.4389     917.59 	     pPdiff 
    115.00       4.4389     939.79 	     pPdiff 
    120.00       4.4389     961.98 	     pPdiff 
    125.00       4.4389     984.18 	     pPdiff 
    130.00       4.4389    1006.37 	     pPdiff 
    135.00       4.4389    1028.57 	     pPdiff 
    140.00       4.4389    1050.76 	     pPdiff 
    410.00     410.00 	 pPdiff 	 depth
    100.00       4.4389     874.23 	     pPdiff 
    105.00       4.4389     896.42 	     pPdiff 
    110.00       4.4389     918.62 	     pPdiff 
    115.00       4.4389     940.81 	     pPdiff 
    120.00       4.4389     963.01 	     pPdiff 
    125.00       4.4389     985.20 	     pPdiff 
    130.00       4.4389    1007.40 	     pPdiff 
    135.00       4.4389    1029.59 	     pPdiff 
    140.00       4.4389    1051.79 	     pPdiff 
    420.00     420.00 	 pPdiff 	 depth
    100.00       4.4389     875.21 	     pPdiff 
    105.00       4.4389     897.40 	     pPdiff 
    110.00       4.4389     919.59 	     pPdiff 
    115.00       4.4389     941.79 	     pPdiff 
    120.00       4.4389     963.98 	     pPdiff 
    125.00       4.4389     986.18 	     pPdiff 
    130.00       4.4389    1008.37 	     pPdiff 
    135.00       4.4389    1030.57 	     pPdiff 
    140.00       4.4389    1052.76 	     pPdiff 
    430.00     430.00 	 pPdiff 	 depth
    100.00       4.4389     876.18 	     pPdiff 
    105.00       4.4389     898.37 	     pPdiff 
    110.00       4.4389     920.57 	     pPdiff 
    115.00       4.4389     942.76 	     pPdiff 
    120.00       4.4389     964.96 	     pPdiff 
    125.00       4.4389     987.15 	     pPdiff 
    130.00       4.4389    1009.35 	     pPdiff 
    135.00       4.4389    1031.54 	     pPdiff 
    140.00       4.4389    1053.74 	     pPdiff 
    440.00     440.00 	 pPdiff 	 depth
    100.00       4.4389     877.15 	     pPdiff 
    105.00       4.4389     899.34 	     pPdiff 
    110.00       4.4389     921.54 	     pPdiff 
    115.00       4.4389     943.73 	     pPdiff 
    120.00       4.4389     965.93 	     pPdiff 
    125.00       4.4389     988.12 	     pPdiff 
    130.00       4.4389    1010.31 	     pPdiff 
    135.00       4.4389    1032.51 	     pPdiff 
    140.00       4.4389    1054.70 	     pPdiff 
    450.00     450.00 	 pPdiff 	 depth
    100.00       4.4389     878.11 	     pPdiff 
    105.00       4.4389     900.31 	     pPdiff 
    110.00       4.4389     922.50 	     pPdiff 
    115.00       4.4389     944.69 	     pPdiff 
    120.00       4.4389     966.89 	     pPdiff 
    125.00       4.4389     989.08 	     pPdiff 
    130.00       4.4389    1011.28 	     pPdiff 
    135.00       4.4389    1033.47 	     pPdiff 
    140.00       4.4389    1055.67 	     pPdiff 
    460.00     460.00 	 pPdiff 	 depth
    100.00       4.4389     879.07 	     pPdiff 
    105.00       4.4389     901.26 	     pPdiff 
    110.00       4.4389     923.46 	     pPdiff 
    115.00       4.4389     945.65 	     pPdiff 
    120.00       4.4389     967.85 	     pPdiff 
    125.00       4.4389     990.04 	     pPdiff 
    130.00       4.4389    1012.24 	     pPdiff 
    135.00       4.4389    1034.43 	     pPdiff 
    140.00       4.4389    1056.63 	     pPdiff 
    470.00     470.00 	 pPdiff 	 depth
    105.00       4.4389     902.22 	     pPdiff 
    110.00       4.4389     924.41 	     pPdiff 
    115.00       4.4389     946.61 	     pPdiff 
    120.00       4.4389     968.80 	     pPdiff 
    125.00       4.4389     991.00 	     pPdiff 
    130.00       4.4389    1013.19 	     pPdiff 
    135.00       4.4389    1035.39 	     pPdiff 
    140.00       4.4389    1057.58 	     pPdiff 
    480.00     480.00 	 pPdiff 	 depth
    105.00       4.4389     903.17 	     pPdiff 
    110.00       4.4389     925.37 	     pPdiff 
    115.00       4.4389     947.56 	     pPdiff 
    120.00       4.4389     969.75 	     pPdiff 
    125.00       4.4389     991.95 	     pPdiff 
    130.00       4.4389    1014.14 	     pPdiff 
    135.00       4.4389    1036.34 	     pPdiff 
    140.00       4.4389    1058.53 	     pPdiff 
    490.00     490.00 	 pPdiff 	 depth
    105.00       4.4389     904.12 	     pPdiff 
    110.00       4.4389     926.31 	     pPdiff 
    115.00       4.4389     948.51 	     pPdiff 
    120.00       4.4389     970.70 	     pPdiff 
    125.00       4.4389     992.90 	     pPdiff 
    130.00       4.4389    1015.09 	     pPdiff 
    135.00       4.4389    1037.28 	     pPdiff 
    140.00       4.4389    1059.48 	     pPdiff 
    500.00     500.00 	 pPdiff 	 depth
    105.00       4.4389     905.06 	     pPdiff 
    110.00       4.4389     927.25 	     pPdiff 
    115.00       4.4389     949.45 	     pPdiff 
    120.00       4.4389     971.64 	     pPdiff 
    125.00       4.4389     993.84 	     pPdiff 
    130.00       4.4389    1016.03 	     pPdiff 
    135.00       4.4389    1038.23 	     pPdiff 
    140.00       4.4389    1060.42 	     pPdiff 
    510.00     510.00 	 pPdiff 	 depth
    105.00       4.4389     906.00 	     pPdiff 
    110.00       4.4389     928.19 	     pPdiff 
    115.00       4.4389     950.39 	     pPdiff 
    120.00       4.4389     972.58 	     pPdiff 
    125.00       4.4389     994.78 	     pPdiff 
    130.00       4.4389    1016.97 	     pPdiff 
    135.00       4.4389    1039.16 	     pPdiff 
    140.00       4.4389    1061.36 	     pPdiff 
    520.00     520.00 	 pPdiff 	 depth
    105.00       4.4389     906.93 	     pPdiff 
    110.00       4.4389     929.13 	     pPdiff 
    115.00       4.4389     951.32 	     pPdiff 
    120.00       4.4389     973.51 	     pPdiff 
    125.00       4.4389     995.71 	     pPdiff 
    130.00       4.4389    1017.90 	     pPdiff 
    135.00       4.4389    1040.10 	     pPdiff 
    140.00       4.4389    1062.29 	     pPdiff 
    530.00     530.00 	 pPdiff 	 depth
    105.00       4.4389     907.86 	     pPdiff 
    110.00       4.4389     930.05 	     pPdiff 
    115.00       4.4389     952.25 	     pPdiff 
    120.00       4.4389     974.44 	     pPdiff 
    125.00       4.4389     996.64 	     pPdiff 
    130.00       4.4389    1018.83 	     pPdiff 
    135.00       4.4389    1041.03 	     pPdiff 
    140.00       4.4389    1063.22 	     pPdiff 
    540.00     540.00 	 pPdiff 	 depth
    105.00       4.4389     908.79 	     pPdiff 
    110.00       4.4389     930.98 	     pPdiff 
    115.00       4.4389     953.17 	     pPdiff 
    120.00       4.4389     975.37 	     pPdiff 
    125.00       4.4389     997.56 	     pPdiff 
    130.00       4.4389    1019.76 	     pPdiff 
    135.00       4.4389    1041.95 	     pPdiff 
    140.00       4.4389    1064.15 	     pPdiff 
    550.00     550.00 	 pPdiff 	 depth
    105.00       4.4389     909.71 	     pPdiff 
    110.00       4.4389     931.90 	     pPdiff 
    115.00       4.4389     954.10 	     pPdiff 
    120.00       4.4389     976.29 	     pPdiff 
    125.00       4.4389     998.48 	     pPdiff 
    130.00       4.4389    1020.68 	     pPdiff 
    135.00       4.4389    1042.87 	     pPdiff 
    140.00       4.4389    1065.07 	     pPdiff 
    560.00     560.00 	 pPdiff 	 depth
    105.00       4.4389     910.62 	     pPdiff 
    110.00       4.4389     932.82 	     pPdiff 
    115.00       4.4389     955.01 	     pPdiff 
    120.00       4.4389     977.21 	     pPdiff 
    125.00       4.4389     999.40 	     pPdiff 
    130.00       4.4389    1021.60 	     pPdiff 
    135.00       4.4389    1043.79 	     pPdiff 
    140.00       4.4389    1065.98 	     pPdiff 
    570.00     570.00 	 pPdiff 	 depth
    105.00       4.4389     911.53 	     pPdiff 
    110.00       4.4389     933.73 	     pPdiff 
    115.00       4.4389     955.92 	     pPdiff 
    120.00       4.4389     978.12 	     pPdiff 
    125.00       4.4389    1000.31 	     pPdiff 
    130.00       4.4389    1022.51 	     pPdiff 
    135.00       4.4389    1044.70 	     pPdiff 
    140.00       4.4389    1066.90 	     pPdiff 
    580.00     580.00 	 pPdiff 	 depth
    105.00       4.4389     912.44 	     pPdiff 
    110.00       4.4389     934.64 	     pPdiff 
    115.00       4.4389     956.83 	     pPdiff 
    120.00       4.4389     979.03 	     pPdiff 
    125.00       4.4389    1001.22 	     pPdiff 
    130.00       4.4389    1023.42 	     pPdiff 
    135.00       4.4389    1045.61 	     pPdiff 
    140.00       4.4389    1067.81 	     pPdiff 
    590.00     590.00 	 pPdiff 	 depth
    105.00       4.4389     913.35 	     pPdiff 
    110.00       4.4389     935.54 	     pPdiff 
    115.00       4.4389     957.74 	     pPdiff 
    120.00       4.4389     979.93 	     pPdiff 
    125.00       4.4389    1002.13 	     pPdiff 
    130.00       4.4389    1024.32 	     pPdiff 
    135.00       4.4389    1046.51 	     pPdiff 
    140.00       4.4389    1068.71 	     pPdiff 
    600.00     600.00 	 pPdiff 	 depth
    105.00       4.4389     914.25 	     pPdiff 
    110.00       4.4389     936.44 	     pPdiff 
    115.00       4.4389     958.64 	     pPdiff 
    120.00       4.4389     980.83 	     pPdiff 
    125.00       4.4389    1003.03 	     pPdiff 
    130.00       4.4389    1025.22 	     pPdiff 
    135.00       4.4389    1047.41 	     pPdiff 
    140.00       4.4389    1069.61 	     pPdiff 
    610.00     610.00 	 pPdiff 	 depth
    105.00       4.4389     915.14 	     pPdiff 
    110.00       4.4389     937.34 	     pPdiff 
    115.00       4.4389     959.53 	     pPdiff 
    120.00       4.4389     981.73 	     pPdiff 
    125.00       4.4389    1003.92 	     pPdiff 
    130.00       4.4389    1026.12 	     pPdiff 
    135.00       4.4389    1048.31 	     pPdiff 
    140.00       4.4389    1070.51 	     pPdiff 
    620.00     620.00 	 pPdiff 	 depth
    105.00       4.4389     916.03 	     pPdiff 
    110.00       4.4389     938.23 	     pPdiff 
    115.00       4.4389     960.42 	     pPdiff 
    120.00       4.4389     982.62 	     pPdiff 
    125.00       4.4389    1004.81 	     pPdiff 
    130.00       4.4389    1027.01 	     pPdiff 
    135.00       4.4389    1049.20 	     pPdiff 
    140.00       4.4389    1071.40 	     pPdiff 
    630.00     630.00 	 pPdiff 	 depth
    105.00       4.4389     916.92 	     pPdiff 
    110.00       4.4389     939.12 	     pPdiff 
    115.00       4.4389     961.31 	     pPdiff 
    120.00       4.4389     983.51 	     pPdiff 
    125.00       4.4389    1005.70 	     pPdiff 
    130.00       4.4389    1027.90 	     pPdiff 
    135.00       4.4389    1050.09 	     pPdiff 
    140.00       4.4389    1072.28 	     pPdiff 
    640.00     640.00 	 pPdiff 	 depth
    105.00       4.4389     917.81 	     pPdiff 
    110.00       4.4389     940.00 	     pPdiff 
    115.00       4.4389     962.20 	     pPdiff 
    120.00       4.4389     984.39 	     pPdiff 
    125.00       4.4389    1006.58 	     pPdiff 
    130.00       4.4389    1028.78 	     pPdiff 
    135.00       4.4389    1050.97 	     pPdiff 
    140.00       4.4389    1073.17 	     pPdiff 
    650.00     650.00 	 pPdiff 	 depth
    105.00       4.4389     918.69 	     pPdiff 
    110.00       4.4389     940.88 	     pPdiff 
    115.00       4.4389     963.08 	     pPdiff 
    120.00       4.4389     985.27 	     pPdiff 
    125.00       4.4389    1007.46 	     pPdiff 
    130.00       4.4389    1029.66 	     pPdiff 
    135.00       4.4389    1051.85 	     pPdiff 
    140.00       4.4389    1074.05 	     pPdiff 
    660.00     660.00 	 pPdiff 	 depth
    105.00       4.4389     919.56 	     pPdiff 
    110.00       4.4389     941.76 	     pPdiff 
    115.00       4.4389     963.95 	     pPdiff 
    120.00       4.4389     986.15 	     pPdiff 
    125.00       4.4389    1008.34 	     pPdiff 
    130.00       4.4389    1030.53 	     pPdiff 
    135.00       4.4389    1052.73 	     pPdiff 
    140.00       4.4389    1074.92 	     pPdiff 
    670.00     670.00 	 pPdiff 	 depth
    105.00       4.4389     920.37 	     pPdiff 
    110.00       4.4389     942.57 	     pPdiff 
    115.00       4.4389     964.76 	     pPdiff 
    120.00       4.4389     986.96 	     pPdiff 
    125.00       4.4389    1009.15 	     pPdiff 
    130.00       4.4389    1031.35 	     pPdiff 
    135.00       4.4389    1053.54 	     pPdiff 
    140.00       4.4389    1075.73 	     pPdiff 
    680.00     680.00 	 pPdiff 	 depth
    105.00       4.4389     921.18 	     pPdiff 
    110.00       4.4389     943.38 	     pPdiff 
    115.00       4.4389     965.57 	     pPdiff 
    120.00       4.4389     987.76 	     pPdiff 
    125.00       4.4389    1009.96 	     pPdiff 
    130.00       4.4389    1032.15 	     pPdiff 
    135.00       4.4389    1054.35 	     pPdiff 
    140.00       4.4389    1076.54 	     pPdiff 
    690.00     690.00 	 pPdiff 	 depth
    105.00       4.4389     921.99 	     pPdiff 
    110.00       4.4389     944.18 	     pPdiff 
    115.00       4.4389     966.38 	     pPdiff 
    120.00       4.4389     988.57 	     pPdiff 
    125.00       4.4389    1010.76 	     pPdiff 
    130.00       4.4389    1032.96 	     pPdiff 
    135.00       4.4389    1055.15 	     pPdiff 
    140.00       4.4389    1077.35 	     pPdiff 
    700.00     700.00 	 pPdiff 	 depth
    105.00       4.4389     922.79 	     pPdiff 
    110.00       4.4389     944.98 	     pPdiff 
    115.00       4.4389     967.18 	     pPdiff 
    120.00       4.4389     989.37 	     pPdiff 
    125.00       4.4389    1011.57 	     pPdiff 
    130.00       4.4389    1033.76 	     pPdiff 
    135.00       4.4389    1055.96 	     pPdiff 
    140.00       4.4389    1078.15 	     pPdiff 
